12:36:44.367 [main                     ] DEBUG GameApplication      - Logger initialized
12:36:44.372 [main                     ] DEBUG GameApplication      - Logging settings
Title: MooseGame
Version: 0.2
Width: 600
Height: 900
Fullscreen: false
Intro: false
Menus: true
Profiling: false
Single step:false
App Mode: DEVELOPER
Menu Key: ESCAPE
Stage Style: DECORATED
Scene Factory: class com.almasb.fxgl.app.scene.SceneFactory

12:36:44.770 [JavaFX Application Thread] DEBUG GameApplication      - Initializing FXGL
12:36:44.777 [JavaFX Application Thread] INFO  Engine               - FXGL-11.8 (08.03.2020 09.09) on WINDOWS (J:14.0.1 FX:13.0.2)
12:36:44.777 [JavaFX Application Thread] INFO  Engine               - Source code and latest versions at: https://github.com/AlmasB/FXGL
12:36:44.778 [JavaFX Application Thread] INFO  Engine               -              Join the FXGL chat at: https://gitter.im/AlmasB/FXGL
12:36:44.902 [JavaFX Application Thread] DEBUG MainWindow           - Creating a JavaFX scene
12:36:44.962 [JavaFX Application Thread] DEBUG MainWindow           - Target settings size: 600.0 x 900.0
12:36:44.963 [JavaFX Application Thread] DEBUG MainWindow           - Scaled scene size:    600.0 x 900.0
12:36:44.963 [JavaFX Application Thread] DEBUG MainWindow           - Scaled ratio: (1.0, 1.0)
12:36:44.964 [JavaFX Application Thread] DEBUG MainWindow           - Set initial scene to FXGLStartupScene
12:36:44.969 [JavaFX Application Thread] DEBUG MainWindow           - Opening main window
12:36:45.043 [JavaFX Application Thread] DEBUG MainWindow           - Window border size: (16.0, 39.0)
12:36:45.043 [JavaFX Application Thread] DEBUG MainWindow           - Scaled size: 600.0 x 900.0
12:36:45.044 [JavaFX Application Thread] DEBUG MainWindow           - Scaled ratio: (1.0, 1.0)
12:36:45.044 [JavaFX Application Thread] DEBUG MainWindow           - Scene size: 600.0 x 900.0
12:36:45.044 [JavaFX Application Thread] DEBUG MainWindow           - Stage size: 616.0 x 939.0
12:36:45.051 [FXGL Background Thread 1 ] DEBUG Engine               - Initializing environment variables
12:36:45.073 [FXGL Background Thread 1 ] DEBUG WindowService        - Applying CSS: fxgl_dark.css
12:36:45.074 [FXGL Background Thread 1 ] DEBUG AssetLoaderService   - Loading from file system: /assets/ui/css/fxgl_dark.css
12:36:45.107 [FXGL Background Thread 1 ] DEBUG WindowService        - Initializing application scenes
12:36:45.135 [FXGL Background Thread 1 ] DEBUG GameWorld            - Game world initialized
12:36:45.170 [FXGL Background Thread 1 ] DEBUG PhysicsWorld         - Physics world initialized: appHeight=900, physics.ppm=50.0
12:36:45.172 [FXGL Background Thread 1 ] DEBUG GameScene            - Game scene initialized: 600x900
12:36:45.197 [FXGL Background Thread 1 ] DEBUG AssetLoaderService   - Loading from file system: /assets/textures/particles/trace_horizontal.png
12:36:45.241 [FXGL Background Thread 1 ] WARN  FXGL.DefaultMenu     - FXGLDefaultMenu is not designed for resolutions < 800x600
12:36:45.241 [FXGL Background Thread 1 ] DEBUG FXGL.DefaultMenu     - createMenuBodyMainMenu()
12:36:45.254 [FXGL Background Thread 1 ] DEBUG FXGL.DefaultMenu     - createOptionsMenu()
12:36:45.258 [FXGL Background Thread 1 ] DEBUG AssetLoaderService   - Loading from file system: /assets/textures/particles/smoke.png
12:36:45.312 [FXGL Background Thread 1 ] DEBUG AssetLoaderService   - Loading from cache: /assets/textures/particles/trace_horizontal.png@64.0x64.0
12:36:45.312 [FXGL Background Thread 1 ] WARN  FXGL.DefaultMenu     - FXGLDefaultMenu is not designed for resolutions < 800x600
12:36:45.312 [FXGL Background Thread 1 ] DEBUG FXGL.DefaultMenu     - createMenuBodyGameMenu()
12:36:45.313 [FXGL Background Thread 1 ] DEBUG FXGL.DefaultMenu     - createOptionsMenu()
12:36:45.315 [FXGL Background Thread 1 ] DEBUG AssetLoaderService   - Loading from cache: /assets/textures/particles/smoke.png@128.0x128.0
12:36:45.327 [FXGL Background Thread 1 ] DEBUG WindowService        - Application scenes initialized
12:36:45.333 [FXGL Background Thread 1 ] DEBUG SystemBundleService  - Loading FXGL system data
12:36:45.336 [FXGL Background Thread 1 ] DEBUG FileSystemAccess     - Reading from: C:\Users\micha\Desktop\JavaMooseGame\system\fxgl.bundle
12:36:45.342 [FXGL Background Thread 1 ] DEBUG SystemBundleService  - Bundle FXGL: {}
12:36:45.342 [FXGL Background Thread 1 ] INFO  Engine               - FXGL initialization took: 0.290 sec
12:36:45.343 [FXGL Background Thread 1 ] DEBUG GameApplication      - Loading localizations
12:36:45.343 [FXGL Background Thread 1 ] DEBUG AssetLoaderService   - Loading from file system: /assets/properties/languages/english.properties
12:36:45.345 [FXGL Background Thread 1 ] DEBUG AssetLoaderService   - Loading from file system: /assets/properties/languages/french.properties
12:36:45.346 [FXGL Background Thread 1 ] DEBUG AssetLoaderService   - Loading from file system: /assets/properties/languages/german.properties
12:36:45.346 [FXGL Background Thread 1 ] DEBUG AssetLoaderService   - Loading from file system: /assets/properties/languages/hungarian.properties
12:36:45.347 [FXGL Background Thread 1 ] DEBUG AssetLoaderService   - Loading from file system: /assets/properties/languages/russian.properties
12:36:45.348 [FXGL Background Thread 1 ] DEBUG GameApplication      - Registering font factories with UI factory
12:36:45.348 [FXGL Background Thread 1 ] DEBUG AssetLoaderService   - Loading from file system: /assets/ui/fonts/VarelaRound-Regular.ttf
12:36:45.390 [FXGL Background Thread 1 ] DEBUG AssetLoaderService   - Loading from file system: /assets/ui/fonts/Abel-Regular.ttf
12:36:45.398 [FXGL Background Thread 1 ] DEBUG AssetLoaderService   - Loading from file system: /assets/ui/fonts/lucida_console.ttf
12:36:45.406 [FXGL Background Thread 1 ] DEBUG AssetLoaderService   - Loading from file system: /assets/ui/fonts/Courier-Prime.ttf
12:36:45.422 [JavaFX Application Thread] DEBUG Input                - Registered new binding: action0 - A
12:36:45.422 [JavaFX Application Thread] DEBUG Input                - Registered new binding: action1 - S
12:36:45.422 [JavaFX Application Thread] DEBUG Input                - Registered new binding: action2 - D
12:36:45.422 [JavaFX Application Thread] DEBUG Input                - Registered new binding: action3 - W
12:36:45.423 [JavaFX Application Thread] DEBUG Input                - Registered new binding: action4 - Space
12:36:45.423 [JavaFX Application Thread] DEBUG Input                - Registered new binding: action5 - Left
12:36:45.423 [JavaFX Application Thread] DEBUG Input                - Registered new binding: action6 - Down
12:36:45.423 [JavaFX Application Thread] DEBUG Input                - Registered new binding: action7 - Right
12:36:45.423 [JavaFX Application Thread] DEBUG Input                - Registered new binding: action8 - Up
12:36:45.423 [JavaFX Application Thread] DEBUG AssetLoaderService   - Loading from file system: /assets/textures/fxgl_icon.png
12:36:45.439 [JavaFX Application Thread] DEBUG AssetLoaderService   - Loading from file system: /assets/ui/cursors/fxgl_default.png
12:36:45.440 [JavaFX Application Thread] DEBUG Input                - Registered new binding: Screenshot - P
12:36:45.441 [JavaFX Application Thread] DEBUG Input                - Registered new binding: System info dump - CTRL+9
12:36:45.441 [JavaFX Application Thread] DEBUG Input                - Registered new binding: Restart - CTRL+R
12:36:45.442 [JavaFX Application Thread] DEBUG LoopRunner           - Starting loop
12:36:45.448 [JavaFX Application Thread] DEBUG FXGLStartupScene     - STARTUP
12:36:45.451 [JavaFX Application Thread] DEBUG Input                - Clearing active input actions
12:36:45.465 [JavaFX Application Thread] DEBUG WindowService        - Removing overlay from FXGLStartupScene and adding to FXGLDefaultMenu
12:36:45.466 [JavaFX Application Thread] DEBUG MainWindow           - FXGLStartupScene -> FXGLDefaultMenu
12:36:46.107 [JavaFX Application Thread] DEBUG GameApplication      - Exiting FXGL
12:36:46.107 [JavaFX Application Thread] DEBUG LoopRunner           - Stopping loop
12:36:46.108 [JavaFX Application Thread] DEBUG SystemBundleService  - Saving FXGL system data
12:36:46.109 [JavaFX Application Thread] DEBUG FileSystemAccess     - Writing to: C:\Users\micha\Desktop\JavaMooseGame\system\fxgl.bundle
12:36:46.111 [JavaFX Application Thread] DEBUG GameApplication      - Shutting down background threads
12:36:46.111 [JavaFX Application Thread] DEBUG GameApplication      - Closing logger and exiting JavaFX
