20:59:24.427 [main                     ] DEBUG GameApplication      - Logger initialized
20:59:24.432 [main                     ] DEBUG GameApplication      - Logging settings
Title: MooseGame
Version: 0.2
Width: 600
Height: 900
Fullscreen: false
Intro: false
Menus: true
Profiling: false
Single step:false
App Mode: DEVELOPER
Menu Key: ESCAPE
Stage Style: DECORATED
Scene Factory: class com.almasb.fxgl.app.scene.SceneFactory

20:59:24.748 [JavaFX Application Thread] DEBUG GameApplication      - Initializing FXGL
20:59:24.755 [JavaFX Application Thread] INFO  Engine               - FXGL-11.8 (08.03.2020 09.09) on WINDOWS (J:14.0.1 FX:13.0.2)
20:59:24.755 [JavaFX Application Thread] INFO  Engine               - Source code and latest versions at: https://github.com/AlmasB/FXGL
20:59:24.755 [JavaFX Application Thread] INFO  Engine               -              Join the FXGL chat at: https://gitter.im/AlmasB/FXGL
20:59:24.856 [JavaFX Application Thread] DEBUG MainWindow           - Creating a JavaFX scene
20:59:24.895 [JavaFX Application Thread] DEBUG MainWindow           - Target settings size: 600.0 x 900.0
20:59:24.895 [JavaFX Application Thread] DEBUG MainWindow           - Scaled scene size:    600.0 x 900.0
20:59:24.895 [JavaFX Application Thread] DEBUG MainWindow           - Scaled ratio: (1.0, 1.0)
20:59:24.896 [JavaFX Application Thread] DEBUG MainWindow           - Set initial scene to FXGLStartupScene
20:59:24.902 [JavaFX Application Thread] DEBUG MainWindow           - Opening main window
20:59:24.973 [JavaFX Application Thread] DEBUG MainWindow           - Window border size: (16.0, 39.0)
20:59:24.973 [JavaFX Application Thread] DEBUG MainWindow           - Scaled size: 600.0 x 900.0
20:59:24.973 [JavaFX Application Thread] DEBUG MainWindow           - Scaled ratio: (1.0, 1.0)
20:59:24.973 [JavaFX Application Thread] DEBUG MainWindow           - Scene size: 600.0 x 900.0
20:59:24.973 [JavaFX Application Thread] DEBUG MainWindow           - Stage size: 616.0 x 939.0
20:59:24.979 [FXGL Background Thread 1 ] DEBUG Engine               - Initializing environment variables
20:59:25.002 [FXGL Background Thread 1 ] DEBUG WindowService        - Applying CSS: fxgl_dark.css
20:59:25.003 [FXGL Background Thread 1 ] DEBUG AssetLoaderService   - Loading from file system: /assets/ui/css/fxgl_dark.css
20:59:25.037 [FXGL Background Thread 1 ] DEBUG WindowService        - Initializing application scenes
20:59:25.063 [FXGL Background Thread 1 ] DEBUG GameWorld            - Game world initialized
20:59:25.090 [FXGL Background Thread 1 ] DEBUG PhysicsWorld         - Physics world initialized: appHeight=900, physics.ppm=50.0
20:59:25.092 [FXGL Background Thread 1 ] DEBUG GameScene            - Game scene initialized: 600x900
20:59:25.112 [FXGL Background Thread 1 ] DEBUG AssetLoaderService   - Loading from file system: /assets/textures/particles/trace_horizontal.png
20:59:25.155 [FXGL Background Thread 1 ] WARN  FXGL.DefaultMenu     - FXGLDefaultMenu is not designed for resolutions < 800x600
20:59:25.155 [FXGL Background Thread 1 ] DEBUG FXGL.DefaultMenu     - createMenuBodyMainMenu()
20:59:25.166 [FXGL Background Thread 1 ] DEBUG FXGL.DefaultMenu     - createOptionsMenu()
20:59:25.170 [FXGL Background Thread 1 ] DEBUG AssetLoaderService   - Loading from file system: /assets/textures/particles/smoke.png
20:59:25.216 [FXGL Background Thread 1 ] DEBUG AssetLoaderService   - Loading from cache: /assets/textures/particles/trace_horizontal.png@64.0x64.0
20:59:25.216 [FXGL Background Thread 1 ] WARN  FXGL.DefaultMenu     - FXGLDefaultMenu is not designed for resolutions < 800x600
20:59:25.216 [FXGL Background Thread 1 ] DEBUG FXGL.DefaultMenu     - createMenuBodyGameMenu()
20:59:25.217 [FXGL Background Thread 1 ] DEBUG FXGL.DefaultMenu     - createOptionsMenu()
20:59:25.219 [FXGL Background Thread 1 ] DEBUG AssetLoaderService   - Loading from cache: /assets/textures/particles/smoke.png@128.0x128.0
20:59:25.229 [FXGL Background Thread 1 ] DEBUG WindowService        - Application scenes initialized
20:59:25.234 [FXGL Background Thread 1 ] DEBUG SystemBundleService  - Loading FXGL system data
20:59:25.238 [FXGL Background Thread 1 ] DEBUG FileSystemAccess     - Reading from: C:\Users\micha\Desktop\JavaMooseGame\system\fxgl.bundle
20:59:25.242 [FXGL Background Thread 1 ] DEBUG SystemBundleService  - Bundle FXGL: {}
20:59:25.242 [FXGL Background Thread 1 ] INFO  Engine               - FXGL initialization took: 0.261 sec
20:59:25.244 [FXGL Background Thread 1 ] DEBUG GameApplication      - Loading localizations
20:59:25.244 [FXGL Background Thread 1 ] DEBUG AssetLoaderService   - Loading from file system: /assets/properties/languages/english.properties
20:59:25.245 [FXGL Background Thread 1 ] DEBUG AssetLoaderService   - Loading from file system: /assets/properties/languages/french.properties
20:59:25.246 [FXGL Background Thread 1 ] DEBUG AssetLoaderService   - Loading from file system: /assets/properties/languages/german.properties
20:59:25.247 [FXGL Background Thread 1 ] DEBUG AssetLoaderService   - Loading from file system: /assets/properties/languages/hungarian.properties
20:59:25.248 [FXGL Background Thread 1 ] DEBUG AssetLoaderService   - Loading from file system: /assets/properties/languages/russian.properties
20:59:25.249 [FXGL Background Thread 1 ] DEBUG GameApplication      - Registering font factories with UI factory
20:59:25.249 [FXGL Background Thread 1 ] DEBUG AssetLoaderService   - Loading from file system: /assets/ui/fonts/VarelaRound-Regular.ttf
20:59:25.290 [FXGL Background Thread 1 ] DEBUG AssetLoaderService   - Loading from file system: /assets/ui/fonts/Abel-Regular.ttf
20:59:25.298 [FXGL Background Thread 1 ] DEBUG AssetLoaderService   - Loading from file system: /assets/ui/fonts/lucida_console.ttf
20:59:25.306 [FXGL Background Thread 1 ] DEBUG AssetLoaderService   - Loading from file system: /assets/ui/fonts/Courier-Prime.ttf
20:59:25.320 [JavaFX Application Thread] DEBUG Input                - Registered new binding: action0 - A
20:59:25.321 [JavaFX Application Thread] DEBUG Input                - Registered new binding: action1 - S
20:59:25.321 [JavaFX Application Thread] DEBUG Input                - Registered new binding: action2 - D
20:59:25.321 [JavaFX Application Thread] DEBUG Input                - Registered new binding: action3 - W
20:59:25.321 [JavaFX Application Thread] DEBUG Input                - Registered new binding: action4 - Space
20:59:25.321 [JavaFX Application Thread] DEBUG Input                - Registered new binding: action5 - Left
20:59:25.322 [JavaFX Application Thread] DEBUG Input                - Registered new binding: action6 - Down
20:59:25.322 [JavaFX Application Thread] DEBUG Input                - Registered new binding: action7 - Right
20:59:25.322 [JavaFX Application Thread] DEBUG Input                - Registered new binding: action8 - Up
20:59:25.322 [JavaFX Application Thread] DEBUG AssetLoaderService   - Loading from file system: /assets/textures/fxgl_icon.png
20:59:25.339 [JavaFX Application Thread] DEBUG AssetLoaderService   - Loading from file system: /assets/ui/cursors/fxgl_default.png
20:59:25.340 [JavaFX Application Thread] DEBUG Input                - Registered new binding: Screenshot - P
20:59:25.340 [JavaFX Application Thread] DEBUG Input                - Registered new binding: System info dump - CTRL+9
20:59:25.341 [JavaFX Application Thread] DEBUG Input                - Registered new binding: Restart - CTRL+R
20:59:25.341 [JavaFX Application Thread] DEBUG LoopRunner           - Starting loop
20:59:25.346 [JavaFX Application Thread] DEBUG FXGLStartupScene     - STARTUP
20:59:25.349 [JavaFX Application Thread] DEBUG Input                - Clearing active input actions
20:59:25.365 [JavaFX Application Thread] DEBUG WindowService        - Removing overlay from FXGLStartupScene and adding to FXGLDefaultMenu
20:59:25.365 [JavaFX Application Thread] DEBUG MainWindow           - FXGLStartupScene -> FXGLDefaultMenu
20:59:26.870 [JavaFX Application Thread] DEBUG Menu                 - fireNewGame()
20:59:26.870 [JavaFX Application Thread] DEBUG WindowService        - Starting new game
20:59:26.870 [JavaFX Application Thread] DEBUG Input                - Clearing active input actions
20:59:26.881 [JavaFX Application Thread] DEBUG WindowService        - Removing overlay from FXGLDefaultMenu and adding to FXGLLoadingScene
20:59:26.881 [JavaFX Application Thread] DEBUG MainWindow           - FXGLDefaultMenu -> FXGLLoadingScene
20:59:26.881 [JavaFX Application Thread] DEBUG WindowService        - Clearing previous game
20:59:26.881 [JavaFX Application Thread] DEBUG GameScene            - Clearing game scene
20:59:26.881 [JavaFX Application Thread] DEBUG GameWorld            - Clearing game world
20:59:26.882 [JavaFX Application Thread] DEBUG PhysicsWorld         - Clearing physics world
20:59:26.883 [FXGL Background Thread 1 ] DEBUG GameApplication      - Initializing game
20:59:26.889 [FXGL Background Thread 1 ] DEBUG AssetLoaderService   - Loading from file system: /assets/textures/road_with_patches.png
20:59:26.898 [FXGL Background Thread 1 ] DEBUG AssetLoaderService   - Loading from cache: /assets/textures/road_with_patches.png
20:59:26.898 [FXGL Background Thread 1 ] DEBUG AssetLoaderService   - Loading from file system: /assets/textures/Car_Audi_Sport_Quattro_86x145.png
20:59:26.909 [FXGL Background Thread 1 ] DEBUG AssetLoaderService   - Loading from file system: /assets/ui/moosegame_ui.fxml
20:59:26.972 [FXGL Background Thread 1 ] INFO  GameApplication      - Game initialization took: 0.089 sec
20:59:26.973 [JavaFX Application Thread] DEBUG Input                - Clearing active input actions
20:59:26.980 [JavaFX Application Thread] DEBUG WindowService        - Removing overlay from FXGLLoadingScene and adding to GameScene
20:59:26.980 [JavaFX Application Thread] DEBUG MainWindow           - FXGLLoadingScene -> GameScene
20:59:28.243 [FXGL Background Thread 2 ] DEBUG Engine               - Logging environment variables
20:59:28.243 [FXGL Background Thread 2 ] DEBUG Engine               - achievements: []
20:59:28.243 [FXGL Background Thread 2 ] DEBUG Engine               - language: ObjectProperty [value: ENGLISH]
20:59:28.243 [FXGL Background Thread 2 ] DEBUG Engine               - isCloseConfirmation: false
20:59:28.243 [FXGL Background Thread 2 ] DEBUG Engine               - isProfilingEnabled: false
20:59:28.243 [FXGL Background Thread 2 ] DEBUG Engine               - soundNotification: core/notification.wav
20:59:28.244 [FXGL Background Thread 2 ] DEBUG Engine               - devShowBBoxProperty: BooleanProperty [value: false]
20:59:28.244 [FXGL Background Thread 2 ] DEBUG Engine               - pixelsPerMeter: 50.0
20:59:28.244 [FXGL Background Thread 2 ] DEBUG Engine               - soundMenuBack: menu/back.wav
20:59:28.244 [FXGL Background Thread 2 ] DEBUG Engine               - appIcon: fxgl_icon.png
20:59:28.244 [FXGL Background Thread 2 ] DEBUG Engine               - isFullScreenAllowed: false
20:59:28.244 [FXGL Background Thread 2 ] DEBUG Engine               - isIntroEnabled: false
20:59:28.244 [FXGL Background Thread 2 ] DEBUG Engine               - fontMono: lucida_console.ttf
20:59:28.244 [FXGL Background Thread 2 ] DEBUG Engine               - soundMenuSelect: menu/select.wav
20:59:28.244 [FXGL Background Thread 2 ] DEBUG Engine               - isWindows: true
20:59:28.244 [FXGL Background Thread 2 ] DEBUG Engine               - isUserProfileEnabled: false
20:59:28.244 [FXGL Background Thread 2 ] DEBUG Engine               - isMobile: false
20:59:28.244 [FXGL Background Thread 2 ] DEBUG Engine               - height: 900
20:59:28.244 [FXGL Background Thread 2 ] DEBUG Engine               - isExperimentalNative: false
20:59:28.244 [FXGL Background Thread 2 ] DEBUG Engine               - settings: Title: MooseGame
Version: 0.2
Width: 600
Height: 900
Fullscreen: false
Intro: false
Menus: true
Profiling: false
Single step:false
App Mode: DEVELOPER
Menu Key: ESCAPE
Stage Style: DECORATED
Scene Factory: class com.almasb.fxgl.app.scene.SceneFactory

20:59:28.244 [FXGL Background Thread 2 ] DEBUG Engine               - isSingleStep: false
20:59:28.244 [FXGL Background Thread 2 ] DEBUG Engine               - cSSList: [fxgl_dark.css]
20:59:28.244 [FXGL Background Thread 2 ] DEBUG Engine               - fontGame: Abel-Regular.ttf
20:59:28.244 [FXGL Background Thread 2 ] DEBUG Engine               - menuKey: ESCAPE
20:59:28.245 [FXGL Background Thread 2 ] DEBUG Engine               - devShowPositionProperty: BooleanProperty [value: false]
20:59:28.245 [FXGL Background Thread 2 ] DEBUG Engine               - versionCheckDays: 7
20:59:28.245 [FXGL Background Thread 2 ] DEBUG Engine               - configClass: Optional.empty
20:59:28.245 [FXGL Background Thread 2 ] DEBUG Engine               - isFullScreenFromStart: false
20:59:28.245 [FXGL Background Thread 2 ] DEBUG Engine               - version: 0.2
20:59:28.245 [FXGL Background Thread 2 ] DEBUG Engine               - fullScreen: BooleanProperty [value: false]
20:59:28.245 [FXGL Background Thread 2 ] DEBUG Engine               - randomSeed: -1
20:59:28.245 [FXGL Background Thread 2 ] DEBUG Engine               - gameDifficultyProperty: ObjectProperty [value: MEDIUM]
20:59:28.245 [FXGL Background Thread 2 ] DEBUG Engine               - applicationMode: DEVELOPER
20:59:28.245 [FXGL Background Thread 2 ] DEBUG Engine               - isMac: false
20:59:28.245 [FXGL Background Thread 2 ] DEBUG Engine               - isMenuEnabled: true
20:59:28.245 [FXGL Background Thread 2 ] DEBUG Engine               - urlPOM: https://raw.githubusercontent.com/AlmasB/FXGL/master/pom.xml
20:59:28.245 [FXGL Background Thread 2 ] DEBUG Engine               - profileName: StringProperty [value: DEFAULT]
20:59:28.245 [FXGL Background Thread 2 ] DEBUG Engine               - notificationViewClass: class com.almasb.fxgl.notification.view.XboxNotificationView
20:59:28.245 [FXGL Background Thread 2 ] DEBUG Engine               - devSensorColorProperty: ObjectProperty [value: 0xffff00ff]
20:59:28.245 [FXGL Background Thread 2 ] DEBUG Engine               - sceneFactory: com.almasb.fxgl.app.scene.SceneFactory@21796b40
20:59:28.245 [FXGL Background Thread 2 ] DEBUG Engine               - stageStyle: DECORATED
20:59:28.245 [FXGL Background Thread 2 ] DEBUG Engine               - isManualResizeEnabled: false
20:59:28.246 [FXGL Background Thread 2 ] DEBUG Engine               - title: MooseGame
20:59:28.246 [FXGL Background Thread 2 ] DEBUG Engine               - platform: WINDOWS
20:59:28.246 [FXGL Background Thread 2 ] DEBUG Engine               - devBBoxColorProperty: ObjectProperty [value: 0xff0000ff]
20:59:28.246 [FXGL Background Thread 2 ] DEBUG Engine               - gameDifficulty: MEDIUM
20:59:28.246 [FXGL Background Thread 2 ] DEBUG Engine               - isDesktop: true
20:59:28.246 [FXGL Background Thread 2 ] DEBUG Engine               - supportedLanguages: [ENGLISH, FRENCH, GERMAN, HUNGARIAN, RUSSIAN]
20:59:28.246 [FXGL Background Thread 2 ] DEBUG Engine               - credits: []
20:59:28.246 [FXGL Background Thread 2 ] DEBUG Engine               - globalMusicVolumeProperty: DoubleProperty [value: 0.5]
20:59:28.246 [FXGL Background Thread 2 ] DEBUG Engine               - isPreserveResizeRatio: false
20:59:28.246 [FXGL Background Thread 2 ] DEBUG Engine               - fontText: Courier-Prime.ttf
20:59:28.246 [FXGL Background Thread 2 ] DEBUG Engine               - isExperimentalTiledLargeMap: false
20:59:28.246 [FXGL Background Thread 2 ] DEBUG Engine               - secondsIn24h: 60
20:59:28.246 [FXGL Background Thread 2 ] DEBUG Engine               - runtimeInfo: RuntimeInfo(platform=WINDOWS, version=11.8, build=08.03.2020 09.09)
20:59:28.246 [FXGL Background Thread 2 ] DEBUG Engine               - isLinux: false
20:59:28.246 [FXGL Background Thread 2 ] DEBUG Engine               - soundMenuPress: menu/press.wav
20:59:28.246 [FXGL Background Thread 2 ] DEBUG Engine               - urlGithub: https://github.com/AlmasB/FXGL
20:59:28.246 [FXGL Background Thread 2 ] DEBUG Engine               - profileDir: profiles/
20:59:28.246 [FXGL Background Thread 2 ] DEBUG Engine               - isDeveloperMenuEnabled: false
20:59:28.246 [FXGL Background Thread 2 ] DEBUG Engine               - globalSoundVolumeProperty: DoubleProperty [value: 0.5]
20:59:28.246 [FXGL Background Thread 2 ] DEBUG Engine               - mainWindow: com.almasb.fxgl.app.MainWindow@2546fbb7
20:59:28.246 [FXGL Background Thread 2 ] DEBUG Engine               - isBrowser: false
20:59:28.246 [FXGL Background Thread 2 ] DEBUG Engine               - globalSoundVolume: 0.5
20:59:28.247 [FXGL Background Thread 2 ] DEBUG Engine               - urlLeaderboard: http://fxgl-top.herokuapp.com/
20:59:28.247 [FXGL Background Thread 2 ] DEBUG Engine               - engineServices: [class com.almasb.fxgl.app.GameApplication$GameApplicationService, class com.almasb.fxgl.app.services.WindowService, class com.almasb.fxgl.app.services.FXGLDialogService, class com.almasb.fxgl.app.services.IOTaskExecutorService, class com.almasb.fxgl.event.EventBusService, class com.almasb.fxgl.io.FileSystemService, class com.almasb.fxgl.localization.LocalizationService, class com.almasb.fxgl.app.services.AssetLoaderService, class com.almasb.fxgl.app.services.SystemBundleService, class com.almasb.fxgl.profile.SaveLoadService, class com.almasb.fxgl.ui.FXGLUIFactoryServiceProvider, class com.almasb.fxgl.ui.FXGLDialogFactoryServiceProvider, class com.almasb.fxgl.audio.AudioPlayer, class com.almasb.fxgl.notification.impl.NotificationServiceProvider, class com.almasb.fxgl.achievement.AchievementService, class com.almasb.fxgl.cutscene.CutsceneService, class com.almasb.fxgl.minigames.MiniGameService, class com.almasb.fxgl.net.NetService, class com.almasb.fxgl.app.services.UpdaterService]
20:59:28.247 [FXGL Background Thread 2 ] DEBUG Engine               - globalMusicVolume: 0.5
20:59:28.247 [FXGL Background Thread 2 ] DEBUG Engine               - width: 600
20:59:28.247 [FXGL Background Thread 2 ] DEBUG Engine               - saveFileExt: sav
20:59:28.247 [FXGL Background Thread 2 ] DEBUG Engine               - isAndroid: false
20:59:28.247 [FXGL Background Thread 2 ] DEBUG Engine               - fontUI: VarelaRound-Regular.ttf
20:59:28.247 [FXGL Background Thread 2 ] DEBUG Engine               - enabledMenuItems: []
20:59:28.247 [FXGL Background Thread 2 ] DEBUG Engine               - isIOS: false
20:59:28.247 [FXGL Background Thread 2 ] DEBUG Engine               - Logging services
20:59:28.247 [FXGL Background Thread 2 ] DEBUG Engine               - class com.almasb.fxgl.app.GameApplication$GameApplicationService
20:59:28.247 [FXGL Background Thread 2 ] DEBUG Engine               - class com.almasb.fxgl.app.services.WindowService
20:59:28.247 [FXGL Background Thread 2 ] DEBUG Engine               - class com.almasb.fxgl.app.services.FXGLDialogService
20:59:28.247 [FXGL Background Thread 2 ] DEBUG Engine               - class com.almasb.fxgl.app.services.IOTaskExecutorService
20:59:28.247 [FXGL Background Thread 2 ] DEBUG Engine               - class com.almasb.fxgl.event.EventBusService
20:59:28.247 [FXGL Background Thread 2 ] DEBUG Engine               - class com.almasb.fxgl.io.FileSystemService
20:59:28.247 [FXGL Background Thread 2 ] DEBUG Engine               - class com.almasb.fxgl.localization.LocalizationService
20:59:28.247 [FXGL Background Thread 2 ] DEBUG Engine               - class com.almasb.fxgl.app.services.AssetLoaderService
20:59:28.247 [FXGL Background Thread 2 ] DEBUG Engine               - class com.almasb.fxgl.app.services.SystemBundleService
20:59:28.247 [FXGL Background Thread 2 ] DEBUG Engine               - class com.almasb.fxgl.profile.SaveLoadService
20:59:28.248 [FXGL Background Thread 2 ] DEBUG Engine               - class com.almasb.fxgl.ui.FXGLUIFactoryServiceProvider
20:59:28.248 [FXGL Background Thread 2 ] DEBUG Engine               - class com.almasb.fxgl.ui.FXGLDialogFactoryServiceProvider
20:59:28.248 [FXGL Background Thread 2 ] DEBUG Engine               - class com.almasb.fxgl.audio.AudioPlayer
20:59:28.248 [FXGL Background Thread 2 ] DEBUG Engine               - class com.almasb.fxgl.notification.impl.NotificationServiceProvider
20:59:28.248 [FXGL Background Thread 2 ] DEBUG Engine               - class com.almasb.fxgl.achievement.AchievementService
20:59:28.248 [FXGL Background Thread 2 ] DEBUG Engine               - class com.almasb.fxgl.cutscene.CutsceneService
20:59:28.248 [FXGL Background Thread 2 ] DEBUG Engine               - class com.almasb.fxgl.minigames.MiniGameService
20:59:28.248 [FXGL Background Thread 2 ] DEBUG Engine               - class com.almasb.fxgl.net.NetService
20:59:28.248 [FXGL Background Thread 2 ] DEBUG Engine               - class com.almasb.fxgl.app.services.UpdaterService
20:59:29.072 [JavaFX Application Thread] DEBUG AssetLoaderService   - Loading from file system: /assets/textures/potHole.png
20:59:31.161 [JavaFX Application Thread] DEBUG AssetLoaderService   - Loading from file system: /assets/textures/moose.png
20:59:31.177 [JavaFX Application Thread] DEBUG AssetLoaderService   - Loading from cache: /assets/textures/potHole.png
20:59:32.141 [JavaFX Application Thread] DEBUG MainWindow           - Push state: DialogSubScene
20:59:32.141 [JavaFX Application Thread] DEBUG Input                - Clearing active input actions
20:59:32.143 [JavaFX Application Thread] DEBUG WindowService        - Removing overlay from GameScene and adding to DialogSubScene
20:59:32.143 [JavaFX Application Thread] DEBUG MainWindow           - GameScene -> DialogSubScene
20:59:33.915 [JavaFX Application Thread] DEBUG MainWindow           - Pop state: DialogSubScene
20:59:33.916 [JavaFX Application Thread] DEBUG Input                - Clearing active input actions
20:59:33.916 [JavaFX Application Thread] DEBUG WindowService        - Removing overlay from DialogSubScene and adding to GameScene
20:59:33.916 [JavaFX Application Thread] DEBUG MainWindow           - GameScene <- DialogSubScene
20:59:35.023 [JavaFX Application Thread] DEBUG AssetLoaderService   - Loading from cache: /assets/textures/potHole.png
20:59:37.103 [JavaFX Application Thread] DEBUG AssetLoaderService   - Loading from cache: /assets/textures/moose.png
20:59:37.119 [JavaFX Application Thread] DEBUG AssetLoaderService   - Loading from cache: /assets/textures/potHole.png
20:59:38.071 [JavaFX Application Thread] DEBUG MainWindow           - Push state: DialogSubScene
20:59:38.071 [JavaFX Application Thread] DEBUG Input                - Clearing active input actions
20:59:38.072 [JavaFX Application Thread] DEBUG WindowService        - Removing overlay from GameScene and adding to DialogSubScene
20:59:38.072 [JavaFX Application Thread] DEBUG MainWindow           - GameScene -> DialogSubScene
21:03:23.661 [JavaFX Application Thread] DEBUG MainWindow           - Pop state: DialogSubScene
21:03:23.661 [JavaFX Application Thread] DEBUG Input                - Clearing active input actions
21:03:23.661 [JavaFX Application Thread] DEBUG WindowService        - Removing overlay from DialogSubScene and adding to GameScene
21:03:23.662 [JavaFX Application Thread] DEBUG MainWindow           - GameScene <- DialogSubScene
21:03:24.486 [JavaFX Application Thread] DEBUG Input                - Clearing active input actions
21:03:24.491 [JavaFX Application Thread] DEBUG WindowService        - Removing overlay from GameScene and adding to FXGLDefaultMenu
21:03:24.491 [JavaFX Application Thread] DEBUG MainWindow           - GameScene -> FXGLDefaultMenu
21:03:26.281 [JavaFX Application Thread] DEBUG Menu                 - fireExitToMainMenu()
21:03:26.283 [JavaFX Application Thread] DEBUG MainWindow           - Push state: DialogSubScene
21:03:26.283 [JavaFX Application Thread] DEBUG Input                - Clearing active input actions
21:03:26.284 [JavaFX Application Thread] DEBUG WindowService        - Removing overlay from FXGLDefaultMenu and adding to DialogSubScene
21:03:26.284 [JavaFX Application Thread] DEBUG MainWindow           - FXGLDefaultMenu -> DialogSubScene
21:03:27.033 [JavaFX Application Thread] DEBUG MainWindow           - Pop state: DialogSubScene
21:03:27.034 [JavaFX Application Thread] DEBUG Input                - Clearing active input actions
21:03:27.034 [JavaFX Application Thread] DEBUG WindowService        - Removing overlay from DialogSubScene and adding to FXGLDefaultMenu
21:03:27.034 [JavaFX Application Thread] DEBUG MainWindow           - FXGLDefaultMenu <- DialogSubScene
21:03:27.034 [JavaFX Application Thread] DEBUG Input                - Clearing active input actions
21:03:27.039 [JavaFX Application Thread] DEBUG WindowService        - Removing overlay from FXGLDefaultMenu and adding to FXGLDefaultMenu
21:03:27.039 [JavaFX Application Thread] DEBUG MainWindow           - FXGLDefaultMenu -> FXGLDefaultMenu
21:03:27.663 [JavaFX Application Thread] DEBUG Menu                 - fireExit()
21:03:27.664 [JavaFX Application Thread] DEBUG MainWindow           - Push state: DialogSubScene
21:03:27.664 [JavaFX Application Thread] DEBUG Input                - Clearing active input actions
21:03:27.665 [JavaFX Application Thread] DEBUG WindowService        - Removing overlay from FXGLDefaultMenu and adding to DialogSubScene
21:03:27.665 [JavaFX Application Thread] DEBUG MainWindow           - FXGLDefaultMenu -> DialogSubScene
21:03:28.203 [JavaFX Application Thread] DEBUG MainWindow           - Pop state: DialogSubScene
21:03:28.203 [JavaFX Application Thread] DEBUG Input                - Clearing active input actions
21:03:28.204 [JavaFX Application Thread] DEBUG WindowService        - Removing overlay from DialogSubScene and adding to FXGLDefaultMenu
21:03:28.204 [JavaFX Application Thread] DEBUG MainWindow           - FXGLDefaultMenu <- DialogSubScene
21:03:28.204 [JavaFX Application Thread] DEBUG GameApplication      - Exiting FXGL
21:03:28.204 [JavaFX Application Thread] DEBUG LoopRunner           - Stopping loop
21:03:28.204 [JavaFX Application Thread] DEBUG SystemBundleService  - Saving FXGL system data
21:03:28.205 [JavaFX Application Thread] DEBUG FileSystemAccess     - Writing to: C:\Users\micha\Desktop\JavaMooseGame\system\fxgl.bundle
21:03:28.206 [JavaFX Application Thread] DEBUG GameApplication      - Shutting down background threads
21:03:28.206 [JavaFX Application Thread] DEBUG GameApplication      - Closing logger and exiting JavaFX
