12:44:34.077 [main                     ] DEBUG GameApplication      - Logger initialized
12:44:34.085 [main                     ] DEBUG GameApplication      - Logging settings
Title: MooseGame
Version: 0.3
Width: 600
Height: 900
Fullscreen: false
Intro: false
Menus: true
Profiling: false
Single step:false
App Mode: DEVELOPER
Menu Key: ESCAPE
Stage Style: DECORATED
Scene Factory: class com.almasb.fxgl.app.scene.SceneFactory

12:44:34.551 [JavaFX Application Thread] DEBUG GameApplication      - Initializing FXGL
12:44:34.563 [JavaFX Application Thread] INFO  Engine               - FXGL-11.8 (08.03.2020 09.09) on WINDOWS (J:14.0.1 FX:13.0.2)
12:44:34.563 [JavaFX Application Thread] INFO  Engine               - Source code and latest versions at: https://github.com/AlmasB/FXGL
12:44:34.563 [JavaFX Application Thread] INFO  Engine               -              Join the FXGL chat at: https://gitter.im/AlmasB/FXGL
12:44:34.789 [JavaFX Application Thread] DEBUG MainWindow           - Creating a JavaFX scene
12:44:34.789 [JavaFX Application Thread] DEBUG MainWindow           - Target size > screen size
12:44:34.869 [JavaFX Application Thread] DEBUG MainWindow           - Target settings size: 600.0 x 900.0
12:44:34.869 [JavaFX Application Thread] DEBUG MainWindow           - Scaled scene size:    548.0 x 859.0
12:44:34.870 [JavaFX Application Thread] DEBUG MainWindow           - Scaled ratio: (0.9133333333333333, 0.9544444444444444)
12:44:34.872 [JavaFX Application Thread] DEBUG MainWindow           - Set initial scene to FXGLStartupScene
12:44:34.895 [JavaFX Application Thread] DEBUG MainWindow           - Opening main window
12:44:35.013 [JavaFX Application Thread] DEBUG MainWindow           - Window border size: (16.0, 39.0)
12:44:35.013 [JavaFX Application Thread] DEBUG MainWindow           - Scaled size: 548.0 x 859.0
12:44:35.014 [JavaFX Application Thread] DEBUG MainWindow           - Scaled ratio: (0.9133333333333333, 0.9544444444444444)
12:44:35.014 [JavaFX Application Thread] DEBUG MainWindow           - Scene size: 548.0 x 859.0
12:44:35.014 [JavaFX Application Thread] DEBUG MainWindow           - Stage size: 564.0 x 898.0
12:44:35.023 [FXGL Background Thread 1 ] DEBUG Engine               - Initializing environment variables
12:44:35.073 [FXGL Background Thread 1 ] DEBUG WindowService        - Applying CSS: fxgl_dark.css
12:44:35.074 [FXGL Background Thread 1 ] DEBUG AssetLoaderService   - Loading from file system: /assets/ui/css/fxgl_dark.css
12:44:35.138 [FXGL Background Thread 1 ] DEBUG WindowService        - Initializing application scenes
12:44:35.243 [FXGL Background Thread 1 ] DEBUG GameWorld            - Game world initialized
12:44:35.293 [FXGL Background Thread 1 ] DEBUG PhysicsWorld         - Physics world initialized: appHeight=900, physics.ppm=50.0
12:44:35.296 [FXGL Background Thread 1 ] DEBUG GameScene            - Game scene initialized: 600x900
12:44:35.337 [FXGL Background Thread 1 ] DEBUG AssetLoaderService   - Loading from file system: /assets/textures/particles/trace_horizontal.png
12:44:35.404 [FXGL Background Thread 1 ] WARN  FXGL.DefaultMenu     - FXGLDefaultMenu is not designed for resolutions < 800x600
12:44:35.404 [FXGL Background Thread 1 ] DEBUG FXGL.DefaultMenu     - createMenuBodyMainMenu()
12:44:35.429 [FXGL Background Thread 1 ] DEBUG FXGL.DefaultMenu     - createOptionsMenu()
12:44:35.435 [FXGL Background Thread 1 ] DEBUG AssetLoaderService   - Loading from file system: /assets/textures/particles/smoke.png
12:44:35.508 [FXGL Background Thread 1 ] DEBUG AssetLoaderService   - Loading from cache: /assets/textures/particles/trace_horizontal.png@64.0x64.0
12:44:35.509 [FXGL Background Thread 1 ] WARN  FXGL.DefaultMenu     - FXGLDefaultMenu is not designed for resolutions < 800x600
12:44:35.509 [FXGL Background Thread 1 ] DEBUG FXGL.DefaultMenu     - createMenuBodyGameMenu()
12:44:35.510 [FXGL Background Thread 1 ] DEBUG FXGL.DefaultMenu     - createOptionsMenu()
12:44:35.513 [FXGL Background Thread 1 ] DEBUG AssetLoaderService   - Loading from cache: /assets/textures/particles/smoke.png@128.0x128.0
12:44:35.538 [FXGL Background Thread 1 ] DEBUG WindowService        - Application scenes initialized
12:44:35.551 [FXGL Background Thread 1 ] DEBUG SystemBundleService  - Loading FXGL system data
12:44:35.555 [FXGL Background Thread 1 ] DEBUG FileSystemAccess     - Reading from: C:\Users\User\Documents\GitHub\JavaMooseGame\system\fxgl.bundle
12:44:35.562 [FXGL Background Thread 1 ] DEBUG SystemBundleService  - Bundle FXGL: {}
12:44:35.562 [FXGL Background Thread 1 ] INFO  Engine               - FXGL initialization took: 0.537 sec
12:44:35.564 [FXGL Background Thread 1 ] DEBUG GameApplication      - Loading localizations
12:44:35.565 [FXGL Background Thread 1 ] DEBUG AssetLoaderService   - Loading from file system: /assets/properties/languages/english.properties
12:44:35.567 [FXGL Background Thread 1 ] DEBUG AssetLoaderService   - Loading from file system: /assets/properties/languages/french.properties
12:44:35.569 [FXGL Background Thread 1 ] DEBUG AssetLoaderService   - Loading from file system: /assets/properties/languages/german.properties
12:44:35.571 [FXGL Background Thread 1 ] DEBUG AssetLoaderService   - Loading from file system: /assets/properties/languages/hungarian.properties
12:44:35.573 [FXGL Background Thread 1 ] DEBUG AssetLoaderService   - Loading from file system: /assets/properties/languages/russian.properties
12:44:35.576 [FXGL Background Thread 1 ] DEBUG GameApplication      - Registering font factories with UI factory
12:44:35.577 [FXGL Background Thread 1 ] DEBUG AssetLoaderService   - Loading from file system: /assets/ui/fonts/VarelaRound-Regular.ttf
12:44:35.637 [FXGL Background Thread 1 ] DEBUG AssetLoaderService   - Loading from file system: /assets/ui/fonts/Abel-Regular.ttf
12:44:35.650 [FXGL Background Thread 1 ] DEBUG AssetLoaderService   - Loading from file system: /assets/ui/fonts/lucida_console.ttf
12:44:35.664 [FXGL Background Thread 1 ] DEBUG AssetLoaderService   - Loading from file system: /assets/ui/fonts/Courier-Prime.ttf
12:44:35.735 [JavaFX Application Thread] DEBUG Input                - Registered new binding: action0 - A
12:44:35.736 [JavaFX Application Thread] DEBUG Input                - Registered new binding: action1 - S
12:44:35.736 [JavaFX Application Thread] DEBUG Input                - Registered new binding: action2 - D
12:44:35.737 [JavaFX Application Thread] DEBUG Input                - Registered new binding: action3 - W
12:44:35.737 [JavaFX Application Thread] DEBUG Input                - Registered new binding: action4 - Space
12:44:35.737 [JavaFX Application Thread] DEBUG Input                - Registered new binding: action5 - Left
12:44:35.738 [JavaFX Application Thread] DEBUG Input                - Registered new binding: action6 - Down
12:44:35.738 [JavaFX Application Thread] DEBUG Input                - Registered new binding: action7 - Right
12:44:35.738 [JavaFX Application Thread] DEBUG Input                - Registered new binding: action8 - Up
12:44:35.738 [JavaFX Application Thread] DEBUG AssetLoaderService   - Loading from file system: /assets/textures/fxgl_icon.png
12:44:35.770 [JavaFX Application Thread] DEBUG AssetLoaderService   - Loading from file system: /assets/ui/cursors/fxgl_default.png
12:44:35.772 [JavaFX Application Thread] DEBUG Input                - Registered new binding: Screenshot - P
12:44:35.773 [JavaFX Application Thread] DEBUG Input                - Registered new binding: System info dump - CTRL+9
12:44:35.773 [JavaFX Application Thread] DEBUG Input                - Registered new binding: Restart - CTRL+R
12:44:35.775 [JavaFX Application Thread] DEBUG LoopRunner           - Starting loop
12:44:35.785 [JavaFX Application Thread] DEBUG FXGLStartupScene     - STARTUP
12:44:35.791 [JavaFX Application Thread] DEBUG Input                - Clearing active input actions
12:44:35.816 [JavaFX Application Thread] DEBUG WindowService        - Removing overlay from FXGLStartupScene and adding to FXGLDefaultMenu
12:44:35.817 [JavaFX Application Thread] DEBUG MainWindow           - FXGLStartupScene -> FXGLDefaultMenu
12:44:37.617 [JavaFX Application Thread] DEBUG Menu                 - fireNewGame()
12:44:37.617 [JavaFX Application Thread] DEBUG WindowService        - Starting new game
12:44:37.618 [JavaFX Application Thread] DEBUG Input                - Clearing active input actions
12:44:37.632 [JavaFX Application Thread] DEBUG WindowService        - Removing overlay from FXGLDefaultMenu and adding to FXGLLoadingScene
12:44:37.633 [JavaFX Application Thread] DEBUG MainWindow           - FXGLDefaultMenu -> FXGLLoadingScene
12:44:37.633 [JavaFX Application Thread] DEBUG WindowService        - Clearing previous game
12:44:37.633 [JavaFX Application Thread] DEBUG GameScene            - Clearing game scene
12:44:37.633 [JavaFX Application Thread] DEBUG GameWorld            - Clearing game world
12:44:37.633 [JavaFX Application Thread] DEBUG PhysicsWorld         - Clearing physics world
12:44:37.635 [FXGL Background Thread 1 ] DEBUG GameApplication      - Initializing game
12:44:37.649 [FXGL Background Thread 1 ] DEBUG AssetLoaderService   - Loading from file system: /assets/textures/road_with_patches.png
12:44:37.721 [FXGL Background Thread 1 ] DEBUG AssetLoaderService   - Loading from cache: /assets/textures/road_with_patches.png
12:44:37.722 [FXGL Background Thread 1 ] DEBUG AssetLoaderService   - Loading from file system: /assets/textures/Car_Audi_Sport_Quattro_86x145.png
12:44:37.744 [FXGL Background Thread 1 ] DEBUG AssetLoaderService   - Loading from file system: /assets/ui/moosegame_ui.fxml
12:44:37.865 [FXGL Background Thread 1 ] INFO  GameApplication      - Game initialization took: 0.229 sec
12:44:37.867 [JavaFX Application Thread] DEBUG Input                - Clearing active input actions
12:44:37.877 [JavaFX Application Thread] DEBUG WindowService        - Removing overlay from FXGLLoadingScene and adding to GameScene
12:44:37.878 [JavaFX Application Thread] DEBUG MainWindow           - FXGLLoadingScene -> GameScene
12:44:38.566 [FXGL Background Thread 2 ] DEBUG Engine               - Logging environment variables
12:44:38.566 [FXGL Background Thread 2 ] DEBUG Engine               - achievements: []
12:44:38.566 [FXGL Background Thread 2 ] DEBUG Engine               - language: ObjectProperty [value: ENGLISH]
12:44:38.566 [FXGL Background Thread 2 ] DEBUG Engine               - isCloseConfirmation: false
12:44:38.566 [FXGL Background Thread 2 ] DEBUG Engine               - isProfilingEnabled: false
12:44:38.566 [FXGL Background Thread 2 ] DEBUG Engine               - soundNotification: core/notification.wav
12:44:38.566 [FXGL Background Thread 2 ] DEBUG Engine               - devShowBBoxProperty: BooleanProperty [value: false]
12:44:38.567 [FXGL Background Thread 2 ] DEBUG Engine               - pixelsPerMeter: 50.0
12:44:38.567 [FXGL Background Thread 2 ] DEBUG Engine               - appIcon: fxgl_icon.png
12:44:38.567 [FXGL Background Thread 2 ] DEBUG Engine               - soundMenuBack: menu/back.wav
12:44:38.567 [FXGL Background Thread 2 ] DEBUG Engine               - isFullScreenAllowed: false
12:44:38.567 [FXGL Background Thread 2 ] DEBUG Engine               - isIntroEnabled: false
12:44:38.567 [FXGL Background Thread 2 ] DEBUG Engine               - fontMono: lucida_console.ttf
12:44:38.567 [FXGL Background Thread 2 ] DEBUG Engine               - soundMenuSelect: menu/select.wav
12:44:38.567 [FXGL Background Thread 2 ] DEBUG Engine               - isWindows: true
12:44:38.567 [FXGL Background Thread 2 ] DEBUG Engine               - isMobile: false
12:44:38.567 [FXGL Background Thread 2 ] DEBUG Engine               - isUserProfileEnabled: false
12:44:38.567 [FXGL Background Thread 2 ] DEBUG Engine               - height: 900
12:44:38.568 [FXGL Background Thread 2 ] DEBUG Engine               - isExperimentalNative: false
12:44:38.568 [FXGL Background Thread 2 ] DEBUG Engine               - settings: Title: MooseGame
Version: 0.3
Width: 600
Height: 900
Fullscreen: false
Intro: false
Menus: true
Profiling: false
Single step:false
App Mode: DEVELOPER
Menu Key: ESCAPE
Stage Style: DECORATED
Scene Factory: class com.almasb.fxgl.app.scene.SceneFactory

12:44:38.568 [FXGL Background Thread 2 ] DEBUG Engine               - isSingleStep: false
12:44:38.568 [FXGL Background Thread 2 ] DEBUG Engine               - cSSList: [fxgl_dark.css]
12:44:38.568 [FXGL Background Thread 2 ] DEBUG Engine               - fontGame: Abel-Regular.ttf
12:44:38.568 [FXGL Background Thread 2 ] DEBUG Engine               - menuKey: ESCAPE
12:44:38.568 [FXGL Background Thread 2 ] DEBUG Engine               - devShowPositionProperty: BooleanProperty [value: false]
12:44:38.568 [FXGL Background Thread 2 ] DEBUG Engine               - versionCheckDays: 7
12:44:38.568 [FXGL Background Thread 2 ] DEBUG Engine               - configClass: Optional.empty
12:44:38.568 [FXGL Background Thread 2 ] DEBUG Engine               - isFullScreenFromStart: false
12:44:38.568 [FXGL Background Thread 2 ] DEBUG Engine               - version: 0.3
12:44:38.569 [FXGL Background Thread 2 ] DEBUG Engine               - fullScreen: BooleanProperty [value: false]
12:44:38.569 [FXGL Background Thread 2 ] DEBUG Engine               - randomSeed: -1
12:44:38.569 [FXGL Background Thread 2 ] DEBUG Engine               - gameDifficultyProperty: ObjectProperty [value: MEDIUM]
12:44:38.569 [FXGL Background Thread 2 ] DEBUG Engine               - applicationMode: DEVELOPER
12:44:38.569 [FXGL Background Thread 2 ] DEBUG Engine               - isMac: false
12:44:38.569 [FXGL Background Thread 2 ] DEBUG Engine               - isMenuEnabled: true
12:44:38.569 [FXGL Background Thread 2 ] DEBUG Engine               - urlPOM: https://raw.githubusercontent.com/AlmasB/FXGL/master/pom.xml
12:44:38.569 [FXGL Background Thread 2 ] DEBUG Engine               - profileName: StringProperty [value: DEFAULT]
12:44:38.569 [FXGL Background Thread 2 ] DEBUG Engine               - notificationViewClass: class com.almasb.fxgl.notification.view.XboxNotificationView
12:44:38.570 [FXGL Background Thread 2 ] DEBUG Engine               - devSensorColorProperty: ObjectProperty [value: 0xffff00ff]
12:44:38.570 [FXGL Background Thread 2 ] DEBUG Engine               - sceneFactory: com.almasb.fxgl.app.scene.SceneFactory@719d3b9b
12:44:38.570 [FXGL Background Thread 2 ] DEBUG Engine               - stageStyle: DECORATED
12:44:38.570 [FXGL Background Thread 2 ] DEBUG Engine               - isManualResizeEnabled: false
12:44:38.570 [FXGL Background Thread 2 ] DEBUG Engine               - title: MooseGame
12:44:38.570 [FXGL Background Thread 2 ] DEBUG Engine               - platform: WINDOWS
12:44:38.570 [FXGL Background Thread 2 ] DEBUG Engine               - devBBoxColorProperty: ObjectProperty [value: 0xff0000ff]
12:44:38.570 [FXGL Background Thread 2 ] DEBUG Engine               - gameDifficulty: MEDIUM
12:44:38.571 [FXGL Background Thread 2 ] DEBUG Engine               - isDesktop: true
12:44:38.571 [FXGL Background Thread 2 ] DEBUG Engine               - supportedLanguages: [ENGLISH, FRENCH, GERMAN, HUNGARIAN, RUSSIAN]
12:44:38.571 [FXGL Background Thread 2 ] DEBUG Engine               - credits: []
12:44:38.571 [FXGL Background Thread 2 ] DEBUG Engine               - globalMusicVolumeProperty: DoubleProperty [value: 0.5]
12:44:38.571 [FXGL Background Thread 2 ] DEBUG Engine               - isPreserveResizeRatio: false
12:44:38.571 [FXGL Background Thread 2 ] DEBUG Engine               - fontText: Courier-Prime.ttf
12:44:38.571 [FXGL Background Thread 2 ] DEBUG Engine               - isExperimentalTiledLargeMap: false
12:44:38.571 [FXGL Background Thread 2 ] DEBUG Engine               - secondsIn24h: 60
12:44:38.571 [FXGL Background Thread 2 ] DEBUG Engine               - runtimeInfo: RuntimeInfo(platform=WINDOWS, version=11.8, build=08.03.2020 09.09)
12:44:38.571 [FXGL Background Thread 2 ] DEBUG Engine               - isLinux: false
12:44:38.571 [FXGL Background Thread 2 ] DEBUG Engine               - soundMenuPress: menu/press.wav
12:44:38.572 [FXGL Background Thread 2 ] DEBUG Engine               - urlGithub: https://github.com/AlmasB/FXGL
12:44:38.572 [FXGL Background Thread 2 ] DEBUG Engine               - profileDir: profiles/
12:44:38.572 [FXGL Background Thread 2 ] DEBUG Engine               - isDeveloperMenuEnabled: false
12:44:38.572 [FXGL Background Thread 2 ] DEBUG Engine               - globalSoundVolumeProperty: DoubleProperty [value: 0.5]
12:44:38.572 [FXGL Background Thread 2 ] DEBUG Engine               - mainWindow: com.almasb.fxgl.app.MainWindow@75a2a170
12:44:38.572 [FXGL Background Thread 2 ] DEBUG Engine               - isBrowser: false
12:44:38.572 [FXGL Background Thread 2 ] DEBUG Engine               - globalSoundVolume: 0.5
12:44:38.572 [FXGL Background Thread 2 ] DEBUG Engine               - urlLeaderboard: http://fxgl-top.herokuapp.com/
12:44:38.572 [FXGL Background Thread 2 ] DEBUG Engine               - engineServices: [class com.almasb.fxgl.app.GameApplication$GameApplicationService, class com.almasb.fxgl.app.services.WindowService, class com.almasb.fxgl.app.services.FXGLDialogService, class com.almasb.fxgl.app.services.IOTaskExecutorService, class com.almasb.fxgl.event.EventBusService, class com.almasb.fxgl.io.FileSystemService, class com.almasb.fxgl.localization.LocalizationService, class com.almasb.fxgl.app.services.AssetLoaderService, class com.almasb.fxgl.app.services.SystemBundleService, class com.almasb.fxgl.profile.SaveLoadService, class com.almasb.fxgl.ui.FXGLUIFactoryServiceProvider, class com.almasb.fxgl.ui.FXGLDialogFactoryServiceProvider, class com.almasb.fxgl.audio.AudioPlayer, class com.almasb.fxgl.notification.impl.NotificationServiceProvider, class com.almasb.fxgl.achievement.AchievementService, class com.almasb.fxgl.cutscene.CutsceneService, class com.almasb.fxgl.minigames.MiniGameService, class com.almasb.fxgl.net.NetService, class com.almasb.fxgl.app.services.UpdaterService]
12:44:38.572 [FXGL Background Thread 2 ] DEBUG Engine               - globalMusicVolume: 0.5
12:44:38.572 [FXGL Background Thread 2 ] DEBUG Engine               - width: 600
12:44:38.572 [FXGL Background Thread 2 ] DEBUG Engine               - saveFileExt: sav
12:44:38.573 [FXGL Background Thread 2 ] DEBUG Engine               - isAndroid: false
12:44:38.573 [FXGL Background Thread 2 ] DEBUG Engine               - fontUI: VarelaRound-Regular.ttf
12:44:38.573 [FXGL Background Thread 2 ] DEBUG Engine               - enabledMenuItems: []
12:44:38.573 [FXGL Background Thread 2 ] DEBUG Engine               - isIOS: false
12:44:38.573 [FXGL Background Thread 2 ] DEBUG Engine               - Logging services
12:44:38.573 [FXGL Background Thread 2 ] DEBUG Engine               - class com.almasb.fxgl.app.GameApplication$GameApplicationService
12:44:38.573 [FXGL Background Thread 2 ] DEBUG Engine               - class com.almasb.fxgl.app.services.WindowService
12:44:38.573 [FXGL Background Thread 2 ] DEBUG Engine               - class com.almasb.fxgl.app.services.FXGLDialogService
12:44:38.573 [FXGL Background Thread 2 ] DEBUG Engine               - class com.almasb.fxgl.app.services.IOTaskExecutorService
12:44:38.573 [FXGL Background Thread 2 ] DEBUG Engine               - class com.almasb.fxgl.event.EventBusService
12:44:38.573 [FXGL Background Thread 2 ] DEBUG Engine               - class com.almasb.fxgl.io.FileSystemService
12:44:38.574 [FXGL Background Thread 2 ] DEBUG Engine               - class com.almasb.fxgl.localization.LocalizationService
12:44:38.574 [FXGL Background Thread 2 ] DEBUG Engine               - class com.almasb.fxgl.app.services.AssetLoaderService
12:44:38.574 [FXGL Background Thread 2 ] DEBUG Engine               - class com.almasb.fxgl.app.services.SystemBundleService
12:44:38.574 [FXGL Background Thread 2 ] DEBUG Engine               - class com.almasb.fxgl.profile.SaveLoadService
12:44:38.574 [FXGL Background Thread 2 ] DEBUG Engine               - class com.almasb.fxgl.ui.FXGLUIFactoryServiceProvider
12:44:38.574 [FXGL Background Thread 2 ] DEBUG Engine               - class com.almasb.fxgl.ui.FXGLDialogFactoryServiceProvider
12:44:38.574 [FXGL Background Thread 2 ] DEBUG Engine               - class com.almasb.fxgl.audio.AudioPlayer
12:44:38.574 [FXGL Background Thread 2 ] DEBUG Engine               - class com.almasb.fxgl.notification.impl.NotificationServiceProvider
12:44:38.574 [FXGL Background Thread 2 ] DEBUG Engine               - class com.almasb.fxgl.achievement.AchievementService
12:44:38.574 [FXGL Background Thread 2 ] DEBUG Engine               - class com.almasb.fxgl.cutscene.CutsceneService
12:44:38.574 [FXGL Background Thread 2 ] DEBUG Engine               - class com.almasb.fxgl.minigames.MiniGameService
12:44:38.574 [FXGL Background Thread 2 ] DEBUG Engine               - class com.almasb.fxgl.net.NetService
12:44:38.574 [FXGL Background Thread 2 ] DEBUG Engine               - class com.almasb.fxgl.app.services.UpdaterService
12:44:42.868 [JavaFX Application Thread] DEBUG AssetLoaderService   - Loading from file system: /assets/textures/potHole.png
12:44:47.860 [JavaFX Application Thread] DEBUG AssetLoaderService   - Loading from file system: /assets/textures/mooseWalkAnimation.png
12:44:47.878 [JavaFX Application Thread] DEBUG AssetLoaderService   - Loading from cache: /assets/textures/mooseWalkAnimation.png
12:44:47.884 [JavaFX Application Thread] DEBUG AssetLoaderService   - Loading from cache: /assets/textures/potHole.png
12:44:52.868 [JavaFX Application Thread] DEBUG AssetLoaderService   - Loading from file system: /assets/textures/gasTank.PNG
12:44:52.885 [JavaFX Application Thread] DEBUG AssetLoaderService   - Loading from cache: /assets/textures/potHole.png
12:44:57.860 [JavaFX Application Thread] DEBUG AssetLoaderService   - Loading from cache: /assets/textures/mooseWalkAnimation.png
12:44:57.861 [JavaFX Application Thread] DEBUG AssetLoaderService   - Loading from cache: /assets/textures/mooseWalkAnimation.png
12:44:57.892 [JavaFX Application Thread] DEBUG AssetLoaderService   - Loading from cache: /assets/textures/potHole.png
12:45:00.408 [JavaFX Application Thread] DEBUG MainWindow           - Push state: DialogSubScene
12:45:00.409 [JavaFX Application Thread] DEBUG Input                - Clearing active input actions
12:45:00.415 [JavaFX Application Thread] DEBUG WindowService        - Removing overlay from GameScene and adding to DialogSubScene
12:45:00.416 [JavaFX Application Thread] DEBUG MainWindow           - GameScene -> DialogSubScene
12:45:02.093 [JavaFX Application Thread] DEBUG MainWindow           - Pop state: DialogSubScene
12:45:02.093 [JavaFX Application Thread] DEBUG Input                - Clearing active input actions
12:45:02.094 [JavaFX Application Thread] DEBUG WindowService        - Removing overlay from DialogSubScene and adding to GameScene
12:45:02.094 [JavaFX Application Thread] DEBUG MainWindow           - GameScene <- DialogSubScene
12:45:02.094 [JavaFX Application Thread] DEBUG GameApplication      - Exiting FXGL
12:45:02.094 [JavaFX Application Thread] DEBUG LoopRunner           - Stopping loop
12:45:02.094 [JavaFX Application Thread] DEBUG SystemBundleService  - Saving FXGL system data
12:45:02.096 [JavaFX Application Thread] DEBUG FileSystemAccess     - Writing to: C:\Users\User\Documents\GitHub\JavaMooseGame\system\fxgl.bundle
12:45:02.098 [JavaFX Application Thread] DEBUG GameApplication      - Shutting down background threads
12:45:02.098 [JavaFX Application Thread] DEBUG GameApplication      - Closing logger and exiting JavaFX
