11:58:56.292 [main                     ] DEBUG GameApplication      - Logger initialized
11:58:56.339 [main                     ] DEBUG GameApplication      - Logging settings
Title: MooseGame
Version: 0.3
Width: 600
Height: 900
Fullscreen: false
Intro: false
Menus: true
Profiling: false
Single step:false
App Mode: DEVELOPER
Menu Key: ESCAPE
Stage Style: DECORATED
Scene Factory: class com.almasb.fxgl.app.scene.SceneFactory

11:58:57.147 [JavaFX Application Thread] DEBUG GameApplication      - Initializing FXGL
11:58:57.165 [JavaFX Application Thread] INFO  Engine               - FXGL-11.8 (08.03.2020 09.09) on WINDOWS (J:14.0.1 FX:13.0.2)
11:58:57.166 [JavaFX Application Thread] INFO  Engine               - Source code and latest versions at: https://github.com/AlmasB/FXGL
11:58:57.167 [JavaFX Application Thread] INFO  Engine               -              Join the FXGL chat at: https://gitter.im/AlmasB/FXGL
11:58:57.587 [JavaFX Application Thread] DEBUG MainWindow           - Creating a JavaFX scene
11:58:57.587 [JavaFX Application Thread] DEBUG MainWindow           - Target size > screen size
11:58:57.734 [JavaFX Application Thread] DEBUG MainWindow           - Target settings size: 600.0 x 900.0
11:58:57.734 [JavaFX Application Thread] DEBUG MainWindow           - Scaled scene size:    548.0 x 859.0
11:58:57.734 [JavaFX Application Thread] DEBUG MainWindow           - Scaled ratio: (0.9133333333333333, 0.9544444444444444)
11:58:57.738 [JavaFX Application Thread] DEBUG MainWindow           - Set initial scene to FXGLStartupScene
11:58:57.751 [JavaFX Application Thread] DEBUG MainWindow           - Opening main window
11:58:57.912 [JavaFX Application Thread] DEBUG MainWindow           - Window border size: (16.0, 39.0)
11:58:57.913 [JavaFX Application Thread] DEBUG MainWindow           - Scaled size: 548.0 x 859.0
11:58:57.913 [JavaFX Application Thread] DEBUG MainWindow           - Scaled ratio: (0.9133333333333333, 0.9544444444444444)
11:58:57.913 [JavaFX Application Thread] DEBUG MainWindow           - Scene size: 548.0 x 859.0
11:58:57.913 [JavaFX Application Thread] DEBUG MainWindow           - Stage size: 564.0 x 898.0
11:58:57.957 [FXGL Background Thread 1 ] DEBUG Engine               - Initializing environment variables
11:58:57.994 [FXGL Background Thread 1 ] DEBUG WindowService        - Applying CSS: fxgl_dark.css
11:58:57.996 [FXGL Background Thread 1 ] DEBUG AssetLoaderService   - Loading from file system: /assets/ui/css/fxgl_dark.css
11:58:58.085 [FXGL Background Thread 1 ] DEBUG WindowService        - Initializing application scenes
11:58:58.267 [FXGL Background Thread 1 ] DEBUG GameWorld            - Game world initialized
11:58:58.333 [FXGL Background Thread 1 ] DEBUG PhysicsWorld         - Physics world initialized: appHeight=900, physics.ppm=50.0
11:58:58.341 [FXGL Background Thread 1 ] DEBUG GameScene            - Game scene initialized: 600x900
11:58:58.393 [FXGL Background Thread 1 ] DEBUG AssetLoaderService   - Loading from file system: /assets/textures/particles/trace_horizontal.png
11:58:58.489 [FXGL Background Thread 1 ] WARN  FXGL.DefaultMenu     - FXGLDefaultMenu is not designed for resolutions < 800x600
11:58:58.489 [FXGL Background Thread 1 ] DEBUG FXGL.DefaultMenu     - createMenuBodyMainMenu()
11:58:58.512 [FXGL Background Thread 1 ] DEBUG FXGL.DefaultMenu     - createOptionsMenu()
11:58:58.520 [FXGL Background Thread 1 ] DEBUG AssetLoaderService   - Loading from file system: /assets/textures/particles/smoke.png
11:58:58.622 [FXGL Background Thread 1 ] DEBUG AssetLoaderService   - Loading from cache: /assets/textures/particles/trace_horizontal.png@64.0x64.0
11:58:58.623 [FXGL Background Thread 1 ] WARN  FXGL.DefaultMenu     - FXGLDefaultMenu is not designed for resolutions < 800x600
11:58:58.623 [FXGL Background Thread 1 ] DEBUG FXGL.DefaultMenu     - createMenuBodyGameMenu()
11:58:58.624 [FXGL Background Thread 1 ] DEBUG FXGL.DefaultMenu     - createOptionsMenu()
11:58:58.628 [FXGL Background Thread 1 ] DEBUG AssetLoaderService   - Loading from cache: /assets/textures/particles/smoke.png@128.0x128.0
11:58:58.647 [FXGL Background Thread 1 ] DEBUG WindowService        - Application scenes initialized
11:58:58.658 [FXGL Background Thread 1 ] DEBUG SystemBundleService  - Loading FXGL system data
11:58:58.665 [FXGL Background Thread 1 ] DEBUG FileSystemAccess     - Reading from: C:\Users\User\Documents\GitHub\JavaMooseGame\system\fxgl.bundle
11:58:58.674 [FXGL Background Thread 1 ] DEBUG SystemBundleService  - Bundle FXGL: {}
11:58:58.674 [FXGL Background Thread 1 ] INFO  Engine               - FXGL initialization took: 0.715 sec
11:58:58.684 [FXGL Background Thread 1 ] DEBUG GameApplication      - Loading localizations
11:58:58.686 [FXGL Background Thread 1 ] DEBUG AssetLoaderService   - Loading from file system: /assets/properties/languages/english.properties
11:58:58.696 [FXGL Background Thread 1 ] DEBUG AssetLoaderService   - Loading from file system: /assets/properties/languages/french.properties
11:58:58.698 [FXGL Background Thread 1 ] DEBUG AssetLoaderService   - Loading from file system: /assets/properties/languages/german.properties
11:58:58.701 [FXGL Background Thread 1 ] DEBUG AssetLoaderService   - Loading from file system: /assets/properties/languages/hungarian.properties
11:58:58.703 [FXGL Background Thread 1 ] DEBUG AssetLoaderService   - Loading from file system: /assets/properties/languages/russian.properties
11:58:58.705 [FXGL Background Thread 1 ] DEBUG GameApplication      - Registering font factories with UI factory
11:58:58.705 [FXGL Background Thread 1 ] DEBUG AssetLoaderService   - Loading from file system: /assets/ui/fonts/VarelaRound-Regular.ttf
11:58:58.833 [FXGL Background Thread 1 ] DEBUG AssetLoaderService   - Loading from file system: /assets/ui/fonts/Abel-Regular.ttf
11:58:58.848 [FXGL Background Thread 1 ] DEBUG AssetLoaderService   - Loading from file system: /assets/ui/fonts/lucida_console.ttf
11:58:58.864 [FXGL Background Thread 1 ] DEBUG AssetLoaderService   - Loading from file system: /assets/ui/fonts/Courier-Prime.ttf
11:58:58.889 [JavaFX Application Thread] DEBUG Input                - Registered new binding: action0 - A
11:58:58.890 [JavaFX Application Thread] DEBUG Input                - Registered new binding: action1 - S
11:58:58.890 [JavaFX Application Thread] DEBUG Input                - Registered new binding: action2 - D
11:58:58.890 [JavaFX Application Thread] DEBUG Input                - Registered new binding: action3 - W
11:58:58.891 [JavaFX Application Thread] DEBUG Input                - Registered new binding: action4 - Space
11:58:58.891 [JavaFX Application Thread] DEBUG Input                - Registered new binding: action5 - Left
11:58:58.891 [JavaFX Application Thread] DEBUG Input                - Registered new binding: action6 - Down
11:58:58.892 [JavaFX Application Thread] DEBUG Input                - Registered new binding: action7 - Right
11:58:58.892 [JavaFX Application Thread] DEBUG Input                - Registered new binding: action8 - Up
11:58:58.892 [JavaFX Application Thread] DEBUG AssetLoaderService   - Loading from file system: /assets/textures/fxgl_icon.png
11:58:58.919 [JavaFX Application Thread] DEBUG AssetLoaderService   - Loading from file system: /assets/ui/cursors/fxgl_default.png
11:58:58.922 [JavaFX Application Thread] DEBUG Input                - Registered new binding: Screenshot - P
11:58:58.923 [JavaFX Application Thread] DEBUG Input                - Registered new binding: System info dump - CTRL+9
11:58:58.923 [JavaFX Application Thread] DEBUG Input                - Registered new binding: Restart - CTRL+R
11:58:58.924 [JavaFX Application Thread] DEBUG LoopRunner           - Starting loop
11:58:58.936 [JavaFX Application Thread] DEBUG FXGLStartupScene     - STARTUP
11:58:58.942 [JavaFX Application Thread] DEBUG Input                - Clearing active input actions
11:58:58.973 [JavaFX Application Thread] DEBUG WindowService        - Removing overlay from FXGLStartupScene and adding to FXGLDefaultMenu
11:58:58.974 [JavaFX Application Thread] DEBUG MainWindow           - FXGLStartupScene -> FXGLDefaultMenu
11:59:01.677 [FXGL Background Thread 2 ] DEBUG Engine               - Logging environment variables
11:59:01.677 [FXGL Background Thread 2 ] DEBUG Engine               - achievements: []
11:59:01.677 [FXGL Background Thread 2 ] DEBUG Engine               - language: ObjectProperty [value: ENGLISH]
11:59:01.677 [FXGL Background Thread 2 ] DEBUG Engine               - isCloseConfirmation: false
11:59:01.678 [FXGL Background Thread 2 ] DEBUG Engine               - isProfilingEnabled: false
11:59:01.678 [FXGL Background Thread 2 ] DEBUG Engine               - soundNotification: core/notification.wav
11:59:01.678 [FXGL Background Thread 2 ] DEBUG Engine               - devShowBBoxProperty: BooleanProperty [value: false]
11:59:01.678 [FXGL Background Thread 2 ] DEBUG Engine               - pixelsPerMeter: 50.0
11:59:01.678 [FXGL Background Thread 2 ] DEBUG Engine               - appIcon: fxgl_icon.png
11:59:01.678 [FXGL Background Thread 2 ] DEBUG Engine               - soundMenuBack: menu/back.wav
11:59:01.678 [FXGL Background Thread 2 ] DEBUG Engine               - isFullScreenAllowed: false
11:59:01.678 [FXGL Background Thread 2 ] DEBUG Engine               - isIntroEnabled: false
11:59:01.678 [FXGL Background Thread 2 ] DEBUG Engine               - fontMono: lucida_console.ttf
11:59:01.679 [FXGL Background Thread 2 ] DEBUG Engine               - soundMenuSelect: menu/select.wav
11:59:01.680 [FXGL Background Thread 2 ] DEBUG Engine               - isWindows: true
11:59:01.680 [FXGL Background Thread 2 ] DEBUG Engine               - isMobile: false
11:59:01.680 [FXGL Background Thread 2 ] DEBUG Engine               - isUserProfileEnabled: false
11:59:01.680 [FXGL Background Thread 2 ] DEBUG Engine               - height: 900
11:59:01.680 [FXGL Background Thread 2 ] DEBUG Engine               - isExperimentalNative: false
11:59:01.680 [FXGL Background Thread 2 ] DEBUG Engine               - settings: Title: MooseGame
Version: 0.3
Width: 600
Height: 900
Fullscreen: false
Intro: false
Menus: true
Profiling: false
Single step:false
App Mode: DEVELOPER
Menu Key: ESCAPE
Stage Style: DECORATED
Scene Factory: class com.almasb.fxgl.app.scene.SceneFactory

11:59:01.680 [FXGL Background Thread 2 ] DEBUG Engine               - cSSList: [fxgl_dark.css]
11:59:01.680 [FXGL Background Thread 2 ] DEBUG Engine               - isSingleStep: false
11:59:01.680 [FXGL Background Thread 2 ] DEBUG Engine               - fontGame: Abel-Regular.ttf
11:59:01.680 [FXGL Background Thread 2 ] DEBUG Engine               - menuKey: ESCAPE
11:59:01.680 [FXGL Background Thread 2 ] DEBUG Engine               - devShowPositionProperty: BooleanProperty [value: false]
11:59:01.681 [FXGL Background Thread 2 ] DEBUG Engine               - versionCheckDays: 7
11:59:01.681 [FXGL Background Thread 2 ] DEBUG Engine               - configClass: Optional.empty
11:59:01.681 [FXGL Background Thread 2 ] DEBUG Engine               - isFullScreenFromStart: false
11:59:01.681 [FXGL Background Thread 2 ] DEBUG Engine               - version: 0.3
11:59:01.681 [FXGL Background Thread 2 ] DEBUG Engine               - fullScreen: BooleanProperty [value: false]
11:59:01.681 [FXGL Background Thread 2 ] DEBUG Engine               - randomSeed: -1
11:59:01.681 [FXGL Background Thread 2 ] DEBUG Engine               - gameDifficultyProperty: ObjectProperty [value: MEDIUM]
11:59:01.681 [FXGL Background Thread 2 ] DEBUG Engine               - applicationMode: DEVELOPER
11:59:01.681 [FXGL Background Thread 2 ] DEBUG Engine               - isMac: false
11:59:01.681 [FXGL Background Thread 2 ] DEBUG Engine               - isMenuEnabled: true
11:59:01.682 [FXGL Background Thread 2 ] DEBUG Engine               - urlPOM: https://raw.githubusercontent.com/AlmasB/FXGL/master/pom.xml
11:59:01.682 [FXGL Background Thread 2 ] DEBUG Engine               - profileName: StringProperty [value: DEFAULT]
11:59:01.682 [FXGL Background Thread 2 ] DEBUG Engine               - notificationViewClass: class com.almasb.fxgl.notification.view.XboxNotificationView
11:59:01.682 [FXGL Background Thread 2 ] DEBUG Engine               - devSensorColorProperty: ObjectProperty [value: 0xffff00ff]
11:59:01.682 [FXGL Background Thread 2 ] DEBUG Engine               - sceneFactory: com.almasb.fxgl.app.scene.SceneFactory@5bd4b55a
11:59:01.682 [FXGL Background Thread 2 ] DEBUG Engine               - stageStyle: DECORATED
11:59:01.682 [FXGL Background Thread 2 ] DEBUG Engine               - isManualResizeEnabled: false
11:59:01.682 [FXGL Background Thread 2 ] DEBUG Engine               - title: MooseGame
11:59:01.682 [FXGL Background Thread 2 ] DEBUG Engine               - platform: WINDOWS
11:59:01.683 [FXGL Background Thread 2 ] DEBUG Engine               - devBBoxColorProperty: ObjectProperty [value: 0xff0000ff]
11:59:01.683 [FXGL Background Thread 2 ] DEBUG Engine               - gameDifficulty: MEDIUM
11:59:01.683 [FXGL Background Thread 2 ] DEBUG Engine               - isDesktop: true
11:59:01.683 [FXGL Background Thread 2 ] DEBUG Engine               - supportedLanguages: [ENGLISH, FRENCH, GERMAN, HUNGARIAN, RUSSIAN]
11:59:01.683 [FXGL Background Thread 2 ] DEBUG Engine               - credits: []
11:59:01.683 [FXGL Background Thread 2 ] DEBUG Engine               - globalMusicVolumeProperty: DoubleProperty [value: 0.5]
11:59:01.683 [FXGL Background Thread 2 ] DEBUG Engine               - isPreserveResizeRatio: false
11:59:01.683 [FXGL Background Thread 2 ] DEBUG Engine               - fontText: Courier-Prime.ttf
11:59:01.683 [FXGL Background Thread 2 ] DEBUG Engine               - isExperimentalTiledLargeMap: false
11:59:01.683 [FXGL Background Thread 2 ] DEBUG Engine               - secondsIn24h: 60
11:59:01.684 [FXGL Background Thread 2 ] DEBUG Engine               - runtimeInfo: RuntimeInfo(platform=WINDOWS, version=11.8, build=08.03.2020 09.09)
11:59:01.684 [FXGL Background Thread 2 ] DEBUG Engine               - isLinux: false
11:59:01.684 [FXGL Background Thread 2 ] DEBUG Engine               - soundMenuPress: menu/press.wav
11:59:01.684 [FXGL Background Thread 2 ] DEBUG Engine               - urlGithub: https://github.com/AlmasB/FXGL
11:59:01.684 [FXGL Background Thread 2 ] DEBUG Engine               - profileDir: profiles/
11:59:01.684 [FXGL Background Thread 2 ] DEBUG Engine               - isDeveloperMenuEnabled: false
11:59:01.684 [FXGL Background Thread 2 ] DEBUG Engine               - globalSoundVolumeProperty: DoubleProperty [value: 0.5]
11:59:01.684 [FXGL Background Thread 2 ] DEBUG Engine               - mainWindow: com.almasb.fxgl.app.MainWindow@5feb2af8
11:59:01.684 [FXGL Background Thread 2 ] DEBUG Engine               - isBrowser: false
11:59:01.684 [FXGL Background Thread 2 ] DEBUG Engine               - globalSoundVolume: 0.5
11:59:01.685 [FXGL Background Thread 2 ] DEBUG Engine               - urlLeaderboard: http://fxgl-top.herokuapp.com/
11:59:01.685 [FXGL Background Thread 2 ] DEBUG Engine               - engineServices: [class com.almasb.fxgl.app.GameApplication$GameApplicationService, class com.almasb.fxgl.app.services.WindowService, class com.almasb.fxgl.app.services.FXGLDialogService, class com.almasb.fxgl.app.services.IOTaskExecutorService, class com.almasb.fxgl.event.EventBusService, class com.almasb.fxgl.io.FileSystemService, class com.almasb.fxgl.localization.LocalizationService, class com.almasb.fxgl.app.services.AssetLoaderService, class com.almasb.fxgl.app.services.SystemBundleService, class com.almasb.fxgl.profile.SaveLoadService, class com.almasb.fxgl.ui.FXGLUIFactoryServiceProvider, class com.almasb.fxgl.ui.FXGLDialogFactoryServiceProvider, class com.almasb.fxgl.audio.AudioPlayer, class com.almasb.fxgl.notification.impl.NotificationServiceProvider, class com.almasb.fxgl.achievement.AchievementService, class com.almasb.fxgl.cutscene.CutsceneService, class com.almasb.fxgl.minigames.MiniGameService, class com.almasb.fxgl.net.NetService, class com.almasb.fxgl.app.services.UpdaterService]
11:59:01.685 [FXGL Background Thread 2 ] DEBUG Engine               - globalMusicVolume: 0.5
11:59:01.685 [FXGL Background Thread 2 ] DEBUG Engine               - width: 600
11:59:01.685 [FXGL Background Thread 2 ] DEBUG Engine               - saveFileExt: sav
11:59:01.685 [FXGL Background Thread 2 ] DEBUG Engine               - isAndroid: false
11:59:01.685 [FXGL Background Thread 2 ] DEBUG Engine               - fontUI: VarelaRound-Regular.ttf
11:59:01.686 [FXGL Background Thread 2 ] DEBUG Engine               - enabledMenuItems: []
11:59:01.686 [FXGL Background Thread 2 ] DEBUG Engine               - isIOS: false
11:59:01.686 [FXGL Background Thread 2 ] DEBUG Engine               - Logging services
11:59:01.686 [FXGL Background Thread 2 ] DEBUG Engine               - class com.almasb.fxgl.app.GameApplication$GameApplicationService
11:59:01.686 [FXGL Background Thread 2 ] DEBUG Engine               - class com.almasb.fxgl.app.services.WindowService
11:59:01.686 [FXGL Background Thread 2 ] DEBUG Engine               - class com.almasb.fxgl.app.services.FXGLDialogService
11:59:01.686 [FXGL Background Thread 2 ] DEBUG Engine               - class com.almasb.fxgl.app.services.IOTaskExecutorService
11:59:01.686 [FXGL Background Thread 2 ] DEBUG Engine               - class com.almasb.fxgl.event.EventBusService
11:59:01.686 [FXGL Background Thread 2 ] DEBUG Engine               - class com.almasb.fxgl.io.FileSystemService
11:59:01.686 [FXGL Background Thread 2 ] DEBUG Engine               - class com.almasb.fxgl.localization.LocalizationService
11:59:01.686 [FXGL Background Thread 2 ] DEBUG Engine               - class com.almasb.fxgl.app.services.AssetLoaderService
11:59:01.686 [FXGL Background Thread 2 ] DEBUG Engine               - class com.almasb.fxgl.app.services.SystemBundleService
11:59:01.686 [FXGL Background Thread 2 ] DEBUG Engine               - class com.almasb.fxgl.profile.SaveLoadService
11:59:01.686 [FXGL Background Thread 2 ] DEBUG Engine               - class com.almasb.fxgl.ui.FXGLUIFactoryServiceProvider
11:59:01.687 [FXGL Background Thread 2 ] DEBUG Engine               - class com.almasb.fxgl.ui.FXGLDialogFactoryServiceProvider
11:59:01.687 [FXGL Background Thread 2 ] DEBUG Engine               - class com.almasb.fxgl.audio.AudioPlayer
11:59:01.687 [FXGL Background Thread 2 ] DEBUG Engine               - class com.almasb.fxgl.notification.impl.NotificationServiceProvider
11:59:01.687 [FXGL Background Thread 2 ] DEBUG Engine               - class com.almasb.fxgl.achievement.AchievementService
11:59:01.687 [FXGL Background Thread 2 ] DEBUG Engine               - class com.almasb.fxgl.cutscene.CutsceneService
11:59:01.687 [FXGL Background Thread 2 ] DEBUG Engine               - class com.almasb.fxgl.minigames.MiniGameService
11:59:01.687 [FXGL Background Thread 2 ] DEBUG Engine               - class com.almasb.fxgl.net.NetService
11:59:01.687 [FXGL Background Thread 2 ] DEBUG Engine               - class com.almasb.fxgl.app.services.UpdaterService
11:59:47.777 [JavaFX Application Thread] DEBUG GameApplication      - Exiting FXGL
11:59:47.778 [JavaFX Application Thread] DEBUG LoopRunner           - Stopping loop
11:59:47.778 [JavaFX Application Thread] DEBUG SystemBundleService  - Saving FXGL system data
11:59:47.781 [JavaFX Application Thread] DEBUG FileSystemAccess     - Writing to: C:\Users\User\Documents\GitHub\JavaMooseGame\system\fxgl.bundle
11:59:47.783 [JavaFX Application Thread] DEBUG GameApplication      - Shutting down background threads
11:59:47.783 [JavaFX Application Thread] DEBUG GameApplication      - Closing logger and exiting JavaFX
