15:41:17.108 [main                     ] DEBUG GameApplication      - Logger initialized
15:41:17.113 [main                     ] DEBUG GameApplication      - Logging settings
Title: MooseGame
Version: 1.0
Width: 600
Height: 900
Fullscreen: false
Intro: false
Menus: true
Profiling: false
Single step:false
App Mode: DEVELOPER
Menu Key: ESCAPE
Stage Style: DECORATED
Scene Factory: class MooseGameApp$1

15:41:17.452 [JavaFX Application Thread] DEBUG GameApplication      - Initializing FXGL
15:41:17.464 [JavaFX Application Thread] INFO  Engine               - FXGL-11.8 (08.03.2020 09.09) on WINDOWS (J:14.0.1 FX:13.0.2)
15:41:17.464 [JavaFX Application Thread] INFO  Engine               - Source code and latest versions at: https://github.com/AlmasB/FXGL
15:41:17.464 [JavaFX Application Thread] INFO  Engine               -              Join the FXGL chat at: https://gitter.im/AlmasB/FXGL
15:41:17.566 [JavaFX Application Thread] DEBUG MainWindow           - Creating a JavaFX scene
15:41:17.618 [JavaFX Application Thread] DEBUG MainWindow           - Target settings size: 600.0 x 900.0
15:41:17.618 [JavaFX Application Thread] DEBUG MainWindow           - Scaled scene size:    600.0 x 900.0
15:41:17.618 [JavaFX Application Thread] DEBUG MainWindow           - Scaled ratio: (1.0, 1.0)
15:41:17.620 [JavaFX Application Thread] DEBUG MainWindow           - Set initial scene to FXGLStartupScene
15:41:17.626 [JavaFX Application Thread] DEBUG MainWindow           - Opening main window
15:41:17.709 [JavaFX Application Thread] DEBUG MainWindow           - Window border size: (16.0, 39.0)
15:41:17.709 [JavaFX Application Thread] DEBUG MainWindow           - Scaled size: 600.0 x 900.0
15:41:17.709 [JavaFX Application Thread] DEBUG MainWindow           - Scaled ratio: (1.0, 1.0)
15:41:17.710 [JavaFX Application Thread] DEBUG MainWindow           - Scene size: 600.0 x 900.0
15:41:17.710 [JavaFX Application Thread] DEBUG MainWindow           - Stage size: 616.0 x 939.0
15:41:17.717 [FXGL Background Thread 1 ] DEBUG Engine               - Initializing environment variables
15:41:17.745 [FXGL Background Thread 1 ] DEBUG WindowService        - Applying CSS: fxgl_dark.css
15:41:17.745 [FXGL Background Thread 1 ] DEBUG AssetLoaderService   - Loading from file system: /assets/ui/css/fxgl_dark.css
15:41:17.780 [FXGL Background Thread 1 ] DEBUG WindowService        - Initializing application scenes
15:41:17.811 [FXGL Background Thread 1 ] DEBUG GameWorld            - Game world initialized
15:41:17.843 [FXGL Background Thread 1 ] DEBUG PhysicsWorld         - Physics world initialized: appHeight=900, physics.ppm=50.0
15:41:17.845 [FXGL Background Thread 1 ] DEBUG GameScene            - Game scene initialized: 600x900
15:41:17.854 [FXGL Background Thread 1 ] DEBUG AssetLoaderService   - Loading from file system: /assets/textures/Roadway.png
15:41:17.920 [FXGL Background Thread 1 ] DEBUG AssetLoaderService   - Loading from file system: /assets/sounds/selection.mp3
15:41:17.985 [FXGL Background Thread 1 ] DEBUG AssetLoaderService   - Loading from cache: /assets/sounds/selection.mp3
15:41:17.986 [FXGL Background Thread 1 ] DEBUG AssetLoaderService   - Loading from cache: /assets/sounds/selection.mp3
15:41:17.986 [FXGL Background Thread 1 ] DEBUG AssetLoaderService   - Loading from cache: /assets/sounds/selection.mp3
15:41:17.987 [FXGL Background Thread 1 ] DEBUG AssetLoaderService   - Loading from cache: /assets/sounds/selection.mp3
15:41:18.005 [FXGL Background Thread 1 ] DEBUG AssetLoaderService   - Loading from file system: /assets/music/Poisoncut_-_MenuMusic.mp3
15:41:18.060 [FXGL Background Thread 1 ] DEBUG AudioPlayer          - Playing music com.almasb.fxgl.audio.Music@c6c719c
15:41:18.078 [FXGL Background Thread 1 ] DEBUG AssetLoaderService   - Loading from file system: /assets/textures/particles/trace_horizontal.png
15:41:18.105 [FXGL Background Thread 1 ] WARN  FXGL.DefaultMenu     - FXGLDefaultMenu is not designed for resolutions < 800x600
15:41:18.105 [FXGL Background Thread 1 ] DEBUG FXGL.DefaultMenu     - createMenuBodyGameMenu()
15:41:18.115 [FXGL Background Thread 1 ] DEBUG FXGL.DefaultMenu     - createOptionsMenu()
15:41:18.118 [FXGL Background Thread 1 ] DEBUG AssetLoaderService   - Loading from file system: /assets/textures/particles/smoke.png
15:41:18.157 [FXGL Background Thread 1 ] DEBUG WindowService        - Application scenes initialized
15:41:18.164 [FXGL Background Thread 1 ] DEBUG SystemBundleService  - Loading FXGL system data
15:41:18.167 [FXGL Background Thread 1 ] DEBUG FileSystemAccess     - Reading from: C:\Users\micha\Desktop\JavaMooseGame\system\fxgl.bundle
15:41:18.171 [FXGL Background Thread 1 ] DEBUG SystemBundleService  - Bundle FXGL: {}
15:41:18.171 [FXGL Background Thread 1 ] INFO  Engine               - FXGL initialization took: 0.452 sec
15:41:18.172 [FXGL Background Thread 1 ] DEBUG GameApplication      - Loading localizations
15:41:18.173 [FXGL Background Thread 1 ] DEBUG AssetLoaderService   - Loading from file system: /assets/properties/languages/english.properties
15:41:18.174 [FXGL Background Thread 1 ] DEBUG AssetLoaderService   - Loading from file system: /assets/properties/languages/french.properties
15:41:18.175 [FXGL Background Thread 1 ] DEBUG AssetLoaderService   - Loading from file system: /assets/properties/languages/german.properties
15:41:18.176 [FXGL Background Thread 1 ] DEBUG AssetLoaderService   - Loading from file system: /assets/properties/languages/hungarian.properties
15:41:18.176 [FXGL Background Thread 1 ] DEBUG AssetLoaderService   - Loading from file system: /assets/properties/languages/russian.properties
15:41:18.177 [FXGL Background Thread 1 ] DEBUG GameApplication      - Registering font factories with UI factory
15:41:18.177 [FXGL Background Thread 1 ] DEBUG AssetLoaderService   - Loading from file system: /assets/ui/fonts/VarelaRound-Regular.ttf
15:41:18.215 [FXGL Background Thread 1 ] DEBUG AssetLoaderService   - Loading from file system: /assets/ui/fonts/Abel-Regular.ttf
15:41:18.223 [FXGL Background Thread 1 ] DEBUG AssetLoaderService   - Loading from file system: /assets/ui/fonts/lucida_console.ttf
15:41:18.232 [FXGL Background Thread 1 ] DEBUG AssetLoaderService   - Loading from file system: /assets/ui/fonts/Courier-Prime.ttf
15:41:18.246 [JavaFX Application Thread] DEBUG Input                - Registered new binding: action0 - A
15:41:18.246 [JavaFX Application Thread] DEBUG Input                - Registered new binding: action1 - S
15:41:18.246 [JavaFX Application Thread] DEBUG Input                - Registered new binding: action2 - D
15:41:18.246 [JavaFX Application Thread] DEBUG Input                - Registered new binding: action3 - W
15:41:18.246 [JavaFX Application Thread] DEBUG Input                - Registered new binding: action4 - 1
15:41:18.246 [JavaFX Application Thread] DEBUG Input                - Registered new binding: action5 - 2
15:41:18.247 [JavaFX Application Thread] DEBUG Input                - Registered new binding: action6 - 3
15:41:18.247 [JavaFX Application Thread] DEBUG Input                - Registered new binding: action7 - Left
15:41:18.247 [JavaFX Application Thread] DEBUG Input                - Registered new binding: action8 - Down
15:41:18.247 [JavaFX Application Thread] DEBUG Input                - Registered new binding: action9 - Right
15:41:18.247 [JavaFX Application Thread] DEBUG Input                - Registered new binding: action10 - Up
15:41:18.247 [JavaFX Application Thread] DEBUG AssetLoaderService   - Loading from file system: /assets/textures/fxgl_icon.png
15:41:18.255 [JavaFX Application Thread] DEBUG AssetLoaderService   - Loading from file system: /assets/ui/cursors/fxgl_default.png
15:41:18.256 [JavaFX Application Thread] DEBUG Input                - Registered new binding: Screenshot - P
15:41:18.256 [JavaFX Application Thread] DEBUG Input                - Registered new binding: System info dump - CTRL+9
15:41:18.256 [JavaFX Application Thread] DEBUG Input                - Registered new binding: Restart - CTRL+R
15:41:18.257 [JavaFX Application Thread] DEBUG LoopRunner           - Starting loop
15:41:18.274 [JavaFX Application Thread] DEBUG FXGLStartupScene     - STARTUP
15:41:18.274 [JavaFX Application Thread] DEBUG Input                - Clearing active input actions
15:41:18.289 [JavaFX Application Thread] DEBUG WindowService        - Removing overlay from FXGLStartupScene and adding to MooseGameMenu
15:41:18.289 [JavaFX Application Thread] DEBUG MainWindow           - FXGLStartupScene -> MooseGameMenu
15:41:21.173 [FXGL Background Thread 2 ] DEBUG Engine               - Logging environment variables
15:41:21.173 [FXGL Background Thread 2 ] DEBUG Engine               - achievements: []
15:41:21.173 [FXGL Background Thread 2 ] DEBUG Engine               - language: ObjectProperty [value: ENGLISH]
15:41:21.173 [FXGL Background Thread 2 ] DEBUG Engine               - isCloseConfirmation: false
15:41:21.173 [FXGL Background Thread 2 ] DEBUG Engine               - isProfilingEnabled: false
15:41:21.173 [FXGL Background Thread 2 ] DEBUG Engine               - soundNotification: core/notification.wav
15:41:21.173 [FXGL Background Thread 2 ] DEBUG Engine               - devShowBBoxProperty: BooleanProperty [value: false]
15:41:21.173 [FXGL Background Thread 2 ] DEBUG Engine               - pixelsPerMeter: 50.0
15:41:21.173 [FXGL Background Thread 2 ] DEBUG Engine               - appIcon: fxgl_icon.png
15:41:21.173 [FXGL Background Thread 2 ] DEBUG Engine               - soundMenuBack: menu/back.wav
15:41:21.173 [FXGL Background Thread 2 ] DEBUG Engine               - isFullScreenAllowed: false
15:41:21.173 [FXGL Background Thread 2 ] DEBUG Engine               - isIntroEnabled: false
15:41:21.173 [FXGL Background Thread 2 ] DEBUG Engine               - fontMono: lucida_console.ttf
15:41:21.174 [FXGL Background Thread 2 ] DEBUG Engine               - soundMenuSelect: menu/select.wav
15:41:21.174 [FXGL Background Thread 2 ] DEBUG Engine               - isWindows: true
15:41:21.174 [FXGL Background Thread 2 ] DEBUG Engine               - isUserProfileEnabled: false
15:41:21.174 [FXGL Background Thread 2 ] DEBUG Engine               - isMobile: false
15:41:21.174 [FXGL Background Thread 2 ] DEBUG Engine               - height: 900
15:41:21.174 [FXGL Background Thread 2 ] DEBUG Engine               - isExperimentalNative: false
15:41:21.174 [FXGL Background Thread 2 ] DEBUG Engine               - settings: Title: MooseGame
Version: 1.0
Width: 600
Height: 900
Fullscreen: false
Intro: false
Menus: true
Profiling: false
Single step:false
App Mode: DEVELOPER
Menu Key: ESCAPE
Stage Style: DECORATED
Scene Factory: class MooseGameApp$1

15:41:21.174 [FXGL Background Thread 2 ] DEBUG Engine               - isSingleStep: false
15:41:21.174 [FXGL Background Thread 2 ] DEBUG Engine               - cSSList: [fxgl_dark.css]
15:41:21.174 [FXGL Background Thread 2 ] DEBUG Engine               - fontGame: Abel-Regular.ttf
15:41:21.174 [FXGL Background Thread 2 ] DEBUG Engine               - menuKey: ESCAPE
15:41:21.174 [FXGL Background Thread 2 ] DEBUG Engine               - devShowPositionProperty: BooleanProperty [value: false]
15:41:21.174 [FXGL Background Thread 2 ] DEBUG Engine               - versionCheckDays: 7
15:41:21.174 [FXGL Background Thread 2 ] DEBUG Engine               - configClass: Optional.empty
15:41:21.174 [FXGL Background Thread 2 ] DEBUG Engine               - isFullScreenFromStart: false
15:41:21.174 [FXGL Background Thread 2 ] DEBUG Engine               - version: 1.0
15:41:21.174 [FXGL Background Thread 2 ] DEBUG Engine               - fullScreen: BooleanProperty [value: false]
15:41:21.174 [FXGL Background Thread 2 ] DEBUG Engine               - randomSeed: -1
15:41:21.174 [FXGL Background Thread 2 ] DEBUG Engine               - gameDifficultyProperty: ObjectProperty [value: MEDIUM]
15:41:21.174 [FXGL Background Thread 2 ] DEBUG Engine               - applicationMode: DEVELOPER
15:41:21.175 [FXGL Background Thread 2 ] DEBUG Engine               - isMac: false
15:41:21.175 [FXGL Background Thread 2 ] DEBUG Engine               - isMenuEnabled: true
15:41:21.175 [FXGL Background Thread 2 ] DEBUG Engine               - profileName: StringProperty [value: DEFAULT]
15:41:21.175 [FXGL Background Thread 2 ] DEBUG Engine               - urlPOM: https://raw.githubusercontent.com/AlmasB/FXGL/master/pom.xml
15:41:21.175 [FXGL Background Thread 2 ] DEBUG Engine               - notificationViewClass: class com.almasb.fxgl.notification.view.XboxNotificationView
15:41:21.175 [FXGL Background Thread 2 ] DEBUG Engine               - devSensorColorProperty: ObjectProperty [value: 0xffff00ff]
15:41:21.175 [FXGL Background Thread 2 ] DEBUG Engine               - sceneFactory: MooseGameApp$1@5b98deff
15:41:21.175 [FXGL Background Thread 2 ] DEBUG Engine               - stageStyle: DECORATED
15:41:21.175 [FXGL Background Thread 2 ] DEBUG Engine               - isManualResizeEnabled: false
15:41:21.175 [FXGL Background Thread 2 ] DEBUG Engine               - title: MooseGame
15:41:21.175 [FXGL Background Thread 2 ] DEBUG Engine               - platform: WINDOWS
15:41:21.175 [FXGL Background Thread 2 ] DEBUG Engine               - devBBoxColorProperty: ObjectProperty [value: 0xff0000ff]
15:41:21.175 [FXGL Background Thread 2 ] DEBUG Engine               - gameDifficulty: MEDIUM
15:41:21.175 [FXGL Background Thread 2 ] DEBUG Engine               - isDesktop: true
15:41:21.175 [FXGL Background Thread 2 ] DEBUG Engine               - supportedLanguages: [ENGLISH, FRENCH, GERMAN, HUNGARIAN, RUSSIAN]
15:41:21.175 [FXGL Background Thread 2 ] DEBUG Engine               - credits: []
15:41:21.175 [FXGL Background Thread 2 ] DEBUG Engine               - globalMusicVolumeProperty: DoubleProperty [value: 0.5]
15:41:21.175 [FXGL Background Thread 2 ] DEBUG Engine               - isPreserveResizeRatio: false
15:41:21.176 [FXGL Background Thread 2 ] DEBUG Engine               - fontText: Courier-Prime.ttf
15:41:21.176 [FXGL Background Thread 2 ] DEBUG Engine               - isExperimentalTiledLargeMap: false
15:41:21.176 [FXGL Background Thread 2 ] DEBUG Engine               - secondsIn24h: 60
15:41:21.176 [FXGL Background Thread 2 ] DEBUG Engine               - runtimeInfo: RuntimeInfo(platform=WINDOWS, version=11.8, build=08.03.2020 09.09)
15:41:21.176 [FXGL Background Thread 2 ] DEBUG Engine               - isLinux: false
15:41:21.176 [FXGL Background Thread 2 ] DEBUG Engine               - soundMenuPress: menu/press.wav
15:41:21.176 [FXGL Background Thread 2 ] DEBUG Engine               - urlGithub: https://github.com/AlmasB/FXGL
15:41:21.176 [FXGL Background Thread 2 ] DEBUG Engine               - profileDir: profiles/
15:41:21.176 [FXGL Background Thread 2 ] DEBUG Engine               - isDeveloperMenuEnabled: false
15:41:21.176 [FXGL Background Thread 2 ] DEBUG Engine               - globalSoundVolumeProperty: DoubleProperty [value: 0.5]
15:41:21.176 [FXGL Background Thread 2 ] DEBUG Engine               - mainWindow: com.almasb.fxgl.app.MainWindow@5fa75154
15:41:21.176 [FXGL Background Thread 2 ] DEBUG Engine               - isBrowser: false
15:41:21.176 [FXGL Background Thread 2 ] DEBUG Engine               - urlLeaderboard: http://fxgl-top.herokuapp.com/
15:41:21.176 [FXGL Background Thread 2 ] DEBUG Engine               - globalSoundVolume: 0.5
15:41:21.176 [FXGL Background Thread 2 ] DEBUG Engine               - engineServices: [class com.almasb.fxgl.app.GameApplication$GameApplicationService, class com.almasb.fxgl.app.services.WindowService, class com.almasb.fxgl.app.services.FXGLDialogService, class com.almasb.fxgl.app.services.IOTaskExecutorService, class com.almasb.fxgl.event.EventBusService, class com.almasb.fxgl.io.FileSystemService, class com.almasb.fxgl.localization.LocalizationService, class com.almasb.fxgl.app.services.AssetLoaderService, class com.almasb.fxgl.app.services.SystemBundleService, class com.almasb.fxgl.profile.SaveLoadService, class com.almasb.fxgl.ui.FXGLUIFactoryServiceProvider, class com.almasb.fxgl.ui.FXGLDialogFactoryServiceProvider, class com.almasb.fxgl.audio.AudioPlayer, class com.almasb.fxgl.notification.impl.NotificationServiceProvider, class com.almasb.fxgl.achievement.AchievementService, class com.almasb.fxgl.cutscene.CutsceneService, class com.almasb.fxgl.minigames.MiniGameService, class com.almasb.fxgl.net.NetService, class com.almasb.fxgl.app.services.UpdaterService]
15:41:21.176 [FXGL Background Thread 2 ] DEBUG Engine               - globalMusicVolume: 0.5
15:41:21.176 [FXGL Background Thread 2 ] DEBUG Engine               - width: 600
15:41:21.176 [FXGL Background Thread 2 ] DEBUG Engine               - saveFileExt: sav
15:41:21.176 [FXGL Background Thread 2 ] DEBUG Engine               - isAndroid: false
15:41:21.176 [FXGL Background Thread 2 ] DEBUG Engine               - fontUI: VarelaRound-Regular.ttf
15:41:21.177 [FXGL Background Thread 2 ] DEBUG Engine               - enabledMenuItems: []
15:41:21.177 [FXGL Background Thread 2 ] DEBUG Engine               - isIOS: false
15:41:21.177 [FXGL Background Thread 2 ] DEBUG Engine               - Logging services
15:41:21.177 [FXGL Background Thread 2 ] DEBUG Engine               - class com.almasb.fxgl.app.GameApplication$GameApplicationService
15:41:21.177 [FXGL Background Thread 2 ] DEBUG Engine               - class com.almasb.fxgl.app.services.WindowService
15:41:21.177 [FXGL Background Thread 2 ] DEBUG Engine               - class com.almasb.fxgl.app.services.FXGLDialogService
15:41:21.177 [FXGL Background Thread 2 ] DEBUG Engine               - class com.almasb.fxgl.app.services.IOTaskExecutorService
15:41:21.177 [FXGL Background Thread 2 ] DEBUG Engine               - class com.almasb.fxgl.event.EventBusService
15:41:21.177 [FXGL Background Thread 2 ] DEBUG Engine               - class com.almasb.fxgl.io.FileSystemService
15:41:21.177 [FXGL Background Thread 2 ] DEBUG Engine               - class com.almasb.fxgl.localization.LocalizationService
15:41:21.177 [FXGL Background Thread 2 ] DEBUG Engine               - class com.almasb.fxgl.app.services.AssetLoaderService
15:41:21.177 [FXGL Background Thread 2 ] DEBUG Engine               - class com.almasb.fxgl.app.services.SystemBundleService
15:41:21.177 [FXGL Background Thread 2 ] DEBUG Engine               - class com.almasb.fxgl.profile.SaveLoadService
15:41:21.177 [FXGL Background Thread 2 ] DEBUG Engine               - class com.almasb.fxgl.ui.FXGLUIFactoryServiceProvider
15:41:21.177 [FXGL Background Thread 2 ] DEBUG Engine               - class com.almasb.fxgl.ui.FXGLDialogFactoryServiceProvider
15:41:21.177 [FXGL Background Thread 2 ] DEBUG Engine               - class com.almasb.fxgl.audio.AudioPlayer
15:41:21.177 [FXGL Background Thread 2 ] DEBUG Engine               - class com.almasb.fxgl.notification.impl.NotificationServiceProvider
15:41:21.177 [FXGL Background Thread 2 ] DEBUG Engine               - class com.almasb.fxgl.achievement.AchievementService
15:41:21.177 [FXGL Background Thread 2 ] DEBUG Engine               - class com.almasb.fxgl.cutscene.CutsceneService
15:41:21.177 [FXGL Background Thread 2 ] DEBUG Engine               - class com.almasb.fxgl.minigames.MiniGameService
15:41:21.177 [FXGL Background Thread 2 ] DEBUG Engine               - class com.almasb.fxgl.net.NetService
15:41:21.177 [FXGL Background Thread 2 ] DEBUG Engine               - class com.almasb.fxgl.app.services.UpdaterService
15:41:21.802 [JavaFX Application Thread] DEBUG GameApplication      - Exiting FXGL
15:41:21.802 [JavaFX Application Thread] DEBUG LoopRunner           - Stopping loop
15:41:21.802 [JavaFX Application Thread] DEBUG SystemBundleService  - Saving FXGL system data
15:41:21.804 [JavaFX Application Thread] DEBUG FileSystemAccess     - Writing to: C:\Users\micha\Desktop\JavaMooseGame\system\fxgl.bundle
15:41:21.805 [JavaFX Application Thread] DEBUG GameApplication      - Shutting down background threads
15:41:21.805 [JavaFX Application Thread] DEBUG GameApplication      - Closing logger and exiting JavaFX
