14:05:34.275 [main                     ] DEBUG GameApplication      - Logger initialized
14:05:34.280 [main                     ] DEBUG GameApplication      - Logging settings
Title: MooseGame
Version: 0.2
Width: 600
Height: 900
Fullscreen: false
Intro: false
Menus: true
Profiling: false
Single step:false
App Mode: DEVELOPER
Menu Key: ESCAPE
Stage Style: DECORATED
Scene Factory: class com.almasb.fxgl.app.scene.SceneFactory

14:05:34.594 [JavaFX Application Thread] DEBUG GameApplication      - Initializing FXGL
14:05:34.601 [JavaFX Application Thread] INFO  Engine               - FXGL-11.8 (08.03.2020 09.09) on WINDOWS (J:14.0.1 FX:13.0.2)
14:05:34.601 [JavaFX Application Thread] INFO  Engine               - Source code and latest versions at: https://github.com/AlmasB/FXGL
14:05:34.601 [JavaFX Application Thread] INFO  Engine               -              Join the FXGL chat at: https://gitter.im/AlmasB/FXGL
14:05:34.702 [JavaFX Application Thread] DEBUG MainWindow           - Creating a JavaFX scene
14:05:34.744 [JavaFX Application Thread] DEBUG MainWindow           - Target settings size: 600.0 x 900.0
14:05:34.745 [JavaFX Application Thread] DEBUG MainWindow           - Scaled scene size:    600.0 x 900.0
14:05:34.745 [JavaFX Application Thread] DEBUG MainWindow           - Scaled ratio: (1.0, 1.0)
14:05:34.746 [JavaFX Application Thread] DEBUG MainWindow           - Set initial scene to FXGLStartupScene
14:05:34.751 [JavaFX Application Thread] DEBUG MainWindow           - Opening main window
14:05:34.826 [JavaFX Application Thread] DEBUG MainWindow           - Window border size: (16.0, 39.0)
14:05:34.827 [JavaFX Application Thread] DEBUG MainWindow           - Scaled size: 600.0 x 900.0
14:05:34.827 [JavaFX Application Thread] DEBUG MainWindow           - Scaled ratio: (1.0, 1.0)
14:05:34.827 [JavaFX Application Thread] DEBUG MainWindow           - Scene size: 600.0 x 900.0
14:05:34.827 [JavaFX Application Thread] DEBUG MainWindow           - Stage size: 616.0 x 939.0
14:05:34.833 [FXGL Background Thread 1 ] DEBUG Engine               - Initializing environment variables
14:05:34.858 [FXGL Background Thread 1 ] DEBUG WindowService        - Applying CSS: fxgl_dark.css
14:05:34.858 [FXGL Background Thread 1 ] DEBUG AssetLoaderService   - Loading from file system: /assets/ui/css/fxgl_dark.css
14:05:34.892 [FXGL Background Thread 1 ] DEBUG WindowService        - Initializing application scenes
14:05:34.917 [FXGL Background Thread 1 ] DEBUG GameWorld            - Game world initialized
14:05:34.945 [FXGL Background Thread 1 ] DEBUG PhysicsWorld         - Physics world initialized: appHeight=900, physics.ppm=50.0
14:05:34.947 [FXGL Background Thread 1 ] DEBUG GameScene            - Game scene initialized: 600x900
14:05:34.967 [FXGL Background Thread 1 ] DEBUG AssetLoaderService   - Loading from file system: /assets/textures/particles/trace_horizontal.png
14:05:35.009 [FXGL Background Thread 1 ] WARN  FXGL.DefaultMenu     - FXGLDefaultMenu is not designed for resolutions < 800x600
14:05:35.009 [FXGL Background Thread 1 ] DEBUG FXGL.DefaultMenu     - createMenuBodyMainMenu()
14:05:35.021 [FXGL Background Thread 1 ] DEBUG FXGL.DefaultMenu     - createOptionsMenu()
14:05:35.024 [FXGL Background Thread 1 ] DEBUG AssetLoaderService   - Loading from file system: /assets/textures/particles/smoke.png
14:05:35.074 [FXGL Background Thread 1 ] DEBUG AssetLoaderService   - Loading from cache: /assets/textures/particles/trace_horizontal.png@64.0x64.0
14:05:35.074 [FXGL Background Thread 1 ] WARN  FXGL.DefaultMenu     - FXGLDefaultMenu is not designed for resolutions < 800x600
14:05:35.074 [FXGL Background Thread 1 ] DEBUG FXGL.DefaultMenu     - createMenuBodyGameMenu()
14:05:35.075 [FXGL Background Thread 1 ] DEBUG FXGL.DefaultMenu     - createOptionsMenu()
14:05:35.077 [FXGL Background Thread 1 ] DEBUG AssetLoaderService   - Loading from cache: /assets/textures/particles/smoke.png@128.0x128.0
14:05:35.088 [FXGL Background Thread 1 ] DEBUG WindowService        - Application scenes initialized
14:05:35.094 [FXGL Background Thread 1 ] DEBUG SystemBundleService  - Loading FXGL system data
14:05:35.096 [FXGL Background Thread 1 ] DEBUG FileSystemAccess     - Reading from: C:\Users\micha\Desktop\JavaMooseGame\system\fxgl.bundle
14:05:35.100 [FXGL Background Thread 1 ] DEBUG SystemBundleService  - Bundle FXGL: {}
14:05:35.101 [FXGL Background Thread 1 ] INFO  Engine               - FXGL initialization took: 0.266 sec
14:05:35.102 [FXGL Background Thread 1 ] DEBUG GameApplication      - Loading localizations
14:05:35.102 [FXGL Background Thread 1 ] DEBUG AssetLoaderService   - Loading from file system: /assets/properties/languages/english.properties
14:05:35.103 [FXGL Background Thread 1 ] DEBUG AssetLoaderService   - Loading from file system: /assets/properties/languages/french.properties
14:05:35.104 [FXGL Background Thread 1 ] DEBUG AssetLoaderService   - Loading from file system: /assets/properties/languages/german.properties
14:05:35.105 [FXGL Background Thread 1 ] DEBUG AssetLoaderService   - Loading from file system: /assets/properties/languages/hungarian.properties
14:05:35.106 [FXGL Background Thread 1 ] DEBUG AssetLoaderService   - Loading from file system: /assets/properties/languages/russian.properties
14:05:35.107 [FXGL Background Thread 1 ] DEBUG GameApplication      - Registering font factories with UI factory
14:05:35.108 [FXGL Background Thread 1 ] DEBUG AssetLoaderService   - Loading from file system: /assets/ui/fonts/VarelaRound-Regular.ttf
14:05:35.148 [FXGL Background Thread 1 ] DEBUG AssetLoaderService   - Loading from file system: /assets/ui/fonts/Abel-Regular.ttf
14:05:35.156 [FXGL Background Thread 1 ] DEBUG AssetLoaderService   - Loading from file system: /assets/ui/fonts/lucida_console.ttf
14:05:35.165 [FXGL Background Thread 1 ] DEBUG AssetLoaderService   - Loading from file system: /assets/ui/fonts/Courier-Prime.ttf
14:05:35.180 [JavaFX Application Thread] DEBUG Input                - Registered new binding: action0 - A
14:05:35.180 [JavaFX Application Thread] DEBUG Input                - Registered new binding: action1 - S
14:05:35.181 [JavaFX Application Thread] DEBUG Input                - Registered new binding: action2 - D
14:05:35.181 [JavaFX Application Thread] DEBUG Input                - Registered new binding: action3 - W
14:05:35.181 [JavaFX Application Thread] DEBUG Input                - Registered new binding: action4 - Space
14:05:35.181 [JavaFX Application Thread] DEBUG Input                - Registered new binding: action5 - Left
14:05:35.181 [JavaFX Application Thread] DEBUG Input                - Registered new binding: action6 - Down
14:05:35.182 [JavaFX Application Thread] DEBUG Input                - Registered new binding: action7 - Right
14:05:35.182 [JavaFX Application Thread] DEBUG Input                - Registered new binding: action8 - Up
14:05:35.182 [JavaFX Application Thread] DEBUG AssetLoaderService   - Loading from file system: /assets/textures/fxgl_icon.png
14:05:35.197 [JavaFX Application Thread] DEBUG AssetLoaderService   - Loading from file system: /assets/ui/cursors/fxgl_default.png
14:05:35.199 [JavaFX Application Thread] DEBUG Input                - Registered new binding: Screenshot - P
14:05:35.199 [JavaFX Application Thread] DEBUG Input                - Registered new binding: System info dump - CTRL+9
14:05:35.199 [JavaFX Application Thread] DEBUG Input                - Registered new binding: Restart - CTRL+R
14:05:35.200 [JavaFX Application Thread] DEBUG LoopRunner           - Starting loop
14:05:35.208 [JavaFX Application Thread] DEBUG FXGLStartupScene     - STARTUP
14:05:35.211 [JavaFX Application Thread] DEBUG Input                - Clearing active input actions
14:05:35.225 [JavaFX Application Thread] DEBUG WindowService        - Removing overlay from FXGLStartupScene and adding to FXGLDefaultMenu
14:05:35.225 [JavaFX Application Thread] DEBUG MainWindow           - FXGLStartupScene -> FXGLDefaultMenu
14:05:36.479 [JavaFX Application Thread] DEBUG Menu                 - fireNewGame()
14:05:36.480 [JavaFX Application Thread] DEBUG WindowService        - Starting new game
14:05:36.480 [JavaFX Application Thread] DEBUG Input                - Clearing active input actions
14:05:36.492 [JavaFX Application Thread] DEBUG WindowService        - Removing overlay from FXGLDefaultMenu and adding to FXGLLoadingScene
14:05:36.492 [JavaFX Application Thread] DEBUG MainWindow           - FXGLDefaultMenu -> FXGLLoadingScene
14:05:36.492 [JavaFX Application Thread] DEBUG WindowService        - Clearing previous game
14:05:36.492 [JavaFX Application Thread] DEBUG GameScene            - Clearing game scene
14:05:36.492 [JavaFX Application Thread] DEBUG GameWorld            - Clearing game world
14:05:36.493 [JavaFX Application Thread] DEBUG PhysicsWorld         - Clearing physics world
14:05:36.494 [FXGL Background Thread 1 ] DEBUG GameApplication      - Initializing game
14:05:36.502 [FXGL Background Thread 1 ] DEBUG AssetLoaderService   - Loading from file system: /assets/textures/road_with_patches.png
14:05:36.512 [FXGL Background Thread 1 ] DEBUG AssetLoaderService   - Loading from cache: /assets/textures/road_with_patches.png
14:05:36.512 [FXGL Background Thread 1 ] DEBUG AssetLoaderService   - Loading from file system: /assets/textures/Car_Audi_Sport_Quattro_86x145.png
14:05:36.524 [FXGL Background Thread 1 ] DEBUG AssetLoaderService   - Loading from file system: /assets/ui/moosegame_ui.fxml
14:05:36.578 [FXGL Background Thread 1 ] INFO  GameApplication      - Game initialization took: 0.084 sec
14:05:36.578 [JavaFX Application Thread] DEBUG Input                - Clearing active input actions
14:05:36.590 [JavaFX Application Thread] DEBUG WindowService        - Removing overlay from FXGLLoadingScene and adding to GameScene
14:05:36.590 [JavaFX Application Thread] DEBUG MainWindow           - FXGLLoadingScene -> GameScene
14:05:38.102 [FXGL Background Thread 2 ] DEBUG Engine               - Logging environment variables
14:05:38.102 [FXGL Background Thread 2 ] DEBUG Engine               - achievements: []
14:05:38.102 [FXGL Background Thread 2 ] DEBUG Engine               - language: ObjectProperty [value: ENGLISH]
14:05:38.102 [FXGL Background Thread 2 ] DEBUG Engine               - isCloseConfirmation: false
14:05:38.102 [FXGL Background Thread 2 ] DEBUG Engine               - isProfilingEnabled: false
14:05:38.102 [FXGL Background Thread 2 ] DEBUG Engine               - soundNotification: core/notification.wav
14:05:38.102 [FXGL Background Thread 2 ] DEBUG Engine               - devShowBBoxProperty: BooleanProperty [value: false]
14:05:38.102 [FXGL Background Thread 2 ] DEBUG Engine               - pixelsPerMeter: 50.0
14:05:38.102 [FXGL Background Thread 2 ] DEBUG Engine               - appIcon: fxgl_icon.png
14:05:38.102 [FXGL Background Thread 2 ] DEBUG Engine               - soundMenuBack: menu/back.wav
14:05:38.102 [FXGL Background Thread 2 ] DEBUG Engine               - isFullScreenAllowed: false
14:05:38.102 [FXGL Background Thread 2 ] DEBUG Engine               - isIntroEnabled: false
14:05:38.102 [FXGL Background Thread 2 ] DEBUG Engine               - fontMono: lucida_console.ttf
14:05:38.102 [FXGL Background Thread 2 ] DEBUG Engine               - soundMenuSelect: menu/select.wav
14:05:38.102 [FXGL Background Thread 2 ] DEBUG Engine               - isWindows: true
14:05:38.103 [FXGL Background Thread 2 ] DEBUG Engine               - isMobile: false
14:05:38.103 [FXGL Background Thread 2 ] DEBUG Engine               - isUserProfileEnabled: false
14:05:38.103 [FXGL Background Thread 2 ] DEBUG Engine               - height: 900
14:05:38.103 [FXGL Background Thread 2 ] DEBUG Engine               - isExperimentalNative: false
14:05:38.103 [FXGL Background Thread 2 ] DEBUG Engine               - settings: Title: MooseGame
Version: 0.2
Width: 600
Height: 900
Fullscreen: false
Intro: false
Menus: true
Profiling: false
Single step:false
App Mode: DEVELOPER
Menu Key: ESCAPE
Stage Style: DECORATED
Scene Factory: class com.almasb.fxgl.app.scene.SceneFactory

14:05:38.103 [FXGL Background Thread 2 ] DEBUG Engine               - isSingleStep: false
14:05:38.103 [FXGL Background Thread 2 ] DEBUG Engine               - cSSList: [fxgl_dark.css]
14:05:38.103 [FXGL Background Thread 2 ] DEBUG Engine               - fontGame: Abel-Regular.ttf
14:05:38.103 [FXGL Background Thread 2 ] DEBUG Engine               - menuKey: ESCAPE
14:05:38.103 [FXGL Background Thread 2 ] DEBUG Engine               - devShowPositionProperty: BooleanProperty [value: false]
14:05:38.103 [FXGL Background Thread 2 ] DEBUG Engine               - versionCheckDays: 7
14:05:38.103 [FXGL Background Thread 2 ] DEBUG Engine               - configClass: Optional.empty
14:05:38.103 [FXGL Background Thread 2 ] DEBUG Engine               - isFullScreenFromStart: false
14:05:38.103 [FXGL Background Thread 2 ] DEBUG Engine               - version: 0.2
14:05:38.103 [FXGL Background Thread 2 ] DEBUG Engine               - fullScreen: BooleanProperty [value: false]
14:05:38.103 [FXGL Background Thread 2 ] DEBUG Engine               - randomSeed: -1
14:05:38.103 [FXGL Background Thread 2 ] DEBUG Engine               - gameDifficultyProperty: ObjectProperty [value: MEDIUM]
14:05:38.103 [FXGL Background Thread 2 ] DEBUG Engine               - applicationMode: DEVELOPER
14:05:38.103 [FXGL Background Thread 2 ] DEBUG Engine               - isMac: false
14:05:38.103 [FXGL Background Thread 2 ] DEBUG Engine               - isMenuEnabled: true
14:05:38.103 [FXGL Background Thread 2 ] DEBUG Engine               - urlPOM: https://raw.githubusercontent.com/AlmasB/FXGL/master/pom.xml
14:05:38.104 [FXGL Background Thread 2 ] DEBUG Engine               - profileName: StringProperty [value: DEFAULT]
14:05:38.104 [FXGL Background Thread 2 ] DEBUG Engine               - notificationViewClass: class com.almasb.fxgl.notification.view.XboxNotificationView
14:05:38.104 [FXGL Background Thread 2 ] DEBUG Engine               - devSensorColorProperty: ObjectProperty [value: 0xffff00ff]
14:05:38.104 [FXGL Background Thread 2 ] DEBUG Engine               - sceneFactory: com.almasb.fxgl.app.scene.SceneFactory@5bd4b55a
14:05:38.104 [FXGL Background Thread 2 ] DEBUG Engine               - stageStyle: DECORATED
14:05:38.104 [FXGL Background Thread 2 ] DEBUG Engine               - isManualResizeEnabled: false
14:05:38.104 [FXGL Background Thread 2 ] DEBUG Engine               - title: MooseGame
14:05:38.104 [FXGL Background Thread 2 ] DEBUG Engine               - platform: WINDOWS
14:05:38.104 [FXGL Background Thread 2 ] DEBUG Engine               - devBBoxColorProperty: ObjectProperty [value: 0xff0000ff]
14:05:38.104 [FXGL Background Thread 2 ] DEBUG Engine               - gameDifficulty: MEDIUM
14:05:38.104 [FXGL Background Thread 2 ] DEBUG Engine               - isDesktop: true
14:05:38.104 [FXGL Background Thread 2 ] DEBUG Engine               - supportedLanguages: [ENGLISH, FRENCH, GERMAN, HUNGARIAN, RUSSIAN]
14:05:38.104 [FXGL Background Thread 2 ] DEBUG Engine               - credits: []
14:05:38.105 [FXGL Background Thread 2 ] DEBUG Engine               - globalMusicVolumeProperty: DoubleProperty [value: 0.5]
14:05:38.105 [FXGL Background Thread 2 ] DEBUG Engine               - isPreserveResizeRatio: false
14:05:38.105 [FXGL Background Thread 2 ] DEBUG Engine               - fontText: Courier-Prime.ttf
14:05:38.105 [FXGL Background Thread 2 ] DEBUG Engine               - isExperimentalTiledLargeMap: false
14:05:38.105 [FXGL Background Thread 2 ] DEBUG Engine               - secondsIn24h: 60
14:05:38.105 [FXGL Background Thread 2 ] DEBUG Engine               - runtimeInfo: RuntimeInfo(platform=WINDOWS, version=11.8, build=08.03.2020 09.09)
14:05:38.105 [FXGL Background Thread 2 ] DEBUG Engine               - isLinux: false
14:05:38.105 [FXGL Background Thread 2 ] DEBUG Engine               - soundMenuPress: menu/press.wav
14:05:38.105 [FXGL Background Thread 2 ] DEBUG Engine               - urlGithub: https://github.com/AlmasB/FXGL
14:05:38.105 [FXGL Background Thread 2 ] DEBUG Engine               - profileDir: profiles/
14:05:38.105 [FXGL Background Thread 2 ] DEBUG Engine               - globalSoundVolumeProperty: DoubleProperty [value: 0.5]
14:05:38.105 [FXGL Background Thread 2 ] DEBUG Engine               - isDeveloperMenuEnabled: false
14:05:38.105 [FXGL Background Thread 2 ] DEBUG Engine               - mainWindow: com.almasb.fxgl.app.MainWindow@5feb2af8
14:05:38.105 [FXGL Background Thread 2 ] DEBUG Engine               - isBrowser: false
14:05:38.105 [FXGL Background Thread 2 ] DEBUG Engine               - globalSoundVolume: 0.5
14:05:38.105 [FXGL Background Thread 2 ] DEBUG Engine               - urlLeaderboard: http://fxgl-top.herokuapp.com/
14:05:38.105 [FXGL Background Thread 2 ] DEBUG Engine               - engineServices: [class com.almasb.fxgl.app.GameApplication$GameApplicationService, class com.almasb.fxgl.app.services.WindowService, class com.almasb.fxgl.app.services.FXGLDialogService, class com.almasb.fxgl.app.services.IOTaskExecutorService, class com.almasb.fxgl.event.EventBusService, class com.almasb.fxgl.io.FileSystemService, class com.almasb.fxgl.localization.LocalizationService, class com.almasb.fxgl.app.services.AssetLoaderService, class com.almasb.fxgl.app.services.SystemBundleService, class com.almasb.fxgl.profile.SaveLoadService, class com.almasb.fxgl.ui.FXGLUIFactoryServiceProvider, class com.almasb.fxgl.ui.FXGLDialogFactoryServiceProvider, class com.almasb.fxgl.audio.AudioPlayer, class com.almasb.fxgl.notification.impl.NotificationServiceProvider, class com.almasb.fxgl.achievement.AchievementService, class com.almasb.fxgl.cutscene.CutsceneService, class com.almasb.fxgl.minigames.MiniGameService, class com.almasb.fxgl.net.NetService, class com.almasb.fxgl.app.services.UpdaterService]
14:05:38.105 [FXGL Background Thread 2 ] DEBUG Engine               - globalMusicVolume: 0.5
14:05:38.105 [FXGL Background Thread 2 ] DEBUG Engine               - width: 600
14:05:38.105 [FXGL Background Thread 2 ] DEBUG Engine               - saveFileExt: sav
14:05:38.106 [FXGL Background Thread 2 ] DEBUG Engine               - isAndroid: false
14:05:38.106 [FXGL Background Thread 2 ] DEBUG Engine               - fontUI: VarelaRound-Regular.ttf
14:05:38.106 [FXGL Background Thread 2 ] DEBUG Engine               - enabledMenuItems: []
14:05:38.106 [FXGL Background Thread 2 ] DEBUG Engine               - isIOS: false
14:05:38.106 [FXGL Background Thread 2 ] DEBUG Engine               - Logging services
14:05:38.106 [FXGL Background Thread 2 ] DEBUG Engine               - class com.almasb.fxgl.app.GameApplication$GameApplicationService
14:05:38.106 [FXGL Background Thread 2 ] DEBUG Engine               - class com.almasb.fxgl.app.services.WindowService
14:05:38.106 [FXGL Background Thread 2 ] DEBUG Engine               - class com.almasb.fxgl.app.services.FXGLDialogService
14:05:38.106 [FXGL Background Thread 2 ] DEBUG Engine               - class com.almasb.fxgl.app.services.IOTaskExecutorService
14:05:38.106 [FXGL Background Thread 2 ] DEBUG Engine               - class com.almasb.fxgl.event.EventBusService
14:05:38.106 [FXGL Background Thread 2 ] DEBUG Engine               - class com.almasb.fxgl.io.FileSystemService
14:05:38.106 [FXGL Background Thread 2 ] DEBUG Engine               - class com.almasb.fxgl.localization.LocalizationService
14:05:38.106 [FXGL Background Thread 2 ] DEBUG Engine               - class com.almasb.fxgl.app.services.AssetLoaderService
14:05:38.106 [FXGL Background Thread 2 ] DEBUG Engine               - class com.almasb.fxgl.app.services.SystemBundleService
14:05:38.106 [FXGL Background Thread 2 ] DEBUG Engine               - class com.almasb.fxgl.profile.SaveLoadService
14:05:38.106 [FXGL Background Thread 2 ] DEBUG Engine               - class com.almasb.fxgl.ui.FXGLUIFactoryServiceProvider
14:05:38.106 [FXGL Background Thread 2 ] DEBUG Engine               - class com.almasb.fxgl.ui.FXGLDialogFactoryServiceProvider
14:05:38.106 [FXGL Background Thread 2 ] DEBUG Engine               - class com.almasb.fxgl.audio.AudioPlayer
14:05:38.106 [FXGL Background Thread 2 ] DEBUG Engine               - class com.almasb.fxgl.notification.impl.NotificationServiceProvider
14:05:38.106 [FXGL Background Thread 2 ] DEBUG Engine               - class com.almasb.fxgl.achievement.AchievementService
14:05:38.106 [FXGL Background Thread 2 ] DEBUG Engine               - class com.almasb.fxgl.cutscene.CutsceneService
14:05:38.107 [FXGL Background Thread 2 ] DEBUG Engine               - class com.almasb.fxgl.minigames.MiniGameService
14:05:38.107 [FXGL Background Thread 2 ] DEBUG Engine               - class com.almasb.fxgl.net.NetService
14:05:38.107 [FXGL Background Thread 2 ] DEBUG Engine               - class com.almasb.fxgl.app.services.UpdaterService
14:05:38.678 [JavaFX Application Thread] DEBUG AssetLoaderService   - Loading from file system: /assets/textures/potHole.png
14:05:40.756 [JavaFX Application Thread] DEBUG AssetLoaderService   - Loading from file system: /assets/textures/mooseWalkAnimation.png
14:05:40.767 [JavaFX Application Thread] DEBUG AssetLoaderService   - Loading from cache: /assets/textures/mooseWalkAnimation.png
14:05:40.770 [JavaFX Application Thread] DEBUG AssetLoaderService   - Loading from cache: /assets/textures/potHole.png
14:05:42.710 [JavaFX Application Thread] DEBUG MainWindow           - Push state: DialogSubScene
14:05:42.710 [JavaFX Application Thread] DEBUG Input                - Clearing active input actions
14:05:42.712 [JavaFX Application Thread] DEBUG WindowService        - Removing overlay from GameScene and adding to DialogSubScene
14:05:42.712 [JavaFX Application Thread] DEBUG MainWindow           - GameScene -> DialogSubScene
14:05:45.064 [JavaFX Application Thread] DEBUG MainWindow           - Pop state: DialogSubScene
14:05:45.064 [JavaFX Application Thread] DEBUG Input                - Clearing active input actions
14:05:45.064 [JavaFX Application Thread] DEBUG WindowService        - Removing overlay from DialogSubScene and adding to GameScene
14:05:45.065 [JavaFX Application Thread] DEBUG MainWindow           - GameScene <- DialogSubScene
14:05:45.065 [JavaFX Application Thread] DEBUG GameApplication      - Exiting FXGL
14:05:45.065 [JavaFX Application Thread] DEBUG LoopRunner           - Stopping loop
14:05:45.065 [JavaFX Application Thread] DEBUG SystemBundleService  - Saving FXGL system data
14:05:45.066 [JavaFX Application Thread] DEBUG FileSystemAccess     - Writing to: C:\Users\micha\Desktop\JavaMooseGame\system\fxgl.bundle
14:05:45.067 [JavaFX Application Thread] DEBUG GameApplication      - Shutting down background threads
14:05:45.067 [JavaFX Application Thread] DEBUG GameApplication      - Closing logger and exiting JavaFX
