12:39:40.127 [main                     ] DEBUG GameApplication      - Logger initialized
12:39:40.131 [main                     ] DEBUG GameApplication      - Logging settings
Title: MooseGame
Version: 0.2
Width: 600
Height: 900
Fullscreen: false
Intro: false
Menus: true
Profiling: false
Single step:false
App Mode: DEVELOPER
Menu Key: ESCAPE
Stage Style: DECORATED
Scene Factory: class com.almasb.fxgl.app.scene.SceneFactory

12:39:40.464 [JavaFX Application Thread] DEBUG GameApplication      - Initializing FXGL
12:39:40.472 [JavaFX Application Thread] INFO  Engine               - FXGL-11.8 (08.03.2020 09.09) on WINDOWS (J:14.0.1 FX:13.0.2)
12:39:40.473 [JavaFX Application Thread] INFO  Engine               - Source code and latest versions at: https://github.com/AlmasB/FXGL
12:39:40.473 [JavaFX Application Thread] INFO  Engine               -              Join the FXGL chat at: https://gitter.im/AlmasB/FXGL
12:39:40.584 [JavaFX Application Thread] DEBUG MainWindow           - Creating a JavaFX scene
12:39:40.633 [JavaFX Application Thread] DEBUG MainWindow           - Target settings size: 600.0 x 900.0
12:39:40.634 [JavaFX Application Thread] DEBUG MainWindow           - Scaled scene size:    600.0 x 900.0
12:39:40.634 [JavaFX Application Thread] DEBUG MainWindow           - Scaled ratio: (1.0, 1.0)
12:39:40.635 [JavaFX Application Thread] DEBUG MainWindow           - Set initial scene to FXGLStartupScene
12:39:40.640 [JavaFX Application Thread] DEBUG MainWindow           - Opening main window
12:39:40.726 [JavaFX Application Thread] DEBUG MainWindow           - Window border size: (16.0, 39.0)
12:39:40.726 [JavaFX Application Thread] DEBUG MainWindow           - Scaled size: 600.0 x 900.0
12:39:40.726 [JavaFX Application Thread] DEBUG MainWindow           - Scaled ratio: (1.0, 1.0)
12:39:40.726 [JavaFX Application Thread] DEBUG MainWindow           - Scene size: 600.0 x 900.0
12:39:40.726 [JavaFX Application Thread] DEBUG MainWindow           - Stage size: 616.0 x 939.0
12:39:40.733 [FXGL Background Thread 1 ] DEBUG Engine               - Initializing environment variables
12:39:40.755 [FXGL Background Thread 1 ] DEBUG WindowService        - Applying CSS: fxgl_dark.css
12:39:40.756 [FXGL Background Thread 1 ] DEBUG AssetLoaderService   - Loading from file system: /assets/ui/css/fxgl_dark.css
12:39:40.797 [FXGL Background Thread 1 ] DEBUG WindowService        - Initializing application scenes
12:39:40.825 [FXGL Background Thread 1 ] DEBUG GameWorld            - Game world initialized
12:39:40.855 [FXGL Background Thread 1 ] DEBUG PhysicsWorld         - Physics world initialized: appHeight=900, physics.ppm=50.0
12:39:40.857 [FXGL Background Thread 1 ] DEBUG GameScene            - Game scene initialized: 600x900
12:39:40.880 [FXGL Background Thread 1 ] DEBUG AssetLoaderService   - Loading from file system: /assets/textures/particles/trace_horizontal.png
12:39:40.925 [FXGL Background Thread 1 ] WARN  FXGL.DefaultMenu     - FXGLDefaultMenu is not designed for resolutions < 800x600
12:39:40.926 [FXGL Background Thread 1 ] DEBUG FXGL.DefaultMenu     - createMenuBodyMainMenu()
12:39:40.938 [FXGL Background Thread 1 ] DEBUG FXGL.DefaultMenu     - createOptionsMenu()
12:39:40.942 [FXGL Background Thread 1 ] DEBUG AssetLoaderService   - Loading from file system: /assets/textures/particles/smoke.png
12:39:40.990 [FXGL Background Thread 1 ] DEBUG AssetLoaderService   - Loading from cache: /assets/textures/particles/trace_horizontal.png@64.0x64.0
12:39:40.990 [FXGL Background Thread 1 ] WARN  FXGL.DefaultMenu     - FXGLDefaultMenu is not designed for resolutions < 800x600
12:39:40.990 [FXGL Background Thread 1 ] DEBUG FXGL.DefaultMenu     - createMenuBodyGameMenu()
12:39:40.992 [FXGL Background Thread 1 ] DEBUG FXGL.DefaultMenu     - createOptionsMenu()
12:39:40.993 [FXGL Background Thread 1 ] DEBUG AssetLoaderService   - Loading from cache: /assets/textures/particles/smoke.png@128.0x128.0
12:39:41.006 [FXGL Background Thread 1 ] DEBUG WindowService        - Application scenes initialized
12:39:41.013 [FXGL Background Thread 1 ] DEBUG SystemBundleService  - Loading FXGL system data
12:39:41.017 [FXGL Background Thread 1 ] DEBUG FileSystemAccess     - Reading from: C:\Users\micha\Desktop\JavaMooseGame\system\fxgl.bundle
12:39:41.022 [FXGL Background Thread 1 ] DEBUG SystemBundleService  - Bundle FXGL: {}
12:39:41.022 [FXGL Background Thread 1 ] INFO  Engine               - FXGL initialization took: 0.288 sec
12:39:41.024 [FXGL Background Thread 1 ] DEBUG GameApplication      - Loading localizations
12:39:41.024 [FXGL Background Thread 1 ] DEBUG AssetLoaderService   - Loading from file system: /assets/properties/languages/english.properties
12:39:41.025 [FXGL Background Thread 1 ] DEBUG AssetLoaderService   - Loading from file system: /assets/properties/languages/french.properties
12:39:41.026 [FXGL Background Thread 1 ] DEBUG AssetLoaderService   - Loading from file system: /assets/properties/languages/german.properties
12:39:41.028 [FXGL Background Thread 1 ] DEBUG AssetLoaderService   - Loading from file system: /assets/properties/languages/hungarian.properties
12:39:41.029 [FXGL Background Thread 1 ] DEBUG AssetLoaderService   - Loading from file system: /assets/properties/languages/russian.properties
12:39:41.030 [FXGL Background Thread 1 ] DEBUG GameApplication      - Registering font factories with UI factory
12:39:41.030 [FXGL Background Thread 1 ] DEBUG AssetLoaderService   - Loading from file system: /assets/ui/fonts/VarelaRound-Regular.ttf
12:39:41.074 [FXGL Background Thread 1 ] DEBUG AssetLoaderService   - Loading from file system: /assets/ui/fonts/Abel-Regular.ttf
12:39:41.082 [FXGL Background Thread 1 ] DEBUG AssetLoaderService   - Loading from file system: /assets/ui/fonts/lucida_console.ttf
12:39:41.092 [FXGL Background Thread 1 ] DEBUG AssetLoaderService   - Loading from file system: /assets/ui/fonts/Courier-Prime.ttf
12:39:41.108 [JavaFX Application Thread] DEBUG Input                - Registered new binding: action0 - A
12:39:41.108 [JavaFX Application Thread] DEBUG Input                - Registered new binding: action1 - S
12:39:41.109 [JavaFX Application Thread] DEBUG Input                - Registered new binding: action2 - D
12:39:41.109 [JavaFX Application Thread] DEBUG Input                - Registered new binding: action3 - W
12:39:41.109 [JavaFX Application Thread] DEBUG Input                - Registered new binding: action4 - Space
12:39:41.109 [JavaFX Application Thread] DEBUG Input                - Registered new binding: action5 - Left
12:39:41.109 [JavaFX Application Thread] DEBUG Input                - Registered new binding: action6 - Down
12:39:41.110 [JavaFX Application Thread] DEBUG Input                - Registered new binding: action7 - Right
12:39:41.110 [JavaFX Application Thread] DEBUG Input                - Registered new binding: action8 - Up
12:39:41.110 [JavaFX Application Thread] DEBUG AssetLoaderService   - Loading from file system: /assets/textures/fxgl_icon.png
12:39:41.126 [JavaFX Application Thread] DEBUG AssetLoaderService   - Loading from file system: /assets/ui/cursors/fxgl_default.png
12:39:41.128 [JavaFX Application Thread] DEBUG Input                - Registered new binding: Screenshot - P
12:39:41.129 [JavaFX Application Thread] DEBUG Input                - Registered new binding: System info dump - CTRL+9
12:39:41.129 [JavaFX Application Thread] DEBUG Input                - Registered new binding: Restart - CTRL+R
12:39:41.130 [JavaFX Application Thread] DEBUG LoopRunner           - Starting loop
12:39:41.142 [JavaFX Application Thread] DEBUG FXGLStartupScene     - STARTUP
12:39:41.146 [JavaFX Application Thread] DEBUG Input                - Clearing active input actions
12:39:41.163 [JavaFX Application Thread] DEBUG WindowService        - Removing overlay from FXGLStartupScene and adding to FXGLDefaultMenu
12:39:41.163 [JavaFX Application Thread] DEBUG MainWindow           - FXGLStartupScene -> FXGLDefaultMenu
12:39:42.451 [JavaFX Application Thread] DEBUG Menu                 - fireNewGame()
12:39:42.452 [JavaFX Application Thread] DEBUG WindowService        - Starting new game
12:39:42.452 [JavaFX Application Thread] DEBUG Input                - Clearing active input actions
12:39:42.459 [JavaFX Application Thread] DEBUG WindowService        - Removing overlay from FXGLDefaultMenu and adding to FXGLLoadingScene
12:39:42.459 [JavaFX Application Thread] DEBUG MainWindow           - FXGLDefaultMenu -> FXGLLoadingScene
12:39:42.459 [JavaFX Application Thread] DEBUG WindowService        - Clearing previous game
12:39:42.459 [JavaFX Application Thread] DEBUG GameScene            - Clearing game scene
12:39:42.459 [JavaFX Application Thread] DEBUG GameWorld            - Clearing game world
12:39:42.460 [JavaFX Application Thread] DEBUG PhysicsWorld         - Clearing physics world
12:39:42.461 [FXGL Background Thread 1 ] DEBUG GameApplication      - Initializing game
12:39:42.470 [FXGL Background Thread 1 ] DEBUG AssetLoaderService   - Loading from file system: /assets/textures/road_with_patches.png
12:39:42.480 [FXGL Background Thread 1 ] DEBUG AssetLoaderService   - Loading from cache: /assets/textures/road_with_patches.png
12:39:42.481 [FXGL Background Thread 1 ] DEBUG AssetLoaderService   - Loading from file system: /assets/textures/Car_Audi_Sport_Quattro_86x145.png
12:39:42.494 [FXGL Background Thread 1 ] DEBUG AssetLoaderService   - Loading from file system: /assets/ui/moosegame_ui.fxml
12:39:42.561 [FXGL Background Thread 1 ] INFO  GameApplication      - Game initialization took: 0.100 sec
12:39:42.561 [JavaFX Application Thread] DEBUG Input                - Clearing active input actions
12:39:42.567 [JavaFX Application Thread] DEBUG WindowService        - Removing overlay from FXGLLoadingScene and adding to GameScene
12:39:42.567 [JavaFX Application Thread] DEBUG MainWindow           - FXGLLoadingScene -> GameScene
12:39:44.024 [FXGL Background Thread 2 ] DEBUG Engine               - Logging environment variables
12:39:44.024 [FXGL Background Thread 2 ] DEBUG Engine               - achievements: []
12:39:44.024 [FXGL Background Thread 2 ] DEBUG Engine               - language: ObjectProperty [value: ENGLISH]
12:39:44.024 [FXGL Background Thread 2 ] DEBUG Engine               - isCloseConfirmation: false
12:39:44.024 [FXGL Background Thread 2 ] DEBUG Engine               - isProfilingEnabled: false
12:39:44.024 [FXGL Background Thread 2 ] DEBUG Engine               - soundNotification: core/notification.wav
12:39:44.024 [FXGL Background Thread 2 ] DEBUG Engine               - devShowBBoxProperty: BooleanProperty [value: false]
12:39:44.024 [FXGL Background Thread 2 ] DEBUG Engine               - pixelsPerMeter: 50.0
12:39:44.024 [FXGL Background Thread 2 ] DEBUG Engine               - soundMenuBack: menu/back.wav
12:39:44.024 [FXGL Background Thread 2 ] DEBUG Engine               - appIcon: fxgl_icon.png
12:39:44.024 [FXGL Background Thread 2 ] DEBUG Engine               - isFullScreenAllowed: false
12:39:44.024 [FXGL Background Thread 2 ] DEBUG Engine               - isIntroEnabled: false
12:39:44.024 [FXGL Background Thread 2 ] DEBUG Engine               - fontMono: lucida_console.ttf
12:39:44.024 [FXGL Background Thread 2 ] DEBUG Engine               - soundMenuSelect: menu/select.wav
12:39:44.025 [FXGL Background Thread 2 ] DEBUG Engine               - isWindows: true
12:39:44.025 [FXGL Background Thread 2 ] DEBUG Engine               - isMobile: false
12:39:44.025 [FXGL Background Thread 2 ] DEBUG Engine               - isUserProfileEnabled: false
12:39:44.025 [FXGL Background Thread 2 ] DEBUG Engine               - height: 900
12:39:44.025 [FXGL Background Thread 2 ] DEBUG Engine               - isExperimentalNative: false
12:39:44.025 [FXGL Background Thread 2 ] DEBUG Engine               - settings: Title: MooseGame
Version: 0.2
Width: 600
Height: 900
Fullscreen: false
Intro: false
Menus: true
Profiling: false
Single step:false
App Mode: DEVELOPER
Menu Key: ESCAPE
Stage Style: DECORATED
Scene Factory: class com.almasb.fxgl.app.scene.SceneFactory

12:39:44.025 [FXGL Background Thread 2 ] DEBUG Engine               - cSSList: [fxgl_dark.css]
12:39:44.025 [FXGL Background Thread 2 ] DEBUG Engine               - isSingleStep: false
12:39:44.025 [FXGL Background Thread 2 ] DEBUG Engine               - fontGame: Abel-Regular.ttf
12:39:44.025 [FXGL Background Thread 2 ] DEBUG Engine               - menuKey: ESCAPE
12:39:44.025 [FXGL Background Thread 2 ] DEBUG Engine               - devShowPositionProperty: BooleanProperty [value: false]
12:39:44.025 [FXGL Background Thread 2 ] DEBUG Engine               - versionCheckDays: 7
12:39:44.025 [FXGL Background Thread 2 ] DEBUG Engine               - configClass: Optional.empty
12:39:44.025 [FXGL Background Thread 2 ] DEBUG Engine               - isFullScreenFromStart: false
12:39:44.025 [FXGL Background Thread 2 ] DEBUG Engine               - version: 0.2
12:39:44.025 [FXGL Background Thread 2 ] DEBUG Engine               - fullScreen: BooleanProperty [value: false]
12:39:44.025 [FXGL Background Thread 2 ] DEBUG Engine               - randomSeed: -1
12:39:44.025 [FXGL Background Thread 2 ] DEBUG Engine               - gameDifficultyProperty: ObjectProperty [value: MEDIUM]
12:39:44.026 [FXGL Background Thread 2 ] DEBUG Engine               - applicationMode: DEVELOPER
12:39:44.026 [FXGL Background Thread 2 ] DEBUG Engine               - isMac: false
12:39:44.026 [FXGL Background Thread 2 ] DEBUG Engine               - isMenuEnabled: true
12:39:44.026 [FXGL Background Thread 2 ] DEBUG Engine               - urlPOM: https://raw.githubusercontent.com/AlmasB/FXGL/master/pom.xml
12:39:44.026 [FXGL Background Thread 2 ] DEBUG Engine               - profileName: StringProperty [value: DEFAULT]
12:39:44.026 [FXGL Background Thread 2 ] DEBUG Engine               - notificationViewClass: class com.almasb.fxgl.notification.view.XboxNotificationView
12:39:44.026 [FXGL Background Thread 2 ] DEBUG Engine               - devSensorColorProperty: ObjectProperty [value: 0xffff00ff]
12:39:44.026 [FXGL Background Thread 2 ] DEBUG Engine               - sceneFactory: com.almasb.fxgl.app.scene.SceneFactory@4ff018d
12:39:44.026 [FXGL Background Thread 2 ] DEBUG Engine               - stageStyle: DECORATED
12:39:44.026 [FXGL Background Thread 2 ] DEBUG Engine               - isManualResizeEnabled: false
12:39:44.026 [FXGL Background Thread 2 ] DEBUG Engine               - title: MooseGame
12:39:44.026 [FXGL Background Thread 2 ] DEBUG Engine               - platform: WINDOWS
12:39:44.026 [FXGL Background Thread 2 ] DEBUG Engine               - devBBoxColorProperty: ObjectProperty [value: 0xff0000ff]
12:39:44.026 [FXGL Background Thread 2 ] DEBUG Engine               - gameDifficulty: MEDIUM
12:39:44.026 [FXGL Background Thread 2 ] DEBUG Engine               - isDesktop: true
12:39:44.026 [FXGL Background Thread 2 ] DEBUG Engine               - supportedLanguages: [ENGLISH, FRENCH, GERMAN, HUNGARIAN, RUSSIAN]
12:39:44.027 [FXGL Background Thread 2 ] DEBUG Engine               - credits: []
12:39:44.027 [FXGL Background Thread 2 ] DEBUG Engine               - globalMusicVolumeProperty: DoubleProperty [value: 0.5]
12:39:44.027 [FXGL Background Thread 2 ] DEBUG Engine               - isPreserveResizeRatio: false
12:39:44.027 [FXGL Background Thread 2 ] DEBUG Engine               - fontText: Courier-Prime.ttf
12:39:44.027 [FXGL Background Thread 2 ] DEBUG Engine               - isExperimentalTiledLargeMap: false
12:39:44.027 [FXGL Background Thread 2 ] DEBUG Engine               - secondsIn24h: 60
12:39:44.027 [FXGL Background Thread 2 ] DEBUG Engine               - runtimeInfo: RuntimeInfo(platform=WINDOWS, version=11.8, build=08.03.2020 09.09)
12:39:44.027 [FXGL Background Thread 2 ] DEBUG Engine               - isLinux: false
12:39:44.027 [FXGL Background Thread 2 ] DEBUG Engine               - soundMenuPress: menu/press.wav
12:39:44.027 [FXGL Background Thread 2 ] DEBUG Engine               - urlGithub: https://github.com/AlmasB/FXGL
12:39:44.027 [FXGL Background Thread 2 ] DEBUG Engine               - profileDir: profiles/
12:39:44.027 [FXGL Background Thread 2 ] DEBUG Engine               - isDeveloperMenuEnabled: false
12:39:44.027 [FXGL Background Thread 2 ] DEBUG Engine               - globalSoundVolumeProperty: DoubleProperty [value: 0.5]
12:39:44.027 [FXGL Background Thread 2 ] DEBUG Engine               - mainWindow: com.almasb.fxgl.app.MainWindow@c095ca
12:39:44.027 [FXGL Background Thread 2 ] DEBUG Engine               - isBrowser: false
12:39:44.027 [FXGL Background Thread 2 ] DEBUG Engine               - globalSoundVolume: 0.5
12:39:44.027 [FXGL Background Thread 2 ] DEBUG Engine               - urlLeaderboard: http://fxgl-top.herokuapp.com/
12:39:44.027 [FXGL Background Thread 2 ] DEBUG Engine               - engineServices: [class com.almasb.fxgl.app.GameApplication$GameApplicationService, class com.almasb.fxgl.app.services.WindowService, class com.almasb.fxgl.app.services.FXGLDialogService, class com.almasb.fxgl.app.services.IOTaskExecutorService, class com.almasb.fxgl.event.EventBusService, class com.almasb.fxgl.io.FileSystemService, class com.almasb.fxgl.localization.LocalizationService, class com.almasb.fxgl.app.services.AssetLoaderService, class com.almasb.fxgl.app.services.SystemBundleService, class com.almasb.fxgl.profile.SaveLoadService, class com.almasb.fxgl.ui.FXGLUIFactoryServiceProvider, class com.almasb.fxgl.ui.FXGLDialogFactoryServiceProvider, class com.almasb.fxgl.audio.AudioPlayer, class com.almasb.fxgl.notification.impl.NotificationServiceProvider, class com.almasb.fxgl.achievement.AchievementService, class com.almasb.fxgl.cutscene.CutsceneService, class com.almasb.fxgl.minigames.MiniGameService, class com.almasb.fxgl.net.NetService, class com.almasb.fxgl.app.services.UpdaterService]
12:39:44.027 [FXGL Background Thread 2 ] DEBUG Engine               - globalMusicVolume: 0.5
12:39:44.027 [FXGL Background Thread 2 ] DEBUG Engine               - width: 600
12:39:44.027 [FXGL Background Thread 2 ] DEBUG Engine               - saveFileExt: sav
12:39:44.027 [FXGL Background Thread 2 ] DEBUG Engine               - isAndroid: false
12:39:44.028 [FXGL Background Thread 2 ] DEBUG Engine               - fontUI: VarelaRound-Regular.ttf
12:39:44.028 [FXGL Background Thread 2 ] DEBUG Engine               - enabledMenuItems: []
12:39:44.028 [FXGL Background Thread 2 ] DEBUG Engine               - isIOS: false
12:39:44.028 [FXGL Background Thread 2 ] DEBUG Engine               - Logging services
12:39:44.028 [FXGL Background Thread 2 ] DEBUG Engine               - class com.almasb.fxgl.app.GameApplication$GameApplicationService
12:39:44.028 [FXGL Background Thread 2 ] DEBUG Engine               - class com.almasb.fxgl.app.services.WindowService
12:39:44.028 [FXGL Background Thread 2 ] DEBUG Engine               - class com.almasb.fxgl.app.services.FXGLDialogService
12:39:44.028 [FXGL Background Thread 2 ] DEBUG Engine               - class com.almasb.fxgl.app.services.IOTaskExecutorService
12:39:44.028 [FXGL Background Thread 2 ] DEBUG Engine               - class com.almasb.fxgl.event.EventBusService
12:39:44.028 [FXGL Background Thread 2 ] DEBUG Engine               - class com.almasb.fxgl.io.FileSystemService
12:39:44.028 [FXGL Background Thread 2 ] DEBUG Engine               - class com.almasb.fxgl.localization.LocalizationService
12:39:44.028 [FXGL Background Thread 2 ] DEBUG Engine               - class com.almasb.fxgl.app.services.AssetLoaderService
12:39:44.028 [FXGL Background Thread 2 ] DEBUG Engine               - class com.almasb.fxgl.app.services.SystemBundleService
12:39:44.028 [FXGL Background Thread 2 ] DEBUG Engine               - class com.almasb.fxgl.profile.SaveLoadService
12:39:44.028 [FXGL Background Thread 2 ] DEBUG Engine               - class com.almasb.fxgl.ui.FXGLUIFactoryServiceProvider
12:39:44.028 [FXGL Background Thread 2 ] DEBUG Engine               - class com.almasb.fxgl.ui.FXGLDialogFactoryServiceProvider
12:39:44.028 [FXGL Background Thread 2 ] DEBUG Engine               - class com.almasb.fxgl.audio.AudioPlayer
12:39:44.028 [FXGL Background Thread 2 ] DEBUG Engine               - class com.almasb.fxgl.notification.impl.NotificationServiceProvider
12:39:44.028 [FXGL Background Thread 2 ] DEBUG Engine               - class com.almasb.fxgl.achievement.AchievementService
12:39:44.028 [FXGL Background Thread 2 ] DEBUG Engine               - class com.almasb.fxgl.cutscene.CutsceneService
12:39:44.028 [FXGL Background Thread 2 ] DEBUG Engine               - class com.almasb.fxgl.minigames.MiniGameService
12:39:44.028 [FXGL Background Thread 2 ] DEBUG Engine               - class com.almasb.fxgl.net.NetService
12:39:44.029 [FXGL Background Thread 2 ] DEBUG Engine               - class com.almasb.fxgl.app.services.UpdaterService
12:39:44.767 [JavaFX Application Thread] DEBUG AssetLoaderService   - Loading from file system: /assets/textures/potHole.png
12:39:46.867 [JavaFX Application Thread] DEBUG AssetLoaderService   - Loading from file system: /assets/textures/mooseWalkAnimation.png
12:39:46.881 [JavaFX Application Thread] DEBUG AssetLoaderService   - Loading from cache: /assets/textures/potHole.png
12:39:48.642 [JavaFX Application Thread] DEBUG WindowService        - Starting new game
12:39:48.642 [JavaFX Application Thread] DEBUG Input                - Clearing active input actions
12:39:48.646 [JavaFX Application Thread] DEBUG WindowService        - Removing overlay from GameScene and adding to FXGLLoadingScene
12:39:48.646 [JavaFX Application Thread] DEBUG MainWindow           - GameScene -> FXGLLoadingScene
12:39:48.646 [JavaFX Application Thread] DEBUG WindowService        - Clearing previous game
12:39:48.646 [JavaFX Application Thread] DEBUG GameScene            - Clearing game scene
12:39:48.647 [JavaFX Application Thread] DEBUG GameWorld            - Clearing game world
12:39:48.647 [JavaFX Application Thread] DEBUG PhysicsWorld         - Clearing physics world
12:39:48.647 [FXGL Background Thread 1 ] DEBUG GameApplication      - Initializing game
12:39:48.648 [JavaFX Application Thread] DEBUG LoopRunner           - Stopping loop
12:39:48.648 [FXGL Background Thread 1 ] DEBUG AssetLoaderService   - Loading from cache: /assets/textures/road_with_patches.png
12:39:48.648 [FXGL Background Thread 1 ] DEBUG AssetLoaderService   - Loading from cache: /assets/textures/road_with_patches.png
12:39:48.648 [FXGL Background Thread 1 ] DEBUG AssetLoaderService   - Loading from cache: /assets/textures/Car_Audi_Sport_Quattro_86x145.png
12:39:48.649 [FXGL Background Thread 1 ] DEBUG AssetLoaderService   - Loading from file system: /assets/ui/moosegame_ui.fxml
12:39:48.651 [FXGL Background Thread 1 ] INFO  GameApplication      - Game initialization took: 0.004 sec
12:39:48.794 [JavaFX Application Thread] DEBUG Input                - Clearing active input actions
12:39:48.799 [JavaFX Application Thread] DEBUG WindowService        - Removing overlay from FXGLLoadingScene and adding to GameScene
12:39:48.799 [JavaFX Application Thread] DEBUG MainWindow           - FXGLLoadingScene -> GameScene
12:39:51.382 [JavaFX Application Thread] FATAL GameApplication      - Uncaught Exception:

Fatal exception occurred: java.lang.IllegalArgumentException : Property speed does not exist
E: com.almasb.fxgl.core.collection.PropertyMap.get(PropertyMap.kt:155)
E: com.almasb.fxgl.core.collection.PropertyMap.intProperty(PropertyMap.kt:107)
E: com.almasb.fxgl.core.collection.PropertyMap.getInt(PropertyMap.kt:97)
E: MooseGameApp.onUpdate(MooseGameApp.java:97)
E: com.almasb.fxgl.app.GameApplication$GameApplicationService.onGameUpdate(GameApplication.java:384)
E: com.almasb.fxgl.app.Engine.onGameUpdate(Engine.kt:133)
E: com.almasb.fxgl.app.GameApplication$FXGLApplication.lambda$postServicesInit$4(GameApplication.java:268)
E: com.almasb.fxgl.scene.Scene.update(Scene.kt:77)
E: com.almasb.fxgl.app.MainWindow$update$1.invoke(MainWindow.kt:208)
E: com.almasb.fxgl.app.MainWindow$update$1.invoke(MainWindow.kt:38)
E: com.almasb.fxgl.core.fsm.StateMachine.runOnActiveStates(StateMachine.kt:60)
E: com.almasb.fxgl.app.MainWindow.update(MainWindow.kt:208)
E: com.almasb.fxgl.app.services.WindowService.onUpdate(WindowService.kt:115)
E: com.almasb.fxgl.app.Engine.loop(Engine.kt:129)
E: com.almasb.fxgl.app.Engine.access$loop(Engine.kt:25)
E: com.almasb.fxgl.app.Engine$loop$1.invoke(Engine.kt:29)
E: com.almasb.fxgl.app.Engine$loop$1.invoke(Engine.kt:25)
E: com.almasb.fxgl.app.LoopRunner.frame(LoopRunner.kt:86)
E: com.almasb.fxgl.app.LoopRunner.access$frame(LoopRunner.kt:17)
E: com.almasb.fxgl.app.LoopRunner$impl$2$1.handle(LoopRunner.kt:37)
E: javafx.animation.AnimationTimer$AnimationTimerReceiver.lambda$handle$0(AnimationTimer.java:57)
E: java.base/java.security.AccessController.doPrivileged(AccessController.java:391)
E: javafx.animation.AnimationTimer$AnimationTimerReceiver.handle(AnimationTimer.java:56)
E: com.sun.scenario.animation.AbstractMasterTimer.timePulseImpl(AbstractMasterTimer.java:357)
E: com.sun.scenario.animation.AbstractMasterTimer$MainLoop.run(AbstractMasterTimer.java:267)
E: com.sun.javafx.tk.quantum.QuantumToolkit.pulse(QuantumToolkit.java:559)
E: com.sun.javafx.tk.quantum.QuantumToolkit.pulse(QuantumToolkit.java:543)
E: com.sun.javafx.tk.quantum.QuantumToolkit.pulseFromQueue(QuantumToolkit.java:536)
E: com.sun.javafx.tk.quantum.QuantumToolkit.lambda$runToolkit$11(QuantumToolkit.java:342)
E: com.sun.glass.ui.InvokeLaterDispatcher$Future.run(InvokeLaterDispatcher.java:96)
E: com.sun.glass.ui.win.WinApplication._runLoop(Native Method)
E: com.sun.glass.ui.win.WinApplication.lambda$runLoop$3(WinApplication.java:174)
E: java.base/java.lang.Thread.run(Thread.java:832)

12:39:51.382 [JavaFX Application Thread] FATAL GameApplication      - Application will now exit
12:39:51.382 [JavaFX Application Thread] DEBUG GameApplication      - Exiting FXGL
12:39:51.382 [JavaFX Application Thread] DEBUG GameApplication      - Shutting down background threads
12:39:51.382 [JavaFX Application Thread] DEBUG GameApplication      - Closing logger and exiting JavaFX
