15:23:24.253 [main                     ] DEBUG GameApplication      - Logger initialized
15:23:24.257 [main                     ] DEBUG GameApplication      - Logging settings
Title: MooseGame
Version: 0.3
Width: 600
Height: 900
Fullscreen: false
Intro: false
Menus: true
Profiling: false
Single step:false
App Mode: DEVELOPER
Menu Key: ESCAPE
Stage Style: DECORATED
Scene Factory: class MooseGameApp$1

15:23:24.718 [JavaFX Application Thread] DEBUG GameApplication      - Initializing FXGL
15:23:24.731 [JavaFX Application Thread] INFO  Engine               - FXGL-11.8 (08.03.2020 09.09) on WINDOWS (J:14.0.1 FX:13.0.2)
15:23:24.731 [JavaFX Application Thread] INFO  Engine               - Source code and latest versions at: https://github.com/AlmasB/FXGL
15:23:24.731 [JavaFX Application Thread] INFO  Engine               -              Join the FXGL chat at: https://gitter.im/AlmasB/FXGL
15:23:24.842 [JavaFX Application Thread] DEBUG MainWindow           - Creating a JavaFX scene
15:23:24.891 [JavaFX Application Thread] DEBUG MainWindow           - Target settings size: 600.0 x 900.0
15:23:24.891 [JavaFX Application Thread] DEBUG MainWindow           - Scaled scene size:    600.0 x 900.0
15:23:24.891 [JavaFX Application Thread] DEBUG MainWindow           - Scaled ratio: (1.0, 1.0)
15:23:24.893 [JavaFX Application Thread] DEBUG MainWindow           - Set initial scene to FXGLStartupScene
15:23:24.899 [JavaFX Application Thread] DEBUG MainWindow           - Opening main window
15:23:24.984 [JavaFX Application Thread] DEBUG MainWindow           - Window border size: (16.0, 39.0)
15:23:24.984 [JavaFX Application Thread] DEBUG MainWindow           - Scaled size: 600.0 x 900.0
15:23:24.984 [JavaFX Application Thread] DEBUG MainWindow           - Scaled ratio: (1.0, 1.0)
15:23:24.984 [JavaFX Application Thread] DEBUG MainWindow           - Scene size: 600.0 x 900.0
15:23:24.984 [JavaFX Application Thread] DEBUG MainWindow           - Stage size: 616.0 x 939.0
15:23:24.991 [FXGL Background Thread 1 ] DEBUG Engine               - Initializing environment variables
15:23:25.018 [FXGL Background Thread 1 ] DEBUG WindowService        - Applying CSS: fxgl_dark.css
15:23:25.019 [FXGL Background Thread 1 ] DEBUG AssetLoaderService   - Loading from file system: /assets/ui/css/fxgl_dark.css
15:23:25.063 [FXGL Background Thread 1 ] DEBUG WindowService        - Initializing application scenes
15:23:25.096 [FXGL Background Thread 1 ] DEBUG GameWorld            - Game world initialized
15:23:25.134 [FXGL Background Thread 1 ] DEBUG PhysicsWorld         - Physics world initialized: appHeight=900, physics.ppm=50.0
15:23:25.136 [FXGL Background Thread 1 ] DEBUG GameScene            - Game scene initialized: 600x900
15:23:25.145 [FXGL Background Thread 1 ] DEBUG AssetLoaderService   - Loading from file system: /assets/textures/Roadway.png
15:23:25.226 [FXGL Background Thread 1 ] DEBUG AssetLoaderService   - Loading from file system: /assets/sounds/selection.mp3
15:23:25.305 [FXGL Background Thread 1 ] DEBUG AssetLoaderService   - Loading from cache: /assets/sounds/selection.mp3
15:23:25.305 [FXGL Background Thread 1 ] DEBUG AssetLoaderService   - Loading from cache: /assets/sounds/selection.mp3
15:23:25.306 [FXGL Background Thread 1 ] DEBUG AssetLoaderService   - Loading from cache: /assets/sounds/selection.mp3
15:23:25.306 [FXGL Background Thread 1 ] DEBUG AssetLoaderService   - Loading from cache: /assets/sounds/selection.mp3
15:23:25.321 [FXGL Background Thread 1 ] DEBUG AssetLoaderService   - Loading from cache: /assets/sounds/selection.mp3
15:23:25.322 [FXGL Background Thread 1 ] DEBUG AssetLoaderService   - Loading from cache: /assets/sounds/selection.mp3
15:23:25.322 [FXGL Background Thread 1 ] DEBUG AssetLoaderService   - Loading from cache: /assets/sounds/selection.mp3
15:23:25.325 [FXGL Background Thread 1 ] DEBUG AssetLoaderService   - Loading from cache: /assets/sounds/selection.mp3
15:23:25.327 [FXGL Background Thread 1 ] DEBUG AssetLoaderService   - Loading from file system: /assets/music/Poisoncut_-_MenuMusic.mp3
15:23:25.392 [FXGL Background Thread 1 ] DEBUG AudioPlayer          - Playing music com.almasb.fxgl.audio.Music@24023790
15:23:25.412 [FXGL Background Thread 1 ] DEBUG AssetLoaderService   - Loading from file system: /assets/textures/particles/trace_horizontal.png
15:23:25.440 [FXGL Background Thread 1 ] WARN  FXGL.DefaultMenu     - FXGLDefaultMenu is not designed for resolutions < 800x600
15:23:25.441 [FXGL Background Thread 1 ] DEBUG FXGL.DefaultMenu     - createMenuBodyGameMenu()
15:23:25.453 [FXGL Background Thread 1 ] DEBUG FXGL.DefaultMenu     - createOptionsMenu()
15:23:25.457 [FXGL Background Thread 1 ] DEBUG AssetLoaderService   - Loading from file system: /assets/textures/particles/smoke.png
15:23:25.502 [FXGL Background Thread 1 ] DEBUG WindowService        - Application scenes initialized
15:23:25.509 [FXGL Background Thread 1 ] DEBUG SystemBundleService  - Loading FXGL system data
15:23:25.512 [FXGL Background Thread 1 ] DEBUG FileSystemAccess     - Reading from: C:\Users\micha\Desktop\JavaMooseGame\system\fxgl.bundle
15:23:25.516 [FXGL Background Thread 1 ] DEBUG SystemBundleService  - Bundle FXGL: {}
15:23:25.517 [FXGL Background Thread 1 ] INFO  Engine               - FXGL initialization took: 0.523 sec
15:23:25.518 [FXGL Background Thread 1 ] DEBUG GameApplication      - Loading localizations
15:23:25.518 [FXGL Background Thread 1 ] DEBUG AssetLoaderService   - Loading from file system: /assets/properties/languages/english.properties
15:23:25.519 [FXGL Background Thread 1 ] DEBUG AssetLoaderService   - Loading from file system: /assets/properties/languages/french.properties
15:23:25.520 [FXGL Background Thread 1 ] DEBUG AssetLoaderService   - Loading from file system: /assets/properties/languages/german.properties
15:23:25.521 [FXGL Background Thread 1 ] DEBUG AssetLoaderService   - Loading from file system: /assets/properties/languages/hungarian.properties
15:23:25.522 [FXGL Background Thread 1 ] DEBUG AssetLoaderService   - Loading from file system: /assets/properties/languages/russian.properties
15:23:25.524 [FXGL Background Thread 1 ] DEBUG GameApplication      - Registering font factories with UI factory
15:23:25.524 [FXGL Background Thread 1 ] DEBUG AssetLoaderService   - Loading from file system: /assets/ui/fonts/VarelaRound-Regular.ttf
15:23:25.569 [FXGL Background Thread 1 ] DEBUG AssetLoaderService   - Loading from file system: /assets/ui/fonts/Abel-Regular.ttf
15:23:25.578 [FXGL Background Thread 1 ] DEBUG AssetLoaderService   - Loading from file system: /assets/ui/fonts/lucida_console.ttf
15:23:25.588 [FXGL Background Thread 1 ] DEBUG AssetLoaderService   - Loading from file system: /assets/ui/fonts/Courier-Prime.ttf
15:23:25.605 [JavaFX Application Thread] DEBUG Input                - Registered new binding: action0 - A
15:23:25.606 [JavaFX Application Thread] DEBUG Input                - Registered new binding: action1 - S
15:23:25.606 [JavaFX Application Thread] DEBUG Input                - Registered new binding: action2 - D
15:23:25.606 [JavaFX Application Thread] DEBUG Input                - Registered new binding: action3 - W
15:23:25.606 [JavaFX Application Thread] DEBUG Input                - Registered new binding: action4 - 1
15:23:25.607 [JavaFX Application Thread] DEBUG Input                - Registered new binding: action5 - 2
15:23:25.607 [JavaFX Application Thread] DEBUG Input                - Registered new binding: action6 - 3
15:23:25.607 [JavaFX Application Thread] DEBUG Input                - Registered new binding: action7 - Left
15:23:25.607 [JavaFX Application Thread] DEBUG Input                - Registered new binding: action8 - Down
15:23:25.607 [JavaFX Application Thread] DEBUG Input                - Registered new binding: action9 - Right
15:23:25.608 [JavaFX Application Thread] DEBUG Input                - Registered new binding: action10 - Up
15:23:25.608 [JavaFX Application Thread] DEBUG AssetLoaderService   - Loading from file system: /assets/textures/fxgl_icon.png
15:23:25.616 [JavaFX Application Thread] DEBUG AssetLoaderService   - Loading from file system: /assets/ui/cursors/fxgl_default.png
15:23:25.617 [JavaFX Application Thread] DEBUG Input                - Registered new binding: Screenshot - P
15:23:25.618 [JavaFX Application Thread] DEBUG Input                - Registered new binding: System info dump - CTRL+9
15:23:25.618 [JavaFX Application Thread] DEBUG Input                - Registered new binding: Restart - CTRL+R
15:23:25.619 [JavaFX Application Thread] DEBUG LoopRunner           - Starting loop
15:23:25.636 [JavaFX Application Thread] DEBUG FXGLStartupScene     - STARTUP
15:23:25.636 [JavaFX Application Thread] DEBUG Input                - Clearing active input actions
15:23:25.653 [JavaFX Application Thread] DEBUG WindowService        - Removing overlay from FXGLStartupScene and adding to MooseGameMenu
15:23:25.653 [JavaFX Application Thread] DEBUG MainWindow           - FXGLStartupScene -> MooseGameMenu
15:23:26.769 [JavaFX Application Thread] DEBUG GameApplication      - Exiting FXGL
15:23:26.769 [JavaFX Application Thread] DEBUG LoopRunner           - Stopping loop
15:23:26.769 [JavaFX Application Thread] DEBUG SystemBundleService  - Saving FXGL system data
15:23:26.771 [JavaFX Application Thread] DEBUG FileSystemAccess     - Writing to: C:\Users\micha\Desktop\JavaMooseGame\system\fxgl.bundle
15:23:26.772 [JavaFX Application Thread] DEBUG GameApplication      - Shutting down background threads
15:23:26.772 [JavaFX Application Thread] DEBUG GameApplication      - Closing logger and exiting JavaFX
