12:44:21.654 [main                     ] DEBUG GameApplication      - Logger initialized
12:44:21.658 [main                     ] DEBUG GameApplication      - Logging settings
Title: MooseGame
Version: 0.2
Width: 600
Height: 900
Fullscreen: false
Intro: false
Menus: true
Profiling: false
Single step:false
App Mode: DEVELOPER
Menu Key: ESCAPE
Stage Style: DECORATED
Scene Factory: class com.almasb.fxgl.app.scene.SceneFactory

12:44:21.983 [JavaFX Application Thread] DEBUG GameApplication      - Initializing FXGL
12:44:21.990 [JavaFX Application Thread] INFO  Engine               - FXGL-11.8 (08.03.2020 09.09) on WINDOWS (J:14.0.1 FX:13.0.2)
12:44:21.991 [JavaFX Application Thread] INFO  Engine               - Source code and latest versions at: https://github.com/AlmasB/FXGL
12:44:21.991 [JavaFX Application Thread] INFO  Engine               -              Join the FXGL chat at: https://gitter.im/AlmasB/FXGL
12:44:22.095 [JavaFX Application Thread] DEBUG MainWindow           - Creating a JavaFX scene
12:44:22.139 [JavaFX Application Thread] DEBUG MainWindow           - Target settings size: 600.0 x 900.0
12:44:22.140 [JavaFX Application Thread] DEBUG MainWindow           - Scaled scene size:    600.0 x 900.0
12:44:22.140 [JavaFX Application Thread] DEBUG MainWindow           - Scaled ratio: (1.0, 1.0)
12:44:22.141 [JavaFX Application Thread] DEBUG MainWindow           - Set initial scene to FXGLStartupScene
12:44:22.147 [JavaFX Application Thread] DEBUG MainWindow           - Opening main window
12:44:22.225 [JavaFX Application Thread] DEBUG MainWindow           - Window border size: (16.0, 39.0)
12:44:22.225 [JavaFX Application Thread] DEBUG MainWindow           - Scaled size: 600.0 x 900.0
12:44:22.226 [JavaFX Application Thread] DEBUG MainWindow           - Scaled ratio: (1.0, 1.0)
12:44:22.226 [JavaFX Application Thread] DEBUG MainWindow           - Scene size: 600.0 x 900.0
12:44:22.226 [JavaFX Application Thread] DEBUG MainWindow           - Stage size: 616.0 x 939.0
12:44:22.232 [FXGL Background Thread 1 ] DEBUG Engine               - Initializing environment variables
12:44:22.257 [FXGL Background Thread 1 ] DEBUG WindowService        - Applying CSS: fxgl_dark.css
12:44:22.257 [FXGL Background Thread 1 ] DEBUG AssetLoaderService   - Loading from file system: /assets/ui/css/fxgl_dark.css
12:44:22.293 [FXGL Background Thread 1 ] DEBUG WindowService        - Initializing application scenes
12:44:22.319 [FXGL Background Thread 1 ] DEBUG GameWorld            - Game world initialized
12:44:22.348 [FXGL Background Thread 1 ] DEBUG PhysicsWorld         - Physics world initialized: appHeight=900, physics.ppm=50.0
12:44:22.350 [FXGL Background Thread 1 ] DEBUG GameScene            - Game scene initialized: 600x900
12:44:22.371 [FXGL Background Thread 1 ] DEBUG AssetLoaderService   - Loading from file system: /assets/textures/particles/trace_horizontal.png
12:44:22.414 [FXGL Background Thread 1 ] WARN  FXGL.DefaultMenu     - FXGLDefaultMenu is not designed for resolutions < 800x600
12:44:22.414 [FXGL Background Thread 1 ] DEBUG FXGL.DefaultMenu     - createMenuBodyMainMenu()
12:44:22.426 [FXGL Background Thread 1 ] DEBUG FXGL.DefaultMenu     - createOptionsMenu()
12:44:22.429 [FXGL Background Thread 1 ] DEBUG AssetLoaderService   - Loading from file system: /assets/textures/particles/smoke.png
12:44:22.481 [FXGL Background Thread 1 ] DEBUG AssetLoaderService   - Loading from cache: /assets/textures/particles/trace_horizontal.png@64.0x64.0
12:44:22.482 [FXGL Background Thread 1 ] WARN  FXGL.DefaultMenu     - FXGLDefaultMenu is not designed for resolutions < 800x600
12:44:22.482 [FXGL Background Thread 1 ] DEBUG FXGL.DefaultMenu     - createMenuBodyGameMenu()
12:44:22.482 [FXGL Background Thread 1 ] DEBUG FXGL.DefaultMenu     - createOptionsMenu()
12:44:22.484 [FXGL Background Thread 1 ] DEBUG AssetLoaderService   - Loading from cache: /assets/textures/particles/smoke.png@128.0x128.0
12:44:22.495 [FXGL Background Thread 1 ] DEBUG WindowService        - Application scenes initialized
12:44:22.501 [FXGL Background Thread 1 ] DEBUG SystemBundleService  - Loading FXGL system data
12:44:22.505 [FXGL Background Thread 1 ] DEBUG FileSystemAccess     - Reading from: C:\Users\micha\Desktop\JavaMooseGame\system\fxgl.bundle
12:44:22.509 [FXGL Background Thread 1 ] DEBUG SystemBundleService  - Bundle FXGL: {}
12:44:22.510 [FXGL Background Thread 1 ] INFO  Engine               - FXGL initialization took: 0.275 sec
12:44:22.510 [FXGL Background Thread 1 ] DEBUG GameApplication      - Loading localizations
12:44:22.511 [FXGL Background Thread 1 ] DEBUG AssetLoaderService   - Loading from file system: /assets/properties/languages/english.properties
12:44:22.512 [FXGL Background Thread 1 ] DEBUG AssetLoaderService   - Loading from file system: /assets/properties/languages/french.properties
12:44:22.513 [FXGL Background Thread 1 ] DEBUG AssetLoaderService   - Loading from file system: /assets/properties/languages/german.properties
12:44:22.514 [FXGL Background Thread 1 ] DEBUG AssetLoaderService   - Loading from file system: /assets/properties/languages/hungarian.properties
12:44:22.515 [FXGL Background Thread 1 ] DEBUG AssetLoaderService   - Loading from file system: /assets/properties/languages/russian.properties
12:44:22.516 [FXGL Background Thread 1 ] DEBUG GameApplication      - Registering font factories with UI factory
12:44:22.516 [FXGL Background Thread 1 ] DEBUG AssetLoaderService   - Loading from file system: /assets/ui/fonts/VarelaRound-Regular.ttf
12:44:22.560 [FXGL Background Thread 1 ] DEBUG AssetLoaderService   - Loading from file system: /assets/ui/fonts/Abel-Regular.ttf
12:44:22.569 [FXGL Background Thread 1 ] DEBUG AssetLoaderService   - Loading from file system: /assets/ui/fonts/lucida_console.ttf
12:44:22.578 [FXGL Background Thread 1 ] DEBUG AssetLoaderService   - Loading from file system: /assets/ui/fonts/Courier-Prime.ttf
12:44:22.593 [JavaFX Application Thread] DEBUG Input                - Registered new binding: action0 - A
12:44:22.594 [JavaFX Application Thread] DEBUG Input                - Registered new binding: action1 - S
12:44:22.594 [JavaFX Application Thread] DEBUG Input                - Registered new binding: action2 - D
12:44:22.594 [JavaFX Application Thread] DEBUG Input                - Registered new binding: action3 - W
12:44:22.594 [JavaFX Application Thread] DEBUG Input                - Registered new binding: action4 - Space
12:44:22.595 [JavaFX Application Thread] DEBUG Input                - Registered new binding: action5 - Left
12:44:22.595 [JavaFX Application Thread] DEBUG Input                - Registered new binding: action6 - Down
12:44:22.595 [JavaFX Application Thread] DEBUG Input                - Registered new binding: action7 - Right
12:44:22.595 [JavaFX Application Thread] DEBUG Input                - Registered new binding: action8 - Up
12:44:22.595 [JavaFX Application Thread] DEBUG AssetLoaderService   - Loading from file system: /assets/textures/fxgl_icon.png
12:44:22.611 [JavaFX Application Thread] DEBUG AssetLoaderService   - Loading from file system: /assets/ui/cursors/fxgl_default.png
12:44:22.613 [JavaFX Application Thread] DEBUG Input                - Registered new binding: Screenshot - P
12:44:22.613 [JavaFX Application Thread] DEBUG Input                - Registered new binding: System info dump - CTRL+9
12:44:22.614 [JavaFX Application Thread] DEBUG Input                - Registered new binding: Restart - CTRL+R
12:44:22.614 [JavaFX Application Thread] DEBUG LoopRunner           - Starting loop
12:44:22.630 [JavaFX Application Thread] DEBUG FXGLStartupScene     - STARTUP
12:44:22.633 [JavaFX Application Thread] DEBUG Input                - Clearing active input actions
12:44:22.651 [JavaFX Application Thread] DEBUG WindowService        - Removing overlay from FXGLStartupScene and adding to FXGLDefaultMenu
12:44:22.652 [JavaFX Application Thread] DEBUG MainWindow           - FXGLStartupScene -> FXGLDefaultMenu
12:44:23.579 [JavaFX Application Thread] DEBUG Menu                 - fireNewGame()
12:44:23.580 [JavaFX Application Thread] DEBUG WindowService        - Starting new game
12:44:23.580 [JavaFX Application Thread] DEBUG Input                - Clearing active input actions
12:44:23.592 [JavaFX Application Thread] DEBUG WindowService        - Removing overlay from FXGLDefaultMenu and adding to FXGLLoadingScene
12:44:23.592 [JavaFX Application Thread] DEBUG MainWindow           - FXGLDefaultMenu -> FXGLLoadingScene
12:44:23.592 [JavaFX Application Thread] DEBUG WindowService        - Clearing previous game
12:44:23.592 [JavaFX Application Thread] DEBUG GameScene            - Clearing game scene
12:44:23.592 [JavaFX Application Thread] DEBUG GameWorld            - Clearing game world
12:44:23.592 [JavaFX Application Thread] DEBUG PhysicsWorld         - Clearing physics world
12:44:23.593 [FXGL Background Thread 1 ] DEBUG GameApplication      - Initializing game
12:44:23.601 [FXGL Background Thread 1 ] DEBUG AssetLoaderService   - Loading from file system: /assets/textures/road_with_patches.png
12:44:23.611 [FXGL Background Thread 1 ] DEBUG AssetLoaderService   - Loading from cache: /assets/textures/road_with_patches.png
12:44:23.612 [FXGL Background Thread 1 ] DEBUG AssetLoaderService   - Loading from file system: /assets/textures/Car_Audi_Sport_Quattro_86x145.png
12:44:23.623 [FXGL Background Thread 1 ] DEBUG AssetLoaderService   - Loading from file system: /assets/ui/moosegame_ui.fxml
12:44:23.686 [FXGL Background Thread 1 ] INFO  GameApplication      - Game initialization took: 0.093 sec
12:44:23.690 [JavaFX Application Thread] DEBUG Input                - Clearing active input actions
12:44:23.695 [JavaFX Application Thread] DEBUG WindowService        - Removing overlay from FXGLLoadingScene and adding to GameScene
12:44:23.695 [JavaFX Application Thread] DEBUG MainWindow           - FXGLLoadingScene -> GameScene
12:44:25.511 [FXGL Background Thread 2 ] DEBUG Engine               - Logging environment variables
12:44:25.511 [FXGL Background Thread 2 ] DEBUG Engine               - achievements: []
12:44:25.511 [FXGL Background Thread 2 ] DEBUG Engine               - language: ObjectProperty [value: ENGLISH]
12:44:25.511 [FXGL Background Thread 2 ] DEBUG Engine               - isCloseConfirmation: false
12:44:25.511 [FXGL Background Thread 2 ] DEBUG Engine               - isProfilingEnabled: false
12:44:25.511 [FXGL Background Thread 2 ] DEBUG Engine               - soundNotification: core/notification.wav
12:44:25.511 [FXGL Background Thread 2 ] DEBUG Engine               - devShowBBoxProperty: BooleanProperty [value: false]
12:44:25.511 [FXGL Background Thread 2 ] DEBUG Engine               - pixelsPerMeter: 50.0
12:44:25.511 [FXGL Background Thread 2 ] DEBUG Engine               - soundMenuBack: menu/back.wav
12:44:25.511 [FXGL Background Thread 2 ] DEBUG Engine               - appIcon: fxgl_icon.png
12:44:25.511 [FXGL Background Thread 2 ] DEBUG Engine               - isFullScreenAllowed: false
12:44:25.511 [FXGL Background Thread 2 ] DEBUG Engine               - isIntroEnabled: false
12:44:25.511 [FXGL Background Thread 2 ] DEBUG Engine               - fontMono: lucida_console.ttf
12:44:25.511 [FXGL Background Thread 2 ] DEBUG Engine               - soundMenuSelect: menu/select.wav
12:44:25.511 [FXGL Background Thread 2 ] DEBUG Engine               - isWindows: true
12:44:25.512 [FXGL Background Thread 2 ] DEBUG Engine               - isMobile: false
12:44:25.512 [FXGL Background Thread 2 ] DEBUG Engine               - isUserProfileEnabled: false
12:44:25.512 [FXGL Background Thread 2 ] DEBUG Engine               - height: 900
12:44:25.512 [FXGL Background Thread 2 ] DEBUG Engine               - isExperimentalNative: false
12:44:25.512 [FXGL Background Thread 2 ] DEBUG Engine               - settings: Title: MooseGame
Version: 0.2
Width: 600
Height: 900
Fullscreen: false
Intro: false
Menus: true
Profiling: false
Single step:false
App Mode: DEVELOPER
Menu Key: ESCAPE
Stage Style: DECORATED
Scene Factory: class com.almasb.fxgl.app.scene.SceneFactory

12:44:25.512 [FXGL Background Thread 2 ] DEBUG Engine               - isSingleStep: false
12:44:25.512 [FXGL Background Thread 2 ] DEBUG Engine               - cSSList: [fxgl_dark.css]
12:44:25.512 [FXGL Background Thread 2 ] DEBUG Engine               - fontGame: Abel-Regular.ttf
12:44:25.512 [FXGL Background Thread 2 ] DEBUG Engine               - menuKey: ESCAPE
12:44:25.512 [FXGL Background Thread 2 ] DEBUG Engine               - devShowPositionProperty: BooleanProperty [value: false]
12:44:25.512 [FXGL Background Thread 2 ] DEBUG Engine               - versionCheckDays: 7
12:44:25.512 [FXGL Background Thread 2 ] DEBUG Engine               - configClass: Optional.empty
12:44:25.512 [FXGL Background Thread 2 ] DEBUG Engine               - isFullScreenFromStart: false
12:44:25.512 [FXGL Background Thread 2 ] DEBUG Engine               - version: 0.2
12:44:25.512 [FXGL Background Thread 2 ] DEBUG Engine               - fullScreen: BooleanProperty [value: false]
12:44:25.512 [FXGL Background Thread 2 ] DEBUG Engine               - randomSeed: -1
12:44:25.512 [FXGL Background Thread 2 ] DEBUG Engine               - gameDifficultyProperty: ObjectProperty [value: MEDIUM]
12:44:25.512 [FXGL Background Thread 2 ] DEBUG Engine               - applicationMode: DEVELOPER
12:44:25.512 [FXGL Background Thread 2 ] DEBUG Engine               - isMac: false
12:44:25.512 [FXGL Background Thread 2 ] DEBUG Engine               - isMenuEnabled: true
12:44:25.512 [FXGL Background Thread 2 ] DEBUG Engine               - urlPOM: https://raw.githubusercontent.com/AlmasB/FXGL/master/pom.xml
12:44:25.513 [FXGL Background Thread 2 ] DEBUG Engine               - profileName: StringProperty [value: DEFAULT]
12:44:25.513 [FXGL Background Thread 2 ] DEBUG Engine               - notificationViewClass: class com.almasb.fxgl.notification.view.XboxNotificationView
12:44:25.513 [FXGL Background Thread 2 ] DEBUG Engine               - devSensorColorProperty: ObjectProperty [value: 0xffff00ff]
12:44:25.513 [FXGL Background Thread 2 ] DEBUG Engine               - sceneFactory: com.almasb.fxgl.app.scene.SceneFactory@7f94f526
12:44:25.513 [FXGL Background Thread 2 ] DEBUG Engine               - stageStyle: DECORATED
12:44:25.513 [FXGL Background Thread 2 ] DEBUG Engine               - isManualResizeEnabled: false
12:44:25.513 [FXGL Background Thread 2 ] DEBUG Engine               - title: MooseGame
12:44:25.513 [FXGL Background Thread 2 ] DEBUG Engine               - platform: WINDOWS
12:44:25.513 [FXGL Background Thread 2 ] DEBUG Engine               - devBBoxColorProperty: ObjectProperty [value: 0xff0000ff]
12:44:25.513 [FXGL Background Thread 2 ] DEBUG Engine               - gameDifficulty: MEDIUM
12:44:25.513 [FXGL Background Thread 2 ] DEBUG Engine               - isDesktop: true
12:44:25.513 [FXGL Background Thread 2 ] DEBUG Engine               - supportedLanguages: [ENGLISH, FRENCH, GERMAN, HUNGARIAN, RUSSIAN]
12:44:25.513 [FXGL Background Thread 2 ] DEBUG Engine               - credits: []
12:44:25.513 [FXGL Background Thread 2 ] DEBUG Engine               - globalMusicVolumeProperty: DoubleProperty [value: 0.5]
12:44:25.513 [FXGL Background Thread 2 ] DEBUG Engine               - isPreserveResizeRatio: false
12:44:25.513 [FXGL Background Thread 2 ] DEBUG Engine               - fontText: Courier-Prime.ttf
12:44:25.513 [FXGL Background Thread 2 ] DEBUG Engine               - isExperimentalTiledLargeMap: false
12:44:25.513 [FXGL Background Thread 2 ] DEBUG Engine               - secondsIn24h: 60
12:44:25.514 [FXGL Background Thread 2 ] DEBUG Engine               - runtimeInfo: RuntimeInfo(platform=WINDOWS, version=11.8, build=08.03.2020 09.09)
12:44:25.514 [FXGL Background Thread 2 ] DEBUG Engine               - isLinux: false
12:44:25.514 [FXGL Background Thread 2 ] DEBUG Engine               - soundMenuPress: menu/press.wav
12:44:25.514 [FXGL Background Thread 2 ] DEBUG Engine               - urlGithub: https://github.com/AlmasB/FXGL
12:44:25.514 [FXGL Background Thread 2 ] DEBUG Engine               - profileDir: profiles/
12:44:25.514 [FXGL Background Thread 2 ] DEBUG Engine               - isDeveloperMenuEnabled: false
12:44:25.514 [FXGL Background Thread 2 ] DEBUG Engine               - globalSoundVolumeProperty: DoubleProperty [value: 0.5]
12:44:25.514 [FXGL Background Thread 2 ] DEBUG Engine               - mainWindow: com.almasb.fxgl.app.MainWindow@7bab6e0c
12:44:25.514 [FXGL Background Thread 2 ] DEBUG Engine               - isBrowser: false
12:44:25.514 [FXGL Background Thread 2 ] DEBUG Engine               - globalSoundVolume: 0.5
12:44:25.514 [FXGL Background Thread 2 ] DEBUG Engine               - urlLeaderboard: http://fxgl-top.herokuapp.com/
12:44:25.514 [FXGL Background Thread 2 ] DEBUG Engine               - engineServices: [class com.almasb.fxgl.app.GameApplication$GameApplicationService, class com.almasb.fxgl.app.services.WindowService, class com.almasb.fxgl.app.services.FXGLDialogService, class com.almasb.fxgl.app.services.IOTaskExecutorService, class com.almasb.fxgl.event.EventBusService, class com.almasb.fxgl.io.FileSystemService, class com.almasb.fxgl.localization.LocalizationService, class com.almasb.fxgl.app.services.AssetLoaderService, class com.almasb.fxgl.app.services.SystemBundleService, class com.almasb.fxgl.profile.SaveLoadService, class com.almasb.fxgl.ui.FXGLUIFactoryServiceProvider, class com.almasb.fxgl.ui.FXGLDialogFactoryServiceProvider, class com.almasb.fxgl.audio.AudioPlayer, class com.almasb.fxgl.notification.impl.NotificationServiceProvider, class com.almasb.fxgl.achievement.AchievementService, class com.almasb.fxgl.cutscene.CutsceneService, class com.almasb.fxgl.minigames.MiniGameService, class com.almasb.fxgl.net.NetService, class com.almasb.fxgl.app.services.UpdaterService]
12:44:25.514 [FXGL Background Thread 2 ] DEBUG Engine               - globalMusicVolume: 0.5
12:44:25.514 [FXGL Background Thread 2 ] DEBUG Engine               - width: 600
12:44:25.514 [FXGL Background Thread 2 ] DEBUG Engine               - saveFileExt: sav
12:44:25.514 [FXGL Background Thread 2 ] DEBUG Engine               - isAndroid: false
12:44:25.514 [FXGL Background Thread 2 ] DEBUG Engine               - fontUI: VarelaRound-Regular.ttf
12:44:25.514 [FXGL Background Thread 2 ] DEBUG Engine               - enabledMenuItems: []
12:44:25.514 [FXGL Background Thread 2 ] DEBUG Engine               - isIOS: false
12:44:25.514 [FXGL Background Thread 2 ] DEBUG Engine               - Logging services
12:44:25.515 [FXGL Background Thread 2 ] DEBUG Engine               - class com.almasb.fxgl.app.GameApplication$GameApplicationService
12:44:25.515 [FXGL Background Thread 2 ] DEBUG Engine               - class com.almasb.fxgl.app.services.WindowService
12:44:25.515 [FXGL Background Thread 2 ] DEBUG Engine               - class com.almasb.fxgl.app.services.FXGLDialogService
12:44:25.515 [FXGL Background Thread 2 ] DEBUG Engine               - class com.almasb.fxgl.app.services.IOTaskExecutorService
12:44:25.515 [FXGL Background Thread 2 ] DEBUG Engine               - class com.almasb.fxgl.event.EventBusService
12:44:25.515 [FXGL Background Thread 2 ] DEBUG Engine               - class com.almasb.fxgl.io.FileSystemService
12:44:25.515 [FXGL Background Thread 2 ] DEBUG Engine               - class com.almasb.fxgl.localization.LocalizationService
12:44:25.515 [FXGL Background Thread 2 ] DEBUG Engine               - class com.almasb.fxgl.app.services.AssetLoaderService
12:44:25.515 [FXGL Background Thread 2 ] DEBUG Engine               - class com.almasb.fxgl.app.services.SystemBundleService
12:44:25.515 [FXGL Background Thread 2 ] DEBUG Engine               - class com.almasb.fxgl.profile.SaveLoadService
12:44:25.515 [FXGL Background Thread 2 ] DEBUG Engine               - class com.almasb.fxgl.ui.FXGLUIFactoryServiceProvider
12:44:25.515 [FXGL Background Thread 2 ] DEBUG Engine               - class com.almasb.fxgl.ui.FXGLDialogFactoryServiceProvider
12:44:25.515 [FXGL Background Thread 2 ] DEBUG Engine               - class com.almasb.fxgl.audio.AudioPlayer
12:44:25.515 [FXGL Background Thread 2 ] DEBUG Engine               - class com.almasb.fxgl.notification.impl.NotificationServiceProvider
12:44:25.515 [FXGL Background Thread 2 ] DEBUG Engine               - class com.almasb.fxgl.achievement.AchievementService
12:44:25.515 [FXGL Background Thread 2 ] DEBUG Engine               - class com.almasb.fxgl.cutscene.CutsceneService
12:44:25.515 [FXGL Background Thread 2 ] DEBUG Engine               - class com.almasb.fxgl.minigames.MiniGameService
12:44:25.515 [FXGL Background Thread 2 ] DEBUG Engine               - class com.almasb.fxgl.net.NetService
12:44:25.515 [FXGL Background Thread 2 ] DEBUG Engine               - class com.almasb.fxgl.app.services.UpdaterService
12:44:25.826 [JavaFX Application Thread] DEBUG AssetLoaderService   - Loading from file system: /assets/textures/potHole.png
12:44:27.930 [JavaFX Application Thread] DEBUG AssetLoaderService   - Loading from file system: /assets/textures/mooseWalkAnimation.png
12:44:27.944 [JavaFX Application Thread] DEBUG AssetLoaderService   - Loading from cache: /assets/textures/potHole.png
12:44:30.066 [JavaFX Application Thread] DEBUG AssetLoaderService   - Loading from cache: /assets/textures/potHole.png
12:44:32.201 [JavaFX Application Thread] DEBUG AssetLoaderService   - Loading from cache: /assets/textures/mooseWalkAnimation.png
12:44:32.210 [JavaFX Application Thread] DEBUG AssetLoaderService   - Loading from cache: /assets/textures/potHole.png
12:44:34.338 [JavaFX Application Thread] DEBUG AssetLoaderService   - Loading from cache: /assets/textures/potHole.png
12:44:36.418 [JavaFX Application Thread] DEBUG AssetLoaderService   - Loading from cache: /assets/textures/mooseWalkAnimation.png
12:44:36.444 [JavaFX Application Thread] DEBUG AssetLoaderService   - Loading from cache: /assets/textures/potHole.png
12:44:38.579 [JavaFX Application Thread] DEBUG AssetLoaderService   - Loading from cache: /assets/textures/potHole.png
12:44:40.674 [JavaFX Application Thread] DEBUG AssetLoaderService   - Loading from cache: /assets/textures/mooseWalkAnimation.png
12:44:40.706 [JavaFX Application Thread] DEBUG AssetLoaderService   - Loading from cache: /assets/textures/potHole.png
12:44:42.833 [JavaFX Application Thread] DEBUG AssetLoaderService   - Loading from cache: /assets/textures/potHole.png
12:44:44.937 [JavaFX Application Thread] DEBUG AssetLoaderService   - Loading from cache: /assets/textures/mooseWalkAnimation.png
12:44:44.979 [JavaFX Application Thread] DEBUG AssetLoaderService   - Loading from cache: /assets/textures/potHole.png
12:44:46.654 [JavaFX Application Thread] DEBUG MainWindow           - Push state: DialogSubScene
12:44:46.655 [JavaFX Application Thread] DEBUG Input                - Clearing active input actions
12:44:46.656 [JavaFX Application Thread] DEBUG WindowService        - Removing overlay from GameScene and adding to DialogSubScene
12:44:46.656 [JavaFX Application Thread] DEBUG MainWindow           - GameScene -> DialogSubScene
12:44:48.537 [JavaFX Application Thread] DEBUG MainWindow           - Pop state: DialogSubScene
12:44:48.538 [JavaFX Application Thread] DEBUG Input                - Clearing active input actions
12:44:48.538 [JavaFX Application Thread] DEBUG WindowService        - Removing overlay from DialogSubScene and adding to GameScene
12:44:48.538 [JavaFX Application Thread] DEBUG MainWindow           - GameScene <- DialogSubScene
12:44:48.538 [JavaFX Application Thread] DEBUG GameApplication      - Exiting FXGL
12:44:48.538 [JavaFX Application Thread] DEBUG LoopRunner           - Stopping loop
12:44:48.538 [JavaFX Application Thread] DEBUG SystemBundleService  - Saving FXGL system data
12:44:48.540 [JavaFX Application Thread] DEBUG FileSystemAccess     - Writing to: C:\Users\micha\Desktop\JavaMooseGame\system\fxgl.bundle
12:44:48.541 [JavaFX Application Thread] DEBUG GameApplication      - Shutting down background threads
12:44:48.541 [JavaFX Application Thread] DEBUG GameApplication      - Closing logger and exiting JavaFX
