01:46:15.592 [main                     ] DEBUG GameApplication      - Logger initialized
01:46:15.596 [main                     ] DEBUG GameApplication      - Logging settings
Title: MooseGame
Version: 0.3
Width: 600
Height: 900
Fullscreen: false
Intro: false
Menus: true
Profiling: false
Single step:false
App Mode: DEVELOPER
Menu Key: ESCAPE
Stage Style: DECORATED
Scene Factory: class MooseGameApp$1

01:46:15.930 [JavaFX Application Thread] DEBUG GameApplication      - Initializing FXGL
01:46:15.937 [JavaFX Application Thread] INFO  Engine               - FXGL-11.8 (08.03.2020 09.09) on WINDOWS (J:14.0.1 FX:13.0.2)
01:46:15.938 [JavaFX Application Thread] INFO  Engine               - Source code and latest versions at: https://github.com/AlmasB/FXGL
01:46:15.938 [JavaFX Application Thread] INFO  Engine               -              Join the FXGL chat at: https://gitter.im/AlmasB/FXGL
01:46:16.045 [JavaFX Application Thread] DEBUG MainWindow           - Creating a JavaFX scene
01:46:16.090 [JavaFX Application Thread] DEBUG MainWindow           - Target settings size: 600.0 x 900.0
01:46:16.090 [JavaFX Application Thread] DEBUG MainWindow           - Scaled scene size:    600.0 x 900.0
01:46:16.090 [JavaFX Application Thread] DEBUG MainWindow           - Scaled ratio: (1.0, 1.0)
01:46:16.091 [JavaFX Application Thread] DEBUG MainWindow           - Set initial scene to FXGLStartupScene
01:46:16.096 [JavaFX Application Thread] DEBUG MainWindow           - Opening main window
01:46:16.176 [JavaFX Application Thread] DEBUG MainWindow           - Window border size: (16.0, 39.0)
01:46:16.177 [JavaFX Application Thread] DEBUG MainWindow           - Scaled size: 600.0 x 900.0
01:46:16.177 [JavaFX Application Thread] DEBUG MainWindow           - Scaled ratio: (1.0, 1.0)
01:46:16.177 [JavaFX Application Thread] DEBUG MainWindow           - Scene size: 600.0 x 900.0
01:46:16.177 [JavaFX Application Thread] DEBUG MainWindow           - Stage size: 616.0 x 939.0
01:46:16.184 [FXGL Background Thread 1 ] DEBUG Engine               - Initializing environment variables
01:46:16.208 [FXGL Background Thread 1 ] DEBUG WindowService        - Applying CSS: fxgl_dark.css
01:46:16.209 [FXGL Background Thread 1 ] DEBUG AssetLoaderService   - Loading from file system: /assets/ui/css/fxgl_dark.css
01:46:16.245 [FXGL Background Thread 1 ] DEBUG WindowService        - Initializing application scenes
01:46:16.273 [FXGL Background Thread 1 ] DEBUG GameWorld            - Game world initialized
01:46:16.307 [FXGL Background Thread 1 ] DEBUG PhysicsWorld         - Physics world initialized: appHeight=900, physics.ppm=50.0
01:46:16.308 [FXGL Background Thread 1 ] DEBUG GameScene            - Game scene initialized: 600x900
01:46:16.316 [FXGL Background Thread 1 ] DEBUG AssetLoaderService   - Loading from file system: /assets/textures/Roadway.png
01:46:16.379 [FXGL Background Thread 1 ] DEBUG AssetLoaderService   - Loading from file system: /assets/sounds/selection.mp3
01:46:16.444 [FXGL Background Thread 1 ] DEBUG AssetLoaderService   - Loading from cache: /assets/sounds/selection.mp3
01:46:16.445 [FXGL Background Thread 1 ] DEBUG AssetLoaderService   - Loading from cache: /assets/sounds/selection.mp3
01:46:16.445 [FXGL Background Thread 1 ] DEBUG AssetLoaderService   - Loading from cache: /assets/sounds/selection.mp3
01:46:16.445 [FXGL Background Thread 1 ] DEBUG AssetLoaderService   - Loading from cache: /assets/sounds/selection.mp3
01:46:16.464 [FXGL Background Thread 1 ] DEBUG AssetLoaderService   - Loading from file system: /assets/music/Poisoncut_-_MenuMusic.mp3
01:46:16.521 [FXGL Background Thread 1 ] DEBUG AudioPlayer          - Playing music com.almasb.fxgl.audio.Music@4e3d99ac
01:46:16.538 [FXGL Background Thread 1 ] DEBUG AssetLoaderService   - Loading from file system: /assets/textures/particles/trace_horizontal.png
01:46:16.566 [FXGL Background Thread 1 ] WARN  FXGL.DefaultMenu     - FXGLDefaultMenu is not designed for resolutions < 800x600
01:46:16.566 [FXGL Background Thread 1 ] DEBUG FXGL.DefaultMenu     - createMenuBodyGameMenu()
01:46:16.576 [FXGL Background Thread 1 ] DEBUG FXGL.DefaultMenu     - createOptionsMenu()
01:46:16.580 [FXGL Background Thread 1 ] DEBUG AssetLoaderService   - Loading from file system: /assets/textures/particles/smoke.png
01:46:16.620 [FXGL Background Thread 1 ] DEBUG WindowService        - Application scenes initialized
01:46:16.626 [FXGL Background Thread 1 ] DEBUG SystemBundleService  - Loading FXGL system data
01:46:16.630 [FXGL Background Thread 1 ] DEBUG FileSystemAccess     - Reading from: C:\Users\micha\Desktop\JavaMooseGame\system\fxgl.bundle
01:46:16.634 [FXGL Background Thread 1 ] DEBUG SystemBundleService  - Bundle FXGL: {}
01:46:16.634 [FXGL Background Thread 1 ] INFO  Engine               - FXGL initialization took: 0.449 sec
01:46:16.636 [FXGL Background Thread 1 ] DEBUG GameApplication      - Loading localizations
01:46:16.636 [FXGL Background Thread 1 ] DEBUG AssetLoaderService   - Loading from file system: /assets/properties/languages/english.properties
01:46:16.637 [FXGL Background Thread 1 ] DEBUG AssetLoaderService   - Loading from file system: /assets/properties/languages/french.properties
01:46:16.638 [FXGL Background Thread 1 ] DEBUG AssetLoaderService   - Loading from file system: /assets/properties/languages/german.properties
01:46:16.639 [FXGL Background Thread 1 ] DEBUG AssetLoaderService   - Loading from file system: /assets/properties/languages/hungarian.properties
01:46:16.640 [FXGL Background Thread 1 ] DEBUG AssetLoaderService   - Loading from file system: /assets/properties/languages/russian.properties
01:46:16.641 [FXGL Background Thread 1 ] DEBUG GameApplication      - Registering font factories with UI factory
01:46:16.641 [FXGL Background Thread 1 ] DEBUG AssetLoaderService   - Loading from file system: /assets/ui/fonts/VarelaRound-Regular.ttf
01:46:16.680 [FXGL Background Thread 1 ] DEBUG AssetLoaderService   - Loading from file system: /assets/ui/fonts/Abel-Regular.ttf
01:46:16.688 [FXGL Background Thread 1 ] DEBUG AssetLoaderService   - Loading from file system: /assets/ui/fonts/lucida_console.ttf
01:46:16.696 [FXGL Background Thread 1 ] DEBUG AssetLoaderService   - Loading from file system: /assets/ui/fonts/Courier-Prime.ttf
01:46:16.709 [JavaFX Application Thread] DEBUG Input                - Registered new binding: action0 - A
01:46:16.710 [JavaFX Application Thread] DEBUG Input                - Registered new binding: action1 - S
01:46:16.710 [JavaFX Application Thread] DEBUG Input                - Registered new binding: action2 - D
01:46:16.710 [JavaFX Application Thread] DEBUG Input                - Registered new binding: action3 - W
01:46:16.710 [JavaFX Application Thread] DEBUG Input                - Registered new binding: action4 - Space
01:46:16.710 [JavaFX Application Thread] DEBUG Input                - Registered new binding: action5 - Left
01:46:16.710 [JavaFX Application Thread] DEBUG Input                - Registered new binding: action6 - Down
01:46:16.711 [JavaFX Application Thread] DEBUG Input                - Registered new binding: action7 - Right
01:46:16.711 [JavaFX Application Thread] DEBUG Input                - Registered new binding: action8 - Up
01:46:16.711 [JavaFX Application Thread] DEBUG AssetLoaderService   - Loading from file system: /assets/textures/fxgl_icon.png
01:46:16.716 [JavaFX Application Thread] DEBUG AssetLoaderService   - Loading from file system: /assets/ui/cursors/fxgl_default.png
01:46:16.717 [JavaFX Application Thread] DEBUG Input                - Registered new binding: Screenshot - P
01:46:16.717 [JavaFX Application Thread] DEBUG Input                - Registered new binding: System info dump - CTRL+9
01:46:16.718 [JavaFX Application Thread] DEBUG Input                - Registered new binding: Restart - CTRL+R
01:46:16.718 [JavaFX Application Thread] DEBUG LoopRunner           - Starting loop
01:46:16.736 [JavaFX Application Thread] DEBUG FXGLStartupScene     - STARTUP
01:46:16.737 [JavaFX Application Thread] DEBUG Input                - Clearing active input actions
01:46:16.749 [JavaFX Application Thread] DEBUG WindowService        - Removing overlay from FXGLStartupScene and adding to MooseGameMenu
01:46:16.749 [JavaFX Application Thread] DEBUG MainWindow           - FXGLStartupScene -> MooseGameMenu
01:46:19.636 [FXGL Background Thread 2 ] DEBUG Engine               - Logging environment variables
01:46:19.636 [FXGL Background Thread 2 ] DEBUG Engine               - achievements: []
01:46:19.636 [FXGL Background Thread 2 ] DEBUG Engine               - language: ObjectProperty [value: ENGLISH]
01:46:19.636 [FXGL Background Thread 2 ] DEBUG Engine               - isCloseConfirmation: false
01:46:19.636 [FXGL Background Thread 2 ] DEBUG Engine               - isProfilingEnabled: false
01:46:19.637 [FXGL Background Thread 2 ] DEBUG Engine               - soundNotification: core/notification.wav
01:46:19.637 [FXGL Background Thread 2 ] DEBUG Engine               - devShowBBoxProperty: BooleanProperty [value: false]
01:46:19.637 [FXGL Background Thread 2 ] DEBUG Engine               - pixelsPerMeter: 50.0
01:46:19.637 [FXGL Background Thread 2 ] DEBUG Engine               - soundMenuBack: menu/back.wav
01:46:19.637 [FXGL Background Thread 2 ] DEBUG Engine               - appIcon: fxgl_icon.png
01:46:19.637 [FXGL Background Thread 2 ] DEBUG Engine               - isFullScreenAllowed: false
01:46:19.637 [FXGL Background Thread 2 ] DEBUG Engine               - isIntroEnabled: false
01:46:19.637 [FXGL Background Thread 2 ] DEBUG Engine               - fontMono: lucida_console.ttf
01:46:19.637 [FXGL Background Thread 2 ] DEBUG Engine               - soundMenuSelect: menu/select.wav
01:46:19.637 [FXGL Background Thread 2 ] DEBUG Engine               - isWindows: true
01:46:19.637 [FXGL Background Thread 2 ] DEBUG Engine               - isMobile: false
01:46:19.637 [FXGL Background Thread 2 ] DEBUG Engine               - isUserProfileEnabled: false
01:46:19.637 [FXGL Background Thread 2 ] DEBUG Engine               - height: 900
01:46:19.637 [FXGL Background Thread 2 ] DEBUG Engine               - isExperimentalNative: false
01:46:19.637 [FXGL Background Thread 2 ] DEBUG Engine               - settings: Title: MooseGame
Version: 0.3
Width: 600
Height: 900
Fullscreen: false
Intro: false
Menus: true
Profiling: false
Single step:false
App Mode: DEVELOPER
Menu Key: ESCAPE
Stage Style: DECORATED
Scene Factory: class MooseGameApp$1

01:46:19.637 [FXGL Background Thread 2 ] DEBUG Engine               - isSingleStep: false
01:46:19.637 [FXGL Background Thread 2 ] DEBUG Engine               - cSSList: [fxgl_dark.css]
01:46:19.638 [FXGL Background Thread 2 ] DEBUG Engine               - fontGame: Abel-Regular.ttf
01:46:19.638 [FXGL Background Thread 2 ] DEBUG Engine               - menuKey: ESCAPE
01:46:19.638 [FXGL Background Thread 2 ] DEBUG Engine               - devShowPositionProperty: BooleanProperty [value: false]
01:46:19.638 [FXGL Background Thread 2 ] DEBUG Engine               - versionCheckDays: 7
01:46:19.638 [FXGL Background Thread 2 ] DEBUG Engine               - configClass: Optional.empty
01:46:19.638 [FXGL Background Thread 2 ] DEBUG Engine               - isFullScreenFromStart: false
01:46:19.638 [FXGL Background Thread 2 ] DEBUG Engine               - version: 0.3
01:46:19.638 [FXGL Background Thread 2 ] DEBUG Engine               - fullScreen: BooleanProperty [value: false]
01:46:19.638 [FXGL Background Thread 2 ] DEBUG Engine               - randomSeed: -1
01:46:19.638 [FXGL Background Thread 2 ] DEBUG Engine               - gameDifficultyProperty: ObjectProperty [value: MEDIUM]
01:46:19.638 [FXGL Background Thread 2 ] DEBUG Engine               - applicationMode: DEVELOPER
01:46:19.638 [FXGL Background Thread 2 ] DEBUG Engine               - isMac: false
01:46:19.638 [FXGL Background Thread 2 ] DEBUG Engine               - isMenuEnabled: true
01:46:19.638 [FXGL Background Thread 2 ] DEBUG Engine               - urlPOM: https://raw.githubusercontent.com/AlmasB/FXGL/master/pom.xml
01:46:19.638 [FXGL Background Thread 2 ] DEBUG Engine               - profileName: StringProperty [value: DEFAULT]
01:46:19.638 [FXGL Background Thread 2 ] DEBUG Engine               - notificationViewClass: class com.almasb.fxgl.notification.view.XboxNotificationView
01:46:19.638 [FXGL Background Thread 2 ] DEBUG Engine               - devSensorColorProperty: ObjectProperty [value: 0xffff00ff]
01:46:19.638 [FXGL Background Thread 2 ] DEBUG Engine               - sceneFactory: MooseGameApp$1@5b98deff
01:46:19.639 [FXGL Background Thread 2 ] DEBUG Engine               - stageStyle: DECORATED
01:46:19.639 [FXGL Background Thread 2 ] DEBUG Engine               - isManualResizeEnabled: false
01:46:19.639 [FXGL Background Thread 2 ] DEBUG Engine               - title: MooseGame
01:46:19.639 [FXGL Background Thread 2 ] DEBUG Engine               - platform: WINDOWS
01:46:19.639 [FXGL Background Thread 2 ] DEBUG Engine               - devBBoxColorProperty: ObjectProperty [value: 0xff0000ff]
01:46:19.639 [FXGL Background Thread 2 ] DEBUG Engine               - gameDifficulty: MEDIUM
01:46:19.639 [FXGL Background Thread 2 ] DEBUG Engine               - isDesktop: true
01:46:19.639 [FXGL Background Thread 2 ] DEBUG Engine               - supportedLanguages: [ENGLISH, FRENCH, GERMAN, HUNGARIAN, RUSSIAN]
01:46:19.639 [FXGL Background Thread 2 ] DEBUG Engine               - credits: []
01:46:19.639 [FXGL Background Thread 2 ] DEBUG Engine               - globalMusicVolumeProperty: DoubleProperty [value: 0.5]
01:46:19.639 [FXGL Background Thread 2 ] DEBUG Engine               - isPreserveResizeRatio: false
01:46:19.639 [FXGL Background Thread 2 ] DEBUG Engine               - fontText: Courier-Prime.ttf
01:46:19.639 [FXGL Background Thread 2 ] DEBUG Engine               - isExperimentalTiledLargeMap: false
01:46:19.639 [FXGL Background Thread 2 ] DEBUG Engine               - secondsIn24h: 60
01:46:19.639 [FXGL Background Thread 2 ] DEBUG Engine               - runtimeInfo: RuntimeInfo(platform=WINDOWS, version=11.8, build=08.03.2020 09.09)
01:46:19.639 [FXGL Background Thread 2 ] DEBUG Engine               - isLinux: false
01:46:19.640 [FXGL Background Thread 2 ] DEBUG Engine               - soundMenuPress: menu/press.wav
01:46:19.640 [FXGL Background Thread 2 ] DEBUG Engine               - urlGithub: https://github.com/AlmasB/FXGL
01:46:19.640 [FXGL Background Thread 2 ] DEBUG Engine               - profileDir: profiles/
01:46:19.640 [FXGL Background Thread 2 ] DEBUG Engine               - isDeveloperMenuEnabled: false
01:46:19.640 [FXGL Background Thread 2 ] DEBUG Engine               - globalSoundVolumeProperty: DoubleProperty [value: 0.5]
01:46:19.640 [FXGL Background Thread 2 ] DEBUG Engine               - mainWindow: com.almasb.fxgl.app.MainWindow@5fa75154
01:46:19.640 [FXGL Background Thread 2 ] DEBUG Engine               - isBrowser: false
01:46:19.640 [FXGL Background Thread 2 ] DEBUG Engine               - globalSoundVolume: 0.5
01:46:19.640 [FXGL Background Thread 2 ] DEBUG Engine               - urlLeaderboard: http://fxgl-top.herokuapp.com/
01:46:19.640 [FXGL Background Thread 2 ] DEBUG Engine               - engineServices: [class com.almasb.fxgl.app.GameApplication$GameApplicationService, class com.almasb.fxgl.app.services.WindowService, class com.almasb.fxgl.app.services.FXGLDialogService, class com.almasb.fxgl.app.services.IOTaskExecutorService, class com.almasb.fxgl.event.EventBusService, class com.almasb.fxgl.io.FileSystemService, class com.almasb.fxgl.localization.LocalizationService, class com.almasb.fxgl.app.services.AssetLoaderService, class com.almasb.fxgl.app.services.SystemBundleService, class com.almasb.fxgl.profile.SaveLoadService, class com.almasb.fxgl.ui.FXGLUIFactoryServiceProvider, class com.almasb.fxgl.ui.FXGLDialogFactoryServiceProvider, class com.almasb.fxgl.audio.AudioPlayer, class com.almasb.fxgl.notification.impl.NotificationServiceProvider, class com.almasb.fxgl.achievement.AchievementService, class com.almasb.fxgl.cutscene.CutsceneService, class com.almasb.fxgl.minigames.MiniGameService, class com.almasb.fxgl.net.NetService, class com.almasb.fxgl.app.services.UpdaterService]
01:46:19.640 [FXGL Background Thread 2 ] DEBUG Engine               - globalMusicVolume: 0.5
01:46:19.640 [FXGL Background Thread 2 ] DEBUG Engine               - width: 600
01:46:19.640 [FXGL Background Thread 2 ] DEBUG Engine               - saveFileExt: sav
01:46:19.640 [FXGL Background Thread 2 ] DEBUG Engine               - isAndroid: false
01:46:19.640 [FXGL Background Thread 2 ] DEBUG Engine               - fontUI: VarelaRound-Regular.ttf
01:46:19.640 [FXGL Background Thread 2 ] DEBUG Engine               - enabledMenuItems: []
01:46:19.640 [FXGL Background Thread 2 ] DEBUG Engine               - isIOS: false
01:46:19.640 [FXGL Background Thread 2 ] DEBUG Engine               - Logging services
01:46:19.640 [FXGL Background Thread 2 ] DEBUG Engine               - class com.almasb.fxgl.app.GameApplication$GameApplicationService
01:46:19.640 [FXGL Background Thread 2 ] DEBUG Engine               - class com.almasb.fxgl.app.services.WindowService
01:46:19.641 [FXGL Background Thread 2 ] DEBUG Engine               - class com.almasb.fxgl.app.services.FXGLDialogService
01:46:19.641 [FXGL Background Thread 2 ] DEBUG Engine               - class com.almasb.fxgl.app.services.IOTaskExecutorService
01:46:19.641 [FXGL Background Thread 2 ] DEBUG Engine               - class com.almasb.fxgl.event.EventBusService
01:46:19.641 [FXGL Background Thread 2 ] DEBUG Engine               - class com.almasb.fxgl.io.FileSystemService
01:46:19.641 [FXGL Background Thread 2 ] DEBUG Engine               - class com.almasb.fxgl.localization.LocalizationService
01:46:19.641 [FXGL Background Thread 2 ] DEBUG Engine               - class com.almasb.fxgl.app.services.AssetLoaderService
01:46:19.641 [FXGL Background Thread 2 ] DEBUG Engine               - class com.almasb.fxgl.app.services.SystemBundleService
01:46:19.641 [FXGL Background Thread 2 ] DEBUG Engine               - class com.almasb.fxgl.profile.SaveLoadService
01:46:19.641 [FXGL Background Thread 2 ] DEBUG Engine               - class com.almasb.fxgl.ui.FXGLUIFactoryServiceProvider
01:46:19.641 [FXGL Background Thread 2 ] DEBUG Engine               - class com.almasb.fxgl.ui.FXGLDialogFactoryServiceProvider
01:46:19.641 [FXGL Background Thread 2 ] DEBUG Engine               - class com.almasb.fxgl.audio.AudioPlayer
01:46:19.641 [FXGL Background Thread 2 ] DEBUG Engine               - class com.almasb.fxgl.notification.impl.NotificationServiceProvider
01:46:19.641 [FXGL Background Thread 2 ] DEBUG Engine               - class com.almasb.fxgl.achievement.AchievementService
01:46:19.641 [FXGL Background Thread 2 ] DEBUG Engine               - class com.almasb.fxgl.cutscene.CutsceneService
01:46:19.641 [FXGL Background Thread 2 ] DEBUG Engine               - class com.almasb.fxgl.minigames.MiniGameService
01:46:19.641 [FXGL Background Thread 2 ] DEBUG Engine               - class com.almasb.fxgl.net.NetService
01:46:19.641 [FXGL Background Thread 2 ] DEBUG Engine               - class com.almasb.fxgl.app.services.UpdaterService
01:46:29.077 [JavaFX Application Thread] DEBUG GameApplication      - Exiting FXGL
01:46:29.077 [JavaFX Application Thread] DEBUG LoopRunner           - Stopping loop
01:46:29.077 [JavaFX Application Thread] DEBUG SystemBundleService  - Saving FXGL system data
01:46:29.078 [JavaFX Application Thread] DEBUG FileSystemAccess     - Writing to: C:\Users\micha\Desktop\JavaMooseGame\system\fxgl.bundle
01:46:29.080 [JavaFX Application Thread] DEBUG GameApplication      - Shutting down background threads
01:46:29.080 [JavaFX Application Thread] DEBUG GameApplication      - Closing logger and exiting JavaFX
