17:15:15.467 [main                     ] DEBUG GameApplication      - Logger initialized
17:15:15.471 [main                     ] DEBUG GameApplication      - Logging settings
Title: MooseGame
Version: 0.3
Width: 600
Height: 900
Fullscreen: false
Intro: false
Menus: true
Profiling: false
Single step:false
App Mode: DEVELOPER
Menu Key: ESCAPE
Stage Style: DECORATED
Scene Factory: class MooseGameApp$1

17:15:15.783 [JavaFX Application Thread] DEBUG GameApplication      - Initializing FXGL
17:15:15.791 [JavaFX Application Thread] INFO  Engine               - FXGL-11.8 (08.03.2020 09.09) on WINDOWS (J:14.0.1 FX:13.0.2)
17:15:15.791 [JavaFX Application Thread] INFO  Engine               - Source code and latest versions at: https://github.com/AlmasB/FXGL
17:15:15.791 [JavaFX Application Thread] INFO  Engine               -              Join the FXGL chat at: https://gitter.im/AlmasB/FXGL
17:15:15.896 [JavaFX Application Thread] DEBUG MainWindow           - Creating a JavaFX scene
17:15:15.937 [JavaFX Application Thread] DEBUG MainWindow           - Target settings size: 600.0 x 900.0
17:15:15.937 [JavaFX Application Thread] DEBUG MainWindow           - Scaled scene size:    600.0 x 900.0
17:15:15.938 [JavaFX Application Thread] DEBUG MainWindow           - Scaled ratio: (1.0, 1.0)
17:15:15.939 [JavaFX Application Thread] DEBUG MainWindow           - Set initial scene to FXGLStartupScene
17:15:15.944 [JavaFX Application Thread] DEBUG MainWindow           - Opening main window
17:15:16.026 [JavaFX Application Thread] DEBUG MainWindow           - Window border size: (16.0, 39.0)
17:15:16.026 [JavaFX Application Thread] DEBUG MainWindow           - Scaled size: 600.0 x 900.0
17:15:16.027 [JavaFX Application Thread] DEBUG MainWindow           - Scaled ratio: (1.0, 1.0)
17:15:16.027 [JavaFX Application Thread] DEBUG MainWindow           - Scene size: 600.0 x 900.0
17:15:16.027 [JavaFX Application Thread] DEBUG MainWindow           - Stage size: 616.0 x 939.0
17:15:16.032 [FXGL Background Thread 1 ] DEBUG Engine               - Initializing environment variables
17:15:16.057 [FXGL Background Thread 1 ] DEBUG WindowService        - Applying CSS: fxgl_dark.css
17:15:16.057 [FXGL Background Thread 1 ] DEBUG AssetLoaderService   - Loading from file system: /assets/ui/css/fxgl_dark.css
17:15:16.098 [FXGL Background Thread 1 ] DEBUG WindowService        - Initializing application scenes
17:15:16.126 [FXGL Background Thread 1 ] DEBUG GameWorld            - Game world initialized
17:15:16.162 [FXGL Background Thread 1 ] DEBUG PhysicsWorld         - Physics world initialized: appHeight=900, physics.ppm=50.0
17:15:16.164 [FXGL Background Thread 1 ] DEBUG GameScene            - Game scene initialized: 600x900
17:15:16.173 [FXGL Background Thread 1 ] DEBUG AssetLoaderService   - Loading from file system: /assets/textures/Roadway.png
17:15:16.244 [FXGL Background Thread 1 ] DEBUG AssetLoaderService   - Loading from file system: /assets/sounds/selection.mp3
17:15:16.312 [FXGL Background Thread 1 ] DEBUG AssetLoaderService   - Loading from cache: /assets/sounds/selection.mp3
17:15:16.313 [FXGL Background Thread 1 ] DEBUG AssetLoaderService   - Loading from cache: /assets/sounds/selection.mp3
17:15:16.313 [FXGL Background Thread 1 ] DEBUG AssetLoaderService   - Loading from cache: /assets/sounds/selection.mp3
17:15:16.314 [FXGL Background Thread 1 ] DEBUG AssetLoaderService   - Loading from cache: /assets/sounds/selection.mp3
17:15:16.329 [FXGL Background Thread 1 ] DEBUG AssetLoaderService   - Loading from cache: /assets/sounds/selection.mp3
17:15:16.330 [FXGL Background Thread 1 ] DEBUG AssetLoaderService   - Loading from cache: /assets/sounds/selection.mp3
17:15:16.331 [FXGL Background Thread 1 ] DEBUG AssetLoaderService   - Loading from cache: /assets/sounds/selection.mp3
17:15:16.339 [FXGL Background Thread 1 ] DEBUG AssetLoaderService   - Loading from file system: /assets/music/Poisoncut_-_MenuMusic.mp3
17:15:16.394 [FXGL Background Thread 1 ] DEBUG AudioPlayer          - Playing music com.almasb.fxgl.audio.Music@31fce62c
17:15:16.412 [FXGL Background Thread 1 ] DEBUG AssetLoaderService   - Loading from file system: /assets/textures/particles/trace_horizontal.png
17:15:16.441 [FXGL Background Thread 1 ] WARN  FXGL.DefaultMenu     - FXGLDefaultMenu is not designed for resolutions < 800x600
17:15:16.441 [FXGL Background Thread 1 ] DEBUG FXGL.DefaultMenu     - createMenuBodyGameMenu()
17:15:16.451 [FXGL Background Thread 1 ] DEBUG FXGL.DefaultMenu     - createOptionsMenu()
17:15:16.454 [FXGL Background Thread 1 ] DEBUG AssetLoaderService   - Loading from file system: /assets/textures/particles/smoke.png
17:15:16.493 [FXGL Background Thread 1 ] DEBUG WindowService        - Application scenes initialized
17:15:16.498 [FXGL Background Thread 1 ] DEBUG SystemBundleService  - Loading FXGL system data
17:15:16.501 [FXGL Background Thread 1 ] DEBUG FileSystemAccess     - Reading from: C:\Users\micha\Desktop\JavaMooseGame\system\fxgl.bundle
17:15:16.505 [FXGL Background Thread 1 ] DEBUG SystemBundleService  - Bundle FXGL: {}
17:15:16.505 [FXGL Background Thread 1 ] INFO  Engine               - FXGL initialization took: 0.471 sec
17:15:16.506 [FXGL Background Thread 1 ] DEBUG GameApplication      - Loading localizations
17:15:16.506 [FXGL Background Thread 1 ] DEBUG AssetLoaderService   - Loading from file system: /assets/properties/languages/english.properties
17:15:16.507 [FXGL Background Thread 1 ] DEBUG AssetLoaderService   - Loading from file system: /assets/properties/languages/french.properties
17:15:16.508 [FXGL Background Thread 1 ] DEBUG AssetLoaderService   - Loading from file system: /assets/properties/languages/german.properties
17:15:16.509 [FXGL Background Thread 1 ] DEBUG AssetLoaderService   - Loading from file system: /assets/properties/languages/hungarian.properties
17:15:16.510 [FXGL Background Thread 1 ] DEBUG AssetLoaderService   - Loading from file system: /assets/properties/languages/russian.properties
17:15:16.511 [FXGL Background Thread 1 ] DEBUG GameApplication      - Registering font factories with UI factory
17:15:16.511 [FXGL Background Thread 1 ] DEBUG AssetLoaderService   - Loading from file system: /assets/ui/fonts/VarelaRound-Regular.ttf
17:15:16.548 [FXGL Background Thread 1 ] DEBUG AssetLoaderService   - Loading from file system: /assets/ui/fonts/Abel-Regular.ttf
17:15:16.556 [FXGL Background Thread 1 ] DEBUG AssetLoaderService   - Loading from file system: /assets/ui/fonts/lucida_console.ttf
17:15:16.564 [FXGL Background Thread 1 ] DEBUG AssetLoaderService   - Loading from file system: /assets/ui/fonts/Courier-Prime.ttf
17:15:16.577 [JavaFX Application Thread] DEBUG Input                - Registered new binding: action0 - A
17:15:16.578 [JavaFX Application Thread] DEBUG Input                - Registered new binding: action1 - S
17:15:16.578 [JavaFX Application Thread] DEBUG Input                - Registered new binding: action2 - D
17:15:16.578 [JavaFX Application Thread] DEBUG Input                - Registered new binding: action3 - W
17:15:16.578 [JavaFX Application Thread] DEBUG Input                - Registered new binding: action4 - 1
17:15:16.579 [JavaFX Application Thread] DEBUG Input                - Registered new binding: action5 - 2
17:15:16.579 [JavaFX Application Thread] DEBUG Input                - Registered new binding: action6 - 3
17:15:16.579 [JavaFX Application Thread] DEBUG Input                - Registered new binding: action7 - Left
17:15:16.579 [JavaFX Application Thread] DEBUG Input                - Registered new binding: action8 - Down
17:15:16.579 [JavaFX Application Thread] DEBUG Input                - Registered new binding: action9 - Right
17:15:16.580 [JavaFX Application Thread] DEBUG Input                - Registered new binding: action10 - Up
17:15:16.580 [JavaFX Application Thread] DEBUG AssetLoaderService   - Loading from file system: /assets/textures/fxgl_icon.png
17:15:16.585 [JavaFX Application Thread] DEBUG AssetLoaderService   - Loading from file system: /assets/ui/cursors/fxgl_default.png
17:15:16.586 [JavaFX Application Thread] DEBUG Input                - Registered new binding: Screenshot - P
17:15:16.586 [JavaFX Application Thread] DEBUG Input                - Registered new binding: System info dump - CTRL+9
17:15:16.587 [JavaFX Application Thread] DEBUG Input                - Registered new binding: Restart - CTRL+R
17:15:16.587 [JavaFX Application Thread] DEBUG LoopRunner           - Starting loop
17:15:16.605 [JavaFX Application Thread] DEBUG FXGLStartupScene     - STARTUP
17:15:16.606 [JavaFX Application Thread] DEBUG Input                - Clearing active input actions
17:15:16.619 [JavaFX Application Thread] DEBUG WindowService        - Removing overlay from FXGLStartupScene and adding to MooseGameMenu
17:15:16.619 [JavaFX Application Thread] DEBUG MainWindow           - FXGLStartupScene -> MooseGameMenu
17:15:17.211 [JavaFX Application Thread] DEBUG Menu                 - fireNewGame()
17:15:17.211 [JavaFX Application Thread] DEBUG WindowService        - Starting new game
17:15:17.211 [JavaFX Application Thread] DEBUG Input                - Clearing active input actions
17:15:17.218 [JavaFX Application Thread] DEBUG WindowService        - Removing overlay from MooseGameMenu and adding to FXGLLoadingScene
17:15:17.218 [JavaFX Application Thread] DEBUG MainWindow           - MooseGameMenu -> FXGLLoadingScene
17:15:17.218 [JavaFX Application Thread] DEBUG WindowService        - Clearing previous game
17:15:17.218 [JavaFX Application Thread] DEBUG GameScene            - Clearing game scene
17:15:17.218 [JavaFX Application Thread] DEBUG GameWorld            - Clearing game world
17:15:17.218 [JavaFX Application Thread] DEBUG PhysicsWorld         - Clearing physics world
17:15:17.219 [JavaFX Application Thread] DEBUG AudioPlayer          - Stopping music com.almasb.fxgl.audio.Music@31fce62c
17:15:17.219 [FXGL Background Thread 1 ] DEBUG GameApplication      - Initializing game
17:15:17.227 [FXGL Background Thread 1 ] DEBUG AssetLoaderService   - Loading from file system: /assets/music/Poisoncut_GameLoop.mp3
17:15:17.230 [FXGL Background Thread 1 ] DEBUG AudioPlayer          - Playing music com.almasb.fxgl.audio.Music@2423d728
17:15:17.231 [FXGL Background Thread 1 ] DEBUG AssetLoaderService   - Loading from file system: /assets/textures/road_with_patches.png
17:15:17.240 [FXGL Background Thread 1 ] DEBUG AssetLoaderService   - Loading from cache: /assets/textures/road_with_patches.png
17:15:17.241 [FXGL Background Thread 1 ] DEBUG AssetLoaderService   - Loading from file system: /assets/textures//car0.png
17:15:17.251 [FXGL Background Thread 1 ] DEBUG AssetLoaderService   - Loading from file system: /assets/textures/signpost.png
17:15:17.255 [FXGL Background Thread 1 ] DEBUG AssetLoaderService   - Loading from file system: /assets/ui/moosegame_ui.fxml
17:15:17.300 [FXGL Background Thread 1 ] INFO  GameApplication      - Game initialization took: 0.081 sec
17:15:17.301 [JavaFX Application Thread] DEBUG Input                - Clearing active input actions
17:15:17.309 [JavaFX Application Thread] DEBUG WindowService        - Removing overlay from FXGLLoadingScene and adding to GameScene
17:15:17.309 [JavaFX Application Thread] DEBUG MainWindow           - FXGLLoadingScene -> GameScene
17:15:18.724 [JavaFX Application Thread] DEBUG AssetLoaderService   - Loading from file system: /assets/sounds/explosion.wav
17:15:18.727 [JavaFX Application Thread] DEBUG AssetLoaderService   - Loading from file system: /assets/textures/explosion.png
17:15:18.736 [JavaFX Application Thread] DEBUG AudioPlayer          - Stopping music com.almasb.fxgl.audio.Music@2423d728
17:15:18.738 [JavaFX Application Thread] DEBUG MainWindow           - Push state: DialogSubScene
17:15:18.739 [JavaFX Application Thread] DEBUG Input                - Clearing active input actions
17:15:18.743 [JavaFX Application Thread] DEBUG WindowService        - Removing overlay from GameScene and adding to DialogSubScene
17:15:18.744 [JavaFX Application Thread] DEBUG MainWindow           - GameScene -> DialogSubScene
17:15:19.276 [JavaFX Application Thread] DEBUG MainWindow           - Pop state: DialogSubScene
17:15:19.276 [JavaFX Application Thread] DEBUG Input                - Clearing active input actions
17:15:19.276 [JavaFX Application Thread] DEBUG WindowService        - Removing overlay from DialogSubScene and adding to GameScene
17:15:19.276 [JavaFX Application Thread] DEBUG MainWindow           - GameScene <- DialogSubScene
17:15:19.282 [JavaFX Application Thread] DEBUG MainWindow           - Push state: DialogSubScene
17:15:19.282 [JavaFX Application Thread] DEBUG Input                - Clearing active input actions
17:15:19.283 [JavaFX Application Thread] DEBUG WindowService        - Removing overlay from GameScene and adding to DialogSubScene
17:15:19.283 [JavaFX Application Thread] DEBUG MainWindow           - GameScene -> DialogSubScene
17:15:19.507 [FXGL Background Thread 2 ] DEBUG Engine               - Logging environment variables
17:15:19.507 [FXGL Background Thread 2 ] DEBUG Engine               - achievements: []
17:15:19.507 [FXGL Background Thread 2 ] DEBUG Engine               - language: ObjectProperty [value: ENGLISH]
17:15:19.507 [FXGL Background Thread 2 ] DEBUG Engine               - isCloseConfirmation: false
17:15:19.507 [FXGL Background Thread 2 ] DEBUG Engine               - isProfilingEnabled: false
17:15:19.507 [FXGL Background Thread 2 ] DEBUG Engine               - soundNotification: core/notification.wav
17:15:19.507 [FXGL Background Thread 2 ] DEBUG Engine               - devShowBBoxProperty: BooleanProperty [value: false]
17:15:19.507 [FXGL Background Thread 2 ] DEBUG Engine               - pixelsPerMeter: 50.0
17:15:19.507 [FXGL Background Thread 2 ] DEBUG Engine               - appIcon: fxgl_icon.png
17:15:19.507 [FXGL Background Thread 2 ] DEBUG Engine               - soundMenuBack: menu/back.wav
17:15:19.507 [FXGL Background Thread 2 ] DEBUG Engine               - isFullScreenAllowed: false
17:15:19.507 [FXGL Background Thread 2 ] DEBUG Engine               - isIntroEnabled: false
17:15:19.507 [FXGL Background Thread 2 ] DEBUG Engine               - fontMono: lucida_console.ttf
17:15:19.507 [FXGL Background Thread 2 ] DEBUG Engine               - soundMenuSelect: menu/select.wav
17:15:19.508 [FXGL Background Thread 2 ] DEBUG Engine               - isWindows: true
17:15:19.508 [FXGL Background Thread 2 ] DEBUG Engine               - isMobile: false
17:15:19.508 [FXGL Background Thread 2 ] DEBUG Engine               - isUserProfileEnabled: false
17:15:19.508 [FXGL Background Thread 2 ] DEBUG Engine               - height: 900
17:15:19.508 [FXGL Background Thread 2 ] DEBUG Engine               - isExperimentalNative: false
17:15:19.508 [FXGL Background Thread 2 ] DEBUG Engine               - settings: Title: MooseGame
Version: 0.3
Width: 600
Height: 900
Fullscreen: false
Intro: false
Menus: true
Profiling: false
Single step:false
App Mode: DEVELOPER
Menu Key: ESCAPE
Stage Style: DECORATED
Scene Factory: class MooseGameApp$1

17:15:19.508 [FXGL Background Thread 2 ] DEBUG Engine               - isSingleStep: false
17:15:19.508 [FXGL Background Thread 2 ] DEBUG Engine               - cSSList: [fxgl_dark.css]
17:15:19.508 [FXGL Background Thread 2 ] DEBUG Engine               - fontGame: Abel-Regular.ttf
17:15:19.508 [FXGL Background Thread 2 ] DEBUG Engine               - menuKey: ESCAPE
17:15:19.508 [FXGL Background Thread 2 ] DEBUG Engine               - devShowPositionProperty: BooleanProperty [value: false]
17:15:19.508 [FXGL Background Thread 2 ] DEBUG Engine               - versionCheckDays: 7
17:15:19.508 [FXGL Background Thread 2 ] DEBUG Engine               - configClass: Optional.empty
17:15:19.508 [FXGL Background Thread 2 ] DEBUG Engine               - isFullScreenFromStart: false
17:15:19.508 [FXGL Background Thread 2 ] DEBUG Engine               - version: 0.3
17:15:19.508 [FXGL Background Thread 2 ] DEBUG Engine               - fullScreen: BooleanProperty [value: false]
17:15:19.508 [FXGL Background Thread 2 ] DEBUG Engine               - randomSeed: -1
17:15:19.508 [FXGL Background Thread 2 ] DEBUG Engine               - gameDifficultyProperty: ObjectProperty [value: MEDIUM]
17:15:19.509 [FXGL Background Thread 2 ] DEBUG Engine               - applicationMode: DEVELOPER
17:15:19.509 [FXGL Background Thread 2 ] DEBUG Engine               - isMac: false
17:15:19.509 [FXGL Background Thread 2 ] DEBUG Engine               - isMenuEnabled: true
17:15:19.509 [FXGL Background Thread 2 ] DEBUG Engine               - profileName: StringProperty [value: DEFAULT]
17:15:19.509 [FXGL Background Thread 2 ] DEBUG Engine               - urlPOM: https://raw.githubusercontent.com/AlmasB/FXGL/master/pom.xml
17:15:19.509 [FXGL Background Thread 2 ] DEBUG Engine               - notificationViewClass: class com.almasb.fxgl.notification.view.XboxNotificationView
17:15:19.509 [FXGL Background Thread 2 ] DEBUG Engine               - devSensorColorProperty: ObjectProperty [value: 0xffff00ff]
17:15:19.509 [FXGL Background Thread 2 ] DEBUG Engine               - sceneFactory: MooseGameApp$1@210897dd
17:15:19.509 [FXGL Background Thread 2 ] DEBUG Engine               - stageStyle: DECORATED
17:15:19.509 [FXGL Background Thread 2 ] DEBUG Engine               - isManualResizeEnabled: false
17:15:19.509 [FXGL Background Thread 2 ] DEBUG Engine               - title: MooseGame
17:15:19.509 [FXGL Background Thread 2 ] DEBUG Engine               - platform: WINDOWS
17:15:19.509 [FXGL Background Thread 2 ] DEBUG Engine               - devBBoxColorProperty: ObjectProperty [value: 0xff0000ff]
17:15:19.509 [FXGL Background Thread 2 ] DEBUG Engine               - gameDifficulty: MEDIUM
17:15:19.509 [FXGL Background Thread 2 ] DEBUG Engine               - isDesktop: true
17:15:19.509 [FXGL Background Thread 2 ] DEBUG Engine               - supportedLanguages: [ENGLISH, FRENCH, GERMAN, HUNGARIAN, RUSSIAN]
17:15:19.509 [FXGL Background Thread 2 ] DEBUG Engine               - credits: []
17:15:19.509 [FXGL Background Thread 2 ] DEBUG Engine               - globalMusicVolumeProperty: DoubleProperty [value: 0.5]
17:15:19.509 [FXGL Background Thread 2 ] DEBUG Engine               - isPreserveResizeRatio: false
17:15:19.509 [FXGL Background Thread 2 ] DEBUG Engine               - fontText: Courier-Prime.ttf
17:15:19.509 [FXGL Background Thread 2 ] DEBUG Engine               - isExperimentalTiledLargeMap: false
17:15:19.510 [FXGL Background Thread 2 ] DEBUG Engine               - secondsIn24h: 60
17:15:19.510 [FXGL Background Thread 2 ] DEBUG Engine               - runtimeInfo: RuntimeInfo(platform=WINDOWS, version=11.8, build=08.03.2020 09.09)
17:15:19.510 [FXGL Background Thread 2 ] DEBUG Engine               - isLinux: false
17:15:19.510 [FXGL Background Thread 2 ] DEBUG Engine               - soundMenuPress: menu/press.wav
17:15:19.510 [FXGL Background Thread 2 ] DEBUG Engine               - urlGithub: https://github.com/AlmasB/FXGL
17:15:19.510 [FXGL Background Thread 2 ] DEBUG Engine               - profileDir: profiles/
17:15:19.510 [FXGL Background Thread 2 ] DEBUG Engine               - isDeveloperMenuEnabled: false
17:15:19.510 [FXGL Background Thread 2 ] DEBUG Engine               - globalSoundVolumeProperty: DoubleProperty [value: 0.5]
17:15:19.510 [FXGL Background Thread 2 ] DEBUG Engine               - mainWindow: com.almasb.fxgl.app.MainWindow@25371724
17:15:19.510 [FXGL Background Thread 2 ] DEBUG Engine               - isBrowser: false
17:15:19.510 [FXGL Background Thread 2 ] DEBUG Engine               - urlLeaderboard: http://fxgl-top.herokuapp.com/
17:15:19.510 [FXGL Background Thread 2 ] DEBUG Engine               - globalSoundVolume: 0.5
17:15:19.510 [FXGL Background Thread 2 ] DEBUG Engine               - engineServices: [class com.almasb.fxgl.app.GameApplication$GameApplicationService, class com.almasb.fxgl.app.services.WindowService, class com.almasb.fxgl.app.services.FXGLDialogService, class com.almasb.fxgl.app.services.IOTaskExecutorService, class com.almasb.fxgl.event.EventBusService, class com.almasb.fxgl.io.FileSystemService, class com.almasb.fxgl.localization.LocalizationService, class com.almasb.fxgl.app.services.AssetLoaderService, class com.almasb.fxgl.app.services.SystemBundleService, class com.almasb.fxgl.profile.SaveLoadService, class com.almasb.fxgl.ui.FXGLUIFactoryServiceProvider, class com.almasb.fxgl.ui.FXGLDialogFactoryServiceProvider, class com.almasb.fxgl.audio.AudioPlayer, class com.almasb.fxgl.notification.impl.NotificationServiceProvider, class com.almasb.fxgl.achievement.AchievementService, class com.almasb.fxgl.cutscene.CutsceneService, class com.almasb.fxgl.minigames.MiniGameService, class com.almasb.fxgl.net.NetService, class com.almasb.fxgl.app.services.UpdaterService]
17:15:19.510 [FXGL Background Thread 2 ] DEBUG Engine               - globalMusicVolume: 0.5
17:15:19.510 [FXGL Background Thread 2 ] DEBUG Engine               - width: 600
17:15:19.510 [FXGL Background Thread 2 ] DEBUG Engine               - saveFileExt: sav
17:15:19.510 [FXGL Background Thread 2 ] DEBUG Engine               - isAndroid: false
17:15:19.510 [FXGL Background Thread 2 ] DEBUG Engine               - fontUI: VarelaRound-Regular.ttf
17:15:19.510 [FXGL Background Thread 2 ] DEBUG Engine               - enabledMenuItems: []
17:15:19.510 [FXGL Background Thread 2 ] DEBUG Engine               - isIOS: false
17:15:19.511 [FXGL Background Thread 2 ] DEBUG Engine               - Logging services
17:15:19.511 [FXGL Background Thread 2 ] DEBUG Engine               - class com.almasb.fxgl.app.GameApplication$GameApplicationService
17:15:19.511 [FXGL Background Thread 2 ] DEBUG Engine               - class com.almasb.fxgl.app.services.WindowService
17:15:19.511 [FXGL Background Thread 2 ] DEBUG Engine               - class com.almasb.fxgl.app.services.FXGLDialogService
17:15:19.511 [FXGL Background Thread 2 ] DEBUG Engine               - class com.almasb.fxgl.app.services.IOTaskExecutorService
17:15:19.511 [FXGL Background Thread 2 ] DEBUG Engine               - class com.almasb.fxgl.event.EventBusService
17:15:19.511 [FXGL Background Thread 2 ] DEBUG Engine               - class com.almasb.fxgl.io.FileSystemService
17:15:19.511 [FXGL Background Thread 2 ] DEBUG Engine               - class com.almasb.fxgl.localization.LocalizationService
17:15:19.511 [FXGL Background Thread 2 ] DEBUG Engine               - class com.almasb.fxgl.app.services.AssetLoaderService
17:15:19.511 [FXGL Background Thread 2 ] DEBUG Engine               - class com.almasb.fxgl.app.services.SystemBundleService
17:15:19.511 [FXGL Background Thread 2 ] DEBUG Engine               - class com.almasb.fxgl.profile.SaveLoadService
17:15:19.511 [FXGL Background Thread 2 ] DEBUG Engine               - class com.almasb.fxgl.ui.FXGLUIFactoryServiceProvider
17:15:19.511 [FXGL Background Thread 2 ] DEBUG Engine               - class com.almasb.fxgl.ui.FXGLDialogFactoryServiceProvider
17:15:19.511 [FXGL Background Thread 2 ] DEBUG Engine               - class com.almasb.fxgl.audio.AudioPlayer
17:15:19.511 [FXGL Background Thread 2 ] DEBUG Engine               - class com.almasb.fxgl.notification.impl.NotificationServiceProvider
17:15:19.511 [FXGL Background Thread 2 ] DEBUG Engine               - class com.almasb.fxgl.achievement.AchievementService
17:15:19.511 [FXGL Background Thread 2 ] DEBUG Engine               - class com.almasb.fxgl.cutscene.CutsceneService
17:15:19.511 [FXGL Background Thread 2 ] DEBUG Engine               - class com.almasb.fxgl.minigames.MiniGameService
17:15:19.511 [FXGL Background Thread 2 ] DEBUG Engine               - class com.almasb.fxgl.net.NetService
17:15:19.511 [FXGL Background Thread 2 ] DEBUG Engine               - class com.almasb.fxgl.app.services.UpdaterService
17:15:19.877 [JavaFX Application Thread] DEBUG MainWindow           - Pop state: DialogSubScene
17:15:19.877 [JavaFX Application Thread] DEBUG Input                - Clearing active input actions
17:15:19.877 [JavaFX Application Thread] DEBUG WindowService        - Removing overlay from DialogSubScene and adding to GameScene
17:15:19.877 [JavaFX Application Thread] DEBUG MainWindow           - GameScene <- DialogSubScene
17:15:19.877 [JavaFX Application Thread] DEBUG Input                - Clearing active input actions
17:15:19.882 [JavaFX Application Thread] DEBUG WindowService        - Removing overlay from GameScene and adding to MooseGameMenu
17:15:19.882 [JavaFX Application Thread] DEBUG MainWindow           - GameScene -> MooseGameMenu
17:15:20.709 [JavaFX Application Thread] DEBUG AssetLoaderService   - Loading from cache: /assets/sounds/selection.mp3
17:15:23.292 [JavaFX Application Thread] DEBUG GameApplication      - Exiting FXGL
17:15:23.292 [JavaFX Application Thread] DEBUG LoopRunner           - Stopping loop
17:15:23.292 [JavaFX Application Thread] DEBUG SystemBundleService  - Saving FXGL system data
17:15:23.293 [JavaFX Application Thread] DEBUG FileSystemAccess     - Writing to: C:\Users\micha\Desktop\JavaMooseGame\system\fxgl.bundle
17:15:23.294 [JavaFX Application Thread] DEBUG GameApplication      - Shutting down background threads
17:15:23.294 [JavaFX Application Thread] DEBUG GameApplication      - Closing logger and exiting JavaFX
