22:09:31.469 [main                     ] DEBUG GameApplication      - Logger initialized
22:09:31.490 [main                     ] DEBUG GameApplication      - Logging settings
Title: MooseGame
Version: 0.3
Width: 600
Height: 900
Fullscreen: false
Intro: false
Menus: true
Profiling: false
Single step:false
App Mode: DEVELOPER
Menu Key: ESCAPE
Stage Style: DECORATED
Scene Factory: class MooseGameApp$1

22:09:32.305 [JavaFX Application Thread] DEBUG GameApplication      - Initializing FXGL
22:09:32.324 [JavaFX Application Thread] INFO  Engine               - FXGL-11.8 (08.03.2020 09.09) on WINDOWS (J:14.0.1 FX:13.0.2)
22:09:32.324 [JavaFX Application Thread] INFO  Engine               - Source code and latest versions at: https://github.com/AlmasB/FXGL
22:09:32.324 [JavaFX Application Thread] INFO  Engine               -              Join the FXGL chat at: https://gitter.im/AlmasB/FXGL
22:09:32.489 [JavaFX Application Thread] DEBUG MainWindow           - Creating a JavaFX scene
22:09:32.489 [JavaFX Application Thread] DEBUG MainWindow           - Target size > screen size
22:09:32.557 [JavaFX Application Thread] DEBUG MainWindow           - Target settings size: 600.0 x 900.0
22:09:32.558 [JavaFX Application Thread] DEBUG MainWindow           - Scaled scene size:    524.0 x 823.0
22:09:32.558 [JavaFX Application Thread] DEBUG MainWindow           - Scaled ratio: (0.8733333333333333, 0.9144444444444444)
22:09:32.560 [JavaFX Application Thread] DEBUG MainWindow           - Set initial scene to FXGLStartupScene
22:09:32.568 [JavaFX Application Thread] DEBUG MainWindow           - Opening main window
22:09:32.790 [JavaFX Application Thread] DEBUG MainWindow           - Window border size: (14.4000244140625, 37.79998779296875)
22:09:32.790 [JavaFX Application Thread] DEBUG MainWindow           - Scaled size: 524.0 x 823.0
22:09:32.790 [JavaFX Application Thread] DEBUG MainWindow           - Scaled ratio: (0.8733333333333333, 0.9144444444444444)
22:09:32.791 [JavaFX Application Thread] DEBUG MainWindow           - Scene size: 524.0 x 823.0
22:09:32.791 [JavaFX Application Thread] DEBUG MainWindow           - Stage size: 538.4000244140625 x 860.7999877929688
22:09:32.800 [FXGL Background Thread 1 ] DEBUG Engine               - Initializing environment variables
22:09:32.836 [FXGL Background Thread 1 ] DEBUG WindowService        - Applying CSS: fxgl_dark.css
22:09:32.836 [FXGL Background Thread 1 ] DEBUG AssetLoaderService   - Loading from file system: /assets/ui/css/fxgl_dark.css
22:09:32.890 [FXGL Background Thread 1 ] DEBUG WindowService        - Initializing application scenes
22:09:32.932 [FXGL Background Thread 1 ] DEBUG GameWorld            - Game world initialized
22:09:32.979 [FXGL Background Thread 1 ] DEBUG PhysicsWorld         - Physics world initialized: appHeight=900, physics.ppm=50.0
22:09:32.982 [FXGL Background Thread 1 ] DEBUG GameScene            - Game scene initialized: 600x900
22:09:32.995 [FXGL Background Thread 1 ] DEBUG AssetLoaderService   - Loading from file system: /assets/textures/Roadway.png
22:09:33.165 [FXGL Background Thread 1 ] DEBUG AssetLoaderService   - Loading from file system: /assets/textures/particles/trace_horizontal.png
22:09:33.203 [FXGL Background Thread 1 ] WARN  FXGL.DefaultMenu     - FXGLDefaultMenu is not designed for resolutions < 800x600
22:09:33.203 [FXGL Background Thread 1 ] DEBUG FXGL.DefaultMenu     - createMenuBodyGameMenu()
22:09:33.221 [FXGL Background Thread 1 ] DEBUG FXGL.DefaultMenu     - createOptionsMenu()
22:09:33.226 [FXGL Background Thread 1 ] DEBUG AssetLoaderService   - Loading from file system: /assets/textures/particles/smoke.png
22:09:33.288 [FXGL Background Thread 1 ] DEBUG WindowService        - Application scenes initialized
22:09:33.297 [FXGL Background Thread 1 ] DEBUG SystemBundleService  - Loading FXGL system data
22:09:33.302 [FXGL Background Thread 1 ] DEBUG FileSystemAccess     - Reading from: C:\Users\jwnew\OneDrive\Desktop\Course Project\system\fxgl.bundle
22:09:33.309 [FXGL Background Thread 1 ] DEBUG SystemBundleService  - Bundle FXGL: {}
22:09:33.310 [FXGL Background Thread 1 ] INFO  Engine               - FXGL initialization took: 0.506 sec
22:09:33.311 [FXGL Background Thread 1 ] DEBUG GameApplication      - Loading localizations
22:09:33.311 [FXGL Background Thread 1 ] DEBUG AssetLoaderService   - Loading from file system: /assets/properties/languages/english.properties
22:09:33.313 [FXGL Background Thread 1 ] DEBUG AssetLoaderService   - Loading from file system: /assets/properties/languages/french.properties
22:09:33.314 [FXGL Background Thread 1 ] DEBUG AssetLoaderService   - Loading from file system: /assets/properties/languages/german.properties
22:09:33.316 [FXGL Background Thread 1 ] DEBUG AssetLoaderService   - Loading from file system: /assets/properties/languages/hungarian.properties
22:09:33.319 [FXGL Background Thread 1 ] DEBUG AssetLoaderService   - Loading from file system: /assets/properties/languages/russian.properties
22:09:33.322 [FXGL Background Thread 1 ] DEBUG GameApplication      - Registering font factories with UI factory
22:09:33.322 [FXGL Background Thread 1 ] DEBUG AssetLoaderService   - Loading from file system: /assets/ui/fonts/VarelaRound-Regular.ttf
22:09:33.400 [FXGL Background Thread 1 ] DEBUG AssetLoaderService   - Loading from file system: /assets/ui/fonts/Abel-Regular.ttf
22:09:33.410 [FXGL Background Thread 1 ] DEBUG AssetLoaderService   - Loading from file system: /assets/ui/fonts/lucida_console.ttf
22:09:33.424 [FXGL Background Thread 1 ] DEBUG AssetLoaderService   - Loading from file system: /assets/ui/fonts/Courier-Prime.ttf
22:09:33.445 [JavaFX Application Thread] DEBUG Input                - Registered new binding: action0 - A
22:09:33.445 [JavaFX Application Thread] DEBUG Input                - Registered new binding: action1 - S
22:09:33.446 [JavaFX Application Thread] DEBUG Input                - Registered new binding: action2 - D
22:09:33.446 [JavaFX Application Thread] DEBUG Input                - Registered new binding: action3 - W
22:09:33.446 [JavaFX Application Thread] DEBUG Input                - Registered new binding: action4 - Space
22:09:33.447 [JavaFX Application Thread] DEBUG Input                - Registered new binding: action5 - Left
22:09:33.447 [JavaFX Application Thread] DEBUG Input                - Registered new binding: action6 - Down
22:09:33.448 [JavaFX Application Thread] DEBUG Input                - Registered new binding: action7 - Right
22:09:33.448 [JavaFX Application Thread] DEBUG Input                - Registered new binding: action8 - Up
22:09:33.448 [JavaFX Application Thread] DEBUG AssetLoaderService   - Loading from file system: /assets/textures/fxgl_icon.png
22:09:33.457 [JavaFX Application Thread] DEBUG AssetLoaderService   - Loading from file system: /assets/ui/cursors/fxgl_default.png
22:09:33.459 [JavaFX Application Thread] DEBUG Input                - Registered new binding: Screenshot - P
22:09:33.459 [JavaFX Application Thread] DEBUG Input                - Registered new binding: System info dump - CTRL+9
22:09:33.460 [JavaFX Application Thread] DEBUG Input                - Registered new binding: Restart - CTRL+R
22:09:33.461 [JavaFX Application Thread] DEBUG LoopRunner           - Starting loop
22:09:33.476 [JavaFX Application Thread] DEBUG FXGLStartupScene     - STARTUP
22:09:33.477 [JavaFX Application Thread] DEBUG Input                - Clearing active input actions
22:09:33.495 [JavaFX Application Thread] DEBUG WindowService        - Removing overlay from FXGLStartupScene and adding to MooseGameMenu
22:09:33.496 [JavaFX Application Thread] DEBUG MainWindow           - FXGLStartupScene -> MooseGameMenu
22:09:36.312 [FXGL Background Thread 2 ] DEBUG Engine               - Logging environment variables
22:09:36.312 [FXGL Background Thread 2 ] DEBUG Engine               - achievements: []
22:09:36.312 [FXGL Background Thread 2 ] DEBUG Engine               - language: ObjectProperty [value: ENGLISH]
22:09:36.312 [FXGL Background Thread 2 ] DEBUG Engine               - isCloseConfirmation: false
22:09:36.312 [FXGL Background Thread 2 ] DEBUG Engine               - isProfilingEnabled: false
22:09:36.313 [FXGL Background Thread 2 ] DEBUG Engine               - soundNotification: core/notification.wav
22:09:36.313 [FXGL Background Thread 2 ] DEBUG Engine               - devShowBBoxProperty: BooleanProperty [value: false]
22:09:36.313 [FXGL Background Thread 2 ] DEBUG Engine               - pixelsPerMeter: 50.0
22:09:36.313 [FXGL Background Thread 2 ] DEBUG Engine               - soundMenuBack: menu/back.wav
22:09:36.313 [FXGL Background Thread 2 ] DEBUG Engine               - appIcon: fxgl_icon.png
22:09:36.313 [FXGL Background Thread 2 ] DEBUG Engine               - isFullScreenAllowed: false
22:09:36.314 [FXGL Background Thread 2 ] DEBUG Engine               - isIntroEnabled: false
22:09:36.314 [FXGL Background Thread 2 ] DEBUG Engine               - fontMono: lucida_console.ttf
22:09:36.314 [FXGL Background Thread 2 ] DEBUG Engine               - soundMenuSelect: menu/select.wav
22:09:36.314 [FXGL Background Thread 2 ] DEBUG Engine               - isWindows: true
22:09:36.314 [FXGL Background Thread 2 ] DEBUG Engine               - isMobile: false
22:09:36.314 [FXGL Background Thread 2 ] DEBUG Engine               - isUserProfileEnabled: false
22:09:36.314 [FXGL Background Thread 2 ] DEBUG Engine               - height: 900
22:09:36.314 [FXGL Background Thread 2 ] DEBUG Engine               - isExperimentalNative: false
22:09:36.314 [FXGL Background Thread 2 ] DEBUG Engine               - settings: Title: MooseGame
Version: 0.3
Width: 600
Height: 900
Fullscreen: false
Intro: false
Menus: true
Profiling: false
Single step:false
App Mode: DEVELOPER
Menu Key: ESCAPE
Stage Style: DECORATED
Scene Factory: class MooseGameApp$1

22:09:36.314 [FXGL Background Thread 2 ] DEBUG Engine               - isSingleStep: false
22:09:36.314 [FXGL Background Thread 2 ] DEBUG Engine               - cSSList: [fxgl_dark.css]
22:09:36.314 [FXGL Background Thread 2 ] DEBUG Engine               - fontGame: Abel-Regular.ttf
22:09:36.314 [FXGL Background Thread 2 ] DEBUG Engine               - menuKey: ESCAPE
22:09:36.314 [FXGL Background Thread 2 ] DEBUG Engine               - devShowPositionProperty: BooleanProperty [value: false]
22:09:36.314 [FXGL Background Thread 2 ] DEBUG Engine               - versionCheckDays: 7
22:09:36.314 [FXGL Background Thread 2 ] DEBUG Engine               - configClass: Optional.empty
22:09:36.315 [FXGL Background Thread 2 ] DEBUG Engine               - isFullScreenFromStart: false
22:09:36.315 [FXGL Background Thread 2 ] DEBUG Engine               - version: 0.3
22:09:36.315 [FXGL Background Thread 2 ] DEBUG Engine               - fullScreen: BooleanProperty [value: false]
22:09:36.315 [FXGL Background Thread 2 ] DEBUG Engine               - randomSeed: -1
22:09:36.315 [FXGL Background Thread 2 ] DEBUG Engine               - gameDifficultyProperty: ObjectProperty [value: MEDIUM]
22:09:36.315 [FXGL Background Thread 2 ] DEBUG Engine               - applicationMode: DEVELOPER
22:09:36.315 [FXGL Background Thread 2 ] DEBUG Engine               - isMac: false
22:09:36.315 [FXGL Background Thread 2 ] DEBUG Engine               - isMenuEnabled: true
22:09:36.316 [FXGL Background Thread 2 ] DEBUG Engine               - profileName: StringProperty [value: DEFAULT]
22:09:36.316 [FXGL Background Thread 2 ] DEBUG Engine               - urlPOM: https://raw.githubusercontent.com/AlmasB/FXGL/master/pom.xml
22:09:36.316 [FXGL Background Thread 2 ] DEBUG Engine               - notificationViewClass: class com.almasb.fxgl.notification.view.XboxNotificationView
22:09:36.316 [FXGL Background Thread 2 ] DEBUG Engine               - devSensorColorProperty: ObjectProperty [value: 0xffff00ff]
22:09:36.316 [FXGL Background Thread 2 ] DEBUG Engine               - sceneFactory: MooseGameApp$1@6b5ecb39
22:09:36.317 [FXGL Background Thread 2 ] DEBUG Engine               - stageStyle: DECORATED
22:09:36.317 [FXGL Background Thread 2 ] DEBUG Engine               - isManualResizeEnabled: false
22:09:36.317 [FXGL Background Thread 2 ] DEBUG Engine               - title: MooseGame
22:09:36.317 [FXGL Background Thread 2 ] DEBUG Engine               - platform: WINDOWS
22:09:36.317 [FXGL Background Thread 2 ] DEBUG Engine               - devBBoxColorProperty: ObjectProperty [value: 0xff0000ff]
22:09:36.317 [FXGL Background Thread 2 ] DEBUG Engine               - gameDifficulty: MEDIUM
22:09:36.317 [FXGL Background Thread 2 ] DEBUG Engine               - isDesktop: true
22:09:36.318 [FXGL Background Thread 2 ] DEBUG Engine               - supportedLanguages: [ENGLISH, FRENCH, GERMAN, HUNGARIAN, RUSSIAN]
22:09:36.318 [FXGL Background Thread 2 ] DEBUG Engine               - credits: []
22:09:36.318 [FXGL Background Thread 2 ] DEBUG Engine               - globalMusicVolumeProperty: DoubleProperty [value: 0.5]
22:09:36.318 [FXGL Background Thread 2 ] DEBUG Engine               - isPreserveResizeRatio: false
22:09:36.318 [FXGL Background Thread 2 ] DEBUG Engine               - fontText: Courier-Prime.ttf
22:09:36.318 [FXGL Background Thread 2 ] DEBUG Engine               - isExperimentalTiledLargeMap: false
22:09:36.319 [FXGL Background Thread 2 ] DEBUG Engine               - secondsIn24h: 60
22:09:36.319 [FXGL Background Thread 2 ] DEBUG Engine               - runtimeInfo: RuntimeInfo(platform=WINDOWS, version=11.8, build=08.03.2020 09.09)
22:09:36.319 [FXGL Background Thread 2 ] DEBUG Engine               - isLinux: false
22:09:36.319 [FXGL Background Thread 2 ] DEBUG Engine               - soundMenuPress: menu/press.wav
22:09:36.319 [FXGL Background Thread 2 ] DEBUG Engine               - urlGithub: https://github.com/AlmasB/FXGL
22:09:36.319 [FXGL Background Thread 2 ] DEBUG Engine               - profileDir: profiles/
22:09:36.319 [FXGL Background Thread 2 ] DEBUG Engine               - isDeveloperMenuEnabled: false
22:09:36.320 [FXGL Background Thread 2 ] DEBUG Engine               - globalSoundVolumeProperty: DoubleProperty [value: 0.5]
22:09:36.320 [FXGL Background Thread 2 ] DEBUG Engine               - mainWindow: com.almasb.fxgl.app.MainWindow@6f61528a
22:09:36.320 [FXGL Background Thread 2 ] DEBUG Engine               - isBrowser: false
22:09:36.320 [FXGL Background Thread 2 ] DEBUG Engine               - globalSoundVolume: 0.5
22:09:36.320 [FXGL Background Thread 2 ] DEBUG Engine               - urlLeaderboard: http://fxgl-top.herokuapp.com/
22:09:36.320 [FXGL Background Thread 2 ] DEBUG Engine               - engineServices: [class com.almasb.fxgl.app.GameApplication$GameApplicationService, class com.almasb.fxgl.app.services.WindowService, class com.almasb.fxgl.app.services.FXGLDialogService, class com.almasb.fxgl.app.services.IOTaskExecutorService, class com.almasb.fxgl.event.EventBusService, class com.almasb.fxgl.io.FileSystemService, class com.almasb.fxgl.localization.LocalizationService, class com.almasb.fxgl.app.services.AssetLoaderService, class com.almasb.fxgl.app.services.SystemBundleService, class com.almasb.fxgl.profile.SaveLoadService, class com.almasb.fxgl.ui.FXGLUIFactoryServiceProvider, class com.almasb.fxgl.ui.FXGLDialogFactoryServiceProvider, class com.almasb.fxgl.audio.AudioPlayer, class com.almasb.fxgl.notification.impl.NotificationServiceProvider, class com.almasb.fxgl.achievement.AchievementService, class com.almasb.fxgl.cutscene.CutsceneService, class com.almasb.fxgl.minigames.MiniGameService, class com.almasb.fxgl.net.NetService, class com.almasb.fxgl.app.services.UpdaterService]
22:09:36.320 [FXGL Background Thread 2 ] DEBUG Engine               - globalMusicVolume: 0.5
22:09:36.320 [FXGL Background Thread 2 ] DEBUG Engine               - width: 600
22:09:36.321 [FXGL Background Thread 2 ] DEBUG Engine               - saveFileExt: sav
22:09:36.321 [FXGL Background Thread 2 ] DEBUG Engine               - isAndroid: false
22:09:36.321 [FXGL Background Thread 2 ] DEBUG Engine               - fontUI: VarelaRound-Regular.ttf
22:09:36.321 [FXGL Background Thread 2 ] DEBUG Engine               - enabledMenuItems: []
22:09:36.321 [FXGL Background Thread 2 ] DEBUG Engine               - isIOS: false
22:09:36.321 [FXGL Background Thread 2 ] DEBUG Engine               - Logging services
22:09:36.321 [FXGL Background Thread 2 ] DEBUG Engine               - class com.almasb.fxgl.app.GameApplication$GameApplicationService
22:09:36.322 [FXGL Background Thread 2 ] DEBUG Engine               - class com.almasb.fxgl.app.services.WindowService
22:09:36.322 [FXGL Background Thread 2 ] DEBUG Engine               - class com.almasb.fxgl.app.services.FXGLDialogService
22:09:36.322 [FXGL Background Thread 2 ] DEBUG Engine               - class com.almasb.fxgl.app.services.IOTaskExecutorService
22:09:36.322 [FXGL Background Thread 2 ] DEBUG Engine               - class com.almasb.fxgl.event.EventBusService
22:09:36.322 [FXGL Background Thread 2 ] DEBUG Engine               - class com.almasb.fxgl.io.FileSystemService
22:09:36.322 [FXGL Background Thread 2 ] DEBUG Engine               - class com.almasb.fxgl.localization.LocalizationService
22:09:36.322 [FXGL Background Thread 2 ] DEBUG Engine               - class com.almasb.fxgl.app.services.AssetLoaderService
22:09:36.322 [FXGL Background Thread 2 ] DEBUG Engine               - class com.almasb.fxgl.app.services.SystemBundleService
22:09:36.322 [FXGL Background Thread 2 ] DEBUG Engine               - class com.almasb.fxgl.profile.SaveLoadService
22:09:36.323 [FXGL Background Thread 2 ] DEBUG Engine               - class com.almasb.fxgl.ui.FXGLUIFactoryServiceProvider
22:09:36.323 [FXGL Background Thread 2 ] DEBUG Engine               - class com.almasb.fxgl.ui.FXGLDialogFactoryServiceProvider
22:09:36.323 [FXGL Background Thread 2 ] DEBUG Engine               - class com.almasb.fxgl.audio.AudioPlayer
22:09:36.323 [FXGL Background Thread 2 ] DEBUG Engine               - class com.almasb.fxgl.notification.impl.NotificationServiceProvider
22:09:36.323 [FXGL Background Thread 2 ] DEBUG Engine               - class com.almasb.fxgl.achievement.AchievementService
22:09:36.323 [FXGL Background Thread 2 ] DEBUG Engine               - class com.almasb.fxgl.cutscene.CutsceneService
22:09:36.323 [FXGL Background Thread 2 ] DEBUG Engine               - class com.almasb.fxgl.minigames.MiniGameService
22:09:36.324 [FXGL Background Thread 2 ] DEBUG Engine               - class com.almasb.fxgl.net.NetService
22:09:36.324 [FXGL Background Thread 2 ] DEBUG Engine               - class com.almasb.fxgl.app.services.UpdaterService
22:09:37.276 [JavaFX Application Thread] DEBUG GameApplication      - Exiting FXGL
22:09:37.277 [JavaFX Application Thread] DEBUG LoopRunner           - Stopping loop
22:09:37.277 [JavaFX Application Thread] DEBUG SystemBundleService  - Saving FXGL system data
22:09:37.279 [JavaFX Application Thread] DEBUG FileSystemAccess     - Writing to: C:\Users\jwnew\OneDrive\Desktop\Course Project\system\fxgl.bundle
22:09:37.281 [JavaFX Application Thread] DEBUG GameApplication      - Shutting down background threads
22:09:37.281 [JavaFX Application Thread] DEBUG GameApplication      - Closing logger and exiting JavaFX
