12:37:17.942 [main                     ] DEBUG GameApplication      - Logger initialized
12:37:17.947 [main                     ] DEBUG GameApplication      - Logging settings
Title: MooseGame
Version: 0.2
Width: 600
Height: 900
Fullscreen: false
Intro: false
Menus: true
Profiling: false
Single step:false
App Mode: DEVELOPER
Menu Key: ESCAPE
Stage Style: DECORATED
Scene Factory: class com.almasb.fxgl.app.scene.SceneFactory

12:37:18.270 [JavaFX Application Thread] DEBUG GameApplication      - Initializing FXGL
12:37:18.278 [JavaFX Application Thread] INFO  Engine               - FXGL-11.8 (08.03.2020 09.09) on WINDOWS (J:14.0.1 FX:13.0.2)
12:37:18.278 [JavaFX Application Thread] INFO  Engine               - Source code and latest versions at: https://github.com/AlmasB/FXGL
12:37:18.278 [JavaFX Application Thread] INFO  Engine               -              Join the FXGL chat at: https://gitter.im/AlmasB/FXGL
12:37:18.388 [JavaFX Application Thread] DEBUG MainWindow           - Creating a JavaFX scene
12:37:18.436 [JavaFX Application Thread] DEBUG MainWindow           - Target settings size: 600.0 x 900.0
12:37:18.436 [JavaFX Application Thread] DEBUG MainWindow           - Scaled scene size:    600.0 x 900.0
12:37:18.436 [JavaFX Application Thread] DEBUG MainWindow           - Scaled ratio: (1.0, 1.0)
12:37:18.438 [JavaFX Application Thread] DEBUG MainWindow           - Set initial scene to FXGLStartupScene
12:37:18.443 [JavaFX Application Thread] DEBUG MainWindow           - Opening main window
12:37:18.515 [JavaFX Application Thread] DEBUG MainWindow           - Window border size: (16.0, 39.0)
12:37:18.515 [JavaFX Application Thread] DEBUG MainWindow           - Scaled size: 600.0 x 900.0
12:37:18.515 [JavaFX Application Thread] DEBUG MainWindow           - Scaled ratio: (1.0, 1.0)
12:37:18.515 [JavaFX Application Thread] DEBUG MainWindow           - Scene size: 600.0 x 900.0
12:37:18.516 [JavaFX Application Thread] DEBUG MainWindow           - Stage size: 616.0 x 939.0
12:37:18.522 [FXGL Background Thread 1 ] DEBUG Engine               - Initializing environment variables
12:37:18.548 [FXGL Background Thread 1 ] DEBUG WindowService        - Applying CSS: fxgl_dark.css
12:37:18.548 [FXGL Background Thread 1 ] DEBUG AssetLoaderService   - Loading from file system: /assets/ui/css/fxgl_dark.css
12:37:18.582 [FXGL Background Thread 1 ] DEBUG WindowService        - Initializing application scenes
12:37:18.610 [FXGL Background Thread 1 ] DEBUG GameWorld            - Game world initialized
12:37:18.643 [FXGL Background Thread 1 ] DEBUG PhysicsWorld         - Physics world initialized: appHeight=900, physics.ppm=50.0
12:37:18.645 [FXGL Background Thread 1 ] DEBUG GameScene            - Game scene initialized: 600x900
12:37:18.668 [FXGL Background Thread 1 ] DEBUG AssetLoaderService   - Loading from file system: /assets/textures/particles/trace_horizontal.png
12:37:18.712 [FXGL Background Thread 1 ] WARN  FXGL.DefaultMenu     - FXGLDefaultMenu is not designed for resolutions < 800x600
12:37:18.713 [FXGL Background Thread 1 ] DEBUG FXGL.DefaultMenu     - createMenuBodyMainMenu()
12:37:18.724 [FXGL Background Thread 1 ] DEBUG FXGL.DefaultMenu     - createOptionsMenu()
12:37:18.727 [FXGL Background Thread 1 ] DEBUG AssetLoaderService   - Loading from file system: /assets/textures/particles/smoke.png
12:37:18.777 [FXGL Background Thread 1 ] DEBUG AssetLoaderService   - Loading from cache: /assets/textures/particles/trace_horizontal.png@64.0x64.0
12:37:18.777 [FXGL Background Thread 1 ] WARN  FXGL.DefaultMenu     - FXGLDefaultMenu is not designed for resolutions < 800x600
12:37:18.778 [FXGL Background Thread 1 ] DEBUG FXGL.DefaultMenu     - createMenuBodyGameMenu()
12:37:18.779 [FXGL Background Thread 1 ] DEBUG FXGL.DefaultMenu     - createOptionsMenu()
12:37:18.780 [FXGL Background Thread 1 ] DEBUG AssetLoaderService   - Loading from cache: /assets/textures/particles/smoke.png@128.0x128.0
12:37:18.790 [FXGL Background Thread 1 ] DEBUG WindowService        - Application scenes initialized
12:37:18.796 [FXGL Background Thread 1 ] DEBUG SystemBundleService  - Loading FXGL system data
12:37:18.799 [FXGL Background Thread 1 ] DEBUG FileSystemAccess     - Reading from: C:\Users\micha\Desktop\JavaMooseGame\system\fxgl.bundle
12:37:18.803 [FXGL Background Thread 1 ] DEBUG SystemBundleService  - Bundle FXGL: {}
12:37:18.804 [FXGL Background Thread 1 ] INFO  Engine               - FXGL initialization took: 0.279 sec
12:37:18.805 [FXGL Background Thread 1 ] DEBUG GameApplication      - Loading localizations
12:37:18.806 [FXGL Background Thread 1 ] DEBUG AssetLoaderService   - Loading from file system: /assets/properties/languages/english.properties
12:37:18.807 [FXGL Background Thread 1 ] DEBUG AssetLoaderService   - Loading from file system: /assets/properties/languages/french.properties
12:37:18.808 [FXGL Background Thread 1 ] DEBUG AssetLoaderService   - Loading from file system: /assets/properties/languages/german.properties
12:37:18.809 [FXGL Background Thread 1 ] DEBUG AssetLoaderService   - Loading from file system: /assets/properties/languages/hungarian.properties
12:37:18.811 [FXGL Background Thread 1 ] DEBUG AssetLoaderService   - Loading from file system: /assets/properties/languages/russian.properties
12:37:18.812 [FXGL Background Thread 1 ] DEBUG GameApplication      - Registering font factories with UI factory
12:37:18.812 [FXGL Background Thread 1 ] DEBUG AssetLoaderService   - Loading from file system: /assets/ui/fonts/VarelaRound-Regular.ttf
12:37:18.854 [FXGL Background Thread 1 ] DEBUG AssetLoaderService   - Loading from file system: /assets/ui/fonts/Abel-Regular.ttf
12:37:18.862 [FXGL Background Thread 1 ] DEBUG AssetLoaderService   - Loading from file system: /assets/ui/fonts/lucida_console.ttf
12:37:18.871 [FXGL Background Thread 1 ] DEBUG AssetLoaderService   - Loading from file system: /assets/ui/fonts/Courier-Prime.ttf
12:37:18.885 [JavaFX Application Thread] DEBUG Input                - Registered new binding: action0 - A
12:37:18.886 [JavaFX Application Thread] DEBUG Input                - Registered new binding: action1 - S
12:37:18.886 [JavaFX Application Thread] DEBUG Input                - Registered new binding: action2 - D
12:37:18.886 [JavaFX Application Thread] DEBUG Input                - Registered new binding: action3 - W
12:37:18.886 [JavaFX Application Thread] DEBUG Input                - Registered new binding: action4 - Space
12:37:18.886 [JavaFX Application Thread] DEBUG Input                - Registered new binding: action5 - Left
12:37:18.886 [JavaFX Application Thread] DEBUG Input                - Registered new binding: action6 - Down
12:37:18.887 [JavaFX Application Thread] DEBUG Input                - Registered new binding: action7 - Right
12:37:18.887 [JavaFX Application Thread] DEBUG Input                - Registered new binding: action8 - Up
12:37:18.887 [JavaFX Application Thread] DEBUG AssetLoaderService   - Loading from file system: /assets/textures/fxgl_icon.png
12:37:18.901 [JavaFX Application Thread] DEBUG AssetLoaderService   - Loading from file system: /assets/ui/cursors/fxgl_default.png
12:37:18.902 [JavaFX Application Thread] DEBUG Input                - Registered new binding: Screenshot - P
12:37:18.903 [JavaFX Application Thread] DEBUG Input                - Registered new binding: System info dump - CTRL+9
12:37:18.903 [JavaFX Application Thread] DEBUG Input                - Registered new binding: Restart - CTRL+R
12:37:18.903 [JavaFX Application Thread] DEBUG LoopRunner           - Starting loop
12:37:18.916 [JavaFX Application Thread] DEBUG FXGLStartupScene     - STARTUP
12:37:18.919 [JavaFX Application Thread] DEBUG Input                - Clearing active input actions
12:37:18.934 [JavaFX Application Thread] DEBUG WindowService        - Removing overlay from FXGLStartupScene and adding to FXGLDefaultMenu
12:37:18.934 [JavaFX Application Thread] DEBUG MainWindow           - FXGLStartupScene -> FXGLDefaultMenu
12:37:19.813 [JavaFX Application Thread] DEBUG Menu                 - fireNewGame()
12:37:19.814 [JavaFX Application Thread] DEBUG WindowService        - Starting new game
12:37:19.814 [JavaFX Application Thread] DEBUG Input                - Clearing active input actions
12:37:19.822 [JavaFX Application Thread] DEBUG WindowService        - Removing overlay from FXGLDefaultMenu and adding to FXGLLoadingScene
12:37:19.822 [JavaFX Application Thread] DEBUG MainWindow           - FXGLDefaultMenu -> FXGLLoadingScene
12:37:19.822 [JavaFX Application Thread] DEBUG WindowService        - Clearing previous game
12:37:19.822 [JavaFX Application Thread] DEBUG GameScene            - Clearing game scene
12:37:19.822 [JavaFX Application Thread] DEBUG GameWorld            - Clearing game world
12:37:19.822 [JavaFX Application Thread] DEBUG PhysicsWorld         - Clearing physics world
12:37:19.823 [FXGL Background Thread 1 ] DEBUG GameApplication      - Initializing game
12:37:19.831 [FXGL Background Thread 1 ] DEBUG AssetLoaderService   - Loading from file system: /assets/textures/road_with_patches.png
12:37:19.841 [FXGL Background Thread 1 ] DEBUG AssetLoaderService   - Loading from cache: /assets/textures/road_with_patches.png
12:37:19.841 [FXGL Background Thread 1 ] DEBUG AssetLoaderService   - Loading from file system: /assets/textures/Car_Audi_Sport_Quattro_86x145.png
12:37:19.854 [FXGL Background Thread 1 ] DEBUG AssetLoaderService   - Loading from file system: /assets/ui/moosegame_ui.fxml
12:37:19.913 [FXGL Background Thread 1 ] INFO  GameApplication      - Game initialization took: 0.089 sec
12:37:19.913 [JavaFX Application Thread] DEBUG Input                - Clearing active input actions
12:37:19.918 [JavaFX Application Thread] DEBUG WindowService        - Removing overlay from FXGLLoadingScene and adding to GameScene
12:37:19.918 [JavaFX Application Thread] DEBUG MainWindow           - FXGLLoadingScene -> GameScene
12:37:21.805 [FXGL Background Thread 2 ] DEBUG Engine               - Logging environment variables
12:37:21.805 [FXGL Background Thread 2 ] DEBUG Engine               - achievements: []
12:37:21.805 [FXGL Background Thread 2 ] DEBUG Engine               - language: ObjectProperty [value: ENGLISH]
12:37:21.805 [FXGL Background Thread 2 ] DEBUG Engine               - isCloseConfirmation: false
12:37:21.805 [FXGL Background Thread 2 ] DEBUG Engine               - isProfilingEnabled: false
12:37:21.805 [FXGL Background Thread 2 ] DEBUG Engine               - soundNotification: core/notification.wav
12:37:21.805 [FXGL Background Thread 2 ] DEBUG Engine               - devShowBBoxProperty: BooleanProperty [value: false]
12:37:21.805 [FXGL Background Thread 2 ] DEBUG Engine               - pixelsPerMeter: 50.0
12:37:21.805 [FXGL Background Thread 2 ] DEBUG Engine               - soundMenuBack: menu/back.wav
12:37:21.805 [FXGL Background Thread 2 ] DEBUG Engine               - appIcon: fxgl_icon.png
12:37:21.805 [FXGL Background Thread 2 ] DEBUG Engine               - isFullScreenAllowed: false
12:37:21.805 [FXGL Background Thread 2 ] DEBUG Engine               - isIntroEnabled: false
12:37:21.805 [FXGL Background Thread 2 ] DEBUG Engine               - fontMono: lucida_console.ttf
12:37:21.805 [FXGL Background Thread 2 ] DEBUG Engine               - soundMenuSelect: menu/select.wav
12:37:21.805 [FXGL Background Thread 2 ] DEBUG Engine               - isWindows: true
12:37:21.806 [FXGL Background Thread 2 ] DEBUG Engine               - isMobile: false
12:37:21.806 [FXGL Background Thread 2 ] DEBUG Engine               - isUserProfileEnabled: false
12:37:21.806 [FXGL Background Thread 2 ] DEBUG Engine               - height: 900
12:37:21.806 [FXGL Background Thread 2 ] DEBUG Engine               - isExperimentalNative: false
12:37:21.806 [FXGL Background Thread 2 ] DEBUG Engine               - settings: Title: MooseGame
Version: 0.2
Width: 600
Height: 900
Fullscreen: false
Intro: false
Menus: true
Profiling: false
Single step:false
App Mode: DEVELOPER
Menu Key: ESCAPE
Stage Style: DECORATED
Scene Factory: class com.almasb.fxgl.app.scene.SceneFactory

12:37:21.806 [FXGL Background Thread 2 ] DEBUG Engine               - cSSList: [fxgl_dark.css]
12:37:21.806 [FXGL Background Thread 2 ] DEBUG Engine               - isSingleStep: false
12:37:21.806 [FXGL Background Thread 2 ] DEBUG Engine               - fontGame: Abel-Regular.ttf
12:37:21.806 [FXGL Background Thread 2 ] DEBUG Engine               - menuKey: ESCAPE
12:37:21.806 [FXGL Background Thread 2 ] DEBUG Engine               - devShowPositionProperty: BooleanProperty [value: false]
12:37:21.806 [FXGL Background Thread 2 ] DEBUG Engine               - versionCheckDays: 7
12:37:21.806 [FXGL Background Thread 2 ] DEBUG Engine               - configClass: Optional.empty
12:37:21.806 [FXGL Background Thread 2 ] DEBUG Engine               - isFullScreenFromStart: false
12:37:21.806 [FXGL Background Thread 2 ] DEBUG Engine               - version: 0.2
12:37:21.806 [FXGL Background Thread 2 ] DEBUG Engine               - fullScreen: BooleanProperty [value: false]
12:37:21.806 [FXGL Background Thread 2 ] DEBUG Engine               - randomSeed: -1
12:37:21.806 [FXGL Background Thread 2 ] DEBUG Engine               - gameDifficultyProperty: ObjectProperty [value: MEDIUM]
12:37:21.806 [FXGL Background Thread 2 ] DEBUG Engine               - applicationMode: DEVELOPER
12:37:21.806 [FXGL Background Thread 2 ] DEBUG Engine               - isMac: false
12:37:21.806 [FXGL Background Thread 2 ] DEBUG Engine               - isMenuEnabled: true
12:37:21.806 [FXGL Background Thread 2 ] DEBUG Engine               - profileName: StringProperty [value: DEFAULT]
12:37:21.807 [FXGL Background Thread 2 ] DEBUG Engine               - urlPOM: https://raw.githubusercontent.com/AlmasB/FXGL/master/pom.xml
12:37:21.807 [FXGL Background Thread 2 ] DEBUG Engine               - notificationViewClass: class com.almasb.fxgl.notification.view.XboxNotificationView
12:37:21.807 [FXGL Background Thread 2 ] DEBUG Engine               - devSensorColorProperty: ObjectProperty [value: 0xffff00ff]
12:37:21.807 [FXGL Background Thread 2 ] DEBUG Engine               - sceneFactory: com.almasb.fxgl.app.scene.SceneFactory@21796b40
12:37:21.807 [FXGL Background Thread 2 ] DEBUG Engine               - stageStyle: DECORATED
12:37:21.807 [FXGL Background Thread 2 ] DEBUG Engine               - isManualResizeEnabled: false
12:37:21.807 [FXGL Background Thread 2 ] DEBUG Engine               - title: MooseGame
12:37:21.807 [FXGL Background Thread 2 ] DEBUG Engine               - platform: WINDOWS
12:37:21.807 [FXGL Background Thread 2 ] DEBUG Engine               - devBBoxColorProperty: ObjectProperty [value: 0xff0000ff]
12:37:21.807 [FXGL Background Thread 2 ] DEBUG Engine               - gameDifficulty: MEDIUM
12:37:21.807 [FXGL Background Thread 2 ] DEBUG Engine               - isDesktop: true
12:37:21.807 [FXGL Background Thread 2 ] DEBUG Engine               - supportedLanguages: [ENGLISH, FRENCH, GERMAN, HUNGARIAN, RUSSIAN]
12:37:21.807 [FXGL Background Thread 2 ] DEBUG Engine               - credits: []
12:37:21.807 [FXGL Background Thread 2 ] DEBUG Engine               - globalMusicVolumeProperty: DoubleProperty [value: 0.5]
12:37:21.807 [FXGL Background Thread 2 ] DEBUG Engine               - isPreserveResizeRatio: false
12:37:21.807 [FXGL Background Thread 2 ] DEBUG Engine               - fontText: Courier-Prime.ttf
12:37:21.807 [FXGL Background Thread 2 ] DEBUG Engine               - isExperimentalTiledLargeMap: false
12:37:21.808 [FXGL Background Thread 2 ] DEBUG Engine               - secondsIn24h: 60
12:37:21.808 [FXGL Background Thread 2 ] DEBUG Engine               - runtimeInfo: RuntimeInfo(platform=WINDOWS, version=11.8, build=08.03.2020 09.09)
12:37:21.808 [FXGL Background Thread 2 ] DEBUG Engine               - isLinux: false
12:37:21.808 [FXGL Background Thread 2 ] DEBUG Engine               - soundMenuPress: menu/press.wav
12:37:21.808 [FXGL Background Thread 2 ] DEBUG Engine               - urlGithub: https://github.com/AlmasB/FXGL
12:37:21.808 [FXGL Background Thread 2 ] DEBUG Engine               - profileDir: profiles/
12:37:21.808 [FXGL Background Thread 2 ] DEBUG Engine               - isDeveloperMenuEnabled: false
12:37:21.808 [FXGL Background Thread 2 ] DEBUG Engine               - globalSoundVolumeProperty: DoubleProperty [value: 0.5]
12:37:21.808 [FXGL Background Thread 2 ] DEBUG Engine               - mainWindow: com.almasb.fxgl.app.MainWindow@2546fbb7
12:37:21.808 [FXGL Background Thread 2 ] DEBUG Engine               - isBrowser: false
12:37:21.808 [FXGL Background Thread 2 ] DEBUG Engine               - urlLeaderboard: http://fxgl-top.herokuapp.com/
12:37:21.808 [FXGL Background Thread 2 ] DEBUG Engine               - globalSoundVolume: 0.5
12:37:21.808 [FXGL Background Thread 2 ] DEBUG Engine               - engineServices: [class com.almasb.fxgl.app.GameApplication$GameApplicationService, class com.almasb.fxgl.app.services.WindowService, class com.almasb.fxgl.app.services.FXGLDialogService, class com.almasb.fxgl.app.services.IOTaskExecutorService, class com.almasb.fxgl.event.EventBusService, class com.almasb.fxgl.io.FileSystemService, class com.almasb.fxgl.localization.LocalizationService, class com.almasb.fxgl.app.services.AssetLoaderService, class com.almasb.fxgl.app.services.SystemBundleService, class com.almasb.fxgl.profile.SaveLoadService, class com.almasb.fxgl.ui.FXGLUIFactoryServiceProvider, class com.almasb.fxgl.ui.FXGLDialogFactoryServiceProvider, class com.almasb.fxgl.audio.AudioPlayer, class com.almasb.fxgl.notification.impl.NotificationServiceProvider, class com.almasb.fxgl.achievement.AchievementService, class com.almasb.fxgl.cutscene.CutsceneService, class com.almasb.fxgl.minigames.MiniGameService, class com.almasb.fxgl.net.NetService, class com.almasb.fxgl.app.services.UpdaterService]
12:37:21.808 [FXGL Background Thread 2 ] DEBUG Engine               - globalMusicVolume: 0.5
12:37:21.808 [FXGL Background Thread 2 ] DEBUG Engine               - width: 600
12:37:21.808 [FXGL Background Thread 2 ] DEBUG Engine               - saveFileExt: sav
12:37:21.808 [FXGL Background Thread 2 ] DEBUG Engine               - isAndroid: false
12:37:21.808 [FXGL Background Thread 2 ] DEBUG Engine               - fontUI: VarelaRound-Regular.ttf
12:37:21.808 [FXGL Background Thread 2 ] DEBUG Engine               - enabledMenuItems: []
12:37:21.809 [FXGL Background Thread 2 ] DEBUG Engine               - isIOS: false
12:37:21.809 [FXGL Background Thread 2 ] DEBUG Engine               - Logging services
12:37:21.809 [FXGL Background Thread 2 ] DEBUG Engine               - class com.almasb.fxgl.app.GameApplication$GameApplicationService
12:37:21.809 [FXGL Background Thread 2 ] DEBUG Engine               - class com.almasb.fxgl.app.services.WindowService
12:37:21.809 [FXGL Background Thread 2 ] DEBUG Engine               - class com.almasb.fxgl.app.services.FXGLDialogService
12:37:21.809 [FXGL Background Thread 2 ] DEBUG Engine               - class com.almasb.fxgl.app.services.IOTaskExecutorService
12:37:21.809 [FXGL Background Thread 2 ] DEBUG Engine               - class com.almasb.fxgl.event.EventBusService
12:37:21.809 [FXGL Background Thread 2 ] DEBUG Engine               - class com.almasb.fxgl.io.FileSystemService
12:37:21.809 [FXGL Background Thread 2 ] DEBUG Engine               - class com.almasb.fxgl.localization.LocalizationService
12:37:21.809 [FXGL Background Thread 2 ] DEBUG Engine               - class com.almasb.fxgl.app.services.AssetLoaderService
12:37:21.809 [FXGL Background Thread 2 ] DEBUG Engine               - class com.almasb.fxgl.app.services.SystemBundleService
12:37:21.809 [FXGL Background Thread 2 ] DEBUG Engine               - class com.almasb.fxgl.profile.SaveLoadService
12:37:21.809 [FXGL Background Thread 2 ] DEBUG Engine               - class com.almasb.fxgl.ui.FXGLUIFactoryServiceProvider
12:37:21.809 [FXGL Background Thread 2 ] DEBUG Engine               - class com.almasb.fxgl.ui.FXGLDialogFactoryServiceProvider
12:37:21.809 [FXGL Background Thread 2 ] DEBUG Engine               - class com.almasb.fxgl.audio.AudioPlayer
12:37:21.809 [FXGL Background Thread 2 ] DEBUG Engine               - class com.almasb.fxgl.notification.impl.NotificationServiceProvider
12:37:21.809 [FXGL Background Thread 2 ] DEBUG Engine               - class com.almasb.fxgl.achievement.AchievementService
12:37:21.809 [FXGL Background Thread 2 ] DEBUG Engine               - class com.almasb.fxgl.cutscene.CutsceneService
12:37:21.809 [FXGL Background Thread 2 ] DEBUG Engine               - class com.almasb.fxgl.minigames.MiniGameService
12:37:21.809 [FXGL Background Thread 2 ] DEBUG Engine               - class com.almasb.fxgl.net.NetService
12:37:21.809 [FXGL Background Thread 2 ] DEBUG Engine               - class com.almasb.fxgl.app.services.UpdaterService
12:37:22.073 [JavaFX Application Thread] DEBUG AssetLoaderService   - Loading from file system: /assets/textures/potHole.png
12:37:24.193 [JavaFX Application Thread] DEBUG AssetLoaderService   - Loading from file system: /assets/textures/mooseWalkAnimation.png
12:37:24.206 [JavaFX Application Thread] DEBUG AssetLoaderService   - Loading from cache: /assets/textures/potHole.png
12:37:26.365 [JavaFX Application Thread] DEBUG AssetLoaderService   - Loading from cache: /assets/textures/potHole.png
12:37:28.513 [JavaFX Application Thread] DEBUG AssetLoaderService   - Loading from cache: /assets/textures/mooseWalkAnimation.png
12:37:28.529 [JavaFX Application Thread] DEBUG AssetLoaderService   - Loading from cache: /assets/textures/potHole.png
12:37:30.684 [JavaFX Application Thread] DEBUG AssetLoaderService   - Loading from cache: /assets/textures/potHole.png
12:37:32.809 [JavaFX Application Thread] DEBUG AssetLoaderService   - Loading from cache: /assets/textures/mooseWalkAnimation.png
12:37:32.830 [JavaFX Application Thread] DEBUG AssetLoaderService   - Loading from cache: /assets/textures/potHole.png
12:37:35.009 [JavaFX Application Thread] DEBUG AssetLoaderService   - Loading from cache: /assets/textures/potHole.png
12:37:37.153 [JavaFX Application Thread] DEBUG AssetLoaderService   - Loading from cache: /assets/textures/mooseWalkAnimation.png
12:37:37.184 [JavaFX Application Thread] DEBUG AssetLoaderService   - Loading from cache: /assets/textures/potHole.png
12:37:39.361 [JavaFX Application Thread] DEBUG AssetLoaderService   - Loading from cache: /assets/textures/potHole.png
12:37:41.517 [JavaFX Application Thread] DEBUG AssetLoaderService   - Loading from cache: /assets/textures/mooseWalkAnimation.png
12:37:41.552 [JavaFX Application Thread] DEBUG AssetLoaderService   - Loading from cache: /assets/textures/potHole.png
12:37:45.937 [JavaFX Application Thread] DEBUG AssetLoaderService   - Loading from cache: /assets/textures/potHole.png
12:37:49.018 [JavaFX Application Thread] DEBUG AssetLoaderService   - Loading from cache: /assets/textures/mooseWalkAnimation.png
12:37:49.057 [JavaFX Application Thread] DEBUG AssetLoaderService   - Loading from cache: /assets/textures/potHole.png
12:37:51.201 [JavaFX Application Thread] DEBUG AssetLoaderService   - Loading from cache: /assets/textures/potHole.png
12:37:53.329 [JavaFX Application Thread] DEBUG AssetLoaderService   - Loading from cache: /assets/textures/mooseWalkAnimation.png
12:37:53.392 [JavaFX Application Thread] DEBUG AssetLoaderService   - Loading from cache: /assets/textures/potHole.png
12:37:55.580 [JavaFX Application Thread] DEBUG AssetLoaderService   - Loading from cache: /assets/textures/potHole.png
12:37:57.677 [JavaFX Application Thread] DEBUG AssetLoaderService   - Loading from cache: /assets/textures/mooseWalkAnimation.png
12:37:57.740 [JavaFX Application Thread] DEBUG AssetLoaderService   - Loading from cache: /assets/textures/potHole.png
12:37:59.920 [JavaFX Application Thread] DEBUG AssetLoaderService   - Loading from cache: /assets/textures/potHole.png
12:38:02.017 [JavaFX Application Thread] DEBUG AssetLoaderService   - Loading from cache: /assets/textures/mooseWalkAnimation.png
12:38:02.080 [JavaFX Application Thread] DEBUG AssetLoaderService   - Loading from cache: /assets/textures/potHole.png
12:38:03.877 [JavaFX Application Thread] DEBUG GameApplication      - Exiting FXGL
12:38:03.878 [JavaFX Application Thread] DEBUG LoopRunner           - Stopping loop
12:38:03.878 [JavaFX Application Thread] DEBUG SystemBundleService  - Saving FXGL system data
12:38:03.879 [JavaFX Application Thread] DEBUG FileSystemAccess     - Writing to: C:\Users\micha\Desktop\JavaMooseGame\system\fxgl.bundle
12:38:03.880 [JavaFX Application Thread] DEBUG GameApplication      - Shutting down background threads
12:38:03.880 [JavaFX Application Thread] DEBUG GameApplication      - Closing logger and exiting JavaFX
