10:59:57.134 [main                     ] DEBUG GameApplication      - Logger initialized
10:59:57.140 [main                     ] DEBUG GameApplication      - Logging settings
Title: MooseGame
Version: 0.3
Width: 600
Height: 900
Fullscreen: false
Intro: false
Menus: true
Profiling: false
Single step:false
App Mode: DEVELOPER
Menu Key: ESCAPE
Stage Style: DECORATED
Scene Factory: class com.almasb.fxgl.app.scene.SceneFactory

10:59:57.593 [JavaFX Application Thread] DEBUG GameApplication      - Initializing FXGL
10:59:57.602 [JavaFX Application Thread] INFO  Engine               - FXGL-11.8 (08.03.2020 09.09) on WINDOWS (J:14.0.1 FX:13.0.2)
10:59:57.603 [JavaFX Application Thread] INFO  Engine               - Source code and latest versions at: https://github.com/AlmasB/FXGL
10:59:57.603 [JavaFX Application Thread] INFO  Engine               -              Join the FXGL chat at: https://gitter.im/AlmasB/FXGL
10:59:57.724 [JavaFX Application Thread] DEBUG MainWindow           - Creating a JavaFX scene
10:59:57.789 [JavaFX Application Thread] DEBUG MainWindow           - Target settings size: 600.0 x 900.0
10:59:57.789 [JavaFX Application Thread] DEBUG MainWindow           - Scaled scene size:    600.0 x 900.0
10:59:57.789 [JavaFX Application Thread] DEBUG MainWindow           - Scaled ratio: (1.0, 1.0)
10:59:57.790 [JavaFX Application Thread] DEBUG MainWindow           - Set initial scene to FXGLStartupScene
10:59:57.797 [JavaFX Application Thread] DEBUG MainWindow           - Opening main window
10:59:57.893 [JavaFX Application Thread] DEBUG MainWindow           - Window border size: (16.0, 39.0)
10:59:57.893 [JavaFX Application Thread] DEBUG MainWindow           - Scaled size: 600.0 x 900.0
10:59:57.894 [JavaFX Application Thread] DEBUG MainWindow           - Scaled ratio: (1.0, 1.0)
10:59:57.894 [JavaFX Application Thread] DEBUG MainWindow           - Scene size: 600.0 x 900.0
10:59:57.894 [JavaFX Application Thread] DEBUG MainWindow           - Stage size: 616.0 x 939.0
10:59:57.902 [FXGL Background Thread 1 ] DEBUG Engine               - Initializing environment variables
10:59:57.926 [FXGL Background Thread 1 ] DEBUG WindowService        - Applying CSS: fxgl_dark.css
10:59:57.926 [FXGL Background Thread 1 ] DEBUG AssetLoaderService   - Loading from file system: /assets/ui/css/fxgl_dark.css
10:59:57.966 [FXGL Background Thread 1 ] DEBUG WindowService        - Initializing application scenes
10:59:58.000 [FXGL Background Thread 1 ] DEBUG GameWorld            - Game world initialized
10:59:58.037 [FXGL Background Thread 1 ] DEBUG PhysicsWorld         - Physics world initialized: appHeight=900, physics.ppm=50.0
10:59:58.039 [FXGL Background Thread 1 ] DEBUG GameScene            - Game scene initialized: 600x900
10:59:58.065 [FXGL Background Thread 1 ] DEBUG AssetLoaderService   - Loading from file system: /assets/textures/particles/trace_horizontal.png
10:59:58.124 [FXGL Background Thread 1 ] WARN  FXGL.DefaultMenu     - FXGLDefaultMenu is not designed for resolutions < 800x600
10:59:58.124 [FXGL Background Thread 1 ] DEBUG FXGL.DefaultMenu     - createMenuBodyMainMenu()
10:59:58.138 [FXGL Background Thread 1 ] DEBUG FXGL.DefaultMenu     - createOptionsMenu()
10:59:58.142 [FXGL Background Thread 1 ] DEBUG AssetLoaderService   - Loading from file system: /assets/textures/particles/smoke.png
10:59:58.197 [FXGL Background Thread 1 ] DEBUG AssetLoaderService   - Loading from cache: /assets/textures/particles/trace_horizontal.png@64.0x64.0
10:59:58.198 [FXGL Background Thread 1 ] WARN  FXGL.DefaultMenu     - FXGLDefaultMenu is not designed for resolutions < 800x600
10:59:58.198 [FXGL Background Thread 1 ] DEBUG FXGL.DefaultMenu     - createMenuBodyGameMenu()
10:59:58.199 [FXGL Background Thread 1 ] DEBUG FXGL.DefaultMenu     - createOptionsMenu()
10:59:58.202 [FXGL Background Thread 1 ] DEBUG AssetLoaderService   - Loading from cache: /assets/textures/particles/smoke.png@128.0x128.0
10:59:58.215 [FXGL Background Thread 1 ] DEBUG WindowService        - Application scenes initialized
10:59:58.223 [FXGL Background Thread 1 ] DEBUG SystemBundleService  - Loading FXGL system data
10:59:58.228 [FXGL Background Thread 1 ] DEBUG FileSystemAccess     - Reading from: C:\Users\micha\Desktop\JavaMooseGame\system\fxgl.bundle
10:59:58.234 [FXGL Background Thread 1 ] DEBUG SystemBundleService  - Bundle FXGL: {}
10:59:58.235 [FXGL Background Thread 1 ] INFO  Engine               - FXGL initialization took: 0.331 sec
10:59:58.236 [FXGL Background Thread 1 ] DEBUG GameApplication      - Loading localizations
10:59:58.237 [FXGL Background Thread 1 ] DEBUG AssetLoaderService   - Loading from file system: /assets/properties/languages/english.properties
10:59:58.238 [FXGL Background Thread 1 ] DEBUG AssetLoaderService   - Loading from file system: /assets/properties/languages/french.properties
10:59:58.239 [FXGL Background Thread 1 ] DEBUG AssetLoaderService   - Loading from file system: /assets/properties/languages/german.properties
10:59:58.240 [FXGL Background Thread 1 ] DEBUG AssetLoaderService   - Loading from file system: /assets/properties/languages/hungarian.properties
10:59:58.241 [FXGL Background Thread 1 ] DEBUG AssetLoaderService   - Loading from file system: /assets/properties/languages/russian.properties
10:59:58.243 [FXGL Background Thread 1 ] DEBUG GameApplication      - Registering font factories with UI factory
10:59:58.243 [FXGL Background Thread 1 ] DEBUG AssetLoaderService   - Loading from file system: /assets/ui/fonts/VarelaRound-Regular.ttf
10:59:58.292 [FXGL Background Thread 1 ] DEBUG AssetLoaderService   - Loading from file system: /assets/ui/fonts/Abel-Regular.ttf
10:59:58.299 [FXGL Background Thread 1 ] DEBUG AssetLoaderService   - Loading from file system: /assets/ui/fonts/lucida_console.ttf
10:59:58.309 [FXGL Background Thread 1 ] DEBUG AssetLoaderService   - Loading from file system: /assets/ui/fonts/Courier-Prime.ttf
10:59:58.324 [JavaFX Application Thread] DEBUG Input                - Registered new binding: action0 - A
10:59:58.324 [JavaFX Application Thread] DEBUG Input                - Registered new binding: action1 - S
10:59:58.325 [JavaFX Application Thread] DEBUG Input                - Registered new binding: action2 - D
10:59:58.325 [JavaFX Application Thread] DEBUG Input                - Registered new binding: action3 - W
10:59:58.325 [JavaFX Application Thread] DEBUG Input                - Registered new binding: action4 - Space
10:59:58.326 [JavaFX Application Thread] DEBUG Input                - Registered new binding: action5 - Left
10:59:58.326 [JavaFX Application Thread] DEBUG Input                - Registered new binding: action6 - Down
10:59:58.326 [JavaFX Application Thread] DEBUG Input                - Registered new binding: action7 - Right
10:59:58.326 [JavaFX Application Thread] DEBUG Input                - Registered new binding: action8 - Up
10:59:58.326 [JavaFX Application Thread] DEBUG AssetLoaderService   - Loading from file system: /assets/textures/fxgl_icon.png
10:59:58.345 [JavaFX Application Thread] DEBUG AssetLoaderService   - Loading from file system: /assets/ui/cursors/fxgl_default.png
10:59:58.347 [JavaFX Application Thread] DEBUG Input                - Registered new binding: Screenshot - P
10:59:58.347 [JavaFX Application Thread] DEBUG Input                - Registered new binding: System info dump - CTRL+9
10:59:58.348 [JavaFX Application Thread] DEBUG Input                - Registered new binding: Restart - CTRL+R
10:59:58.348 [JavaFX Application Thread] DEBUG LoopRunner           - Starting loop
10:59:58.368 [JavaFX Application Thread] DEBUG FXGLStartupScene     - STARTUP
10:59:58.373 [JavaFX Application Thread] DEBUG Input                - Clearing active input actions
10:59:58.389 [JavaFX Application Thread] DEBUG WindowService        - Removing overlay from FXGLStartupScene and adding to FXGLDefaultMenu
10:59:58.389 [JavaFX Application Thread] DEBUG MainWindow           - FXGLStartupScene -> FXGLDefaultMenu
11:00:01.236 [FXGL Background Thread 2 ] DEBUG Engine               - Logging environment variables
11:00:01.236 [FXGL Background Thread 2 ] DEBUG Engine               - achievements: []
11:00:01.236 [FXGL Background Thread 2 ] DEBUG Engine               - language: ObjectProperty [value: ENGLISH]
11:00:01.236 [FXGL Background Thread 2 ] DEBUG Engine               - isCloseConfirmation: false
11:00:01.236 [FXGL Background Thread 2 ] DEBUG Engine               - isProfilingEnabled: false
11:00:01.236 [FXGL Background Thread 2 ] DEBUG Engine               - soundNotification: core/notification.wav
11:00:01.236 [FXGL Background Thread 2 ] DEBUG Engine               - devShowBBoxProperty: BooleanProperty [value: false]
11:00:01.236 [FXGL Background Thread 2 ] DEBUG Engine               - pixelsPerMeter: 50.0
11:00:01.236 [FXGL Background Thread 2 ] DEBUG Engine               - appIcon: fxgl_icon.png
11:00:01.236 [FXGL Background Thread 2 ] DEBUG Engine               - soundMenuBack: menu/back.wav
11:00:01.236 [FXGL Background Thread 2 ] DEBUG Engine               - isFullScreenAllowed: false
11:00:01.237 [FXGL Background Thread 2 ] DEBUG Engine               - isIntroEnabled: false
11:00:01.237 [FXGL Background Thread 2 ] DEBUG Engine               - fontMono: lucida_console.ttf
11:00:01.237 [FXGL Background Thread 2 ] DEBUG Engine               - soundMenuSelect: menu/select.wav
11:00:01.237 [FXGL Background Thread 2 ] DEBUG Engine               - isWindows: true
11:00:01.237 [FXGL Background Thread 2 ] DEBUG Engine               - isMobile: false
11:00:01.237 [FXGL Background Thread 2 ] DEBUG Engine               - isUserProfileEnabled: false
11:00:01.237 [FXGL Background Thread 2 ] DEBUG Engine               - height: 900
11:00:01.237 [FXGL Background Thread 2 ] DEBUG Engine               - isExperimentalNative: false
11:00:01.237 [FXGL Background Thread 2 ] DEBUG Engine               - settings: Title: MooseGame
Version: 0.3
Width: 600
Height: 900
Fullscreen: false
Intro: false
Menus: true
Profiling: false
Single step:false
App Mode: DEVELOPER
Menu Key: ESCAPE
Stage Style: DECORATED
Scene Factory: class com.almasb.fxgl.app.scene.SceneFactory

11:00:01.237 [FXGL Background Thread 2 ] DEBUG Engine               - isSingleStep: false
11:00:01.237 [FXGL Background Thread 2 ] DEBUG Engine               - cSSList: [fxgl_dark.css]
11:00:01.237 [FXGL Background Thread 2 ] DEBUG Engine               - fontGame: Abel-Regular.ttf
11:00:01.237 [FXGL Background Thread 2 ] DEBUG Engine               - menuKey: ESCAPE
11:00:01.237 [FXGL Background Thread 2 ] DEBUG Engine               - devShowPositionProperty: BooleanProperty [value: false]
11:00:01.237 [FXGL Background Thread 2 ] DEBUG Engine               - versionCheckDays: 7
11:00:01.237 [FXGL Background Thread 2 ] DEBUG Engine               - configClass: Optional.empty
11:00:01.237 [FXGL Background Thread 2 ] DEBUG Engine               - isFullScreenFromStart: false
11:00:01.237 [FXGL Background Thread 2 ] DEBUG Engine               - version: 0.3
11:00:01.237 [FXGL Background Thread 2 ] DEBUG Engine               - fullScreen: BooleanProperty [value: false]
11:00:01.237 [FXGL Background Thread 2 ] DEBUG Engine               - randomSeed: -1
11:00:01.237 [FXGL Background Thread 2 ] DEBUG Engine               - gameDifficultyProperty: ObjectProperty [value: MEDIUM]
11:00:01.238 [FXGL Background Thread 2 ] DEBUG Engine               - applicationMode: DEVELOPER
11:00:01.238 [FXGL Background Thread 2 ] DEBUG Engine               - isMac: false
11:00:01.238 [FXGL Background Thread 2 ] DEBUG Engine               - isMenuEnabled: true
11:00:01.238 [FXGL Background Thread 2 ] DEBUG Engine               - urlPOM: https://raw.githubusercontent.com/AlmasB/FXGL/master/pom.xml
11:00:01.238 [FXGL Background Thread 2 ] DEBUG Engine               - profileName: StringProperty [value: DEFAULT]
11:00:01.238 [FXGL Background Thread 2 ] DEBUG Engine               - notificationViewClass: class com.almasb.fxgl.notification.view.XboxNotificationView
11:00:01.238 [FXGL Background Thread 2 ] DEBUG Engine               - devSensorColorProperty: ObjectProperty [value: 0xffff00ff]
11:00:01.238 [FXGL Background Thread 2 ] DEBUG Engine               - sceneFactory: com.almasb.fxgl.app.scene.SceneFactory@5bd4b55a
11:00:01.238 [FXGL Background Thread 2 ] DEBUG Engine               - stageStyle: DECORATED
11:00:01.238 [FXGL Background Thread 2 ] DEBUG Engine               - isManualResizeEnabled: false
11:00:01.238 [FXGL Background Thread 2 ] DEBUG Engine               - title: MooseGame
11:00:01.238 [FXGL Background Thread 2 ] DEBUG Engine               - platform: WINDOWS
11:00:01.238 [FXGL Background Thread 2 ] DEBUG Engine               - devBBoxColorProperty: ObjectProperty [value: 0xff0000ff]
11:00:01.238 [FXGL Background Thread 2 ] DEBUG Engine               - gameDifficulty: MEDIUM
11:00:01.238 [FXGL Background Thread 2 ] DEBUG Engine               - isDesktop: true
11:00:01.238 [FXGL Background Thread 2 ] DEBUG Engine               - supportedLanguages: [ENGLISH, FRENCH, GERMAN, HUNGARIAN, RUSSIAN]
11:00:01.238 [FXGL Background Thread 2 ] DEBUG Engine               - credits: []
11:00:01.239 [FXGL Background Thread 2 ] DEBUG Engine               - globalMusicVolumeProperty: DoubleProperty [value: 0.5]
11:00:01.239 [FXGL Background Thread 2 ] DEBUG Engine               - isPreserveResizeRatio: false
11:00:01.239 [FXGL Background Thread 2 ] DEBUG Engine               - fontText: Courier-Prime.ttf
11:00:01.239 [FXGL Background Thread 2 ] DEBUG Engine               - isExperimentalTiledLargeMap: false
11:00:01.239 [FXGL Background Thread 2 ] DEBUG Engine               - secondsIn24h: 60
11:00:01.239 [FXGL Background Thread 2 ] DEBUG Engine               - runtimeInfo: RuntimeInfo(platform=WINDOWS, version=11.8, build=08.03.2020 09.09)
11:00:01.239 [FXGL Background Thread 2 ] DEBUG Engine               - isLinux: false
11:00:01.239 [FXGL Background Thread 2 ] DEBUG Engine               - soundMenuPress: menu/press.wav
11:00:01.239 [FXGL Background Thread 2 ] DEBUG Engine               - urlGithub: https://github.com/AlmasB/FXGL
11:00:01.239 [FXGL Background Thread 2 ] DEBUG Engine               - profileDir: profiles/
11:00:01.239 [FXGL Background Thread 2 ] DEBUG Engine               - isDeveloperMenuEnabled: false
11:00:01.239 [FXGL Background Thread 2 ] DEBUG Engine               - globalSoundVolumeProperty: DoubleProperty [value: 0.5]
11:00:01.239 [FXGL Background Thread 2 ] DEBUG Engine               - mainWindow: com.almasb.fxgl.app.MainWindow@5feb2af8
11:00:01.239 [FXGL Background Thread 2 ] DEBUG Engine               - isBrowser: false
11:00:01.239 [FXGL Background Thread 2 ] DEBUG Engine               - urlLeaderboard: http://fxgl-top.herokuapp.com/
11:00:01.239 [FXGL Background Thread 2 ] DEBUG Engine               - globalSoundVolume: 0.5
11:00:01.239 [FXGL Background Thread 2 ] DEBUG Engine               - engineServices: [class com.almasb.fxgl.app.GameApplication$GameApplicationService, class com.almasb.fxgl.app.services.WindowService, class com.almasb.fxgl.app.services.FXGLDialogService, class com.almasb.fxgl.app.services.IOTaskExecutorService, class com.almasb.fxgl.event.EventBusService, class com.almasb.fxgl.io.FileSystemService, class com.almasb.fxgl.localization.LocalizationService, class com.almasb.fxgl.app.services.AssetLoaderService, class com.almasb.fxgl.app.services.SystemBundleService, class com.almasb.fxgl.profile.SaveLoadService, class com.almasb.fxgl.ui.FXGLUIFactoryServiceProvider, class com.almasb.fxgl.ui.FXGLDialogFactoryServiceProvider, class com.almasb.fxgl.audio.AudioPlayer, class com.almasb.fxgl.notification.impl.NotificationServiceProvider, class com.almasb.fxgl.achievement.AchievementService, class com.almasb.fxgl.cutscene.CutsceneService, class com.almasb.fxgl.minigames.MiniGameService, class com.almasb.fxgl.net.NetService, class com.almasb.fxgl.app.services.UpdaterService]
11:00:01.239 [FXGL Background Thread 2 ] DEBUG Engine               - globalMusicVolume: 0.5
11:00:01.239 [FXGL Background Thread 2 ] DEBUG Engine               - width: 600
11:00:01.239 [FXGL Background Thread 2 ] DEBUG Engine               - saveFileExt: sav
11:00:01.239 [FXGL Background Thread 2 ] DEBUG Engine               - isAndroid: false
11:00:01.240 [FXGL Background Thread 2 ] DEBUG Engine               - fontUI: VarelaRound-Regular.ttf
11:00:01.240 [FXGL Background Thread 2 ] DEBUG Engine               - enabledMenuItems: []
11:00:01.240 [FXGL Background Thread 2 ] DEBUG Engine               - isIOS: false
11:00:01.240 [FXGL Background Thread 2 ] DEBUG Engine               - Logging services
11:00:01.240 [FXGL Background Thread 2 ] DEBUG Engine               - class com.almasb.fxgl.app.GameApplication$GameApplicationService
11:00:01.240 [FXGL Background Thread 2 ] DEBUG Engine               - class com.almasb.fxgl.app.services.WindowService
11:00:01.240 [FXGL Background Thread 2 ] DEBUG Engine               - class com.almasb.fxgl.app.services.FXGLDialogService
11:00:01.240 [FXGL Background Thread 2 ] DEBUG Engine               - class com.almasb.fxgl.app.services.IOTaskExecutorService
11:00:01.240 [FXGL Background Thread 2 ] DEBUG Engine               - class com.almasb.fxgl.event.EventBusService
11:00:01.240 [FXGL Background Thread 2 ] DEBUG Engine               - class com.almasb.fxgl.io.FileSystemService
11:00:01.240 [FXGL Background Thread 2 ] DEBUG Engine               - class com.almasb.fxgl.localization.LocalizationService
11:00:01.240 [FXGL Background Thread 2 ] DEBUG Engine               - class com.almasb.fxgl.app.services.AssetLoaderService
11:00:01.240 [FXGL Background Thread 2 ] DEBUG Engine               - class com.almasb.fxgl.app.services.SystemBundleService
11:00:01.240 [FXGL Background Thread 2 ] DEBUG Engine               - class com.almasb.fxgl.profile.SaveLoadService
11:00:01.240 [FXGL Background Thread 2 ] DEBUG Engine               - class com.almasb.fxgl.ui.FXGLUIFactoryServiceProvider
11:00:01.240 [FXGL Background Thread 2 ] DEBUG Engine               - class com.almasb.fxgl.ui.FXGLDialogFactoryServiceProvider
11:00:01.240 [FXGL Background Thread 2 ] DEBUG Engine               - class com.almasb.fxgl.audio.AudioPlayer
11:00:01.240 [FXGL Background Thread 2 ] DEBUG Engine               - class com.almasb.fxgl.notification.impl.NotificationServiceProvider
11:00:01.240 [FXGL Background Thread 2 ] DEBUG Engine               - class com.almasb.fxgl.achievement.AchievementService
11:00:01.240 [FXGL Background Thread 2 ] DEBUG Engine               - class com.almasb.fxgl.cutscene.CutsceneService
11:00:01.240 [FXGL Background Thread 2 ] DEBUG Engine               - class com.almasb.fxgl.minigames.MiniGameService
11:00:01.240 [FXGL Background Thread 2 ] DEBUG Engine               - class com.almasb.fxgl.net.NetService
11:00:01.241 [FXGL Background Thread 2 ] DEBUG Engine               - class com.almasb.fxgl.app.services.UpdaterService
11:00:23.096 [JavaFX Application Thread] DEBUG Menu                 - fireNewGame()
11:00:23.096 [JavaFX Application Thread] DEBUG WindowService        - Starting new game
11:00:23.096 [JavaFX Application Thread] DEBUG Input                - Clearing active input actions
11:00:23.102 [JavaFX Application Thread] DEBUG WindowService        - Removing overlay from FXGLDefaultMenu and adding to FXGLLoadingScene
11:00:23.103 [JavaFX Application Thread] DEBUG MainWindow           - FXGLDefaultMenu -> FXGLLoadingScene
11:00:23.103 [JavaFX Application Thread] DEBUG WindowService        - Clearing previous game
11:00:23.103 [JavaFX Application Thread] DEBUG GameScene            - Clearing game scene
11:00:23.103 [JavaFX Application Thread] DEBUG GameWorld            - Clearing game world
11:00:23.103 [JavaFX Application Thread] DEBUG PhysicsWorld         - Clearing physics world
11:00:23.104 [FXGL Background Thread 1 ] DEBUG GameApplication      - Initializing game
11:00:23.113 [FXGL Background Thread 1 ] DEBUG AssetLoaderService   - Loading from file system: /assets/textures/road_with_patches.png
11:00:23.123 [FXGL Background Thread 1 ] DEBUG AssetLoaderService   - Loading from cache: /assets/textures/road_with_patches.png
11:00:23.124 [FXGL Background Thread 1 ] DEBUG AssetLoaderService   - Loading from file system: /assets/textures/Car_Audi_Sport_Quattro_86x145.png
11:00:23.157 [FXGL Background Thread 1 ] DEBUG AssetLoaderService   - Loading from file system: /assets/ui/moosegame_ui.fxml
11:00:23.219 [FXGL Background Thread 1 ] INFO  GameApplication      - Game initialization took: 0.115 sec
11:00:23.219 [JavaFX Application Thread] DEBUG Input                - Clearing active input actions
11:00:23.223 [JavaFX Application Thread] DEBUG WindowService        - Removing overlay from FXGLLoadingScene and adding to GameScene
11:00:23.223 [JavaFX Application Thread] DEBUG MainWindow           - FXGLLoadingScene -> GameScene
11:00:25.309 [JavaFX Application Thread] DEBUG AssetLoaderService   - Loading from file system: /assets/textures/potHole.png
11:00:27.389 [JavaFX Application Thread] DEBUG AssetLoaderService   - Loading from file system: /assets/textures/mooseWalkAnimation.png
11:00:27.402 [JavaFX Application Thread] DEBUG AssetLoaderService   - Loading from cache: /assets/textures/mooseWalkAnimation.png
11:00:27.405 [JavaFX Application Thread] DEBUG AssetLoaderService   - Loading from cache: /assets/textures/potHole.png
11:00:29.485 [JavaFX Application Thread] DEBUG AssetLoaderService   - Loading from cache: /assets/textures/potHole.png
11:00:31.564 [JavaFX Application Thread] DEBUG AssetLoaderService   - Loading from cache: /assets/textures/mooseWalkAnimation.png
11:00:31.565 [JavaFX Application Thread] DEBUG AssetLoaderService   - Loading from cache: /assets/textures/mooseWalkAnimation.png
11:00:31.578 [JavaFX Application Thread] DEBUG AssetLoaderService   - Loading from cache: /assets/textures/potHole.png
11:00:33.669 [JavaFX Application Thread] DEBUG AssetLoaderService   - Loading from cache: /assets/textures/potHole.png
11:00:35.739 [JavaFX Application Thread] DEBUG AssetLoaderService   - Loading from cache: /assets/textures/mooseWalkAnimation.png
11:00:35.740 [JavaFX Application Thread] DEBUG AssetLoaderService   - Loading from cache: /assets/textures/mooseWalkAnimation.png
11:00:35.757 [JavaFX Application Thread] DEBUG AssetLoaderService   - Loading from cache: /assets/textures/potHole.png
11:00:37.849 [JavaFX Application Thread] DEBUG AssetLoaderService   - Loading from cache: /assets/textures/potHole.png
11:00:39.912 [JavaFX Application Thread] DEBUG AssetLoaderService   - Loading from cache: /assets/textures/mooseWalkAnimation.png
11:00:39.912 [JavaFX Application Thread] DEBUG AssetLoaderService   - Loading from cache: /assets/textures/mooseWalkAnimation.png
11:00:39.940 [JavaFX Application Thread] DEBUG AssetLoaderService   - Loading from cache: /assets/textures/potHole.png
11:00:42.029 [JavaFX Application Thread] DEBUG AssetLoaderService   - Loading from cache: /assets/textures/potHole.png
11:00:43.216 [JavaFX Application Thread] DEBUG GameApplication      - Exiting FXGL
11:00:43.216 [JavaFX Application Thread] DEBUG LoopRunner           - Stopping loop
11:00:43.216 [JavaFX Application Thread] DEBUG SystemBundleService  - Saving FXGL system data
11:00:43.218 [JavaFX Application Thread] DEBUG FileSystemAccess     - Writing to: C:\Users\micha\Desktop\JavaMooseGame\system\fxgl.bundle
11:00:43.219 [JavaFX Application Thread] DEBUG GameApplication      - Shutting down background threads
11:00:43.219 [JavaFX Application Thread] DEBUG GameApplication      - Closing logger and exiting JavaFX
