13:40:17.258 [main                     ] DEBUG GameApplication      - Logger initialized
13:40:17.262 [main                     ] DEBUG GameApplication      - Logging settings
Title: MooseGame
Version: 0.3
Width: 600
Height: 900
Fullscreen: false
Intro: false
Menus: true
Profiling: false
Single step:false
App Mode: DEVELOPER
Menu Key: ESCAPE
Stage Style: DECORATED
Scene Factory: class com.almasb.fxgl.app.scene.SceneFactory

13:40:17.594 [JavaFX Application Thread] DEBUG GameApplication      - Initializing FXGL
13:40:17.602 [JavaFX Application Thread] INFO  Engine               - FXGL-11.8 (08.03.2020 09.09) on WINDOWS (J:14.0.1 FX:13.0.2)
13:40:17.602 [JavaFX Application Thread] INFO  Engine               - Source code and latest versions at: https://github.com/AlmasB/FXGL
13:40:17.602 [JavaFX Application Thread] INFO  Engine               -              Join the FXGL chat at: https://gitter.im/AlmasB/FXGL
13:40:17.707 [JavaFX Application Thread] DEBUG MainWindow           - Creating a JavaFX scene
13:40:17.749 [JavaFX Application Thread] DEBUG MainWindow           - Target settings size: 600.0 x 900.0
13:40:17.749 [JavaFX Application Thread] DEBUG MainWindow           - Scaled scene size:    600.0 x 900.0
13:40:17.749 [JavaFX Application Thread] DEBUG MainWindow           - Scaled ratio: (1.0, 1.0)
13:40:17.751 [JavaFX Application Thread] DEBUG MainWindow           - Set initial scene to FXGLStartupScene
13:40:17.757 [JavaFX Application Thread] DEBUG MainWindow           - Opening main window
13:40:17.839 [JavaFX Application Thread] DEBUG MainWindow           - Window border size: (16.0, 39.0)
13:40:17.839 [JavaFX Application Thread] DEBUG MainWindow           - Scaled size: 600.0 x 900.0
13:40:17.839 [JavaFX Application Thread] DEBUG MainWindow           - Scaled ratio: (1.0, 1.0)
13:40:17.839 [JavaFX Application Thread] DEBUG MainWindow           - Scene size: 600.0 x 900.0
13:40:17.839 [JavaFX Application Thread] DEBUG MainWindow           - Stage size: 616.0 x 939.0
13:40:17.846 [FXGL Background Thread 1 ] DEBUG Engine               - Initializing environment variables
13:40:17.872 [FXGL Background Thread 1 ] DEBUG WindowService        - Applying CSS: fxgl_dark.css
13:40:17.873 [FXGL Background Thread 1 ] DEBUG AssetLoaderService   - Loading from file system: /assets/ui/css/fxgl_dark.css
13:40:17.912 [FXGL Background Thread 1 ] DEBUG WindowService        - Initializing application scenes
13:40:17.938 [FXGL Background Thread 1 ] DEBUG GameWorld            - Game world initialized
13:40:17.967 [FXGL Background Thread 1 ] DEBUG PhysicsWorld         - Physics world initialized: appHeight=900, physics.ppm=50.0
13:40:17.969 [FXGL Background Thread 1 ] DEBUG GameScene            - Game scene initialized: 600x900
13:40:17.991 [FXGL Background Thread 1 ] DEBUG AssetLoaderService   - Loading from file system: /assets/textures/particles/trace_horizontal.png
13:40:18.038 [FXGL Background Thread 1 ] WARN  FXGL.DefaultMenu     - FXGLDefaultMenu is not designed for resolutions < 800x600
13:40:18.038 [FXGL Background Thread 1 ] DEBUG FXGL.DefaultMenu     - createMenuBodyMainMenu()
13:40:18.050 [FXGL Background Thread 1 ] DEBUG FXGL.DefaultMenu     - createOptionsMenu()
13:40:18.054 [FXGL Background Thread 1 ] DEBUG AssetLoaderService   - Loading from file system: /assets/textures/particles/smoke.png
13:40:18.102 [FXGL Background Thread 1 ] DEBUG AssetLoaderService   - Loading from cache: /assets/textures/particles/trace_horizontal.png@64.0x64.0
13:40:18.102 [FXGL Background Thread 1 ] WARN  FXGL.DefaultMenu     - FXGLDefaultMenu is not designed for resolutions < 800x600
13:40:18.102 [FXGL Background Thread 1 ] DEBUG FXGL.DefaultMenu     - createMenuBodyGameMenu()
13:40:18.103 [FXGL Background Thread 1 ] DEBUG FXGL.DefaultMenu     - createOptionsMenu()
13:40:18.104 [FXGL Background Thread 1 ] DEBUG AssetLoaderService   - Loading from cache: /assets/textures/particles/smoke.png@128.0x128.0
13:40:18.117 [FXGL Background Thread 1 ] DEBUG WindowService        - Application scenes initialized
13:40:18.123 [FXGL Background Thread 1 ] DEBUG SystemBundleService  - Loading FXGL system data
13:40:18.126 [FXGL Background Thread 1 ] DEBUG FileSystemAccess     - Reading from: C:\Users\micha\Desktop\JavaMooseGame\system\fxgl.bundle
13:40:18.130 [FXGL Background Thread 1 ] DEBUG SystemBundleService  - Bundle FXGL: {}
13:40:18.131 [FXGL Background Thread 1 ] INFO  Engine               - FXGL initialization took: 0.283 sec
13:40:18.132 [FXGL Background Thread 1 ] DEBUG GameApplication      - Loading localizations
13:40:18.132 [FXGL Background Thread 1 ] DEBUG AssetLoaderService   - Loading from file system: /assets/properties/languages/english.properties
13:40:18.133 [FXGL Background Thread 1 ] DEBUG AssetLoaderService   - Loading from file system: /assets/properties/languages/french.properties
13:40:18.134 [FXGL Background Thread 1 ] DEBUG AssetLoaderService   - Loading from file system: /assets/properties/languages/german.properties
13:40:18.135 [FXGL Background Thread 1 ] DEBUG AssetLoaderService   - Loading from file system: /assets/properties/languages/hungarian.properties
13:40:18.136 [FXGL Background Thread 1 ] DEBUG AssetLoaderService   - Loading from file system: /assets/properties/languages/russian.properties
13:40:18.137 [FXGL Background Thread 1 ] DEBUG GameApplication      - Registering font factories with UI factory
13:40:18.137 [FXGL Background Thread 1 ] DEBUG AssetLoaderService   - Loading from file system: /assets/ui/fonts/VarelaRound-Regular.ttf
13:40:18.178 [FXGL Background Thread 1 ] DEBUG AssetLoaderService   - Loading from file system: /assets/ui/fonts/Abel-Regular.ttf
13:40:18.185 [FXGL Background Thread 1 ] DEBUG AssetLoaderService   - Loading from file system: /assets/ui/fonts/lucida_console.ttf
13:40:18.195 [FXGL Background Thread 1 ] DEBUG AssetLoaderService   - Loading from file system: /assets/ui/fonts/Courier-Prime.ttf
13:40:18.209 [JavaFX Application Thread] DEBUG Input                - Registered new binding: action0 - A
13:40:18.210 [JavaFX Application Thread] DEBUG Input                - Registered new binding: action1 - S
13:40:18.210 [JavaFX Application Thread] DEBUG Input                - Registered new binding: action2 - D
13:40:18.210 [JavaFX Application Thread] DEBUG Input                - Registered new binding: action3 - W
13:40:18.211 [JavaFX Application Thread] DEBUG Input                - Registered new binding: action4 - Space
13:40:18.211 [JavaFX Application Thread] DEBUG Input                - Registered new binding: action5 - Left
13:40:18.211 [JavaFX Application Thread] DEBUG Input                - Registered new binding: action6 - Down
13:40:18.211 [JavaFX Application Thread] DEBUG Input                - Registered new binding: action7 - Right
13:40:18.211 [JavaFX Application Thread] DEBUG Input                - Registered new binding: action8 - Up
13:40:18.211 [JavaFX Application Thread] DEBUG AssetLoaderService   - Loading from file system: /assets/textures/fxgl_icon.png
13:40:18.229 [JavaFX Application Thread] DEBUG AssetLoaderService   - Loading from file system: /assets/ui/cursors/fxgl_default.png
13:40:18.231 [JavaFX Application Thread] DEBUG Input                - Registered new binding: Screenshot - P
13:40:18.231 [JavaFX Application Thread] DEBUG Input                - Registered new binding: System info dump - CTRL+9
13:40:18.231 [JavaFX Application Thread] DEBUG Input                - Registered new binding: Restart - CTRL+R
13:40:18.232 [JavaFX Application Thread] DEBUG LoopRunner           - Starting loop
13:40:18.242 [JavaFX Application Thread] DEBUG FXGLStartupScene     - STARTUP
13:40:18.246 [JavaFX Application Thread] DEBUG Input                - Clearing active input actions
13:40:18.263 [JavaFX Application Thread] DEBUG WindowService        - Removing overlay from FXGLStartupScene and adding to FXGLDefaultMenu
13:40:18.264 [JavaFX Application Thread] DEBUG MainWindow           - FXGLStartupScene -> FXGLDefaultMenu
13:40:18.937 [JavaFX Application Thread] DEBUG Menu                 - fireNewGame()
13:40:18.937 [JavaFX Application Thread] DEBUG WindowService        - Starting new game
13:40:18.937 [JavaFX Application Thread] DEBUG Input                - Clearing active input actions
13:40:18.945 [JavaFX Application Thread] DEBUG WindowService        - Removing overlay from FXGLDefaultMenu and adding to FXGLLoadingScene
13:40:18.945 [JavaFX Application Thread] DEBUG MainWindow           - FXGLDefaultMenu -> FXGLLoadingScene
13:40:18.945 [JavaFX Application Thread] DEBUG WindowService        - Clearing previous game
13:40:18.945 [JavaFX Application Thread] DEBUG GameScene            - Clearing game scene
13:40:18.945 [JavaFX Application Thread] DEBUG GameWorld            - Clearing game world
13:40:18.945 [JavaFX Application Thread] DEBUG PhysicsWorld         - Clearing physics world
13:40:18.946 [FXGL Background Thread 1 ] DEBUG GameApplication      - Initializing game
13:40:18.948 [FXGL Background Thread 1 ] DEBUG AssetLoaderService   - Loading from file system: /assets/music/Poisoncut_-_Phantom_Of_The_Road__8-Bit_Rally_Soundtrack_.mp3
13:40:19.067 [FXGL Background Thread 1 ] DEBUG AudioPlayer          - Playing music com.almasb.fxgl.audio.Music@59252c3a
13:40:19.076 [FXGL Background Thread 1 ] DEBUG AssetLoaderService   - Loading from file system: /assets/textures/road_with_patches.png
13:40:19.087 [FXGL Background Thread 1 ] DEBUG AssetLoaderService   - Loading from cache: /assets/textures/road_with_patches.png
13:40:19.087 [FXGL Background Thread 1 ] DEBUG AssetLoaderService   - Loading from file system: /assets/textures/Car_Audi_Sport_Quattro_86x145.png
13:40:19.097 [FXGL Background Thread 1 ] DEBUG AssetLoaderService   - Loading from file system: /assets/textures/signpost.png
13:40:19.101 [FXGL Background Thread 1 ] DEBUG AssetLoaderService   - Loading from file system: /assets/ui/moosegame_ui.fxml
13:40:19.166 [FXGL Background Thread 1 ] INFO  GameApplication      - Game initialization took: 0.220 sec
13:40:19.167 [JavaFX Application Thread] DEBUG Input                - Clearing active input actions
13:40:19.173 [JavaFX Application Thread] DEBUG WindowService        - Removing overlay from FXGLLoadingScene and adding to GameScene
13:40:19.173 [JavaFX Application Thread] DEBUG MainWindow           - FXGLLoadingScene -> GameScene
13:40:20.575 [JavaFX Application Thread] DEBUG MainWindow           - Push state: DialogSubScene
13:40:20.575 [JavaFX Application Thread] DEBUG Input                - Clearing active input actions
13:40:20.579 [JavaFX Application Thread] DEBUG WindowService        - Removing overlay from GameScene and adding to DialogSubScene
13:40:20.579 [JavaFX Application Thread] DEBUG MainWindow           - GameScene -> DialogSubScene
13:40:21.133 [FXGL Background Thread 2 ] DEBUG Engine               - Logging environment variables
13:40:21.133 [FXGL Background Thread 2 ] DEBUG Engine               - achievements: []
13:40:21.133 [FXGL Background Thread 2 ] DEBUG Engine               - language: ObjectProperty [value: ENGLISH]
13:40:21.133 [FXGL Background Thread 2 ] DEBUG Engine               - isCloseConfirmation: false
13:40:21.133 [FXGL Background Thread 2 ] DEBUG Engine               - isProfilingEnabled: false
13:40:21.133 [FXGL Background Thread 2 ] DEBUG Engine               - soundNotification: core/notification.wav
13:40:21.133 [FXGL Background Thread 2 ] DEBUG Engine               - devShowBBoxProperty: BooleanProperty [value: false]
13:40:21.133 [FXGL Background Thread 2 ] DEBUG Engine               - pixelsPerMeter: 50.0
13:40:21.133 [FXGL Background Thread 2 ] DEBUG Engine               - appIcon: fxgl_icon.png
13:40:21.133 [FXGL Background Thread 2 ] DEBUG Engine               - soundMenuBack: menu/back.wav
13:40:21.133 [FXGL Background Thread 2 ] DEBUG Engine               - isFullScreenAllowed: false
13:40:21.133 [FXGL Background Thread 2 ] DEBUG Engine               - isIntroEnabled: false
13:40:21.134 [FXGL Background Thread 2 ] DEBUG Engine               - fontMono: lucida_console.ttf
13:40:21.134 [FXGL Background Thread 2 ] DEBUG Engine               - soundMenuSelect: menu/select.wav
13:40:21.134 [FXGL Background Thread 2 ] DEBUG Engine               - isWindows: true
13:40:21.134 [FXGL Background Thread 2 ] DEBUG Engine               - isMobile: false
13:40:21.134 [FXGL Background Thread 2 ] DEBUG Engine               - isUserProfileEnabled: false
13:40:21.134 [FXGL Background Thread 2 ] DEBUG Engine               - height: 900
13:40:21.134 [FXGL Background Thread 2 ] DEBUG Engine               - isExperimentalNative: false
13:40:21.134 [FXGL Background Thread 2 ] DEBUG Engine               - settings: Title: MooseGame
Version: 0.3
Width: 600
Height: 900
Fullscreen: false
Intro: false
Menus: true
Profiling: false
Single step:false
App Mode: DEVELOPER
Menu Key: ESCAPE
Stage Style: DECORATED
Scene Factory: class com.almasb.fxgl.app.scene.SceneFactory

13:40:21.134 [FXGL Background Thread 2 ] DEBUG Engine               - isSingleStep: false
13:40:21.134 [FXGL Background Thread 2 ] DEBUG Engine               - cSSList: [fxgl_dark.css]
13:40:21.134 [FXGL Background Thread 2 ] DEBUG Engine               - fontGame: Abel-Regular.ttf
13:40:21.134 [FXGL Background Thread 2 ] DEBUG Engine               - menuKey: ESCAPE
13:40:21.134 [FXGL Background Thread 2 ] DEBUG Engine               - devShowPositionProperty: BooleanProperty [value: false]
13:40:21.134 [FXGL Background Thread 2 ] DEBUG Engine               - versionCheckDays: 7
13:40:21.134 [FXGL Background Thread 2 ] DEBUG Engine               - configClass: Optional.empty
13:40:21.134 [FXGL Background Thread 2 ] DEBUG Engine               - isFullScreenFromStart: false
13:40:21.134 [FXGL Background Thread 2 ] DEBUG Engine               - version: 0.3
13:40:21.134 [FXGL Background Thread 2 ] DEBUG Engine               - fullScreen: BooleanProperty [value: false]
13:40:21.134 [FXGL Background Thread 2 ] DEBUG Engine               - randomSeed: -1
13:40:21.134 [FXGL Background Thread 2 ] DEBUG Engine               - gameDifficultyProperty: ObjectProperty [value: MEDIUM]
13:40:21.134 [FXGL Background Thread 2 ] DEBUG Engine               - applicationMode: DEVELOPER
13:40:21.134 [FXGL Background Thread 2 ] DEBUG Engine               - isMac: false
13:40:21.135 [FXGL Background Thread 2 ] DEBUG Engine               - isMenuEnabled: true
13:40:21.135 [FXGL Background Thread 2 ] DEBUG Engine               - urlPOM: https://raw.githubusercontent.com/AlmasB/FXGL/master/pom.xml
13:40:21.135 [FXGL Background Thread 2 ] DEBUG Engine               - profileName: StringProperty [value: DEFAULT]
13:40:21.135 [FXGL Background Thread 2 ] DEBUG Engine               - notificationViewClass: class com.almasb.fxgl.notification.view.XboxNotificationView
13:40:21.135 [FXGL Background Thread 2 ] DEBUG Engine               - devSensorColorProperty: ObjectProperty [value: 0xffff00ff]
13:40:21.135 [FXGL Background Thread 2 ] DEBUG Engine               - sceneFactory: com.almasb.fxgl.app.scene.SceneFactory@675da1aa
13:40:21.135 [FXGL Background Thread 2 ] DEBUG Engine               - stageStyle: DECORATED
13:40:21.135 [FXGL Background Thread 2 ] DEBUG Engine               - isManualResizeEnabled: false
13:40:21.135 [FXGL Background Thread 2 ] DEBUG Engine               - title: MooseGame
13:40:21.135 [FXGL Background Thread 2 ] DEBUG Engine               - platform: WINDOWS
13:40:21.135 [FXGL Background Thread 2 ] DEBUG Engine               - devBBoxColorProperty: ObjectProperty [value: 0xff0000ff]
13:40:21.135 [FXGL Background Thread 2 ] DEBUG Engine               - gameDifficulty: MEDIUM
13:40:21.135 [FXGL Background Thread 2 ] DEBUG Engine               - isDesktop: true
13:40:21.135 [FXGL Background Thread 2 ] DEBUG Engine               - supportedLanguages: [ENGLISH, FRENCH, GERMAN, HUNGARIAN, RUSSIAN]
13:40:21.135 [FXGL Background Thread 2 ] DEBUG Engine               - credits: []
13:40:21.135 [FXGL Background Thread 2 ] DEBUG Engine               - globalMusicVolumeProperty: DoubleProperty [value: 0.5]
13:40:21.135 [FXGL Background Thread 2 ] DEBUG Engine               - isPreserveResizeRatio: false
13:40:21.135 [FXGL Background Thread 2 ] DEBUG Engine               - fontText: Courier-Prime.ttf
13:40:21.135 [FXGL Background Thread 2 ] DEBUG Engine               - isExperimentalTiledLargeMap: false
13:40:21.136 [FXGL Background Thread 2 ] DEBUG Engine               - secondsIn24h: 60
13:40:21.136 [FXGL Background Thread 2 ] DEBUG Engine               - runtimeInfo: RuntimeInfo(platform=WINDOWS, version=11.8, build=08.03.2020 09.09)
13:40:21.136 [FXGL Background Thread 2 ] DEBUG Engine               - isLinux: false
13:40:21.136 [FXGL Background Thread 2 ] DEBUG Engine               - soundMenuPress: menu/press.wav
13:40:21.136 [FXGL Background Thread 2 ] DEBUG Engine               - urlGithub: https://github.com/AlmasB/FXGL
13:40:21.136 [FXGL Background Thread 2 ] DEBUG Engine               - profileDir: profiles/
13:40:21.136 [FXGL Background Thread 2 ] DEBUG Engine               - isDeveloperMenuEnabled: false
13:40:21.136 [FXGL Background Thread 2 ] DEBUG Engine               - globalSoundVolumeProperty: DoubleProperty [value: 0.5]
13:40:21.136 [FXGL Background Thread 2 ] DEBUG Engine               - mainWindow: com.almasb.fxgl.app.MainWindow@63623999
13:40:21.136 [FXGL Background Thread 2 ] DEBUG Engine               - isBrowser: false
13:40:21.136 [FXGL Background Thread 2 ] DEBUG Engine               - globalSoundVolume: 0.5
13:40:21.136 [FXGL Background Thread 2 ] DEBUG Engine               - urlLeaderboard: http://fxgl-top.herokuapp.com/
13:40:21.136 [FXGL Background Thread 2 ] DEBUG Engine               - engineServices: [class com.almasb.fxgl.app.GameApplication$GameApplicationService, class com.almasb.fxgl.app.services.WindowService, class com.almasb.fxgl.app.services.FXGLDialogService, class com.almasb.fxgl.app.services.IOTaskExecutorService, class com.almasb.fxgl.event.EventBusService, class com.almasb.fxgl.io.FileSystemService, class com.almasb.fxgl.localization.LocalizationService, class com.almasb.fxgl.app.services.AssetLoaderService, class com.almasb.fxgl.app.services.SystemBundleService, class com.almasb.fxgl.profile.SaveLoadService, class com.almasb.fxgl.ui.FXGLUIFactoryServiceProvider, class com.almasb.fxgl.ui.FXGLDialogFactoryServiceProvider, class com.almasb.fxgl.audio.AudioPlayer, class com.almasb.fxgl.notification.impl.NotificationServiceProvider, class com.almasb.fxgl.achievement.AchievementService, class com.almasb.fxgl.cutscene.CutsceneService, class com.almasb.fxgl.minigames.MiniGameService, class com.almasb.fxgl.net.NetService, class com.almasb.fxgl.app.services.UpdaterService]
13:40:21.136 [FXGL Background Thread 2 ] DEBUG Engine               - globalMusicVolume: 0.5
13:40:21.136 [FXGL Background Thread 2 ] DEBUG Engine               - width: 600
13:40:21.136 [FXGL Background Thread 2 ] DEBUG Engine               - saveFileExt: sav
13:40:21.136 [FXGL Background Thread 2 ] DEBUG Engine               - isAndroid: false
13:40:21.136 [FXGL Background Thread 2 ] DEBUG Engine               - fontUI: VarelaRound-Regular.ttf
13:40:21.136 [FXGL Background Thread 2 ] DEBUG Engine               - enabledMenuItems: []
13:40:21.137 [FXGL Background Thread 2 ] DEBUG Engine               - isIOS: false
13:40:21.137 [FXGL Background Thread 2 ] DEBUG Engine               - Logging services
13:40:21.137 [FXGL Background Thread 2 ] DEBUG Engine               - class com.almasb.fxgl.app.GameApplication$GameApplicationService
13:40:21.137 [FXGL Background Thread 2 ] DEBUG Engine               - class com.almasb.fxgl.app.services.WindowService
13:40:21.137 [FXGL Background Thread 2 ] DEBUG Engine               - class com.almasb.fxgl.app.services.FXGLDialogService
13:40:21.137 [FXGL Background Thread 2 ] DEBUG Engine               - class com.almasb.fxgl.app.services.IOTaskExecutorService
13:40:21.137 [FXGL Background Thread 2 ] DEBUG Engine               - class com.almasb.fxgl.event.EventBusService
13:40:21.137 [FXGL Background Thread 2 ] DEBUG Engine               - class com.almasb.fxgl.io.FileSystemService
13:40:21.137 [FXGL Background Thread 2 ] DEBUG Engine               - class com.almasb.fxgl.localization.LocalizationService
13:40:21.137 [FXGL Background Thread 2 ] DEBUG Engine               - class com.almasb.fxgl.app.services.AssetLoaderService
13:40:21.137 [FXGL Background Thread 2 ] DEBUG Engine               - class com.almasb.fxgl.app.services.SystemBundleService
13:40:21.137 [FXGL Background Thread 2 ] DEBUG Engine               - class com.almasb.fxgl.profile.SaveLoadService
13:40:21.137 [FXGL Background Thread 2 ] DEBUG Engine               - class com.almasb.fxgl.ui.FXGLUIFactoryServiceProvider
13:40:21.137 [FXGL Background Thread 2 ] DEBUG Engine               - class com.almasb.fxgl.ui.FXGLDialogFactoryServiceProvider
13:40:21.137 [FXGL Background Thread 2 ] DEBUG Engine               - class com.almasb.fxgl.audio.AudioPlayer
13:40:21.137 [FXGL Background Thread 2 ] DEBUG Engine               - class com.almasb.fxgl.notification.impl.NotificationServiceProvider
13:40:21.137 [FXGL Background Thread 2 ] DEBUG Engine               - class com.almasb.fxgl.achievement.AchievementService
13:40:21.137 [FXGL Background Thread 2 ] DEBUG Engine               - class com.almasb.fxgl.cutscene.CutsceneService
13:40:21.137 [FXGL Background Thread 2 ] DEBUG Engine               - class com.almasb.fxgl.minigames.MiniGameService
13:40:21.137 [FXGL Background Thread 2 ] DEBUG Engine               - class com.almasb.fxgl.net.NetService
13:40:21.137 [FXGL Background Thread 2 ] DEBUG Engine               - class com.almasb.fxgl.app.services.UpdaterService
13:40:23.334 [JavaFX Application Thread] DEBUG MainWindow           - Pop state: DialogSubScene
13:40:23.335 [JavaFX Application Thread] DEBUG Input                - Clearing active input actions
13:40:23.335 [JavaFX Application Thread] DEBUG WindowService        - Removing overlay from DialogSubScene and adding to GameScene
13:40:23.335 [JavaFX Application Thread] DEBUG MainWindow           - GameScene <- DialogSubScene
13:40:23.335 [JavaFX Application Thread] DEBUG Input                - Clearing active input actions
13:40:23.341 [JavaFX Application Thread] DEBUG WindowService        - Removing overlay from GameScene and adding to FXGLDefaultMenu
13:40:23.342 [JavaFX Application Thread] DEBUG MainWindow           - GameScene -> FXGLDefaultMenu
13:40:25.097 [JavaFX Application Thread] DEBUG Menu                 - fireNewGame()
13:40:25.097 [JavaFX Application Thread] DEBUG WindowService        - Starting new game
13:40:25.097 [JavaFX Application Thread] DEBUG Input                - Clearing active input actions
13:40:25.101 [JavaFX Application Thread] DEBUG WindowService        - Removing overlay from FXGLDefaultMenu and adding to FXGLLoadingScene
13:40:25.101 [JavaFX Application Thread] DEBUG MainWindow           - FXGLDefaultMenu -> FXGLLoadingScene
13:40:25.101 [JavaFX Application Thread] DEBUG WindowService        - Clearing previous game
13:40:25.101 [JavaFX Application Thread] DEBUG GameScene            - Clearing game scene
13:40:25.101 [JavaFX Application Thread] DEBUG GameWorld            - Clearing game world
13:40:25.102 [JavaFX Application Thread] DEBUG PhysicsWorld         - Clearing physics world
13:40:25.102 [FXGL Background Thread 1 ] DEBUG GameApplication      - Initializing game
13:40:25.103 [FXGL Background Thread 1 ] DEBUG AssetLoaderService   - Loading from cache: /assets/music/Poisoncut_-_Phantom_Of_The_Road__8-Bit_Rally_Soundtrack_.mp3
13:40:25.103 [FXGL Background Thread 1 ] DEBUG AudioPlayer          - Playing music com.almasb.fxgl.audio.Music@59252c3a
13:40:25.103 [FXGL Background Thread 1 ] DEBUG AssetLoaderService   - Loading from cache: /assets/textures/road_with_patches.png
13:40:25.103 [FXGL Background Thread 1 ] DEBUG AssetLoaderService   - Loading from cache: /assets/textures/road_with_patches.png
13:40:25.104 [FXGL Background Thread 1 ] DEBUG AssetLoaderService   - Loading from cache: /assets/textures/Car_Audi_Sport_Quattro_86x145.png
13:40:25.104 [FXGL Background Thread 1 ] DEBUG AssetLoaderService   - Loading from cache: /assets/textures/signpost.png
13:40:25.104 [FXGL Background Thread 1 ] DEBUG AssetLoaderService   - Loading from file system: /assets/ui/moosegame_ui.fxml
13:40:25.108 [FXGL Background Thread 1 ] INFO  GameApplication      - Game initialization took: 0.006 sec
13:40:25.108 [JavaFX Application Thread] DEBUG Input                - Clearing active input actions
13:40:25.112 [JavaFX Application Thread] DEBUG WindowService        - Removing overlay from FXGLLoadingScene and adding to GameScene
13:40:25.112 [JavaFX Application Thread] DEBUG MainWindow           - FXGLLoadingScene -> GameScene
13:40:27.199 [JavaFX Application Thread] DEBUG AssetLoaderService   - Loading from file system: /assets/textures/mooseWalkAnimation.png
13:40:27.625 [JavaFX Application Thread] DEBUG AssetLoaderService   - Loading from cache: /assets/textures/mooseWalkAnimation.png
13:40:28.863 [JavaFX Application Thread] DEBUG AssetLoaderService   - Loading from file system: /assets/textures/potHole.png
13:40:28.912 [JavaFX Application Thread] DEBUG MainWindow           - Push state: DialogSubScene
13:40:28.912 [JavaFX Application Thread] DEBUG Input                - Clearing active input actions
13:40:28.912 [JavaFX Application Thread] DEBUG WindowService        - Removing overlay from GameScene and adding to DialogSubScene
13:40:28.912 [JavaFX Application Thread] DEBUG MainWindow           - GameScene -> DialogSubScene
13:40:29.491 [JavaFX Application Thread] DEBUG MainWindow           - Pop state: DialogSubScene
13:40:29.491 [JavaFX Application Thread] DEBUG Input                - Clearing active input actions
13:40:29.491 [JavaFX Application Thread] DEBUG WindowService        - Removing overlay from DialogSubScene and adding to GameScene
13:40:29.491 [JavaFX Application Thread] DEBUG MainWindow           - GameScene <- DialogSubScene
13:40:29.491 [JavaFX Application Thread] DEBUG Input                - Clearing active input actions
13:40:29.496 [JavaFX Application Thread] DEBUG WindowService        - Removing overlay from GameScene and adding to FXGLDefaultMenu
13:40:29.496 [JavaFX Application Thread] DEBUG MainWindow           - GameScene -> FXGLDefaultMenu
13:40:30.799 [JavaFX Application Thread] DEBUG Menu                 - fireNewGame()
13:40:30.799 [JavaFX Application Thread] DEBUG WindowService        - Starting new game
13:40:30.799 [JavaFX Application Thread] DEBUG Input                - Clearing active input actions
13:40:30.802 [JavaFX Application Thread] DEBUG WindowService        - Removing overlay from FXGLDefaultMenu and adding to FXGLLoadingScene
13:40:30.802 [JavaFX Application Thread] DEBUG MainWindow           - FXGLDefaultMenu -> FXGLLoadingScene
13:40:30.803 [JavaFX Application Thread] DEBUG WindowService        - Clearing previous game
13:40:30.803 [JavaFX Application Thread] DEBUG GameScene            - Clearing game scene
13:40:30.803 [JavaFX Application Thread] DEBUG GameWorld            - Clearing game world
13:40:30.803 [JavaFX Application Thread] DEBUG PhysicsWorld         - Clearing physics world
13:40:30.803 [FXGL Background Thread 1 ] DEBUG GameApplication      - Initializing game
13:40:30.803 [FXGL Background Thread 1 ] DEBUG AssetLoaderService   - Loading from cache: /assets/music/Poisoncut_-_Phantom_Of_The_Road__8-Bit_Rally_Soundtrack_.mp3
13:40:30.804 [FXGL Background Thread 1 ] DEBUG AudioPlayer          - Playing music com.almasb.fxgl.audio.Music@59252c3a
13:40:30.804 [FXGL Background Thread 1 ] DEBUG AssetLoaderService   - Loading from cache: /assets/textures/road_with_patches.png
13:40:30.804 [FXGL Background Thread 1 ] DEBUG AssetLoaderService   - Loading from cache: /assets/textures/road_with_patches.png
13:40:30.804 [FXGL Background Thread 1 ] DEBUG AssetLoaderService   - Loading from cache: /assets/textures/Car_Audi_Sport_Quattro_86x145.png
13:40:30.805 [FXGL Background Thread 1 ] DEBUG AssetLoaderService   - Loading from cache: /assets/textures/signpost.png
13:40:30.805 [FXGL Background Thread 1 ] DEBUG AssetLoaderService   - Loading from file system: /assets/ui/moosegame_ui.fxml
13:40:30.809 [FXGL Background Thread 1 ] INFO  GameApplication      - Game initialization took: 0.005 sec
13:40:30.809 [JavaFX Application Thread] DEBUG Input                - Clearing active input actions
13:40:30.812 [JavaFX Application Thread] DEBUG WindowService        - Removing overlay from FXGLLoadingScene and adding to GameScene
13:40:30.812 [JavaFX Application Thread] DEBUG MainWindow           - FXGLLoadingScene -> GameScene
13:40:32.361 [JavaFX Application Thread] DEBUG MainWindow           - Push state: DialogSubScene
13:40:32.362 [JavaFX Application Thread] DEBUG Input                - Clearing active input actions
13:40:32.362 [JavaFX Application Thread] DEBUG WindowService        - Removing overlay from GameScene and adding to DialogSubScene
13:40:32.362 [JavaFX Application Thread] DEBUG MainWindow           - GameScene -> DialogSubScene
13:40:35.547 [JavaFX Application Thread] DEBUG MainWindow           - Pop state: DialogSubScene
13:40:35.547 [JavaFX Application Thread] DEBUG Input                - Clearing active input actions
13:40:35.547 [JavaFX Application Thread] DEBUG WindowService        - Removing overlay from DialogSubScene and adding to GameScene
13:40:35.547 [JavaFX Application Thread] DEBUG MainWindow           - GameScene <- DialogSubScene
13:40:35.548 [JavaFX Application Thread] DEBUG Input                - Clearing active input actions
13:40:35.551 [JavaFX Application Thread] DEBUG WindowService        - Removing overlay from GameScene and adding to FXGLDefaultMenu
13:40:35.551 [JavaFX Application Thread] DEBUG MainWindow           - GameScene -> FXGLDefaultMenu
13:40:36.736 [JavaFX Application Thread] DEBUG Menu                 - fireNewGame()
13:40:36.737 [JavaFX Application Thread] DEBUG WindowService        - Starting new game
13:40:36.737 [JavaFX Application Thread] DEBUG Input                - Clearing active input actions
13:40:36.739 [JavaFX Application Thread] DEBUG WindowService        - Removing overlay from FXGLDefaultMenu and adding to FXGLLoadingScene
13:40:36.739 [JavaFX Application Thread] DEBUG MainWindow           - FXGLDefaultMenu -> FXGLLoadingScene
13:40:36.739 [JavaFX Application Thread] DEBUG WindowService        - Clearing previous game
13:40:36.739 [JavaFX Application Thread] DEBUG GameScene            - Clearing game scene
13:40:36.739 [JavaFX Application Thread] DEBUG GameWorld            - Clearing game world
13:40:36.740 [JavaFX Application Thread] DEBUG PhysicsWorld         - Clearing physics world
13:40:36.740 [FXGL Background Thread 1 ] DEBUG GameApplication      - Initializing game
13:40:36.740 [FXGL Background Thread 1 ] DEBUG AssetLoaderService   - Loading from cache: /assets/music/Poisoncut_-_Phantom_Of_The_Road__8-Bit_Rally_Soundtrack_.mp3
13:40:36.740 [FXGL Background Thread 1 ] DEBUG AudioPlayer          - Playing music com.almasb.fxgl.audio.Music@59252c3a
13:40:36.740 [FXGL Background Thread 1 ] DEBUG AssetLoaderService   - Loading from cache: /assets/textures/road_with_patches.png
13:40:36.741 [FXGL Background Thread 1 ] DEBUG AssetLoaderService   - Loading from cache: /assets/textures/road_with_patches.png
13:40:36.741 [FXGL Background Thread 1 ] DEBUG AssetLoaderService   - Loading from cache: /assets/textures/Car_Audi_Sport_Quattro_86x145.png
13:40:36.741 [FXGL Background Thread 1 ] DEBUG AssetLoaderService   - Loading from cache: /assets/textures/signpost.png
13:40:36.741 [FXGL Background Thread 1 ] DEBUG AssetLoaderService   - Loading from file system: /assets/ui/moosegame_ui.fxml
13:40:36.746 [FXGL Background Thread 1 ] INFO  GameApplication      - Game initialization took: 0.006 sec
13:40:36.747 [JavaFX Application Thread] DEBUG Input                - Clearing active input actions
13:40:36.749 [JavaFX Application Thread] DEBUG WindowService        - Removing overlay from FXGLLoadingScene and adding to GameScene
13:40:36.749 [JavaFX Application Thread] DEBUG MainWindow           - FXGLLoadingScene -> GameScene
13:40:38.415 [JavaFX Application Thread] DEBUG AssetLoaderService   - Loading from cache: /assets/textures/mooseWalkAnimation.png
13:40:39.247 [JavaFX Application Thread] DEBUG AssetLoaderService   - Loading from cache: /assets/textures/mooseWalkAnimation.png
13:40:40.090 [JavaFX Application Thread] DEBUG AssetLoaderService   - Loading from cache: /assets/textures/mooseWalkAnimation.png
13:40:40.479 [JavaFX Application Thread] DEBUG MainWindow           - Push state: DialogSubScene
13:40:40.479 [JavaFX Application Thread] DEBUG Input                - Clearing active input actions
13:40:40.480 [JavaFX Application Thread] DEBUG WindowService        - Removing overlay from GameScene and adding to DialogSubScene
13:40:40.480 [JavaFX Application Thread] DEBUG MainWindow           - GameScene -> DialogSubScene
13:40:41.595 [JavaFX Application Thread] DEBUG MainWindow           - Pop state: DialogSubScene
13:40:41.595 [JavaFX Application Thread] DEBUG Input                - Clearing active input actions
13:40:41.595 [JavaFX Application Thread] DEBUG WindowService        - Removing overlay from DialogSubScene and adding to GameScene
13:40:41.595 [JavaFX Application Thread] DEBUG MainWindow           - GameScene <- DialogSubScene
13:40:41.595 [JavaFX Application Thread] DEBUG Input                - Clearing active input actions
13:40:41.598 [JavaFX Application Thread] DEBUG WindowService        - Removing overlay from GameScene and adding to FXGLDefaultMenu
13:40:41.598 [JavaFX Application Thread] DEBUG MainWindow           - GameScene -> FXGLDefaultMenu
13:40:44.799 [JavaFX Application Thread] DEBUG Menu                 - fireNewGame()
13:40:44.799 [JavaFX Application Thread] DEBUG WindowService        - Starting new game
13:40:44.799 [JavaFX Application Thread] DEBUG Input                - Clearing active input actions
13:40:44.803 [JavaFX Application Thread] DEBUG WindowService        - Removing overlay from FXGLDefaultMenu and adding to FXGLLoadingScene
13:40:44.803 [JavaFX Application Thread] DEBUG MainWindow           - FXGLDefaultMenu -> FXGLLoadingScene
13:40:44.803 [JavaFX Application Thread] DEBUG WindowService        - Clearing previous game
13:40:44.803 [JavaFX Application Thread] DEBUG GameScene            - Clearing game scene
13:40:44.803 [JavaFX Application Thread] DEBUG GameWorld            - Clearing game world
13:40:44.803 [JavaFX Application Thread] DEBUG PhysicsWorld         - Clearing physics world
13:40:44.803 [FXGL Background Thread 1 ] DEBUG GameApplication      - Initializing game
13:40:44.804 [FXGL Background Thread 1 ] DEBUG AssetLoaderService   - Loading from cache: /assets/music/Poisoncut_-_Phantom_Of_The_Road__8-Bit_Rally_Soundtrack_.mp3
13:40:44.804 [FXGL Background Thread 1 ] DEBUG AudioPlayer          - Playing music com.almasb.fxgl.audio.Music@59252c3a
13:40:44.804 [FXGL Background Thread 1 ] DEBUG AssetLoaderService   - Loading from cache: /assets/textures/road_with_patches.png
13:40:44.804 [FXGL Background Thread 1 ] DEBUG AssetLoaderService   - Loading from cache: /assets/textures/road_with_patches.png
13:40:44.804 [FXGL Background Thread 1 ] DEBUG AssetLoaderService   - Loading from cache: /assets/textures/Car_Audi_Sport_Quattro_86x145.png
13:40:44.805 [FXGL Background Thread 1 ] DEBUG AssetLoaderService   - Loading from cache: /assets/textures/signpost.png
13:40:44.805 [FXGL Background Thread 1 ] DEBUG AssetLoaderService   - Loading from file system: /assets/ui/moosegame_ui.fxml
13:40:44.808 [FXGL Background Thread 1 ] INFO  GameApplication      - Game initialization took: 0.005 sec
13:40:44.808 [JavaFX Application Thread] DEBUG Input                - Clearing active input actions
13:40:44.810 [JavaFX Application Thread] DEBUG WindowService        - Removing overlay from FXGLLoadingScene and adding to GameScene
13:40:44.810 [JavaFX Application Thread] DEBUG MainWindow           - FXGLLoadingScene -> GameScene
13:40:46.076 [JavaFX Application Thread] DEBUG AssetLoaderService   - Loading from cache: /assets/textures/mooseWalkAnimation.png
13:40:46.487 [JavaFX Application Thread] DEBUG MainWindow           - Push state: DialogSubScene
13:40:46.487 [JavaFX Application Thread] DEBUG Input                - Clearing active input actions
13:40:46.487 [JavaFX Application Thread] DEBUG WindowService        - Removing overlay from GameScene and adding to DialogSubScene
13:40:46.487 [JavaFX Application Thread] DEBUG MainWindow           - GameScene -> DialogSubScene
13:40:51.825 [JavaFX Application Thread] DEBUG MainWindow           - Pop state: DialogSubScene
13:40:51.825 [JavaFX Application Thread] DEBUG Input                - Clearing active input actions
13:40:51.825 [JavaFX Application Thread] DEBUG WindowService        - Removing overlay from DialogSubScene and adding to GameScene
13:40:51.825 [JavaFX Application Thread] DEBUG MainWindow           - GameScene <- DialogSubScene
13:40:51.825 [JavaFX Application Thread] DEBUG Input                - Clearing active input actions
13:40:51.828 [JavaFX Application Thread] DEBUG WindowService        - Removing overlay from GameScene and adding to FXGLDefaultMenu
13:40:51.828 [JavaFX Application Thread] DEBUG MainWindow           - GameScene -> FXGLDefaultMenu
13:40:52.532 [JavaFX Application Thread] DEBUG Menu                 - fireNewGame()
13:40:52.533 [JavaFX Application Thread] DEBUG WindowService        - Starting new game
13:40:52.533 [JavaFX Application Thread] DEBUG Input                - Clearing active input actions
13:40:52.535 [JavaFX Application Thread] DEBUG WindowService        - Removing overlay from FXGLDefaultMenu and adding to FXGLLoadingScene
13:40:52.535 [JavaFX Application Thread] DEBUG MainWindow           - FXGLDefaultMenu -> FXGLLoadingScene
13:40:52.535 [JavaFX Application Thread] DEBUG WindowService        - Clearing previous game
13:40:52.535 [JavaFX Application Thread] DEBUG GameScene            - Clearing game scene
13:40:52.535 [JavaFX Application Thread] DEBUG GameWorld            - Clearing game world
13:40:52.536 [JavaFX Application Thread] DEBUG PhysicsWorld         - Clearing physics world
13:40:52.536 [FXGL Background Thread 1 ] DEBUG GameApplication      - Initializing game
13:40:52.536 [FXGL Background Thread 1 ] DEBUG AssetLoaderService   - Loading from cache: /assets/music/Poisoncut_-_Phantom_Of_The_Road__8-Bit_Rally_Soundtrack_.mp3
13:40:52.536 [FXGL Background Thread 1 ] DEBUG AudioPlayer          - Playing music com.almasb.fxgl.audio.Music@59252c3a
13:40:52.536 [FXGL Background Thread 1 ] DEBUG AssetLoaderService   - Loading from cache: /assets/textures/road_with_patches.png
13:40:52.537 [FXGL Background Thread 1 ] DEBUG AssetLoaderService   - Loading from cache: /assets/textures/road_with_patches.png
13:40:52.537 [FXGL Background Thread 1 ] DEBUG AssetLoaderService   - Loading from cache: /assets/textures/Car_Audi_Sport_Quattro_86x145.png
13:40:52.537 [FXGL Background Thread 1 ] DEBUG AssetLoaderService   - Loading from cache: /assets/textures/signpost.png
13:40:52.537 [FXGL Background Thread 1 ] DEBUG AssetLoaderService   - Loading from file system: /assets/ui/moosegame_ui.fxml
13:40:52.540 [FXGL Background Thread 1 ] INFO  GameApplication      - Game initialization took: 0.004 sec
13:40:52.540 [JavaFX Application Thread] DEBUG Input                - Clearing active input actions
13:40:52.542 [JavaFX Application Thread] DEBUG WindowService        - Removing overlay from FXGLLoadingScene and adding to GameScene
13:40:52.542 [JavaFX Application Thread] DEBUG MainWindow           - FXGLLoadingScene -> GameScene
13:40:54.638 [JavaFX Application Thread] DEBUG AssetLoaderService   - Loading from cache: /assets/textures/mooseWalkAnimation.png
13:40:55.054 [JavaFX Application Thread] DEBUG AssetLoaderService   - Loading from cache: /assets/textures/potHole.png
13:40:55.887 [JavaFX Application Thread] DEBUG AssetLoaderService   - Loading from cache: /assets/textures/mooseWalkAnimation.png
13:40:56.719 [JavaFX Application Thread] DEBUG AssetLoaderService   - Loading from cache: /assets/textures/mooseWalkAnimation.png
13:40:57.563 [JavaFX Application Thread] DEBUG AssetLoaderService   - Loading from cache: /assets/textures/potHole.png
13:40:58.831 [JavaFX Application Thread] DEBUG AssetLoaderService   - Loading from file system: /assets/textures/gasTank.PNG
13:40:58.840 [JavaFX Application Thread] DEBUG AssetLoaderService   - Loading from cache: /assets/textures/mooseWalkAnimation.png
13:40:59.257 [JavaFX Application Thread] DEBUG AssetLoaderService   - Loading from cache: /assets/textures/mooseWalkAnimation.png
13:41:00.095 [JavaFX Application Thread] DEBUG AssetLoaderService   - Loading from cache: /assets/textures/potHole.png
13:41:00.952 [JavaFX Application Thread] DEBUG AssetLoaderService   - Loading from cache: /assets/textures/mooseWalkAnimation.png
13:41:02.632 [JavaFX Application Thread] DEBUG AssetLoaderService   - Loading from cache: /assets/textures/potHole.png
13:41:02.632 [JavaFX Application Thread] DEBUG AssetLoaderService   - Loading from cache: /assets/textures/mooseWalkAnimation.png
13:41:03.055 [JavaFX Application Thread] DEBUG AssetLoaderService   - Loading from cache: /assets/textures/mooseWalkAnimation.png
13:41:03.481 [JavaFX Application Thread] DEBUG MainWindow           - Push state: DialogSubScene
13:41:03.481 [JavaFX Application Thread] DEBUG Input                - Clearing active input actions
13:41:03.482 [JavaFX Application Thread] DEBUG WindowService        - Removing overlay from GameScene and adding to DialogSubScene
13:41:03.482 [JavaFX Application Thread] DEBUG MainWindow           - GameScene -> DialogSubScene
13:41:04.501 [JavaFX Application Thread] DEBUG MainWindow           - Pop state: DialogSubScene
13:41:04.501 [JavaFX Application Thread] DEBUG Input                - Clearing active input actions
13:41:04.501 [JavaFX Application Thread] DEBUG WindowService        - Removing overlay from DialogSubScene and adding to GameScene
13:41:04.501 [JavaFX Application Thread] DEBUG MainWindow           - GameScene <- DialogSubScene
13:41:04.501 [JavaFX Application Thread] DEBUG Input                - Clearing active input actions
13:41:04.504 [JavaFX Application Thread] DEBUG WindowService        - Removing overlay from GameScene and adding to FXGLDefaultMenu
13:41:04.504 [JavaFX Application Thread] DEBUG MainWindow           - GameScene -> FXGLDefaultMenu
13:41:07.051 [JavaFX Application Thread] DEBUG GameApplication      - Exiting FXGL
13:41:07.051 [JavaFX Application Thread] DEBUG LoopRunner           - Stopping loop
13:41:07.051 [JavaFX Application Thread] DEBUG SystemBundleService  - Saving FXGL system data
13:41:07.052 [JavaFX Application Thread] DEBUG FileSystemAccess     - Writing to: C:\Users\micha\Desktop\JavaMooseGame\system\fxgl.bundle
13:41:07.053 [JavaFX Application Thread] DEBUG GameApplication      - Shutting down background threads
13:41:07.053 [JavaFX Application Thread] DEBUG GameApplication      - Closing logger and exiting JavaFX
