11:39:58.181 [main                     ] DEBUG GameApplication      - Logger initialized
11:39:58.185 [main                     ] DEBUG GameApplication      - Logging settings
Title: MooseGame
Version: 0.3
Width: 600
Height: 900
Fullscreen: false
Intro: false
Menus: true
Profiling: false
Single step:false
App Mode: DEVELOPER
Menu Key: ESCAPE
Stage Style: DECORATED
Scene Factory: class com.almasb.fxgl.app.scene.SceneFactory

11:39:58.501 [JavaFX Application Thread] DEBUG GameApplication      - Initializing FXGL
11:39:58.508 [JavaFX Application Thread] INFO  Engine               - FXGL-11.8 (08.03.2020 09.09) on WINDOWS (J:14.0.1 FX:13.0.2)
11:39:58.508 [JavaFX Application Thread] INFO  Engine               - Source code and latest versions at: https://github.com/AlmasB/FXGL
11:39:58.508 [JavaFX Application Thread] INFO  Engine               -              Join the FXGL chat at: https://gitter.im/AlmasB/FXGL
11:39:58.609 [JavaFX Application Thread] DEBUG MainWindow           - Creating a JavaFX scene
11:39:58.651 [JavaFX Application Thread] DEBUG MainWindow           - Target settings size: 600.0 x 900.0
11:39:58.651 [JavaFX Application Thread] DEBUG MainWindow           - Scaled scene size:    600.0 x 900.0
11:39:58.651 [JavaFX Application Thread] DEBUG MainWindow           - Scaled ratio: (1.0, 1.0)
11:39:58.652 [JavaFX Application Thread] DEBUG MainWindow           - Set initial scene to FXGLStartupScene
11:39:58.658 [JavaFX Application Thread] DEBUG MainWindow           - Opening main window
11:39:58.736 [JavaFX Application Thread] DEBUG MainWindow           - Window border size: (16.0, 39.0)
11:39:58.737 [JavaFX Application Thread] DEBUG MainWindow           - Scaled size: 600.0 x 900.0
11:39:58.737 [JavaFX Application Thread] DEBUG MainWindow           - Scaled ratio: (1.0, 1.0)
11:39:58.737 [JavaFX Application Thread] DEBUG MainWindow           - Scene size: 600.0 x 900.0
11:39:58.737 [JavaFX Application Thread] DEBUG MainWindow           - Stage size: 616.0 x 939.0
11:39:58.743 [FXGL Background Thread 1 ] DEBUG Engine               - Initializing environment variables
11:39:58.766 [FXGL Background Thread 1 ] DEBUG WindowService        - Applying CSS: fxgl_dark.css
11:39:58.767 [FXGL Background Thread 1 ] DEBUG AssetLoaderService   - Loading from file system: /assets/ui/css/fxgl_dark.css
11:39:58.802 [FXGL Background Thread 1 ] DEBUG WindowService        - Initializing application scenes
11:39:58.827 [FXGL Background Thread 1 ] DEBUG GameWorld            - Game world initialized
11:39:58.856 [FXGL Background Thread 1 ] DEBUG PhysicsWorld         - Physics world initialized: appHeight=900, physics.ppm=50.0
11:39:58.859 [FXGL Background Thread 1 ] DEBUG GameScene            - Game scene initialized: 600x900
11:39:58.881 [FXGL Background Thread 1 ] DEBUG AssetLoaderService   - Loading from file system: /assets/textures/particles/trace_horizontal.png
11:39:58.923 [FXGL Background Thread 1 ] WARN  FXGL.DefaultMenu     - FXGLDefaultMenu is not designed for resolutions < 800x600
11:39:58.923 [FXGL Background Thread 1 ] DEBUG FXGL.DefaultMenu     - createMenuBodyMainMenu()
11:39:58.935 [FXGL Background Thread 1 ] DEBUG FXGL.DefaultMenu     - createOptionsMenu()
11:39:58.938 [FXGL Background Thread 1 ] DEBUG AssetLoaderService   - Loading from file system: /assets/textures/particles/smoke.png
11:39:58.989 [FXGL Background Thread 1 ] DEBUG AssetLoaderService   - Loading from cache: /assets/textures/particles/trace_horizontal.png@64.0x64.0
11:39:58.990 [FXGL Background Thread 1 ] WARN  FXGL.DefaultMenu     - FXGLDefaultMenu is not designed for resolutions < 800x600
11:39:58.990 [FXGL Background Thread 1 ] DEBUG FXGL.DefaultMenu     - createMenuBodyGameMenu()
11:39:58.991 [FXGL Background Thread 1 ] DEBUG FXGL.DefaultMenu     - createOptionsMenu()
11:39:58.993 [FXGL Background Thread 1 ] DEBUG AssetLoaderService   - Loading from cache: /assets/textures/particles/smoke.png@128.0x128.0
11:39:59.008 [FXGL Background Thread 1 ] DEBUG WindowService        - Application scenes initialized
11:39:59.015 [FXGL Background Thread 1 ] DEBUG SystemBundleService  - Loading FXGL system data
11:39:59.018 [FXGL Background Thread 1 ] DEBUG FileSystemAccess     - Reading from: C:\Users\micha\Desktop\JavaMooseGame\system\fxgl.bundle
11:39:59.023 [FXGL Background Thread 1 ] DEBUG SystemBundleService  - Bundle FXGL: {}
11:39:59.023 [FXGL Background Thread 1 ] INFO  Engine               - FXGL initialization took: 0.279 sec
11:39:59.024 [FXGL Background Thread 1 ] DEBUG GameApplication      - Loading localizations
11:39:59.025 [FXGL Background Thread 1 ] DEBUG AssetLoaderService   - Loading from file system: /assets/properties/languages/english.properties
11:39:59.026 [FXGL Background Thread 1 ] DEBUG AssetLoaderService   - Loading from file system: /assets/properties/languages/french.properties
11:39:59.027 [FXGL Background Thread 1 ] DEBUG AssetLoaderService   - Loading from file system: /assets/properties/languages/german.properties
11:39:59.028 [FXGL Background Thread 1 ] DEBUG AssetLoaderService   - Loading from file system: /assets/properties/languages/hungarian.properties
11:39:59.030 [FXGL Background Thread 1 ] DEBUG AssetLoaderService   - Loading from file system: /assets/properties/languages/russian.properties
11:39:59.031 [FXGL Background Thread 1 ] DEBUG GameApplication      - Registering font factories with UI factory
11:39:59.031 [FXGL Background Thread 1 ] DEBUG AssetLoaderService   - Loading from file system: /assets/ui/fonts/VarelaRound-Regular.ttf
11:39:59.074 [FXGL Background Thread 1 ] DEBUG AssetLoaderService   - Loading from file system: /assets/ui/fonts/Abel-Regular.ttf
11:39:59.081 [FXGL Background Thread 1 ] DEBUG AssetLoaderService   - Loading from file system: /assets/ui/fonts/lucida_console.ttf
11:39:59.090 [FXGL Background Thread 1 ] DEBUG AssetLoaderService   - Loading from file system: /assets/ui/fonts/Courier-Prime.ttf
11:39:59.104 [JavaFX Application Thread] DEBUG Input                - Registered new binding: action0 - A
11:39:59.104 [JavaFX Application Thread] DEBUG Input                - Registered new binding: action1 - S
11:39:59.104 [JavaFX Application Thread] DEBUG Input                - Registered new binding: action2 - D
11:39:59.105 [JavaFX Application Thread] DEBUG Input                - Registered new binding: action3 - W
11:39:59.105 [JavaFX Application Thread] DEBUG Input                - Registered new binding: action4 - Space
11:39:59.105 [JavaFX Application Thread] DEBUG Input                - Registered new binding: action5 - Left
11:39:59.105 [JavaFX Application Thread] DEBUG Input                - Registered new binding: action6 - Down
11:39:59.105 [JavaFX Application Thread] DEBUG Input                - Registered new binding: action7 - Right
11:39:59.105 [JavaFX Application Thread] DEBUG Input                - Registered new binding: action8 - Up
11:39:59.106 [JavaFX Application Thread] DEBUG AssetLoaderService   - Loading from file system: /assets/textures/fxgl_icon.png
11:39:59.120 [JavaFX Application Thread] DEBUG AssetLoaderService   - Loading from file system: /assets/ui/cursors/fxgl_default.png
11:39:59.122 [JavaFX Application Thread] DEBUG Input                - Registered new binding: Screenshot - P
11:39:59.122 [JavaFX Application Thread] DEBUG Input                - Registered new binding: System info dump - CTRL+9
11:39:59.122 [JavaFX Application Thread] DEBUG Input                - Registered new binding: Restart - CTRL+R
11:39:59.123 [JavaFX Application Thread] DEBUG LoopRunner           - Starting loop
11:39:59.132 [JavaFX Application Thread] DEBUG FXGLStartupScene     - STARTUP
11:39:59.135 [JavaFX Application Thread] DEBUG Input                - Clearing active input actions
11:39:59.152 [JavaFX Application Thread] DEBUG WindowService        - Removing overlay from FXGLStartupScene and adding to FXGLDefaultMenu
11:39:59.152 [JavaFX Application Thread] DEBUG MainWindow           - FXGLStartupScene -> FXGLDefaultMenu
11:40:00.516 [JavaFX Application Thread] DEBUG Menu                 - fireNewGame()
11:40:00.516 [JavaFX Application Thread] DEBUG WindowService        - Starting new game
11:40:00.517 [JavaFX Application Thread] DEBUG Input                - Clearing active input actions
11:40:00.524 [JavaFX Application Thread] DEBUG WindowService        - Removing overlay from FXGLDefaultMenu and adding to FXGLLoadingScene
11:40:00.524 [JavaFX Application Thread] DEBUG MainWindow           - FXGLDefaultMenu -> FXGLLoadingScene
11:40:00.524 [JavaFX Application Thread] DEBUG WindowService        - Clearing previous game
11:40:00.524 [JavaFX Application Thread] DEBUG GameScene            - Clearing game scene
11:40:00.524 [JavaFX Application Thread] DEBUG GameWorld            - Clearing game world
11:40:00.524 [JavaFX Application Thread] DEBUG PhysicsWorld         - Clearing physics world
11:40:00.525 [FXGL Background Thread 1 ] DEBUG GameApplication      - Initializing game
11:40:00.533 [FXGL Background Thread 1 ] DEBUG AssetLoaderService   - Loading from file system: /assets/textures/road_with_patches.png
11:40:00.544 [FXGL Background Thread 1 ] DEBUG AssetLoaderService   - Loading from cache: /assets/textures/road_with_patches.png
11:40:00.544 [FXGL Background Thread 1 ] DEBUG AssetLoaderService   - Loading from file system: /assets/textures/Car_Audi_Sport_Quattro_86x145.png
11:40:00.556 [FXGL Background Thread 1 ] DEBUG AssetLoaderService   - Loading from file system: /assets/ui/moosegame_ui.fxml
11:40:00.626 [FXGL Background Thread 1 ] INFO  GameApplication      - Game initialization took: 0.100 sec
11:40:00.626 [JavaFX Application Thread] DEBUG Input                - Clearing active input actions
11:40:00.632 [JavaFX Application Thread] DEBUG WindowService        - Removing overlay from FXGLLoadingScene and adding to GameScene
11:40:00.632 [JavaFX Application Thread] DEBUG MainWindow           - FXGLLoadingScene -> GameScene
11:40:02.025 [FXGL Background Thread 2 ] DEBUG Engine               - Logging environment variables
11:40:02.025 [FXGL Background Thread 2 ] DEBUG Engine               - achievements: []
11:40:02.025 [FXGL Background Thread 2 ] DEBUG Engine               - language: ObjectProperty [value: ENGLISH]
11:40:02.025 [FXGL Background Thread 2 ] DEBUG Engine               - isCloseConfirmation: false
11:40:02.025 [FXGL Background Thread 2 ] DEBUG Engine               - isProfilingEnabled: false
11:40:02.025 [FXGL Background Thread 2 ] DEBUG Engine               - soundNotification: core/notification.wav
11:40:02.025 [FXGL Background Thread 2 ] DEBUG Engine               - devShowBBoxProperty: BooleanProperty [value: false]
11:40:02.025 [FXGL Background Thread 2 ] DEBUG Engine               - pixelsPerMeter: 50.0
11:40:02.025 [FXGL Background Thread 2 ] DEBUG Engine               - appIcon: fxgl_icon.png
11:40:02.025 [FXGL Background Thread 2 ] DEBUG Engine               - soundMenuBack: menu/back.wav
11:40:02.025 [FXGL Background Thread 2 ] DEBUG Engine               - isFullScreenAllowed: false
11:40:02.025 [FXGL Background Thread 2 ] DEBUG Engine               - isIntroEnabled: false
11:40:02.025 [FXGL Background Thread 2 ] DEBUG Engine               - fontMono: lucida_console.ttf
11:40:02.025 [FXGL Background Thread 2 ] DEBUG Engine               - soundMenuSelect: menu/select.wav
11:40:02.025 [FXGL Background Thread 2 ] DEBUG Engine               - isWindows: true
11:40:02.026 [FXGL Background Thread 2 ] DEBUG Engine               - isMobile: false
11:40:02.026 [FXGL Background Thread 2 ] DEBUG Engine               - isUserProfileEnabled: false
11:40:02.026 [FXGL Background Thread 2 ] DEBUG Engine               - height: 900
11:40:02.026 [FXGL Background Thread 2 ] DEBUG Engine               - isExperimentalNative: false
11:40:02.026 [FXGL Background Thread 2 ] DEBUG Engine               - settings: Title: MooseGame
Version: 0.3
Width: 600
Height: 900
Fullscreen: false
Intro: false
Menus: true
Profiling: false
Single step:false
App Mode: DEVELOPER
Menu Key: ESCAPE
Stage Style: DECORATED
Scene Factory: class com.almasb.fxgl.app.scene.SceneFactory

11:40:02.026 [FXGL Background Thread 2 ] DEBUG Engine               - isSingleStep: false
11:40:02.026 [FXGL Background Thread 2 ] DEBUG Engine               - cSSList: [fxgl_dark.css]
11:40:02.026 [FXGL Background Thread 2 ] DEBUG Engine               - fontGame: Abel-Regular.ttf
11:40:02.026 [FXGL Background Thread 2 ] DEBUG Engine               - menuKey: ESCAPE
11:40:02.026 [FXGL Background Thread 2 ] DEBUG Engine               - devShowPositionProperty: BooleanProperty [value: false]
11:40:02.026 [FXGL Background Thread 2 ] DEBUG Engine               - versionCheckDays: 7
11:40:02.026 [FXGL Background Thread 2 ] DEBUG Engine               - configClass: Optional.empty
11:40:02.026 [FXGL Background Thread 2 ] DEBUG Engine               - isFullScreenFromStart: false
11:40:02.026 [FXGL Background Thread 2 ] DEBUG Engine               - version: 0.3
11:40:02.026 [FXGL Background Thread 2 ] DEBUG Engine               - fullScreen: BooleanProperty [value: false]
11:40:02.026 [FXGL Background Thread 2 ] DEBUG Engine               - randomSeed: -1
11:40:02.027 [FXGL Background Thread 2 ] DEBUG Engine               - gameDifficultyProperty: ObjectProperty [value: MEDIUM]
11:40:02.027 [FXGL Background Thread 2 ] DEBUG Engine               - applicationMode: DEVELOPER
11:40:02.027 [FXGL Background Thread 2 ] DEBUG Engine               - isMac: false
11:40:02.027 [FXGL Background Thread 2 ] DEBUG Engine               - isMenuEnabled: true
11:40:02.027 [FXGL Background Thread 2 ] DEBUG Engine               - urlPOM: https://raw.githubusercontent.com/AlmasB/FXGL/master/pom.xml
11:40:02.027 [FXGL Background Thread 2 ] DEBUG Engine               - profileName: StringProperty [value: DEFAULT]
11:40:02.027 [FXGL Background Thread 2 ] DEBUG Engine               - notificationViewClass: class com.almasb.fxgl.notification.view.XboxNotificationView
11:40:02.027 [FXGL Background Thread 2 ] DEBUG Engine               - devSensorColorProperty: ObjectProperty [value: 0xffff00ff]
11:40:02.027 [FXGL Background Thread 2 ] DEBUG Engine               - sceneFactory: com.almasb.fxgl.app.scene.SceneFactory@6979fd0
11:40:02.027 [FXGL Background Thread 2 ] DEBUG Engine               - stageStyle: DECORATED
11:40:02.027 [FXGL Background Thread 2 ] DEBUG Engine               - isManualResizeEnabled: false
11:40:02.027 [FXGL Background Thread 2 ] DEBUG Engine               - title: MooseGame
11:40:02.027 [FXGL Background Thread 2 ] DEBUG Engine               - platform: WINDOWS
11:40:02.027 [FXGL Background Thread 2 ] DEBUG Engine               - devBBoxColorProperty: ObjectProperty [value: 0xff0000ff]
11:40:02.027 [FXGL Background Thread 2 ] DEBUG Engine               - gameDifficulty: MEDIUM
11:40:02.027 [FXGL Background Thread 2 ] DEBUG Engine               - isDesktop: true
11:40:02.028 [FXGL Background Thread 2 ] DEBUG Engine               - supportedLanguages: [ENGLISH, FRENCH, GERMAN, HUNGARIAN, RUSSIAN]
11:40:02.028 [FXGL Background Thread 2 ] DEBUG Engine               - credits: []
11:40:02.028 [FXGL Background Thread 2 ] DEBUG Engine               - globalMusicVolumeProperty: DoubleProperty [value: 0.5]
11:40:02.028 [FXGL Background Thread 2 ] DEBUG Engine               - isPreserveResizeRatio: false
11:40:02.028 [FXGL Background Thread 2 ] DEBUG Engine               - fontText: Courier-Prime.ttf
11:40:02.028 [FXGL Background Thread 2 ] DEBUG Engine               - isExperimentalTiledLargeMap: false
11:40:02.028 [FXGL Background Thread 2 ] DEBUG Engine               - secondsIn24h: 60
11:40:02.028 [FXGL Background Thread 2 ] DEBUG Engine               - runtimeInfo: RuntimeInfo(platform=WINDOWS, version=11.8, build=08.03.2020 09.09)
11:40:02.028 [FXGL Background Thread 2 ] DEBUG Engine               - isLinux: false
11:40:02.028 [FXGL Background Thread 2 ] DEBUG Engine               - soundMenuPress: menu/press.wav
11:40:02.028 [FXGL Background Thread 2 ] DEBUG Engine               - urlGithub: https://github.com/AlmasB/FXGL
11:40:02.028 [FXGL Background Thread 2 ] DEBUG Engine               - profileDir: profiles/
11:40:02.028 [FXGL Background Thread 2 ] DEBUG Engine               - isDeveloperMenuEnabled: false
11:40:02.028 [FXGL Background Thread 2 ] DEBUG Engine               - globalSoundVolumeProperty: DoubleProperty [value: 0.5]
11:40:02.028 [FXGL Background Thread 2 ] DEBUG Engine               - mainWindow: com.almasb.fxgl.app.MainWindow@2a80bda
11:40:02.028 [FXGL Background Thread 2 ] DEBUG Engine               - isBrowser: false
11:40:02.028 [FXGL Background Thread 2 ] DEBUG Engine               - globalSoundVolume: 0.5
11:40:02.028 [FXGL Background Thread 2 ] DEBUG Engine               - urlLeaderboard: http://fxgl-top.herokuapp.com/
11:40:02.028 [FXGL Background Thread 2 ] DEBUG Engine               - engineServices: [class com.almasb.fxgl.app.GameApplication$GameApplicationService, class com.almasb.fxgl.app.services.WindowService, class com.almasb.fxgl.app.services.FXGLDialogService, class com.almasb.fxgl.app.services.IOTaskExecutorService, class com.almasb.fxgl.event.EventBusService, class com.almasb.fxgl.io.FileSystemService, class com.almasb.fxgl.localization.LocalizationService, class com.almasb.fxgl.app.services.AssetLoaderService, class com.almasb.fxgl.app.services.SystemBundleService, class com.almasb.fxgl.profile.SaveLoadService, class com.almasb.fxgl.ui.FXGLUIFactoryServiceProvider, class com.almasb.fxgl.ui.FXGLDialogFactoryServiceProvider, class com.almasb.fxgl.audio.AudioPlayer, class com.almasb.fxgl.notification.impl.NotificationServiceProvider, class com.almasb.fxgl.achievement.AchievementService, class com.almasb.fxgl.cutscene.CutsceneService, class com.almasb.fxgl.minigames.MiniGameService, class com.almasb.fxgl.net.NetService, class com.almasb.fxgl.app.services.UpdaterService]
11:40:02.028 [FXGL Background Thread 2 ] DEBUG Engine               - globalMusicVolume: 0.5
11:40:02.029 [FXGL Background Thread 2 ] DEBUG Engine               - width: 600
11:40:02.029 [FXGL Background Thread 2 ] DEBUG Engine               - saveFileExt: sav
11:40:02.029 [FXGL Background Thread 2 ] DEBUG Engine               - isAndroid: false
11:40:02.029 [FXGL Background Thread 2 ] DEBUG Engine               - fontUI: VarelaRound-Regular.ttf
11:40:02.029 [FXGL Background Thread 2 ] DEBUG Engine               - enabledMenuItems: []
11:40:02.029 [FXGL Background Thread 2 ] DEBUG Engine               - isIOS: false
11:40:02.029 [FXGL Background Thread 2 ] DEBUG Engine               - Logging services
11:40:02.029 [FXGL Background Thread 2 ] DEBUG Engine               - class com.almasb.fxgl.app.GameApplication$GameApplicationService
11:40:02.029 [FXGL Background Thread 2 ] DEBUG Engine               - class com.almasb.fxgl.app.services.WindowService
11:40:02.029 [FXGL Background Thread 2 ] DEBUG Engine               - class com.almasb.fxgl.app.services.FXGLDialogService
11:40:02.029 [FXGL Background Thread 2 ] DEBUG Engine               - class com.almasb.fxgl.app.services.IOTaskExecutorService
11:40:02.029 [FXGL Background Thread 2 ] DEBUG Engine               - class com.almasb.fxgl.event.EventBusService
11:40:02.029 [FXGL Background Thread 2 ] DEBUG Engine               - class com.almasb.fxgl.io.FileSystemService
11:40:02.029 [FXGL Background Thread 2 ] DEBUG Engine               - class com.almasb.fxgl.localization.LocalizationService
11:40:02.029 [FXGL Background Thread 2 ] DEBUG Engine               - class com.almasb.fxgl.app.services.AssetLoaderService
11:40:02.029 [FXGL Background Thread 2 ] DEBUG Engine               - class com.almasb.fxgl.app.services.SystemBundleService
11:40:02.029 [FXGL Background Thread 2 ] DEBUG Engine               - class com.almasb.fxgl.profile.SaveLoadService
11:40:02.030 [FXGL Background Thread 2 ] DEBUG Engine               - class com.almasb.fxgl.ui.FXGLUIFactoryServiceProvider
11:40:02.030 [FXGL Background Thread 2 ] DEBUG Engine               - class com.almasb.fxgl.ui.FXGLDialogFactoryServiceProvider
11:40:02.030 [FXGL Background Thread 2 ] DEBUG Engine               - class com.almasb.fxgl.audio.AudioPlayer
11:40:02.030 [FXGL Background Thread 2 ] DEBUG Engine               - class com.almasb.fxgl.notification.impl.NotificationServiceProvider
11:40:02.030 [FXGL Background Thread 2 ] DEBUG Engine               - class com.almasb.fxgl.achievement.AchievementService
11:40:02.030 [FXGL Background Thread 2 ] DEBUG Engine               - class com.almasb.fxgl.cutscene.CutsceneService
11:40:02.030 [FXGL Background Thread 2 ] DEBUG Engine               - class com.almasb.fxgl.minigames.MiniGameService
11:40:02.030 [FXGL Background Thread 2 ] DEBUG Engine               - class com.almasb.fxgl.net.NetService
11:40:02.030 [FXGL Background Thread 2 ] DEBUG Engine               - class com.almasb.fxgl.app.services.UpdaterService
11:40:02.769 [JavaFX Application Thread] DEBUG AssetLoaderService   - Loading from file system: /assets/textures/potHole.png
11:40:04.880 [JavaFX Application Thread] DEBUG AssetLoaderService   - Loading from file system: /assets/textures/mooseWalkAnimation.png
11:40:04.891 [JavaFX Application Thread] DEBUG AssetLoaderService   - Loading from cache: /assets/textures/mooseWalkAnimation.png
11:40:04.894 [JavaFX Application Thread] DEBUG AssetLoaderService   - Loading from cache: /assets/textures/potHole.png
11:40:05.739 [JavaFX Application Thread] DEBUG MainWindow           - Push state: DialogSubScene
11:40:05.739 [JavaFX Application Thread] DEBUG Input                - Clearing active input actions
11:40:05.740 [JavaFX Application Thread] DEBUG WindowService        - Removing overlay from GameScene and adding to DialogSubScene
11:40:05.741 [JavaFX Application Thread] DEBUG MainWindow           - GameScene -> DialogSubScene
11:40:07.228 [JavaFX Application Thread] DEBUG MainWindow           - Pop state: DialogSubScene
11:40:07.228 [JavaFX Application Thread] DEBUG Input                - Clearing active input actions
11:40:07.229 [JavaFX Application Thread] DEBUG WindowService        - Removing overlay from DialogSubScene and adding to GameScene
11:40:07.229 [JavaFX Application Thread] DEBUG MainWindow           - GameScene <- DialogSubScene
11:40:07.229 [JavaFX Application Thread] WARN  MainWindow           - Cannot set to GameScene. Probably because subscenes are present.
11:40:08.512 [JavaFX Application Thread] DEBUG AssetLoaderService   - Loading from cache: /assets/textures/potHole.png
11:40:10.692 [JavaFX Application Thread] DEBUG AssetLoaderService   - Loading from cache: /assets/textures/mooseWalkAnimation.png
11:40:10.693 [JavaFX Application Thread] DEBUG AssetLoaderService   - Loading from cache: /assets/textures/mooseWalkAnimation.png
11:40:10.706 [JavaFX Application Thread] DEBUG AssetLoaderService   - Loading from cache: /assets/textures/potHole.png
11:40:12.888 [JavaFX Application Thread] DEBUG AssetLoaderService   - Loading from cache: /assets/textures/potHole.png
11:40:15.047 [JavaFX Application Thread] DEBUG AssetLoaderService   - Loading from cache: /assets/textures/mooseWalkAnimation.png
11:40:15.048 [JavaFX Application Thread] DEBUG AssetLoaderService   - Loading from cache: /assets/textures/mooseWalkAnimation.png
11:40:15.065 [JavaFX Application Thread] DEBUG AssetLoaderService   - Loading from cache: /assets/textures/potHole.png
11:40:17.234 [JavaFX Application Thread] DEBUG AssetLoaderService   - Loading from cache: /assets/textures/potHole.png
11:40:19.385 [JavaFX Application Thread] DEBUG AssetLoaderService   - Loading from cache: /assets/textures/mooseWalkAnimation.png
11:40:19.385 [JavaFX Application Thread] DEBUG AssetLoaderService   - Loading from cache: /assets/textures/mooseWalkAnimation.png
11:40:19.415 [JavaFX Application Thread] DEBUG AssetLoaderService   - Loading from cache: /assets/textures/potHole.png
11:40:21.575 [JavaFX Application Thread] DEBUG AssetLoaderService   - Loading from cache: /assets/textures/potHole.png
11:40:23.671 [JavaFX Application Thread] DEBUG AssetLoaderService   - Loading from cache: /assets/textures/mooseWalkAnimation.png
11:40:23.672 [JavaFX Application Thread] DEBUG AssetLoaderService   - Loading from cache: /assets/textures/mooseWalkAnimation.png
11:40:23.704 [JavaFX Application Thread] DEBUG AssetLoaderService   - Loading from cache: /assets/textures/potHole.png
11:40:25.859 [JavaFX Application Thread] DEBUG AssetLoaderService   - Loading from cache: /assets/textures/potHole.png
11:40:28.005 [JavaFX Application Thread] DEBUG AssetLoaderService   - Loading from cache: /assets/textures/mooseWalkAnimation.png
11:40:28.006 [JavaFX Application Thread] DEBUG AssetLoaderService   - Loading from cache: /assets/textures/mooseWalkAnimation.png
11:40:28.041 [JavaFX Application Thread] DEBUG AssetLoaderService   - Loading from cache: /assets/textures/potHole.png
11:40:28.330 [JavaFX Application Thread] DEBUG MainWindow           - Push state: DialogSubScene
11:40:28.330 [JavaFX Application Thread] DEBUG Input                - Clearing active input actions
11:40:28.330 [JavaFX Application Thread] DEBUG WindowService        - Removing overlay from GameScene and adding to DialogSubScene
11:40:28.330 [JavaFX Application Thread] DEBUG MainWindow           - GameScene -> DialogSubScene
11:40:29.870 [JavaFX Application Thread] DEBUG MainWindow           - Pop state: DialogSubScene
11:40:29.870 [JavaFX Application Thread] DEBUG Input                - Clearing active input actions
11:40:29.871 [JavaFX Application Thread] DEBUG WindowService        - Removing overlay from DialogSubScene and adding to GameScene
11:40:29.871 [JavaFX Application Thread] DEBUG MainWindow           - GameScene <- DialogSubScene
11:40:29.871 [JavaFX Application Thread] DEBUG Input                - Clearing active input actions
11:40:29.877 [JavaFX Application Thread] DEBUG WindowService        - Removing overlay from GameScene and adding to FXGLDefaultMenu
11:40:29.877 [JavaFX Application Thread] DEBUG MainWindow           - GameScene -> FXGLDefaultMenu
11:40:31.592 [JavaFX Application Thread] DEBUG GameApplication      - Exiting FXGL
11:40:31.592 [JavaFX Application Thread] DEBUG LoopRunner           - Stopping loop
11:40:31.592 [JavaFX Application Thread] DEBUG SystemBundleService  - Saving FXGL system data
11:40:31.594 [JavaFX Application Thread] DEBUG FileSystemAccess     - Writing to: C:\Users\micha\Desktop\JavaMooseGame\system\fxgl.bundle
11:40:31.595 [JavaFX Application Thread] DEBUG GameApplication      - Shutting down background threads
11:40:31.595 [JavaFX Application Thread] DEBUG GameApplication      - Closing logger and exiting JavaFX
