20:56:03.014 [main                     ] DEBUG GameApplication      - Logger initialized
20:56:03.018 [main                     ] DEBUG GameApplication      - Logging settings
Title: MooseGame
Version: 0.2
Width: 600
Height: 900
Fullscreen: false
Intro: false
Menus: true
Profiling: false
Single step:false
App Mode: DEVELOPER
Menu Key: ESCAPE
Stage Style: DECORATED
Scene Factory: class com.almasb.fxgl.app.scene.SceneFactory

20:56:03.337 [JavaFX Application Thread] DEBUG GameApplication      - Initializing FXGL
20:56:03.344 [JavaFX Application Thread] INFO  Engine               - FXGL-11.8 (08.03.2020 09.09) on WINDOWS (J:14.0.1 FX:13.0.2)
20:56:03.344 [JavaFX Application Thread] INFO  Engine               - Source code and latest versions at: https://github.com/AlmasB/FXGL
20:56:03.344 [JavaFX Application Thread] INFO  Engine               -              Join the FXGL chat at: https://gitter.im/AlmasB/FXGL
20:56:03.443 [JavaFX Application Thread] DEBUG MainWindow           - Creating a JavaFX scene
20:56:03.483 [JavaFX Application Thread] DEBUG MainWindow           - Target settings size: 600.0 x 900.0
20:56:03.483 [JavaFX Application Thread] DEBUG MainWindow           - Scaled scene size:    600.0 x 900.0
20:56:03.483 [JavaFX Application Thread] DEBUG MainWindow           - Scaled ratio: (1.0, 1.0)
20:56:03.485 [JavaFX Application Thread] DEBUG MainWindow           - Set initial scene to FXGLStartupScene
20:56:03.491 [JavaFX Application Thread] DEBUG MainWindow           - Opening main window
20:56:03.567 [JavaFX Application Thread] DEBUG MainWindow           - Window border size: (16.0, 39.0)
20:56:03.567 [JavaFX Application Thread] DEBUG MainWindow           - Scaled size: 600.0 x 900.0
20:56:03.567 [JavaFX Application Thread] DEBUG MainWindow           - Scaled ratio: (1.0, 1.0)
20:56:03.568 [JavaFX Application Thread] DEBUG MainWindow           - Scene size: 600.0 x 900.0
20:56:03.568 [JavaFX Application Thread] DEBUG MainWindow           - Stage size: 616.0 x 939.0
20:56:03.575 [FXGL Background Thread 1 ] DEBUG Engine               - Initializing environment variables
20:56:03.601 [FXGL Background Thread 1 ] DEBUG WindowService        - Applying CSS: fxgl_dark.css
20:56:03.601 [FXGL Background Thread 1 ] DEBUG AssetLoaderService   - Loading from file system: /assets/ui/css/fxgl_dark.css
20:56:03.640 [FXGL Background Thread 1 ] DEBUG WindowService        - Initializing application scenes
20:56:03.669 [FXGL Background Thread 1 ] DEBUG GameWorld            - Game world initialized
20:56:03.700 [FXGL Background Thread 1 ] DEBUG PhysicsWorld         - Physics world initialized: appHeight=900, physics.ppm=50.0
20:56:03.702 [FXGL Background Thread 1 ] DEBUG GameScene            - Game scene initialized: 600x900
20:56:03.724 [FXGL Background Thread 1 ] DEBUG AssetLoaderService   - Loading from file system: /assets/textures/particles/trace_horizontal.png
20:56:03.772 [FXGL Background Thread 1 ] WARN  FXGL.DefaultMenu     - FXGLDefaultMenu is not designed for resolutions < 800x600
20:56:03.773 [FXGL Background Thread 1 ] DEBUG FXGL.DefaultMenu     - createMenuBodyMainMenu()
20:56:03.785 [FXGL Background Thread 1 ] DEBUG FXGL.DefaultMenu     - createOptionsMenu()
20:56:03.790 [FXGL Background Thread 1 ] DEBUG AssetLoaderService   - Loading from file system: /assets/textures/particles/smoke.png
20:56:03.843 [FXGL Background Thread 1 ] DEBUG AssetLoaderService   - Loading from cache: /assets/textures/particles/trace_horizontal.png@64.0x64.0
20:56:03.844 [FXGL Background Thread 1 ] WARN  FXGL.DefaultMenu     - FXGLDefaultMenu is not designed for resolutions < 800x600
20:56:03.844 [FXGL Background Thread 1 ] DEBUG FXGL.DefaultMenu     - createMenuBodyGameMenu()
20:56:03.845 [FXGL Background Thread 1 ] DEBUG FXGL.DefaultMenu     - createOptionsMenu()
20:56:03.847 [FXGL Background Thread 1 ] DEBUG AssetLoaderService   - Loading from cache: /assets/textures/particles/smoke.png@128.0x128.0
20:56:03.862 [FXGL Background Thread 1 ] DEBUG WindowService        - Application scenes initialized
20:56:03.867 [FXGL Background Thread 1 ] DEBUG SystemBundleService  - Loading FXGL system data
20:56:03.869 [FXGL Background Thread 1 ] DEBUG FileSystemAccess     - Reading from: C:\Users\micha\Desktop\JavaMooseGame\system\fxgl.bundle
20:56:03.874 [FXGL Background Thread 1 ] DEBUG SystemBundleService  - Bundle FXGL: {}
20:56:03.874 [FXGL Background Thread 1 ] INFO  Engine               - FXGL initialization took: 0.297 sec
20:56:03.875 [FXGL Background Thread 1 ] DEBUG GameApplication      - Loading localizations
20:56:03.876 [FXGL Background Thread 1 ] DEBUG AssetLoaderService   - Loading from file system: /assets/properties/languages/english.properties
20:56:03.877 [FXGL Background Thread 1 ] DEBUG AssetLoaderService   - Loading from file system: /assets/properties/languages/french.properties
20:56:03.878 [FXGL Background Thread 1 ] DEBUG AssetLoaderService   - Loading from file system: /assets/properties/languages/german.properties
20:56:03.879 [FXGL Background Thread 1 ] DEBUG AssetLoaderService   - Loading from file system: /assets/properties/languages/hungarian.properties
20:56:03.880 [FXGL Background Thread 1 ] DEBUG AssetLoaderService   - Loading from file system: /assets/properties/languages/russian.properties
20:56:03.882 [FXGL Background Thread 1 ] DEBUG GameApplication      - Registering font factories with UI factory
20:56:03.882 [FXGL Background Thread 1 ] DEBUG AssetLoaderService   - Loading from file system: /assets/ui/fonts/VarelaRound-Regular.ttf
20:56:03.923 [FXGL Background Thread 1 ] DEBUG AssetLoaderService   - Loading from file system: /assets/ui/fonts/Abel-Regular.ttf
20:56:03.930 [FXGL Background Thread 1 ] DEBUG AssetLoaderService   - Loading from file system: /assets/ui/fonts/lucida_console.ttf
20:56:03.939 [FXGL Background Thread 1 ] DEBUG AssetLoaderService   - Loading from file system: /assets/ui/fonts/Courier-Prime.ttf
20:56:03.954 [JavaFX Application Thread] DEBUG Input                - Registered new binding: action0 - A
20:56:03.954 [JavaFX Application Thread] DEBUG Input                - Registered new binding: action1 - S
20:56:03.955 [JavaFX Application Thread] DEBUG Input                - Registered new binding: action2 - D
20:56:03.955 [JavaFX Application Thread] DEBUG Input                - Registered new binding: action3 - W
20:56:03.955 [JavaFX Application Thread] DEBUG Input                - Registered new binding: action4 - Space
20:56:03.955 [JavaFX Application Thread] DEBUG Input                - Registered new binding: action5 - Left
20:56:03.955 [JavaFX Application Thread] DEBUG Input                - Registered new binding: action6 - Down
20:56:03.955 [JavaFX Application Thread] DEBUG Input                - Registered new binding: action7 - Right
20:56:03.956 [JavaFX Application Thread] DEBUG Input                - Registered new binding: action8 - Up
20:56:03.956 [JavaFX Application Thread] DEBUG AssetLoaderService   - Loading from file system: /assets/textures/fxgl_icon.png
20:56:03.972 [JavaFX Application Thread] DEBUG AssetLoaderService   - Loading from file system: /assets/ui/cursors/fxgl_default.png
20:56:03.973 [JavaFX Application Thread] DEBUG Input                - Registered new binding: Screenshot - P
20:56:03.974 [JavaFX Application Thread] DEBUG Input                - Registered new binding: System info dump - CTRL+9
20:56:03.974 [JavaFX Application Thread] DEBUG Input                - Registered new binding: Restart - CTRL+R
20:56:03.975 [JavaFX Application Thread] DEBUG LoopRunner           - Starting loop
20:56:03.984 [JavaFX Application Thread] DEBUG FXGLStartupScene     - STARTUP
20:56:03.987 [JavaFX Application Thread] DEBUG Input                - Clearing active input actions
20:56:04.001 [JavaFX Application Thread] DEBUG WindowService        - Removing overlay from FXGLStartupScene and adding to FXGLDefaultMenu
20:56:04.001 [JavaFX Application Thread] DEBUG MainWindow           - FXGLStartupScene -> FXGLDefaultMenu
20:56:05.006 [JavaFX Application Thread] DEBUG Menu                 - fireNewGame()
20:56:05.006 [JavaFX Application Thread] DEBUG WindowService        - Starting new game
20:56:05.006 [JavaFX Application Thread] DEBUG Input                - Clearing active input actions
20:56:05.013 [JavaFX Application Thread] DEBUG WindowService        - Removing overlay from FXGLDefaultMenu and adding to FXGLLoadingScene
20:56:05.013 [JavaFX Application Thread] DEBUG MainWindow           - FXGLDefaultMenu -> FXGLLoadingScene
20:56:05.013 [JavaFX Application Thread] DEBUG WindowService        - Clearing previous game
20:56:05.013 [JavaFX Application Thread] DEBUG GameScene            - Clearing game scene
20:56:05.013 [JavaFX Application Thread] DEBUG GameWorld            - Clearing game world
20:56:05.013 [JavaFX Application Thread] DEBUG PhysicsWorld         - Clearing physics world
20:56:05.015 [FXGL Background Thread 1 ] DEBUG GameApplication      - Initializing game
20:56:05.021 [FXGL Background Thread 1 ] DEBUG AssetLoaderService   - Loading from file system: /assets/textures/road_with_patches.png
20:56:05.030 [FXGL Background Thread 1 ] DEBUG AssetLoaderService   - Loading from cache: /assets/textures/road_with_patches.png
20:56:05.030 [FXGL Background Thread 1 ] DEBUG AssetLoaderService   - Loading from file system: /assets/textures/Car_Audi_Sport_Quattro_86x145.png
20:56:05.042 [FXGL Background Thread 1 ] DEBUG AssetLoaderService   - Loading from file system: /assets/ui/moosegame_ui.fxml
20:56:05.102 [FXGL Background Thread 1 ] INFO  GameApplication      - Game initialization took: 0.087 sec
20:56:05.108 [JavaFX Application Thread] DEBUG Input                - Clearing active input actions
20:56:05.113 [JavaFX Application Thread] DEBUG WindowService        - Removing overlay from FXGLLoadingScene and adding to GameScene
20:56:05.113 [JavaFX Application Thread] DEBUG MainWindow           - FXGLLoadingScene -> GameScene
20:56:06.876 [FXGL Background Thread 2 ] DEBUG Engine               - Logging environment variables
20:56:06.876 [FXGL Background Thread 2 ] DEBUG Engine               - achievements: []
20:56:06.876 [FXGL Background Thread 2 ] DEBUG Engine               - language: ObjectProperty [value: ENGLISH]
20:56:06.876 [FXGL Background Thread 2 ] DEBUG Engine               - isCloseConfirmation: false
20:56:06.876 [FXGL Background Thread 2 ] DEBUG Engine               - isProfilingEnabled: false
20:56:06.876 [FXGL Background Thread 2 ] DEBUG Engine               - soundNotification: core/notification.wav
20:56:06.876 [FXGL Background Thread 2 ] DEBUG Engine               - devShowBBoxProperty: BooleanProperty [value: false]
20:56:06.876 [FXGL Background Thread 2 ] DEBUG Engine               - pixelsPerMeter: 50.0
20:56:06.876 [FXGL Background Thread 2 ] DEBUG Engine               - appIcon: fxgl_icon.png
20:56:06.876 [FXGL Background Thread 2 ] DEBUG Engine               - soundMenuBack: menu/back.wav
20:56:06.876 [FXGL Background Thread 2 ] DEBUG Engine               - isFullScreenAllowed: false
20:56:06.876 [FXGL Background Thread 2 ] DEBUG Engine               - isIntroEnabled: false
20:56:06.876 [FXGL Background Thread 2 ] DEBUG Engine               - fontMono: lucida_console.ttf
20:56:06.876 [FXGL Background Thread 2 ] DEBUG Engine               - soundMenuSelect: menu/select.wav
20:56:06.877 [FXGL Background Thread 2 ] DEBUG Engine               - isWindows: true
20:56:06.877 [FXGL Background Thread 2 ] DEBUG Engine               - isMobile: false
20:56:06.877 [FXGL Background Thread 2 ] DEBUG Engine               - isUserProfileEnabled: false
20:56:06.877 [FXGL Background Thread 2 ] DEBUG Engine               - height: 900
20:56:06.877 [FXGL Background Thread 2 ] DEBUG Engine               - isExperimentalNative: false
20:56:06.877 [FXGL Background Thread 2 ] DEBUG Engine               - settings: Title: MooseGame
Version: 0.2
Width: 600
Height: 900
Fullscreen: false
Intro: false
Menus: true
Profiling: false
Single step:false
App Mode: DEVELOPER
Menu Key: ESCAPE
Stage Style: DECORATED
Scene Factory: class com.almasb.fxgl.app.scene.SceneFactory

20:56:06.877 [FXGL Background Thread 2 ] DEBUG Engine               - isSingleStep: false
20:56:06.877 [FXGL Background Thread 2 ] DEBUG Engine               - cSSList: [fxgl_dark.css]
20:56:06.877 [FXGL Background Thread 2 ] DEBUG Engine               - fontGame: Abel-Regular.ttf
20:56:06.877 [FXGL Background Thread 2 ] DEBUG Engine               - menuKey: ESCAPE
20:56:06.877 [FXGL Background Thread 2 ] DEBUG Engine               - devShowPositionProperty: BooleanProperty [value: false]
20:56:06.877 [FXGL Background Thread 2 ] DEBUG Engine               - versionCheckDays: 7
20:56:06.877 [FXGL Background Thread 2 ] DEBUG Engine               - configClass: Optional.empty
20:56:06.877 [FXGL Background Thread 2 ] DEBUG Engine               - isFullScreenFromStart: false
20:56:06.877 [FXGL Background Thread 2 ] DEBUG Engine               - version: 0.2
20:56:06.877 [FXGL Background Thread 2 ] DEBUG Engine               - fullScreen: BooleanProperty [value: false]
20:56:06.877 [FXGL Background Thread 2 ] DEBUG Engine               - randomSeed: -1
20:56:06.878 [FXGL Background Thread 2 ] DEBUG Engine               - gameDifficultyProperty: ObjectProperty [value: MEDIUM]
20:56:06.878 [FXGL Background Thread 2 ] DEBUG Engine               - applicationMode: DEVELOPER
20:56:06.878 [FXGL Background Thread 2 ] DEBUG Engine               - isMac: false
20:56:06.878 [FXGL Background Thread 2 ] DEBUG Engine               - isMenuEnabled: true
20:56:06.878 [FXGL Background Thread 2 ] DEBUG Engine               - profileName: StringProperty [value: DEFAULT]
20:56:06.878 [FXGL Background Thread 2 ] DEBUG Engine               - urlPOM: https://raw.githubusercontent.com/AlmasB/FXGL/master/pom.xml
20:56:06.878 [FXGL Background Thread 2 ] DEBUG Engine               - notificationViewClass: class com.almasb.fxgl.notification.view.XboxNotificationView
20:56:06.878 [FXGL Background Thread 2 ] DEBUG Engine               - devSensorColorProperty: ObjectProperty [value: 0xffff00ff]
20:56:06.878 [FXGL Background Thread 2 ] DEBUG Engine               - sceneFactory: com.almasb.fxgl.app.scene.SceneFactory@25162c4c
20:56:06.878 [FXGL Background Thread 2 ] DEBUG Engine               - stageStyle: DECORATED
20:56:06.878 [FXGL Background Thread 2 ] DEBUG Engine               - isManualResizeEnabled: false
20:56:06.878 [FXGL Background Thread 2 ] DEBUG Engine               - title: MooseGame
20:56:06.878 [FXGL Background Thread 2 ] DEBUG Engine               - platform: WINDOWS
20:56:06.878 [FXGL Background Thread 2 ] DEBUG Engine               - devBBoxColorProperty: ObjectProperty [value: 0xff0000ff]
20:56:06.878 [FXGL Background Thread 2 ] DEBUG Engine               - gameDifficulty: MEDIUM
20:56:06.878 [FXGL Background Thread 2 ] DEBUG Engine               - isDesktop: true
20:56:06.878 [FXGL Background Thread 2 ] DEBUG Engine               - supportedLanguages: [ENGLISH, FRENCH, GERMAN, HUNGARIAN, RUSSIAN]
20:56:06.878 [FXGL Background Thread 2 ] DEBUG Engine               - credits: []
20:56:06.879 [FXGL Background Thread 2 ] DEBUG Engine               - globalMusicVolumeProperty: DoubleProperty [value: 0.5]
20:56:06.879 [FXGL Background Thread 2 ] DEBUG Engine               - isPreserveResizeRatio: false
20:56:06.879 [FXGL Background Thread 2 ] DEBUG Engine               - fontText: Courier-Prime.ttf
20:56:06.879 [FXGL Background Thread 2 ] DEBUG Engine               - isExperimentalTiledLargeMap: false
20:56:06.879 [FXGL Background Thread 2 ] DEBUG Engine               - secondsIn24h: 60
20:56:06.879 [FXGL Background Thread 2 ] DEBUG Engine               - runtimeInfo: RuntimeInfo(platform=WINDOWS, version=11.8, build=08.03.2020 09.09)
20:56:06.879 [FXGL Background Thread 2 ] DEBUG Engine               - isLinux: false
20:56:06.879 [FXGL Background Thread 2 ] DEBUG Engine               - soundMenuPress: menu/press.wav
20:56:06.879 [FXGL Background Thread 2 ] DEBUG Engine               - urlGithub: https://github.com/AlmasB/FXGL
20:56:06.879 [FXGL Background Thread 2 ] DEBUG Engine               - profileDir: profiles/
20:56:06.879 [FXGL Background Thread 2 ] DEBUG Engine               - isDeveloperMenuEnabled: false
20:56:06.879 [FXGL Background Thread 2 ] DEBUG Engine               - globalSoundVolumeProperty: DoubleProperty [value: 0.5]
20:56:06.879 [FXGL Background Thread 2 ] DEBUG Engine               - mainWindow: com.almasb.fxgl.app.MainWindow@2129bc36
20:56:06.879 [FXGL Background Thread 2 ] DEBUG Engine               - isBrowser: false
20:56:06.879 [FXGL Background Thread 2 ] DEBUG Engine               - globalSoundVolume: 0.5
20:56:06.879 [FXGL Background Thread 2 ] DEBUG Engine               - urlLeaderboard: http://fxgl-top.herokuapp.com/
20:56:06.879 [FXGL Background Thread 2 ] DEBUG Engine               - engineServices: [class com.almasb.fxgl.app.GameApplication$GameApplicationService, class com.almasb.fxgl.app.services.WindowService, class com.almasb.fxgl.app.services.FXGLDialogService, class com.almasb.fxgl.app.services.IOTaskExecutorService, class com.almasb.fxgl.event.EventBusService, class com.almasb.fxgl.io.FileSystemService, class com.almasb.fxgl.localization.LocalizationService, class com.almasb.fxgl.app.services.AssetLoaderService, class com.almasb.fxgl.app.services.SystemBundleService, class com.almasb.fxgl.profile.SaveLoadService, class com.almasb.fxgl.ui.FXGLUIFactoryServiceProvider, class com.almasb.fxgl.ui.FXGLDialogFactoryServiceProvider, class com.almasb.fxgl.audio.AudioPlayer, class com.almasb.fxgl.notification.impl.NotificationServiceProvider, class com.almasb.fxgl.achievement.AchievementService, class com.almasb.fxgl.cutscene.CutsceneService, class com.almasb.fxgl.minigames.MiniGameService, class com.almasb.fxgl.net.NetService, class com.almasb.fxgl.app.services.UpdaterService]
20:56:06.879 [FXGL Background Thread 2 ] DEBUG Engine               - globalMusicVolume: 0.5
20:56:06.879 [FXGL Background Thread 2 ] DEBUG Engine               - width: 600
20:56:06.879 [FXGL Background Thread 2 ] DEBUG Engine               - saveFileExt: sav
20:56:06.879 [FXGL Background Thread 2 ] DEBUG Engine               - isAndroid: false
20:56:06.879 [FXGL Background Thread 2 ] DEBUG Engine               - fontUI: VarelaRound-Regular.ttf
20:56:06.880 [FXGL Background Thread 2 ] DEBUG Engine               - enabledMenuItems: []
20:56:06.880 [FXGL Background Thread 2 ] DEBUG Engine               - isIOS: false
20:56:06.880 [FXGL Background Thread 2 ] DEBUG Engine               - Logging services
20:56:06.880 [FXGL Background Thread 2 ] DEBUG Engine               - class com.almasb.fxgl.app.GameApplication$GameApplicationService
20:56:06.880 [FXGL Background Thread 2 ] DEBUG Engine               - class com.almasb.fxgl.app.services.WindowService
20:56:06.880 [FXGL Background Thread 2 ] DEBUG Engine               - class com.almasb.fxgl.app.services.FXGLDialogService
20:56:06.880 [FXGL Background Thread 2 ] DEBUG Engine               - class com.almasb.fxgl.app.services.IOTaskExecutorService
20:56:06.880 [FXGL Background Thread 2 ] DEBUG Engine               - class com.almasb.fxgl.event.EventBusService
20:56:06.880 [FXGL Background Thread 2 ] DEBUG Engine               - class com.almasb.fxgl.io.FileSystemService
20:56:06.880 [FXGL Background Thread 2 ] DEBUG Engine               - class com.almasb.fxgl.localization.LocalizationService
20:56:06.880 [FXGL Background Thread 2 ] DEBUG Engine               - class com.almasb.fxgl.app.services.AssetLoaderService
20:56:06.880 [FXGL Background Thread 2 ] DEBUG Engine               - class com.almasb.fxgl.app.services.SystemBundleService
20:56:06.880 [FXGL Background Thread 2 ] DEBUG Engine               - class com.almasb.fxgl.profile.SaveLoadService
20:56:06.880 [FXGL Background Thread 2 ] DEBUG Engine               - class com.almasb.fxgl.ui.FXGLUIFactoryServiceProvider
20:56:06.880 [FXGL Background Thread 2 ] DEBUG Engine               - class com.almasb.fxgl.ui.FXGLDialogFactoryServiceProvider
20:56:06.880 [FXGL Background Thread 2 ] DEBUG Engine               - class com.almasb.fxgl.audio.AudioPlayer
20:56:06.880 [FXGL Background Thread 2 ] DEBUG Engine               - class com.almasb.fxgl.notification.impl.NotificationServiceProvider
20:56:06.880 [FXGL Background Thread 2 ] DEBUG Engine               - class com.almasb.fxgl.achievement.AchievementService
20:56:06.880 [FXGL Background Thread 2 ] DEBUG Engine               - class com.almasb.fxgl.cutscene.CutsceneService
20:56:06.880 [FXGL Background Thread 2 ] DEBUG Engine               - class com.almasb.fxgl.minigames.MiniGameService
20:56:06.880 [FXGL Background Thread 2 ] DEBUG Engine               - class com.almasb.fxgl.net.NetService
20:56:06.880 [FXGL Background Thread 2 ] DEBUG Engine               - class com.almasb.fxgl.app.services.UpdaterService
20:56:07.198 [JavaFX Application Thread] DEBUG AssetLoaderService   - Loading from file system: /assets/textures/potHole.png
20:56:09.277 [JavaFX Application Thread] DEBUG AssetLoaderService   - Loading from file system: /assets/textures/moose.png
20:56:09.293 [JavaFX Application Thread] DEBUG AssetLoaderService   - Loading from cache: /assets/textures/potHole.png
20:56:11.373 [JavaFX Application Thread] DEBUG AssetLoaderService   - Loading from cache: /assets/textures/potHole.png
20:56:13.461 [JavaFX Application Thread] DEBUG AssetLoaderService   - Loading from cache: /assets/textures/moose.png
20:56:13.469 [JavaFX Application Thread] DEBUG AssetLoaderService   - Loading from cache: /assets/textures/potHole.png
20:56:15.565 [JavaFX Application Thread] DEBUG AssetLoaderService   - Loading from cache: /assets/textures/potHole.png
20:56:17.205 [JavaFX Application Thread] DEBUG GameApplication      - Exiting FXGL
20:56:17.205 [JavaFX Application Thread] DEBUG LoopRunner           - Stopping loop
20:56:17.206 [JavaFX Application Thread] DEBUG SystemBundleService  - Saving FXGL system data
20:56:17.207 [JavaFX Application Thread] DEBUG FileSystemAccess     - Writing to: C:\Users\micha\Desktop\JavaMooseGame\system\fxgl.bundle
20:56:17.208 [JavaFX Application Thread] DEBUG GameApplication      - Shutting down background threads
20:56:17.208 [JavaFX Application Thread] DEBUG GameApplication      - Closing logger and exiting JavaFX
