18:42:05.575 [main                     ] DEBUG GameApplication      - Logger initialized
18:42:05.580 [main                     ] DEBUG GameApplication      - Logging settings
Title: MooseGame
Version: 0.3
Width: 600
Height: 900
Fullscreen: false
Intro: false
Menus: true
Profiling: false
Single step:false
App Mode: DEVELOPER
Menu Key: ESCAPE
Stage Style: DECORATED
Scene Factory: class MooseGameApp$1

18:42:05.898 [JavaFX Application Thread] DEBUG GameApplication      - Initializing FXGL
18:42:05.905 [JavaFX Application Thread] INFO  Engine               - FXGL-11.8 (08.03.2020 09.09) on WINDOWS (J:14.0.1 FX:13.0.2)
18:42:05.905 [JavaFX Application Thread] INFO  Engine               - Source code and latest versions at: https://github.com/AlmasB/FXGL
18:42:05.905 [JavaFX Application Thread] INFO  Engine               -              Join the FXGL chat at: https://gitter.im/AlmasB/FXGL
18:42:06.001 [JavaFX Application Thread] DEBUG MainWindow           - Creating a JavaFX scene
18:42:06.040 [JavaFX Application Thread] DEBUG MainWindow           - Target settings size: 600.0 x 900.0
18:42:06.040 [JavaFX Application Thread] DEBUG MainWindow           - Scaled scene size:    600.0 x 900.0
18:42:06.040 [JavaFX Application Thread] DEBUG MainWindow           - Scaled ratio: (1.0, 1.0)
18:42:06.041 [JavaFX Application Thread] DEBUG MainWindow           - Set initial scene to FXGLStartupScene
18:42:06.046 [JavaFX Application Thread] DEBUG MainWindow           - Opening main window
18:42:06.125 [JavaFX Application Thread] DEBUG MainWindow           - Window border size: (16.0, 39.0)
18:42:06.125 [JavaFX Application Thread] DEBUG MainWindow           - Scaled size: 600.0 x 900.0
18:42:06.125 [JavaFX Application Thread] DEBUG MainWindow           - Scaled ratio: (1.0, 1.0)
18:42:06.125 [JavaFX Application Thread] DEBUG MainWindow           - Scene size: 600.0 x 900.0
18:42:06.126 [JavaFX Application Thread] DEBUG MainWindow           - Stage size: 616.0 x 939.0
18:42:06.132 [FXGL Background Thread 1 ] DEBUG Engine               - Initializing environment variables
18:42:06.156 [FXGL Background Thread 1 ] DEBUG WindowService        - Applying CSS: fxgl_dark.css
18:42:06.157 [FXGL Background Thread 1 ] DEBUG AssetLoaderService   - Loading from file system: /assets/ui/css/fxgl_dark.css
18:42:06.194 [FXGL Background Thread 1 ] DEBUG WindowService        - Initializing application scenes
18:42:06.220 [FXGL Background Thread 1 ] DEBUG GameWorld            - Game world initialized
18:42:06.248 [FXGL Background Thread 1 ] DEBUG PhysicsWorld         - Physics world initialized: appHeight=900, physics.ppm=50.0
18:42:06.249 [FXGL Background Thread 1 ] DEBUG GameScene            - Game scene initialized: 600x900
18:42:06.256 [FXGL Background Thread 1 ] DEBUG AssetLoaderService   - Loading from file system: /assets/textures/Roadway.png
18:42:06.326 [FXGL Background Thread 1 ] DEBUG AssetLoaderService   - Loading from file system: /assets/sounds/selection.mp3
18:42:06.399 [FXGL Background Thread 1 ] DEBUG AssetLoaderService   - Loading from cache: /assets/sounds/selection.mp3
18:42:06.400 [FXGL Background Thread 1 ] DEBUG AssetLoaderService   - Loading from cache: /assets/sounds/selection.mp3
18:42:06.400 [FXGL Background Thread 1 ] DEBUG AssetLoaderService   - Loading from cache: /assets/sounds/selection.mp3
18:42:06.401 [FXGL Background Thread 1 ] DEBUG AssetLoaderService   - Loading from cache: /assets/sounds/selection.mp3
18:42:06.426 [FXGL Background Thread 1 ] DEBUG AssetLoaderService   - Loading from file system: /assets/music/Poisoncut_-_MenuMusic.mp3
18:42:06.489 [FXGL Background Thread 1 ] DEBUG AudioPlayer          - Playing music com.almasb.fxgl.audio.Music@399a2ead
18:42:06.505 [FXGL Background Thread 1 ] DEBUG AssetLoaderService   - Loading from file system: /assets/textures/particles/trace_horizontal.png
18:42:06.531 [FXGL Background Thread 1 ] WARN  FXGL.DefaultMenu     - FXGLDefaultMenu is not designed for resolutions < 800x600
18:42:06.531 [FXGL Background Thread 1 ] DEBUG FXGL.DefaultMenu     - createMenuBodyGameMenu()
18:42:06.539 [FXGL Background Thread 1 ] DEBUG FXGL.DefaultMenu     - createOptionsMenu()
18:42:06.543 [FXGL Background Thread 1 ] DEBUG AssetLoaderService   - Loading from file system: /assets/textures/particles/smoke.png
18:42:06.578 [FXGL Background Thread 1 ] DEBUG WindowService        - Application scenes initialized
18:42:06.584 [FXGL Background Thread 1 ] DEBUG SystemBundleService  - Loading FXGL system data
18:42:06.586 [FXGL Background Thread 1 ] DEBUG FileSystemAccess     - Reading from: C:\Users\micha\Desktop\JavaMooseGame\system\fxgl.bundle
18:42:06.590 [FXGL Background Thread 1 ] DEBUG SystemBundleService  - Bundle FXGL: {}
18:42:06.591 [FXGL Background Thread 1 ] INFO  Engine               - FXGL initialization took: 0.457 sec
18:42:06.592 [FXGL Background Thread 1 ] DEBUG GameApplication      - Loading localizations
18:42:06.592 [FXGL Background Thread 1 ] DEBUG AssetLoaderService   - Loading from file system: /assets/properties/languages/english.properties
18:42:06.593 [FXGL Background Thread 1 ] DEBUG AssetLoaderService   - Loading from file system: /assets/properties/languages/french.properties
18:42:06.594 [FXGL Background Thread 1 ] DEBUG AssetLoaderService   - Loading from file system: /assets/properties/languages/german.properties
18:42:06.595 [FXGL Background Thread 1 ] DEBUG AssetLoaderService   - Loading from file system: /assets/properties/languages/hungarian.properties
18:42:06.596 [FXGL Background Thread 1 ] DEBUG AssetLoaderService   - Loading from file system: /assets/properties/languages/russian.properties
18:42:06.597 [FXGL Background Thread 1 ] DEBUG GameApplication      - Registering font factories with UI factory
18:42:06.597 [FXGL Background Thread 1 ] DEBUG AssetLoaderService   - Loading from file system: /assets/ui/fonts/VarelaRound-Regular.ttf
18:42:06.635 [FXGL Background Thread 1 ] DEBUG AssetLoaderService   - Loading from file system: /assets/ui/fonts/Abel-Regular.ttf
18:42:06.643 [FXGL Background Thread 1 ] DEBUG AssetLoaderService   - Loading from file system: /assets/ui/fonts/lucida_console.ttf
18:42:06.652 [FXGL Background Thread 1 ] DEBUG AssetLoaderService   - Loading from file system: /assets/ui/fonts/Courier-Prime.ttf
18:42:06.665 [JavaFX Application Thread] DEBUG Input                - Registered new binding: action0 - A
18:42:06.666 [JavaFX Application Thread] DEBUG Input                - Registered new binding: action1 - S
18:42:06.666 [JavaFX Application Thread] DEBUG Input                - Registered new binding: action2 - D
18:42:06.666 [JavaFX Application Thread] DEBUG Input                - Registered new binding: action3 - W
18:42:06.666 [JavaFX Application Thread] DEBUG Input                - Registered new binding: action4 - 1
18:42:06.666 [JavaFX Application Thread] DEBUG Input                - Registered new binding: action5 - 2
18:42:06.666 [JavaFX Application Thread] DEBUG Input                - Registered new binding: action6 - 3
18:42:06.667 [JavaFX Application Thread] DEBUG Input                - Registered new binding: action7 - Left
18:42:06.667 [JavaFX Application Thread] DEBUG Input                - Registered new binding: action8 - Down
18:42:06.667 [JavaFX Application Thread] DEBUG Input                - Registered new binding: action9 - Right
18:42:06.667 [JavaFX Application Thread] DEBUG Input                - Registered new binding: action10 - Up
18:42:06.667 [JavaFX Application Thread] DEBUG AssetLoaderService   - Loading from file system: /assets/textures/fxgl_icon.png
18:42:06.676 [JavaFX Application Thread] DEBUG AssetLoaderService   - Loading from file system: /assets/ui/cursors/fxgl_default.png
18:42:06.677 [JavaFX Application Thread] DEBUG Input                - Registered new binding: Screenshot - P
18:42:06.677 [JavaFX Application Thread] DEBUG Input                - Registered new binding: System info dump - CTRL+9
18:42:06.678 [JavaFX Application Thread] DEBUG Input                - Registered new binding: Restart - CTRL+R
18:42:06.678 [JavaFX Application Thread] DEBUG LoopRunner           - Starting loop
18:42:06.688 [JavaFX Application Thread] DEBUG FXGLStartupScene     - STARTUP
18:42:06.688 [JavaFX Application Thread] DEBUG Input                - Clearing active input actions
18:42:06.700 [JavaFX Application Thread] DEBUG WindowService        - Removing overlay from FXGLStartupScene and adding to MooseGameMenu
18:42:06.700 [JavaFX Application Thread] DEBUG MainWindow           - FXGLStartupScene -> MooseGameMenu
18:42:07.770 [JavaFX Application Thread] DEBUG GameApplication      - Exiting FXGL
18:42:07.770 [JavaFX Application Thread] DEBUG LoopRunner           - Stopping loop
18:42:07.770 [JavaFX Application Thread] DEBUG SystemBundleService  - Saving FXGL system data
18:42:07.772 [JavaFX Application Thread] DEBUG FileSystemAccess     - Writing to: C:\Users\micha\Desktop\JavaMooseGame\system\fxgl.bundle
18:42:07.773 [JavaFX Application Thread] DEBUG GameApplication      - Shutting down background threads
18:42:07.774 [JavaFX Application Thread] DEBUG GameApplication      - Closing logger and exiting JavaFX
