13:38:07.439 [main                     ] DEBUG GameApplication      - Logger initialized
13:38:07.444 [main                     ] DEBUG GameApplication      - Logging settings
Title: MooseGame
Version: 0.3
Width: 600
Height: 900
Fullscreen: false
Intro: false
Menus: true
Profiling: false
Single step:false
App Mode: DEVELOPER
Menu Key: ESCAPE
Stage Style: DECORATED
Scene Factory: class com.almasb.fxgl.app.scene.SceneFactory

13:38:07.759 [JavaFX Application Thread] DEBUG GameApplication      - Initializing FXGL
13:38:07.767 [JavaFX Application Thread] INFO  Engine               - FXGL-11.8 (08.03.2020 09.09) on WINDOWS (J:14.0.1 FX:13.0.2)
13:38:07.767 [JavaFX Application Thread] INFO  Engine               - Source code and latest versions at: https://github.com/AlmasB/FXGL
13:38:07.767 [JavaFX Application Thread] INFO  Engine               -              Join the FXGL chat at: https://gitter.im/AlmasB/FXGL
13:38:07.871 [JavaFX Application Thread] DEBUG MainWindow           - Creating a JavaFX scene
13:38:07.916 [JavaFX Application Thread] DEBUG MainWindow           - Target settings size: 600.0 x 900.0
13:38:07.916 [JavaFX Application Thread] DEBUG MainWindow           - Scaled scene size:    600.0 x 900.0
13:38:07.916 [JavaFX Application Thread] DEBUG MainWindow           - Scaled ratio: (1.0, 1.0)
13:38:07.917 [JavaFX Application Thread] DEBUG MainWindow           - Set initial scene to FXGLStartupScene
13:38:07.923 [JavaFX Application Thread] DEBUG MainWindow           - Opening main window
13:38:08.001 [JavaFX Application Thread] DEBUG MainWindow           - Window border size: (16.0, 39.0)
13:38:08.001 [JavaFX Application Thread] DEBUG MainWindow           - Scaled size: 600.0 x 900.0
13:38:08.002 [JavaFX Application Thread] DEBUG MainWindow           - Scaled ratio: (1.0, 1.0)
13:38:08.002 [JavaFX Application Thread] DEBUG MainWindow           - Scene size: 600.0 x 900.0
13:38:08.002 [JavaFX Application Thread] DEBUG MainWindow           - Stage size: 616.0 x 939.0
13:38:08.008 [FXGL Background Thread 1 ] DEBUG Engine               - Initializing environment variables
13:38:08.036 [FXGL Background Thread 1 ] DEBUG WindowService        - Applying CSS: fxgl_dark.css
13:38:08.037 [FXGL Background Thread 1 ] DEBUG AssetLoaderService   - Loading from file system: /assets/ui/css/fxgl_dark.css
13:38:08.073 [FXGL Background Thread 1 ] DEBUG WindowService        - Initializing application scenes
13:38:08.100 [FXGL Background Thread 1 ] DEBUG GameWorld            - Game world initialized
13:38:08.130 [FXGL Background Thread 1 ] DEBUG PhysicsWorld         - Physics world initialized: appHeight=900, physics.ppm=50.0
13:38:08.132 [FXGL Background Thread 1 ] DEBUG GameScene            - Game scene initialized: 600x900
13:38:08.152 [FXGL Background Thread 1 ] DEBUG AssetLoaderService   - Loading from file system: /assets/textures/particles/trace_horizontal.png
13:38:08.196 [FXGL Background Thread 1 ] WARN  FXGL.DefaultMenu     - FXGLDefaultMenu is not designed for resolutions < 800x600
13:38:08.196 [FXGL Background Thread 1 ] DEBUG FXGL.DefaultMenu     - createMenuBodyMainMenu()
13:38:08.210 [FXGL Background Thread 1 ] DEBUG FXGL.DefaultMenu     - createOptionsMenu()
13:38:08.213 [FXGL Background Thread 1 ] DEBUG AssetLoaderService   - Loading from file system: /assets/textures/particles/smoke.png
13:38:08.263 [FXGL Background Thread 1 ] DEBUG AssetLoaderService   - Loading from cache: /assets/textures/particles/trace_horizontal.png@64.0x64.0
13:38:08.263 [FXGL Background Thread 1 ] WARN  FXGL.DefaultMenu     - FXGLDefaultMenu is not designed for resolutions < 800x600
13:38:08.263 [FXGL Background Thread 1 ] DEBUG FXGL.DefaultMenu     - createMenuBodyGameMenu()
13:38:08.264 [FXGL Background Thread 1 ] DEBUG FXGL.DefaultMenu     - createOptionsMenu()
13:38:08.267 [FXGL Background Thread 1 ] DEBUG AssetLoaderService   - Loading from cache: /assets/textures/particles/smoke.png@128.0x128.0
13:38:08.278 [FXGL Background Thread 1 ] DEBUG WindowService        - Application scenes initialized
13:38:08.284 [FXGL Background Thread 1 ] DEBUG SystemBundleService  - Loading FXGL system data
13:38:08.287 [FXGL Background Thread 1 ] DEBUG FileSystemAccess     - Reading from: C:\Users\micha\Desktop\JavaMooseGame\system\fxgl.bundle
13:38:08.293 [FXGL Background Thread 1 ] DEBUG SystemBundleService  - Bundle FXGL: {}
13:38:08.293 [FXGL Background Thread 1 ] INFO  Engine               - FXGL initialization took: 0.283 sec
13:38:08.294 [FXGL Background Thread 1 ] DEBUG GameApplication      - Loading localizations
13:38:08.295 [FXGL Background Thread 1 ] DEBUG AssetLoaderService   - Loading from file system: /assets/properties/languages/english.properties
13:38:08.296 [FXGL Background Thread 1 ] DEBUG AssetLoaderService   - Loading from file system: /assets/properties/languages/french.properties
13:38:08.297 [FXGL Background Thread 1 ] DEBUG AssetLoaderService   - Loading from file system: /assets/properties/languages/german.properties
13:38:08.298 [FXGL Background Thread 1 ] DEBUG AssetLoaderService   - Loading from file system: /assets/properties/languages/hungarian.properties
13:38:08.299 [FXGL Background Thread 1 ] DEBUG AssetLoaderService   - Loading from file system: /assets/properties/languages/russian.properties
13:38:08.300 [FXGL Background Thread 1 ] DEBUG GameApplication      - Registering font factories with UI factory
13:38:08.300 [FXGL Background Thread 1 ] DEBUG AssetLoaderService   - Loading from file system: /assets/ui/fonts/VarelaRound-Regular.ttf
13:38:08.340 [FXGL Background Thread 1 ] DEBUG AssetLoaderService   - Loading from file system: /assets/ui/fonts/Abel-Regular.ttf
13:38:08.347 [FXGL Background Thread 1 ] DEBUG AssetLoaderService   - Loading from file system: /assets/ui/fonts/lucida_console.ttf
13:38:08.356 [FXGL Background Thread 1 ] DEBUG AssetLoaderService   - Loading from file system: /assets/ui/fonts/Courier-Prime.ttf
13:38:08.373 [JavaFX Application Thread] DEBUG Input                - Registered new binding: action0 - A
13:38:08.374 [JavaFX Application Thread] DEBUG Input                - Registered new binding: action1 - S
13:38:08.374 [JavaFX Application Thread] DEBUG Input                - Registered new binding: action2 - D
13:38:08.374 [JavaFX Application Thread] DEBUG Input                - Registered new binding: action3 - W
13:38:08.374 [JavaFX Application Thread] DEBUG Input                - Registered new binding: action4 - Space
13:38:08.375 [JavaFX Application Thread] DEBUG Input                - Registered new binding: action5 - Left
13:38:08.375 [JavaFX Application Thread] DEBUG Input                - Registered new binding: action6 - Down
13:38:08.375 [JavaFX Application Thread] DEBUG Input                - Registered new binding: action7 - Right
13:38:08.376 [JavaFX Application Thread] DEBUG Input                - Registered new binding: action8 - Up
13:38:08.376 [JavaFX Application Thread] DEBUG AssetLoaderService   - Loading from file system: /assets/textures/fxgl_icon.png
13:38:08.392 [JavaFX Application Thread] DEBUG AssetLoaderService   - Loading from file system: /assets/ui/cursors/fxgl_default.png
13:38:08.394 [JavaFX Application Thread] DEBUG Input                - Registered new binding: Screenshot - P
13:38:08.394 [JavaFX Application Thread] DEBUG Input                - Registered new binding: System info dump - CTRL+9
13:38:08.394 [JavaFX Application Thread] DEBUG Input                - Registered new binding: Restart - CTRL+R
13:38:08.395 [JavaFX Application Thread] DEBUG LoopRunner           - Starting loop
13:38:08.407 [JavaFX Application Thread] DEBUG FXGLStartupScene     - STARTUP
13:38:08.410 [JavaFX Application Thread] DEBUG Input                - Clearing active input actions
13:38:08.427 [JavaFX Application Thread] DEBUG WindowService        - Removing overlay from FXGLStartupScene and adding to FXGLDefaultMenu
13:38:08.428 [JavaFX Application Thread] DEBUG MainWindow           - FXGLStartupScene -> FXGLDefaultMenu
13:38:09.389 [JavaFX Application Thread] DEBUG Menu                 - fireNewGame()
13:38:09.389 [JavaFX Application Thread] DEBUG WindowService        - Starting new game
13:38:09.389 [JavaFX Application Thread] DEBUG Input                - Clearing active input actions
13:38:09.400 [JavaFX Application Thread] DEBUG WindowService        - Removing overlay from FXGLDefaultMenu and adding to FXGLLoadingScene
13:38:09.400 [JavaFX Application Thread] DEBUG MainWindow           - FXGLDefaultMenu -> FXGLLoadingScene
13:38:09.400 [JavaFX Application Thread] DEBUG WindowService        - Clearing previous game
13:38:09.400 [JavaFX Application Thread] DEBUG GameScene            - Clearing game scene
13:38:09.400 [JavaFX Application Thread] DEBUG GameWorld            - Clearing game world
13:38:09.401 [JavaFX Application Thread] DEBUG PhysicsWorld         - Clearing physics world
13:38:09.402 [FXGL Background Thread 1 ] DEBUG GameApplication      - Initializing game
13:38:09.403 [FXGL Background Thread 1 ] DEBUG AssetLoaderService   - Loading from file system: /assets/music/Poisoncut_-_Phantom_Of_The_Road__8-Bit_Rally_Soundtrack_.mp3
13:38:09.531 [FXGL Background Thread 1 ] DEBUG AudioPlayer          - Playing music com.almasb.fxgl.audio.Music@74e62e44
13:38:09.541 [FXGL Background Thread 1 ] DEBUG AssetLoaderService   - Loading from file system: /assets/textures/road_with_patches.png
13:38:09.551 [FXGL Background Thread 1 ] DEBUG AssetLoaderService   - Loading from cache: /assets/textures/road_with_patches.png
13:38:09.551 [FXGL Background Thread 1 ] DEBUG AssetLoaderService   - Loading from file system: /assets/textures/Car_Audi_Sport_Quattro_86x145.png
13:38:09.562 [FXGL Background Thread 1 ] DEBUG AssetLoaderService   - Loading from file system: /assets/textures/signpost.png
13:38:09.568 [FXGL Background Thread 1 ] DEBUG AssetLoaderService   - Loading from file system: /assets/ui/moosegame_ui.fxml
13:38:09.634 [FXGL Background Thread 1 ] INFO  GameApplication      - Game initialization took: 0.232 sec
13:38:09.634 [JavaFX Application Thread] DEBUG Input                - Clearing active input actions
13:38:09.640 [JavaFX Application Thread] DEBUG WindowService        - Removing overlay from FXGLLoadingScene and adding to GameScene
13:38:09.641 [JavaFX Application Thread] DEBUG MainWindow           - FXGLLoadingScene -> GameScene
13:38:10.899 [JavaFX Application Thread] DEBUG AssetLoaderService   - Loading from file system: /assets/textures/mooseWalkAnimation.png
13:38:11.295 [FXGL Background Thread 2 ] DEBUG Engine               - Logging environment variables
13:38:11.295 [FXGL Background Thread 2 ] DEBUG Engine               - achievements: []
13:38:11.295 [FXGL Background Thread 2 ] DEBUG Engine               - language: ObjectProperty [value: ENGLISH]
13:38:11.295 [JavaFX Application Thread] DEBUG MainWindow           - Push state: DialogSubScene
13:38:11.295 [FXGL Background Thread 2 ] DEBUG Engine               - isCloseConfirmation: false
13:38:11.295 [FXGL Background Thread 2 ] DEBUG Engine               - isProfilingEnabled: false
13:38:11.295 [JavaFX Application Thread] DEBUG Input                - Clearing active input actions
13:38:11.295 [FXGL Background Thread 2 ] DEBUG Engine               - soundNotification: core/notification.wav
13:38:11.295 [FXGL Background Thread 2 ] DEBUG Engine               - devShowBBoxProperty: BooleanProperty [value: false]
13:38:11.295 [FXGL Background Thread 2 ] DEBUG Engine               - pixelsPerMeter: 50.0
13:38:11.295 [FXGL Background Thread 2 ] DEBUG Engine               - soundMenuBack: menu/back.wav
13:38:11.295 [FXGL Background Thread 2 ] DEBUG Engine               - appIcon: fxgl_icon.png
13:38:11.295 [FXGL Background Thread 2 ] DEBUG Engine               - isFullScreenAllowed: false
13:38:11.296 [FXGL Background Thread 2 ] DEBUG Engine               - isIntroEnabled: false
13:38:11.296 [FXGL Background Thread 2 ] DEBUG Engine               - fontMono: lucida_console.ttf
13:38:11.296 [FXGL Background Thread 2 ] DEBUG Engine               - soundMenuSelect: menu/select.wav
13:38:11.296 [FXGL Background Thread 2 ] DEBUG Engine               - isWindows: true
13:38:11.296 [FXGL Background Thread 2 ] DEBUG Engine               - isMobile: false
13:38:11.296 [FXGL Background Thread 2 ] DEBUG Engine               - isUserProfileEnabled: false
13:38:11.296 [FXGL Background Thread 2 ] DEBUG Engine               - height: 900
13:38:11.296 [FXGL Background Thread 2 ] DEBUG Engine               - isExperimentalNative: false
13:38:11.296 [FXGL Background Thread 2 ] DEBUG Engine               - settings: Title: MooseGame
Version: 0.3
Width: 600
Height: 900
Fullscreen: false
Intro: false
Menus: true
Profiling: false
Single step:false
App Mode: DEVELOPER
Menu Key: ESCAPE
Stage Style: DECORATED
Scene Factory: class com.almasb.fxgl.app.scene.SceneFactory

13:38:11.296 [FXGL Background Thread 2 ] DEBUG Engine               - isSingleStep: false
13:38:11.296 [FXGL Background Thread 2 ] DEBUG Engine               - cSSList: [fxgl_dark.css]
13:38:11.296 [FXGL Background Thread 2 ] DEBUG Engine               - fontGame: Abel-Regular.ttf
13:38:11.296 [FXGL Background Thread 2 ] DEBUG Engine               - menuKey: ESCAPE
13:38:11.296 [FXGL Background Thread 2 ] DEBUG Engine               - devShowPositionProperty: BooleanProperty [value: false]
13:38:11.296 [FXGL Background Thread 2 ] DEBUG Engine               - versionCheckDays: 7
13:38:11.296 [FXGL Background Thread 2 ] DEBUG Engine               - configClass: Optional.empty
13:38:11.296 [FXGL Background Thread 2 ] DEBUG Engine               - isFullScreenFromStart: false
13:38:11.296 [FXGL Background Thread 2 ] DEBUG Engine               - version: 0.3
13:38:11.297 [FXGL Background Thread 2 ] DEBUG Engine               - fullScreen: BooleanProperty [value: false]
13:38:11.297 [FXGL Background Thread 2 ] DEBUG Engine               - randomSeed: -1
13:38:11.297 [FXGL Background Thread 2 ] DEBUG Engine               - gameDifficultyProperty: ObjectProperty [value: MEDIUM]
13:38:11.297 [FXGL Background Thread 2 ] DEBUG Engine               - applicationMode: DEVELOPER
13:38:11.297 [FXGL Background Thread 2 ] DEBUG Engine               - isMac: false
13:38:11.297 [FXGL Background Thread 2 ] DEBUG Engine               - isMenuEnabled: true
13:38:11.297 [FXGL Background Thread 2 ] DEBUG Engine               - profileName: StringProperty [value: DEFAULT]
13:38:11.297 [FXGL Background Thread 2 ] DEBUG Engine               - urlPOM: https://raw.githubusercontent.com/AlmasB/FXGL/master/pom.xml
13:38:11.297 [FXGL Background Thread 2 ] DEBUG Engine               - notificationViewClass: class com.almasb.fxgl.notification.view.XboxNotificationView
13:38:11.297 [JavaFX Application Thread] DEBUG WindowService        - Removing overlay from GameScene and adding to DialogSubScene
13:38:11.297 [FXGL Background Thread 2 ] DEBUG Engine               - devSensorColorProperty: ObjectProperty [value: 0xffff00ff]
13:38:11.297 [JavaFX Application Thread] DEBUG MainWindow           - GameScene -> DialogSubScene
13:38:11.297 [FXGL Background Thread 2 ] DEBUG Engine               - sceneFactory: com.almasb.fxgl.app.scene.SceneFactory@703b1db5
13:38:11.297 [FXGL Background Thread 2 ] DEBUG Engine               - stageStyle: DECORATED
13:38:11.297 [FXGL Background Thread 2 ] DEBUG Engine               - isManualResizeEnabled: false
13:38:11.297 [FXGL Background Thread 2 ] DEBUG Engine               - title: MooseGame
13:38:11.297 [FXGL Background Thread 2 ] DEBUG Engine               - platform: WINDOWS
13:38:11.297 [FXGL Background Thread 2 ] DEBUG Engine               - devBBoxColorProperty: ObjectProperty [value: 0xff0000ff]
13:38:11.297 [FXGL Background Thread 2 ] DEBUG Engine               - gameDifficulty: MEDIUM
13:38:11.297 [FXGL Background Thread 2 ] DEBUG Engine               - isDesktop: true
13:38:11.297 [FXGL Background Thread 2 ] DEBUG Engine               - supportedLanguages: [ENGLISH, FRENCH, GERMAN, HUNGARIAN, RUSSIAN]
13:38:11.297 [FXGL Background Thread 2 ] DEBUG Engine               - credits: []
13:38:11.298 [FXGL Background Thread 2 ] DEBUG Engine               - globalMusicVolumeProperty: DoubleProperty [value: 0.5]
13:38:11.298 [FXGL Background Thread 2 ] DEBUG Engine               - isPreserveResizeRatio: false
13:38:11.298 [FXGL Background Thread 2 ] DEBUG Engine               - fontText: Courier-Prime.ttf
13:38:11.298 [FXGL Background Thread 2 ] DEBUG Engine               - isExperimentalTiledLargeMap: false
13:38:11.298 [FXGL Background Thread 2 ] DEBUG Engine               - secondsIn24h: 60
13:38:11.298 [FXGL Background Thread 2 ] DEBUG Engine               - runtimeInfo: RuntimeInfo(platform=WINDOWS, version=11.8, build=08.03.2020 09.09)
13:38:11.298 [FXGL Background Thread 2 ] DEBUG Engine               - isLinux: false
13:38:11.298 [FXGL Background Thread 2 ] DEBUG Engine               - soundMenuPress: menu/press.wav
13:38:11.298 [FXGL Background Thread 2 ] DEBUG Engine               - urlGithub: https://github.com/AlmasB/FXGL
13:38:11.298 [FXGL Background Thread 2 ] DEBUG Engine               - profileDir: profiles/
13:38:11.298 [FXGL Background Thread 2 ] DEBUG Engine               - isDeveloperMenuEnabled: false
13:38:11.298 [FXGL Background Thread 2 ] DEBUG Engine               - globalSoundVolumeProperty: DoubleProperty [value: 0.5]
13:38:11.298 [FXGL Background Thread 2 ] DEBUG Engine               - mainWindow: com.almasb.fxgl.app.MainWindow@7404876a
13:38:11.298 [FXGL Background Thread 2 ] DEBUG Engine               - isBrowser: false
13:38:11.298 [FXGL Background Thread 2 ] DEBUG Engine               - urlLeaderboard: http://fxgl-top.herokuapp.com/
13:38:11.298 [FXGL Background Thread 2 ] DEBUG Engine               - globalSoundVolume: 0.5
13:38:11.298 [FXGL Background Thread 2 ] DEBUG Engine               - engineServices: [class com.almasb.fxgl.app.GameApplication$GameApplicationService, class com.almasb.fxgl.app.services.WindowService, class com.almasb.fxgl.app.services.FXGLDialogService, class com.almasb.fxgl.app.services.IOTaskExecutorService, class com.almasb.fxgl.event.EventBusService, class com.almasb.fxgl.io.FileSystemService, class com.almasb.fxgl.localization.LocalizationService, class com.almasb.fxgl.app.services.AssetLoaderService, class com.almasb.fxgl.app.services.SystemBundleService, class com.almasb.fxgl.profile.SaveLoadService, class com.almasb.fxgl.ui.FXGLUIFactoryServiceProvider, class com.almasb.fxgl.ui.FXGLDialogFactoryServiceProvider, class com.almasb.fxgl.audio.AudioPlayer, class com.almasb.fxgl.notification.impl.NotificationServiceProvider, class com.almasb.fxgl.achievement.AchievementService, class com.almasb.fxgl.cutscene.CutsceneService, class com.almasb.fxgl.minigames.MiniGameService, class com.almasb.fxgl.net.NetService, class com.almasb.fxgl.app.services.UpdaterService]
13:38:11.298 [FXGL Background Thread 2 ] DEBUG Engine               - globalMusicVolume: 0.5
13:38:11.298 [FXGL Background Thread 2 ] DEBUG Engine               - width: 600
13:38:11.298 [FXGL Background Thread 2 ] DEBUG Engine               - saveFileExt: sav
13:38:11.298 [FXGL Background Thread 2 ] DEBUG Engine               - isAndroid: false
13:38:11.298 [FXGL Background Thread 2 ] DEBUG Engine               - fontUI: VarelaRound-Regular.ttf
13:38:11.299 [FXGL Background Thread 2 ] DEBUG Engine               - enabledMenuItems: []
13:38:11.299 [FXGL Background Thread 2 ] DEBUG Engine               - isIOS: false
13:38:11.299 [FXGL Background Thread 2 ] DEBUG Engine               - Logging services
13:38:11.299 [FXGL Background Thread 2 ] DEBUG Engine               - class com.almasb.fxgl.app.GameApplication$GameApplicationService
13:38:11.299 [FXGL Background Thread 2 ] DEBUG Engine               - class com.almasb.fxgl.app.services.WindowService
13:38:11.299 [FXGL Background Thread 2 ] DEBUG Engine               - class com.almasb.fxgl.app.services.FXGLDialogService
13:38:11.299 [FXGL Background Thread 2 ] DEBUG Engine               - class com.almasb.fxgl.app.services.IOTaskExecutorService
13:38:11.299 [FXGL Background Thread 2 ] DEBUG Engine               - class com.almasb.fxgl.event.EventBusService
13:38:11.299 [FXGL Background Thread 2 ] DEBUG Engine               - class com.almasb.fxgl.io.FileSystemService
13:38:11.299 [FXGL Background Thread 2 ] DEBUG Engine               - class com.almasb.fxgl.localization.LocalizationService
13:38:11.299 [FXGL Background Thread 2 ] DEBUG Engine               - class com.almasb.fxgl.app.services.AssetLoaderService
13:38:11.299 [FXGL Background Thread 2 ] DEBUG Engine               - class com.almasb.fxgl.app.services.SystemBundleService
13:38:11.299 [FXGL Background Thread 2 ] DEBUG Engine               - class com.almasb.fxgl.profile.SaveLoadService
13:38:11.299 [FXGL Background Thread 2 ] DEBUG Engine               - class com.almasb.fxgl.ui.FXGLUIFactoryServiceProvider
13:38:11.299 [FXGL Background Thread 2 ] DEBUG Engine               - class com.almasb.fxgl.ui.FXGLDialogFactoryServiceProvider
13:38:11.299 [FXGL Background Thread 2 ] DEBUG Engine               - class com.almasb.fxgl.audio.AudioPlayer
13:38:11.299 [FXGL Background Thread 2 ] DEBUG Engine               - class com.almasb.fxgl.notification.impl.NotificationServiceProvider
13:38:11.299 [FXGL Background Thread 2 ] DEBUG Engine               - class com.almasb.fxgl.achievement.AchievementService
13:38:11.299 [FXGL Background Thread 2 ] DEBUG Engine               - class com.almasb.fxgl.cutscene.CutsceneService
13:38:11.299 [FXGL Background Thread 2 ] DEBUG Engine               - class com.almasb.fxgl.minigames.MiniGameService
13:38:11.299 [FXGL Background Thread 2 ] DEBUG Engine               - class com.almasb.fxgl.net.NetService
13:38:11.300 [FXGL Background Thread 2 ] DEBUG Engine               - class com.almasb.fxgl.app.services.UpdaterService
13:38:12.741 [JavaFX Application Thread] DEBUG MainWindow           - Pop state: DialogSubScene
13:38:12.741 [JavaFX Application Thread] DEBUG Input                - Clearing active input actions
13:38:12.741 [JavaFX Application Thread] DEBUG WindowService        - Removing overlay from DialogSubScene and adding to GameScene
13:38:12.742 [JavaFX Application Thread] DEBUG MainWindow           - GameScene <- DialogSubScene
13:38:12.742 [JavaFX Application Thread] DEBUG Input                - Clearing active input actions
13:38:12.749 [JavaFX Application Thread] DEBUG WindowService        - Removing overlay from GameScene and adding to FXGLDefaultMenu
13:38:12.749 [JavaFX Application Thread] DEBUG MainWindow           - GameScene -> FXGLDefaultMenu
13:38:14.188 [JavaFX Application Thread] DEBUG GameApplication      - Exiting FXGL
13:38:14.189 [JavaFX Application Thread] DEBUG LoopRunner           - Stopping loop
13:38:14.189 [JavaFX Application Thread] DEBUG SystemBundleService  - Saving FXGL system data
13:38:14.190 [JavaFX Application Thread] DEBUG FileSystemAccess     - Writing to: C:\Users\micha\Desktop\JavaMooseGame\system\fxgl.bundle
13:38:14.191 [JavaFX Application Thread] DEBUG GameApplication      - Shutting down background threads
13:38:14.191 [JavaFX Application Thread] DEBUG GameApplication      - Closing logger and exiting JavaFX
