21:35:34.209 [main                     ] DEBUG GameApplication      - Logger initialized
21:35:34.227 [main                     ] DEBUG GameApplication      - Logging settings
Title: MooseGame
Version: 0.3
Width: 600
Height: 900
Fullscreen: false
Intro: false
Menus: true
Profiling: false
Single step:false
App Mode: DEVELOPER
Menu Key: ESCAPE
Stage Style: DECORATED
Scene Factory: class MooseGameApp$1

21:35:34.987 [JavaFX Application Thread] DEBUG GameApplication      - Initializing FXGL
21:35:35.005 [JavaFX Application Thread] INFO  Engine               - FXGL-11.8 (08.03.2020 09.09) on WINDOWS (J:14.0.1 FX:13.0.2)
21:35:35.005 [JavaFX Application Thread] INFO  Engine               - Source code and latest versions at: https://github.com/AlmasB/FXGL
21:35:35.005 [JavaFX Application Thread] INFO  Engine               -              Join the FXGL chat at: https://gitter.im/AlmasB/FXGL
21:35:35.160 [JavaFX Application Thread] DEBUG MainWindow           - Creating a JavaFX scene
21:35:35.160 [JavaFX Application Thread] DEBUG MainWindow           - Target size > screen size
21:35:35.229 [JavaFX Application Thread] DEBUG MainWindow           - Target settings size: 600.0 x 900.0
21:35:35.230 [JavaFX Application Thread] DEBUG MainWindow           - Scaled scene size:    524.0 x 823.0
21:35:35.230 [JavaFX Application Thread] DEBUG MainWindow           - Scaled ratio: (0.8733333333333333, 0.9144444444444444)
21:35:35.231 [JavaFX Application Thread] DEBUG MainWindow           - Set initial scene to FXGLStartupScene
21:35:35.240 [JavaFX Application Thread] DEBUG MainWindow           - Opening main window
21:35:35.455 [JavaFX Application Thread] DEBUG MainWindow           - Window border size: (14.4000244140625, 37.79998779296875)
21:35:35.456 [JavaFX Application Thread] DEBUG MainWindow           - Scaled size: 524.0 x 823.0
21:35:35.456 [JavaFX Application Thread] DEBUG MainWindow           - Scaled ratio: (0.8733333333333333, 0.9144444444444444)
21:35:35.456 [JavaFX Application Thread] DEBUG MainWindow           - Scene size: 524.0 x 823.0
21:35:35.457 [JavaFX Application Thread] DEBUG MainWindow           - Stage size: 538.4000244140625 x 860.7999877929688
21:35:35.466 [FXGL Background Thread 1 ] DEBUG Engine               - Initializing environment variables
21:35:35.504 [FXGL Background Thread 1 ] DEBUG WindowService        - Applying CSS: fxgl_dark.css
21:35:35.505 [FXGL Background Thread 1 ] DEBUG AssetLoaderService   - Loading from file system: /assets/ui/css/fxgl_dark.css
21:35:35.565 [FXGL Background Thread 1 ] DEBUG WindowService        - Initializing application scenes
21:35:35.612 [FXGL Background Thread 1 ] DEBUG GameWorld            - Game world initialized
21:35:35.666 [FXGL Background Thread 1 ] DEBUG PhysicsWorld         - Physics world initialized: appHeight=900, physics.ppm=50.0
21:35:35.671 [FXGL Background Thread 1 ] DEBUG GameScene            - Game scene initialized: 600x900
21:35:35.684 [FXGL Background Thread 1 ] DEBUG AssetLoaderService   - Loading from file system: /assets/textures/Roadway.png
21:35:35.845 [FXGL Background Thread 1 ] DEBUG AssetLoaderService   - Loading from file system: /assets/textures/particles/trace_horizontal.png
21:35:35.884 [FXGL Background Thread 1 ] WARN  FXGL.DefaultMenu     - FXGLDefaultMenu is not designed for resolutions < 800x600
21:35:35.884 [FXGL Background Thread 1 ] DEBUG FXGL.DefaultMenu     - createMenuBodyGameMenu()
21:35:35.895 [FXGL Background Thread 1 ] DEBUG FXGL.DefaultMenu     - createOptionsMenu()
21:35:35.901 [FXGL Background Thread 1 ] DEBUG AssetLoaderService   - Loading from file system: /assets/textures/particles/smoke.png
21:35:35.963 [FXGL Background Thread 1 ] DEBUG WindowService        - Application scenes initialized
21:35:35.973 [FXGL Background Thread 1 ] DEBUG SystemBundleService  - Loading FXGL system data
21:35:35.978 [FXGL Background Thread 1 ] DEBUG FileSystemAccess     - Reading from: C:\Users\jwnew\OneDrive\Desktop\Course Project\system\fxgl.bundle
21:35:35.984 [FXGL Background Thread 1 ] DEBUG SystemBundleService  - Bundle FXGL: {}
21:35:35.985 [FXGL Background Thread 1 ] INFO  Engine               - FXGL initialization took: 0.514 sec
21:35:35.986 [FXGL Background Thread 1 ] DEBUG GameApplication      - Loading localizations
21:35:35.987 [FXGL Background Thread 1 ] DEBUG AssetLoaderService   - Loading from file system: /assets/properties/languages/english.properties
21:35:35.989 [FXGL Background Thread 1 ] DEBUG AssetLoaderService   - Loading from file system: /assets/properties/languages/french.properties
21:35:35.990 [FXGL Background Thread 1 ] DEBUG AssetLoaderService   - Loading from file system: /assets/properties/languages/german.properties
21:35:35.991 [FXGL Background Thread 1 ] DEBUG AssetLoaderService   - Loading from file system: /assets/properties/languages/hungarian.properties
21:35:35.992 [FXGL Background Thread 1 ] DEBUG AssetLoaderService   - Loading from file system: /assets/properties/languages/russian.properties
21:35:35.994 [FXGL Background Thread 1 ] DEBUG GameApplication      - Registering font factories with UI factory
21:35:35.995 [FXGL Background Thread 1 ] DEBUG AssetLoaderService   - Loading from file system: /assets/ui/fonts/VarelaRound-Regular.ttf
21:35:36.070 [FXGL Background Thread 1 ] DEBUG AssetLoaderService   - Loading from file system: /assets/ui/fonts/Abel-Regular.ttf
21:35:36.081 [FXGL Background Thread 1 ] DEBUG AssetLoaderService   - Loading from file system: /assets/ui/fonts/lucida_console.ttf
21:35:36.096 [FXGL Background Thread 1 ] DEBUG AssetLoaderService   - Loading from file system: /assets/ui/fonts/Courier-Prime.ttf
21:35:36.119 [JavaFX Application Thread] DEBUG Input                - Registered new binding: action0 - A
21:35:36.120 [JavaFX Application Thread] DEBUG Input                - Registered new binding: action1 - S
21:35:36.120 [JavaFX Application Thread] DEBUG Input                - Registered new binding: action2 - D
21:35:36.121 [JavaFX Application Thread] DEBUG Input                - Registered new binding: action3 - W
21:35:36.121 [JavaFX Application Thread] DEBUG Input                - Registered new binding: action4 - Space
21:35:36.121 [JavaFX Application Thread] DEBUG Input                - Registered new binding: action5 - Left
21:35:36.122 [JavaFX Application Thread] DEBUG Input                - Registered new binding: action6 - Down
21:35:36.122 [JavaFX Application Thread] DEBUG Input                - Registered new binding: action7 - Right
21:35:36.122 [JavaFX Application Thread] DEBUG Input                - Registered new binding: action8 - Up
21:35:36.123 [JavaFX Application Thread] DEBUG AssetLoaderService   - Loading from file system: /assets/textures/fxgl_icon.png
21:35:36.138 [JavaFX Application Thread] DEBUG AssetLoaderService   - Loading from file system: /assets/ui/cursors/fxgl_default.png
21:35:36.140 [JavaFX Application Thread] DEBUG Input                - Registered new binding: Screenshot - P
21:35:36.141 [JavaFX Application Thread] DEBUG Input                - Registered new binding: System info dump - CTRL+9
21:35:36.141 [JavaFX Application Thread] DEBUG Input                - Registered new binding: Restart - CTRL+R
21:35:36.143 [JavaFX Application Thread] DEBUG LoopRunner           - Starting loop
21:35:36.159 [JavaFX Application Thread] DEBUG FXGLStartupScene     - STARTUP
21:35:36.160 [JavaFX Application Thread] DEBUG Input                - Clearing active input actions
21:35:36.178 [JavaFX Application Thread] DEBUG WindowService        - Removing overlay from FXGLStartupScene and adding to MooseGameMenu
21:35:36.179 [JavaFX Application Thread] DEBUG MainWindow           - FXGLStartupScene -> MooseGameMenu
21:35:38.987 [FXGL Background Thread 2 ] DEBUG Engine               - Logging environment variables
21:35:38.988 [FXGL Background Thread 2 ] DEBUG Engine               - achievements: []
21:35:38.988 [FXGL Background Thread 2 ] DEBUG Engine               - language: ObjectProperty [value: ENGLISH]
21:35:38.988 [FXGL Background Thread 2 ] DEBUG Engine               - isCloseConfirmation: false
21:35:38.989 [FXGL Background Thread 2 ] DEBUG Engine               - isProfilingEnabled: false
21:35:38.989 [FXGL Background Thread 2 ] DEBUG Engine               - soundNotification: core/notification.wav
21:35:38.989 [FXGL Background Thread 2 ] DEBUG Engine               - devShowBBoxProperty: BooleanProperty [value: false]
21:35:38.990 [FXGL Background Thread 2 ] DEBUG Engine               - pixelsPerMeter: 50.0
21:35:38.990 [FXGL Background Thread 2 ] DEBUG Engine               - soundMenuBack: menu/back.wav
21:35:38.990 [FXGL Background Thread 2 ] DEBUG Engine               - appIcon: fxgl_icon.png
21:35:38.991 [FXGL Background Thread 2 ] DEBUG Engine               - isFullScreenAllowed: false
21:35:38.991 [FXGL Background Thread 2 ] DEBUG Engine               - isIntroEnabled: false
21:35:38.991 [FXGL Background Thread 2 ] DEBUG Engine               - fontMono: lucida_console.ttf
21:35:38.991 [FXGL Background Thread 2 ] DEBUG Engine               - soundMenuSelect: menu/select.wav
21:35:38.992 [FXGL Background Thread 2 ] DEBUG Engine               - isWindows: true
21:35:38.992 [FXGL Background Thread 2 ] DEBUG Engine               - isMobile: false
21:35:38.992 [FXGL Background Thread 2 ] DEBUG Engine               - isUserProfileEnabled: false
21:35:38.992 [FXGL Background Thread 2 ] DEBUG Engine               - height: 900
21:35:38.992 [FXGL Background Thread 2 ] DEBUG Engine               - isExperimentalNative: false
21:35:38.992 [FXGL Background Thread 2 ] DEBUG Engine               - settings: Title: MooseGame
Version: 0.3
Width: 600
Height: 900
Fullscreen: false
Intro: false
Menus: true
Profiling: false
Single step:false
App Mode: DEVELOPER
Menu Key: ESCAPE
Stage Style: DECORATED
Scene Factory: class MooseGameApp$1

21:35:38.992 [FXGL Background Thread 2 ] DEBUG Engine               - isSingleStep: false
21:35:38.992 [FXGL Background Thread 2 ] DEBUG Engine               - cSSList: [fxgl_dark.css]
21:35:38.993 [FXGL Background Thread 2 ] DEBUG Engine               - fontGame: Abel-Regular.ttf
21:35:38.993 [FXGL Background Thread 2 ] DEBUG Engine               - menuKey: ESCAPE
21:35:38.993 [FXGL Background Thread 2 ] DEBUG Engine               - devShowPositionProperty: BooleanProperty [value: false]
21:35:38.993 [FXGL Background Thread 2 ] DEBUG Engine               - versionCheckDays: 7
21:35:38.993 [FXGL Background Thread 2 ] DEBUG Engine               - configClass: Optional.empty
21:35:38.993 [FXGL Background Thread 2 ] DEBUG Engine               - isFullScreenFromStart: false
21:35:38.993 [FXGL Background Thread 2 ] DEBUG Engine               - version: 0.3
21:35:38.993 [FXGL Background Thread 2 ] DEBUG Engine               - fullScreen: BooleanProperty [value: false]
21:35:38.993 [FXGL Background Thread 2 ] DEBUG Engine               - randomSeed: -1
21:35:38.994 [FXGL Background Thread 2 ] DEBUG Engine               - gameDifficultyProperty: ObjectProperty [value: MEDIUM]
21:35:38.994 [FXGL Background Thread 2 ] DEBUG Engine               - applicationMode: DEVELOPER
21:35:38.994 [FXGL Background Thread 2 ] DEBUG Engine               - isMac: false
21:35:38.994 [FXGL Background Thread 2 ] DEBUG Engine               - isMenuEnabled: true
21:35:38.994 [FXGL Background Thread 2 ] DEBUG Engine               - profileName: StringProperty [value: DEFAULT]
21:35:38.994 [FXGL Background Thread 2 ] DEBUG Engine               - urlPOM: https://raw.githubusercontent.com/AlmasB/FXGL/master/pom.xml
21:35:38.995 [FXGL Background Thread 2 ] DEBUG Engine               - notificationViewClass: class com.almasb.fxgl.notification.view.XboxNotificationView
21:35:38.995 [FXGL Background Thread 2 ] DEBUG Engine               - devSensorColorProperty: ObjectProperty [value: 0xffff00ff]
21:35:38.995 [FXGL Background Thread 2 ] DEBUG Engine               - sceneFactory: MooseGameApp$1@3e50206c
21:35:38.995 [FXGL Background Thread 2 ] DEBUG Engine               - stageStyle: DECORATED
21:35:38.995 [FXGL Background Thread 2 ] DEBUG Engine               - isManualResizeEnabled: false
21:35:38.995 [FXGL Background Thread 2 ] DEBUG Engine               - title: MooseGame
21:35:38.995 [FXGL Background Thread 2 ] DEBUG Engine               - platform: WINDOWS
21:35:38.996 [FXGL Background Thread 2 ] DEBUG Engine               - devBBoxColorProperty: ObjectProperty [value: 0xff0000ff]
21:35:38.996 [FXGL Background Thread 2 ] DEBUG Engine               - gameDifficulty: MEDIUM
21:35:38.996 [FXGL Background Thread 2 ] DEBUG Engine               - isDesktop: true
21:35:38.996 [FXGL Background Thread 2 ] DEBUG Engine               - supportedLanguages: [ENGLISH, FRENCH, GERMAN, HUNGARIAN, RUSSIAN]
21:35:38.996 [FXGL Background Thread 2 ] DEBUG Engine               - credits: []
21:35:38.996 [FXGL Background Thread 2 ] DEBUG Engine               - globalMusicVolumeProperty: DoubleProperty [value: 0.5]
21:35:38.996 [FXGL Background Thread 2 ] DEBUG Engine               - isPreserveResizeRatio: false
21:35:38.996 [FXGL Background Thread 2 ] DEBUG Engine               - fontText: Courier-Prime.ttf
21:35:38.997 [FXGL Background Thread 2 ] DEBUG Engine               - isExperimentalTiledLargeMap: false
21:35:38.997 [FXGL Background Thread 2 ] DEBUG Engine               - secondsIn24h: 60
21:35:38.997 [FXGL Background Thread 2 ] DEBUG Engine               - runtimeInfo: RuntimeInfo(platform=WINDOWS, version=11.8, build=08.03.2020 09.09)
21:35:38.997 [FXGL Background Thread 2 ] DEBUG Engine               - isLinux: false
21:35:38.997 [FXGL Background Thread 2 ] DEBUG Engine               - soundMenuPress: menu/press.wav
21:35:38.997 [FXGL Background Thread 2 ] DEBUG Engine               - urlGithub: https://github.com/AlmasB/FXGL
21:35:38.997 [FXGL Background Thread 2 ] DEBUG Engine               - profileDir: profiles/
21:35:38.997 [FXGL Background Thread 2 ] DEBUG Engine               - isDeveloperMenuEnabled: false
21:35:38.998 [FXGL Background Thread 2 ] DEBUG Engine               - globalSoundVolumeProperty: DoubleProperty [value: 0.5]
21:35:38.998 [FXGL Background Thread 2 ] DEBUG Engine               - mainWindow: com.almasb.fxgl.app.MainWindow@3a6fb37e
21:35:38.998 [FXGL Background Thread 2 ] DEBUG Engine               - isBrowser: false
21:35:38.998 [FXGL Background Thread 2 ] DEBUG Engine               - urlLeaderboard: http://fxgl-top.herokuapp.com/
21:35:38.998 [FXGL Background Thread 2 ] DEBUG Engine               - globalSoundVolume: 0.5
21:35:38.998 [FXGL Background Thread 2 ] DEBUG Engine               - engineServices: [class com.almasb.fxgl.app.GameApplication$GameApplicationService, class com.almasb.fxgl.app.services.WindowService, class com.almasb.fxgl.app.services.FXGLDialogService, class com.almasb.fxgl.app.services.IOTaskExecutorService, class com.almasb.fxgl.event.EventBusService, class com.almasb.fxgl.io.FileSystemService, class com.almasb.fxgl.localization.LocalizationService, class com.almasb.fxgl.app.services.AssetLoaderService, class com.almasb.fxgl.app.services.SystemBundleService, class com.almasb.fxgl.profile.SaveLoadService, class com.almasb.fxgl.ui.FXGLUIFactoryServiceProvider, class com.almasb.fxgl.ui.FXGLDialogFactoryServiceProvider, class com.almasb.fxgl.audio.AudioPlayer, class com.almasb.fxgl.notification.impl.NotificationServiceProvider, class com.almasb.fxgl.achievement.AchievementService, class com.almasb.fxgl.cutscene.CutsceneService, class com.almasb.fxgl.minigames.MiniGameService, class com.almasb.fxgl.net.NetService, class com.almasb.fxgl.app.services.UpdaterService]
21:35:38.998 [FXGL Background Thread 2 ] DEBUG Engine               - globalMusicVolume: 0.5
21:35:38.999 [FXGL Background Thread 2 ] DEBUG Engine               - width: 600
21:35:38.999 [FXGL Background Thread 2 ] DEBUG Engine               - saveFileExt: sav
21:35:38.999 [FXGL Background Thread 2 ] DEBUG Engine               - isAndroid: false
21:35:38.999 [FXGL Background Thread 2 ] DEBUG Engine               - fontUI: VarelaRound-Regular.ttf
21:35:38.999 [FXGL Background Thread 2 ] DEBUG Engine               - enabledMenuItems: []
21:35:38.999 [FXGL Background Thread 2 ] DEBUG Engine               - isIOS: false
21:35:38.999 [FXGL Background Thread 2 ] DEBUG Engine               - Logging services
21:35:38.999 [FXGL Background Thread 2 ] DEBUG Engine               - class com.almasb.fxgl.app.GameApplication$GameApplicationService
21:35:39.000 [FXGL Background Thread 2 ] DEBUG Engine               - class com.almasb.fxgl.app.services.WindowService
21:35:39.000 [FXGL Background Thread 2 ] DEBUG Engine               - class com.almasb.fxgl.app.services.FXGLDialogService
21:35:39.000 [FXGL Background Thread 2 ] DEBUG Engine               - class com.almasb.fxgl.app.services.IOTaskExecutorService
21:35:39.000 [FXGL Background Thread 2 ] DEBUG Engine               - class com.almasb.fxgl.event.EventBusService
21:35:39.000 [FXGL Background Thread 2 ] DEBUG Engine               - class com.almasb.fxgl.io.FileSystemService
21:35:39.000 [FXGL Background Thread 2 ] DEBUG Engine               - class com.almasb.fxgl.localization.LocalizationService
21:35:39.000 [FXGL Background Thread 2 ] DEBUG Engine               - class com.almasb.fxgl.app.services.AssetLoaderService
21:35:39.000 [FXGL Background Thread 2 ] DEBUG Engine               - class com.almasb.fxgl.app.services.SystemBundleService
21:35:39.000 [FXGL Background Thread 2 ] DEBUG Engine               - class com.almasb.fxgl.profile.SaveLoadService
21:35:39.001 [FXGL Background Thread 2 ] DEBUG Engine               - class com.almasb.fxgl.ui.FXGLUIFactoryServiceProvider
21:35:39.001 [FXGL Background Thread 2 ] DEBUG Engine               - class com.almasb.fxgl.ui.FXGLDialogFactoryServiceProvider
21:35:39.001 [FXGL Background Thread 2 ] DEBUG Engine               - class com.almasb.fxgl.audio.AudioPlayer
21:35:39.001 [FXGL Background Thread 2 ] DEBUG Engine               - class com.almasb.fxgl.notification.impl.NotificationServiceProvider
21:35:39.001 [FXGL Background Thread 2 ] DEBUG Engine               - class com.almasb.fxgl.achievement.AchievementService
21:35:39.001 [FXGL Background Thread 2 ] DEBUG Engine               - class com.almasb.fxgl.cutscene.CutsceneService
21:35:39.001 [FXGL Background Thread 2 ] DEBUG Engine               - class com.almasb.fxgl.minigames.MiniGameService
21:35:39.001 [FXGL Background Thread 2 ] DEBUG Engine               - class com.almasb.fxgl.net.NetService
21:35:39.001 [FXGL Background Thread 2 ] DEBUG Engine               - class com.almasb.fxgl.app.services.UpdaterService
21:35:43.727 [JavaFX Application Thread] DEBUG GameApplication      - Exiting FXGL
21:35:43.727 [JavaFX Application Thread] DEBUG LoopRunner           - Stopping loop
21:35:43.727 [JavaFX Application Thread] DEBUG SystemBundleService  - Saving FXGL system data
21:35:43.730 [JavaFX Application Thread] DEBUG FileSystemAccess     - Writing to: C:\Users\jwnew\OneDrive\Desktop\Course Project\system\fxgl.bundle
21:35:43.732 [JavaFX Application Thread] DEBUG GameApplication      - Shutting down background threads
21:35:43.732 [JavaFX Application Thread] DEBUG GameApplication      - Closing logger and exiting JavaFX
