19:29:25.599 [main                     ] DEBUG GameApplication      - Logger initialized
19:29:25.605 [main                     ] DEBUG GameApplication      - Logging settings
Title: MooseGame
Version: 0.3
Width: 600
Height: 900
Fullscreen: false
Intro: false
Menus: true
Profiling: false
Single step:false
App Mode: DEVELOPER
Menu Key: ESCAPE
Stage Style: DECORATED
Scene Factory: class MooseGameApp$1

19:29:25.956 [JavaFX Application Thread] DEBUG GameApplication      - Initializing FXGL
19:29:25.963 [JavaFX Application Thread] INFO  Engine               - FXGL-11.8 (08.03.2020 09.09) on WINDOWS (J:14.0.1 FX:13.0.2)
19:29:25.964 [JavaFX Application Thread] INFO  Engine               - Source code and latest versions at: https://github.com/AlmasB/FXGL
19:29:25.964 [JavaFX Application Thread] INFO  Engine               -              Join the FXGL chat at: https://gitter.im/AlmasB/FXGL
19:29:26.066 [JavaFX Application Thread] DEBUG MainWindow           - Creating a JavaFX scene
19:29:26.108 [JavaFX Application Thread] DEBUG MainWindow           - Target settings size: 600.0 x 900.0
19:29:26.108 [JavaFX Application Thread] DEBUG MainWindow           - Scaled scene size:    600.0 x 900.0
19:29:26.108 [JavaFX Application Thread] DEBUG MainWindow           - Scaled ratio: (1.0, 1.0)
19:29:26.109 [JavaFX Application Thread] DEBUG MainWindow           - Set initial scene to FXGLStartupScene
19:29:26.114 [JavaFX Application Thread] DEBUG MainWindow           - Opening main window
19:29:26.190 [JavaFX Application Thread] DEBUG MainWindow           - Window border size: (16.0, 39.0)
19:29:26.190 [JavaFX Application Thread] DEBUG MainWindow           - Scaled size: 600.0 x 900.0
19:29:26.190 [JavaFX Application Thread] DEBUG MainWindow           - Scaled ratio: (1.0, 1.0)
19:29:26.191 [JavaFX Application Thread] DEBUG MainWindow           - Scene size: 600.0 x 900.0
19:29:26.191 [JavaFX Application Thread] DEBUG MainWindow           - Stage size: 616.0 x 939.0
19:29:26.197 [FXGL Background Thread 1 ] DEBUG Engine               - Initializing environment variables
19:29:26.224 [FXGL Background Thread 1 ] DEBUG WindowService        - Applying CSS: fxgl_dark.css
19:29:26.225 [FXGL Background Thread 1 ] DEBUG AssetLoaderService   - Loading from file system: /assets/ui/css/fxgl_dark.css
19:29:26.261 [FXGL Background Thread 1 ] DEBUG WindowService        - Initializing application scenes
19:29:26.286 [FXGL Background Thread 1 ] DEBUG GameWorld            - Game world initialized
19:29:26.319 [FXGL Background Thread 1 ] DEBUG PhysicsWorld         - Physics world initialized: appHeight=900, physics.ppm=50.0
19:29:26.320 [FXGL Background Thread 1 ] DEBUG GameScene            - Game scene initialized: 600x900
19:29:26.328 [FXGL Background Thread 1 ] DEBUG AssetLoaderService   - Loading from file system: /assets/textures/Roadway.png
19:29:26.392 [FXGL Background Thread 1 ] DEBUG AssetLoaderService   - Loading from file system: /assets/sounds/selection.mp3
19:29:26.462 [FXGL Background Thread 1 ] DEBUG AssetLoaderService   - Loading from cache: /assets/sounds/selection.mp3
19:29:26.462 [FXGL Background Thread 1 ] DEBUG AssetLoaderService   - Loading from cache: /assets/sounds/selection.mp3
19:29:26.463 [FXGL Background Thread 1 ] DEBUG AssetLoaderService   - Loading from cache: /assets/sounds/selection.mp3
19:29:26.463 [FXGL Background Thread 1 ] DEBUG AssetLoaderService   - Loading from cache: /assets/sounds/selection.mp3
19:29:26.477 [FXGL Background Thread 1 ] DEBUG AssetLoaderService   - Loading from cache: /assets/sounds/selection.mp3
19:29:26.478 [FXGL Background Thread 1 ] DEBUG AssetLoaderService   - Loading from cache: /assets/sounds/selection.mp3
19:29:26.479 [FXGL Background Thread 1 ] DEBUG AssetLoaderService   - Loading from cache: /assets/sounds/selection.mp3
19:29:26.487 [FXGL Background Thread 1 ] DEBUG AssetLoaderService   - Loading from file system: /assets/music/Poisoncut_-_MenuMusic.mp3
19:29:26.551 [FXGL Background Thread 1 ] DEBUG AudioPlayer          - Playing music com.almasb.fxgl.audio.Music@28d06c2e
19:29:26.566 [FXGL Background Thread 1 ] DEBUG AssetLoaderService   - Loading from file system: /assets/textures/particles/trace_horizontal.png
19:29:26.594 [FXGL Background Thread 1 ] WARN  FXGL.DefaultMenu     - FXGLDefaultMenu is not designed for resolutions < 800x600
19:29:26.594 [FXGL Background Thread 1 ] DEBUG FXGL.DefaultMenu     - createMenuBodyGameMenu()
19:29:26.606 [FXGL Background Thread 1 ] DEBUG FXGL.DefaultMenu     - createOptionsMenu()
19:29:26.609 [FXGL Background Thread 1 ] DEBUG AssetLoaderService   - Loading from file system: /assets/textures/particles/smoke.png
19:29:26.650 [FXGL Background Thread 1 ] DEBUG WindowService        - Application scenes initialized
19:29:26.657 [FXGL Background Thread 1 ] DEBUG SystemBundleService  - Loading FXGL system data
19:29:26.660 [FXGL Background Thread 1 ] DEBUG FileSystemAccess     - Reading from: C:\Users\micha\Desktop\JavaMooseGame\system\fxgl.bundle
19:29:26.665 [FXGL Background Thread 1 ] DEBUG SystemBundleService  - Bundle FXGL: {}
19:29:26.665 [FXGL Background Thread 1 ] INFO  Engine               - FXGL initialization took: 0.467 sec
19:29:26.667 [FXGL Background Thread 1 ] DEBUG GameApplication      - Loading localizations
19:29:26.667 [FXGL Background Thread 1 ] DEBUG AssetLoaderService   - Loading from file system: /assets/properties/languages/english.properties
19:29:26.668 [FXGL Background Thread 1 ] DEBUG AssetLoaderService   - Loading from file system: /assets/properties/languages/french.properties
19:29:26.669 [FXGL Background Thread 1 ] DEBUG AssetLoaderService   - Loading from file system: /assets/properties/languages/german.properties
19:29:26.670 [FXGL Background Thread 1 ] DEBUG AssetLoaderService   - Loading from file system: /assets/properties/languages/hungarian.properties
19:29:26.671 [FXGL Background Thread 1 ] DEBUG AssetLoaderService   - Loading from file system: /assets/properties/languages/russian.properties
19:29:26.672 [FXGL Background Thread 1 ] DEBUG GameApplication      - Registering font factories with UI factory
19:29:26.672 [FXGL Background Thread 1 ] DEBUG AssetLoaderService   - Loading from file system: /assets/ui/fonts/VarelaRound-Regular.ttf
19:29:26.716 [FXGL Background Thread 1 ] DEBUG AssetLoaderService   - Loading from file system: /assets/ui/fonts/Abel-Regular.ttf
19:29:26.725 [FXGL Background Thread 1 ] DEBUG AssetLoaderService   - Loading from file system: /assets/ui/fonts/lucida_console.ttf
19:29:26.736 [FXGL Background Thread 1 ] DEBUG AssetLoaderService   - Loading from file system: /assets/ui/fonts/Courier-Prime.ttf
19:29:26.753 [JavaFX Application Thread] DEBUG Input                - Registered new binding: action0 - A
19:29:26.753 [JavaFX Application Thread] DEBUG Input                - Registered new binding: action1 - S
19:29:26.753 [JavaFX Application Thread] DEBUG Input                - Registered new binding: action2 - D
19:29:26.753 [JavaFX Application Thread] DEBUG Input                - Registered new binding: action3 - W
19:29:26.754 [JavaFX Application Thread] DEBUG Input                - Registered new binding: action4 - 1
19:29:26.754 [JavaFX Application Thread] DEBUG Input                - Registered new binding: action5 - 2
19:29:26.754 [JavaFX Application Thread] DEBUG Input                - Registered new binding: action6 - 3
19:29:26.754 [JavaFX Application Thread] DEBUG Input                - Registered new binding: action7 - Left
19:29:26.754 [JavaFX Application Thread] DEBUG Input                - Registered new binding: action8 - Down
19:29:26.754 [JavaFX Application Thread] DEBUG Input                - Registered new binding: action9 - Right
19:29:26.755 [JavaFX Application Thread] DEBUG Input                - Registered new binding: action10 - Up
19:29:26.755 [JavaFX Application Thread] DEBUG AssetLoaderService   - Loading from file system: /assets/textures/fxgl_icon.png
19:29:26.762 [JavaFX Application Thread] DEBUG AssetLoaderService   - Loading from file system: /assets/ui/cursors/fxgl_default.png
19:29:26.764 [JavaFX Application Thread] DEBUG Input                - Registered new binding: Screenshot - P
19:29:26.764 [JavaFX Application Thread] DEBUG Input                - Registered new binding: System info dump - CTRL+9
19:29:26.764 [JavaFX Application Thread] DEBUG Input                - Registered new binding: Restart - CTRL+R
19:29:26.765 [JavaFX Application Thread] DEBUG LoopRunner           - Starting loop
19:29:26.781 [JavaFX Application Thread] DEBUG FXGLStartupScene     - STARTUP
19:29:26.782 [JavaFX Application Thread] DEBUG Input                - Clearing active input actions
19:29:26.796 [JavaFX Application Thread] DEBUG WindowService        - Removing overlay from FXGLStartupScene and adding to MooseGameMenu
19:29:26.796 [JavaFX Application Thread] DEBUG MainWindow           - FXGLStartupScene -> MooseGameMenu
19:29:29.667 [FXGL Background Thread 2 ] DEBUG Engine               - Logging environment variables
19:29:29.667 [FXGL Background Thread 2 ] DEBUG Engine               - achievements: []
19:29:29.667 [FXGL Background Thread 2 ] DEBUG Engine               - language: ObjectProperty [value: ENGLISH]
19:29:29.667 [FXGL Background Thread 2 ] DEBUG Engine               - isCloseConfirmation: false
19:29:29.668 [FXGL Background Thread 2 ] DEBUG Engine               - isProfilingEnabled: false
19:29:29.668 [FXGL Background Thread 2 ] DEBUG Engine               - soundNotification: core/notification.wav
19:29:29.668 [FXGL Background Thread 2 ] DEBUG Engine               - devShowBBoxProperty: BooleanProperty [value: false]
19:29:29.668 [FXGL Background Thread 2 ] DEBUG Engine               - pixelsPerMeter: 50.0
19:29:29.668 [FXGL Background Thread 2 ] DEBUG Engine               - soundMenuBack: menu/back.wav
19:29:29.668 [FXGL Background Thread 2 ] DEBUG Engine               - appIcon: fxgl_icon.png
19:29:29.668 [FXGL Background Thread 2 ] DEBUG Engine               - isFullScreenAllowed: false
19:29:29.668 [FXGL Background Thread 2 ] DEBUG Engine               - isIntroEnabled: false
19:29:29.668 [FXGL Background Thread 2 ] DEBUG Engine               - fontMono: lucida_console.ttf
19:29:29.668 [FXGL Background Thread 2 ] DEBUG Engine               - soundMenuSelect: menu/select.wav
19:29:29.668 [FXGL Background Thread 2 ] DEBUG Engine               - isWindows: true
19:29:29.668 [FXGL Background Thread 2 ] DEBUG Engine               - isMobile: false
19:29:29.668 [FXGL Background Thread 2 ] DEBUG Engine               - isUserProfileEnabled: false
19:29:29.668 [FXGL Background Thread 2 ] DEBUG Engine               - height: 900
19:29:29.668 [FXGL Background Thread 2 ] DEBUG Engine               - isExperimentalNative: false
19:29:29.668 [FXGL Background Thread 2 ] DEBUG Engine               - settings: Title: MooseGame
Version: 0.3
Width: 600
Height: 900
Fullscreen: false
Intro: false
Menus: true
Profiling: false
Single step:false
App Mode: DEVELOPER
Menu Key: ESCAPE
Stage Style: DECORATED
Scene Factory: class MooseGameApp$1

19:29:29.668 [FXGL Background Thread 2 ] DEBUG Engine               - isSingleStep: false
19:29:29.668 [FXGL Background Thread 2 ] DEBUG Engine               - cSSList: [fxgl_dark.css]
19:29:29.669 [FXGL Background Thread 2 ] DEBUG Engine               - fontGame: Abel-Regular.ttf
19:29:29.669 [FXGL Background Thread 2 ] DEBUG Engine               - menuKey: ESCAPE
19:29:29.669 [FXGL Background Thread 2 ] DEBUG Engine               - devShowPositionProperty: BooleanProperty [value: false]
19:29:29.669 [FXGL Background Thread 2 ] DEBUG Engine               - versionCheckDays: 7
19:29:29.669 [FXGL Background Thread 2 ] DEBUG Engine               - configClass: Optional.empty
19:29:29.669 [FXGL Background Thread 2 ] DEBUG Engine               - isFullScreenFromStart: false
19:29:29.669 [FXGL Background Thread 2 ] DEBUG Engine               - version: 0.3
19:29:29.669 [FXGL Background Thread 2 ] DEBUG Engine               - fullScreen: BooleanProperty [value: false]
19:29:29.669 [FXGL Background Thread 2 ] DEBUG Engine               - randomSeed: -1
19:29:29.669 [FXGL Background Thread 2 ] DEBUG Engine               - gameDifficultyProperty: ObjectProperty [value: MEDIUM]
19:29:29.669 [FXGL Background Thread 2 ] DEBUG Engine               - applicationMode: DEVELOPER
19:29:29.669 [FXGL Background Thread 2 ] DEBUG Engine               - isMac: false
19:29:29.669 [FXGL Background Thread 2 ] DEBUG Engine               - isMenuEnabled: true
19:29:29.669 [FXGL Background Thread 2 ] DEBUG Engine               - profileName: StringProperty [value: DEFAULT]
19:29:29.669 [FXGL Background Thread 2 ] DEBUG Engine               - urlPOM: https://raw.githubusercontent.com/AlmasB/FXGL/master/pom.xml
19:29:29.669 [FXGL Background Thread 2 ] DEBUG Engine               - notificationViewClass: class com.almasb.fxgl.notification.view.XboxNotificationView
19:29:29.670 [FXGL Background Thread 2 ] DEBUG Engine               - devSensorColorProperty: ObjectProperty [value: 0xffff00ff]
19:29:29.670 [FXGL Background Thread 2 ] DEBUG Engine               - sceneFactory: MooseGameApp$1@236734c3
19:29:29.670 [FXGL Background Thread 2 ] DEBUG Engine               - stageStyle: DECORATED
19:29:29.670 [FXGL Background Thread 2 ] DEBUG Engine               - isManualResizeEnabled: false
19:29:29.670 [FXGL Background Thread 2 ] DEBUG Engine               - title: MooseGame
19:29:29.670 [FXGL Background Thread 2 ] DEBUG Engine               - platform: WINDOWS
19:29:29.670 [FXGL Background Thread 2 ] DEBUG Engine               - devBBoxColorProperty: ObjectProperty [value: 0xff0000ff]
19:29:29.670 [FXGL Background Thread 2 ] DEBUG Engine               - gameDifficulty: MEDIUM
19:29:29.670 [FXGL Background Thread 2 ] DEBUG Engine               - isDesktop: true
19:29:29.670 [FXGL Background Thread 2 ] DEBUG Engine               - supportedLanguages: [ENGLISH, FRENCH, GERMAN, HUNGARIAN, RUSSIAN]
19:29:29.670 [FXGL Background Thread 2 ] DEBUG Engine               - credits: []
19:29:29.670 [FXGL Background Thread 2 ] DEBUG Engine               - globalMusicVolumeProperty: DoubleProperty [value: 0.5]
19:29:29.670 [FXGL Background Thread 2 ] DEBUG Engine               - isPreserveResizeRatio: false
19:29:29.670 [FXGL Background Thread 2 ] DEBUG Engine               - fontText: Courier-Prime.ttf
19:29:29.670 [FXGL Background Thread 2 ] DEBUG Engine               - isExperimentalTiledLargeMap: false
19:29:29.670 [FXGL Background Thread 2 ] DEBUG Engine               - secondsIn24h: 60
19:29:29.671 [FXGL Background Thread 2 ] DEBUG Engine               - runtimeInfo: RuntimeInfo(platform=WINDOWS, version=11.8, build=08.03.2020 09.09)
19:29:29.671 [FXGL Background Thread 2 ] DEBUG Engine               - isLinux: false
19:29:29.671 [FXGL Background Thread 2 ] DEBUG Engine               - soundMenuPress: menu/press.wav
19:29:29.671 [FXGL Background Thread 2 ] DEBUG Engine               - urlGithub: https://github.com/AlmasB/FXGL
19:29:29.671 [FXGL Background Thread 2 ] DEBUG Engine               - profileDir: profiles/
19:29:29.671 [FXGL Background Thread 2 ] DEBUG Engine               - isDeveloperMenuEnabled: false
19:29:29.671 [FXGL Background Thread 2 ] DEBUG Engine               - globalSoundVolumeProperty: DoubleProperty [value: 0.5]
19:29:29.671 [FXGL Background Thread 2 ] DEBUG Engine               - mainWindow: com.almasb.fxgl.app.MainWindow@2758a477
19:29:29.671 [FXGL Background Thread 2 ] DEBUG Engine               - isBrowser: false
19:29:29.671 [FXGL Background Thread 2 ] DEBUG Engine               - urlLeaderboard: http://fxgl-top.herokuapp.com/
19:29:29.671 [FXGL Background Thread 2 ] DEBUG Engine               - globalSoundVolume: 0.5
19:29:29.671 [FXGL Background Thread 2 ] DEBUG Engine               - engineServices: [class com.almasb.fxgl.app.GameApplication$GameApplicationService, class com.almasb.fxgl.app.services.WindowService, class com.almasb.fxgl.app.services.FXGLDialogService, class com.almasb.fxgl.app.services.IOTaskExecutorService, class com.almasb.fxgl.event.EventBusService, class com.almasb.fxgl.io.FileSystemService, class com.almasb.fxgl.localization.LocalizationService, class com.almasb.fxgl.app.services.AssetLoaderService, class com.almasb.fxgl.app.services.SystemBundleService, class com.almasb.fxgl.profile.SaveLoadService, class com.almasb.fxgl.ui.FXGLUIFactoryServiceProvider, class com.almasb.fxgl.ui.FXGLDialogFactoryServiceProvider, class com.almasb.fxgl.audio.AudioPlayer, class com.almasb.fxgl.notification.impl.NotificationServiceProvider, class com.almasb.fxgl.achievement.AchievementService, class com.almasb.fxgl.cutscene.CutsceneService, class com.almasb.fxgl.minigames.MiniGameService, class com.almasb.fxgl.net.NetService, class com.almasb.fxgl.app.services.UpdaterService]
19:29:29.671 [FXGL Background Thread 2 ] DEBUG Engine               - globalMusicVolume: 0.5
19:29:29.671 [FXGL Background Thread 2 ] DEBUG Engine               - width: 600
19:29:29.671 [FXGL Background Thread 2 ] DEBUG Engine               - saveFileExt: sav
19:29:29.671 [FXGL Background Thread 2 ] DEBUG Engine               - isAndroid: false
19:29:29.671 [FXGL Background Thread 2 ] DEBUG Engine               - fontUI: VarelaRound-Regular.ttf
19:29:29.671 [FXGL Background Thread 2 ] DEBUG Engine               - enabledMenuItems: []
19:29:29.671 [FXGL Background Thread 2 ] DEBUG Engine               - isIOS: false
19:29:29.672 [FXGL Background Thread 2 ] DEBUG Engine               - Logging services
19:29:29.672 [FXGL Background Thread 2 ] DEBUG Engine               - class com.almasb.fxgl.app.GameApplication$GameApplicationService
19:29:29.672 [FXGL Background Thread 2 ] DEBUG Engine               - class com.almasb.fxgl.app.services.WindowService
19:29:29.672 [FXGL Background Thread 2 ] DEBUG Engine               - class com.almasb.fxgl.app.services.FXGLDialogService
19:29:29.672 [FXGL Background Thread 2 ] DEBUG Engine               - class com.almasb.fxgl.app.services.IOTaskExecutorService
19:29:29.672 [FXGL Background Thread 2 ] DEBUG Engine               - class com.almasb.fxgl.event.EventBusService
19:29:29.672 [FXGL Background Thread 2 ] DEBUG Engine               - class com.almasb.fxgl.io.FileSystemService
19:29:29.672 [FXGL Background Thread 2 ] DEBUG Engine               - class com.almasb.fxgl.localization.LocalizationService
19:29:29.672 [FXGL Background Thread 2 ] DEBUG Engine               - class com.almasb.fxgl.app.services.AssetLoaderService
19:29:29.672 [FXGL Background Thread 2 ] DEBUG Engine               - class com.almasb.fxgl.app.services.SystemBundleService
19:29:29.672 [FXGL Background Thread 2 ] DEBUG Engine               - class com.almasb.fxgl.profile.SaveLoadService
19:29:29.672 [FXGL Background Thread 2 ] DEBUG Engine               - class com.almasb.fxgl.ui.FXGLUIFactoryServiceProvider
19:29:29.672 [FXGL Background Thread 2 ] DEBUG Engine               - class com.almasb.fxgl.ui.FXGLDialogFactoryServiceProvider
19:29:29.672 [FXGL Background Thread 2 ] DEBUG Engine               - class com.almasb.fxgl.audio.AudioPlayer
19:29:29.672 [FXGL Background Thread 2 ] DEBUG Engine               - class com.almasb.fxgl.notification.impl.NotificationServiceProvider
19:29:29.672 [FXGL Background Thread 2 ] DEBUG Engine               - class com.almasb.fxgl.achievement.AchievementService
19:29:29.672 [FXGL Background Thread 2 ] DEBUG Engine               - class com.almasb.fxgl.cutscene.CutsceneService
19:29:29.672 [FXGL Background Thread 2 ] DEBUG Engine               - class com.almasb.fxgl.minigames.MiniGameService
19:29:29.672 [FXGL Background Thread 2 ] DEBUG Engine               - class com.almasb.fxgl.net.NetService
19:29:29.673 [FXGL Background Thread 2 ] DEBUG Engine               - class com.almasb.fxgl.app.services.UpdaterService
19:29:32.806 [JavaFX Application Thread] DEBUG GameApplication      - Exiting FXGL
19:29:32.807 [JavaFX Application Thread] DEBUG LoopRunner           - Stopping loop
19:29:32.807 [JavaFX Application Thread] DEBUG SystemBundleService  - Saving FXGL system data
19:29:32.808 [JavaFX Application Thread] DEBUG FileSystemAccess     - Writing to: C:\Users\micha\Desktop\JavaMooseGame\system\fxgl.bundle
19:29:32.809 [JavaFX Application Thread] DEBUG GameApplication      - Shutting down background threads
19:29:32.809 [JavaFX Application Thread] DEBUG GameApplication      - Closing logger and exiting JavaFX
