14:11:58.711 [main                     ] DEBUG GameApplication      - Logger initialized
14:11:58.716 [main                     ] DEBUG GameApplication      - Logging settings
Title: MooseGame
Version: 0.2
Width: 600
Height: 900
Fullscreen: false
Intro: false
Menus: true
Profiling: false
Single step:false
App Mode: DEVELOPER
Menu Key: ESCAPE
Stage Style: DECORATED
Scene Factory: class com.almasb.fxgl.app.scene.SceneFactory

14:11:59.043 [JavaFX Application Thread] DEBUG GameApplication      - Initializing FXGL
14:11:59.050 [JavaFX Application Thread] INFO  Engine               - FXGL-11.8 (08.03.2020 09.09) on WINDOWS (J:14.0.1 FX:13.0.2)
14:11:59.051 [JavaFX Application Thread] INFO  Engine               - Source code and latest versions at: https://github.com/AlmasB/FXGL
14:11:59.051 [JavaFX Application Thread] INFO  Engine               -              Join the FXGL chat at: https://gitter.im/AlmasB/FXGL
14:11:59.157 [JavaFX Application Thread] DEBUG MainWindow           - Creating a JavaFX scene
14:11:59.204 [JavaFX Application Thread] DEBUG MainWindow           - Target settings size: 600.0 x 900.0
14:11:59.204 [JavaFX Application Thread] DEBUG MainWindow           - Scaled scene size:    600.0 x 900.0
14:11:59.204 [JavaFX Application Thread] DEBUG MainWindow           - Scaled ratio: (1.0, 1.0)
14:11:59.205 [JavaFX Application Thread] DEBUG MainWindow           - Set initial scene to FXGLStartupScene
14:11:59.210 [JavaFX Application Thread] DEBUG MainWindow           - Opening main window
14:11:59.286 [JavaFX Application Thread] DEBUG MainWindow           - Window border size: (16.0, 39.0)
14:11:59.286 [JavaFX Application Thread] DEBUG MainWindow           - Scaled size: 600.0 x 900.0
14:11:59.286 [JavaFX Application Thread] DEBUG MainWindow           - Scaled ratio: (1.0, 1.0)
14:11:59.286 [JavaFX Application Thread] DEBUG MainWindow           - Scene size: 600.0 x 900.0
14:11:59.286 [JavaFX Application Thread] DEBUG MainWindow           - Stage size: 616.0 x 939.0
14:11:59.292 [FXGL Background Thread 1 ] DEBUG Engine               - Initializing environment variables
14:11:59.318 [FXGL Background Thread 1 ] DEBUG WindowService        - Applying CSS: fxgl_dark.css
14:11:59.319 [FXGL Background Thread 1 ] DEBUG AssetLoaderService   - Loading from file system: /assets/ui/css/fxgl_dark.css
14:11:59.356 [FXGL Background Thread 1 ] DEBUG WindowService        - Initializing application scenes
14:11:59.381 [FXGL Background Thread 1 ] DEBUG GameWorld            - Game world initialized
14:11:59.409 [FXGL Background Thread 1 ] DEBUG PhysicsWorld         - Physics world initialized: appHeight=900, physics.ppm=50.0
14:11:59.411 [FXGL Background Thread 1 ] DEBUG GameScene            - Game scene initialized: 600x900
14:11:59.434 [FXGL Background Thread 1 ] DEBUG AssetLoaderService   - Loading from file system: /assets/textures/particles/trace_horizontal.png
14:11:59.479 [FXGL Background Thread 1 ] WARN  FXGL.DefaultMenu     - FXGLDefaultMenu is not designed for resolutions < 800x600
14:11:59.479 [FXGL Background Thread 1 ] DEBUG FXGL.DefaultMenu     - createMenuBodyMainMenu()
14:11:59.492 [FXGL Background Thread 1 ] DEBUG FXGL.DefaultMenu     - createOptionsMenu()
14:11:59.495 [FXGL Background Thread 1 ] DEBUG AssetLoaderService   - Loading from file system: /assets/textures/particles/smoke.png
14:11:59.544 [FXGL Background Thread 1 ] DEBUG AssetLoaderService   - Loading from cache: /assets/textures/particles/trace_horizontal.png@64.0x64.0
14:11:59.545 [FXGL Background Thread 1 ] WARN  FXGL.DefaultMenu     - FXGLDefaultMenu is not designed for resolutions < 800x600
14:11:59.545 [FXGL Background Thread 1 ] DEBUG FXGL.DefaultMenu     - createMenuBodyGameMenu()
14:11:59.546 [FXGL Background Thread 1 ] DEBUG FXGL.DefaultMenu     - createOptionsMenu()
14:11:59.548 [FXGL Background Thread 1 ] DEBUG AssetLoaderService   - Loading from cache: /assets/textures/particles/smoke.png@128.0x128.0
14:11:59.566 [FXGL Background Thread 1 ] DEBUG WindowService        - Application scenes initialized
14:11:59.573 [FXGL Background Thread 1 ] DEBUG SystemBundleService  - Loading FXGL system data
14:11:59.577 [FXGL Background Thread 1 ] DEBUG FileSystemAccess     - Reading from: C:\Users\micha\Desktop\JavaMooseGame\system\fxgl.bundle
14:11:59.582 [FXGL Background Thread 1 ] DEBUG SystemBundleService  - Bundle FXGL: {}
14:11:59.582 [FXGL Background Thread 1 ] INFO  Engine               - FXGL initialization took: 0.288 sec
14:11:59.583 [FXGL Background Thread 1 ] DEBUG GameApplication      - Loading localizations
14:11:59.584 [FXGL Background Thread 1 ] DEBUG AssetLoaderService   - Loading from file system: /assets/properties/languages/english.properties
14:11:59.585 [FXGL Background Thread 1 ] DEBUG AssetLoaderService   - Loading from file system: /assets/properties/languages/french.properties
14:11:59.586 [FXGL Background Thread 1 ] DEBUG AssetLoaderService   - Loading from file system: /assets/properties/languages/german.properties
14:11:59.587 [FXGL Background Thread 1 ] DEBUG AssetLoaderService   - Loading from file system: /assets/properties/languages/hungarian.properties
14:11:59.588 [FXGL Background Thread 1 ] DEBUG AssetLoaderService   - Loading from file system: /assets/properties/languages/russian.properties
14:11:59.589 [FXGL Background Thread 1 ] DEBUG GameApplication      - Registering font factories with UI factory
14:11:59.589 [FXGL Background Thread 1 ] DEBUG AssetLoaderService   - Loading from file system: /assets/ui/fonts/VarelaRound-Regular.ttf
14:11:59.632 [FXGL Background Thread 1 ] DEBUG AssetLoaderService   - Loading from file system: /assets/ui/fonts/Abel-Regular.ttf
14:11:59.640 [FXGL Background Thread 1 ] DEBUG AssetLoaderService   - Loading from file system: /assets/ui/fonts/lucida_console.ttf
14:11:59.648 [FXGL Background Thread 1 ] DEBUG AssetLoaderService   - Loading from file system: /assets/ui/fonts/Courier-Prime.ttf
14:11:59.663 [JavaFX Application Thread] DEBUG Input                - Registered new binding: action0 - A
14:11:59.663 [JavaFX Application Thread] DEBUG Input                - Registered new binding: action1 - S
14:11:59.663 [JavaFX Application Thread] DEBUG Input                - Registered new binding: action2 - D
14:11:59.664 [JavaFX Application Thread] DEBUG Input                - Registered new binding: action3 - W
14:11:59.664 [JavaFX Application Thread] DEBUG Input                - Registered new binding: action4 - Space
14:11:59.664 [JavaFX Application Thread] DEBUG Input                - Registered new binding: action5 - Left
14:11:59.664 [JavaFX Application Thread] DEBUG Input                - Registered new binding: action6 - Down
14:11:59.664 [JavaFX Application Thread] DEBUG Input                - Registered new binding: action7 - Right
14:11:59.664 [JavaFX Application Thread] DEBUG Input                - Registered new binding: action8 - Up
14:11:59.664 [JavaFX Application Thread] DEBUG AssetLoaderService   - Loading from file system: /assets/textures/fxgl_icon.png
14:11:59.680 [JavaFX Application Thread] DEBUG AssetLoaderService   - Loading from file system: /assets/ui/cursors/fxgl_default.png
14:11:59.682 [JavaFX Application Thread] DEBUG Input                - Registered new binding: Screenshot - P
14:11:59.682 [JavaFX Application Thread] DEBUG Input                - Registered new binding: System info dump - CTRL+9
14:11:59.682 [JavaFX Application Thread] DEBUG Input                - Registered new binding: Restart - CTRL+R
14:11:59.683 [JavaFX Application Thread] DEBUG LoopRunner           - Starting loop
14:11:59.688 [JavaFX Application Thread] DEBUG FXGLStartupScene     - STARTUP
14:11:59.691 [JavaFX Application Thread] DEBUG Input                - Clearing active input actions
14:11:59.706 [JavaFX Application Thread] DEBUG WindowService        - Removing overlay from FXGLStartupScene and adding to FXGLDefaultMenu
14:11:59.706 [JavaFX Application Thread] DEBUG MainWindow           - FXGLStartupScene -> FXGLDefaultMenu
14:12:02.584 [FXGL Background Thread 2 ] DEBUG Engine               - Logging environment variables
14:12:02.584 [FXGL Background Thread 2 ] DEBUG Engine               - achievements: []
14:12:02.584 [FXGL Background Thread 2 ] DEBUG Engine               - language: ObjectProperty [value: ENGLISH]
14:12:02.584 [FXGL Background Thread 2 ] DEBUG Engine               - isCloseConfirmation: false
14:12:02.584 [FXGL Background Thread 2 ] DEBUG Engine               - isProfilingEnabled: false
14:12:02.584 [FXGL Background Thread 2 ] DEBUG Engine               - soundNotification: core/notification.wav
14:12:02.584 [FXGL Background Thread 2 ] DEBUG Engine               - devShowBBoxProperty: BooleanProperty [value: false]
14:12:02.584 [FXGL Background Thread 2 ] DEBUG Engine               - pixelsPerMeter: 50.0
14:12:02.584 [FXGL Background Thread 2 ] DEBUG Engine               - appIcon: fxgl_icon.png
14:12:02.584 [FXGL Background Thread 2 ] DEBUG Engine               - soundMenuBack: menu/back.wav
14:12:02.584 [FXGL Background Thread 2 ] DEBUG Engine               - isFullScreenAllowed: false
14:12:02.584 [FXGL Background Thread 2 ] DEBUG Engine               - isIntroEnabled: false
14:12:02.584 [FXGL Background Thread 2 ] DEBUG Engine               - fontMono: lucida_console.ttf
14:12:02.585 [FXGL Background Thread 2 ] DEBUG Engine               - soundMenuSelect: menu/select.wav
14:12:02.585 [FXGL Background Thread 2 ] DEBUG Engine               - isWindows: true
14:12:02.585 [FXGL Background Thread 2 ] DEBUG Engine               - isMobile: false
14:12:02.585 [FXGL Background Thread 2 ] DEBUG Engine               - isUserProfileEnabled: false
14:12:02.585 [FXGL Background Thread 2 ] DEBUG Engine               - height: 900
14:12:02.585 [FXGL Background Thread 2 ] DEBUG Engine               - isExperimentalNative: false
14:12:02.585 [FXGL Background Thread 2 ] DEBUG Engine               - settings: Title: MooseGame
Version: 0.2
Width: 600
Height: 900
Fullscreen: false
Intro: false
Menus: true
Profiling: false
Single step:false
App Mode: DEVELOPER
Menu Key: ESCAPE
Stage Style: DECORATED
Scene Factory: class com.almasb.fxgl.app.scene.SceneFactory

14:12:02.585 [FXGL Background Thread 2 ] DEBUG Engine               - cSSList: [fxgl_dark.css]
14:12:02.585 [FXGL Background Thread 2 ] DEBUG Engine               - isSingleStep: false
14:12:02.585 [FXGL Background Thread 2 ] DEBUG Engine               - fontGame: Abel-Regular.ttf
14:12:02.585 [FXGL Background Thread 2 ] DEBUG Engine               - menuKey: ESCAPE
14:12:02.585 [FXGL Background Thread 2 ] DEBUG Engine               - devShowPositionProperty: BooleanProperty [value: false]
14:12:02.585 [FXGL Background Thread 2 ] DEBUG Engine               - versionCheckDays: 7
14:12:02.585 [FXGL Background Thread 2 ] DEBUG Engine               - configClass: Optional.empty
14:12:02.585 [FXGL Background Thread 2 ] DEBUG Engine               - isFullScreenFromStart: false
14:12:02.585 [FXGL Background Thread 2 ] DEBUG Engine               - version: 0.2
14:12:02.585 [FXGL Background Thread 2 ] DEBUG Engine               - fullScreen: BooleanProperty [value: false]
14:12:02.585 [FXGL Background Thread 2 ] DEBUG Engine               - randomSeed: -1
14:12:02.585 [FXGL Background Thread 2 ] DEBUG Engine               - gameDifficultyProperty: ObjectProperty [value: MEDIUM]
14:12:02.585 [FXGL Background Thread 2 ] DEBUG Engine               - applicationMode: DEVELOPER
14:12:02.586 [FXGL Background Thread 2 ] DEBUG Engine               - isMac: false
14:12:02.586 [FXGL Background Thread 2 ] DEBUG Engine               - isMenuEnabled: true
14:12:02.586 [FXGL Background Thread 2 ] DEBUG Engine               - urlPOM: https://raw.githubusercontent.com/AlmasB/FXGL/master/pom.xml
14:12:02.586 [FXGL Background Thread 2 ] DEBUG Engine               - profileName: StringProperty [value: DEFAULT]
14:12:02.586 [FXGL Background Thread 2 ] DEBUG Engine               - notificationViewClass: class com.almasb.fxgl.notification.view.XboxNotificationView
14:12:02.586 [FXGL Background Thread 2 ] DEBUG Engine               - devSensorColorProperty: ObjectProperty [value: 0xffff00ff]
14:12:02.586 [FXGL Background Thread 2 ] DEBUG Engine               - sceneFactory: com.almasb.fxgl.app.scene.SceneFactory@6979fd0
14:12:02.586 [FXGL Background Thread 2 ] DEBUG Engine               - stageStyle: DECORATED
14:12:02.586 [FXGL Background Thread 2 ] DEBUG Engine               - isManualResizeEnabled: false
14:12:02.586 [FXGL Background Thread 2 ] DEBUG Engine               - title: MooseGame
14:12:02.586 [FXGL Background Thread 2 ] DEBUG Engine               - platform: WINDOWS
14:12:02.586 [FXGL Background Thread 2 ] DEBUG Engine               - devBBoxColorProperty: ObjectProperty [value: 0xff0000ff]
14:12:02.586 [FXGL Background Thread 2 ] DEBUG Engine               - gameDifficulty: MEDIUM
14:12:02.586 [FXGL Background Thread 2 ] DEBUG Engine               - isDesktop: true
14:12:02.586 [FXGL Background Thread 2 ] DEBUG Engine               - supportedLanguages: [ENGLISH, FRENCH, GERMAN, HUNGARIAN, RUSSIAN]
14:12:02.586 [FXGL Background Thread 2 ] DEBUG Engine               - credits: []
14:12:02.587 [FXGL Background Thread 2 ] DEBUG Engine               - globalMusicVolumeProperty: DoubleProperty [value: 0.5]
14:12:02.587 [FXGL Background Thread 2 ] DEBUG Engine               - isPreserveResizeRatio: false
14:12:02.587 [FXGL Background Thread 2 ] DEBUG Engine               - fontText: Courier-Prime.ttf
14:12:02.587 [FXGL Background Thread 2 ] DEBUG Engine               - isExperimentalTiledLargeMap: false
14:12:02.587 [FXGL Background Thread 2 ] DEBUG Engine               - secondsIn24h: 60
14:12:02.587 [FXGL Background Thread 2 ] DEBUG Engine               - runtimeInfo: RuntimeInfo(platform=WINDOWS, version=11.8, build=08.03.2020 09.09)
14:12:02.587 [FXGL Background Thread 2 ] DEBUG Engine               - isLinux: false
14:12:02.587 [FXGL Background Thread 2 ] DEBUG Engine               - soundMenuPress: menu/press.wav
14:12:02.587 [FXGL Background Thread 2 ] DEBUG Engine               - urlGithub: https://github.com/AlmasB/FXGL
14:12:02.587 [FXGL Background Thread 2 ] DEBUG Engine               - profileDir: profiles/
14:12:02.587 [FXGL Background Thread 2 ] DEBUG Engine               - isDeveloperMenuEnabled: false
14:12:02.587 [FXGL Background Thread 2 ] DEBUG Engine               - globalSoundVolumeProperty: DoubleProperty [value: 0.5]
14:12:02.587 [FXGL Background Thread 2 ] DEBUG Engine               - mainWindow: com.almasb.fxgl.app.MainWindow@2a80bda
14:12:02.587 [FXGL Background Thread 2 ] DEBUG Engine               - isBrowser: false
14:12:02.587 [FXGL Background Thread 2 ] DEBUG Engine               - globalSoundVolume: 0.5
14:12:02.587 [FXGL Background Thread 2 ] DEBUG Engine               - urlLeaderboard: http://fxgl-top.herokuapp.com/
14:12:02.587 [FXGL Background Thread 2 ] DEBUG Engine               - engineServices: [class com.almasb.fxgl.app.GameApplication$GameApplicationService, class com.almasb.fxgl.app.services.WindowService, class com.almasb.fxgl.app.services.FXGLDialogService, class com.almasb.fxgl.app.services.IOTaskExecutorService, class com.almasb.fxgl.event.EventBusService, class com.almasb.fxgl.io.FileSystemService, class com.almasb.fxgl.localization.LocalizationService, class com.almasb.fxgl.app.services.AssetLoaderService, class com.almasb.fxgl.app.services.SystemBundleService, class com.almasb.fxgl.profile.SaveLoadService, class com.almasb.fxgl.ui.FXGLUIFactoryServiceProvider, class com.almasb.fxgl.ui.FXGLDialogFactoryServiceProvider, class com.almasb.fxgl.audio.AudioPlayer, class com.almasb.fxgl.notification.impl.NotificationServiceProvider, class com.almasb.fxgl.achievement.AchievementService, class com.almasb.fxgl.cutscene.CutsceneService, class com.almasb.fxgl.minigames.MiniGameService, class com.almasb.fxgl.net.NetService, class com.almasb.fxgl.app.services.UpdaterService]
14:12:02.587 [FXGL Background Thread 2 ] DEBUG Engine               - globalMusicVolume: 0.5
14:12:02.587 [FXGL Background Thread 2 ] DEBUG Engine               - width: 600
14:12:02.587 [FXGL Background Thread 2 ] DEBUG Engine               - saveFileExt: sav
14:12:02.588 [FXGL Background Thread 2 ] DEBUG Engine               - isAndroid: false
14:12:02.588 [FXGL Background Thread 2 ] DEBUG Engine               - fontUI: VarelaRound-Regular.ttf
14:12:02.588 [FXGL Background Thread 2 ] DEBUG Engine               - enabledMenuItems: []
14:12:02.588 [FXGL Background Thread 2 ] DEBUG Engine               - isIOS: false
14:12:02.588 [FXGL Background Thread 2 ] DEBUG Engine               - Logging services
14:12:02.588 [FXGL Background Thread 2 ] DEBUG Engine               - class com.almasb.fxgl.app.GameApplication$GameApplicationService
14:12:02.588 [FXGL Background Thread 2 ] DEBUG Engine               - class com.almasb.fxgl.app.services.WindowService
14:12:02.588 [FXGL Background Thread 2 ] DEBUG Engine               - class com.almasb.fxgl.app.services.FXGLDialogService
14:12:02.588 [FXGL Background Thread 2 ] DEBUG Engine               - class com.almasb.fxgl.app.services.IOTaskExecutorService
14:12:02.588 [FXGL Background Thread 2 ] DEBUG Engine               - class com.almasb.fxgl.event.EventBusService
14:12:02.588 [FXGL Background Thread 2 ] DEBUG Engine               - class com.almasb.fxgl.io.FileSystemService
14:12:02.588 [FXGL Background Thread 2 ] DEBUG Engine               - class com.almasb.fxgl.localization.LocalizationService
14:12:02.588 [FXGL Background Thread 2 ] DEBUG Engine               - class com.almasb.fxgl.app.services.AssetLoaderService
14:12:02.588 [FXGL Background Thread 2 ] DEBUG Engine               - class com.almasb.fxgl.app.services.SystemBundleService
14:12:02.588 [FXGL Background Thread 2 ] DEBUG Engine               - class com.almasb.fxgl.profile.SaveLoadService
14:12:02.588 [FXGL Background Thread 2 ] DEBUG Engine               - class com.almasb.fxgl.ui.FXGLUIFactoryServiceProvider
14:12:02.588 [FXGL Background Thread 2 ] DEBUG Engine               - class com.almasb.fxgl.ui.FXGLDialogFactoryServiceProvider
14:12:02.588 [FXGL Background Thread 2 ] DEBUG Engine               - class com.almasb.fxgl.audio.AudioPlayer
14:12:02.588 [FXGL Background Thread 2 ] DEBUG Engine               - class com.almasb.fxgl.notification.impl.NotificationServiceProvider
14:12:02.589 [FXGL Background Thread 2 ] DEBUG Engine               - class com.almasb.fxgl.achievement.AchievementService
14:12:02.589 [FXGL Background Thread 2 ] DEBUG Engine               - class com.almasb.fxgl.cutscene.CutsceneService
14:12:02.589 [FXGL Background Thread 2 ] DEBUG Engine               - class com.almasb.fxgl.minigames.MiniGameService
14:12:02.589 [FXGL Background Thread 2 ] DEBUG Engine               - class com.almasb.fxgl.net.NetService
14:12:02.589 [FXGL Background Thread 2 ] DEBUG Engine               - class com.almasb.fxgl.app.services.UpdaterService
14:12:15.608 [JavaFX Application Thread] DEBUG Menu                 - fireNewGame()
14:12:15.608 [JavaFX Application Thread] DEBUG WindowService        - Starting new game
14:12:15.608 [JavaFX Application Thread] DEBUG Input                - Clearing active input actions
14:12:15.619 [JavaFX Application Thread] DEBUG WindowService        - Removing overlay from FXGLDefaultMenu and adding to FXGLLoadingScene
14:12:15.620 [JavaFX Application Thread] DEBUG MainWindow           - FXGLDefaultMenu -> FXGLLoadingScene
14:12:15.620 [JavaFX Application Thread] DEBUG WindowService        - Clearing previous game
14:12:15.620 [JavaFX Application Thread] DEBUG GameScene            - Clearing game scene
14:12:15.620 [JavaFX Application Thread] DEBUG GameWorld            - Clearing game world
14:12:15.620 [JavaFX Application Thread] DEBUG PhysicsWorld         - Clearing physics world
14:12:15.621 [FXGL Background Thread 1 ] DEBUG GameApplication      - Initializing game
14:12:15.628 [FXGL Background Thread 1 ] DEBUG AssetLoaderService   - Loading from file system: /assets/textures/road_with_patches.png
14:12:15.638 [FXGL Background Thread 1 ] DEBUG AssetLoaderService   - Loading from cache: /assets/textures/road_with_patches.png
14:12:15.638 [FXGL Background Thread 1 ] DEBUG AssetLoaderService   - Loading from file system: /assets/textures/Car_Audi_Sport_Quattro_86x145.png
14:12:15.649 [FXGL Background Thread 1 ] DEBUG AssetLoaderService   - Loading from file system: /assets/ui/moosegame_ui.fxml
14:12:15.723 [FXGL Background Thread 1 ] INFO  GameApplication      - Game initialization took: 0.102 sec
14:12:15.723 [JavaFX Application Thread] DEBUG Input                - Clearing active input actions
14:12:15.728 [JavaFX Application Thread] DEBUG WindowService        - Removing overlay from FXGLLoadingScene and adding to GameScene
14:12:15.728 [JavaFX Application Thread] DEBUG MainWindow           - FXGLLoadingScene -> GameScene
14:12:17.813 [JavaFX Application Thread] DEBUG AssetLoaderService   - Loading from file system: /assets/textures/potHole.png
14:12:19.892 [JavaFX Application Thread] DEBUG AssetLoaderService   - Loading from file system: /assets/textures/mooseWalkAnimation.png
14:12:19.902 [JavaFX Application Thread] DEBUG AssetLoaderService   - Loading from cache: /assets/textures/mooseWalkAnimation.png
14:12:19.904 [JavaFX Application Thread] DEBUG AssetLoaderService   - Loading from cache: /assets/textures/potHole.png
14:12:21.983 [JavaFX Application Thread] DEBUG AssetLoaderService   - Loading from cache: /assets/textures/potHole.png
14:12:24.053 [JavaFX Application Thread] DEBUG AssetLoaderService   - Loading from cache: /assets/textures/mooseWalkAnimation.png
14:12:24.053 [JavaFX Application Thread] DEBUG AssetLoaderService   - Loading from cache: /assets/textures/mooseWalkAnimation.png
14:12:24.069 [JavaFX Application Thread] DEBUG AssetLoaderService   - Loading from cache: /assets/textures/potHole.png
14:12:26.163 [JavaFX Application Thread] DEBUG AssetLoaderService   - Loading from cache: /assets/textures/potHole.png
14:12:28.229 [JavaFX Application Thread] DEBUG AssetLoaderService   - Loading from cache: /assets/textures/mooseWalkAnimation.png
14:12:28.229 [JavaFX Application Thread] DEBUG AssetLoaderService   - Loading from cache: /assets/textures/mooseWalkAnimation.png
14:12:28.253 [JavaFX Application Thread] DEBUG AssetLoaderService   - Loading from cache: /assets/textures/potHole.png
14:12:30.341 [JavaFX Application Thread] DEBUG AssetLoaderService   - Loading from cache: /assets/textures/potHole.png
14:12:32.405 [JavaFX Application Thread] DEBUG AssetLoaderService   - Loading from cache: /assets/textures/mooseWalkAnimation.png
14:12:32.406 [JavaFX Application Thread] DEBUG AssetLoaderService   - Loading from cache: /assets/textures/mooseWalkAnimation.png
14:12:32.434 [JavaFX Application Thread] DEBUG AssetLoaderService   - Loading from cache: /assets/textures/potHole.png
14:12:33.123 [JavaFX Application Thread] DEBUG MainWindow           - Push state: DialogSubScene
14:12:33.123 [JavaFX Application Thread] DEBUG Input                - Clearing active input actions
14:12:33.124 [JavaFX Application Thread] DEBUG WindowService        - Removing overlay from GameScene and adding to DialogSubScene
14:12:33.124 [JavaFX Application Thread] DEBUG MainWindow           - GameScene -> DialogSubScene
14:12:34.684 [JavaFX Application Thread] DEBUG MainWindow           - Pop state: DialogSubScene
14:12:34.684 [JavaFX Application Thread] DEBUG Input                - Clearing active input actions
14:12:34.685 [JavaFX Application Thread] DEBUG WindowService        - Removing overlay from DialogSubScene and adding to GameScene
14:12:34.685 [JavaFX Application Thread] DEBUG MainWindow           - GameScene <- DialogSubScene
14:12:34.685 [JavaFX Application Thread] DEBUG GameApplication      - Exiting FXGL
14:12:34.685 [JavaFX Application Thread] DEBUG LoopRunner           - Stopping loop
14:12:34.685 [JavaFX Application Thread] DEBUG SystemBundleService  - Saving FXGL system data
14:12:34.686 [JavaFX Application Thread] DEBUG FileSystemAccess     - Writing to: C:\Users\micha\Desktop\JavaMooseGame\system\fxgl.bundle
14:12:34.687 [JavaFX Application Thread] DEBUG GameApplication      - Shutting down background threads
14:12:34.687 [JavaFX Application Thread] DEBUG GameApplication      - Closing logger and exiting JavaFX
