13:53:06.901 [main                     ] DEBUG GameApplication      - Logger initialized
13:53:06.907 [main                     ] DEBUG GameApplication      - Logging settings
Title: MooseGame
Version: 1.0
Width: 600
Height: 900
Fullscreen: false
Intro: false
Menus: true
Profiling: false
Single step:false
App Mode: DEVELOPER
Menu Key: ESCAPE
Stage Style: DECORATED
Scene Factory: class MooseGameApp$1

13:53:07.450 [JavaFX Application Thread] DEBUG GameApplication      - Initializing FXGL
13:53:07.465 [JavaFX Application Thread] INFO  Engine               - FXGL-11.8 (08.03.2020 09.09) on WINDOWS (J:14.0.1 FX:13.0.2)
13:53:07.465 [JavaFX Application Thread] INFO  Engine               - Source code and latest versions at: https://github.com/AlmasB/FXGL
13:53:07.466 [JavaFX Application Thread] INFO  Engine               -              Join the FXGL chat at: https://gitter.im/AlmasB/FXGL
13:53:07.592 [JavaFX Application Thread] DEBUG MainWindow           - Creating a JavaFX scene
13:53:07.671 [JavaFX Application Thread] DEBUG MainWindow           - Target settings size: 600.0 x 900.0
13:53:07.671 [JavaFX Application Thread] DEBUG MainWindow           - Scaled scene size:    600.0 x 900.0
13:53:07.671 [JavaFX Application Thread] DEBUG MainWindow           - Scaled ratio: (1.0, 1.0)
13:53:07.672 [JavaFX Application Thread] DEBUG MainWindow           - Set initial scene to FXGLStartupScene
13:53:07.679 [JavaFX Application Thread] DEBUG MainWindow           - Opening main window
13:53:07.773 [JavaFX Application Thread] DEBUG MainWindow           - Window border size: (16.0, 39.0)
13:53:07.773 [JavaFX Application Thread] DEBUG MainWindow           - Scaled size: 600.0 x 900.0
13:53:07.773 [JavaFX Application Thread] DEBUG MainWindow           - Scaled ratio: (1.0, 1.0)
13:53:07.773 [JavaFX Application Thread] DEBUG MainWindow           - Scene size: 600.0 x 900.0
13:53:07.773 [JavaFX Application Thread] DEBUG MainWindow           - Stage size: 616.0 x 939.0
13:53:07.782 [FXGL Background Thread 1 ] DEBUG Engine               - Initializing environment variables
13:53:07.812 [FXGL Background Thread 1 ] DEBUG WindowService        - Applying CSS: fxgl_dark.css
13:53:07.812 [FXGL Background Thread 1 ] DEBUG AssetLoaderService   - Loading from file system: /assets/ui/css/fxgl_dark.css
13:53:07.851 [FXGL Background Thread 1 ] DEBUG WindowService        - Initializing application scenes
13:53:07.886 [FXGL Background Thread 1 ] DEBUG GameWorld            - Game world initialized
13:53:07.924 [FXGL Background Thread 1 ] DEBUG PhysicsWorld         - Physics world initialized: appHeight=900, physics.ppm=50.0
13:53:07.926 [FXGL Background Thread 1 ] DEBUG GameScene            - Game scene initialized: 600x900
13:53:07.933 [FXGL Background Thread 1 ] DEBUG AssetLoaderService   - Loading from file system: /assets/textures/Roadway.png
13:53:08.014 [FXGL Background Thread 1 ] DEBUG AssetLoaderService   - Loading from file system: /assets/sounds/selection.mp3
13:53:08.161 [FXGL Background Thread 1 ] DEBUG AssetLoaderService   - Loading from cache: /assets/sounds/selection.mp3
13:53:08.162 [FXGL Background Thread 1 ] DEBUG AssetLoaderService   - Loading from cache: /assets/sounds/selection.mp3
13:53:08.162 [FXGL Background Thread 1 ] DEBUG AssetLoaderService   - Loading from cache: /assets/sounds/selection.mp3
13:53:08.163 [FXGL Background Thread 1 ] DEBUG AssetLoaderService   - Loading from cache: /assets/sounds/selection.mp3
13:53:08.180 [FXGL Background Thread 1 ] DEBUG AssetLoaderService   - Loading from cache: /assets/sounds/selection.mp3
13:53:08.181 [FXGL Background Thread 1 ] DEBUG AssetLoaderService   - Loading from cache: /assets/sounds/selection.mp3
13:53:08.181 [FXGL Background Thread 1 ] DEBUG AssetLoaderService   - Loading from cache: /assets/sounds/selection.mp3
13:53:08.185 [FXGL Background Thread 1 ] DEBUG AssetLoaderService   - Loading from cache: /assets/sounds/selection.mp3
13:53:08.187 [FXGL Background Thread 1 ] DEBUG AssetLoaderService   - Loading from file system: /assets/music/Poisoncut_-_MenuMusic.mp3
13:53:08.252 [FXGL Background Thread 1 ] DEBUG AudioPlayer          - Playing music com.almasb.fxgl.audio.Music@16308091
13:53:08.276 [FXGL Background Thread 1 ] DEBUG AssetLoaderService   - Loading from file system: /assets/textures/particles/trace_horizontal.png
13:53:08.307 [FXGL Background Thread 1 ] WARN  FXGL.DefaultMenu     - FXGLDefaultMenu is not designed for resolutions < 800x600
13:53:08.307 [FXGL Background Thread 1 ] DEBUG FXGL.DefaultMenu     - createMenuBodyGameMenu()
13:53:08.323 [FXGL Background Thread 1 ] DEBUG FXGL.DefaultMenu     - createOptionsMenu()
13:53:08.326 [FXGL Background Thread 1 ] DEBUG AssetLoaderService   - Loading from file system: /assets/textures/particles/smoke.png
13:53:08.378 [FXGL Background Thread 1 ] DEBUG WindowService        - Application scenes initialized
13:53:08.386 [FXGL Background Thread 1 ] DEBUG SystemBundleService  - Loading FXGL system data
13:53:08.391 [FXGL Background Thread 1 ] DEBUG FileSystemAccess     - Reading from: C:\Users\micha\Desktop\JavaMooseGame\system\fxgl.bundle
13:53:08.398 [FXGL Background Thread 1 ] DEBUG SystemBundleService  - Bundle FXGL: {}
13:53:08.398 [FXGL Background Thread 1 ] INFO  Engine               - FXGL initialization took: 0.615 sec
13:53:08.400 [FXGL Background Thread 1 ] DEBUG GameApplication      - Loading localizations
13:53:08.401 [FXGL Background Thread 1 ] DEBUG AssetLoaderService   - Loading from file system: /assets/properties/languages/english.properties
13:53:08.402 [FXGL Background Thread 1 ] DEBUG AssetLoaderService   - Loading from file system: /assets/properties/languages/french.properties
13:53:08.403 [FXGL Background Thread 1 ] DEBUG AssetLoaderService   - Loading from file system: /assets/properties/languages/german.properties
13:53:08.404 [FXGL Background Thread 1 ] DEBUG AssetLoaderService   - Loading from file system: /assets/properties/languages/hungarian.properties
13:53:08.405 [FXGL Background Thread 1 ] DEBUG AssetLoaderService   - Loading from file system: /assets/properties/languages/russian.properties
13:53:08.407 [FXGL Background Thread 1 ] DEBUG GameApplication      - Registering font factories with UI factory
13:53:08.407 [FXGL Background Thread 1 ] DEBUG AssetLoaderService   - Loading from file system: /assets/ui/fonts/VarelaRound-Regular.ttf
13:53:08.456 [FXGL Background Thread 1 ] DEBUG AssetLoaderService   - Loading from file system: /assets/ui/fonts/Abel-Regular.ttf
13:53:08.465 [FXGL Background Thread 1 ] DEBUG AssetLoaderService   - Loading from file system: /assets/ui/fonts/lucida_console.ttf
13:53:08.476 [FXGL Background Thread 1 ] DEBUG AssetLoaderService   - Loading from file system: /assets/ui/fonts/Courier-Prime.ttf
13:53:08.493 [JavaFX Application Thread] DEBUG Input                - Registered new binding: action0 - A
13:53:08.493 [JavaFX Application Thread] DEBUG Input                - Registered new binding: action1 - S
13:53:08.494 [JavaFX Application Thread] DEBUG Input                - Registered new binding: action2 - D
13:53:08.494 [JavaFX Application Thread] DEBUG Input                - Registered new binding: action3 - W
13:53:08.494 [JavaFX Application Thread] DEBUG Input                - Registered new binding: action4 - 1
13:53:08.494 [JavaFX Application Thread] DEBUG Input                - Registered new binding: action5 - 2
13:53:08.494 [JavaFX Application Thread] DEBUG Input                - Registered new binding: action6 - 3
13:53:08.495 [JavaFX Application Thread] DEBUG Input                - Registered new binding: action7 - Left
13:53:08.495 [JavaFX Application Thread] DEBUG Input                - Registered new binding: action8 - Down
13:53:08.495 [JavaFX Application Thread] DEBUG Input                - Registered new binding: action9 - Right
13:53:08.495 [JavaFX Application Thread] DEBUG Input                - Registered new binding: action10 - Up
13:53:08.495 [JavaFX Application Thread] DEBUG AssetLoaderService   - Loading from file system: /assets/textures/fxgl_icon.png
13:53:08.505 [JavaFX Application Thread] DEBUG AssetLoaderService   - Loading from file system: /assets/ui/cursors/fxgl_default.png
13:53:08.507 [JavaFX Application Thread] DEBUG Input                - Registered new binding: Screenshot - P
13:53:08.507 [JavaFX Application Thread] DEBUG Input                - Registered new binding: System info dump - CTRL+9
13:53:08.508 [JavaFX Application Thread] DEBUG Input                - Registered new binding: Restart - CTRL+R
13:53:08.509 [JavaFX Application Thread] DEBUG LoopRunner           - Starting loop
13:53:08.529 [JavaFX Application Thread] DEBUG FXGLStartupScene     - STARTUP
13:53:08.529 [JavaFX Application Thread] DEBUG Input                - Clearing active input actions
13:53:08.545 [JavaFX Application Thread] DEBUG WindowService        - Removing overlay from FXGLStartupScene and adding to MooseGameMenu
13:53:08.546 [JavaFX Application Thread] DEBUG MainWindow           - FXGLStartupScene -> MooseGameMenu
13:53:11.400 [FXGL Background Thread 2 ] DEBUG Engine               - Logging environment variables
13:53:11.400 [FXGL Background Thread 2 ] DEBUG Engine               - achievements: []
13:53:11.400 [FXGL Background Thread 2 ] DEBUG Engine               - language: ObjectProperty [value: ENGLISH]
13:53:11.400 [FXGL Background Thread 2 ] DEBUG Engine               - isCloseConfirmation: false
13:53:11.401 [FXGL Background Thread 2 ] DEBUG Engine               - isProfilingEnabled: false
13:53:11.401 [FXGL Background Thread 2 ] DEBUG Engine               - soundNotification: core/notification.wav
13:53:11.401 [FXGL Background Thread 2 ] DEBUG Engine               - devShowBBoxProperty: BooleanProperty [value: false]
13:53:11.401 [FXGL Background Thread 2 ] DEBUG Engine               - pixelsPerMeter: 50.0
13:53:11.401 [FXGL Background Thread 2 ] DEBUG Engine               - appIcon: fxgl_icon.png
13:53:11.401 [FXGL Background Thread 2 ] DEBUG Engine               - soundMenuBack: menu/back.wav
13:53:11.401 [FXGL Background Thread 2 ] DEBUG Engine               - isFullScreenAllowed: false
13:53:11.401 [FXGL Background Thread 2 ] DEBUG Engine               - isIntroEnabled: false
13:53:11.401 [FXGL Background Thread 2 ] DEBUG Engine               - fontMono: lucida_console.ttf
13:53:11.401 [FXGL Background Thread 2 ] DEBUG Engine               - soundMenuSelect: menu/select.wav
13:53:11.401 [FXGL Background Thread 2 ] DEBUG Engine               - isWindows: true
13:53:11.401 [FXGL Background Thread 2 ] DEBUG Engine               - isMobile: false
13:53:11.401 [FXGL Background Thread 2 ] DEBUG Engine               - isUserProfileEnabled: false
13:53:11.401 [FXGL Background Thread 2 ] DEBUG Engine               - height: 900
13:53:11.401 [FXGL Background Thread 2 ] DEBUG Engine               - isExperimentalNative: false
13:53:11.401 [FXGL Background Thread 2 ] DEBUG Engine               - settings: Title: MooseGame
Version: 1.0
Width: 600
Height: 900
Fullscreen: false
Intro: false
Menus: true
Profiling: false
Single step:false
App Mode: DEVELOPER
Menu Key: ESCAPE
Stage Style: DECORATED
Scene Factory: class MooseGameApp$1

13:53:11.402 [FXGL Background Thread 2 ] DEBUG Engine               - isSingleStep: false
13:53:11.402 [FXGL Background Thread 2 ] DEBUG Engine               - cSSList: [fxgl_dark.css]
13:53:11.402 [FXGL Background Thread 2 ] DEBUG Engine               - fontGame: Abel-Regular.ttf
13:53:11.402 [FXGL Background Thread 2 ] DEBUG Engine               - menuKey: ESCAPE
13:53:11.402 [FXGL Background Thread 2 ] DEBUG Engine               - devShowPositionProperty: BooleanProperty [value: false]
13:53:11.402 [FXGL Background Thread 2 ] DEBUG Engine               - versionCheckDays: 7
13:53:11.402 [FXGL Background Thread 2 ] DEBUG Engine               - configClass: Optional.empty
13:53:11.402 [FXGL Background Thread 2 ] DEBUG Engine               - isFullScreenFromStart: false
13:53:11.402 [FXGL Background Thread 2 ] DEBUG Engine               - version: 1.0
13:53:11.402 [FXGL Background Thread 2 ] DEBUG Engine               - fullScreen: BooleanProperty [value: false]
13:53:11.402 [FXGL Background Thread 2 ] DEBUG Engine               - randomSeed: -1
13:53:11.402 [FXGL Background Thread 2 ] DEBUG Engine               - gameDifficultyProperty: ObjectProperty [value: MEDIUM]
13:53:11.402 [FXGL Background Thread 2 ] DEBUG Engine               - applicationMode: DEVELOPER
13:53:11.402 [FXGL Background Thread 2 ] DEBUG Engine               - isMac: false
13:53:11.402 [FXGL Background Thread 2 ] DEBUG Engine               - isMenuEnabled: true
13:53:11.403 [FXGL Background Thread 2 ] DEBUG Engine               - profileName: StringProperty [value: DEFAULT]
13:53:11.403 [FXGL Background Thread 2 ] DEBUG Engine               - urlPOM: https://raw.githubusercontent.com/AlmasB/FXGL/master/pom.xml
13:53:11.403 [FXGL Background Thread 2 ] DEBUG Engine               - notificationViewClass: class com.almasb.fxgl.notification.view.XboxNotificationView
13:53:11.403 [FXGL Background Thread 2 ] DEBUG Engine               - devSensorColorProperty: ObjectProperty [value: 0xffff00ff]
13:53:11.403 [FXGL Background Thread 2 ] DEBUG Engine               - sceneFactory: MooseGameApp$1@31e7ef8
13:53:11.403 [FXGL Background Thread 2 ] DEBUG Engine               - stageStyle: DECORATED
13:53:11.403 [FXGL Background Thread 2 ] DEBUG Engine               - isManualResizeEnabled: false
13:53:11.403 [FXGL Background Thread 2 ] DEBUG Engine               - title: MooseGame
13:53:11.403 [FXGL Background Thread 2 ] DEBUG Engine               - platform: WINDOWS
13:53:11.403 [FXGL Background Thread 2 ] DEBUG Engine               - devBBoxColorProperty: ObjectProperty [value: 0xff0000ff]
13:53:11.403 [FXGL Background Thread 2 ] DEBUG Engine               - gameDifficulty: MEDIUM
13:53:11.403 [FXGL Background Thread 2 ] DEBUG Engine               - isDesktop: true
13:53:11.403 [FXGL Background Thread 2 ] DEBUG Engine               - supportedLanguages: [ENGLISH, FRENCH, GERMAN, HUNGARIAN, RUSSIAN]
13:53:11.404 [FXGL Background Thread 2 ] DEBUG Engine               - credits: []
13:53:11.404 [FXGL Background Thread 2 ] DEBUG Engine               - globalMusicVolumeProperty: DoubleProperty [value: 0.5]
13:53:11.404 [FXGL Background Thread 2 ] DEBUG Engine               - isPreserveResizeRatio: false
13:53:11.404 [FXGL Background Thread 2 ] DEBUG Engine               - fontText: Courier-Prime.ttf
13:53:11.404 [FXGL Background Thread 2 ] DEBUG Engine               - isExperimentalTiledLargeMap: false
13:53:11.404 [FXGL Background Thread 2 ] DEBUG Engine               - secondsIn24h: 60
13:53:11.404 [FXGL Background Thread 2 ] DEBUG Engine               - runtimeInfo: RuntimeInfo(platform=WINDOWS, version=11.8, build=08.03.2020 09.09)
13:53:11.404 [FXGL Background Thread 2 ] DEBUG Engine               - isLinux: false
13:53:11.404 [FXGL Background Thread 2 ] DEBUG Engine               - soundMenuPress: menu/press.wav
13:53:11.404 [FXGL Background Thread 2 ] DEBUG Engine               - urlGithub: https://github.com/AlmasB/FXGL
13:53:11.404 [FXGL Background Thread 2 ] DEBUG Engine               - profileDir: profiles/
13:53:11.404 [FXGL Background Thread 2 ] DEBUG Engine               - isDeveloperMenuEnabled: false
13:53:11.404 [FXGL Background Thread 2 ] DEBUG Engine               - globalSoundVolumeProperty: DoubleProperty [value: 0.5]
13:53:11.404 [FXGL Background Thread 2 ] DEBUG Engine               - mainWindow: com.almasb.fxgl.app.MainWindow@721ea43
13:53:11.404 [FXGL Background Thread 2 ] DEBUG Engine               - isBrowser: false
13:53:11.404 [FXGL Background Thread 2 ] DEBUG Engine               - globalSoundVolume: 0.5
13:53:11.405 [FXGL Background Thread 2 ] DEBUG Engine               - urlLeaderboard: http://fxgl-top.herokuapp.com/
13:53:11.405 [FXGL Background Thread 2 ] DEBUG Engine               - engineServices: [class com.almasb.fxgl.app.GameApplication$GameApplicationService, class com.almasb.fxgl.app.services.WindowService, class com.almasb.fxgl.app.services.FXGLDialogService, class com.almasb.fxgl.app.services.IOTaskExecutorService, class com.almasb.fxgl.event.EventBusService, class com.almasb.fxgl.io.FileSystemService, class com.almasb.fxgl.localization.LocalizationService, class com.almasb.fxgl.app.services.AssetLoaderService, class com.almasb.fxgl.app.services.SystemBundleService, class com.almasb.fxgl.profile.SaveLoadService, class com.almasb.fxgl.ui.FXGLUIFactoryServiceProvider, class com.almasb.fxgl.ui.FXGLDialogFactoryServiceProvider, class com.almasb.fxgl.audio.AudioPlayer, class com.almasb.fxgl.notification.impl.NotificationServiceProvider, class com.almasb.fxgl.achievement.AchievementService, class com.almasb.fxgl.cutscene.CutsceneService, class com.almasb.fxgl.minigames.MiniGameService, class com.almasb.fxgl.net.NetService, class com.almasb.fxgl.app.services.UpdaterService]
13:53:11.405 [FXGL Background Thread 2 ] DEBUG Engine               - globalMusicVolume: 0.5
13:53:11.405 [FXGL Background Thread 2 ] DEBUG Engine               - width: 600
13:53:11.405 [FXGL Background Thread 2 ] DEBUG Engine               - saveFileExt: sav
13:53:11.405 [FXGL Background Thread 2 ] DEBUG Engine               - isAndroid: false
13:53:11.405 [FXGL Background Thread 2 ] DEBUG Engine               - fontUI: VarelaRound-Regular.ttf
13:53:11.405 [FXGL Background Thread 2 ] DEBUG Engine               - enabledMenuItems: []
13:53:11.405 [FXGL Background Thread 2 ] DEBUG Engine               - isIOS: false
13:53:11.405 [FXGL Background Thread 2 ] DEBUG Engine               - Logging services
13:53:11.405 [FXGL Background Thread 2 ] DEBUG Engine               - class com.almasb.fxgl.app.GameApplication$GameApplicationService
13:53:11.405 [FXGL Background Thread 2 ] DEBUG Engine               - class com.almasb.fxgl.app.services.WindowService
13:53:11.405 [FXGL Background Thread 2 ] DEBUG Engine               - class com.almasb.fxgl.app.services.FXGLDialogService
13:53:11.405 [FXGL Background Thread 2 ] DEBUG Engine               - class com.almasb.fxgl.app.services.IOTaskExecutorService
13:53:11.405 [FXGL Background Thread 2 ] DEBUG Engine               - class com.almasb.fxgl.event.EventBusService
13:53:11.405 [FXGL Background Thread 2 ] DEBUG Engine               - class com.almasb.fxgl.io.FileSystemService
13:53:11.405 [FXGL Background Thread 2 ] DEBUG Engine               - class com.almasb.fxgl.localization.LocalizationService
13:53:11.405 [FXGL Background Thread 2 ] DEBUG Engine               - class com.almasb.fxgl.app.services.AssetLoaderService
13:53:11.405 [FXGL Background Thread 2 ] DEBUG Engine               - class com.almasb.fxgl.app.services.SystemBundleService
13:53:11.406 [FXGL Background Thread 2 ] DEBUG Engine               - class com.almasb.fxgl.profile.SaveLoadService
13:53:11.406 [FXGL Background Thread 2 ] DEBUG Engine               - class com.almasb.fxgl.ui.FXGLUIFactoryServiceProvider
13:53:11.406 [FXGL Background Thread 2 ] DEBUG Engine               - class com.almasb.fxgl.ui.FXGLDialogFactoryServiceProvider
13:53:11.406 [FXGL Background Thread 2 ] DEBUG Engine               - class com.almasb.fxgl.audio.AudioPlayer
13:53:11.406 [FXGL Background Thread 2 ] DEBUG Engine               - class com.almasb.fxgl.notification.impl.NotificationServiceProvider
13:53:11.406 [FXGL Background Thread 2 ] DEBUG Engine               - class com.almasb.fxgl.achievement.AchievementService
13:53:11.406 [FXGL Background Thread 2 ] DEBUG Engine               - class com.almasb.fxgl.cutscene.CutsceneService
13:53:11.406 [FXGL Background Thread 2 ] DEBUG Engine               - class com.almasb.fxgl.minigames.MiniGameService
13:53:11.406 [FXGL Background Thread 2 ] DEBUG Engine               - class com.almasb.fxgl.net.NetService
13:53:11.406 [FXGL Background Thread 2 ] DEBUG Engine               - class com.almasb.fxgl.app.services.UpdaterService
13:53:14.487 [JavaFX Application Thread] DEBUG Menu                 - fireNewGame()
13:53:14.487 [JavaFX Application Thread] DEBUG WindowService        - Starting new game
13:53:14.487 [JavaFX Application Thread] DEBUG Input                - Clearing active input actions
13:53:14.495 [JavaFX Application Thread] DEBUG WindowService        - Removing overlay from MooseGameMenu and adding to FXGLLoadingScene
13:53:14.495 [JavaFX Application Thread] DEBUG MainWindow           - MooseGameMenu -> FXGLLoadingScene
13:53:14.495 [JavaFX Application Thread] DEBUG WindowService        - Clearing previous game
13:53:14.495 [JavaFX Application Thread] DEBUG GameScene            - Clearing game scene
13:53:14.495 [JavaFX Application Thread] DEBUG GameWorld            - Clearing game world
13:53:14.496 [JavaFX Application Thread] DEBUG PhysicsWorld         - Clearing physics world
13:53:14.497 [JavaFX Application Thread] DEBUG AudioPlayer          - Stopping music com.almasb.fxgl.audio.Music@16308091
13:53:14.497 [FXGL Background Thread 1 ] DEBUG GameApplication      - Initializing game
13:53:14.505 [FXGL Background Thread 1 ] DEBUG FileSystemAccess     - Reading from: C:\Users\micha\Desktop\JavaMooseGame\.\highscores.dat
13:53:14.509 [FXGL Background Thread 1 ] DEBUG AssetLoaderService   - Loading from file system: /assets/music/Poisoncut_GameLoop.mp3
13:53:14.512 [FXGL Background Thread 1 ] DEBUG AudioPlayer          - Playing music com.almasb.fxgl.audio.Music@48bf9600
13:53:14.514 [FXGL Background Thread 1 ] DEBUG AssetLoaderService   - Loading from file system: /assets/textures/road_with_patches.png
13:53:14.522 [FXGL Background Thread 1 ] DEBUG AssetLoaderService   - Loading from cache: /assets/textures/road_with_patches.png
13:53:14.523 [FXGL Background Thread 1 ] DEBUG AssetLoaderService   - Loading from file system: /assets/textures//car0.png
13:53:14.532 [FXGL Background Thread 1 ] DEBUG AssetLoaderService   - Loading from file system: /assets/textures/signpost.png
13:53:14.536 [FXGL Background Thread 1 ] DEBUG AssetLoaderService   - Loading from file system: /assets/ui/moosegame_ui.fxml
13:53:14.602 [FXGL Background Thread 1 ] INFO  GameApplication      - Game initialization took: 0.105 sec
13:53:14.603 [JavaFX Application Thread] DEBUG Input                - Clearing active input actions
13:53:14.609 [JavaFX Application Thread] DEBUG WindowService        - Removing overlay from FXGLLoadingScene and adding to GameScene
13:53:14.609 [JavaFX Application Thread] DEBUG MainWindow           - FXGLLoadingScene -> GameScene
13:53:16.987 [JavaFX Application Thread] DEBUG AssetLoaderService   - Loading from file system: /assets/sounds/explosion.wav
13:53:16.991 [JavaFX Application Thread] DEBUG AssetLoaderService   - Loading from file system: /assets/textures/explosion.png
13:53:17.002 [JavaFX Application Thread] DEBUG AudioPlayer          - Stopping music com.almasb.fxgl.audio.Music@48bf9600
13:53:17.004 [JavaFX Application Thread] DEBUG MainWindow           - Push state: DialogSubScene
13:53:17.005 [JavaFX Application Thread] DEBUG Input                - Clearing active input actions
13:53:17.010 [JavaFX Application Thread] DEBUG WindowService        - Removing overlay from GameScene and adding to DialogSubScene
13:53:17.010 [JavaFX Application Thread] DEBUG MainWindow           - GameScene -> DialogSubScene
13:53:17.641 [JavaFX Application Thread] DEBUG MainWindow           - Pop state: DialogSubScene
13:53:17.642 [JavaFX Application Thread] DEBUG Input                - Clearing active input actions
13:53:17.642 [JavaFX Application Thread] DEBUG WindowService        - Removing overlay from DialogSubScene and adding to GameScene
13:53:17.642 [JavaFX Application Thread] DEBUG MainWindow           - GameScene <- DialogSubScene
13:53:17.649 [JavaFX Application Thread] DEBUG MainWindow           - Push state: DialogSubScene
13:53:17.649 [JavaFX Application Thread] DEBUG Input                - Clearing active input actions
13:53:17.650 [JavaFX Application Thread] DEBUG WindowService        - Removing overlay from GameScene and adding to DialogSubScene
13:53:17.650 [JavaFX Application Thread] DEBUG MainWindow           - GameScene -> DialogSubScene
13:53:18.513 [JavaFX Application Thread] DEBUG GameApplication      - Exiting FXGL
13:53:18.513 [JavaFX Application Thread] DEBUG LoopRunner           - Stopping loop
13:53:18.513 [JavaFX Application Thread] DEBUG SystemBundleService  - Saving FXGL system data
13:53:18.515 [JavaFX Application Thread] DEBUG FileSystemAccess     - Writing to: C:\Users\micha\Desktop\JavaMooseGame\system\fxgl.bundle
13:53:18.516 [JavaFX Application Thread] DEBUG GameApplication      - Shutting down background threads
13:53:18.517 [JavaFX Application Thread] DEBUG GameApplication      - Closing logger and exiting JavaFX
