03:39:18.322 [main                     ] DEBUG GameApplication      - Logger initialized
03:39:18.326 [main                     ] DEBUG GameApplication      - Logging settings
Title: MooseGame
Version: 0.3
Width: 600
Height: 900
Fullscreen: false
Intro: false
Menus: true
Profiling: false
Single step:false
App Mode: DEVELOPER
Menu Key: ESCAPE
Stage Style: DECORATED
Scene Factory: class MooseGameApp$1

03:39:18.633 [JavaFX Application Thread] DEBUG GameApplication      - Initializing FXGL
03:39:18.641 [JavaFX Application Thread] INFO  Engine               - FXGL-11.8 (08.03.2020 09.09) on WINDOWS (J:14.0.1 FX:13.0.2)
03:39:18.642 [JavaFX Application Thread] INFO  Engine               - Source code and latest versions at: https://github.com/AlmasB/FXGL
03:39:18.642 [JavaFX Application Thread] INFO  Engine               -              Join the FXGL chat at: https://gitter.im/AlmasB/FXGL
03:39:18.744 [JavaFX Application Thread] DEBUG MainWindow           - Creating a JavaFX scene
03:39:18.785 [JavaFX Application Thread] DEBUG MainWindow           - Target settings size: 600.0 x 900.0
03:39:18.785 [JavaFX Application Thread] DEBUG MainWindow           - Scaled scene size:    600.0 x 900.0
03:39:18.785 [JavaFX Application Thread] DEBUG MainWindow           - Scaled ratio: (1.0, 1.0)
03:39:18.786 [JavaFX Application Thread] DEBUG MainWindow           - Set initial scene to FXGLStartupScene
03:39:18.791 [JavaFX Application Thread] DEBUG MainWindow           - Opening main window
03:39:18.872 [JavaFX Application Thread] DEBUG MainWindow           - Window border size: (16.0, 39.0)
03:39:18.872 [JavaFX Application Thread] DEBUG MainWindow           - Scaled size: 600.0 x 900.0
03:39:18.872 [JavaFX Application Thread] DEBUG MainWindow           - Scaled ratio: (1.0, 1.0)
03:39:18.872 [JavaFX Application Thread] DEBUG MainWindow           - Scene size: 600.0 x 900.0
03:39:18.873 [JavaFX Application Thread] DEBUG MainWindow           - Stage size: 616.0 x 939.0
03:39:18.879 [FXGL Background Thread 1 ] DEBUG Engine               - Initializing environment variables
03:39:18.902 [FXGL Background Thread 1 ] DEBUG WindowService        - Applying CSS: fxgl_dark.css
03:39:18.903 [FXGL Background Thread 1 ] DEBUG AssetLoaderService   - Loading from file system: /assets/ui/css/fxgl_dark.css
03:39:18.941 [FXGL Background Thread 1 ] DEBUG WindowService        - Initializing application scenes
03:39:18.968 [FXGL Background Thread 1 ] DEBUG GameWorld            - Game world initialized
03:39:19.001 [FXGL Background Thread 1 ] DEBUG PhysicsWorld         - Physics world initialized: appHeight=900, physics.ppm=50.0
03:39:19.002 [FXGL Background Thread 1 ] DEBUG GameScene            - Game scene initialized: 600x900
03:39:19.009 [FXGL Background Thread 1 ] DEBUG AssetLoaderService   - Loading from file system: /assets/textures/Roadway.png
03:39:19.079 [FXGL Background Thread 1 ] DEBUG AssetLoaderService   - Loading from file system: /assets/sounds/selection.mp3
03:39:19.151 [FXGL Background Thread 1 ] DEBUG AssetLoaderService   - Loading from cache: /assets/sounds/selection.mp3
03:39:19.152 [FXGL Background Thread 1 ] DEBUG AssetLoaderService   - Loading from cache: /assets/sounds/selection.mp3
03:39:19.152 [FXGL Background Thread 1 ] DEBUG AssetLoaderService   - Loading from cache: /assets/sounds/selection.mp3
03:39:19.153 [FXGL Background Thread 1 ] DEBUG AssetLoaderService   - Loading from cache: /assets/sounds/selection.mp3
03:39:19.173 [FXGL Background Thread 1 ] DEBUG AssetLoaderService   - Loading from file system: /assets/music/Poisoncut_-_MenuMusic.mp3
03:39:19.236 [FXGL Background Thread 1 ] DEBUG AudioPlayer          - Playing music com.almasb.fxgl.audio.Music@e85fa9a
03:39:19.253 [FXGL Background Thread 1 ] DEBUG AssetLoaderService   - Loading from file system: /assets/textures/particles/trace_horizontal.png
03:39:19.283 [FXGL Background Thread 1 ] WARN  FXGL.DefaultMenu     - FXGLDefaultMenu is not designed for resolutions < 800x600
03:39:19.283 [FXGL Background Thread 1 ] DEBUG FXGL.DefaultMenu     - createMenuBodyGameMenu()
03:39:19.291 [FXGL Background Thread 1 ] DEBUG FXGL.DefaultMenu     - createOptionsMenu()
03:39:19.294 [FXGL Background Thread 1 ] DEBUG AssetLoaderService   - Loading from file system: /assets/textures/particles/smoke.png
03:39:19.340 [FXGL Background Thread 1 ] DEBUG WindowService        - Application scenes initialized
03:39:19.347 [FXGL Background Thread 1 ] DEBUG SystemBundleService  - Loading FXGL system data
03:39:19.349 [FXGL Background Thread 1 ] DEBUG FileSystemAccess     - Reading from: C:\Users\micha\Desktop\JavaMooseGame\system\fxgl.bundle
03:39:19.354 [FXGL Background Thread 1 ] DEBUG SystemBundleService  - Bundle FXGL: {}
03:39:19.355 [FXGL Background Thread 1 ] INFO  Engine               - FXGL initialization took: 0.474 sec
03:39:19.356 [FXGL Background Thread 1 ] DEBUG GameApplication      - Loading localizations
03:39:19.357 [FXGL Background Thread 1 ] DEBUG AssetLoaderService   - Loading from file system: /assets/properties/languages/english.properties
03:39:19.358 [FXGL Background Thread 1 ] DEBUG AssetLoaderService   - Loading from file system: /assets/properties/languages/french.properties
03:39:19.359 [FXGL Background Thread 1 ] DEBUG AssetLoaderService   - Loading from file system: /assets/properties/languages/german.properties
03:39:19.360 [FXGL Background Thread 1 ] DEBUG AssetLoaderService   - Loading from file system: /assets/properties/languages/hungarian.properties
03:39:19.361 [FXGL Background Thread 1 ] DEBUG AssetLoaderService   - Loading from file system: /assets/properties/languages/russian.properties
03:39:19.362 [FXGL Background Thread 1 ] DEBUG GameApplication      - Registering font factories with UI factory
03:39:19.363 [FXGL Background Thread 1 ] DEBUG AssetLoaderService   - Loading from file system: /assets/ui/fonts/VarelaRound-Regular.ttf
03:39:19.405 [FXGL Background Thread 1 ] DEBUG AssetLoaderService   - Loading from file system: /assets/ui/fonts/Abel-Regular.ttf
03:39:19.412 [FXGL Background Thread 1 ] DEBUG AssetLoaderService   - Loading from file system: /assets/ui/fonts/lucida_console.ttf
03:39:19.423 [FXGL Background Thread 1 ] DEBUG AssetLoaderService   - Loading from file system: /assets/ui/fonts/Courier-Prime.ttf
03:39:19.438 [JavaFX Application Thread] DEBUG Input                - Registered new binding: action0 - A
03:39:19.438 [JavaFX Application Thread] DEBUG Input                - Registered new binding: action1 - S
03:39:19.438 [JavaFX Application Thread] DEBUG Input                - Registered new binding: action2 - D
03:39:19.439 [JavaFX Application Thread] DEBUG Input                - Registered new binding: action3 - W
03:39:19.439 [JavaFX Application Thread] DEBUG Input                - Registered new binding: action4 - Space
03:39:19.439 [JavaFX Application Thread] DEBUG Input                - Registered new binding: action5 - Left
03:39:19.439 [JavaFX Application Thread] DEBUG Input                - Registered new binding: action6 - Down
03:39:19.439 [JavaFX Application Thread] DEBUG Input                - Registered new binding: action7 - Right
03:39:19.439 [JavaFX Application Thread] DEBUG Input                - Registered new binding: action8 - Up
03:39:19.440 [JavaFX Application Thread] DEBUG AssetLoaderService   - Loading from file system: /assets/textures/fxgl_icon.png
03:39:19.447 [JavaFX Application Thread] DEBUG AssetLoaderService   - Loading from file system: /assets/ui/cursors/fxgl_default.png
03:39:19.448 [JavaFX Application Thread] DEBUG Input                - Registered new binding: Screenshot - P
03:39:19.449 [JavaFX Application Thread] DEBUG Input                - Registered new binding: System info dump - CTRL+9
03:39:19.449 [JavaFX Application Thread] DEBUG Input                - Registered new binding: Restart - CTRL+R
03:39:19.450 [JavaFX Application Thread] DEBUG LoopRunner           - Starting loop
03:39:19.459 [JavaFX Application Thread] DEBUG FXGLStartupScene     - STARTUP
03:39:19.459 [JavaFX Application Thread] DEBUG Input                - Clearing active input actions
03:39:19.471 [JavaFX Application Thread] DEBUG WindowService        - Removing overlay from FXGLStartupScene and adding to MooseGameMenu
03:39:19.472 [JavaFX Application Thread] DEBUG MainWindow           - FXGLStartupScene -> MooseGameMenu
03:39:20.137 [JavaFX Application Thread] DEBUG Menu                 - fireNewGame()
03:39:20.137 [JavaFX Application Thread] DEBUG WindowService        - Starting new game
03:39:20.137 [JavaFX Application Thread] DEBUG Input                - Clearing active input actions
03:39:20.144 [JavaFX Application Thread] DEBUG WindowService        - Removing overlay from MooseGameMenu and adding to FXGLLoadingScene
03:39:20.144 [JavaFX Application Thread] DEBUG MainWindow           - MooseGameMenu -> FXGLLoadingScene
03:39:20.144 [JavaFX Application Thread] DEBUG WindowService        - Clearing previous game
03:39:20.144 [JavaFX Application Thread] DEBUG GameScene            - Clearing game scene
03:39:20.144 [JavaFX Application Thread] DEBUG GameWorld            - Clearing game world
03:39:20.144 [JavaFX Application Thread] DEBUG PhysicsWorld         - Clearing physics world
03:39:20.145 [JavaFX Application Thread] DEBUG AudioPlayer          - Stopping music com.almasb.fxgl.audio.Music@e85fa9a
03:39:20.145 [FXGL Background Thread 1 ] DEBUG GameApplication      - Initializing game
03:39:20.151 [FXGL Background Thread 1 ] DEBUG AssetLoaderService   - Loading from file system: /assets/music/Poisoncut_GameLoop.mp3
03:39:20.153 [FXGL Background Thread 1 ] DEBUG AudioPlayer          - Playing music com.almasb.fxgl.audio.Music@39c59375
03:39:20.162 [JavaFX Application Thread] DEBUG LoopRunner           - Stopping loop
03:39:21.037 [JavaFX Application Thread] FATAL GameApplication      - Uncaught Exception:

Fatal exception occurred: java.lang.RuntimeException : Initialization failed
E: com.almasb.fxgl.app.GameApplication$InitAppTask.failed(GameApplication.java:428)
E: javafx.concurrent.Task.setState(Task.java:710)
E: javafx.concurrent.Task$TaskCallable.lambda$call$2(Task.java:1455)
E: com.sun.javafx.application.PlatformImpl.lambda$runLater$10(PlatformImpl.java:428)
E: java.base/java.security.AccessController.doPrivileged(AccessController.java:391)
E: com.sun.javafx.application.PlatformImpl.lambda$runLater$11(PlatformImpl.java:427)
E: com.sun.glass.ui.InvokeLaterDispatcher$Future.run(InvokeLaterDispatcher.java:96)
E: com.sun.glass.ui.win.WinApplication._runLoop(Native Method)
E: com.sun.glass.ui.win.WinApplication.lambda$runLoop$3(WinApplication.java:174)
E: java.base/java.lang.Thread.run(Thread.java:832)

03:39:21.037 [JavaFX Application Thread] FATAL GameApplication      - Application will now exit
03:39:21.037 [JavaFX Application Thread] DEBUG GameApplication      - Exiting FXGL
03:39:21.037 [JavaFX Application Thread] DEBUG GameApplication      - Shutting down background threads
03:39:21.037 [JavaFX Application Thread] DEBUG GameApplication      - Closing logger and exiting JavaFX
