20:01:06.694 [main                     ] DEBUG GameApplication      - Logger initialized
20:01:06.699 [main                     ] DEBUG GameApplication      - Logging settings
Title: MooseGame
Version: 0.3
Width: 600
Height: 900
Fullscreen: false
Intro: false
Menus: true
Profiling: false
Single step:false
App Mode: DEVELOPER
Menu Key: ESCAPE
Stage Style: DECORATED
Scene Factory: class MooseGameApp$1

20:01:07.059 [JavaFX Application Thread] DEBUG GameApplication      - Initializing FXGL
20:01:07.070 [JavaFX Application Thread] INFO  Engine               - FXGL-11.8 (08.03.2020 09.09) on WINDOWS (J:14.0.1 FX:13.0.2)
20:01:07.071 [JavaFX Application Thread] INFO  Engine               - Source code and latest versions at: https://github.com/AlmasB/FXGL
20:01:07.071 [JavaFX Application Thread] INFO  Engine               -              Join the FXGL chat at: https://gitter.im/AlmasB/FXGL
20:01:07.169 [JavaFX Application Thread] DEBUG MainWindow           - Creating a JavaFX scene
20:01:07.218 [JavaFX Application Thread] DEBUG MainWindow           - Target settings size: 600.0 x 900.0
20:01:07.219 [JavaFX Application Thread] DEBUG MainWindow           - Scaled scene size:    600.0 x 900.0
20:01:07.219 [JavaFX Application Thread] DEBUG MainWindow           - Scaled ratio: (1.0, 1.0)
20:01:07.220 [JavaFX Application Thread] DEBUG MainWindow           - Set initial scene to FXGLStartupScene
20:01:07.226 [JavaFX Application Thread] DEBUG MainWindow           - Opening main window
20:01:07.303 [JavaFX Application Thread] DEBUG MainWindow           - Window border size: (16.0, 39.0)
20:01:07.303 [JavaFX Application Thread] DEBUG MainWindow           - Scaled size: 600.0 x 900.0
20:01:07.303 [JavaFX Application Thread] DEBUG MainWindow           - Scaled ratio: (1.0, 1.0)
20:01:07.304 [JavaFX Application Thread] DEBUG MainWindow           - Scene size: 600.0 x 900.0
20:01:07.304 [JavaFX Application Thread] DEBUG MainWindow           - Stage size: 616.0 x 939.0
20:01:07.310 [FXGL Background Thread 1 ] DEBUG Engine               - Initializing environment variables
20:01:07.333 [FXGL Background Thread 1 ] DEBUG WindowService        - Applying CSS: fxgl_dark.css
20:01:07.334 [FXGL Background Thread 1 ] DEBUG AssetLoaderService   - Loading from file system: /assets/ui/css/fxgl_dark.css
20:01:07.367 [FXGL Background Thread 1 ] DEBUG WindowService        - Initializing application scenes
20:01:07.393 [FXGL Background Thread 1 ] DEBUG GameWorld            - Game world initialized
20:01:07.423 [FXGL Background Thread 1 ] DEBUG PhysicsWorld         - Physics world initialized: appHeight=900, physics.ppm=50.0
20:01:07.426 [FXGL Background Thread 1 ] DEBUG GameScene            - Game scene initialized: 600x900
20:01:07.432 [FXGL Background Thread 1 ] DEBUG AssetLoaderService   - Loading from file system: /assets/textures/Roadway.png
20:01:07.497 [FXGL Background Thread 1 ] DEBUG AssetLoaderService   - Loading from file system: /assets/sounds/selection.mp3
20:01:07.562 [FXGL Background Thread 1 ] DEBUG AssetLoaderService   - Loading from cache: /assets/sounds/selection.mp3
20:01:07.562 [FXGL Background Thread 1 ] DEBUG AssetLoaderService   - Loading from cache: /assets/sounds/selection.mp3
20:01:07.563 [FXGL Background Thread 1 ] DEBUG AssetLoaderService   - Loading from cache: /assets/sounds/selection.mp3
20:01:07.563 [FXGL Background Thread 1 ] DEBUG AssetLoaderService   - Loading from cache: /assets/sounds/selection.mp3
20:01:07.575 [FXGL Background Thread 1 ] DEBUG AssetLoaderService   - Loading from cache: /assets/sounds/selection.mp3
20:01:07.576 [FXGL Background Thread 1 ] DEBUG AssetLoaderService   - Loading from cache: /assets/sounds/selection.mp3
20:01:07.576 [FXGL Background Thread 1 ] DEBUG AssetLoaderService   - Loading from cache: /assets/sounds/selection.mp3
20:01:07.579 [FXGL Background Thread 1 ] DEBUG AssetLoaderService   - Loading from file system: /assets/music/Poisoncut_-_MenuMusic.mp3
20:01:07.633 [FXGL Background Thread 1 ] DEBUG AudioPlayer          - Playing music com.almasb.fxgl.audio.Music@6629a7b2
20:01:07.648 [FXGL Background Thread 1 ] DEBUG AssetLoaderService   - Loading from file system: /assets/textures/particles/trace_horizontal.png
20:01:07.674 [FXGL Background Thread 1 ] WARN  FXGL.DefaultMenu     - FXGLDefaultMenu is not designed for resolutions < 800x600
20:01:07.674 [FXGL Background Thread 1 ] DEBUG FXGL.DefaultMenu     - createMenuBodyGameMenu()
20:01:07.684 [FXGL Background Thread 1 ] DEBUG FXGL.DefaultMenu     - createOptionsMenu()
20:01:07.687 [FXGL Background Thread 1 ] DEBUG AssetLoaderService   - Loading from file system: /assets/textures/particles/smoke.png
20:01:07.721 [FXGL Background Thread 1 ] DEBUG WindowService        - Application scenes initialized
20:01:07.728 [FXGL Background Thread 1 ] DEBUG SystemBundleService  - Loading FXGL system data
20:01:07.731 [FXGL Background Thread 1 ] DEBUG FileSystemAccess     - Reading from: C:\Users\micha\Desktop\JavaMooseGame\system\fxgl.bundle
20:01:07.736 [FXGL Background Thread 1 ] DEBUG SystemBundleService  - Bundle FXGL: {}
20:01:07.737 [FXGL Background Thread 1 ] INFO  Engine               - FXGL initialization took: 0.425 sec
20:01:07.738 [FXGL Background Thread 1 ] DEBUG GameApplication      - Loading localizations
20:01:07.739 [FXGL Background Thread 1 ] DEBUG AssetLoaderService   - Loading from file system: /assets/properties/languages/english.properties
20:01:07.740 [FXGL Background Thread 1 ] DEBUG AssetLoaderService   - Loading from file system: /assets/properties/languages/french.properties
20:01:07.741 [FXGL Background Thread 1 ] DEBUG AssetLoaderService   - Loading from file system: /assets/properties/languages/german.properties
20:01:07.741 [FXGL Background Thread 1 ] DEBUG AssetLoaderService   - Loading from file system: /assets/properties/languages/hungarian.properties
20:01:07.742 [FXGL Background Thread 1 ] DEBUG AssetLoaderService   - Loading from file system: /assets/properties/languages/russian.properties
20:01:07.743 [FXGL Background Thread 1 ] DEBUG GameApplication      - Registering font factories with UI factory
20:01:07.744 [FXGL Background Thread 1 ] DEBUG AssetLoaderService   - Loading from file system: /assets/ui/fonts/VarelaRound-Regular.ttf
20:01:07.787 [FXGL Background Thread 1 ] DEBUG AssetLoaderService   - Loading from file system: /assets/ui/fonts/Abel-Regular.ttf
20:01:07.794 [FXGL Background Thread 1 ] DEBUG AssetLoaderService   - Loading from file system: /assets/ui/fonts/lucida_console.ttf
20:01:07.804 [FXGL Background Thread 1 ] DEBUG AssetLoaderService   - Loading from file system: /assets/ui/fonts/Courier-Prime.ttf
20:01:07.819 [JavaFX Application Thread] DEBUG Input                - Registered new binding: action0 - A
20:01:07.819 [JavaFX Application Thread] DEBUG Input                - Registered new binding: action1 - S
20:01:07.819 [JavaFX Application Thread] DEBUG Input                - Registered new binding: action2 - D
20:01:07.819 [JavaFX Application Thread] DEBUG Input                - Registered new binding: action3 - W
20:01:07.820 [JavaFX Application Thread] DEBUG Input                - Registered new binding: action4 - 1
20:01:07.820 [JavaFX Application Thread] DEBUG Input                - Registered new binding: action5 - 2
20:01:07.820 [JavaFX Application Thread] DEBUG Input                - Registered new binding: action6 - 3
20:01:07.820 [JavaFX Application Thread] DEBUG Input                - Registered new binding: action7 - Left
20:01:07.820 [JavaFX Application Thread] DEBUG Input                - Registered new binding: action8 - Down
20:01:07.821 [JavaFX Application Thread] DEBUG Input                - Registered new binding: action9 - Right
20:01:07.821 [JavaFX Application Thread] DEBUG Input                - Registered new binding: action10 - Up
20:01:07.821 [JavaFX Application Thread] DEBUG AssetLoaderService   - Loading from file system: /assets/textures/fxgl_icon.png
20:01:07.832 [JavaFX Application Thread] DEBUG AssetLoaderService   - Loading from file system: /assets/ui/cursors/fxgl_default.png
20:01:07.834 [JavaFX Application Thread] DEBUG Input                - Registered new binding: Screenshot - P
20:01:07.834 [JavaFX Application Thread] DEBUG Input                - Registered new binding: System info dump - CTRL+9
20:01:07.834 [JavaFX Application Thread] DEBUG Input                - Registered new binding: Restart - CTRL+R
20:01:07.835 [JavaFX Application Thread] DEBUG LoopRunner           - Starting loop
20:01:07.849 [JavaFX Application Thread] DEBUG FXGLStartupScene     - STARTUP
20:01:07.849 [JavaFX Application Thread] DEBUG Input                - Clearing active input actions
20:01:07.861 [JavaFX Application Thread] DEBUG WindowService        - Removing overlay from FXGLStartupScene and adding to MooseGameMenu
20:01:07.862 [JavaFX Application Thread] DEBUG MainWindow           - FXGLStartupScene -> MooseGameMenu
20:01:08.396 [JavaFX Application Thread] DEBUG Menu                 - fireNewGame()
20:01:08.396 [JavaFX Application Thread] DEBUG WindowService        - Starting new game
20:01:08.396 [JavaFX Application Thread] DEBUG Input                - Clearing active input actions
20:01:08.401 [JavaFX Application Thread] DEBUG WindowService        - Removing overlay from MooseGameMenu and adding to FXGLLoadingScene
20:01:08.401 [JavaFX Application Thread] DEBUG MainWindow           - MooseGameMenu -> FXGLLoadingScene
20:01:08.401 [JavaFX Application Thread] DEBUG WindowService        - Clearing previous game
20:01:08.401 [JavaFX Application Thread] DEBUG GameScene            - Clearing game scene
20:01:08.401 [JavaFX Application Thread] DEBUG GameWorld            - Clearing game world
20:01:08.402 [JavaFX Application Thread] DEBUG PhysicsWorld         - Clearing physics world
20:01:08.402 [JavaFX Application Thread] DEBUG AudioPlayer          - Stopping music com.almasb.fxgl.audio.Music@6629a7b2
20:01:08.402 [FXGL Background Thread 1 ] DEBUG GameApplication      - Initializing game
20:01:08.408 [FXGL Background Thread 1 ] DEBUG FileSystemAccess     - Reading from: C:\Users\micha\Desktop\JavaMooseGame\.\highscores.dat
20:01:08.410 [FXGL Background Thread 1 ] DEBUG AssetLoaderService   - Loading from file system: /assets/music/Poisoncut_GameLoop.mp3
20:01:08.412 [FXGL Background Thread 1 ] DEBUG AudioPlayer          - Playing music com.almasb.fxgl.audio.Music@23607dba
20:01:08.414 [FXGL Background Thread 1 ] DEBUG AssetLoaderService   - Loading from file system: /assets/textures/road_with_patches.png
20:01:08.422 [FXGL Background Thread 1 ] DEBUG AssetLoaderService   - Loading from cache: /assets/textures/road_with_patches.png
20:01:08.423 [FXGL Background Thread 1 ] DEBUG AssetLoaderService   - Loading from file system: /assets/textures//car0.png
20:01:08.432 [FXGL Background Thread 1 ] DEBUG AssetLoaderService   - Loading from file system: /assets/textures/signpost.png
20:01:08.436 [FXGL Background Thread 1 ] DEBUG AssetLoaderService   - Loading from file system: /assets/ui/moosegame_ui.fxml
20:01:08.478 [FXGL Background Thread 1 ] INFO  GameApplication      - Game initialization took: 0.076 sec
20:01:08.479 [JavaFX Application Thread] DEBUG Input                - Clearing active input actions
20:01:08.486 [JavaFX Application Thread] DEBUG WindowService        - Removing overlay from FXGLLoadingScene and adding to GameScene
20:01:08.486 [JavaFX Application Thread] DEBUG MainWindow           - FXGLLoadingScene -> GameScene
20:01:10.579 [JavaFX Application Thread] DEBUG AssetLoaderService   - Loading from file system: /assets/textures/mooseWalkAnimation.png
20:01:10.738 [FXGL Background Thread 2 ] DEBUG Engine               - Logging environment variables
20:01:10.738 [FXGL Background Thread 2 ] DEBUG Engine               - achievements: []
20:01:10.739 [FXGL Background Thread 2 ] DEBUG Engine               - language: ObjectProperty [value: ENGLISH]
20:01:10.739 [FXGL Background Thread 2 ] DEBUG Engine               - isCloseConfirmation: false
20:01:10.739 [FXGL Background Thread 2 ] DEBUG Engine               - isProfilingEnabled: false
20:01:10.739 [FXGL Background Thread 2 ] DEBUG Engine               - soundNotification: core/notification.wav
20:01:10.739 [FXGL Background Thread 2 ] DEBUG Engine               - devShowBBoxProperty: BooleanProperty [value: false]
20:01:10.739 [FXGL Background Thread 2 ] DEBUG Engine               - pixelsPerMeter: 50.0
20:01:10.739 [FXGL Background Thread 2 ] DEBUG Engine               - appIcon: fxgl_icon.png
20:01:10.739 [FXGL Background Thread 2 ] DEBUG Engine               - soundMenuBack: menu/back.wav
20:01:10.739 [FXGL Background Thread 2 ] DEBUG Engine               - isFullScreenAllowed: false
20:01:10.739 [FXGL Background Thread 2 ] DEBUG Engine               - isIntroEnabled: false
20:01:10.739 [FXGL Background Thread 2 ] DEBUG Engine               - fontMono: lucida_console.ttf
20:01:10.739 [FXGL Background Thread 2 ] DEBUG Engine               - soundMenuSelect: menu/select.wav
20:01:10.739 [FXGL Background Thread 2 ] DEBUG Engine               - isWindows: true
20:01:10.739 [FXGL Background Thread 2 ] DEBUG Engine               - isMobile: false
20:01:10.739 [FXGL Background Thread 2 ] DEBUG Engine               - isUserProfileEnabled: false
20:01:10.739 [FXGL Background Thread 2 ] DEBUG Engine               - height: 900
20:01:10.740 [FXGL Background Thread 2 ] DEBUG Engine               - isExperimentalNative: false
20:01:10.740 [FXGL Background Thread 2 ] DEBUG Engine               - settings: Title: MooseGame
Version: 0.3
Width: 600
Height: 900
Fullscreen: false
Intro: false
Menus: true
Profiling: false
Single step:false
App Mode: DEVELOPER
Menu Key: ESCAPE
Stage Style: DECORATED
Scene Factory: class MooseGameApp$1

20:01:10.740 [FXGL Background Thread 2 ] DEBUG Engine               - isSingleStep: false
20:01:10.740 [FXGL Background Thread 2 ] DEBUG Engine               - cSSList: [fxgl_dark.css]
20:01:10.740 [FXGL Background Thread 2 ] DEBUG Engine               - fontGame: Abel-Regular.ttf
20:01:10.740 [FXGL Background Thread 2 ] DEBUG Engine               - menuKey: ESCAPE
20:01:10.740 [FXGL Background Thread 2 ] DEBUG Engine               - devShowPositionProperty: BooleanProperty [value: false]
20:01:10.740 [FXGL Background Thread 2 ] DEBUG Engine               - versionCheckDays: 7
20:01:10.740 [FXGL Background Thread 2 ] DEBUG Engine               - configClass: Optional.empty
20:01:10.740 [FXGL Background Thread 2 ] DEBUG Engine               - isFullScreenFromStart: false
20:01:10.740 [FXGL Background Thread 2 ] DEBUG Engine               - version: 0.3
20:01:10.740 [FXGL Background Thread 2 ] DEBUG Engine               - fullScreen: BooleanProperty [value: false]
20:01:10.740 [FXGL Background Thread 2 ] DEBUG Engine               - randomSeed: -1
20:01:10.740 [FXGL Background Thread 2 ] DEBUG Engine               - gameDifficultyProperty: ObjectProperty [value: MEDIUM]
20:01:10.740 [FXGL Background Thread 2 ] DEBUG Engine               - applicationMode: DEVELOPER
20:01:10.740 [FXGL Background Thread 2 ] DEBUG Engine               - isMac: false
20:01:10.740 [FXGL Background Thread 2 ] DEBUG Engine               - isMenuEnabled: true
20:01:10.740 [FXGL Background Thread 2 ] DEBUG Engine               - profileName: StringProperty [value: DEFAULT]
20:01:10.740 [FXGL Background Thread 2 ] DEBUG Engine               - urlPOM: https://raw.githubusercontent.com/AlmasB/FXGL/master/pom.xml
20:01:10.741 [FXGL Background Thread 2 ] DEBUG Engine               - notificationViewClass: class com.almasb.fxgl.notification.view.XboxNotificationView
20:01:10.741 [FXGL Background Thread 2 ] DEBUG Engine               - devSensorColorProperty: ObjectProperty [value: 0xffff00ff]
20:01:10.741 [FXGL Background Thread 2 ] DEBUG Engine               - sceneFactory: MooseGameApp$1@496b9c96
20:01:10.741 [FXGL Background Thread 2 ] DEBUG Engine               - stageStyle: DECORATED
20:01:10.741 [FXGL Background Thread 2 ] DEBUG Engine               - isManualResizeEnabled: false
20:01:10.741 [FXGL Background Thread 2 ] DEBUG Engine               - title: MooseGame
20:01:10.741 [FXGL Background Thread 2 ] DEBUG Engine               - platform: WINDOWS
20:01:10.741 [FXGL Background Thread 2 ] DEBUG Engine               - devBBoxColorProperty: ObjectProperty [value: 0xff0000ff]
20:01:10.741 [FXGL Background Thread 2 ] DEBUG Engine               - gameDifficulty: MEDIUM
20:01:10.741 [FXGL Background Thread 2 ] DEBUG Engine               - isDesktop: true
20:01:10.741 [FXGL Background Thread 2 ] DEBUG Engine               - supportedLanguages: [ENGLISH, FRENCH, GERMAN, HUNGARIAN, RUSSIAN]
20:01:10.741 [FXGL Background Thread 2 ] DEBUG Engine               - credits: []
20:01:10.741 [FXGL Background Thread 2 ] DEBUG Engine               - globalMusicVolumeProperty: DoubleProperty [value: 0.5]
20:01:10.741 [FXGL Background Thread 2 ] DEBUG Engine               - isPreserveResizeRatio: false
20:01:10.741 [FXGL Background Thread 2 ] DEBUG Engine               - fontText: Courier-Prime.ttf
20:01:10.741 [FXGL Background Thread 2 ] DEBUG Engine               - isExperimentalTiledLargeMap: false
20:01:10.741 [FXGL Background Thread 2 ] DEBUG Engine               - secondsIn24h: 60
20:01:10.742 [FXGL Background Thread 2 ] DEBUG Engine               - runtimeInfo: RuntimeInfo(platform=WINDOWS, version=11.8, build=08.03.2020 09.09)
20:01:10.742 [FXGL Background Thread 2 ] DEBUG Engine               - isLinux: false
20:01:10.742 [FXGL Background Thread 2 ] DEBUG Engine               - soundMenuPress: menu/press.wav
20:01:10.742 [FXGL Background Thread 2 ] DEBUG Engine               - urlGithub: https://github.com/AlmasB/FXGL
20:01:10.742 [FXGL Background Thread 2 ] DEBUG Engine               - profileDir: profiles/
20:01:10.742 [FXGL Background Thread 2 ] DEBUG Engine               - isDeveloperMenuEnabled: false
20:01:10.742 [FXGL Background Thread 2 ] DEBUG Engine               - globalSoundVolumeProperty: DoubleProperty [value: 0.5]
20:01:10.742 [FXGL Background Thread 2 ] DEBUG Engine               - mainWindow: com.almasb.fxgl.app.MainWindow@4d541163
20:01:10.742 [FXGL Background Thread 2 ] DEBUG Engine               - isBrowser: false
20:01:10.742 [FXGL Background Thread 2 ] DEBUG Engine               - urlLeaderboard: http://fxgl-top.herokuapp.com/
20:01:10.742 [FXGL Background Thread 2 ] DEBUG Engine               - globalSoundVolume: 0.5
20:01:10.742 [FXGL Background Thread 2 ] DEBUG Engine               - engineServices: [class com.almasb.fxgl.app.GameApplication$GameApplicationService, class com.almasb.fxgl.app.services.WindowService, class com.almasb.fxgl.app.services.FXGLDialogService, class com.almasb.fxgl.app.services.IOTaskExecutorService, class com.almasb.fxgl.event.EventBusService, class com.almasb.fxgl.io.FileSystemService, class com.almasb.fxgl.localization.LocalizationService, class com.almasb.fxgl.app.services.AssetLoaderService, class com.almasb.fxgl.app.services.SystemBundleService, class com.almasb.fxgl.profile.SaveLoadService, class com.almasb.fxgl.ui.FXGLUIFactoryServiceProvider, class com.almasb.fxgl.ui.FXGLDialogFactoryServiceProvider, class com.almasb.fxgl.audio.AudioPlayer, class com.almasb.fxgl.notification.impl.NotificationServiceProvider, class com.almasb.fxgl.achievement.AchievementService, class com.almasb.fxgl.cutscene.CutsceneService, class com.almasb.fxgl.minigames.MiniGameService, class com.almasb.fxgl.net.NetService, class com.almasb.fxgl.app.services.UpdaterService]
20:01:10.742 [FXGL Background Thread 2 ] DEBUG Engine               - globalMusicVolume: 0.5
20:01:10.742 [FXGL Background Thread 2 ] DEBUG Engine               - width: 600
20:01:10.742 [FXGL Background Thread 2 ] DEBUG Engine               - saveFileExt: sav
20:01:10.742 [FXGL Background Thread 2 ] DEBUG Engine               - isAndroid: false
20:01:10.742 [FXGL Background Thread 2 ] DEBUG Engine               - fontUI: VarelaRound-Regular.ttf
20:01:10.742 [FXGL Background Thread 2 ] DEBUG Engine               - enabledMenuItems: []
20:01:10.743 [FXGL Background Thread 2 ] DEBUG Engine               - isIOS: false
20:01:10.743 [FXGL Background Thread 2 ] DEBUG Engine               - Logging services
20:01:10.743 [FXGL Background Thread 2 ] DEBUG Engine               - class com.almasb.fxgl.app.GameApplication$GameApplicationService
20:01:10.743 [FXGL Background Thread 2 ] DEBUG Engine               - class com.almasb.fxgl.app.services.WindowService
20:01:10.743 [FXGL Background Thread 2 ] DEBUG Engine               - class com.almasb.fxgl.app.services.FXGLDialogService
20:01:10.743 [FXGL Background Thread 2 ] DEBUG Engine               - class com.almasb.fxgl.app.services.IOTaskExecutorService
20:01:10.743 [FXGL Background Thread 2 ] DEBUG Engine               - class com.almasb.fxgl.event.EventBusService
20:01:10.743 [FXGL Background Thread 2 ] DEBUG Engine               - class com.almasb.fxgl.io.FileSystemService
20:01:10.743 [FXGL Background Thread 2 ] DEBUG Engine               - class com.almasb.fxgl.localization.LocalizationService
20:01:10.743 [FXGL Background Thread 2 ] DEBUG Engine               - class com.almasb.fxgl.app.services.AssetLoaderService
20:01:10.743 [FXGL Background Thread 2 ] DEBUG Engine               - class com.almasb.fxgl.app.services.SystemBundleService
20:01:10.743 [FXGL Background Thread 2 ] DEBUG Engine               - class com.almasb.fxgl.profile.SaveLoadService
20:01:10.743 [FXGL Background Thread 2 ] DEBUG Engine               - class com.almasb.fxgl.ui.FXGLUIFactoryServiceProvider
20:01:10.743 [FXGL Background Thread 2 ] DEBUG Engine               - class com.almasb.fxgl.ui.FXGLDialogFactoryServiceProvider
20:01:10.743 [FXGL Background Thread 2 ] DEBUG Engine               - class com.almasb.fxgl.audio.AudioPlayer
20:01:10.743 [FXGL Background Thread 2 ] DEBUG Engine               - class com.almasb.fxgl.notification.impl.NotificationServiceProvider
20:01:10.743 [FXGL Background Thread 2 ] DEBUG Engine               - class com.almasb.fxgl.achievement.AchievementService
20:01:10.743 [FXGL Background Thread 2 ] DEBUG Engine               - class com.almasb.fxgl.cutscene.CutsceneService
20:01:10.743 [FXGL Background Thread 2 ] DEBUG Engine               - class com.almasb.fxgl.minigames.MiniGameService
20:01:10.743 [FXGL Background Thread 2 ] DEBUG Engine               - class com.almasb.fxgl.net.NetService
20:01:10.743 [FXGL Background Thread 2 ] DEBUG Engine               - class com.almasb.fxgl.app.services.UpdaterService
20:01:10.996 [JavaFX Application Thread] DEBUG AssetLoaderService   - Loading from file system: /assets/textures/potHole.png
20:01:11.828 [JavaFX Application Thread] DEBUG AssetLoaderService   - Loading from cache: /assets/textures/mooseWalkAnimation.png
20:01:12.661 [JavaFX Application Thread] DEBUG AssetLoaderService   - Loading from cache: /assets/textures/mooseWalkAnimation.png
20:01:13.072 [JavaFX Application Thread] DEBUG AssetLoaderService   - Loading from file system: /assets/textures/gasTank.PNG
20:01:13.493 [JavaFX Application Thread] DEBUG AssetLoaderService   - Loading from cache: /assets/textures/potHole.png
20:01:13.968 [JavaFX Application Thread] DEBUG AssetLoaderService   - Loading from file system: /assets/sounds/explosion.wav
20:01:13.970 [JavaFX Application Thread] DEBUG AssetLoaderService   - Loading from file system: /assets/textures/explosion.png
20:01:13.977 [JavaFX Application Thread] DEBUG AudioPlayer          - Stopping music com.almasb.fxgl.audio.Music@23607dba
20:01:13.980 [JavaFX Application Thread] DEBUG MainWindow           - Push state: DialogSubScene
20:01:13.980 [JavaFX Application Thread] DEBUG Input                - Clearing active input actions
20:01:13.985 [JavaFX Application Thread] DEBUG WindowService        - Removing overlay from GameScene and adding to DialogSubScene
20:01:13.985 [JavaFX Application Thread] DEBUG MainWindow           - GameScene -> DialogSubScene
20:01:14.638 [JavaFX Application Thread] DEBUG MainWindow           - Pop state: DialogSubScene
20:01:14.638 [JavaFX Application Thread] DEBUG Input                - Clearing active input actions
20:01:14.639 [JavaFX Application Thread] DEBUG WindowService        - Removing overlay from DialogSubScene and adding to GameScene
20:01:14.639 [JavaFX Application Thread] DEBUG MainWindow           - GameScene <- DialogSubScene
20:01:14.651 [JavaFX Application Thread] DEBUG MainWindow           - Push state: DialogSubScene
20:01:14.651 [JavaFX Application Thread] DEBUG Input                - Clearing active input actions
20:01:14.653 [JavaFX Application Thread] DEBUG WindowService        - Removing overlay from GameScene and adding to DialogSubScene
20:01:14.653 [JavaFX Application Thread] DEBUG MainWindow           - GameScene -> DialogSubScene
20:01:16.629 [JavaFX Application Thread] DEBUG MainWindow           - Pop state: DialogSubScene
20:01:16.629 [JavaFX Application Thread] DEBUG Input                - Clearing active input actions
20:01:16.630 [JavaFX Application Thread] DEBUG WindowService        - Removing overlay from DialogSubScene and adding to GameScene
20:01:16.630 [JavaFX Application Thread] DEBUG MainWindow           - GameScene <- DialogSubScene
20:01:16.632 [JavaFX Application Thread] DEBUG FileSystemAccess     - Writing to: C:\Users\micha\Desktop\JavaMooseGame\.\highscores.dat
20:01:16.633 [JavaFX Application Thread] DEBUG Input                - Clearing active input actions
20:01:16.637 [JavaFX Application Thread] DEBUG WindowService        - Removing overlay from GameScene and adding to MooseGameMenu
20:01:16.637 [JavaFX Application Thread] DEBUG MainWindow           - GameScene -> MooseGameMenu
20:01:17.187 [JavaFX Application Thread] DEBUG Menu                 - fireNewGame()
20:01:17.187 [JavaFX Application Thread] DEBUG WindowService        - Starting new game
20:01:17.187 [JavaFX Application Thread] DEBUG Input                - Clearing active input actions
20:01:17.191 [JavaFX Application Thread] DEBUG WindowService        - Removing overlay from MooseGameMenu and adding to FXGLLoadingScene
20:01:17.191 [JavaFX Application Thread] DEBUG MainWindow           - MooseGameMenu -> FXGLLoadingScene
20:01:17.192 [JavaFX Application Thread] DEBUG WindowService        - Clearing previous game
20:01:17.192 [JavaFX Application Thread] DEBUG GameScene            - Clearing game scene
20:01:17.192 [JavaFX Application Thread] DEBUG GameWorld            - Clearing game world
20:01:17.193 [JavaFX Application Thread] DEBUG PhysicsWorld         - Clearing physics world
20:01:17.193 [JavaFX Application Thread] DEBUG AudioPlayer          - Stopping music com.almasb.fxgl.audio.Music@6629a7b2
20:01:17.193 [FXGL Background Thread 1 ] DEBUG GameApplication      - Initializing game
20:01:17.194 [FXGL Background Thread 1 ] DEBUG FileSystemAccess     - Reading from: C:\Users\micha\Desktop\JavaMooseGame\.\highscores.dat
20:01:17.195 [FXGL Background Thread 1 ] DEBUG AssetLoaderService   - Loading from cache: /assets/music/Poisoncut_GameLoop.mp3
20:01:17.195 [FXGL Background Thread 1 ] DEBUG AudioPlayer          - Playing music com.almasb.fxgl.audio.Music@23607dba
20:01:17.196 [FXGL Background Thread 1 ] DEBUG AssetLoaderService   - Loading from cache: /assets/textures/road_with_patches.png
20:01:17.196 [FXGL Background Thread 1 ] DEBUG AssetLoaderService   - Loading from cache: /assets/textures/road_with_patches.png
20:01:17.196 [FXGL Background Thread 1 ] DEBUG AssetLoaderService   - Loading from cache: /assets/textures//car0.png
20:01:17.197 [FXGL Background Thread 1 ] DEBUG AssetLoaderService   - Loading from cache: /assets/textures/signpost.png
20:01:17.198 [FXGL Background Thread 1 ] DEBUG AssetLoaderService   - Loading from file system: /assets/ui/moosegame_ui.fxml
20:01:17.200 [FXGL Background Thread 1 ] INFO  GameApplication      - Game initialization took: 0.008 sec
20:01:17.201 [JavaFX Application Thread] DEBUG Input                - Clearing active input actions
20:01:17.204 [JavaFX Application Thread] DEBUG WindowService        - Removing overlay from FXGLLoadingScene and adding to GameScene
20:01:17.204 [JavaFX Application Thread] DEBUG MainWindow           - FXGLLoadingScene -> GameScene
20:01:18.592 [JavaFX Application Thread] DEBUG AssetLoaderService   - Loading from cache: /assets/sounds/explosion.wav
20:01:18.593 [JavaFX Application Thread] DEBUG AssetLoaderService   - Loading from cache: /assets/textures/explosion.png
20:01:18.593 [JavaFX Application Thread] DEBUG AudioPlayer          - Stopping music com.almasb.fxgl.audio.Music@23607dba
20:01:18.628 [JavaFX Application Thread] DEBUG MainWindow           - Push state: DialogSubScene
20:01:18.628 [JavaFX Application Thread] DEBUG Input                - Clearing active input actions
20:01:18.629 [JavaFX Application Thread] DEBUG WindowService        - Removing overlay from GameScene and adding to DialogSubScene
20:01:18.629 [JavaFX Application Thread] DEBUG MainWindow           - GameScene -> DialogSubScene
20:01:19.141 [JavaFX Application Thread] DEBUG MainWindow           - Pop state: DialogSubScene
20:01:19.141 [JavaFX Application Thread] DEBUG Input                - Clearing active input actions
20:01:19.142 [JavaFX Application Thread] DEBUG WindowService        - Removing overlay from DialogSubScene and adding to GameScene
20:01:19.142 [JavaFX Application Thread] DEBUG MainWindow           - GameScene <- DialogSubScene
20:01:19.144 [JavaFX Application Thread] DEBUG MainWindow           - Push state: DialogSubScene
20:01:19.144 [JavaFX Application Thread] DEBUG Input                - Clearing active input actions
20:01:19.144 [JavaFX Application Thread] DEBUG WindowService        - Removing overlay from GameScene and adding to DialogSubScene
20:01:19.144 [JavaFX Application Thread] DEBUG MainWindow           - GameScene -> DialogSubScene
20:01:20.154 [JavaFX Application Thread] DEBUG MainWindow           - Pop state: DialogSubScene
20:01:20.154 [JavaFX Application Thread] DEBUG Input                - Clearing active input actions
20:01:20.155 [JavaFX Application Thread] DEBUG WindowService        - Removing overlay from DialogSubScene and adding to GameScene
20:01:20.155 [JavaFX Application Thread] DEBUG MainWindow           - GameScene <- DialogSubScene
20:01:20.155 [JavaFX Application Thread] DEBUG Input                - Clearing active input actions
20:01:20.158 [JavaFX Application Thread] DEBUG WindowService        - Removing overlay from GameScene and adding to MooseGameMenu
20:01:20.158 [JavaFX Application Thread] DEBUG MainWindow           - GameScene -> MooseGameMenu
20:01:22.271 [JavaFX Application Thread] DEBUG Menu                 - fireNewGame()
20:01:22.271 [JavaFX Application Thread] DEBUG WindowService        - Starting new game
20:01:22.271 [JavaFX Application Thread] DEBUG Input                - Clearing active input actions
20:01:22.275 [JavaFX Application Thread] DEBUG WindowService        - Removing overlay from MooseGameMenu and adding to FXGLLoadingScene
20:01:22.275 [JavaFX Application Thread] DEBUG MainWindow           - MooseGameMenu -> FXGLLoadingScene
20:01:22.275 [JavaFX Application Thread] DEBUG WindowService        - Clearing previous game
20:01:22.275 [JavaFX Application Thread] DEBUG GameScene            - Clearing game scene
20:01:22.275 [JavaFX Application Thread] DEBUG GameWorld            - Clearing game world
20:01:22.275 [JavaFX Application Thread] DEBUG PhysicsWorld         - Clearing physics world
20:01:22.275 [JavaFX Application Thread] DEBUG AudioPlayer          - Stopping music com.almasb.fxgl.audio.Music@6629a7b2
20:01:22.275 [FXGL Background Thread 1 ] DEBUG GameApplication      - Initializing game
20:01:22.276 [FXGL Background Thread 1 ] DEBUG FileSystemAccess     - Reading from: C:\Users\micha\Desktop\JavaMooseGame\.\highscores.dat
20:01:22.278 [FXGL Background Thread 1 ] DEBUG AssetLoaderService   - Loading from cache: /assets/music/Poisoncut_GameLoop.mp3
20:01:22.278 [FXGL Background Thread 1 ] DEBUG AudioPlayer          - Playing music com.almasb.fxgl.audio.Music@23607dba
20:01:22.278 [FXGL Background Thread 1 ] DEBUG AssetLoaderService   - Loading from cache: /assets/textures/road_with_patches.png
20:01:22.279 [FXGL Background Thread 1 ] DEBUG AssetLoaderService   - Loading from cache: /assets/textures/road_with_patches.png
20:01:22.279 [FXGL Background Thread 1 ] DEBUG AssetLoaderService   - Loading from cache: /assets/textures//car0.png
20:01:22.279 [FXGL Background Thread 1 ] DEBUG AssetLoaderService   - Loading from cache: /assets/textures/signpost.png
20:01:22.280 [FXGL Background Thread 1 ] DEBUG AssetLoaderService   - Loading from file system: /assets/ui/moosegame_ui.fxml
20:01:22.284 [FXGL Background Thread 1 ] INFO  GameApplication      - Game initialization took: 0.008 sec
20:01:22.284 [JavaFX Application Thread] DEBUG Input                - Clearing active input actions
20:01:22.288 [JavaFX Application Thread] DEBUG WindowService        - Removing overlay from FXGLLoadingScene and adding to GameScene
20:01:22.288 [JavaFX Application Thread] DEBUG MainWindow           - FXGLLoadingScene -> GameScene
20:01:24.787 [JavaFX Application Thread] DEBUG AssetLoaderService   - Loading from cache: /assets/textures/mooseWalkAnimation.png
20:01:26.030 [JavaFX Application Thread] DEBUG AssetLoaderService   - Loading from cache: /assets/textures/potHole.png
20:01:26.030 [JavaFX Application Thread] DEBUG AssetLoaderService   - Loading from cache: /assets/textures/mooseWalkAnimation.png
20:01:27.285 [JavaFX Application Thread] DEBUG AssetLoaderService   - Loading from cache: /assets/textures/mooseWalkAnimation.png
20:01:28.113 [JavaFX Application Thread] DEBUG AssetLoaderService   - Loading from cache: /assets/textures/gasTank.PNG
20:01:29.780 [JavaFX Application Thread] DEBUG AssetLoaderService   - Loading from cache: /assets/textures/potHole.png
20:01:29.780 [JavaFX Application Thread] DEBUG AssetLoaderService   - Loading from cache: /assets/textures/mooseWalkAnimation.png
20:01:29.781 [JavaFX Application Thread] DEBUG AssetLoaderService   - Loading from cache: /assets/textures/mooseWalkAnimation.png
20:01:30.898 [JavaFX Application Thread] DEBUG AssetLoaderService   - Loading from cache: /assets/sounds/explosion.wav
20:01:30.898 [JavaFX Application Thread] DEBUG AssetLoaderService   - Loading from cache: /assets/textures/explosion.png
20:01:30.899 [JavaFX Application Thread] DEBUG AudioPlayer          - Stopping music com.almasb.fxgl.audio.Music@23607dba
20:01:30.939 [JavaFX Application Thread] DEBUG MainWindow           - Push state: DialogSubScene
20:01:30.939 [JavaFX Application Thread] DEBUG Input                - Clearing active input actions
20:01:30.940 [JavaFX Application Thread] DEBUG WindowService        - Removing overlay from GameScene and adding to DialogSubScene
20:01:30.940 [JavaFX Application Thread] DEBUG MainWindow           - GameScene -> DialogSubScene
20:01:32.006 [JavaFX Application Thread] DEBUG MainWindow           - Pop state: DialogSubScene
20:01:32.006 [JavaFX Application Thread] DEBUG Input                - Clearing active input actions
20:01:32.006 [JavaFX Application Thread] DEBUG WindowService        - Removing overlay from DialogSubScene and adding to GameScene
20:01:32.007 [JavaFX Application Thread] DEBUG MainWindow           - GameScene <- DialogSubScene
20:01:32.007 [JavaFX Application Thread] DEBUG MainWindow           - Push state: DialogSubScene
20:01:32.007 [JavaFX Application Thread] DEBUG Input                - Clearing active input actions
20:01:32.008 [JavaFX Application Thread] DEBUG WindowService        - Removing overlay from GameScene and adding to DialogSubScene
20:01:32.008 [JavaFX Application Thread] DEBUG MainWindow           - GameScene -> DialogSubScene
20:01:38.902 [JavaFX Application Thread] DEBUG MainWindow           - Pop state: DialogSubScene
20:01:38.902 [JavaFX Application Thread] DEBUG Input                - Clearing active input actions
20:01:38.902 [JavaFX Application Thread] DEBUG WindowService        - Removing overlay from DialogSubScene and adding to GameScene
20:01:38.903 [JavaFX Application Thread] DEBUG MainWindow           - GameScene <- DialogSubScene
20:01:38.903 [JavaFX Application Thread] DEBUG FileSystemAccess     - Writing to: C:\Users\micha\Desktop\JavaMooseGame\.\highscores.dat
20:01:38.904 [JavaFX Application Thread] DEBUG Input                - Clearing active input actions
20:01:38.906 [JavaFX Application Thread] DEBUG WindowService        - Removing overlay from GameScene and adding to MooseGameMenu
20:01:38.906 [JavaFX Application Thread] DEBUG MainWindow           - GameScene -> MooseGameMenu
20:01:39.902 [JavaFX Application Thread] DEBUG Menu                 - fireNewGame()
20:01:39.902 [JavaFX Application Thread] DEBUG WindowService        - Starting new game
20:01:39.902 [JavaFX Application Thread] DEBUG Input                - Clearing active input actions
20:01:39.904 [JavaFX Application Thread] DEBUG WindowService        - Removing overlay from MooseGameMenu and adding to FXGLLoadingScene
20:01:39.904 [JavaFX Application Thread] DEBUG MainWindow           - MooseGameMenu -> FXGLLoadingScene
20:01:39.904 [JavaFX Application Thread] DEBUG WindowService        - Clearing previous game
20:01:39.904 [JavaFX Application Thread] DEBUG GameScene            - Clearing game scene
20:01:39.905 [JavaFX Application Thread] DEBUG GameWorld            - Clearing game world
20:01:39.905 [JavaFX Application Thread] DEBUG PhysicsWorld         - Clearing physics world
20:01:39.905 [JavaFX Application Thread] DEBUG AudioPlayer          - Stopping music com.almasb.fxgl.audio.Music@6629a7b2
20:01:39.905 [FXGL Background Thread 1 ] DEBUG GameApplication      - Initializing game
20:01:39.906 [FXGL Background Thread 1 ] DEBUG FileSystemAccess     - Reading from: C:\Users\micha\Desktop\JavaMooseGame\.\highscores.dat
20:01:39.907 [FXGL Background Thread 1 ] DEBUG AssetLoaderService   - Loading from cache: /assets/music/Poisoncut_GameLoop.mp3
20:01:39.907 [FXGL Background Thread 1 ] DEBUG AudioPlayer          - Playing music com.almasb.fxgl.audio.Music@23607dba
20:01:39.907 [FXGL Background Thread 1 ] DEBUG AssetLoaderService   - Loading from cache: /assets/textures/road_with_patches.png
20:01:39.909 [FXGL Background Thread 1 ] DEBUG AssetLoaderService   - Loading from cache: /assets/textures/road_with_patches.png
20:01:39.909 [FXGL Background Thread 1 ] DEBUG AssetLoaderService   - Loading from cache: /assets/textures//car0.png
20:01:39.909 [FXGL Background Thread 1 ] DEBUG AssetLoaderService   - Loading from cache: /assets/textures/signpost.png
20:01:39.910 [FXGL Background Thread 1 ] DEBUG AssetLoaderService   - Loading from file system: /assets/ui/moosegame_ui.fxml
20:01:39.914 [FXGL Background Thread 1 ] INFO  GameApplication      - Game initialization took: 0.009 sec
20:01:39.915 [JavaFX Application Thread] DEBUG Input                - Clearing active input actions
20:01:39.917 [JavaFX Application Thread] DEBUG WindowService        - Removing overlay from FXGLLoadingScene and adding to GameScene
20:01:39.917 [JavaFX Application Thread] DEBUG MainWindow           - FXGLLoadingScene -> GameScene
20:01:41.169 [JavaFX Application Thread] DEBUG AssetLoaderService   - Loading from cache: /assets/textures/mooseWalkAnimation.png
20:01:42.001 [JavaFX Application Thread] DEBUG AssetLoaderService   - Loading from cache: /assets/textures/mooseWalkAnimation.png
20:01:42.421 [JavaFX Application Thread] DEBUG AssetLoaderService   - Loading from cache: /assets/textures/mooseWalkAnimation.png
20:01:43.252 [JavaFX Application Thread] DEBUG AssetLoaderService   - Loading from cache: /assets/textures/potHole.png
20:01:43.669 [JavaFX Application Thread] DEBUG AssetLoaderService   - Loading from cache: /assets/textures/mooseWalkAnimation.png
20:01:44.085 [JavaFX Application Thread] DEBUG AssetLoaderService   - Loading from cache: /assets/textures/mooseWalkAnimation.png
20:01:44.495 [JavaFX Application Thread] DEBUG AssetLoaderService   - Loading from cache: /assets/textures/gasTank.PNG
20:01:44.925 [JavaFX Application Thread] DEBUG AssetLoaderService   - Loading from cache: /assets/textures/mooseWalkAnimation.png
20:01:46.165 [JavaFX Application Thread] DEBUG AssetLoaderService   - Loading from cache: /assets/textures/mooseWalkAnimation.png
20:01:46.175 [JavaFX Application Thread] DEBUG AssetLoaderService   - Loading from cache: /assets/textures/mooseWalkAnimation.png
20:01:46.582 [JavaFX Application Thread] DEBUG AssetLoaderService   - Loading from cache: /assets/textures/potHole.png
20:01:47.429 [JavaFX Application Thread] DEBUG AssetLoaderService   - Loading from cache: /assets/textures/mooseWalkAnimation.png
20:01:48.259 [JavaFX Application Thread] DEBUG AssetLoaderService   - Loading from cache: /assets/textures/mooseWalkAnimation.png
20:01:48.689 [JavaFX Application Thread] DEBUG AssetLoaderService   - Loading from cache: /assets/textures/mooseWalkAnimation.png
20:01:49.085 [JavaFX Application Thread] DEBUG AssetLoaderService   - Loading from cache: /assets/textures/gasTank.PNG
20:01:49.925 [JavaFX Application Thread] DEBUG AssetLoaderService   - Loading from cache: /assets/textures/potHole.png
20:01:49.941 [JavaFX Application Thread] DEBUG AssetLoaderService   - Loading from cache: /assets/textures/mooseWalkAnimation.png
20:01:50.349 [JavaFX Application Thread] DEBUG AssetLoaderService   - Loading from cache: /assets/textures/mooseWalkAnimation.png
20:01:51.203 [JavaFX Application Thread] DEBUG AssetLoaderService   - Loading from cache: /assets/textures/mooseWalkAnimation.png
20:01:52.437 [JavaFX Application Thread] DEBUG AssetLoaderService   - Loading from cache: /assets/textures/mooseWalkAnimation.png
20:01:52.453 [JavaFX Application Thread] DEBUG AssetLoaderService   - Loading from cache: /assets/textures/mooseWalkAnimation.png
20:01:53.266 [JavaFX Application Thread] DEBUG AssetLoaderService   - Loading from cache: /assets/textures/potHole.png
20:01:53.670 [JavaFX Application Thread] DEBUG AssetLoaderService   - Loading from cache: /assets/textures/gasTank.PNG
20:01:53.717 [JavaFX Application Thread] DEBUG AssetLoaderService   - Loading from cache: /assets/textures/mooseWalkAnimation.png
20:01:54.529 [JavaFX Application Thread] DEBUG AssetLoaderService   - Loading from cache: /assets/textures/mooseWalkAnimation.png
20:01:54.974 [JavaFX Application Thread] DEBUG AssetLoaderService   - Loading from cache: /assets/textures/mooseWalkAnimation.png
20:01:55.557 [JavaFX Application Thread] DEBUG AssetLoaderService   - Loading from cache: /assets/sounds/explosion.wav
20:01:55.557 [JavaFX Application Thread] DEBUG AssetLoaderService   - Loading from cache: /assets/textures/explosion.png
20:01:55.558 [JavaFX Application Thread] DEBUG AudioPlayer          - Stopping music com.almasb.fxgl.audio.Music@23607dba
20:01:55.559 [JavaFX Application Thread] DEBUG MainWindow           - Push state: DialogSubScene
20:01:55.559 [JavaFX Application Thread] DEBUG Input                - Clearing active input actions
20:01:55.560 [JavaFX Application Thread] DEBUG WindowService        - Removing overlay from GameScene and adding to DialogSubScene
20:01:55.560 [JavaFX Application Thread] DEBUG MainWindow           - GameScene -> DialogSubScene
20:01:56.750 [JavaFX Application Thread] DEBUG MainWindow           - Pop state: DialogSubScene
20:01:56.750 [JavaFX Application Thread] DEBUG Input                - Clearing active input actions
20:01:56.751 [JavaFX Application Thread] DEBUG WindowService        - Removing overlay from DialogSubScene and adding to GameScene
20:01:56.751 [JavaFX Application Thread] DEBUG MainWindow           - GameScene <- DialogSubScene
20:01:56.752 [JavaFX Application Thread] DEBUG MainWindow           - Push state: DialogSubScene
20:01:56.752 [JavaFX Application Thread] DEBUG Input                - Clearing active input actions
20:01:56.753 [JavaFX Application Thread] DEBUG WindowService        - Removing overlay from GameScene and adding to DialogSubScene
20:01:56.753 [JavaFX Application Thread] DEBUG MainWindow           - GameScene -> DialogSubScene
20:02:00.480 [JavaFX Application Thread] DEBUG MainWindow           - Pop state: DialogSubScene
20:02:00.480 [JavaFX Application Thread] DEBUG Input                - Clearing active input actions
20:02:00.481 [JavaFX Application Thread] DEBUG WindowService        - Removing overlay from DialogSubScene and adding to GameScene
20:02:00.481 [JavaFX Application Thread] DEBUG MainWindow           - GameScene <- DialogSubScene
20:02:00.481 [JavaFX Application Thread] DEBUG FileSystemAccess     - Writing to: C:\Users\micha\Desktop\JavaMooseGame\.\highscores.dat
20:02:00.482 [JavaFX Application Thread] DEBUG WindowService        - Starting new game
20:02:00.482 [JavaFX Application Thread] DEBUG Input                - Clearing active input actions
20:02:00.484 [JavaFX Application Thread] DEBUG WindowService        - Removing overlay from GameScene and adding to FXGLLoadingScene
20:02:00.484 [JavaFX Application Thread] DEBUG MainWindow           - GameScene -> FXGLLoadingScene
20:02:00.484 [JavaFX Application Thread] DEBUG WindowService        - Clearing previous game
20:02:00.484 [JavaFX Application Thread] DEBUG GameScene            - Clearing game scene
20:02:00.484 [JavaFX Application Thread] DEBUG GameWorld            - Clearing game world
20:02:00.484 [JavaFX Application Thread] DEBUG PhysicsWorld         - Clearing physics world
20:02:00.484 [FXGL Background Thread 1 ] DEBUG GameApplication      - Initializing game
20:02:00.485 [FXGL Background Thread 1 ] DEBUG FileSystemAccess     - Reading from: C:\Users\micha\Desktop\JavaMooseGame\.\highscores.dat
20:02:00.486 [FXGL Background Thread 1 ] DEBUG AssetLoaderService   - Loading from cache: /assets/music/Poisoncut_GameLoop.mp3
20:02:00.486 [FXGL Background Thread 1 ] DEBUG AudioPlayer          - Playing music com.almasb.fxgl.audio.Music@23607dba
20:02:00.486 [FXGL Background Thread 1 ] DEBUG AssetLoaderService   - Loading from cache: /assets/textures/road_with_patches.png
20:02:00.487 [FXGL Background Thread 1 ] DEBUG AssetLoaderService   - Loading from cache: /assets/textures/road_with_patches.png
20:02:00.487 [FXGL Background Thread 1 ] DEBUG AssetLoaderService   - Loading from cache: /assets/textures//car0.png
20:02:00.487 [FXGL Background Thread 1 ] DEBUG AssetLoaderService   - Loading from cache: /assets/textures/signpost.png
20:02:00.488 [FXGL Background Thread 1 ] DEBUG AssetLoaderService   - Loading from file system: /assets/ui/moosegame_ui.fxml
20:02:00.491 [FXGL Background Thread 1 ] INFO  GameApplication      - Game initialization took: 0.006 sec
20:02:00.491 [JavaFX Application Thread] DEBUG Input                - Clearing active input actions
20:02:00.493 [JavaFX Application Thread] DEBUG WindowService        - Removing overlay from FXGLLoadingScene and adding to GameScene
20:02:00.493 [JavaFX Application Thread] DEBUG MainWindow           - FXGLLoadingScene -> GameScene
20:02:02.001 [JavaFX Application Thread] DEBUG AssetLoaderService   - Loading from cache: /assets/sounds/explosion.wav
20:02:02.002 [JavaFX Application Thread] DEBUG AssetLoaderService   - Loading from cache: /assets/textures/explosion.png
20:02:02.002 [JavaFX Application Thread] DEBUG AudioPlayer          - Stopping music com.almasb.fxgl.audio.Music@23607dba
20:02:02.003 [JavaFX Application Thread] DEBUG MainWindow           - Push state: DialogSubScene
20:02:02.003 [JavaFX Application Thread] DEBUG Input                - Clearing active input actions
20:02:02.005 [JavaFX Application Thread] DEBUG WindowService        - Removing overlay from GameScene and adding to DialogSubScene
20:02:02.005 [JavaFX Application Thread] DEBUG MainWindow           - GameScene -> DialogSubScene
20:02:02.611 [JavaFX Application Thread] DEBUG MainWindow           - Pop state: DialogSubScene
20:02:02.611 [JavaFX Application Thread] DEBUG Input                - Clearing active input actions
20:02:02.612 [JavaFX Application Thread] DEBUG WindowService        - Removing overlay from DialogSubScene and adding to GameScene
20:02:02.612 [JavaFX Application Thread] DEBUG MainWindow           - GameScene <- DialogSubScene
20:02:02.949 [JavaFX Application Thread] DEBUG AssetLoaderService   - Loading from cache: /assets/textures/mooseWalkAnimation.png
20:02:04.189 [JavaFX Application Thread] DEBUG AssetLoaderService   - Loading from cache: /assets/textures/potHole.png
20:02:04.612 [JavaFX Application Thread] DEBUG AssetLoaderService   - Loading from cache: /assets/textures/mooseWalkAnimation.png
20:02:05.013 [JavaFX Application Thread] DEBUG AssetLoaderService   - Loading from cache: /assets/textures/mooseWalkAnimation.png
20:02:06.277 [JavaFX Application Thread] DEBUG AssetLoaderService   - Loading from cache: /assets/textures/mooseWalkAnimation.png
20:02:06.961 [JavaFX Application Thread] DEBUG LoopRunner           - Stopping loop
20:02:09.024 [JavaFX Application Thread] FATAL GameApplication      - Uncaught Exception:

Fatal exception occurred: java.lang.IllegalArgumentException : Component PlayerComponent not found!
E: com.almasb.fxgl.entity.Entity.getComponent(Entity.java:322)
E: MooseGameApp.lambda$initInput$5(MooseGameApp.java:87)
E: com.almasb.fxgl.dsl.FXGL$Companion$onKey$1.onAction(FXGL.kt:364)
E: com.almasb.fxgl.input.UserAction.action$fxgl_input(UserAction.kt:38)
E: com.almasb.fxgl.input.Input.update(Input.kt:164)
E: com.almasb.fxgl.scene.Scene.update(Scene.kt:73)
E: com.almasb.fxgl.app.MainWindow$update$1.invoke(MainWindow.kt:208)
E: com.almasb.fxgl.app.MainWindow$update$1.invoke(MainWindow.kt:38)
E: com.almasb.fxgl.core.fsm.StateMachine.runOnActiveStates(StateMachine.kt:60)
E: com.almasb.fxgl.app.MainWindow.update(MainWindow.kt:208)
E: com.almasb.fxgl.app.services.WindowService.onUpdate(WindowService.kt:115)
E: com.almasb.fxgl.app.Engine.loop(Engine.kt:129)
E: com.almasb.fxgl.app.Engine.access$loop(Engine.kt:25)
E: com.almasb.fxgl.app.Engine$loop$1.invoke(Engine.kt:29)
E: com.almasb.fxgl.app.Engine$loop$1.invoke(Engine.kt:25)
E: com.almasb.fxgl.app.LoopRunner.frame(LoopRunner.kt:86)
E: com.almasb.fxgl.app.LoopRunner.access$frame(LoopRunner.kt:17)
E: com.almasb.fxgl.app.LoopRunner$impl$2$1.handle(LoopRunner.kt:37)
E: javafx.animation.AnimationTimer$AnimationTimerReceiver.lambda$handle$0(AnimationTimer.java:57)
E: java.base/java.security.AccessController.doPrivileged(AccessController.java:391)
E: javafx.animation.AnimationTimer$AnimationTimerReceiver.handle(AnimationTimer.java:56)
E: com.sun.scenario.animation.AbstractMasterTimer.timePulseImpl(AbstractMasterTimer.java:357)
E: com.sun.scenario.animation.AbstractMasterTimer$MainLoop.run(AbstractMasterTimer.java:267)
E: com.sun.javafx.tk.quantum.QuantumToolkit.pulse(QuantumToolkit.java:559)
E: com.sun.javafx.tk.quantum.QuantumToolkit.pulse(QuantumToolkit.java:543)
E: com.sun.javafx.tk.quantum.QuantumToolkit.pulseFromQueue(QuantumToolkit.java:536)
E: com.sun.javafx.tk.quantum.QuantumToolkit.lambda$runToolkit$11(QuantumToolkit.java:342)
E: com.sun.glass.ui.InvokeLaterDispatcher$Future.run(InvokeLaterDispatcher.java:96)
E: com.sun.glass.ui.win.WinApplication._runLoop(Native Method)
E: com.sun.glass.ui.win.WinApplication.lambda$runLoop$3(WinApplication.java:174)
E: java.base/java.lang.Thread.run(Thread.java:832)

20:02:09.025 [JavaFX Application Thread] FATAL GameApplication      - Application will now exit
20:02:09.025 [JavaFX Application Thread] DEBUG GameApplication      - Exiting FXGL
20:02:09.025 [JavaFX Application Thread] DEBUG GameApplication      - Shutting down background threads
20:02:09.025 [JavaFX Application Thread] DEBUG GameApplication      - Closing logger and exiting JavaFX
