17:19:16.453 [main                     ] DEBUG GameApplication      - Logger initialized
17:19:16.457 [main                     ] DEBUG GameApplication      - Logging settings
Title: MooseGame
Version: 0.3
Width: 600
Height: 900
Fullscreen: false
Intro: false
Menus: true
Profiling: false
Single step:false
App Mode: DEVELOPER
Menu Key: ESCAPE
Stage Style: DECORATED
Scene Factory: class MooseGameApp$1

17:19:16.780 [JavaFX Application Thread] DEBUG GameApplication      - Initializing FXGL
17:19:16.788 [JavaFX Application Thread] INFO  Engine               - FXGL-11.8 (08.03.2020 09.09) on WINDOWS (J:14.0.1 FX:13.0.2)
17:19:16.788 [JavaFX Application Thread] INFO  Engine               - Source code and latest versions at: https://github.com/AlmasB/FXGL
17:19:16.788 [JavaFX Application Thread] INFO  Engine               -              Join the FXGL chat at: https://gitter.im/AlmasB/FXGL
17:19:16.895 [JavaFX Application Thread] DEBUG MainWindow           - Creating a JavaFX scene
17:19:16.950 [JavaFX Application Thread] DEBUG MainWindow           - Target settings size: 600.0 x 900.0
17:19:16.950 [JavaFX Application Thread] DEBUG MainWindow           - Scaled scene size:    600.0 x 900.0
17:19:16.950 [JavaFX Application Thread] DEBUG MainWindow           - Scaled ratio: (1.0, 1.0)
17:19:16.951 [JavaFX Application Thread] DEBUG MainWindow           - Set initial scene to FXGLStartupScene
17:19:16.958 [JavaFX Application Thread] DEBUG MainWindow           - Opening main window
17:19:17.056 [JavaFX Application Thread] DEBUG MainWindow           - Window border size: (16.0, 39.0)
17:19:17.057 [JavaFX Application Thread] DEBUG MainWindow           - Scaled size: 600.0 x 900.0
17:19:17.057 [JavaFX Application Thread] DEBUG MainWindow           - Scaled ratio: (1.0, 1.0)
17:19:17.057 [JavaFX Application Thread] DEBUG MainWindow           - Scene size: 600.0 x 900.0
17:19:17.057 [JavaFX Application Thread] DEBUG MainWindow           - Stage size: 616.0 x 939.0
17:19:17.062 [FXGL Background Thread 1 ] DEBUG Engine               - Initializing environment variables
17:19:17.089 [FXGL Background Thread 1 ] DEBUG WindowService        - Applying CSS: fxgl_dark.css
17:19:17.089 [FXGL Background Thread 1 ] DEBUG AssetLoaderService   - Loading from file system: /assets/ui/css/fxgl_dark.css
17:19:17.128 [FXGL Background Thread 1 ] DEBUG WindowService        - Initializing application scenes
17:19:17.153 [FXGL Background Thread 1 ] DEBUG GameWorld            - Game world initialized
17:19:17.188 [FXGL Background Thread 1 ] DEBUG PhysicsWorld         - Physics world initialized: appHeight=900, physics.ppm=50.0
17:19:17.190 [FXGL Background Thread 1 ] DEBUG GameScene            - Game scene initialized: 600x900
17:19:17.201 [FXGL Background Thread 1 ] DEBUG AssetLoaderService   - Loading from file system: /assets/textures/Roadway.png
17:19:17.275 [FXGL Background Thread 1 ] DEBUG AssetLoaderService   - Loading from file system: /assets/sounds/selection.mp3
17:19:17.347 [FXGL Background Thread 1 ] DEBUG AssetLoaderService   - Loading from cache: /assets/sounds/selection.mp3
17:19:17.348 [FXGL Background Thread 1 ] DEBUG AssetLoaderService   - Loading from cache: /assets/sounds/selection.mp3
17:19:17.348 [FXGL Background Thread 1 ] DEBUG AssetLoaderService   - Loading from cache: /assets/sounds/selection.mp3
17:19:17.348 [FXGL Background Thread 1 ] DEBUG AssetLoaderService   - Loading from cache: /assets/sounds/selection.mp3
17:19:17.363 [FXGL Background Thread 1 ] DEBUG AssetLoaderService   - Loading from cache: /assets/sounds/selection.mp3
17:19:17.364 [FXGL Background Thread 1 ] DEBUG AssetLoaderService   - Loading from cache: /assets/sounds/selection.mp3
17:19:17.365 [FXGL Background Thread 1 ] DEBUG AssetLoaderService   - Loading from cache: /assets/sounds/selection.mp3
17:19:17.367 [FXGL Background Thread 1 ] DEBUG AssetLoaderService   - Loading from file system: /assets/music/Poisoncut_-_MenuMusic.mp3
17:19:17.430 [FXGL Background Thread 1 ] DEBUG AudioPlayer          - Playing music com.almasb.fxgl.audio.Music@2eb42454
17:19:17.446 [FXGL Background Thread 1 ] DEBUG AssetLoaderService   - Loading from file system: /assets/textures/particles/trace_horizontal.png
17:19:17.475 [FXGL Background Thread 1 ] WARN  FXGL.DefaultMenu     - FXGLDefaultMenu is not designed for resolutions < 800x600
17:19:17.475 [FXGL Background Thread 1 ] DEBUG FXGL.DefaultMenu     - createMenuBodyGameMenu()
17:19:17.487 [FXGL Background Thread 1 ] DEBUG FXGL.DefaultMenu     - createOptionsMenu()
17:19:17.490 [FXGL Background Thread 1 ] DEBUG AssetLoaderService   - Loading from file system: /assets/textures/particles/smoke.png
17:19:17.532 [FXGL Background Thread 1 ] DEBUG WindowService        - Application scenes initialized
17:19:17.538 [FXGL Background Thread 1 ] DEBUG SystemBundleService  - Loading FXGL system data
17:19:17.542 [FXGL Background Thread 1 ] DEBUG FileSystemAccess     - Reading from: C:\Users\micha\Desktop\JavaMooseGame\system\fxgl.bundle
17:19:17.546 [FXGL Background Thread 1 ] DEBUG SystemBundleService  - Bundle FXGL: {}
17:19:17.546 [FXGL Background Thread 1 ] INFO  Engine               - FXGL initialization took: 0.481 sec
17:19:17.547 [FXGL Background Thread 1 ] DEBUG GameApplication      - Loading localizations
17:19:17.547 [FXGL Background Thread 1 ] DEBUG AssetLoaderService   - Loading from file system: /assets/properties/languages/english.properties
17:19:17.548 [FXGL Background Thread 1 ] DEBUG AssetLoaderService   - Loading from file system: /assets/properties/languages/french.properties
17:19:17.549 [FXGL Background Thread 1 ] DEBUG AssetLoaderService   - Loading from file system: /assets/properties/languages/german.properties
17:19:17.550 [FXGL Background Thread 1 ] DEBUG AssetLoaderService   - Loading from file system: /assets/properties/languages/hungarian.properties
17:19:17.551 [FXGL Background Thread 1 ] DEBUG AssetLoaderService   - Loading from file system: /assets/properties/languages/russian.properties
17:19:17.552 [FXGL Background Thread 1 ] DEBUG GameApplication      - Registering font factories with UI factory
17:19:17.552 [FXGL Background Thread 1 ] DEBUG AssetLoaderService   - Loading from file system: /assets/ui/fonts/VarelaRound-Regular.ttf
17:19:17.595 [FXGL Background Thread 1 ] DEBUG AssetLoaderService   - Loading from file system: /assets/ui/fonts/Abel-Regular.ttf
17:19:17.602 [FXGL Background Thread 1 ] DEBUG AssetLoaderService   - Loading from file system: /assets/ui/fonts/lucida_console.ttf
17:19:17.612 [FXGL Background Thread 1 ] DEBUG AssetLoaderService   - Loading from file system: /assets/ui/fonts/Courier-Prime.ttf
17:19:17.627 [JavaFX Application Thread] DEBUG Input                - Registered new binding: action0 - A
17:19:17.627 [JavaFX Application Thread] DEBUG Input                - Registered new binding: action1 - S
17:19:17.627 [JavaFX Application Thread] DEBUG Input                - Registered new binding: action2 - D
17:19:17.628 [JavaFX Application Thread] DEBUG Input                - Registered new binding: action3 - W
17:19:17.628 [JavaFX Application Thread] DEBUG Input                - Registered new binding: action4 - 1
17:19:17.628 [JavaFX Application Thread] DEBUG Input                - Registered new binding: action5 - 2
17:19:17.629 [JavaFX Application Thread] DEBUG Input                - Registered new binding: action6 - 3
17:19:17.629 [JavaFX Application Thread] DEBUG Input                - Registered new binding: action7 - Left
17:19:17.629 [JavaFX Application Thread] DEBUG Input                - Registered new binding: action8 - Down
17:19:17.629 [JavaFX Application Thread] DEBUG Input                - Registered new binding: action9 - Right
17:19:17.629 [JavaFX Application Thread] DEBUG Input                - Registered new binding: action10 - Up
17:19:17.629 [JavaFX Application Thread] DEBUG AssetLoaderService   - Loading from file system: /assets/textures/fxgl_icon.png
17:19:17.636 [JavaFX Application Thread] DEBUG AssetLoaderService   - Loading from file system: /assets/ui/cursors/fxgl_default.png
17:19:17.637 [JavaFX Application Thread] DEBUG Input                - Registered new binding: Screenshot - P
17:19:17.638 [JavaFX Application Thread] DEBUG Input                - Registered new binding: System info dump - CTRL+9
17:19:17.638 [JavaFX Application Thread] DEBUG Input                - Registered new binding: Restart - CTRL+R
17:19:17.638 [JavaFX Application Thread] DEBUG LoopRunner           - Starting loop
17:19:17.652 [JavaFX Application Thread] DEBUG FXGLStartupScene     - STARTUP
17:19:17.653 [JavaFX Application Thread] DEBUG Input                - Clearing active input actions
17:19:17.671 [JavaFX Application Thread] DEBUG WindowService        - Removing overlay from FXGLStartupScene and adding to MooseGameMenu
17:19:17.671 [JavaFX Application Thread] DEBUG MainWindow           - FXGLStartupScene -> MooseGameMenu
17:19:20.548 [FXGL Background Thread 2 ] DEBUG Engine               - Logging environment variables
17:19:20.548 [FXGL Background Thread 2 ] DEBUG Engine               - achievements: []
17:19:20.548 [FXGL Background Thread 2 ] DEBUG Engine               - language: ObjectProperty [value: ENGLISH]
17:19:20.548 [FXGL Background Thread 2 ] DEBUG Engine               - isCloseConfirmation: false
17:19:20.548 [FXGL Background Thread 2 ] DEBUG Engine               - isProfilingEnabled: false
17:19:20.548 [FXGL Background Thread 2 ] DEBUG Engine               - soundNotification: core/notification.wav
17:19:20.548 [FXGL Background Thread 2 ] DEBUG Engine               - devShowBBoxProperty: BooleanProperty [value: false]
17:19:20.548 [FXGL Background Thread 2 ] DEBUG Engine               - pixelsPerMeter: 50.0
17:19:20.548 [FXGL Background Thread 2 ] DEBUG Engine               - soundMenuBack: menu/back.wav
17:19:20.548 [FXGL Background Thread 2 ] DEBUG Engine               - appIcon: fxgl_icon.png
17:19:20.548 [FXGL Background Thread 2 ] DEBUG Engine               - isFullScreenAllowed: false
17:19:20.548 [FXGL Background Thread 2 ] DEBUG Engine               - isIntroEnabled: false
17:19:20.549 [FXGL Background Thread 2 ] DEBUG Engine               - fontMono: lucida_console.ttf
17:19:20.549 [FXGL Background Thread 2 ] DEBUG Engine               - soundMenuSelect: menu/select.wav
17:19:20.549 [FXGL Background Thread 2 ] DEBUG Engine               - isWindows: true
17:19:20.549 [FXGL Background Thread 2 ] DEBUG Engine               - isMobile: false
17:19:20.549 [FXGL Background Thread 2 ] DEBUG Engine               - isUserProfileEnabled: false
17:19:20.549 [FXGL Background Thread 2 ] DEBUG Engine               - height: 900
17:19:20.549 [FXGL Background Thread 2 ] DEBUG Engine               - isExperimentalNative: false
17:19:20.549 [FXGL Background Thread 2 ] DEBUG Engine               - settings: Title: MooseGame
Version: 0.3
Width: 600
Height: 900
Fullscreen: false
Intro: false
Menus: true
Profiling: false
Single step:false
App Mode: DEVELOPER
Menu Key: ESCAPE
Stage Style: DECORATED
Scene Factory: class MooseGameApp$1

17:19:20.549 [FXGL Background Thread 2 ] DEBUG Engine               - isSingleStep: false
17:19:20.549 [FXGL Background Thread 2 ] DEBUG Engine               - cSSList: [fxgl_dark.css]
17:19:20.549 [FXGL Background Thread 2 ] DEBUG Engine               - fontGame: Abel-Regular.ttf
17:19:20.549 [FXGL Background Thread 2 ] DEBUG Engine               - menuKey: ESCAPE
17:19:20.549 [FXGL Background Thread 2 ] DEBUG Engine               - devShowPositionProperty: BooleanProperty [value: false]
17:19:20.549 [FXGL Background Thread 2 ] DEBUG Engine               - versionCheckDays: 7
17:19:20.549 [FXGL Background Thread 2 ] DEBUG Engine               - configClass: Optional.empty
17:19:20.549 [FXGL Background Thread 2 ] DEBUG Engine               - isFullScreenFromStart: false
17:19:20.550 [FXGL Background Thread 2 ] DEBUG Engine               - version: 0.3
17:19:20.550 [FXGL Background Thread 2 ] DEBUG Engine               - fullScreen: BooleanProperty [value: false]
17:19:20.550 [FXGL Background Thread 2 ] DEBUG Engine               - randomSeed: -1
17:19:20.550 [FXGL Background Thread 2 ] DEBUG Engine               - gameDifficultyProperty: ObjectProperty [value: MEDIUM]
17:19:20.550 [FXGL Background Thread 2 ] DEBUG Engine               - applicationMode: DEVELOPER
17:19:20.550 [FXGL Background Thread 2 ] DEBUG Engine               - isMac: false
17:19:20.550 [FXGL Background Thread 2 ] DEBUG Engine               - isMenuEnabled: true
17:19:20.550 [FXGL Background Thread 2 ] DEBUG Engine               - profileName: StringProperty [value: DEFAULT]
17:19:20.550 [FXGL Background Thread 2 ] DEBUG Engine               - urlPOM: https://raw.githubusercontent.com/AlmasB/FXGL/master/pom.xml
17:19:20.550 [FXGL Background Thread 2 ] DEBUG Engine               - notificationViewClass: class com.almasb.fxgl.notification.view.XboxNotificationView
17:19:20.550 [FXGL Background Thread 2 ] DEBUG Engine               - devSensorColorProperty: ObjectProperty [value: 0xffff00ff]
17:19:20.550 [FXGL Background Thread 2 ] DEBUG Engine               - sceneFactory: MooseGameApp$1@31a9a052
17:19:20.550 [FXGL Background Thread 2 ] DEBUG Engine               - stageStyle: DECORATED
17:19:20.550 [FXGL Background Thread 2 ] DEBUG Engine               - isManualResizeEnabled: false
17:19:20.550 [FXGL Background Thread 2 ] DEBUG Engine               - title: MooseGame
17:19:20.550 [FXGL Background Thread 2 ] DEBUG Engine               - platform: WINDOWS
17:19:20.550 [FXGL Background Thread 2 ] DEBUG Engine               - devBBoxColorProperty: ObjectProperty [value: 0xff0000ff]
17:19:20.550 [FXGL Background Thread 2 ] DEBUG Engine               - gameDifficulty: MEDIUM
17:19:20.551 [FXGL Background Thread 2 ] DEBUG Engine               - isDesktop: true
17:19:20.551 [FXGL Background Thread 2 ] DEBUG Engine               - supportedLanguages: [ENGLISH, FRENCH, GERMAN, HUNGARIAN, RUSSIAN]
17:19:20.551 [FXGL Background Thread 2 ] DEBUG Engine               - credits: []
17:19:20.551 [FXGL Background Thread 2 ] DEBUG Engine               - globalMusicVolumeProperty: DoubleProperty [value: 0.5]
17:19:20.551 [FXGL Background Thread 2 ] DEBUG Engine               - isPreserveResizeRatio: false
17:19:20.551 [FXGL Background Thread 2 ] DEBUG Engine               - fontText: Courier-Prime.ttf
17:19:20.551 [FXGL Background Thread 2 ] DEBUG Engine               - isExperimentalTiledLargeMap: false
17:19:20.551 [FXGL Background Thread 2 ] DEBUG Engine               - secondsIn24h: 60
17:19:20.551 [FXGL Background Thread 2 ] DEBUG Engine               - runtimeInfo: RuntimeInfo(platform=WINDOWS, version=11.8, build=08.03.2020 09.09)
17:19:20.551 [FXGL Background Thread 2 ] DEBUG Engine               - isLinux: false
17:19:20.551 [FXGL Background Thread 2 ] DEBUG Engine               - soundMenuPress: menu/press.wav
17:19:20.551 [FXGL Background Thread 2 ] DEBUG Engine               - urlGithub: https://github.com/AlmasB/FXGL
17:19:20.551 [FXGL Background Thread 2 ] DEBUG Engine               - profileDir: profiles/
17:19:20.551 [FXGL Background Thread 2 ] DEBUG Engine               - isDeveloperMenuEnabled: false
17:19:20.551 [FXGL Background Thread 2 ] DEBUG Engine               - globalSoundVolumeProperty: DoubleProperty [value: 0.5]
17:19:20.551 [FXGL Background Thread 2 ] DEBUG Engine               - mainWindow: com.almasb.fxgl.app.MainWindow@359632bf
17:19:20.551 [FXGL Background Thread 2 ] DEBUG Engine               - isBrowser: false
17:19:20.551 [FXGL Background Thread 2 ] DEBUG Engine               - globalSoundVolume: 0.5
17:19:20.551 [FXGL Background Thread 2 ] DEBUG Engine               - urlLeaderboard: http://fxgl-top.herokuapp.com/
17:19:20.552 [FXGL Background Thread 2 ] DEBUG Engine               - engineServices: [class com.almasb.fxgl.app.GameApplication$GameApplicationService, class com.almasb.fxgl.app.services.WindowService, class com.almasb.fxgl.app.services.FXGLDialogService, class com.almasb.fxgl.app.services.IOTaskExecutorService, class com.almasb.fxgl.event.EventBusService, class com.almasb.fxgl.io.FileSystemService, class com.almasb.fxgl.localization.LocalizationService, class com.almasb.fxgl.app.services.AssetLoaderService, class com.almasb.fxgl.app.services.SystemBundleService, class com.almasb.fxgl.profile.SaveLoadService, class com.almasb.fxgl.ui.FXGLUIFactoryServiceProvider, class com.almasb.fxgl.ui.FXGLDialogFactoryServiceProvider, class com.almasb.fxgl.audio.AudioPlayer, class com.almasb.fxgl.notification.impl.NotificationServiceProvider, class com.almasb.fxgl.achievement.AchievementService, class com.almasb.fxgl.cutscene.CutsceneService, class com.almasb.fxgl.minigames.MiniGameService, class com.almasb.fxgl.net.NetService, class com.almasb.fxgl.app.services.UpdaterService]
17:19:20.552 [FXGL Background Thread 2 ] DEBUG Engine               - globalMusicVolume: 0.5
17:19:20.552 [FXGL Background Thread 2 ] DEBUG Engine               - width: 600
17:19:20.552 [FXGL Background Thread 2 ] DEBUG Engine               - saveFileExt: sav
17:19:20.552 [FXGL Background Thread 2 ] DEBUG Engine               - isAndroid: false
17:19:20.552 [FXGL Background Thread 2 ] DEBUG Engine               - fontUI: VarelaRound-Regular.ttf
17:19:20.552 [FXGL Background Thread 2 ] DEBUG Engine               - enabledMenuItems: []
17:19:20.552 [FXGL Background Thread 2 ] DEBUG Engine               - isIOS: false
17:19:20.552 [FXGL Background Thread 2 ] DEBUG Engine               - Logging services
17:19:20.552 [FXGL Background Thread 2 ] DEBUG Engine               - class com.almasb.fxgl.app.GameApplication$GameApplicationService
17:19:20.552 [FXGL Background Thread 2 ] DEBUG Engine               - class com.almasb.fxgl.app.services.WindowService
17:19:20.552 [FXGL Background Thread 2 ] DEBUG Engine               - class com.almasb.fxgl.app.services.FXGLDialogService
17:19:20.552 [FXGL Background Thread 2 ] DEBUG Engine               - class com.almasb.fxgl.app.services.IOTaskExecutorService
17:19:20.552 [FXGL Background Thread 2 ] DEBUG Engine               - class com.almasb.fxgl.event.EventBusService
17:19:20.552 [FXGL Background Thread 2 ] DEBUG Engine               - class com.almasb.fxgl.io.FileSystemService
17:19:20.552 [FXGL Background Thread 2 ] DEBUG Engine               - class com.almasb.fxgl.localization.LocalizationService
17:19:20.552 [FXGL Background Thread 2 ] DEBUG Engine               - class com.almasb.fxgl.app.services.AssetLoaderService
17:19:20.552 [FXGL Background Thread 2 ] DEBUG Engine               - class com.almasb.fxgl.app.services.SystemBundleService
17:19:20.552 [FXGL Background Thread 2 ] DEBUG Engine               - class com.almasb.fxgl.profile.SaveLoadService
17:19:20.552 [FXGL Background Thread 2 ] DEBUG Engine               - class com.almasb.fxgl.ui.FXGLUIFactoryServiceProvider
17:19:20.552 [FXGL Background Thread 2 ] DEBUG Engine               - class com.almasb.fxgl.ui.FXGLDialogFactoryServiceProvider
17:19:20.553 [FXGL Background Thread 2 ] DEBUG Engine               - class com.almasb.fxgl.audio.AudioPlayer
17:19:20.553 [FXGL Background Thread 2 ] DEBUG Engine               - class com.almasb.fxgl.notification.impl.NotificationServiceProvider
17:19:20.553 [FXGL Background Thread 2 ] DEBUG Engine               - class com.almasb.fxgl.achievement.AchievementService
17:19:20.553 [FXGL Background Thread 2 ] DEBUG Engine               - class com.almasb.fxgl.cutscene.CutsceneService
17:19:20.553 [FXGL Background Thread 2 ] DEBUG Engine               - class com.almasb.fxgl.minigames.MiniGameService
17:19:20.553 [FXGL Background Thread 2 ] DEBUG Engine               - class com.almasb.fxgl.net.NetService
17:19:20.553 [FXGL Background Thread 2 ] DEBUG Engine               - class com.almasb.fxgl.app.services.UpdaterService
17:19:27.225 [JavaFX Application Thread] DEBUG AssetLoaderService   - Loading from cache: /assets/sounds/selection.mp3
17:19:36.273 [JavaFX Application Thread] DEBUG Menu                 - fireNewGame()
17:19:36.273 [JavaFX Application Thread] DEBUG WindowService        - Starting new game
17:19:36.273 [JavaFX Application Thread] DEBUG Input                - Clearing active input actions
17:19:36.279 [JavaFX Application Thread] DEBUG WindowService        - Removing overlay from MooseGameMenu and adding to FXGLLoadingScene
17:19:36.279 [JavaFX Application Thread] DEBUG MainWindow           - MooseGameMenu -> FXGLLoadingScene
17:19:36.279 [JavaFX Application Thread] DEBUG WindowService        - Clearing previous game
17:19:36.279 [JavaFX Application Thread] DEBUG GameScene            - Clearing game scene
17:19:36.279 [JavaFX Application Thread] DEBUG GameWorld            - Clearing game world
17:19:36.279 [JavaFX Application Thread] DEBUG PhysicsWorld         - Clearing physics world
17:19:36.280 [JavaFX Application Thread] DEBUG AudioPlayer          - Stopping music com.almasb.fxgl.audio.Music@2eb42454
17:19:36.280 [FXGL Background Thread 1 ] DEBUG GameApplication      - Initializing game
17:19:36.286 [FXGL Background Thread 1 ] DEBUG AssetLoaderService   - Loading from file system: /assets/music/Poisoncut_GameLoop.mp3
17:19:36.289 [FXGL Background Thread 1 ] DEBUG AudioPlayer          - Playing music com.almasb.fxgl.audio.Music@50a41994
17:19:36.291 [FXGL Background Thread 1 ] DEBUG AssetLoaderService   - Loading from file system: /assets/textures/road_with_patches.png
17:19:36.299 [FXGL Background Thread 1 ] DEBUG AssetLoaderService   - Loading from cache: /assets/textures/road_with_patches.png
17:19:36.299 [FXGL Background Thread 1 ] DEBUG AssetLoaderService   - Loading from file system: /assets/textures//car0.png
17:19:36.307 [FXGL Background Thread 1 ] DEBUG AssetLoaderService   - Loading from file system: /assets/textures/signpost.png
17:19:36.311 [FXGL Background Thread 1 ] DEBUG AssetLoaderService   - Loading from file system: /assets/ui/moosegame_ui.fxml
17:19:36.367 [FXGL Background Thread 1 ] INFO  GameApplication      - Game initialization took: 0.086 sec
17:19:36.377 [JavaFX Application Thread] DEBUG Input                - Clearing active input actions
17:19:36.382 [JavaFX Application Thread] DEBUG WindowService        - Removing overlay from FXGLLoadingScene and adding to GameScene
17:19:36.383 [JavaFX Application Thread] DEBUG MainWindow           - FXGLLoadingScene -> GameScene
17:19:38.512 [JavaFX Application Thread] DEBUG AssetLoaderService   - Loading from file system: /assets/textures/mooseWalkAnimation.png
17:19:39.771 [JavaFX Application Thread] DEBUG AssetLoaderService   - Loading from cache: /assets/textures/mooseWalkAnimation.png
17:19:40.593 [JavaFX Application Thread] DEBUG AssetLoaderService   - Loading from file system: /assets/textures/potHole.png
17:19:40.605 [JavaFX Application Thread] DEBUG AssetLoaderService   - Loading from cache: /assets/textures/mooseWalkAnimation.png
17:19:41.431 [JavaFX Application Thread] DEBUG AssetLoaderService   - Loading from file system: /assets/textures/gasTank.PNG
17:19:42.688 [JavaFX Application Thread] DEBUG AssetLoaderService   - Loading from cache: /assets/textures/mooseWalkAnimation.png
17:19:43.111 [JavaFX Application Thread] DEBUG AssetLoaderService   - Loading from cache: /assets/textures/mooseWalkAnimation.png
17:19:44.779 [JavaFX Application Thread] DEBUG AssetLoaderService   - Loading from cache: /assets/textures/potHole.png
17:19:44.792 [JavaFX Application Thread] DEBUG AssetLoaderService   - Loading from cache: /assets/textures/mooseWalkAnimation.png
17:19:46.464 [JavaFX Application Thread] DEBUG AssetLoaderService   - Loading from cache: /assets/textures/gasTank.PNG
17:19:46.472 [JavaFX Application Thread] DEBUG AssetLoaderService   - Loading from cache: /assets/textures/mooseWalkAnimation.png
17:19:46.896 [JavaFX Application Thread] DEBUG AssetLoaderService   - Loading from cache: /assets/textures/mooseWalkAnimation.png
17:19:47.320 [JavaFX Application Thread] DEBUG AssetLoaderService   - Loading from file system: /assets/sounds/explosion.wav
17:19:47.322 [JavaFX Application Thread] DEBUG AssetLoaderService   - Loading from file system: /assets/textures/explosion.png
17:19:47.330 [JavaFX Application Thread] DEBUG AudioPlayer          - Stopping music com.almasb.fxgl.audio.Music@50a41994
17:19:47.332 [JavaFX Application Thread] DEBUG MainWindow           - Push state: DialogSubScene
17:19:47.332 [JavaFX Application Thread] DEBUG Input                - Clearing active input actions
17:19:47.336 [JavaFX Application Thread] DEBUG WindowService        - Removing overlay from GameScene and adding to DialogSubScene
17:19:47.336 [JavaFX Application Thread] DEBUG MainWindow           - GameScene -> DialogSubScene
17:19:53.677 [JavaFX Application Thread] DEBUG MainWindow           - Pop state: DialogSubScene
17:19:53.677 [JavaFX Application Thread] DEBUG Input                - Clearing active input actions
17:19:53.678 [JavaFX Application Thread] DEBUG WindowService        - Removing overlay from DialogSubScene and adding to GameScene
17:19:53.678 [JavaFX Application Thread] DEBUG MainWindow           - GameScene <- DialogSubScene
17:19:53.690 [JavaFX Application Thread] DEBUG MainWindow           - Push state: DialogSubScene
17:19:53.690 [JavaFX Application Thread] DEBUG Input                - Clearing active input actions
17:19:53.691 [JavaFX Application Thread] DEBUG WindowService        - Removing overlay from GameScene and adding to DialogSubScene
17:19:53.691 [JavaFX Application Thread] DEBUG MainWindow           - GameScene -> DialogSubScene
17:19:59.683 [JavaFX Application Thread] DEBUG MainWindow           - Pop state: DialogSubScene
17:19:59.683 [JavaFX Application Thread] DEBUG Input                - Clearing active input actions
17:19:59.684 [JavaFX Application Thread] DEBUG WindowService        - Removing overlay from DialogSubScene and adding to GameScene
17:19:59.684 [JavaFX Application Thread] DEBUG MainWindow           - GameScene <- DialogSubScene
17:19:59.687 [JavaFX Application Thread] DEBUG FileSystemAccess     - Writing to: C:\Users\micha\Desktop\JavaMooseGame\.\highscores.dat
17:19:59.689 [JavaFX Application Thread] DEBUG Input                - Clearing active input actions
17:19:59.694 [JavaFX Application Thread] DEBUG WindowService        - Removing overlay from GameScene and adding to MooseGameMenu
17:19:59.694 [JavaFX Application Thread] DEBUG MainWindow           - GameScene -> MooseGameMenu
17:20:00.469 [JavaFX Application Thread] DEBUG Menu                 - fireNewGame()
17:20:00.469 [JavaFX Application Thread] DEBUG WindowService        - Starting new game
17:20:00.469 [JavaFX Application Thread] DEBUG Input                - Clearing active input actions
17:20:00.473 [JavaFX Application Thread] DEBUG WindowService        - Removing overlay from MooseGameMenu and adding to FXGLLoadingScene
17:20:00.473 [JavaFX Application Thread] DEBUG MainWindow           - MooseGameMenu -> FXGLLoadingScene
17:20:00.473 [JavaFX Application Thread] DEBUG WindowService        - Clearing previous game
17:20:00.473 [JavaFX Application Thread] DEBUG GameScene            - Clearing game scene
17:20:00.473 [JavaFX Application Thread] DEBUG GameWorld            - Clearing game world
17:20:00.474 [JavaFX Application Thread] DEBUG PhysicsWorld         - Clearing physics world
17:20:00.474 [JavaFX Application Thread] DEBUG AudioPlayer          - Stopping music com.almasb.fxgl.audio.Music@2eb42454
17:20:00.474 [FXGL Background Thread 1 ] DEBUG GameApplication      - Initializing game
17:20:00.476 [FXGL Background Thread 1 ] DEBUG FileSystemAccess     - Reading from: C:\Users\micha\Desktop\JavaMooseGame\.\highscores.dat
17:20:00.476 [FXGL Background Thread 1 ] DEBUG AssetLoaderService   - Loading from cache: /assets/music/Poisoncut_GameLoop.mp3
17:20:00.477 [FXGL Background Thread 1 ] DEBUG AudioPlayer          - Playing music com.almasb.fxgl.audio.Music@50a41994
17:20:00.477 [FXGL Background Thread 1 ] DEBUG AssetLoaderService   - Loading from cache: /assets/textures/road_with_patches.png
17:20:00.477 [FXGL Background Thread 1 ] DEBUG AssetLoaderService   - Loading from cache: /assets/textures/road_with_patches.png
17:20:00.478 [FXGL Background Thread 1 ] DEBUG AssetLoaderService   - Loading from cache: /assets/textures//car0.png
17:20:00.478 [FXGL Background Thread 1 ] DEBUG AssetLoaderService   - Loading from cache: /assets/textures/signpost.png
17:20:00.478 [FXGL Background Thread 1 ] DEBUG AssetLoaderService   - Loading from file system: /assets/ui/moosegame_ui.fxml
17:20:00.482 [FXGL Background Thread 1 ] INFO  GameApplication      - Game initialization took: 0.008 sec
17:20:00.482 [JavaFX Application Thread] DEBUG Input                - Clearing active input actions
17:20:00.485 [JavaFX Application Thread] DEBUG WindowService        - Removing overlay from FXGLLoadingScene and adding to GameScene
17:20:00.486 [JavaFX Application Thread] DEBUG MainWindow           - FXGLLoadingScene -> GameScene
17:20:02.583 [JavaFX Application Thread] DEBUG AssetLoaderService   - Loading from cache: /assets/textures/potHole.png
17:20:03.417 [JavaFX Application Thread] DEBUG AssetLoaderService   - Loading from cache: /assets/textures/mooseWalkAnimation.png
17:20:04.250 [JavaFX Application Thread] DEBUG AssetLoaderService   - Loading from cache: /assets/textures/mooseWalkAnimation.png
17:20:04.672 [JavaFX Application Thread] DEBUG AssetLoaderService   - Loading from cache: /assets/textures/potHole.png
17:20:06.336 [JavaFX Application Thread] DEBUG AssetLoaderService   - Loading from cache: /assets/textures/gasTank.PNG
17:20:06.347 [JavaFX Application Thread] DEBUG AssetLoaderService   - Loading from cache: /assets/textures/mooseWalkAnimation.png
17:20:06.768 [JavaFX Application Thread] DEBUG AssetLoaderService   - Loading from cache: /assets/textures/potHole.png
17:20:08.014 [JavaFX Application Thread] DEBUG AssetLoaderService   - Loading from cache: /assets/textures/mooseWalkAnimation.png
17:20:08.862 [JavaFX Application Thread] DEBUG AssetLoaderService   - Loading from cache: /assets/textures/potHole.png
17:20:09.280 [JavaFX Application Thread] DEBUG AssetLoaderService   - Loading from cache: /assets/textures/mooseWalkAnimation.png
17:20:10.960 [JavaFX Application Thread] DEBUG AssetLoaderService   - Loading from cache: /assets/textures/potHole.png
17:20:11.784 [JavaFX Application Thread] DEBUG AssetLoaderService   - Loading from cache: /assets/textures/mooseWalkAnimation.png
17:20:12.202 [JavaFX Application Thread] DEBUG AssetLoaderService   - Loading from cache: /assets/textures/gasTank.PNG
17:20:12.216 [JavaFX Application Thread] DEBUG AssetLoaderService   - Loading from cache: /assets/textures/mooseWalkAnimation.png
17:20:13.056 [JavaFX Application Thread] DEBUG AssetLoaderService   - Loading from cache: /assets/textures/potHole.png
17:20:15.167 [JavaFX Application Thread] DEBUG AssetLoaderService   - Loading from cache: /assets/textures/mooseWalkAnimation.png
17:20:15.174 [JavaFX Application Thread] DEBUG AssetLoaderService   - Loading from cache: /assets/textures/potHole.png
17:20:15.568 [JavaFX Application Thread] DEBUG AssetLoaderService   - Loading from cache: /assets/textures/mooseWalkAnimation.png
17:20:17.265 [JavaFX Application Thread] DEBUG AssetLoaderService   - Loading from cache: /assets/textures/potHole.png
17:20:18.064 [JavaFX Application Thread] DEBUG AssetLoaderService   - Loading from cache: /assets/textures/gasTank.PNG
17:20:18.090 [JavaFX Application Thread] DEBUG AssetLoaderService   - Loading from cache: /assets/textures/mooseWalkAnimation.png
17:20:18.889 [JavaFX Application Thread] DEBUG AssetLoaderService   - Loading from cache: /assets/sounds/explosion.wav
17:20:18.889 [JavaFX Application Thread] DEBUG AssetLoaderService   - Loading from cache: /assets/textures/explosion.png
17:20:18.889 [JavaFX Application Thread] DEBUG AudioPlayer          - Stopping music com.almasb.fxgl.audio.Music@50a41994
17:20:18.928 [JavaFX Application Thread] DEBUG MainWindow           - Push state: DialogSubScene
17:20:18.928 [JavaFX Application Thread] DEBUG Input                - Clearing active input actions
17:20:18.929 [JavaFX Application Thread] DEBUG WindowService        - Removing overlay from GameScene and adding to DialogSubScene
17:20:18.929 [JavaFX Application Thread] DEBUG MainWindow           - GameScene -> DialogSubScene
17:20:21.262 [JavaFX Application Thread] DEBUG MainWindow           - Pop state: DialogSubScene
17:20:21.262 [JavaFX Application Thread] DEBUG Input                - Clearing active input actions
17:20:21.262 [JavaFX Application Thread] DEBUG WindowService        - Removing overlay from DialogSubScene and adding to GameScene
17:20:21.262 [JavaFX Application Thread] DEBUG MainWindow           - GameScene <- DialogSubScene
17:20:21.263 [JavaFX Application Thread] DEBUG MainWindow           - Push state: DialogSubScene
17:20:21.263 [JavaFX Application Thread] DEBUG Input                - Clearing active input actions
17:20:21.263 [JavaFX Application Thread] DEBUG WindowService        - Removing overlay from GameScene and adding to DialogSubScene
17:20:21.263 [JavaFX Application Thread] DEBUG MainWindow           - GameScene -> DialogSubScene
17:20:32.041 [JavaFX Application Thread] DEBUG MainWindow           - Pop state: DialogSubScene
17:20:32.041 [JavaFX Application Thread] DEBUG Input                - Clearing active input actions
17:20:32.042 [JavaFX Application Thread] DEBUG WindowService        - Removing overlay from DialogSubScene and adding to GameScene
17:20:32.042 [JavaFX Application Thread] DEBUG MainWindow           - GameScene <- DialogSubScene
17:20:32.042 [JavaFX Application Thread] DEBUG FileSystemAccess     - Writing to: C:\Users\micha\Desktop\JavaMooseGame\.\highscores.dat
17:20:32.043 [JavaFX Application Thread] DEBUG Input                - Clearing active input actions
17:20:32.045 [JavaFX Application Thread] DEBUG WindowService        - Removing overlay from GameScene and adding to MooseGameMenu
17:20:32.046 [JavaFX Application Thread] DEBUG MainWindow           - GameScene -> MooseGameMenu
17:20:32.949 [JavaFX Application Thread] DEBUG FileSystemAccess     - Reading from: C:\Users\micha\Desktop\JavaMooseGame\.\highscores.dat
17:20:32.950 [JavaFX Application Thread] DEBUG AssetLoaderService   - Loading from cache: /assets/sounds/selection.mp3
17:20:45.009 [JavaFX Application Thread] DEBUG Menu                 - fireNewGame()
17:20:45.009 [JavaFX Application Thread] DEBUG WindowService        - Starting new game
17:20:45.009 [JavaFX Application Thread] DEBUG Input                - Clearing active input actions
17:20:45.011 [JavaFX Application Thread] DEBUG WindowService        - Removing overlay from MooseGameMenu and adding to FXGLLoadingScene
17:20:45.011 [JavaFX Application Thread] DEBUG MainWindow           - MooseGameMenu -> FXGLLoadingScene
17:20:45.012 [JavaFX Application Thread] DEBUG WindowService        - Clearing previous game
17:20:45.012 [JavaFX Application Thread] DEBUG GameScene            - Clearing game scene
17:20:45.012 [JavaFX Application Thread] DEBUG GameWorld            - Clearing game world
17:20:45.012 [JavaFX Application Thread] DEBUG PhysicsWorld         - Clearing physics world
17:20:45.012 [JavaFX Application Thread] DEBUG AudioPlayer          - Stopping music com.almasb.fxgl.audio.Music@2eb42454
17:20:45.012 [FXGL Background Thread 1 ] DEBUG GameApplication      - Initializing game
17:20:45.013 [FXGL Background Thread 1 ] DEBUG FileSystemAccess     - Reading from: C:\Users\micha\Desktop\JavaMooseGame\.\highscores.dat
17:20:45.013 [FXGL Background Thread 1 ] DEBUG AssetLoaderService   - Loading from cache: /assets/music/Poisoncut_GameLoop.mp3
17:20:45.013 [FXGL Background Thread 1 ] DEBUG AudioPlayer          - Playing music com.almasb.fxgl.audio.Music@50a41994
17:20:45.013 [FXGL Background Thread 1 ] DEBUG AssetLoaderService   - Loading from cache: /assets/textures/road_with_patches.png
17:20:45.014 [FXGL Background Thread 1 ] DEBUG AssetLoaderService   - Loading from cache: /assets/textures/road_with_patches.png
17:20:45.014 [FXGL Background Thread 1 ] DEBUG AssetLoaderService   - Loading from cache: /assets/textures//car0.png
17:20:45.015 [FXGL Background Thread 1 ] DEBUG AssetLoaderService   - Loading from cache: /assets/textures/signpost.png
17:20:45.015 [FXGL Background Thread 1 ] DEBUG AssetLoaderService   - Loading from file system: /assets/ui/moosegame_ui.fxml
17:20:45.019 [FXGL Background Thread 1 ] INFO  GameApplication      - Game initialization took: 0.007 sec
17:20:45.019 [JavaFX Application Thread] DEBUG Input                - Clearing active input actions
17:20:45.022 [JavaFX Application Thread] DEBUG WindowService        - Removing overlay from FXGLLoadingScene and adding to GameScene
17:20:45.022 [JavaFX Application Thread] DEBUG MainWindow           - FXGLLoadingScene -> GameScene
17:20:46.656 [JavaFX Application Thread] DEBUG AssetLoaderService   - Loading from cache: /assets/sounds/explosion.wav
17:20:46.656 [JavaFX Application Thread] DEBUG AssetLoaderService   - Loading from cache: /assets/textures/explosion.png
17:20:46.656 [JavaFX Application Thread] DEBUG AudioPlayer          - Stopping music com.almasb.fxgl.audio.Music@50a41994
17:20:46.657 [JavaFX Application Thread] DEBUG MainWindow           - Push state: DialogSubScene
17:20:46.657 [JavaFX Application Thread] DEBUG Input                - Clearing active input actions
17:20:46.658 [JavaFX Application Thread] DEBUG WindowService        - Removing overlay from GameScene and adding to DialogSubScene
17:20:46.658 [JavaFX Application Thread] DEBUG MainWindow           - GameScene -> DialogSubScene
17:20:47.324 [JavaFX Application Thread] DEBUG MainWindow           - Pop state: DialogSubScene
17:20:47.324 [JavaFX Application Thread] DEBUG Input                - Clearing active input actions
17:20:47.324 [JavaFX Application Thread] DEBUG WindowService        - Removing overlay from DialogSubScene and adding to GameScene
17:20:47.325 [JavaFX Application Thread] DEBUG MainWindow           - GameScene <- DialogSubScene
17:20:47.327 [JavaFX Application Thread] DEBUG MainWindow           - Push state: DialogSubScene
17:20:47.327 [JavaFX Application Thread] DEBUG Input                - Clearing active input actions
17:20:47.327 [JavaFX Application Thread] DEBUG WindowService        - Removing overlay from GameScene and adding to DialogSubScene
17:20:47.327 [JavaFX Application Thread] DEBUG MainWindow           - GameScene -> DialogSubScene
17:20:48.208 [JavaFX Application Thread] DEBUG GameApplication      - Exiting FXGL
17:20:48.208 [JavaFX Application Thread] DEBUG LoopRunner           - Stopping loop
17:20:48.208 [JavaFX Application Thread] DEBUG SystemBundleService  - Saving FXGL system data
17:20:48.209 [JavaFX Application Thread] DEBUG FileSystemAccess     - Writing to: C:\Users\micha\Desktop\JavaMooseGame\system\fxgl.bundle
17:20:48.210 [JavaFX Application Thread] DEBUG GameApplication      - Shutting down background threads
17:20:48.210 [JavaFX Application Thread] DEBUG GameApplication      - Closing logger and exiting JavaFX
