18:23:42.944 [main                     ] DEBUG GameApplication      - Logger initialized
18:23:42.948 [main                     ] DEBUG GameApplication      - Logging settings
Title: MooseGame
Version: 0.3
Width: 600
Height: 900
Fullscreen: false
Intro: false
Menus: true
Profiling: false
Single step:false
App Mode: DEVELOPER
Menu Key: ESCAPE
Stage Style: DECORATED
Scene Factory: class MooseGameApp$1

18:23:43.294 [JavaFX Application Thread] DEBUG GameApplication      - Initializing FXGL
18:23:43.306 [JavaFX Application Thread] INFO  Engine               - FXGL-11.8 (08.03.2020 09.09) on WINDOWS (J:14.0.1 FX:13.0.2)
18:23:43.307 [JavaFX Application Thread] INFO  Engine               - Source code and latest versions at: https://github.com/AlmasB/FXGL
18:23:43.307 [JavaFX Application Thread] INFO  Engine               -              Join the FXGL chat at: https://gitter.im/AlmasB/FXGL
18:23:43.402 [JavaFX Application Thread] DEBUG MainWindow           - Creating a JavaFX scene
18:23:43.447 [JavaFX Application Thread] DEBUG MainWindow           - Target settings size: 600.0 x 900.0
18:23:43.447 [JavaFX Application Thread] DEBUG MainWindow           - Scaled scene size:    600.0 x 900.0
18:23:43.447 [JavaFX Application Thread] DEBUG MainWindow           - Scaled ratio: (1.0, 1.0)
18:23:43.449 [JavaFX Application Thread] DEBUG MainWindow           - Set initial scene to FXGLStartupScene
18:23:43.455 [JavaFX Application Thread] DEBUG MainWindow           - Opening main window
18:23:43.547 [JavaFX Application Thread] DEBUG MainWindow           - Window border size: (16.0, 39.0)
18:23:43.547 [JavaFX Application Thread] DEBUG MainWindow           - Scaled size: 600.0 x 900.0
18:23:43.547 [JavaFX Application Thread] DEBUG MainWindow           - Scaled ratio: (1.0, 1.0)
18:23:43.547 [JavaFX Application Thread] DEBUG MainWindow           - Scene size: 600.0 x 900.0
18:23:43.548 [JavaFX Application Thread] DEBUG MainWindow           - Stage size: 616.0 x 939.0
18:23:43.555 [FXGL Background Thread 1 ] DEBUG Engine               - Initializing environment variables
18:23:43.582 [FXGL Background Thread 1 ] DEBUG WindowService        - Applying CSS: fxgl_dark.css
18:23:43.582 [FXGL Background Thread 1 ] DEBUG AssetLoaderService   - Loading from file system: /assets/ui/css/fxgl_dark.css
18:23:43.619 [FXGL Background Thread 1 ] DEBUG WindowService        - Initializing application scenes
18:23:43.650 [FXGL Background Thread 1 ] DEBUG GameWorld            - Game world initialized
18:23:43.682 [FXGL Background Thread 1 ] DEBUG PhysicsWorld         - Physics world initialized: appHeight=900, physics.ppm=50.0
18:23:43.684 [FXGL Background Thread 1 ] DEBUG GameScene            - Game scene initialized: 600x900
18:23:43.690 [FXGL Background Thread 1 ] DEBUG AssetLoaderService   - Loading from file system: /assets/textures/Roadway.png
18:23:43.762 [FXGL Background Thread 1 ] DEBUG AssetLoaderService   - Loading from file system: /assets/sounds/selection.mp3
18:23:43.833 [FXGL Background Thread 1 ] DEBUG AssetLoaderService   - Loading from cache: /assets/sounds/selection.mp3
18:23:43.833 [FXGL Background Thread 1 ] DEBUG AssetLoaderService   - Loading from cache: /assets/sounds/selection.mp3
18:23:43.834 [FXGL Background Thread 1 ] DEBUG AssetLoaderService   - Loading from cache: /assets/sounds/selection.mp3
18:23:43.834 [FXGL Background Thread 1 ] DEBUG AssetLoaderService   - Loading from cache: /assets/sounds/selection.mp3
18:23:43.857 [FXGL Background Thread 1 ] DEBUG AssetLoaderService   - Loading from file system: /assets/music/Poisoncut_-_MenuMusic.mp3
18:23:43.914 [FXGL Background Thread 1 ] DEBUG AudioPlayer          - Playing music com.almasb.fxgl.audio.Music@435afef1
18:23:43.931 [FXGL Background Thread 1 ] DEBUG AssetLoaderService   - Loading from file system: /assets/textures/particles/trace_horizontal.png
18:23:43.956 [FXGL Background Thread 1 ] WARN  FXGL.DefaultMenu     - FXGLDefaultMenu is not designed for resolutions < 800x600
18:23:43.956 [FXGL Background Thread 1 ] DEBUG FXGL.DefaultMenu     - createMenuBodyGameMenu()
18:23:43.964 [FXGL Background Thread 1 ] DEBUG FXGL.DefaultMenu     - createOptionsMenu()
18:23:43.967 [FXGL Background Thread 1 ] DEBUG AssetLoaderService   - Loading from file system: /assets/textures/particles/smoke.png
18:23:44.007 [FXGL Background Thread 1 ] DEBUG WindowService        - Application scenes initialized
18:23:44.013 [FXGL Background Thread 1 ] DEBUG SystemBundleService  - Loading FXGL system data
18:23:44.017 [FXGL Background Thread 1 ] DEBUG FileSystemAccess     - Reading from: C:\Users\micha\Desktop\JavaMooseGame\system\fxgl.bundle
18:23:44.021 [FXGL Background Thread 1 ] DEBUG SystemBundleService  - Bundle FXGL: {}
18:23:44.021 [FXGL Background Thread 1 ] INFO  Engine               - FXGL initialization took: 0.464 sec
18:23:44.022 [FXGL Background Thread 1 ] DEBUG GameApplication      - Loading localizations
18:23:44.023 [FXGL Background Thread 1 ] DEBUG AssetLoaderService   - Loading from file system: /assets/properties/languages/english.properties
18:23:44.024 [FXGL Background Thread 1 ] DEBUG AssetLoaderService   - Loading from file system: /assets/properties/languages/french.properties
18:23:44.025 [FXGL Background Thread 1 ] DEBUG AssetLoaderService   - Loading from file system: /assets/properties/languages/german.properties
18:23:44.025 [FXGL Background Thread 1 ] DEBUG AssetLoaderService   - Loading from file system: /assets/properties/languages/hungarian.properties
18:23:44.026 [FXGL Background Thread 1 ] DEBUG AssetLoaderService   - Loading from file system: /assets/properties/languages/russian.properties
18:23:44.028 [FXGL Background Thread 1 ] DEBUG GameApplication      - Registering font factories with UI factory
18:23:44.028 [FXGL Background Thread 1 ] DEBUG AssetLoaderService   - Loading from file system: /assets/ui/fonts/VarelaRound-Regular.ttf
18:23:44.068 [FXGL Background Thread 1 ] DEBUG AssetLoaderService   - Loading from file system: /assets/ui/fonts/Abel-Regular.ttf
18:23:44.076 [FXGL Background Thread 1 ] DEBUG AssetLoaderService   - Loading from file system: /assets/ui/fonts/lucida_console.ttf
18:23:44.086 [FXGL Background Thread 1 ] DEBUG AssetLoaderService   - Loading from file system: /assets/ui/fonts/Courier-Prime.ttf
18:23:44.100 [JavaFX Application Thread] DEBUG Input                - Registered new binding: action0 - A
18:23:44.100 [JavaFX Application Thread] DEBUG Input                - Registered new binding: action1 - S
18:23:44.100 [JavaFX Application Thread] DEBUG Input                - Registered new binding: action2 - D
18:23:44.101 [JavaFX Application Thread] DEBUG Input                - Registered new binding: action3 - W
18:23:44.101 [JavaFX Application Thread] DEBUG Input                - Registered new binding: action4 - 1
18:23:44.101 [JavaFX Application Thread] DEBUG Input                - Registered new binding: action5 - 2
18:23:44.101 [JavaFX Application Thread] DEBUG Input                - Registered new binding: action6 - 3
18:23:44.101 [JavaFX Application Thread] DEBUG Input                - Registered new binding: action7 - Left
18:23:44.101 [JavaFX Application Thread] DEBUG Input                - Registered new binding: action8 - Down
18:23:44.102 [JavaFX Application Thread] DEBUG Input                - Registered new binding: action9 - Right
18:23:44.102 [JavaFX Application Thread] DEBUG Input                - Registered new binding: action10 - Up
18:23:44.102 [JavaFX Application Thread] DEBUG AssetLoaderService   - Loading from file system: /assets/textures/fxgl_icon.png
18:23:44.109 [JavaFX Application Thread] DEBUG AssetLoaderService   - Loading from file system: /assets/ui/cursors/fxgl_default.png
18:23:44.110 [JavaFX Application Thread] DEBUG Input                - Registered new binding: Screenshot - P
18:23:44.111 [JavaFX Application Thread] DEBUG Input                - Registered new binding: System info dump - CTRL+9
18:23:44.111 [JavaFX Application Thread] DEBUG Input                - Registered new binding: Restart - CTRL+R
18:23:44.112 [JavaFX Application Thread] DEBUG LoopRunner           - Starting loop
18:23:44.131 [JavaFX Application Thread] DEBUG FXGLStartupScene     - STARTUP
18:23:44.132 [JavaFX Application Thread] DEBUG Input                - Clearing active input actions
18:23:44.144 [JavaFX Application Thread] DEBUG WindowService        - Removing overlay from FXGLStartupScene and adding to MooseGameMenu
18:23:44.144 [JavaFX Application Thread] DEBUG MainWindow           - FXGLStartupScene -> MooseGameMenu
18:23:46.904 [JavaFX Application Thread] DEBUG GameApplication      - Exiting FXGL
18:23:46.904 [JavaFX Application Thread] DEBUG LoopRunner           - Stopping loop
18:23:46.904 [JavaFX Application Thread] DEBUG SystemBundleService  - Saving FXGL system data
18:23:46.905 [JavaFX Application Thread] DEBUG FileSystemAccess     - Writing to: C:\Users\micha\Desktop\JavaMooseGame\system\fxgl.bundle
18:23:46.907 [JavaFX Application Thread] DEBUG GameApplication      - Shutting down background threads
18:23:46.907 [JavaFX Application Thread] DEBUG GameApplication      - Closing logger and exiting JavaFX
