19:57:16.109 [main                     ] DEBUG GameApplication      - Logger initialized
19:57:16.114 [main                     ] DEBUG GameApplication      - Logging settings
Title: MooseGame
Version: 0.3
Width: 600
Height: 900
Fullscreen: false
Intro: false
Menus: true
Profiling: false
Single step:false
App Mode: DEVELOPER
Menu Key: ESCAPE
Stage Style: DECORATED
Scene Factory: class MooseGameApp$1

19:57:16.437 [JavaFX Application Thread] DEBUG GameApplication      - Initializing FXGL
19:57:16.444 [JavaFX Application Thread] INFO  Engine               - FXGL-11.8 (08.03.2020 09.09) on WINDOWS (J:14.0.1 FX:13.0.2)
19:57:16.444 [JavaFX Application Thread] INFO  Engine               - Source code and latest versions at: https://github.com/AlmasB/FXGL
19:57:16.444 [JavaFX Application Thread] INFO  Engine               -              Join the FXGL chat at: https://gitter.im/AlmasB/FXGL
19:57:16.543 [JavaFX Application Thread] DEBUG MainWindow           - Creating a JavaFX scene
19:57:16.586 [JavaFX Application Thread] DEBUG MainWindow           - Target settings size: 600.0 x 900.0
19:57:16.587 [JavaFX Application Thread] DEBUG MainWindow           - Scaled scene size:    600.0 x 900.0
19:57:16.587 [JavaFX Application Thread] DEBUG MainWindow           - Scaled ratio: (1.0, 1.0)
19:57:16.588 [JavaFX Application Thread] DEBUG MainWindow           - Set initial scene to FXGLStartupScene
19:57:16.594 [JavaFX Application Thread] DEBUG MainWindow           - Opening main window
19:57:16.669 [JavaFX Application Thread] DEBUG MainWindow           - Window border size: (16.0, 39.0)
19:57:16.670 [JavaFX Application Thread] DEBUG MainWindow           - Scaled size: 600.0 x 900.0
19:57:16.670 [JavaFX Application Thread] DEBUG MainWindow           - Scaled ratio: (1.0, 1.0)
19:57:16.670 [JavaFX Application Thread] DEBUG MainWindow           - Scene size: 600.0 x 900.0
19:57:16.670 [JavaFX Application Thread] DEBUG MainWindow           - Stage size: 616.0 x 939.0
19:57:16.676 [FXGL Background Thread 1 ] DEBUG Engine               - Initializing environment variables
19:57:16.699 [FXGL Background Thread 1 ] DEBUG WindowService        - Applying CSS: fxgl_dark.css
19:57:16.700 [FXGL Background Thread 1 ] DEBUG AssetLoaderService   - Loading from file system: /assets/ui/css/fxgl_dark.css
19:57:16.736 [FXGL Background Thread 1 ] DEBUG WindowService        - Initializing application scenes
19:57:16.764 [FXGL Background Thread 1 ] DEBUG GameWorld            - Game world initialized
19:57:16.792 [FXGL Background Thread 1 ] DEBUG PhysicsWorld         - Physics world initialized: appHeight=900, physics.ppm=50.0
19:57:16.794 [FXGL Background Thread 1 ] DEBUG GameScene            - Game scene initialized: 600x900
19:57:16.802 [FXGL Background Thread 1 ] DEBUG AssetLoaderService   - Loading from file system: /assets/textures/Roadway.png
19:57:16.866 [FXGL Background Thread 1 ] DEBUG AssetLoaderService   - Loading from file system: /assets/sounds/selection.mp3
19:57:16.934 [FXGL Background Thread 1 ] DEBUG AssetLoaderService   - Loading from cache: /assets/sounds/selection.mp3
19:57:16.934 [FXGL Background Thread 1 ] DEBUG AssetLoaderService   - Loading from cache: /assets/sounds/selection.mp3
19:57:16.934 [FXGL Background Thread 1 ] DEBUG AssetLoaderService   - Loading from cache: /assets/sounds/selection.mp3
19:57:16.935 [FXGL Background Thread 1 ] DEBUG AssetLoaderService   - Loading from cache: /assets/sounds/selection.mp3
19:57:16.947 [FXGL Background Thread 1 ] DEBUG AssetLoaderService   - Loading from cache: /assets/sounds/selection.mp3
19:57:16.948 [FXGL Background Thread 1 ] DEBUG AssetLoaderService   - Loading from cache: /assets/sounds/selection.mp3
19:57:16.948 [FXGL Background Thread 1 ] DEBUG AssetLoaderService   - Loading from cache: /assets/sounds/selection.mp3
19:57:16.950 [FXGL Background Thread 1 ] DEBUG AssetLoaderService   - Loading from file system: /assets/music/Poisoncut_-_MenuMusic.mp3
19:57:17.008 [FXGL Background Thread 1 ] DEBUG AudioPlayer          - Playing music com.almasb.fxgl.audio.Music@2b30d2d2
19:57:17.023 [FXGL Background Thread 1 ] DEBUG AssetLoaderService   - Loading from file system: /assets/textures/particles/trace_horizontal.png
19:57:17.048 [FXGL Background Thread 1 ] WARN  FXGL.DefaultMenu     - FXGLDefaultMenu is not designed for resolutions < 800x600
19:57:17.049 [FXGL Background Thread 1 ] DEBUG FXGL.DefaultMenu     - createMenuBodyGameMenu()
19:57:17.059 [FXGL Background Thread 1 ] DEBUG FXGL.DefaultMenu     - createOptionsMenu()
19:57:17.061 [FXGL Background Thread 1 ] DEBUG AssetLoaderService   - Loading from file system: /assets/textures/particles/smoke.png
19:57:17.098 [FXGL Background Thread 1 ] DEBUG WindowService        - Application scenes initialized
19:57:17.104 [FXGL Background Thread 1 ] DEBUG SystemBundleService  - Loading FXGL system data
19:57:17.107 [FXGL Background Thread 1 ] DEBUG FileSystemAccess     - Reading from: C:\Users\micha\Desktop\JavaMooseGame\system\fxgl.bundle
19:57:17.111 [FXGL Background Thread 1 ] DEBUG SystemBundleService  - Bundle FXGL: {}
19:57:17.111 [FXGL Background Thread 1 ] INFO  Engine               - FXGL initialization took: 0.433 sec
19:57:17.112 [FXGL Background Thread 1 ] DEBUG GameApplication      - Loading localizations
19:57:17.112 [FXGL Background Thread 1 ] DEBUG AssetLoaderService   - Loading from file system: /assets/properties/languages/english.properties
19:57:17.113 [FXGL Background Thread 1 ] DEBUG AssetLoaderService   - Loading from file system: /assets/properties/languages/french.properties
19:57:17.114 [FXGL Background Thread 1 ] DEBUG AssetLoaderService   - Loading from file system: /assets/properties/languages/german.properties
19:57:17.115 [FXGL Background Thread 1 ] DEBUG AssetLoaderService   - Loading from file system: /assets/properties/languages/hungarian.properties
19:57:17.116 [FXGL Background Thread 1 ] DEBUG AssetLoaderService   - Loading from file system: /assets/properties/languages/russian.properties
19:57:17.117 [FXGL Background Thread 1 ] DEBUG GameApplication      - Registering font factories with UI factory
19:57:17.117 [FXGL Background Thread 1 ] DEBUG AssetLoaderService   - Loading from file system: /assets/ui/fonts/VarelaRound-Regular.ttf
19:57:17.157 [FXGL Background Thread 1 ] DEBUG AssetLoaderService   - Loading from file system: /assets/ui/fonts/Abel-Regular.ttf
19:57:17.165 [FXGL Background Thread 1 ] DEBUG AssetLoaderService   - Loading from file system: /assets/ui/fonts/lucida_console.ttf
19:57:17.175 [FXGL Background Thread 1 ] DEBUG AssetLoaderService   - Loading from file system: /assets/ui/fonts/Courier-Prime.ttf
19:57:17.190 [JavaFX Application Thread] DEBUG Input                - Registered new binding: action0 - A
19:57:17.191 [JavaFX Application Thread] DEBUG Input                - Registered new binding: action1 - S
19:57:17.191 [JavaFX Application Thread] DEBUG Input                - Registered new binding: action2 - D
19:57:17.191 [JavaFX Application Thread] DEBUG Input                - Registered new binding: action3 - W
19:57:17.191 [JavaFX Application Thread] DEBUG Input                - Registered new binding: action4 - 1
19:57:17.191 [JavaFX Application Thread] DEBUG Input                - Registered new binding: action5 - 2
19:57:17.192 [JavaFX Application Thread] DEBUG Input                - Registered new binding: action6 - 3
19:57:17.192 [JavaFX Application Thread] DEBUG Input                - Registered new binding: action7 - Left
19:57:17.192 [JavaFX Application Thread] DEBUG Input                - Registered new binding: action8 - Down
19:57:17.192 [JavaFX Application Thread] DEBUG Input                - Registered new binding: action9 - Right
19:57:17.192 [JavaFX Application Thread] DEBUG Input                - Registered new binding: action10 - Up
19:57:17.192 [JavaFX Application Thread] DEBUG AssetLoaderService   - Loading from file system: /assets/textures/fxgl_icon.png
19:57:17.205 [JavaFX Application Thread] DEBUG AssetLoaderService   - Loading from file system: /assets/ui/cursors/fxgl_default.png
19:57:17.206 [JavaFX Application Thread] DEBUG Input                - Registered new binding: Screenshot - P
19:57:17.207 [JavaFX Application Thread] DEBUG Input                - Registered new binding: System info dump - CTRL+9
19:57:17.207 [JavaFX Application Thread] DEBUG Input                - Registered new binding: Restart - CTRL+R
19:57:17.207 [JavaFX Application Thread] DEBUG LoopRunner           - Starting loop
19:57:17.212 [JavaFX Application Thread] DEBUG FXGLStartupScene     - STARTUP
19:57:17.213 [JavaFX Application Thread] DEBUG Input                - Clearing active input actions
19:57:17.224 [JavaFX Application Thread] DEBUG WindowService        - Removing overlay from FXGLStartupScene and adding to MooseGameMenu
19:57:17.225 [JavaFX Application Thread] DEBUG MainWindow           - FXGLStartupScene -> MooseGameMenu
19:57:20.112 [FXGL Background Thread 2 ] DEBUG Engine               - Logging environment variables
19:57:20.112 [FXGL Background Thread 2 ] DEBUG Engine               - achievements: []
19:57:20.112 [FXGL Background Thread 2 ] DEBUG Engine               - language: ObjectProperty [value: ENGLISH]
19:57:20.112 [FXGL Background Thread 2 ] DEBUG Engine               - isCloseConfirmation: false
19:57:20.112 [FXGL Background Thread 2 ] DEBUG Engine               - isProfilingEnabled: false
19:57:20.112 [FXGL Background Thread 2 ] DEBUG Engine               - soundNotification: core/notification.wav
19:57:20.113 [FXGL Background Thread 2 ] DEBUG Engine               - devShowBBoxProperty: BooleanProperty [value: false]
19:57:20.113 [FXGL Background Thread 2 ] DEBUG Engine               - pixelsPerMeter: 50.0
19:57:20.113 [FXGL Background Thread 2 ] DEBUG Engine               - soundMenuBack: menu/back.wav
19:57:20.113 [FXGL Background Thread 2 ] DEBUG Engine               - appIcon: fxgl_icon.png
19:57:20.113 [FXGL Background Thread 2 ] DEBUG Engine               - isFullScreenAllowed: false
19:57:20.113 [FXGL Background Thread 2 ] DEBUG Engine               - isIntroEnabled: false
19:57:20.113 [FXGL Background Thread 2 ] DEBUG Engine               - fontMono: lucida_console.ttf
19:57:20.113 [FXGL Background Thread 2 ] DEBUG Engine               - soundMenuSelect: menu/select.wav
19:57:20.113 [FXGL Background Thread 2 ] DEBUG Engine               - isWindows: true
19:57:20.113 [FXGL Background Thread 2 ] DEBUG Engine               - isMobile: false
19:57:20.113 [FXGL Background Thread 2 ] DEBUG Engine               - isUserProfileEnabled: false
19:57:20.113 [FXGL Background Thread 2 ] DEBUG Engine               - height: 900
19:57:20.113 [FXGL Background Thread 2 ] DEBUG Engine               - isExperimentalNative: false
19:57:20.113 [FXGL Background Thread 2 ] DEBUG Engine               - settings: Title: MooseGame
Version: 0.3
Width: 600
Height: 900
Fullscreen: false
Intro: false
Menus: true
Profiling: false
Single step:false
App Mode: DEVELOPER
Menu Key: ESCAPE
Stage Style: DECORATED
Scene Factory: class MooseGameApp$1

19:57:20.113 [FXGL Background Thread 2 ] DEBUG Engine               - isSingleStep: false
19:57:20.113 [FXGL Background Thread 2 ] DEBUG Engine               - cSSList: [fxgl_dark.css]
19:57:20.113 [FXGL Background Thread 2 ] DEBUG Engine               - fontGame: Abel-Regular.ttf
19:57:20.113 [FXGL Background Thread 2 ] DEBUG Engine               - menuKey: ESCAPE
19:57:20.114 [FXGL Background Thread 2 ] DEBUG Engine               - devShowPositionProperty: BooleanProperty [value: false]
19:57:20.114 [FXGL Background Thread 2 ] DEBUG Engine               - versionCheckDays: 7
19:57:20.114 [FXGL Background Thread 2 ] DEBUG Engine               - configClass: Optional.empty
19:57:20.114 [FXGL Background Thread 2 ] DEBUG Engine               - isFullScreenFromStart: false
19:57:20.114 [FXGL Background Thread 2 ] DEBUG Engine               - version: 0.3
19:57:20.114 [FXGL Background Thread 2 ] DEBUG Engine               - fullScreen: BooleanProperty [value: false]
19:57:20.114 [FXGL Background Thread 2 ] DEBUG Engine               - randomSeed: -1
19:57:20.114 [FXGL Background Thread 2 ] DEBUG Engine               - gameDifficultyProperty: ObjectProperty [value: MEDIUM]
19:57:20.114 [FXGL Background Thread 2 ] DEBUG Engine               - applicationMode: DEVELOPER
19:57:20.114 [FXGL Background Thread 2 ] DEBUG Engine               - isMac: false
19:57:20.114 [FXGL Background Thread 2 ] DEBUG Engine               - isMenuEnabled: true
19:57:20.114 [FXGL Background Thread 2 ] DEBUG Engine               - profileName: StringProperty [value: DEFAULT]
19:57:20.114 [FXGL Background Thread 2 ] DEBUG Engine               - urlPOM: https://raw.githubusercontent.com/AlmasB/FXGL/master/pom.xml
19:57:20.114 [FXGL Background Thread 2 ] DEBUG Engine               - notificationViewClass: class com.almasb.fxgl.notification.view.XboxNotificationView
19:57:20.115 [FXGL Background Thread 2 ] DEBUG Engine               - devSensorColorProperty: ObjectProperty [value: 0xffff00ff]
19:57:20.115 [FXGL Background Thread 2 ] DEBUG Engine               - sceneFactory: MooseGameApp$1@1d12cb98
19:57:20.115 [FXGL Background Thread 2 ] DEBUG Engine               - stageStyle: DECORATED
19:57:20.115 [FXGL Background Thread 2 ] DEBUG Engine               - isManualResizeEnabled: false
19:57:20.115 [FXGL Background Thread 2 ] DEBUG Engine               - title: MooseGame
19:57:20.115 [FXGL Background Thread 2 ] DEBUG Engine               - platform: WINDOWS
19:57:20.115 [FXGL Background Thread 2 ] DEBUG Engine               - devBBoxColorProperty: ObjectProperty [value: 0xff0000ff]
19:57:20.115 [FXGL Background Thread 2 ] DEBUG Engine               - gameDifficulty: MEDIUM
19:57:20.115 [FXGL Background Thread 2 ] DEBUG Engine               - isDesktop: true
19:57:20.115 [FXGL Background Thread 2 ] DEBUG Engine               - supportedLanguages: [ENGLISH, FRENCH, GERMAN, HUNGARIAN, RUSSIAN]
19:57:20.115 [FXGL Background Thread 2 ] DEBUG Engine               - credits: []
19:57:20.115 [FXGL Background Thread 2 ] DEBUG Engine               - globalMusicVolumeProperty: DoubleProperty [value: 0.5]
19:57:20.115 [FXGL Background Thread 2 ] DEBUG Engine               - isPreserveResizeRatio: false
19:57:20.115 [FXGL Background Thread 2 ] DEBUG Engine               - fontText: Courier-Prime.ttf
19:57:20.115 [FXGL Background Thread 2 ] DEBUG Engine               - isExperimentalTiledLargeMap: false
19:57:20.115 [FXGL Background Thread 2 ] DEBUG Engine               - secondsIn24h: 60
19:57:20.116 [FXGL Background Thread 2 ] DEBUG Engine               - runtimeInfo: RuntimeInfo(platform=WINDOWS, version=11.8, build=08.03.2020 09.09)
19:57:20.116 [FXGL Background Thread 2 ] DEBUG Engine               - isLinux: false
19:57:20.116 [FXGL Background Thread 2 ] DEBUG Engine               - soundMenuPress: menu/press.wav
19:57:20.116 [FXGL Background Thread 2 ] DEBUG Engine               - urlGithub: https://github.com/AlmasB/FXGL
19:57:20.116 [FXGL Background Thread 2 ] DEBUG Engine               - profileDir: profiles/
19:57:20.116 [FXGL Background Thread 2 ] DEBUG Engine               - isDeveloperMenuEnabled: false
19:57:20.116 [FXGL Background Thread 2 ] DEBUG Engine               - globalSoundVolumeProperty: DoubleProperty [value: 0.5]
19:57:20.116 [FXGL Background Thread 2 ] DEBUG Engine               - mainWindow: com.almasb.fxgl.app.MainWindow@192d4ce2
19:57:20.116 [FXGL Background Thread 2 ] DEBUG Engine               - isBrowser: false
19:57:20.116 [FXGL Background Thread 2 ] DEBUG Engine               - globalSoundVolume: 0.5
19:57:20.116 [FXGL Background Thread 2 ] DEBUG Engine               - urlLeaderboard: http://fxgl-top.herokuapp.com/
19:57:20.116 [FXGL Background Thread 2 ] DEBUG Engine               - engineServices: [class com.almasb.fxgl.app.GameApplication$GameApplicationService, class com.almasb.fxgl.app.services.WindowService, class com.almasb.fxgl.app.services.FXGLDialogService, class com.almasb.fxgl.app.services.IOTaskExecutorService, class com.almasb.fxgl.event.EventBusService, class com.almasb.fxgl.io.FileSystemService, class com.almasb.fxgl.localization.LocalizationService, class com.almasb.fxgl.app.services.AssetLoaderService, class com.almasb.fxgl.app.services.SystemBundleService, class com.almasb.fxgl.profile.SaveLoadService, class com.almasb.fxgl.ui.FXGLUIFactoryServiceProvider, class com.almasb.fxgl.ui.FXGLDialogFactoryServiceProvider, class com.almasb.fxgl.audio.AudioPlayer, class com.almasb.fxgl.notification.impl.NotificationServiceProvider, class com.almasb.fxgl.achievement.AchievementService, class com.almasb.fxgl.cutscene.CutsceneService, class com.almasb.fxgl.minigames.MiniGameService, class com.almasb.fxgl.net.NetService, class com.almasb.fxgl.app.services.UpdaterService]
19:57:20.116 [FXGL Background Thread 2 ] DEBUG Engine               - globalMusicVolume: 0.5
19:57:20.116 [FXGL Background Thread 2 ] DEBUG Engine               - width: 600
19:57:20.116 [FXGL Background Thread 2 ] DEBUG Engine               - saveFileExt: sav
19:57:20.116 [FXGL Background Thread 2 ] DEBUG Engine               - isAndroid: false
19:57:20.116 [FXGL Background Thread 2 ] DEBUG Engine               - fontUI: VarelaRound-Regular.ttf
19:57:20.117 [FXGL Background Thread 2 ] DEBUG Engine               - enabledMenuItems: []
19:57:20.117 [FXGL Background Thread 2 ] DEBUG Engine               - isIOS: false
19:57:20.117 [FXGL Background Thread 2 ] DEBUG Engine               - Logging services
19:57:20.117 [FXGL Background Thread 2 ] DEBUG Engine               - class com.almasb.fxgl.app.GameApplication$GameApplicationService
19:57:20.117 [FXGL Background Thread 2 ] DEBUG Engine               - class com.almasb.fxgl.app.services.WindowService
19:57:20.117 [FXGL Background Thread 2 ] DEBUG Engine               - class com.almasb.fxgl.app.services.FXGLDialogService
19:57:20.117 [FXGL Background Thread 2 ] DEBUG Engine               - class com.almasb.fxgl.app.services.IOTaskExecutorService
19:57:20.117 [FXGL Background Thread 2 ] DEBUG Engine               - class com.almasb.fxgl.event.EventBusService
19:57:20.117 [FXGL Background Thread 2 ] DEBUG Engine               - class com.almasb.fxgl.io.FileSystemService
19:57:20.117 [FXGL Background Thread 2 ] DEBUG Engine               - class com.almasb.fxgl.localization.LocalizationService
19:57:20.117 [FXGL Background Thread 2 ] DEBUG Engine               - class com.almasb.fxgl.app.services.AssetLoaderService
19:57:20.117 [FXGL Background Thread 2 ] DEBUG Engine               - class com.almasb.fxgl.app.services.SystemBundleService
19:57:20.117 [FXGL Background Thread 2 ] DEBUG Engine               - class com.almasb.fxgl.profile.SaveLoadService
19:57:20.117 [FXGL Background Thread 2 ] DEBUG Engine               - class com.almasb.fxgl.ui.FXGLUIFactoryServiceProvider
19:57:20.117 [FXGL Background Thread 2 ] DEBUG Engine               - class com.almasb.fxgl.ui.FXGLDialogFactoryServiceProvider
19:57:20.117 [FXGL Background Thread 2 ] DEBUG Engine               - class com.almasb.fxgl.audio.AudioPlayer
19:57:20.117 [FXGL Background Thread 2 ] DEBUG Engine               - class com.almasb.fxgl.notification.impl.NotificationServiceProvider
19:57:20.117 [FXGL Background Thread 2 ] DEBUG Engine               - class com.almasb.fxgl.achievement.AchievementService
19:57:20.117 [FXGL Background Thread 2 ] DEBUG Engine               - class com.almasb.fxgl.cutscene.CutsceneService
19:57:20.117 [FXGL Background Thread 2 ] DEBUG Engine               - class com.almasb.fxgl.minigames.MiniGameService
19:57:20.118 [FXGL Background Thread 2 ] DEBUG Engine               - class com.almasb.fxgl.net.NetService
19:57:20.118 [FXGL Background Thread 2 ] DEBUG Engine               - class com.almasb.fxgl.app.services.UpdaterService
19:57:20.809 [JavaFX Application Thread] DEBUG Menu                 - fireNewGame()
19:57:20.809 [JavaFX Application Thread] DEBUG WindowService        - Starting new game
19:57:20.809 [JavaFX Application Thread] DEBUG Input                - Clearing active input actions
19:57:20.815 [JavaFX Application Thread] DEBUG WindowService        - Removing overlay from MooseGameMenu and adding to FXGLLoadingScene
19:57:20.816 [JavaFX Application Thread] DEBUG MainWindow           - MooseGameMenu -> FXGLLoadingScene
19:57:20.816 [JavaFX Application Thread] DEBUG WindowService        - Clearing previous game
19:57:20.816 [JavaFX Application Thread] DEBUG GameScene            - Clearing game scene
19:57:20.816 [JavaFX Application Thread] DEBUG GameWorld            - Clearing game world
19:57:20.816 [JavaFX Application Thread] DEBUG PhysicsWorld         - Clearing physics world
19:57:20.817 [JavaFX Application Thread] DEBUG AudioPlayer          - Stopping music com.almasb.fxgl.audio.Music@2b30d2d2
19:57:20.817 [FXGL Background Thread 1 ] DEBUG GameApplication      - Initializing game
19:57:20.823 [FXGL Background Thread 1 ] DEBUG FileSystemAccess     - Reading from: C:\Users\micha\Desktop\JavaMooseGame\.\highscores.dat
19:57:20.826 [FXGL Background Thread 1 ] DEBUG AssetLoaderService   - Loading from file system: /assets/music/Poisoncut_GameLoop.mp3
19:57:20.829 [FXGL Background Thread 1 ] DEBUG AudioPlayer          - Playing music com.almasb.fxgl.audio.Music@78f64979
19:57:20.834 [FXGL Background Thread 1 ] DEBUG AssetLoaderService   - Loading from file system: /assets/textures/road_with_patches.png
19:57:20.843 [FXGL Background Thread 1 ] DEBUG AssetLoaderService   - Loading from cache: /assets/textures/road_with_patches.png
19:57:20.844 [FXGL Background Thread 1 ] DEBUG AssetLoaderService   - Loading from file system: /assets/textures//car0.png
19:57:20.852 [FXGL Background Thread 1 ] DEBUG AssetLoaderService   - Loading from file system: /assets/textures/signpost.png
19:57:20.856 [FXGL Background Thread 1 ] DEBUG AssetLoaderService   - Loading from file system: /assets/ui/moosegame_ui.fxml
19:57:20.899 [FXGL Background Thread 1 ] INFO  GameApplication      - Game initialization took: 0.082 sec
19:57:20.899 [JavaFX Application Thread] DEBUG Input                - Clearing active input actions
19:57:20.915 [JavaFX Application Thread] DEBUG WindowService        - Removing overlay from FXGLLoadingScene and adding to GameScene
19:57:20.915 [JavaFX Application Thread] DEBUG MainWindow           - FXGLLoadingScene -> GameScene
19:57:22.101 [JavaFX Application Thread] DEBUG AssetLoaderService   - Loading from file system: /assets/sounds/explosion.wav
19:57:22.104 [JavaFX Application Thread] DEBUG AssetLoaderService   - Loading from file system: /assets/textures/explosion.png
19:57:22.114 [JavaFX Application Thread] DEBUG AudioPlayer          - Stopping music com.almasb.fxgl.audio.Music@78f64979
19:57:22.117 [JavaFX Application Thread] DEBUG MainWindow           - Push state: DialogSubScene
19:57:22.117 [JavaFX Application Thread] DEBUG Input                - Clearing active input actions
19:57:22.122 [JavaFX Application Thread] DEBUG WindowService        - Removing overlay from GameScene and adding to DialogSubScene
19:57:22.122 [JavaFX Application Thread] DEBUG MainWindow           - GameScene -> DialogSubScene
19:57:22.699 [JavaFX Application Thread] DEBUG MainWindow           - Pop state: DialogSubScene
19:57:22.699 [JavaFX Application Thread] DEBUG Input                - Clearing active input actions
19:57:22.699 [JavaFX Application Thread] DEBUG WindowService        - Removing overlay from DialogSubScene and adding to GameScene
19:57:22.699 [JavaFX Application Thread] DEBUG MainWindow           - GameScene <- DialogSubScene
19:57:23.821 [JavaFX Application Thread] DEBUG GameApplication      - Exiting FXGL
19:57:23.821 [JavaFX Application Thread] DEBUG LoopRunner           - Stopping loop
19:57:23.821 [JavaFX Application Thread] DEBUG SystemBundleService  - Saving FXGL system data
19:57:23.822 [JavaFX Application Thread] DEBUG FileSystemAccess     - Writing to: C:\Users\micha\Desktop\JavaMooseGame\system\fxgl.bundle
19:57:23.823 [JavaFX Application Thread] DEBUG GameApplication      - Shutting down background threads
19:57:23.824 [JavaFX Application Thread] DEBUG GameApplication      - Closing logger and exiting JavaFX
