11:49:34.254 [main                     ] DEBUG GameApplication      - Logger initialized
11:49:34.263 [main                     ] DEBUG GameApplication      - Logging settings
Title: MooseGame
Version: 0.3
Width: 600
Height: 900
Fullscreen: false
Intro: false
Menus: true
Profiling: false
Single step:false
App Mode: DEVELOPER
Menu Key: ESCAPE
Stage Style: DECORATED
Scene Factory: class com.almasb.fxgl.app.scene.SceneFactory

11:49:34.870 [JavaFX Application Thread] DEBUG GameApplication      - Initializing FXGL
11:49:34.886 [JavaFX Application Thread] INFO  Engine               - FXGL-11.8 (08.03.2020 09.09) on WINDOWS (J:14.0.1 FX:13.0.2)
11:49:34.887 [JavaFX Application Thread] INFO  Engine               - Source code and latest versions at: https://github.com/AlmasB/FXGL
11:49:34.887 [JavaFX Application Thread] INFO  Engine               -              Join the FXGL chat at: https://gitter.im/AlmasB/FXGL
11:49:35.198 [JavaFX Application Thread] DEBUG MainWindow           - Creating a JavaFX scene
11:49:35.198 [JavaFX Application Thread] DEBUG MainWindow           - Target size > screen size
11:49:35.321 [JavaFX Application Thread] DEBUG MainWindow           - Target settings size: 600.0 x 900.0
11:49:35.322 [JavaFX Application Thread] DEBUG MainWindow           - Scaled scene size:    548.0 x 859.0
11:49:35.322 [JavaFX Application Thread] DEBUG MainWindow           - Scaled ratio: (0.9133333333333333, 0.9544444444444444)
11:49:35.326 [JavaFX Application Thread] DEBUG MainWindow           - Set initial scene to FXGLStartupScene
11:49:35.375 [JavaFX Application Thread] DEBUG MainWindow           - Opening main window
11:49:35.518 [JavaFX Application Thread] DEBUG MainWindow           - Window border size: (16.0, 39.0)
11:49:35.519 [JavaFX Application Thread] DEBUG MainWindow           - Scaled size: 548.0 x 859.0
11:49:35.519 [JavaFX Application Thread] DEBUG MainWindow           - Scaled ratio: (0.9133333333333333, 0.9544444444444444)
11:49:35.519 [JavaFX Application Thread] DEBUG MainWindow           - Scene size: 548.0 x 859.0
11:49:35.519 [JavaFX Application Thread] DEBUG MainWindow           - Stage size: 564.0 x 898.0
11:49:35.596 [FXGL Background Thread 1 ] DEBUG Engine               - Initializing environment variables
11:49:35.638 [FXGL Background Thread 1 ] DEBUG WindowService        - Applying CSS: fxgl_dark.css
11:49:35.640 [FXGL Background Thread 1 ] DEBUG AssetLoaderService   - Loading from file system: /assets/ui/css/fxgl_dark.css
11:49:35.712 [FXGL Background Thread 1 ] DEBUG WindowService        - Initializing application scenes
11:49:35.896 [FXGL Background Thread 1 ] DEBUG GameWorld            - Game world initialized
11:49:35.961 [FXGL Background Thread 1 ] DEBUG PhysicsWorld         - Physics world initialized: appHeight=900, physics.ppm=50.0
11:49:35.964 [FXGL Background Thread 1 ] DEBUG GameScene            - Game scene initialized: 600x900
11:49:36.002 [FXGL Background Thread 1 ] DEBUG AssetLoaderService   - Loading from file system: /assets/textures/particles/trace_horizontal.png
11:49:36.092 [FXGL Background Thread 1 ] WARN  FXGL.DefaultMenu     - FXGLDefaultMenu is not designed for resolutions < 800x600
11:49:36.092 [FXGL Background Thread 1 ] DEBUG FXGL.DefaultMenu     - createMenuBodyMainMenu()
11:49:36.118 [FXGL Background Thread 1 ] DEBUG FXGL.DefaultMenu     - createOptionsMenu()
11:49:36.126 [FXGL Background Thread 1 ] DEBUG AssetLoaderService   - Loading from file system: /assets/textures/particles/smoke.png
11:49:36.219 [FXGL Background Thread 1 ] DEBUG AssetLoaderService   - Loading from cache: /assets/textures/particles/trace_horizontal.png@64.0x64.0
11:49:36.221 [FXGL Background Thread 1 ] WARN  FXGL.DefaultMenu     - FXGLDefaultMenu is not designed for resolutions < 800x600
11:49:36.222 [FXGL Background Thread 1 ] DEBUG FXGL.DefaultMenu     - createMenuBodyGameMenu()
11:49:36.224 [FXGL Background Thread 1 ] DEBUG FXGL.DefaultMenu     - createOptionsMenu()
11:49:36.226 [FXGL Background Thread 1 ] DEBUG AssetLoaderService   - Loading from cache: /assets/textures/particles/smoke.png@128.0x128.0
11:49:36.244 [FXGL Background Thread 1 ] DEBUG WindowService        - Application scenes initialized
11:49:36.255 [FXGL Background Thread 1 ] DEBUG SystemBundleService  - Loading FXGL system data
11:49:36.262 [FXGL Background Thread 1 ] DEBUG FileSystemAccess     - Reading from: C:\Users\User\Documents\GitHub\JavaMooseGame\system\fxgl.bundle
11:49:36.270 [FXGL Background Thread 1 ] DEBUG SystemBundleService  - Bundle FXGL: {}
11:49:36.271 [FXGL Background Thread 1 ] INFO  Engine               - FXGL initialization took: 0.669 sec
11:49:36.273 [FXGL Background Thread 1 ] DEBUG GameApplication      - Loading localizations
11:49:36.274 [FXGL Background Thread 1 ] DEBUG AssetLoaderService   - Loading from file system: /assets/properties/languages/english.properties
11:49:36.276 [FXGL Background Thread 1 ] DEBUG AssetLoaderService   - Loading from file system: /assets/properties/languages/french.properties
11:49:36.278 [FXGL Background Thread 1 ] DEBUG AssetLoaderService   - Loading from file system: /assets/properties/languages/german.properties
11:49:36.281 [FXGL Background Thread 1 ] DEBUG AssetLoaderService   - Loading from file system: /assets/properties/languages/hungarian.properties
11:49:36.284 [FXGL Background Thread 1 ] DEBUG AssetLoaderService   - Loading from file system: /assets/properties/languages/russian.properties
11:49:36.285 [FXGL Background Thread 1 ] DEBUG GameApplication      - Registering font factories with UI factory
11:49:36.286 [FXGL Background Thread 1 ] DEBUG AssetLoaderService   - Loading from file system: /assets/ui/fonts/VarelaRound-Regular.ttf
11:49:36.389 [FXGL Background Thread 1 ] DEBUG AssetLoaderService   - Loading from file system: /assets/ui/fonts/Abel-Regular.ttf
11:49:36.415 [FXGL Background Thread 1 ] DEBUG AssetLoaderService   - Loading from file system: /assets/ui/fonts/lucida_console.ttf
11:49:36.437 [FXGL Background Thread 1 ] DEBUG AssetLoaderService   - Loading from file system: /assets/ui/fonts/Courier-Prime.ttf
11:49:36.540 [JavaFX Application Thread] DEBUG Input                - Registered new binding: action0 - A
11:49:36.541 [JavaFX Application Thread] DEBUG Input                - Registered new binding: action1 - S
11:49:36.541 [JavaFX Application Thread] DEBUG Input                - Registered new binding: action2 - D
11:49:36.542 [JavaFX Application Thread] DEBUG Input                - Registered new binding: action3 - W
11:49:36.542 [JavaFX Application Thread] DEBUG Input                - Registered new binding: action4 - Space
11:49:36.542 [JavaFX Application Thread] DEBUG Input                - Registered new binding: action5 - Left
11:49:36.543 [JavaFX Application Thread] DEBUG Input                - Registered new binding: action6 - Down
11:49:36.543 [JavaFX Application Thread] DEBUG Input                - Registered new binding: action7 - Right
11:49:36.543 [JavaFX Application Thread] DEBUG Input                - Registered new binding: action8 - Up
11:49:36.544 [JavaFX Application Thread] DEBUG AssetLoaderService   - Loading from file system: /assets/textures/fxgl_icon.png
11:49:36.574 [JavaFX Application Thread] DEBUG AssetLoaderService   - Loading from file system: /assets/ui/cursors/fxgl_default.png
11:49:36.577 [JavaFX Application Thread] DEBUG Input                - Registered new binding: Screenshot - P
11:49:36.578 [JavaFX Application Thread] DEBUG Input                - Registered new binding: System info dump - CTRL+9
11:49:36.578 [JavaFX Application Thread] DEBUG Input                - Registered new binding: Restart - CTRL+R
11:49:36.579 [JavaFX Application Thread] DEBUG LoopRunner           - Starting loop
11:49:36.597 [JavaFX Application Thread] DEBUG FXGLStartupScene     - STARTUP
11:49:36.603 [JavaFX Application Thread] DEBUG Input                - Clearing active input actions
11:49:36.643 [JavaFX Application Thread] DEBUG WindowService        - Removing overlay from FXGLStartupScene and adding to FXGLDefaultMenu
11:49:36.643 [JavaFX Application Thread] DEBUG MainWindow           - FXGLStartupScene -> FXGLDefaultMenu
11:49:39.073 [JavaFX Application Thread] DEBUG Menu                 - fireNewGame()
11:49:39.073 [JavaFX Application Thread] DEBUG WindowService        - Starting new game
11:49:39.074 [JavaFX Application Thread] DEBUG Input                - Clearing active input actions
11:49:39.089 [JavaFX Application Thread] DEBUG WindowService        - Removing overlay from FXGLDefaultMenu and adding to FXGLLoadingScene
11:49:39.089 [JavaFX Application Thread] DEBUG MainWindow           - FXGLDefaultMenu -> FXGLLoadingScene
11:49:39.089 [JavaFX Application Thread] DEBUG WindowService        - Clearing previous game
11:49:39.089 [JavaFX Application Thread] DEBUG GameScene            - Clearing game scene
11:49:39.089 [JavaFX Application Thread] DEBUG GameWorld            - Clearing game world
11:49:39.090 [JavaFX Application Thread] DEBUG PhysicsWorld         - Clearing physics world
11:49:39.096 [FXGL Background Thread 1 ] DEBUG GameApplication      - Initializing game
11:49:39.132 [FXGL Background Thread 1 ] DEBUG AssetLoaderService   - Loading from file system: /assets/textures/road_with_patches.png
11:49:39.202 [FXGL Background Thread 1 ] DEBUG AssetLoaderService   - Loading from cache: /assets/textures/road_with_patches.png
11:49:39.203 [FXGL Background Thread 1 ] DEBUG AssetLoaderService   - Loading from file system: /assets/textures/Car_Audi_Sport_Quattro_86x145.png
11:49:39.227 [FXGL Background Thread 1 ] DEBUG AssetLoaderService   - Loading from file system: /assets/ui/moosegame_ui.fxml
11:49:39.274 [FXGL Background Thread 2 ] DEBUG Engine               - Logging environment variables
11:49:39.279 [FXGL Background Thread 2 ] DEBUG Engine               - achievements: []
11:49:39.282 [FXGL Background Thread 2 ] DEBUG Engine               - language: ObjectProperty [value: ENGLISH]
11:49:39.282 [FXGL Background Thread 2 ] DEBUG Engine               - isCloseConfirmation: false
11:49:39.282 [FXGL Background Thread 2 ] DEBUG Engine               - isProfilingEnabled: false
11:49:39.282 [FXGL Background Thread 2 ] DEBUG Engine               - soundNotification: core/notification.wav
11:49:39.282 [FXGL Background Thread 2 ] DEBUG Engine               - devShowBBoxProperty: BooleanProperty [value: false]
11:49:39.282 [FXGL Background Thread 2 ] DEBUG Engine               - pixelsPerMeter: 50.0
11:49:39.282 [FXGL Background Thread 2 ] DEBUG Engine               - appIcon: fxgl_icon.png
11:49:39.282 [FXGL Background Thread 2 ] DEBUG Engine               - soundMenuBack: menu/back.wav
11:49:39.282 [FXGL Background Thread 2 ] DEBUG Engine               - isFullScreenAllowed: false
11:49:39.282 [FXGL Background Thread 2 ] DEBUG Engine               - isIntroEnabled: false
11:49:39.283 [FXGL Background Thread 2 ] DEBUG Engine               - fontMono: lucida_console.ttf
11:49:39.283 [FXGL Background Thread 2 ] DEBUG Engine               - soundMenuSelect: menu/select.wav
11:49:39.283 [FXGL Background Thread 2 ] DEBUG Engine               - isWindows: true
11:49:39.283 [FXGL Background Thread 2 ] DEBUG Engine               - isMobile: false
11:49:39.283 [FXGL Background Thread 2 ] DEBUG Engine               - isUserProfileEnabled: false
11:49:39.283 [FXGL Background Thread 2 ] DEBUG Engine               - height: 900
11:49:39.283 [FXGL Background Thread 2 ] DEBUG Engine               - isExperimentalNative: false
11:49:39.283 [FXGL Background Thread 2 ] DEBUG Engine               - settings: Title: MooseGame
Version: 0.3
Width: 600
Height: 900
Fullscreen: false
Intro: false
Menus: true
Profiling: false
Single step:false
App Mode: DEVELOPER
Menu Key: ESCAPE
Stage Style: DECORATED
Scene Factory: class com.almasb.fxgl.app.scene.SceneFactory

11:49:39.283 [FXGL Background Thread 2 ] DEBUG Engine               - isSingleStep: false
11:49:39.283 [FXGL Background Thread 2 ] DEBUG Engine               - cSSList: [fxgl_dark.css]
11:49:39.284 [FXGL Background Thread 2 ] DEBUG Engine               - fontGame: Abel-Regular.ttf
11:49:39.284 [FXGL Background Thread 2 ] DEBUG Engine               - menuKey: ESCAPE
11:49:39.284 [FXGL Background Thread 2 ] DEBUG Engine               - devShowPositionProperty: BooleanProperty [value: false]
11:49:39.284 [FXGL Background Thread 2 ] DEBUG Engine               - versionCheckDays: 7
11:49:39.284 [FXGL Background Thread 2 ] DEBUG Engine               - configClass: Optional.empty
11:49:39.284 [FXGL Background Thread 2 ] DEBUG Engine               - isFullScreenFromStart: false
11:49:39.284 [FXGL Background Thread 2 ] DEBUG Engine               - version: 0.3
11:49:39.284 [FXGL Background Thread 2 ] DEBUG Engine               - fullScreen: BooleanProperty [value: false]
11:49:39.284 [FXGL Background Thread 2 ] DEBUG Engine               - randomSeed: -1
11:49:39.285 [FXGL Background Thread 2 ] DEBUG Engine               - gameDifficultyProperty: ObjectProperty [value: MEDIUM]
11:49:39.285 [FXGL Background Thread 2 ] DEBUG Engine               - applicationMode: DEVELOPER
11:49:39.285 [FXGL Background Thread 2 ] DEBUG Engine               - isMac: false
11:49:39.285 [FXGL Background Thread 2 ] DEBUG Engine               - isMenuEnabled: true
11:49:39.285 [FXGL Background Thread 2 ] DEBUG Engine               - urlPOM: https://raw.githubusercontent.com/AlmasB/FXGL/master/pom.xml
11:49:39.285 [FXGL Background Thread 2 ] DEBUG Engine               - profileName: StringProperty [value: DEFAULT]
11:49:39.285 [FXGL Background Thread 2 ] DEBUG Engine               - notificationViewClass: class com.almasb.fxgl.notification.view.XboxNotificationView
11:49:39.288 [FXGL Background Thread 2 ] DEBUG Engine               - devSensorColorProperty: ObjectProperty [value: 0xffff00ff]
11:49:39.288 [FXGL Background Thread 2 ] DEBUG Engine               - sceneFactory: com.almasb.fxgl.app.scene.SceneFactory@6dc8859e
11:49:39.288 [FXGL Background Thread 2 ] DEBUG Engine               - stageStyle: DECORATED
11:49:39.288 [FXGL Background Thread 2 ] DEBUG Engine               - isManualResizeEnabled: false
11:49:39.288 [FXGL Background Thread 2 ] DEBUG Engine               - title: MooseGame
11:49:39.288 [FXGL Background Thread 2 ] DEBUG Engine               - platform: WINDOWS
11:49:39.289 [FXGL Background Thread 2 ] DEBUG Engine               - devBBoxColorProperty: ObjectProperty [value: 0xff0000ff]
11:49:39.289 [FXGL Background Thread 2 ] DEBUG Engine               - gameDifficulty: MEDIUM
11:49:39.289 [FXGL Background Thread 2 ] DEBUG Engine               - isDesktop: true
11:49:39.289 [FXGL Background Thread 2 ] DEBUG Engine               - supportedLanguages: [ENGLISH, FRENCH, GERMAN, HUNGARIAN, RUSSIAN]
11:49:39.289 [FXGL Background Thread 2 ] DEBUG Engine               - credits: []
11:49:39.289 [FXGL Background Thread 2 ] DEBUG Engine               - globalMusicVolumeProperty: DoubleProperty [value: 0.5]
11:49:39.289 [FXGL Background Thread 2 ] DEBUG Engine               - isPreserveResizeRatio: false
11:49:39.290 [FXGL Background Thread 2 ] DEBUG Engine               - fontText: Courier-Prime.ttf
11:49:39.290 [FXGL Background Thread 2 ] DEBUG Engine               - isExperimentalTiledLargeMap: false
11:49:39.290 [FXGL Background Thread 2 ] DEBUG Engine               - secondsIn24h: 60
11:49:39.291 [FXGL Background Thread 2 ] DEBUG Engine               - runtimeInfo: RuntimeInfo(platform=WINDOWS, version=11.8, build=08.03.2020 09.09)
11:49:39.291 [FXGL Background Thread 2 ] DEBUG Engine               - isLinux: false
11:49:39.291 [FXGL Background Thread 2 ] DEBUG Engine               - soundMenuPress: menu/press.wav
11:49:39.291 [FXGL Background Thread 2 ] DEBUG Engine               - urlGithub: https://github.com/AlmasB/FXGL
11:49:39.291 [FXGL Background Thread 2 ] DEBUG Engine               - profileDir: profiles/
11:49:39.291 [FXGL Background Thread 2 ] DEBUG Engine               - isDeveloperMenuEnabled: false
11:49:39.291 [FXGL Background Thread 2 ] DEBUG Engine               - globalSoundVolumeProperty: DoubleProperty [value: 0.5]
11:49:39.292 [FXGL Background Thread 2 ] DEBUG Engine               - mainWindow: com.almasb.fxgl.app.MainWindow@69f71cff
11:49:39.292 [FXGL Background Thread 2 ] DEBUG Engine               - isBrowser: false
11:49:39.292 [FXGL Background Thread 2 ] DEBUG Engine               - globalSoundVolume: 0.5
11:49:39.292 [FXGL Background Thread 2 ] DEBUG Engine               - urlLeaderboard: http://fxgl-top.herokuapp.com/
11:49:39.292 [FXGL Background Thread 2 ] DEBUG Engine               - engineServices: [class com.almasb.fxgl.app.GameApplication$GameApplicationService, class com.almasb.fxgl.app.services.WindowService, class com.almasb.fxgl.app.services.FXGLDialogService, class com.almasb.fxgl.app.services.IOTaskExecutorService, class com.almasb.fxgl.event.EventBusService, class com.almasb.fxgl.io.FileSystemService, class com.almasb.fxgl.localization.LocalizationService, class com.almasb.fxgl.app.services.AssetLoaderService, class com.almasb.fxgl.app.services.SystemBundleService, class com.almasb.fxgl.profile.SaveLoadService, class com.almasb.fxgl.ui.FXGLUIFactoryServiceProvider, class com.almasb.fxgl.ui.FXGLDialogFactoryServiceProvider, class com.almasb.fxgl.audio.AudioPlayer, class com.almasb.fxgl.notification.impl.NotificationServiceProvider, class com.almasb.fxgl.achievement.AchievementService, class com.almasb.fxgl.cutscene.CutsceneService, class com.almasb.fxgl.minigames.MiniGameService, class com.almasb.fxgl.net.NetService, class com.almasb.fxgl.app.services.UpdaterService]
11:49:39.292 [FXGL Background Thread 2 ] DEBUG Engine               - globalMusicVolume: 0.5
11:49:39.292 [FXGL Background Thread 2 ] DEBUG Engine               - width: 600
11:49:39.292 [FXGL Background Thread 2 ] DEBUG Engine               - saveFileExt: sav
11:49:39.292 [FXGL Background Thread 2 ] DEBUG Engine               - isAndroid: false
11:49:39.292 [FXGL Background Thread 2 ] DEBUG Engine               - fontUI: VarelaRound-Regular.ttf
11:49:39.293 [FXGL Background Thread 2 ] DEBUG Engine               - enabledMenuItems: []
11:49:39.293 [FXGL Background Thread 2 ] DEBUG Engine               - isIOS: false
11:49:39.293 [FXGL Background Thread 2 ] DEBUG Engine               - Logging services
11:49:39.293 [FXGL Background Thread 2 ] DEBUG Engine               - class com.almasb.fxgl.app.GameApplication$GameApplicationService
11:49:39.293 [FXGL Background Thread 2 ] DEBUG Engine               - class com.almasb.fxgl.app.services.WindowService
11:49:39.293 [FXGL Background Thread 2 ] DEBUG Engine               - class com.almasb.fxgl.app.services.FXGLDialogService
11:49:39.293 [FXGL Background Thread 2 ] DEBUG Engine               - class com.almasb.fxgl.app.services.IOTaskExecutorService
11:49:39.293 [FXGL Background Thread 2 ] DEBUG Engine               - class com.almasb.fxgl.event.EventBusService
11:49:39.293 [FXGL Background Thread 2 ] DEBUG Engine               - class com.almasb.fxgl.io.FileSystemService
11:49:39.293 [FXGL Background Thread 2 ] DEBUG Engine               - class com.almasb.fxgl.localization.LocalizationService
11:49:39.294 [FXGL Background Thread 2 ] DEBUG Engine               - class com.almasb.fxgl.app.services.AssetLoaderService
11:49:39.294 [FXGL Background Thread 2 ] DEBUG Engine               - class com.almasb.fxgl.app.services.SystemBundleService
11:49:39.294 [FXGL Background Thread 2 ] DEBUG Engine               - class com.almasb.fxgl.profile.SaveLoadService
11:49:39.294 [FXGL Background Thread 2 ] DEBUG Engine               - class com.almasb.fxgl.ui.FXGLUIFactoryServiceProvider
11:49:39.294 [FXGL Background Thread 2 ] DEBUG Engine               - class com.almasb.fxgl.ui.FXGLDialogFactoryServiceProvider
11:49:39.294 [FXGL Background Thread 2 ] DEBUG Engine               - class com.almasb.fxgl.audio.AudioPlayer
11:49:39.294 [FXGL Background Thread 2 ] DEBUG Engine               - class com.almasb.fxgl.notification.impl.NotificationServiceProvider
11:49:39.294 [FXGL Background Thread 2 ] DEBUG Engine               - class com.almasb.fxgl.achievement.AchievementService
11:49:39.294 [FXGL Background Thread 2 ] DEBUG Engine               - class com.almasb.fxgl.cutscene.CutsceneService
11:49:39.295 [FXGL Background Thread 2 ] DEBUG Engine               - class com.almasb.fxgl.minigames.MiniGameService
11:49:39.295 [FXGL Background Thread 2 ] DEBUG Engine               - class com.almasb.fxgl.net.NetService
11:49:39.295 [FXGL Background Thread 2 ] DEBUG Engine               - class com.almasb.fxgl.app.services.UpdaterService
11:49:39.366 [FXGL Background Thread 1 ] INFO  GameApplication      - Game initialization took: 0.270 sec
11:49:39.367 [JavaFX Application Thread] DEBUG Input                - Clearing active input actions
11:49:39.381 [JavaFX Application Thread] DEBUG WindowService        - Removing overlay from FXGLLoadingScene and adding to GameScene
11:49:39.381 [JavaFX Application Thread] DEBUG MainWindow           - FXGLLoadingScene -> GameScene
11:49:44.031 [JavaFX Application Thread] DEBUG AssetLoaderService   - Loading from file system: /assets/textures/potHole.png
11:49:48.958 [JavaFX Application Thread] DEBUG AssetLoaderService   - Loading from cache: /assets/textures/potHole.png
11:49:48.960 [JavaFX Application Thread] DEBUG AssetLoaderService   - Loading from file system: /assets/textures/mooseWalkAnimation.png
11:49:48.977 [JavaFX Application Thread] DEBUG AssetLoaderService   - Loading from cache: /assets/textures/mooseWalkAnimation.png
11:49:53.967 [JavaFX Application Thread] DEBUG AssetLoaderService   - Loading from cache: /assets/textures/potHole.png
11:49:53.969 [JavaFX Application Thread] DEBUG AssetLoaderService   - Loading from file system: /assets/textures/gasTank.PNG
11:49:58.958 [JavaFX Application Thread] DEBUG AssetLoaderService   - Loading from cache: /assets/textures/potHole.png
11:49:58.960 [JavaFX Application Thread] DEBUG AssetLoaderService   - Loading from cache: /assets/textures/mooseWalkAnimation.png
11:49:58.961 [JavaFX Application Thread] DEBUG AssetLoaderService   - Loading from cache: /assets/textures/mooseWalkAnimation.png
11:50:03.919 [JavaFX Application Thread] DEBUG AssetLoaderService   - Loading from cache: /assets/textures/potHole.png
11:50:08.750 [JavaFX Application Thread] DEBUG AssetLoaderService   - Loading from cache: /assets/textures/gasTank.PNG
11:50:08.766 [JavaFX Application Thread] DEBUG AssetLoaderService   - Loading from cache: /assets/textures/potHole.png
11:50:08.767 [JavaFX Application Thread] DEBUG AssetLoaderService   - Loading from cache: /assets/textures/mooseWalkAnimation.png
11:50:08.769 [JavaFX Application Thread] DEBUG AssetLoaderService   - Loading from cache: /assets/textures/mooseWalkAnimation.png
11:50:13.935 [JavaFX Application Thread] DEBUG AssetLoaderService   - Loading from cache: /assets/textures/potHole.png
11:50:18.926 [JavaFX Application Thread] DEBUG AssetLoaderService   - Loading from cache: /assets/textures/potHole.png
11:50:18.927 [JavaFX Application Thread] DEBUG AssetLoaderService   - Loading from cache: /assets/textures/mooseWalkAnimation.png
11:50:18.928 [JavaFX Application Thread] DEBUG AssetLoaderService   - Loading from cache: /assets/textures/mooseWalkAnimation.png
11:50:23.839 [JavaFX Application Thread] DEBUG AssetLoaderService   - Loading from cache: /assets/textures/gasTank.PNG
11:50:23.854 [JavaFX Application Thread] DEBUG AssetLoaderService   - Loading from cache: /assets/textures/potHole.png
11:50:28.783 [JavaFX Application Thread] DEBUG AssetLoaderService   - Loading from cache: /assets/textures/potHole.png
11:50:28.784 [JavaFX Application Thread] DEBUG AssetLoaderService   - Loading from cache: /assets/textures/mooseWalkAnimation.png
11:50:28.785 [JavaFX Application Thread] DEBUG AssetLoaderService   - Loading from cache: /assets/textures/mooseWalkAnimation.png
11:50:33.791 [JavaFX Application Thread] DEBUG AssetLoaderService   - Loading from cache: /assets/textures/potHole.png
11:50:38.671 [JavaFX Application Thread] DEBUG AssetLoaderService   - Loading from cache: /assets/textures/gasTank.PNG
11:50:38.703 [JavaFX Application Thread] DEBUG AssetLoaderService   - Loading from cache: /assets/textures/potHole.png
11:50:38.704 [JavaFX Application Thread] DEBUG AssetLoaderService   - Loading from cache: /assets/textures/mooseWalkAnimation.png
11:50:38.705 [JavaFX Application Thread] DEBUG AssetLoaderService   - Loading from cache: /assets/textures/mooseWalkAnimation.png
11:50:43.664 [JavaFX Application Thread] DEBUG AssetLoaderService   - Loading from cache: /assets/textures/potHole.png
11:50:48.624 [JavaFX Application Thread] DEBUG AssetLoaderService   - Loading from cache: /assets/textures/potHole.png
11:50:48.624 [JavaFX Application Thread] DEBUG AssetLoaderService   - Loading from cache: /assets/textures/mooseWalkAnimation.png
11:50:48.625 [JavaFX Application Thread] DEBUG AssetLoaderService   - Loading from cache: /assets/textures/mooseWalkAnimation.png
11:50:50.402 [JavaFX Application Thread] DEBUG MainWindow           - Push state: DialogSubScene
11:50:50.402 [JavaFX Application Thread] DEBUG Input                - Clearing active input actions
11:50:50.406 [JavaFX Application Thread] DEBUG WindowService        - Removing overlay from GameScene and adding to DialogSubScene
11:50:50.406 [JavaFX Application Thread] DEBUG MainWindow           - GameScene -> DialogSubScene
11:50:53.709 [JavaFX Application Thread] DEBUG MainWindow           - Pop state: DialogSubScene
11:50:53.709 [JavaFX Application Thread] DEBUG Input                - Clearing active input actions
11:50:53.711 [JavaFX Application Thread] DEBUG WindowService        - Removing overlay from DialogSubScene and adding to GameScene
11:50:53.711 [JavaFX Application Thread] DEBUG MainWindow           - GameScene <- DialogSubScene
11:50:53.711 [JavaFX Application Thread] DEBUG GameApplication      - Exiting FXGL
11:50:53.711 [JavaFX Application Thread] DEBUG LoopRunner           - Stopping loop
11:50:53.711 [JavaFX Application Thread] DEBUG SystemBundleService  - Saving FXGL system data
11:50:53.713 [JavaFX Application Thread] DEBUG FileSystemAccess     - Writing to: C:\Users\User\Documents\GitHub\JavaMooseGame\system\fxgl.bundle
11:50:53.716 [JavaFX Application Thread] DEBUG GameApplication      - Shutting down background threads
11:50:53.716 [JavaFX Application Thread] DEBUG GameApplication      - Closing logger and exiting JavaFX
