11:48:41.979 [main                     ] DEBUG GameApplication      - Logger initialized
11:48:41.987 [main                     ] DEBUG GameApplication      - Logging settings
Title: MooseGame
Version: 0.3
Width: 600
Height: 900
Fullscreen: false
Intro: false
Menus: true
Profiling: false
Single step:false
App Mode: DEVELOPER
Menu Key: ESCAPE
Stage Style: DECORATED
Scene Factory: class com.almasb.fxgl.app.scene.SceneFactory

11:48:42.714 [JavaFX Application Thread] DEBUG GameApplication      - Initializing FXGL
11:48:42.727 [JavaFX Application Thread] INFO  Engine               - FXGL-11.8 (08.03.2020 09.09) on WINDOWS (J:14.0.1 FX:13.0.2)
11:48:42.728 [JavaFX Application Thread] INFO  Engine               - Source code and latest versions at: https://github.com/AlmasB/FXGL
11:48:42.728 [JavaFX Application Thread] INFO  Engine               -              Join the FXGL chat at: https://gitter.im/AlmasB/FXGL
11:48:43.020 [JavaFX Application Thread] DEBUG MainWindow           - Creating a JavaFX scene
11:48:43.020 [JavaFX Application Thread] DEBUG MainWindow           - Target size > screen size
11:48:43.162 [JavaFX Application Thread] DEBUG MainWindow           - Target settings size: 600.0 x 900.0
11:48:43.162 [JavaFX Application Thread] DEBUG MainWindow           - Scaled scene size:    548.0 x 859.0
11:48:43.163 [JavaFX Application Thread] DEBUG MainWindow           - Scaled ratio: (0.9133333333333333, 0.9544444444444444)
11:48:43.165 [JavaFX Application Thread] DEBUG MainWindow           - Set initial scene to FXGLStartupScene
11:48:43.176 [JavaFX Application Thread] DEBUG MainWindow           - Opening main window
11:48:43.346 [JavaFX Application Thread] DEBUG MainWindow           - Window border size: (16.0, 39.0)
11:48:43.347 [JavaFX Application Thread] DEBUG MainWindow           - Scaled size: 548.0 x 859.0
11:48:43.347 [JavaFX Application Thread] DEBUG MainWindow           - Scaled ratio: (0.9133333333333333, 0.9544444444444444)
11:48:43.347 [JavaFX Application Thread] DEBUG MainWindow           - Scene size: 548.0 x 859.0
11:48:43.347 [JavaFX Application Thread] DEBUG MainWindow           - Stage size: 564.0 x 898.0
11:48:43.382 [FXGL Background Thread 1 ] DEBUG Engine               - Initializing environment variables
11:48:43.435 [FXGL Background Thread 1 ] DEBUG WindowService        - Applying CSS: fxgl_dark.css
11:48:43.436 [FXGL Background Thread 1 ] DEBUG AssetLoaderService   - Loading from file system: /assets/ui/css/fxgl_dark.css
11:48:43.522 [FXGL Background Thread 1 ] DEBUG WindowService        - Initializing application scenes
11:48:43.831 [FXGL Background Thread 1 ] DEBUG GameWorld            - Game world initialized
11:48:43.895 [FXGL Background Thread 1 ] DEBUG PhysicsWorld         - Physics world initialized: appHeight=900, physics.ppm=50.0
11:48:43.899 [FXGL Background Thread 1 ] DEBUG GameScene            - Game scene initialized: 600x900
11:48:43.943 [FXGL Background Thread 1 ] DEBUG AssetLoaderService   - Loading from file system: /assets/textures/particles/trace_horizontal.png
11:48:44.040 [FXGL Background Thread 1 ] WARN  FXGL.DefaultMenu     - FXGLDefaultMenu is not designed for resolutions < 800x600
11:48:44.041 [FXGL Background Thread 1 ] DEBUG FXGL.DefaultMenu     - createMenuBodyMainMenu()
11:48:44.067 [FXGL Background Thread 1 ] DEBUG FXGL.DefaultMenu     - createOptionsMenu()
11:48:44.074 [FXGL Background Thread 1 ] DEBUG AssetLoaderService   - Loading from file system: /assets/textures/particles/smoke.png
11:48:44.193 [FXGL Background Thread 1 ] DEBUG AssetLoaderService   - Loading from cache: /assets/textures/particles/trace_horizontal.png@64.0x64.0
11:48:44.194 [FXGL Background Thread 1 ] WARN  FXGL.DefaultMenu     - FXGLDefaultMenu is not designed for resolutions < 800x600
11:48:44.194 [FXGL Background Thread 1 ] DEBUG FXGL.DefaultMenu     - createMenuBodyGameMenu()
11:48:44.197 [FXGL Background Thread 1 ] DEBUG FXGL.DefaultMenu     - createOptionsMenu()
11:48:44.201 [FXGL Background Thread 1 ] DEBUG AssetLoaderService   - Loading from cache: /assets/textures/particles/smoke.png@128.0x128.0
11:48:44.220 [FXGL Background Thread 1 ] DEBUG WindowService        - Application scenes initialized
11:48:44.233 [FXGL Background Thread 1 ] DEBUG SystemBundleService  - Loading FXGL system data
11:48:44.264 [FXGL Background Thread 1 ] DEBUG FileSystemAccess     - Reading from: C:\Users\User\Documents\GitHub\JavaMooseGame\system\fxgl.bundle
11:48:44.273 [FXGL Background Thread 1 ] DEBUG SystemBundleService  - Bundle FXGL: {}
11:48:44.274 [FXGL Background Thread 1 ] INFO  Engine               - FXGL initialization took: 0.878 sec
11:48:44.276 [FXGL Background Thread 1 ] DEBUG GameApplication      - Loading localizations
11:48:44.278 [FXGL Background Thread 1 ] DEBUG AssetLoaderService   - Loading from file system: /assets/properties/languages/english.properties
11:48:44.280 [FXGL Background Thread 1 ] DEBUG AssetLoaderService   - Loading from file system: /assets/properties/languages/french.properties
11:48:44.282 [FXGL Background Thread 1 ] DEBUG AssetLoaderService   - Loading from file system: /assets/properties/languages/german.properties
11:48:44.284 [FXGL Background Thread 1 ] DEBUG AssetLoaderService   - Loading from file system: /assets/properties/languages/hungarian.properties
11:48:44.286 [FXGL Background Thread 1 ] DEBUG AssetLoaderService   - Loading from file system: /assets/properties/languages/russian.properties
11:48:44.290 [FXGL Background Thread 1 ] DEBUG GameApplication      - Registering font factories with UI factory
11:48:44.291 [FXGL Background Thread 1 ] DEBUG AssetLoaderService   - Loading from file system: /assets/ui/fonts/VarelaRound-Regular.ttf
11:48:44.388 [FXGL Background Thread 1 ] DEBUG AssetLoaderService   - Loading from file system: /assets/ui/fonts/Abel-Regular.ttf
11:48:44.402 [FXGL Background Thread 1 ] DEBUG AssetLoaderService   - Loading from file system: /assets/ui/fonts/lucida_console.ttf
11:48:44.418 [FXGL Background Thread 1 ] DEBUG AssetLoaderService   - Loading from file system: /assets/ui/fonts/Courier-Prime.ttf
11:48:44.447 [JavaFX Application Thread] DEBUG Input                - Registered new binding: action0 - A
11:48:44.447 [JavaFX Application Thread] DEBUG Input                - Registered new binding: action1 - S
11:48:44.448 [JavaFX Application Thread] DEBUG Input                - Registered new binding: action2 - D
11:48:44.448 [JavaFX Application Thread] DEBUG Input                - Registered new binding: action3 - W
11:48:44.449 [JavaFX Application Thread] DEBUG Input                - Registered new binding: action4 - Space
11:48:44.451 [JavaFX Application Thread] DEBUG Input                - Registered new binding: action5 - Left
11:48:44.451 [JavaFX Application Thread] DEBUG Input                - Registered new binding: action6 - Down
11:48:44.452 [JavaFX Application Thread] DEBUG Input                - Registered new binding: action7 - Right
11:48:44.452 [JavaFX Application Thread] DEBUG Input                - Registered new binding: action8 - Up
11:48:44.453 [JavaFX Application Thread] DEBUG AssetLoaderService   - Loading from file system: /assets/textures/fxgl_icon.png
11:48:44.495 [JavaFX Application Thread] DEBUG AssetLoaderService   - Loading from file system: /assets/ui/cursors/fxgl_default.png
11:48:44.498 [JavaFX Application Thread] DEBUG Input                - Registered new binding: Screenshot - P
11:48:44.499 [JavaFX Application Thread] DEBUG Input                - Registered new binding: System info dump - CTRL+9
11:48:44.499 [JavaFX Application Thread] DEBUG Input                - Registered new binding: Restart - CTRL+R
11:48:44.501 [JavaFX Application Thread] DEBUG LoopRunner           - Starting loop
11:48:44.521 [JavaFX Application Thread] DEBUG FXGLStartupScene     - STARTUP
11:48:44.527 [JavaFX Application Thread] DEBUG Input                - Clearing active input actions
11:48:44.560 [JavaFX Application Thread] DEBUG WindowService        - Removing overlay from FXGLStartupScene and adding to FXGLDefaultMenu
11:48:44.565 [JavaFX Application Thread] DEBUG MainWindow           - FXGLStartupScene -> FXGLDefaultMenu
11:48:46.939 [JavaFX Application Thread] DEBUG Menu                 - fireNewGame()
11:48:46.939 [JavaFX Application Thread] DEBUG WindowService        - Starting new game
11:48:46.939 [JavaFX Application Thread] DEBUG Input                - Clearing active input actions
11:48:46.967 [JavaFX Application Thread] DEBUG WindowService        - Removing overlay from FXGLDefaultMenu and adding to FXGLLoadingScene
11:48:46.967 [JavaFX Application Thread] DEBUG MainWindow           - FXGLDefaultMenu -> FXGLLoadingScene
11:48:46.968 [JavaFX Application Thread] DEBUG WindowService        - Clearing previous game
11:48:46.968 [JavaFX Application Thread] DEBUG GameScene            - Clearing game scene
11:48:46.968 [JavaFX Application Thread] DEBUG GameWorld            - Clearing game world
11:48:46.968 [JavaFX Application Thread] DEBUG PhysicsWorld         - Clearing physics world
11:48:46.973 [FXGL Background Thread 1 ] DEBUG GameApplication      - Initializing game
11:48:46.991 [FXGL Background Thread 1 ] DEBUG AssetLoaderService   - Loading from file system: /assets/textures/road_with_patches.png
11:48:47.052 [FXGL Background Thread 1 ] DEBUG AssetLoaderService   - Loading from cache: /assets/textures/road_with_patches.png
11:48:47.054 [FXGL Background Thread 1 ] DEBUG AssetLoaderService   - Loading from file system: /assets/textures/Car_Audi_Sport_Quattro_86x145.png
11:48:47.132 [FXGL Background Thread 1 ] DEBUG AssetLoaderService   - Loading from file system: /assets/ui/moosegame_ui.fxml
11:48:47.275 [FXGL Background Thread 2 ] DEBUG Engine               - Logging environment variables
11:48:47.298 [FXGL Background Thread 1 ] INFO  GameApplication      - Game initialization took: 0.325 sec
11:48:47.291 [FXGL Background Thread 2 ] DEBUG Engine               - achievements: []
11:48:47.298 [FXGL Background Thread 2 ] DEBUG Engine               - language: ObjectProperty [value: ENGLISH]
11:48:47.298 [FXGL Background Thread 2 ] DEBUG Engine               - isCloseConfirmation: false
11:48:47.298 [FXGL Background Thread 2 ] DEBUG Engine               - isProfilingEnabled: false
11:48:47.298 [FXGL Background Thread 2 ] DEBUG Engine               - soundNotification: core/notification.wav
11:48:47.298 [FXGL Background Thread 2 ] DEBUG Engine               - devShowBBoxProperty: BooleanProperty [value: false]
11:48:47.298 [FXGL Background Thread 2 ] DEBUG Engine               - pixelsPerMeter: 50.0
11:48:47.299 [FXGL Background Thread 2 ] DEBUG Engine               - appIcon: fxgl_icon.png
11:48:47.299 [FXGL Background Thread 2 ] DEBUG Engine               - soundMenuBack: menu/back.wav
11:48:47.299 [FXGL Background Thread 2 ] DEBUG Engine               - isFullScreenAllowed: false
11:48:47.299 [FXGL Background Thread 2 ] DEBUG Engine               - isIntroEnabled: false
11:48:47.299 [FXGL Background Thread 2 ] DEBUG Engine               - fontMono: lucida_console.ttf
11:48:47.299 [FXGL Background Thread 2 ] DEBUG Engine               - soundMenuSelect: menu/select.wav
11:48:47.299 [FXGL Background Thread 2 ] DEBUG Engine               - isWindows: true
11:48:47.299 [FXGL Background Thread 2 ] DEBUG Engine               - isMobile: false
11:48:47.300 [FXGL Background Thread 2 ] DEBUG Engine               - isUserProfileEnabled: false
11:48:47.300 [FXGL Background Thread 2 ] DEBUG Engine               - height: 900
11:48:47.300 [FXGL Background Thread 2 ] DEBUG Engine               - isExperimentalNative: false
11:48:47.300 [FXGL Background Thread 2 ] DEBUG Engine               - settings: Title: MooseGame
Version: 0.3
Width: 600
Height: 900
Fullscreen: false
Intro: false
Menus: true
Profiling: false
Single step:false
App Mode: DEVELOPER
Menu Key: ESCAPE
Stage Style: DECORATED
Scene Factory: class com.almasb.fxgl.app.scene.SceneFactory

11:48:47.301 [FXGL Background Thread 2 ] DEBUG Engine               - isSingleStep: false
11:48:47.301 [FXGL Background Thread 2 ] DEBUG Engine               - cSSList: [fxgl_dark.css]
11:48:47.301 [FXGL Background Thread 2 ] DEBUG Engine               - fontGame: Abel-Regular.ttf
11:48:47.301 [FXGL Background Thread 2 ] DEBUG Engine               - menuKey: ESCAPE
11:48:47.301 [FXGL Background Thread 2 ] DEBUG Engine               - devShowPositionProperty: BooleanProperty [value: false]
11:48:47.301 [FXGL Background Thread 2 ] DEBUG Engine               - versionCheckDays: 7
11:48:47.301 [FXGL Background Thread 2 ] DEBUG Engine               - configClass: Optional.empty
11:48:47.301 [FXGL Background Thread 2 ] DEBUG Engine               - isFullScreenFromStart: false
11:48:47.301 [FXGL Background Thread 2 ] DEBUG Engine               - version: 0.3
11:48:47.301 [FXGL Background Thread 2 ] DEBUG Engine               - fullScreen: BooleanProperty [value: false]
11:48:47.301 [FXGL Background Thread 2 ] DEBUG Engine               - randomSeed: -1
11:48:47.301 [FXGL Background Thread 2 ] DEBUG Engine               - gameDifficultyProperty: ObjectProperty [value: MEDIUM]
11:48:47.302 [FXGL Background Thread 2 ] DEBUG Engine               - applicationMode: DEVELOPER
11:48:47.302 [FXGL Background Thread 2 ] DEBUG Engine               - isMac: false
11:48:47.302 [FXGL Background Thread 2 ] DEBUG Engine               - isMenuEnabled: true
11:48:47.302 [FXGL Background Thread 2 ] DEBUG Engine               - urlPOM: https://raw.githubusercontent.com/AlmasB/FXGL/master/pom.xml
11:48:47.302 [FXGL Background Thread 2 ] DEBUG Engine               - profileName: StringProperty [value: DEFAULT]
11:48:47.302 [FXGL Background Thread 2 ] DEBUG Engine               - notificationViewClass: class com.almasb.fxgl.notification.view.XboxNotificationView
11:48:47.302 [FXGL Background Thread 2 ] DEBUG Engine               - devSensorColorProperty: ObjectProperty [value: 0xffff00ff]
11:48:47.302 [FXGL Background Thread 2 ] DEBUG Engine               - sceneFactory: com.almasb.fxgl.app.scene.SceneFactory@5bd4b55a
11:48:47.302 [FXGL Background Thread 2 ] DEBUG Engine               - stageStyle: DECORATED
11:48:47.302 [FXGL Background Thread 2 ] DEBUG Engine               - isManualResizeEnabled: false
11:48:47.303 [FXGL Background Thread 2 ] DEBUG Engine               - title: MooseGame
11:48:47.303 [FXGL Background Thread 2 ] DEBUG Engine               - platform: WINDOWS
11:48:47.303 [FXGL Background Thread 2 ] DEBUG Engine               - devBBoxColorProperty: ObjectProperty [value: 0xff0000ff]
11:48:47.303 [FXGL Background Thread 2 ] DEBUG Engine               - gameDifficulty: MEDIUM
11:48:47.303 [FXGL Background Thread 2 ] DEBUG Engine               - isDesktop: true
11:48:47.303 [FXGL Background Thread 2 ] DEBUG Engine               - supportedLanguages: [ENGLISH, FRENCH, GERMAN, HUNGARIAN, RUSSIAN]
11:48:47.303 [FXGL Background Thread 2 ] DEBUG Engine               - credits: []
11:48:47.303 [FXGL Background Thread 2 ] DEBUG Engine               - globalMusicVolumeProperty: DoubleProperty [value: 0.5]
11:48:47.303 [FXGL Background Thread 2 ] DEBUG Engine               - isPreserveResizeRatio: false
11:48:47.303 [FXGL Background Thread 2 ] DEBUG Engine               - fontText: Courier-Prime.ttf
11:48:47.303 [FXGL Background Thread 2 ] DEBUG Engine               - isExperimentalTiledLargeMap: false
11:48:47.303 [FXGL Background Thread 2 ] DEBUG Engine               - secondsIn24h: 60
11:48:47.304 [FXGL Background Thread 2 ] DEBUG Engine               - runtimeInfo: RuntimeInfo(platform=WINDOWS, version=11.8, build=08.03.2020 09.09)
11:48:47.304 [FXGL Background Thread 2 ] DEBUG Engine               - isLinux: false
11:48:47.304 [FXGL Background Thread 2 ] DEBUG Engine               - soundMenuPress: menu/press.wav
11:48:47.306 [FXGL Background Thread 2 ] DEBUG Engine               - urlGithub: https://github.com/AlmasB/FXGL
11:48:47.306 [FXGL Background Thread 2 ] DEBUG Engine               - profileDir: profiles/
11:48:47.306 [FXGL Background Thread 2 ] DEBUG Engine               - isDeveloperMenuEnabled: false
11:48:47.306 [FXGL Background Thread 2 ] DEBUG Engine               - globalSoundVolumeProperty: DoubleProperty [value: 0.5]
11:48:47.306 [FXGL Background Thread 2 ] DEBUG Engine               - mainWindow: com.almasb.fxgl.app.MainWindow@5feb2af8
11:48:47.306 [FXGL Background Thread 2 ] DEBUG Engine               - isBrowser: false
11:48:47.306 [FXGL Background Thread 2 ] DEBUG Engine               - globalSoundVolume: 0.5
11:48:47.306 [FXGL Background Thread 2 ] DEBUG Engine               - urlLeaderboard: http://fxgl-top.herokuapp.com/
11:48:47.307 [FXGL Background Thread 2 ] DEBUG Engine               - engineServices: [class com.almasb.fxgl.app.GameApplication$GameApplicationService, class com.almasb.fxgl.app.services.WindowService, class com.almasb.fxgl.app.services.FXGLDialogService, class com.almasb.fxgl.app.services.IOTaskExecutorService, class com.almasb.fxgl.event.EventBusService, class com.almasb.fxgl.io.FileSystemService, class com.almasb.fxgl.localization.LocalizationService, class com.almasb.fxgl.app.services.AssetLoaderService, class com.almasb.fxgl.app.services.SystemBundleService, class com.almasb.fxgl.profile.SaveLoadService, class com.almasb.fxgl.ui.FXGLUIFactoryServiceProvider, class com.almasb.fxgl.ui.FXGLDialogFactoryServiceProvider, class com.almasb.fxgl.audio.AudioPlayer, class com.almasb.fxgl.notification.impl.NotificationServiceProvider, class com.almasb.fxgl.achievement.AchievementService, class com.almasb.fxgl.cutscene.CutsceneService, class com.almasb.fxgl.minigames.MiniGameService, class com.almasb.fxgl.net.NetService, class com.almasb.fxgl.app.services.UpdaterService]
11:48:47.307 [FXGL Background Thread 2 ] DEBUG Engine               - globalMusicVolume: 0.5
11:48:47.309 [FXGL Background Thread 2 ] DEBUG Engine               - width: 600
11:48:47.309 [FXGL Background Thread 2 ] DEBUG Engine               - saveFileExt: sav
11:48:47.309 [FXGL Background Thread 2 ] DEBUG Engine               - isAndroid: false
11:48:47.309 [FXGL Background Thread 2 ] DEBUG Engine               - fontUI: VarelaRound-Regular.ttf
11:48:47.309 [FXGL Background Thread 2 ] DEBUG Engine               - enabledMenuItems: []
11:48:47.310 [FXGL Background Thread 2 ] DEBUG Engine               - isIOS: false
11:48:47.310 [FXGL Background Thread 2 ] DEBUG Engine               - Logging services
11:48:47.311 [JavaFX Application Thread] DEBUG Input                - Clearing active input actions
11:48:47.311 [FXGL Background Thread 2 ] DEBUG Engine               - class com.almasb.fxgl.app.GameApplication$GameApplicationService
11:48:47.311 [FXGL Background Thread 2 ] DEBUG Engine               - class com.almasb.fxgl.app.services.WindowService
11:48:47.311 [FXGL Background Thread 2 ] DEBUG Engine               - class com.almasb.fxgl.app.services.FXGLDialogService
11:48:47.311 [FXGL Background Thread 2 ] DEBUG Engine               - class com.almasb.fxgl.app.services.IOTaskExecutorService
11:48:47.311 [FXGL Background Thread 2 ] DEBUG Engine               - class com.almasb.fxgl.event.EventBusService
11:48:47.311 [FXGL Background Thread 2 ] DEBUG Engine               - class com.almasb.fxgl.io.FileSystemService
11:48:47.312 [FXGL Background Thread 2 ] DEBUG Engine               - class com.almasb.fxgl.localization.LocalizationService
11:48:47.312 [FXGL Background Thread 2 ] DEBUG Engine               - class com.almasb.fxgl.app.services.AssetLoaderService
11:48:47.312 [FXGL Background Thread 2 ] DEBUG Engine               - class com.almasb.fxgl.app.services.SystemBundleService
11:48:47.312 [FXGL Background Thread 2 ] DEBUG Engine               - class com.almasb.fxgl.profile.SaveLoadService
11:48:47.312 [FXGL Background Thread 2 ] DEBUG Engine               - class com.almasb.fxgl.ui.FXGLUIFactoryServiceProvider
11:48:47.312 [FXGL Background Thread 2 ] DEBUG Engine               - class com.almasb.fxgl.ui.FXGLDialogFactoryServiceProvider
11:48:47.312 [FXGL Background Thread 2 ] DEBUG Engine               - class com.almasb.fxgl.audio.AudioPlayer
11:48:47.312 [FXGL Background Thread 2 ] DEBUG Engine               - class com.almasb.fxgl.notification.impl.NotificationServiceProvider
11:48:47.312 [FXGL Background Thread 2 ] DEBUG Engine               - class com.almasb.fxgl.achievement.AchievementService
11:48:47.313 [FXGL Background Thread 2 ] DEBUG Engine               - class com.almasb.fxgl.cutscene.CutsceneService
11:48:47.313 [FXGL Background Thread 2 ] DEBUG Engine               - class com.almasb.fxgl.minigames.MiniGameService
11:48:47.313 [FXGL Background Thread 2 ] DEBUG Engine               - class com.almasb.fxgl.net.NetService
11:48:47.313 [FXGL Background Thread 2 ] DEBUG Engine               - class com.almasb.fxgl.app.services.UpdaterService
11:48:47.323 [JavaFX Application Thread] DEBUG WindowService        - Removing overlay from FXGLLoadingScene and adding to GameScene
11:48:47.323 [JavaFX Application Thread] DEBUG MainWindow           - FXGLLoadingScene -> GameScene
11:48:52.066 [JavaFX Application Thread] DEBUG AssetLoaderService   - Loading from file system: /assets/textures/potHole.png
11:48:56.898 [JavaFX Application Thread] DEBUG AssetLoaderService   - Loading from file system: /assets/textures/mooseWalkAnimation.png
11:48:56.916 [JavaFX Application Thread] DEBUG AssetLoaderService   - Loading from cache: /assets/textures/mooseWalkAnimation.png
11:48:56.930 [JavaFX Application Thread] DEBUG AssetLoaderService   - Loading from cache: /assets/textures/potHole.png
11:49:01.779 [JavaFX Application Thread] DEBUG AssetLoaderService   - Loading from file system: /assets/textures/gasTank.PNG
11:49:01.826 [JavaFX Application Thread] DEBUG AssetLoaderService   - Loading from cache: /assets/textures/potHole.png
11:49:06.786 [JavaFX Application Thread] DEBUG AssetLoaderService   - Loading from cache: /assets/textures/mooseWalkAnimation.png
11:49:06.787 [JavaFX Application Thread] DEBUG AssetLoaderService   - Loading from cache: /assets/textures/mooseWalkAnimation.png
11:49:06.835 [JavaFX Application Thread] DEBUG AssetLoaderService   - Loading from cache: /assets/textures/potHole.png
11:49:11.778 [JavaFX Application Thread] DEBUG AssetLoaderService   - Loading from cache: /assets/textures/potHole.png
11:49:16.690 [JavaFX Application Thread] DEBUG AssetLoaderService   - Loading from cache: /assets/textures/mooseWalkAnimation.png
11:49:16.691 [JavaFX Application Thread] DEBUG AssetLoaderService   - Loading from cache: /assets/textures/mooseWalkAnimation.png
11:49:16.692 [JavaFX Application Thread] DEBUG AssetLoaderService   - Loading from cache: /assets/textures/gasTank.PNG
11:49:16.754 [JavaFX Application Thread] DEBUG AssetLoaderService   - Loading from cache: /assets/textures/potHole.png
11:49:19.798 [JavaFX Application Thread] DEBUG MainWindow           - Push state: DialogSubScene
11:49:19.798 [JavaFX Application Thread] DEBUG Input                - Clearing active input actions
11:49:19.803 [JavaFX Application Thread] DEBUG WindowService        - Removing overlay from GameScene and adding to DialogSubScene
11:49:19.803 [JavaFX Application Thread] DEBUG MainWindow           - GameScene -> DialogSubScene
11:49:21.375 [JavaFX Application Thread] DEBUG MainWindow           - Pop state: DialogSubScene
11:49:21.376 [JavaFX Application Thread] DEBUG Input                - Clearing active input actions
11:49:21.377 [JavaFX Application Thread] DEBUG WindowService        - Removing overlay from DialogSubScene and adding to GameScene
11:49:21.377 [JavaFX Application Thread] DEBUG MainWindow           - GameScene <- DialogSubScene
11:49:21.377 [JavaFX Application Thread] DEBUG GameApplication      - Exiting FXGL
11:49:21.377 [JavaFX Application Thread] DEBUG LoopRunner           - Stopping loop
11:49:21.377 [JavaFX Application Thread] DEBUG SystemBundleService  - Saving FXGL system data
11:49:21.380 [JavaFX Application Thread] DEBUG FileSystemAccess     - Writing to: C:\Users\User\Documents\GitHub\JavaMooseGame\system\fxgl.bundle
11:49:21.382 [JavaFX Application Thread] DEBUG GameApplication      - Shutting down background threads
11:49:21.383 [JavaFX Application Thread] DEBUG GameApplication      - Closing logger and exiting JavaFX
