18:26:08.635 [main                     ] DEBUG GameApplication      - Logger initialized
18:26:08.639 [main                     ] DEBUG GameApplication      - Logging settings
Title: MooseGame
Version: 0.3
Width: 600
Height: 900
Fullscreen: false
Intro: false
Menus: true
Profiling: false
Single step:false
App Mode: DEVELOPER
Menu Key: ESCAPE
Stage Style: DECORATED
Scene Factory: class MooseGameApp$1

18:26:08.959 [JavaFX Application Thread] DEBUG GameApplication      - Initializing FXGL
18:26:08.969 [JavaFX Application Thread] INFO  Engine               - FXGL-11.8 (08.03.2020 09.09) on WINDOWS (J:14.0.1 FX:13.0.2)
18:26:08.970 [JavaFX Application Thread] INFO  Engine               - Source code and latest versions at: https://github.com/AlmasB/FXGL
18:26:08.970 [JavaFX Application Thread] INFO  Engine               -              Join the FXGL chat at: https://gitter.im/AlmasB/FXGL
18:26:09.065 [JavaFX Application Thread] DEBUG MainWindow           - Creating a JavaFX scene
18:26:09.104 [JavaFX Application Thread] DEBUG MainWindow           - Target settings size: 600.0 x 900.0
18:26:09.104 [JavaFX Application Thread] DEBUG MainWindow           - Scaled scene size:    600.0 x 900.0
18:26:09.104 [JavaFX Application Thread] DEBUG MainWindow           - Scaled ratio: (1.0, 1.0)
18:26:09.105 [JavaFX Application Thread] DEBUG MainWindow           - Set initial scene to FXGLStartupScene
18:26:09.110 [JavaFX Application Thread] DEBUG MainWindow           - Opening main window
18:26:09.190 [JavaFX Application Thread] DEBUG MainWindow           - Window border size: (16.0, 39.0)
18:26:09.190 [JavaFX Application Thread] DEBUG MainWindow           - Scaled size: 600.0 x 900.0
18:26:09.190 [JavaFX Application Thread] DEBUG MainWindow           - Scaled ratio: (1.0, 1.0)
18:26:09.190 [JavaFX Application Thread] DEBUG MainWindow           - Scene size: 600.0 x 900.0
18:26:09.190 [JavaFX Application Thread] DEBUG MainWindow           - Stage size: 616.0 x 939.0
18:26:09.198 [FXGL Background Thread 1 ] DEBUG Engine               - Initializing environment variables
18:26:09.223 [FXGL Background Thread 1 ] DEBUG WindowService        - Applying CSS: fxgl_dark.css
18:26:09.224 [FXGL Background Thread 1 ] DEBUG AssetLoaderService   - Loading from file system: /assets/ui/css/fxgl_dark.css
18:26:09.258 [FXGL Background Thread 1 ] DEBUG WindowService        - Initializing application scenes
18:26:09.284 [FXGL Background Thread 1 ] DEBUG GameWorld            - Game world initialized
18:26:09.313 [FXGL Background Thread 1 ] DEBUG PhysicsWorld         - Physics world initialized: appHeight=900, physics.ppm=50.0
18:26:09.315 [FXGL Background Thread 1 ] DEBUG GameScene            - Game scene initialized: 600x900
18:26:09.321 [FXGL Background Thread 1 ] DEBUG AssetLoaderService   - Loading from file system: /assets/textures/Roadway.png
18:26:09.382 [FXGL Background Thread 1 ] DEBUG AssetLoaderService   - Loading from file system: /assets/sounds/selection.mp3
18:26:09.449 [FXGL Background Thread 1 ] DEBUG AssetLoaderService   - Loading from cache: /assets/sounds/selection.mp3
18:26:09.449 [FXGL Background Thread 1 ] DEBUG AssetLoaderService   - Loading from cache: /assets/sounds/selection.mp3
18:26:09.450 [FXGL Background Thread 1 ] DEBUG AssetLoaderService   - Loading from cache: /assets/sounds/selection.mp3
18:26:09.450 [FXGL Background Thread 1 ] DEBUG AssetLoaderService   - Loading from cache: /assets/sounds/selection.mp3
18:26:09.474 [FXGL Background Thread 1 ] DEBUG AssetLoaderService   - Loading from file system: /assets/music/Poisoncut_-_MenuMusic.mp3
18:26:09.532 [FXGL Background Thread 1 ] DEBUG AudioPlayer          - Playing music com.almasb.fxgl.audio.Music@f676eff
18:26:09.549 [FXGL Background Thread 1 ] DEBUG AssetLoaderService   - Loading from file system: /assets/textures/particles/trace_horizontal.png
18:26:09.575 [FXGL Background Thread 1 ] WARN  FXGL.DefaultMenu     - FXGLDefaultMenu is not designed for resolutions < 800x600
18:26:09.576 [FXGL Background Thread 1 ] DEBUG FXGL.DefaultMenu     - createMenuBodyGameMenu()
18:26:09.583 [FXGL Background Thread 1 ] DEBUG FXGL.DefaultMenu     - createOptionsMenu()
18:26:09.586 [FXGL Background Thread 1 ] DEBUG AssetLoaderService   - Loading from file system: /assets/textures/particles/smoke.png
18:26:09.624 [FXGL Background Thread 1 ] DEBUG WindowService        - Application scenes initialized
18:26:09.629 [FXGL Background Thread 1 ] DEBUG SystemBundleService  - Loading FXGL system data
18:26:09.632 [FXGL Background Thread 1 ] DEBUG FileSystemAccess     - Reading from: C:\Users\micha\Desktop\JavaMooseGame\system\fxgl.bundle
18:26:09.636 [FXGL Background Thread 1 ] DEBUG SystemBundleService  - Bundle FXGL: {}
18:26:09.637 [FXGL Background Thread 1 ] INFO  Engine               - FXGL initialization took: 0.437 sec
18:26:09.638 [FXGL Background Thread 1 ] DEBUG GameApplication      - Loading localizations
18:26:09.638 [FXGL Background Thread 1 ] DEBUG AssetLoaderService   - Loading from file system: /assets/properties/languages/english.properties
18:26:09.639 [FXGL Background Thread 1 ] DEBUG AssetLoaderService   - Loading from file system: /assets/properties/languages/french.properties
18:26:09.640 [FXGL Background Thread 1 ] DEBUG AssetLoaderService   - Loading from file system: /assets/properties/languages/german.properties
18:26:09.641 [FXGL Background Thread 1 ] DEBUG AssetLoaderService   - Loading from file system: /assets/properties/languages/hungarian.properties
18:26:09.641 [FXGL Background Thread 1 ] DEBUG AssetLoaderService   - Loading from file system: /assets/properties/languages/russian.properties
18:26:09.643 [FXGL Background Thread 1 ] DEBUG GameApplication      - Registering font factories with UI factory
18:26:09.643 [FXGL Background Thread 1 ] DEBUG AssetLoaderService   - Loading from file system: /assets/ui/fonts/VarelaRound-Regular.ttf
18:26:09.682 [FXGL Background Thread 1 ] DEBUG AssetLoaderService   - Loading from file system: /assets/ui/fonts/Abel-Regular.ttf
18:26:09.690 [FXGL Background Thread 1 ] DEBUG AssetLoaderService   - Loading from file system: /assets/ui/fonts/lucida_console.ttf
18:26:09.700 [FXGL Background Thread 1 ] DEBUG AssetLoaderService   - Loading from file system: /assets/ui/fonts/Courier-Prime.ttf
18:26:09.717 [JavaFX Application Thread] DEBUG Input                - Registered new binding: action0 - A
18:26:09.717 [JavaFX Application Thread] DEBUG Input                - Registered new binding: action1 - S
18:26:09.717 [JavaFX Application Thread] DEBUG Input                - Registered new binding: action2 - D
18:26:09.717 [JavaFX Application Thread] DEBUG Input                - Registered new binding: action3 - W
18:26:09.717 [JavaFX Application Thread] DEBUG Input                - Registered new binding: action4 - 1
18:26:09.718 [JavaFX Application Thread] DEBUG Input                - Registered new binding: action5 - 2
18:26:09.718 [JavaFX Application Thread] DEBUG Input                - Registered new binding: action6 - 3
18:26:09.718 [JavaFX Application Thread] DEBUG Input                - Registered new binding: action7 - Left
18:26:09.718 [JavaFX Application Thread] DEBUG Input                - Registered new binding: action8 - Down
18:26:09.718 [JavaFX Application Thread] DEBUG Input                - Registered new binding: action9 - Right
18:26:09.719 [JavaFX Application Thread] DEBUG Input                - Registered new binding: action10 - Up
18:26:09.719 [JavaFX Application Thread] DEBUG AssetLoaderService   - Loading from file system: /assets/textures/fxgl_icon.png
18:26:09.729 [JavaFX Application Thread] DEBUG AssetLoaderService   - Loading from file system: /assets/ui/cursors/fxgl_default.png
18:26:09.730 [JavaFX Application Thread] DEBUG Input                - Registered new binding: Screenshot - P
18:26:09.730 [JavaFX Application Thread] DEBUG Input                - Registered new binding: System info dump - CTRL+9
18:26:09.731 [JavaFX Application Thread] DEBUG Input                - Registered new binding: Restart - CTRL+R
18:26:09.731 [JavaFX Application Thread] DEBUG LoopRunner           - Starting loop
18:26:09.750 [JavaFX Application Thread] DEBUG FXGLStartupScene     - STARTUP
18:26:09.750 [JavaFX Application Thread] DEBUG Input                - Clearing active input actions
18:26:09.762 [JavaFX Application Thread] DEBUG WindowService        - Removing overlay from FXGLStartupScene and adding to MooseGameMenu
18:26:09.763 [JavaFX Application Thread] DEBUG MainWindow           - FXGLStartupScene -> MooseGameMenu
18:26:12.638 [FXGL Background Thread 2 ] DEBUG Engine               - Logging environment variables
18:26:12.638 [FXGL Background Thread 2 ] DEBUG Engine               - achievements: []
18:26:12.638 [FXGL Background Thread 2 ] DEBUG Engine               - language: ObjectProperty [value: ENGLISH]
18:26:12.638 [FXGL Background Thread 2 ] DEBUG Engine               - isCloseConfirmation: false
18:26:12.638 [FXGL Background Thread 2 ] DEBUG Engine               - isProfilingEnabled: false
18:26:12.639 [FXGL Background Thread 2 ] DEBUG Engine               - soundNotification: core/notification.wav
18:26:12.639 [FXGL Background Thread 2 ] DEBUG Engine               - devShowBBoxProperty: BooleanProperty [value: false]
18:26:12.639 [FXGL Background Thread 2 ] DEBUG Engine               - pixelsPerMeter: 50.0
18:26:12.639 [FXGL Background Thread 2 ] DEBUG Engine               - appIcon: fxgl_icon.png
18:26:12.639 [FXGL Background Thread 2 ] DEBUG Engine               - soundMenuBack: menu/back.wav
18:26:12.639 [FXGL Background Thread 2 ] DEBUG Engine               - isFullScreenAllowed: false
18:26:12.639 [FXGL Background Thread 2 ] DEBUG Engine               - isIntroEnabled: false
18:26:12.639 [FXGL Background Thread 2 ] DEBUG Engine               - fontMono: lucida_console.ttf
18:26:12.639 [FXGL Background Thread 2 ] DEBUG Engine               - soundMenuSelect: menu/select.wav
18:26:12.639 [FXGL Background Thread 2 ] DEBUG Engine               - isWindows: true
18:26:12.639 [FXGL Background Thread 2 ] DEBUG Engine               - isMobile: false
18:26:12.639 [FXGL Background Thread 2 ] DEBUG Engine               - isUserProfileEnabled: false
18:26:12.639 [FXGL Background Thread 2 ] DEBUG Engine               - height: 900
18:26:12.639 [FXGL Background Thread 2 ] DEBUG Engine               - isExperimentalNative: false
18:26:12.639 [FXGL Background Thread 2 ] DEBUG Engine               - settings: Title: MooseGame
Version: 0.3
Width: 600
Height: 900
Fullscreen: false
Intro: false
Menus: true
Profiling: false
Single step:false
App Mode: DEVELOPER
Menu Key: ESCAPE
Stage Style: DECORATED
Scene Factory: class MooseGameApp$1

18:26:12.639 [FXGL Background Thread 2 ] DEBUG Engine               - isSingleStep: false
18:26:12.639 [FXGL Background Thread 2 ] DEBUG Engine               - cSSList: [fxgl_dark.css]
18:26:12.639 [FXGL Background Thread 2 ] DEBUG Engine               - fontGame: Abel-Regular.ttf
18:26:12.639 [FXGL Background Thread 2 ] DEBUG Engine               - menuKey: ESCAPE
18:26:12.640 [FXGL Background Thread 2 ] DEBUG Engine               - devShowPositionProperty: BooleanProperty [value: false]
18:26:12.640 [FXGL Background Thread 2 ] DEBUG Engine               - versionCheckDays: 7
18:26:12.640 [FXGL Background Thread 2 ] DEBUG Engine               - configClass: Optional.empty
18:26:12.640 [FXGL Background Thread 2 ] DEBUG Engine               - isFullScreenFromStart: false
18:26:12.640 [FXGL Background Thread 2 ] DEBUG Engine               - version: 0.3
18:26:12.640 [FXGL Background Thread 2 ] DEBUG Engine               - fullScreen: BooleanProperty [value: false]
18:26:12.640 [FXGL Background Thread 2 ] DEBUG Engine               - randomSeed: -1
18:26:12.640 [FXGL Background Thread 2 ] DEBUG Engine               - gameDifficultyProperty: ObjectProperty [value: MEDIUM]
18:26:12.640 [FXGL Background Thread 2 ] DEBUG Engine               - applicationMode: DEVELOPER
18:26:12.640 [FXGL Background Thread 2 ] DEBUG Engine               - isMac: false
18:26:12.640 [FXGL Background Thread 2 ] DEBUG Engine               - isMenuEnabled: true
18:26:12.640 [FXGL Background Thread 2 ] DEBUG Engine               - profileName: StringProperty [value: DEFAULT]
18:26:12.640 [FXGL Background Thread 2 ] DEBUG Engine               - urlPOM: https://raw.githubusercontent.com/AlmasB/FXGL/master/pom.xml
18:26:12.640 [FXGL Background Thread 2 ] DEBUG Engine               - notificationViewClass: class com.almasb.fxgl.notification.view.XboxNotificationView
18:26:12.640 [FXGL Background Thread 2 ] DEBUG Engine               - devSensorColorProperty: ObjectProperty [value: 0xffff00ff]
18:26:12.640 [FXGL Background Thread 2 ] DEBUG Engine               - sceneFactory: MooseGameApp$1@3f54dc96
18:26:12.640 [FXGL Background Thread 2 ] DEBUG Engine               - stageStyle: DECORATED
18:26:12.640 [FXGL Background Thread 2 ] DEBUG Engine               - isManualResizeEnabled: false
18:26:12.640 [FXGL Background Thread 2 ] DEBUG Engine               - title: MooseGame
18:26:12.641 [FXGL Background Thread 2 ] DEBUG Engine               - platform: WINDOWS
18:26:12.641 [FXGL Background Thread 2 ] DEBUG Engine               - devBBoxColorProperty: ObjectProperty [value: 0xff0000ff]
18:26:12.641 [FXGL Background Thread 2 ] DEBUG Engine               - gameDifficulty: MEDIUM
18:26:12.641 [FXGL Background Thread 2 ] DEBUG Engine               - isDesktop: true
18:26:12.641 [FXGL Background Thread 2 ] DEBUG Engine               - supportedLanguages: [ENGLISH, FRENCH, GERMAN, HUNGARIAN, RUSSIAN]
18:26:12.641 [FXGL Background Thread 2 ] DEBUG Engine               - credits: []
18:26:12.641 [FXGL Background Thread 2 ] DEBUG Engine               - globalMusicVolumeProperty: DoubleProperty [value: 0.5]
18:26:12.641 [FXGL Background Thread 2 ] DEBUG Engine               - isPreserveResizeRatio: false
18:26:12.641 [FXGL Background Thread 2 ] DEBUG Engine               - fontText: Courier-Prime.ttf
18:26:12.641 [FXGL Background Thread 2 ] DEBUG Engine               - isExperimentalTiledLargeMap: false
18:26:12.641 [FXGL Background Thread 2 ] DEBUG Engine               - secondsIn24h: 60
18:26:12.641 [FXGL Background Thread 2 ] DEBUG Engine               - runtimeInfo: RuntimeInfo(platform=WINDOWS, version=11.8, build=08.03.2020 09.09)
18:26:12.641 [FXGL Background Thread 2 ] DEBUG Engine               - isLinux: false
18:26:12.641 [FXGL Background Thread 2 ] DEBUG Engine               - soundMenuPress: menu/press.wav
18:26:12.641 [FXGL Background Thread 2 ] DEBUG Engine               - urlGithub: https://github.com/AlmasB/FXGL
18:26:12.641 [FXGL Background Thread 2 ] DEBUG Engine               - profileDir: profiles/
18:26:12.641 [FXGL Background Thread 2 ] DEBUG Engine               - isDeveloperMenuEnabled: false
18:26:12.642 [FXGL Background Thread 2 ] DEBUG Engine               - globalSoundVolumeProperty: DoubleProperty [value: 0.5]
18:26:12.642 [FXGL Background Thread 2 ] DEBUG Engine               - mainWindow: com.almasb.fxgl.app.MainWindow@3b6b4fa4
18:26:12.642 [FXGL Background Thread 2 ] DEBUG Engine               - isBrowser: false
18:26:12.642 [FXGL Background Thread 2 ] DEBUG Engine               - globalSoundVolume: 0.5
18:26:12.642 [FXGL Background Thread 2 ] DEBUG Engine               - urlLeaderboard: http://fxgl-top.herokuapp.com/
18:26:12.642 [FXGL Background Thread 2 ] DEBUG Engine               - engineServices: [class com.almasb.fxgl.app.GameApplication$GameApplicationService, class com.almasb.fxgl.app.services.WindowService, class com.almasb.fxgl.app.services.FXGLDialogService, class com.almasb.fxgl.app.services.IOTaskExecutorService, class com.almasb.fxgl.event.EventBusService, class com.almasb.fxgl.io.FileSystemService, class com.almasb.fxgl.localization.LocalizationService, class com.almasb.fxgl.app.services.AssetLoaderService, class com.almasb.fxgl.app.services.SystemBundleService, class com.almasb.fxgl.profile.SaveLoadService, class com.almasb.fxgl.ui.FXGLUIFactoryServiceProvider, class com.almasb.fxgl.ui.FXGLDialogFactoryServiceProvider, class com.almasb.fxgl.audio.AudioPlayer, class com.almasb.fxgl.notification.impl.NotificationServiceProvider, class com.almasb.fxgl.achievement.AchievementService, class com.almasb.fxgl.cutscene.CutsceneService, class com.almasb.fxgl.minigames.MiniGameService, class com.almasb.fxgl.net.NetService, class com.almasb.fxgl.app.services.UpdaterService]
18:26:12.642 [FXGL Background Thread 2 ] DEBUG Engine               - globalMusicVolume: 0.5
18:26:12.642 [FXGL Background Thread 2 ] DEBUG Engine               - width: 600
18:26:12.642 [FXGL Background Thread 2 ] DEBUG Engine               - saveFileExt: sav
18:26:12.642 [FXGL Background Thread 2 ] DEBUG Engine               - isAndroid: false
18:26:12.642 [FXGL Background Thread 2 ] DEBUG Engine               - fontUI: VarelaRound-Regular.ttf
18:26:12.642 [FXGL Background Thread 2 ] DEBUG Engine               - enabledMenuItems: []
18:26:12.642 [FXGL Background Thread 2 ] DEBUG Engine               - isIOS: false
18:26:12.642 [FXGL Background Thread 2 ] DEBUG Engine               - Logging services
18:26:12.642 [FXGL Background Thread 2 ] DEBUG Engine               - class com.almasb.fxgl.app.GameApplication$GameApplicationService
18:26:12.642 [FXGL Background Thread 2 ] DEBUG Engine               - class com.almasb.fxgl.app.services.WindowService
18:26:12.642 [FXGL Background Thread 2 ] DEBUG Engine               - class com.almasb.fxgl.app.services.FXGLDialogService
18:26:12.642 [FXGL Background Thread 2 ] DEBUG Engine               - class com.almasb.fxgl.app.services.IOTaskExecutorService
18:26:12.642 [FXGL Background Thread 2 ] DEBUG Engine               - class com.almasb.fxgl.event.EventBusService
18:26:12.642 [FXGL Background Thread 2 ] DEBUG Engine               - class com.almasb.fxgl.io.FileSystemService
18:26:12.642 [FXGL Background Thread 2 ] DEBUG Engine               - class com.almasb.fxgl.localization.LocalizationService
18:26:12.643 [FXGL Background Thread 2 ] DEBUG Engine               - class com.almasb.fxgl.app.services.AssetLoaderService
18:26:12.643 [FXGL Background Thread 2 ] DEBUG Engine               - class com.almasb.fxgl.app.services.SystemBundleService
18:26:12.643 [FXGL Background Thread 2 ] DEBUG Engine               - class com.almasb.fxgl.profile.SaveLoadService
18:26:12.643 [FXGL Background Thread 2 ] DEBUG Engine               - class com.almasb.fxgl.ui.FXGLUIFactoryServiceProvider
18:26:12.643 [FXGL Background Thread 2 ] DEBUG Engine               - class com.almasb.fxgl.ui.FXGLDialogFactoryServiceProvider
18:26:12.643 [FXGL Background Thread 2 ] DEBUG Engine               - class com.almasb.fxgl.audio.AudioPlayer
18:26:12.643 [FXGL Background Thread 2 ] DEBUG Engine               - class com.almasb.fxgl.notification.impl.NotificationServiceProvider
18:26:12.643 [FXGL Background Thread 2 ] DEBUG Engine               - class com.almasb.fxgl.achievement.AchievementService
18:26:12.643 [FXGL Background Thread 2 ] DEBUG Engine               - class com.almasb.fxgl.cutscene.CutsceneService
18:26:12.643 [FXGL Background Thread 2 ] DEBUG Engine               - class com.almasb.fxgl.minigames.MiniGameService
18:26:12.643 [FXGL Background Thread 2 ] DEBUG Engine               - class com.almasb.fxgl.net.NetService
18:26:12.643 [FXGL Background Thread 2 ] DEBUG Engine               - class com.almasb.fxgl.app.services.UpdaterService
18:27:42.233 [JavaFX Application Thread] DEBUG Menu                 - fireExit()
18:27:42.235 [JavaFX Application Thread] DEBUG MainWindow           - Push state: DialogSubScene
18:27:42.235 [JavaFX Application Thread] DEBUG Input                - Clearing active input actions
18:27:42.241 [JavaFX Application Thread] DEBUG WindowService        - Removing overlay from MooseGameMenu and adding to DialogSubScene
18:27:42.241 [JavaFX Application Thread] DEBUG MainWindow           - MooseGameMenu -> DialogSubScene
18:27:42.999 [JavaFX Application Thread] DEBUG MainWindow           - Pop state: DialogSubScene
18:27:42.999 [JavaFX Application Thread] DEBUG Input                - Clearing active input actions
18:27:42.999 [JavaFX Application Thread] DEBUG WindowService        - Removing overlay from DialogSubScene and adding to MooseGameMenu
18:27:42.999 [JavaFX Application Thread] DEBUG MainWindow           - MooseGameMenu <- DialogSubScene
18:27:43.000 [JavaFX Application Thread] DEBUG GameApplication      - Exiting FXGL
18:27:43.000 [JavaFX Application Thread] DEBUG LoopRunner           - Stopping loop
18:27:43.000 [JavaFX Application Thread] DEBUG SystemBundleService  - Saving FXGL system data
18:27:43.001 [JavaFX Application Thread] DEBUG FileSystemAccess     - Writing to: C:\Users\micha\Desktop\JavaMooseGame\system\fxgl.bundle
18:27:43.002 [JavaFX Application Thread] DEBUG GameApplication      - Shutting down background threads
18:27:43.002 [JavaFX Application Thread] DEBUG GameApplication      - Closing logger and exiting JavaFX
