17:54:22.935 [main                     ] DEBUG GameApplication      - Logger initialized
17:54:22.940 [main                     ] DEBUG GameApplication      - Logging settings
Title: MooseGame
Version: 0.3
Width: 600
Height: 900
Fullscreen: false
Intro: false
Menus: true
Profiling: false
Single step:false
App Mode: DEVELOPER
Menu Key: ESCAPE
Stage Style: DECORATED
Scene Factory: class MooseGameApp$1

17:54:23.267 [JavaFX Application Thread] DEBUG GameApplication      - Initializing FXGL
17:54:23.278 [JavaFX Application Thread] INFO  Engine               - FXGL-11.8 (08.03.2020 09.09) on WINDOWS (J:14.0.1 FX:13.0.2)
17:54:23.279 [JavaFX Application Thread] INFO  Engine               - Source code and latest versions at: https://github.com/AlmasB/FXGL
17:54:23.279 [JavaFX Application Thread] INFO  Engine               -              Join the FXGL chat at: https://gitter.im/AlmasB/FXGL
17:54:23.390 [JavaFX Application Thread] DEBUG MainWindow           - Creating a JavaFX scene
17:54:23.441 [JavaFX Application Thread] DEBUG MainWindow           - Target settings size: 600.0 x 900.0
17:54:23.441 [JavaFX Application Thread] DEBUG MainWindow           - Scaled scene size:    600.0 x 900.0
17:54:23.441 [JavaFX Application Thread] DEBUG MainWindow           - Scaled ratio: (1.0, 1.0)
17:54:23.442 [JavaFX Application Thread] DEBUG MainWindow           - Set initial scene to FXGLStartupScene
17:54:23.448 [JavaFX Application Thread] DEBUG MainWindow           - Opening main window
17:54:23.529 [JavaFX Application Thread] DEBUG MainWindow           - Window border size: (16.0, 39.0)
17:54:23.529 [JavaFX Application Thread] DEBUG MainWindow           - Scaled size: 600.0 x 900.0
17:54:23.530 [JavaFX Application Thread] DEBUG MainWindow           - Scaled ratio: (1.0, 1.0)
17:54:23.530 [JavaFX Application Thread] DEBUG MainWindow           - Scene size: 600.0 x 900.0
17:54:23.530 [JavaFX Application Thread] DEBUG MainWindow           - Stage size: 616.0 x 939.0
17:54:23.536 [FXGL Background Thread 1 ] DEBUG Engine               - Initializing environment variables
17:54:23.562 [FXGL Background Thread 1 ] DEBUG WindowService        - Applying CSS: fxgl_dark.css
17:54:23.562 [FXGL Background Thread 1 ] DEBUG AssetLoaderService   - Loading from file system: /assets/ui/css/fxgl_dark.css
17:54:23.600 [FXGL Background Thread 1 ] DEBUG WindowService        - Initializing application scenes
17:54:23.631 [FXGL Background Thread 1 ] DEBUG GameWorld            - Game world initialized
17:54:23.661 [FXGL Background Thread 1 ] DEBUG PhysicsWorld         - Physics world initialized: appHeight=900, physics.ppm=50.0
17:54:23.663 [FXGL Background Thread 1 ] DEBUG GameScene            - Game scene initialized: 600x900
17:54:23.671 [FXGL Background Thread 1 ] DEBUG AssetLoaderService   - Loading from file system: /assets/textures/Roadway.png
17:54:23.746 [FXGL Background Thread 1 ] DEBUG AssetLoaderService   - Loading from file system: /assets/sounds/selection.mp3
17:54:23.819 [FXGL Background Thread 1 ] DEBUG AssetLoaderService   - Loading from cache: /assets/sounds/selection.mp3
17:54:23.819 [FXGL Background Thread 1 ] DEBUG AssetLoaderService   - Loading from cache: /assets/sounds/selection.mp3
17:54:23.819 [FXGL Background Thread 1 ] DEBUG AssetLoaderService   - Loading from cache: /assets/sounds/selection.mp3
17:54:23.820 [FXGL Background Thread 1 ] DEBUG AssetLoaderService   - Loading from cache: /assets/sounds/selection.mp3
17:54:23.833 [FXGL Background Thread 1 ] DEBUG AssetLoaderService   - Loading from cache: /assets/sounds/selection.mp3
17:54:23.834 [FXGL Background Thread 1 ] DEBUG AssetLoaderService   - Loading from cache: /assets/sounds/selection.mp3
17:54:23.835 [FXGL Background Thread 1 ] DEBUG AssetLoaderService   - Loading from cache: /assets/sounds/selection.mp3
17:54:23.838 [FXGL Background Thread 1 ] DEBUG AssetLoaderService   - Loading from file system: /assets/music/Poisoncut_-_MenuMusic.mp3
17:54:23.901 [FXGL Background Thread 1 ] DEBUG AudioPlayer          - Playing music com.almasb.fxgl.audio.Music@6e65466
17:54:23.917 [FXGL Background Thread 1 ] DEBUG AssetLoaderService   - Loading from file system: /assets/textures/particles/trace_horizontal.png
17:54:23.946 [FXGL Background Thread 1 ] WARN  FXGL.DefaultMenu     - FXGLDefaultMenu is not designed for resolutions < 800x600
17:54:23.946 [FXGL Background Thread 1 ] DEBUG FXGL.DefaultMenu     - createMenuBodyGameMenu()
17:54:23.958 [FXGL Background Thread 1 ] DEBUG FXGL.DefaultMenu     - createOptionsMenu()
17:54:23.961 [FXGL Background Thread 1 ] DEBUG AssetLoaderService   - Loading from file system: /assets/textures/particles/smoke.png
17:54:24.002 [FXGL Background Thread 1 ] DEBUG WindowService        - Application scenes initialized
17:54:24.009 [FXGL Background Thread 1 ] DEBUG SystemBundleService  - Loading FXGL system data
17:54:24.012 [FXGL Background Thread 1 ] DEBUG FileSystemAccess     - Reading from: C:\Users\micha\Desktop\JavaMooseGame\system\fxgl.bundle
17:54:24.017 [FXGL Background Thread 1 ] DEBUG SystemBundleService  - Bundle FXGL: {}
17:54:24.017 [FXGL Background Thread 1 ] INFO  Engine               - FXGL initialization took: 0.479 sec
17:54:24.018 [FXGL Background Thread 1 ] DEBUG GameApplication      - Loading localizations
17:54:24.019 [FXGL Background Thread 1 ] DEBUG AssetLoaderService   - Loading from file system: /assets/properties/languages/english.properties
17:54:24.020 [FXGL Background Thread 1 ] DEBUG AssetLoaderService   - Loading from file system: /assets/properties/languages/french.properties
17:54:24.020 [FXGL Background Thread 1 ] DEBUG AssetLoaderService   - Loading from file system: /assets/properties/languages/german.properties
17:54:24.021 [FXGL Background Thread 1 ] DEBUG AssetLoaderService   - Loading from file system: /assets/properties/languages/hungarian.properties
17:54:24.022 [FXGL Background Thread 1 ] DEBUG AssetLoaderService   - Loading from file system: /assets/properties/languages/russian.properties
17:54:24.023 [FXGL Background Thread 1 ] DEBUG GameApplication      - Registering font factories with UI factory
17:54:24.024 [FXGL Background Thread 1 ] DEBUG AssetLoaderService   - Loading from file system: /assets/ui/fonts/VarelaRound-Regular.ttf
17:54:24.067 [FXGL Background Thread 1 ] DEBUG AssetLoaderService   - Loading from file system: /assets/ui/fonts/Abel-Regular.ttf
17:54:24.075 [FXGL Background Thread 1 ] DEBUG AssetLoaderService   - Loading from file system: /assets/ui/fonts/lucida_console.ttf
17:54:24.084 [FXGL Background Thread 1 ] DEBUG AssetLoaderService   - Loading from file system: /assets/ui/fonts/Courier-Prime.ttf
17:54:24.098 [JavaFX Application Thread] DEBUG Input                - Registered new binding: action0 - A
17:54:24.099 [JavaFX Application Thread] DEBUG Input                - Registered new binding: action1 - S
17:54:24.099 [JavaFX Application Thread] DEBUG Input                - Registered new binding: action2 - D
17:54:24.099 [JavaFX Application Thread] DEBUG Input                - Registered new binding: action3 - W
17:54:24.099 [JavaFX Application Thread] DEBUG Input                - Registered new binding: action4 - 1
17:54:24.100 [JavaFX Application Thread] DEBUG Input                - Registered new binding: action5 - 2
17:54:24.100 [JavaFX Application Thread] DEBUG Input                - Registered new binding: action6 - 3
17:54:24.100 [JavaFX Application Thread] DEBUG Input                - Registered new binding: action7 - Left
17:54:24.100 [JavaFX Application Thread] DEBUG Input                - Registered new binding: action8 - Down
17:54:24.100 [JavaFX Application Thread] DEBUG Input                - Registered new binding: action9 - Right
17:54:24.101 [JavaFX Application Thread] DEBUG Input                - Registered new binding: action10 - Up
17:54:24.101 [JavaFX Application Thread] DEBUG AssetLoaderService   - Loading from file system: /assets/textures/fxgl_icon.png
17:54:24.114 [JavaFX Application Thread] DEBUG AssetLoaderService   - Loading from file system: /assets/ui/cursors/fxgl_default.png
17:54:24.116 [JavaFX Application Thread] DEBUG Input                - Registered new binding: Screenshot - P
17:54:24.116 [JavaFX Application Thread] DEBUG Input                - Registered new binding: System info dump - CTRL+9
17:54:24.116 [JavaFX Application Thread] DEBUG Input                - Registered new binding: Restart - CTRL+R
17:54:24.117 [JavaFX Application Thread] DEBUG LoopRunner           - Starting loop
17:54:24.121 [JavaFX Application Thread] DEBUG FXGLStartupScene     - STARTUP
17:54:24.121 [JavaFX Application Thread] DEBUG Input                - Clearing active input actions
17:54:24.134 [JavaFX Application Thread] DEBUG WindowService        - Removing overlay from FXGLStartupScene and adding to MooseGameMenu
17:54:24.134 [JavaFX Application Thread] DEBUG MainWindow           - FXGLStartupScene -> MooseGameMenu
17:54:26.305 [JavaFX Application Thread] DEBUG Menu                 - fireNewGame()
17:54:26.305 [JavaFX Application Thread] DEBUG WindowService        - Starting new game
17:54:26.305 [JavaFX Application Thread] DEBUG Input                - Clearing active input actions
17:54:26.312 [JavaFX Application Thread] DEBUG WindowService        - Removing overlay from MooseGameMenu and adding to FXGLLoadingScene
17:54:26.312 [JavaFX Application Thread] DEBUG MainWindow           - MooseGameMenu -> FXGLLoadingScene
17:54:26.312 [JavaFX Application Thread] DEBUG WindowService        - Clearing previous game
17:54:26.312 [JavaFX Application Thread] DEBUG GameScene            - Clearing game scene
17:54:26.312 [JavaFX Application Thread] DEBUG GameWorld            - Clearing game world
17:54:26.312 [JavaFX Application Thread] DEBUG PhysicsWorld         - Clearing physics world
17:54:26.313 [JavaFX Application Thread] DEBUG AudioPlayer          - Stopping music com.almasb.fxgl.audio.Music@6e65466
17:54:26.313 [FXGL Background Thread 1 ] DEBUG GameApplication      - Initializing game
17:54:26.319 [FXGL Background Thread 1 ] DEBUG AssetLoaderService   - Loading from file system: /assets/music/Poisoncut_GameLoop.mp3
17:54:26.322 [FXGL Background Thread 1 ] DEBUG AudioPlayer          - Playing music com.almasb.fxgl.audio.Music@1ca50cef
17:54:26.324 [FXGL Background Thread 1 ] DEBUG AssetLoaderService   - Loading from file system: /assets/textures/road_with_patches.png
17:54:26.332 [FXGL Background Thread 1 ] DEBUG AssetLoaderService   - Loading from cache: /assets/textures/road_with_patches.png
17:54:26.333 [FXGL Background Thread 1 ] DEBUG AssetLoaderService   - Loading from file system: /assets/textures//car0.png
17:54:26.341 [FXGL Background Thread 1 ] DEBUG AssetLoaderService   - Loading from file system: /assets/textures/signpost.png
17:54:26.345 [FXGL Background Thread 1 ] DEBUG AssetLoaderService   - Loading from file system: /assets/ui/moosegame_ui.fxml
17:54:26.385 [FXGL Background Thread 1 ] INFO  GameApplication      - Game initialization took: 0.072 sec
17:54:26.386 [JavaFX Application Thread] DEBUG Input                - Clearing active input actions
17:54:26.400 [JavaFX Application Thread] DEBUG WindowService        - Removing overlay from FXGLLoadingScene and adding to GameScene
17:54:26.400 [JavaFX Application Thread] DEBUG MainWindow           - FXGLLoadingScene -> GameScene
17:54:27.019 [FXGL Background Thread 2 ] DEBUG Engine               - Logging environment variables
17:54:27.019 [FXGL Background Thread 2 ] DEBUG Engine               - achievements: []
17:54:27.019 [FXGL Background Thread 2 ] DEBUG Engine               - language: ObjectProperty [value: ENGLISH]
17:54:27.019 [FXGL Background Thread 2 ] DEBUG Engine               - isCloseConfirmation: false
17:54:27.019 [FXGL Background Thread 2 ] DEBUG Engine               - isProfilingEnabled: false
17:54:27.019 [FXGL Background Thread 2 ] DEBUG Engine               - soundNotification: core/notification.wav
17:54:27.019 [FXGL Background Thread 2 ] DEBUG Engine               - devShowBBoxProperty: BooleanProperty [value: false]
17:54:27.019 [FXGL Background Thread 2 ] DEBUG Engine               - pixelsPerMeter: 50.0
17:54:27.019 [FXGL Background Thread 2 ] DEBUG Engine               - appIcon: fxgl_icon.png
17:54:27.019 [FXGL Background Thread 2 ] DEBUG Engine               - soundMenuBack: menu/back.wav
17:54:27.019 [FXGL Background Thread 2 ] DEBUG Engine               - isFullScreenAllowed: false
17:54:27.019 [FXGL Background Thread 2 ] DEBUG Engine               - isIntroEnabled: false
17:54:27.020 [FXGL Background Thread 2 ] DEBUG Engine               - fontMono: lucida_console.ttf
17:54:27.020 [FXGL Background Thread 2 ] DEBUG Engine               - soundMenuSelect: menu/select.wav
17:54:27.020 [FXGL Background Thread 2 ] DEBUG Engine               - isWindows: true
17:54:27.020 [FXGL Background Thread 2 ] DEBUG Engine               - isMobile: false
17:54:27.020 [FXGL Background Thread 2 ] DEBUG Engine               - isUserProfileEnabled: false
17:54:27.020 [FXGL Background Thread 2 ] DEBUG Engine               - height: 900
17:54:27.020 [FXGL Background Thread 2 ] DEBUG Engine               - isExperimentalNative: false
17:54:27.020 [FXGL Background Thread 2 ] DEBUG Engine               - settings: Title: MooseGame
Version: 0.3
Width: 600
Height: 900
Fullscreen: false
Intro: false
Menus: true
Profiling: false
Single step:false
App Mode: DEVELOPER
Menu Key: ESCAPE
Stage Style: DECORATED
Scene Factory: class MooseGameApp$1

17:54:27.020 [FXGL Background Thread 2 ] DEBUG Engine               - isSingleStep: false
17:54:27.020 [FXGL Background Thread 2 ] DEBUG Engine               - cSSList: [fxgl_dark.css]
17:54:27.020 [FXGL Background Thread 2 ] DEBUG Engine               - fontGame: Abel-Regular.ttf
17:54:27.020 [FXGL Background Thread 2 ] DEBUG Engine               - menuKey: ESCAPE
17:54:27.020 [FXGL Background Thread 2 ] DEBUG Engine               - devShowPositionProperty: BooleanProperty [value: false]
17:54:27.020 [FXGL Background Thread 2 ] DEBUG Engine               - versionCheckDays: 7
17:54:27.020 [FXGL Background Thread 2 ] DEBUG Engine               - configClass: Optional.empty
17:54:27.020 [FXGL Background Thread 2 ] DEBUG Engine               - isFullScreenFromStart: false
17:54:27.020 [FXGL Background Thread 2 ] DEBUG Engine               - version: 0.3
17:54:27.021 [FXGL Background Thread 2 ] DEBUG Engine               - fullScreen: BooleanProperty [value: false]
17:54:27.021 [FXGL Background Thread 2 ] DEBUG Engine               - randomSeed: -1
17:54:27.021 [FXGL Background Thread 2 ] DEBUG Engine               - gameDifficultyProperty: ObjectProperty [value: MEDIUM]
17:54:27.021 [FXGL Background Thread 2 ] DEBUG Engine               - applicationMode: DEVELOPER
17:54:27.021 [FXGL Background Thread 2 ] DEBUG Engine               - isMac: false
17:54:27.021 [FXGL Background Thread 2 ] DEBUG Engine               - isMenuEnabled: true
17:54:27.021 [FXGL Background Thread 2 ] DEBUG Engine               - profileName: StringProperty [value: DEFAULT]
17:54:27.021 [FXGL Background Thread 2 ] DEBUG Engine               - urlPOM: https://raw.githubusercontent.com/AlmasB/FXGL/master/pom.xml
17:54:27.021 [FXGL Background Thread 2 ] DEBUG Engine               - notificationViewClass: class com.almasb.fxgl.notification.view.XboxNotificationView
17:54:27.021 [FXGL Background Thread 2 ] DEBUG Engine               - devSensorColorProperty: ObjectProperty [value: 0xffff00ff]
17:54:27.021 [FXGL Background Thread 2 ] DEBUG Engine               - sceneFactory: MooseGameApp$1@1d12cb98
17:54:27.021 [FXGL Background Thread 2 ] DEBUG Engine               - stageStyle: DECORATED
17:54:27.021 [FXGL Background Thread 2 ] DEBUG Engine               - isManualResizeEnabled: false
17:54:27.021 [FXGL Background Thread 2 ] DEBUG Engine               - title: MooseGame
17:54:27.021 [FXGL Background Thread 2 ] DEBUG Engine               - platform: WINDOWS
17:54:27.021 [FXGL Background Thread 2 ] DEBUG Engine               - devBBoxColorProperty: ObjectProperty [value: 0xff0000ff]
17:54:27.021 [FXGL Background Thread 2 ] DEBUG Engine               - gameDifficulty: MEDIUM
17:54:27.021 [FXGL Background Thread 2 ] DEBUG Engine               - isDesktop: true
17:54:27.021 [FXGL Background Thread 2 ] DEBUG Engine               - supportedLanguages: [ENGLISH, FRENCH, GERMAN, HUNGARIAN, RUSSIAN]
17:54:27.021 [FXGL Background Thread 2 ] DEBUG Engine               - credits: []
17:54:27.021 [FXGL Background Thread 2 ] DEBUG Engine               - globalMusicVolumeProperty: DoubleProperty [value: 0.5]
17:54:27.022 [FXGL Background Thread 2 ] DEBUG Engine               - isPreserveResizeRatio: false
17:54:27.022 [FXGL Background Thread 2 ] DEBUG Engine               - fontText: Courier-Prime.ttf
17:54:27.022 [FXGL Background Thread 2 ] DEBUG Engine               - isExperimentalTiledLargeMap: false
17:54:27.022 [FXGL Background Thread 2 ] DEBUG Engine               - secondsIn24h: 60
17:54:27.022 [FXGL Background Thread 2 ] DEBUG Engine               - runtimeInfo: RuntimeInfo(platform=WINDOWS, version=11.8, build=08.03.2020 09.09)
17:54:27.022 [FXGL Background Thread 2 ] DEBUG Engine               - isLinux: false
17:54:27.022 [FXGL Background Thread 2 ] DEBUG Engine               - soundMenuPress: menu/press.wav
17:54:27.022 [FXGL Background Thread 2 ] DEBUG Engine               - urlGithub: https://github.com/AlmasB/FXGL
17:54:27.022 [FXGL Background Thread 2 ] DEBUG Engine               - profileDir: profiles/
17:54:27.022 [FXGL Background Thread 2 ] DEBUG Engine               - isDeveloperMenuEnabled: false
17:54:27.022 [FXGL Background Thread 2 ] DEBUG Engine               - globalSoundVolumeProperty: DoubleProperty [value: 0.5]
17:54:27.022 [FXGL Background Thread 2 ] DEBUG Engine               - mainWindow: com.almasb.fxgl.app.MainWindow@192d4ce2
17:54:27.022 [FXGL Background Thread 2 ] DEBUG Engine               - isBrowser: false
17:54:27.022 [FXGL Background Thread 2 ] DEBUG Engine               - globalSoundVolume: 0.5
17:54:27.022 [FXGL Background Thread 2 ] DEBUG Engine               - urlLeaderboard: http://fxgl-top.herokuapp.com/
17:54:27.022 [FXGL Background Thread 2 ] DEBUG Engine               - engineServices: [class com.almasb.fxgl.app.GameApplication$GameApplicationService, class com.almasb.fxgl.app.services.WindowService, class com.almasb.fxgl.app.services.FXGLDialogService, class com.almasb.fxgl.app.services.IOTaskExecutorService, class com.almasb.fxgl.event.EventBusService, class com.almasb.fxgl.io.FileSystemService, class com.almasb.fxgl.localization.LocalizationService, class com.almasb.fxgl.app.services.AssetLoaderService, class com.almasb.fxgl.app.services.SystemBundleService, class com.almasb.fxgl.profile.SaveLoadService, class com.almasb.fxgl.ui.FXGLUIFactoryServiceProvider, class com.almasb.fxgl.ui.FXGLDialogFactoryServiceProvider, class com.almasb.fxgl.audio.AudioPlayer, class com.almasb.fxgl.notification.impl.NotificationServiceProvider, class com.almasb.fxgl.achievement.AchievementService, class com.almasb.fxgl.cutscene.CutsceneService, class com.almasb.fxgl.minigames.MiniGameService, class com.almasb.fxgl.net.NetService, class com.almasb.fxgl.app.services.UpdaterService]
17:54:27.022 [FXGL Background Thread 2 ] DEBUG Engine               - globalMusicVolume: 0.5
17:54:27.022 [FXGL Background Thread 2 ] DEBUG Engine               - width: 600
17:54:27.022 [FXGL Background Thread 2 ] DEBUG Engine               - saveFileExt: sav
17:54:27.022 [FXGL Background Thread 2 ] DEBUG Engine               - isAndroid: false
17:54:27.022 [FXGL Background Thread 2 ] DEBUG Engine               - fontUI: VarelaRound-Regular.ttf
17:54:27.023 [FXGL Background Thread 2 ] DEBUG Engine               - enabledMenuItems: []
17:54:27.023 [FXGL Background Thread 2 ] DEBUG Engine               - isIOS: false
17:54:27.023 [FXGL Background Thread 2 ] DEBUG Engine               - Logging services
17:54:27.023 [FXGL Background Thread 2 ] DEBUG Engine               - class com.almasb.fxgl.app.GameApplication$GameApplicationService
17:54:27.023 [FXGL Background Thread 2 ] DEBUG Engine               - class com.almasb.fxgl.app.services.WindowService
17:54:27.023 [FXGL Background Thread 2 ] DEBUG Engine               - class com.almasb.fxgl.app.services.FXGLDialogService
17:54:27.023 [FXGL Background Thread 2 ] DEBUG Engine               - class com.almasb.fxgl.app.services.IOTaskExecutorService
17:54:27.023 [FXGL Background Thread 2 ] DEBUG Engine               - class com.almasb.fxgl.event.EventBusService
17:54:27.023 [FXGL Background Thread 2 ] DEBUG Engine               - class com.almasb.fxgl.io.FileSystemService
17:54:27.023 [FXGL Background Thread 2 ] DEBUG Engine               - class com.almasb.fxgl.localization.LocalizationService
17:54:27.023 [FXGL Background Thread 2 ] DEBUG Engine               - class com.almasb.fxgl.app.services.AssetLoaderService
17:54:27.023 [FXGL Background Thread 2 ] DEBUG Engine               - class com.almasb.fxgl.app.services.SystemBundleService
17:54:27.023 [FXGL Background Thread 2 ] DEBUG Engine               - class com.almasb.fxgl.profile.SaveLoadService
17:54:27.023 [FXGL Background Thread 2 ] DEBUG Engine               - class com.almasb.fxgl.ui.FXGLUIFactoryServiceProvider
17:54:27.023 [FXGL Background Thread 2 ] DEBUG Engine               - class com.almasb.fxgl.ui.FXGLDialogFactoryServiceProvider
17:54:27.023 [FXGL Background Thread 2 ] DEBUG Engine               - class com.almasb.fxgl.audio.AudioPlayer
17:54:27.023 [FXGL Background Thread 2 ] DEBUG Engine               - class com.almasb.fxgl.notification.impl.NotificationServiceProvider
17:54:27.023 [FXGL Background Thread 2 ] DEBUG Engine               - class com.almasb.fxgl.achievement.AchievementService
17:54:27.023 [FXGL Background Thread 2 ] DEBUG Engine               - class com.almasb.fxgl.cutscene.CutsceneService
17:54:27.023 [FXGL Background Thread 2 ] DEBUG Engine               - class com.almasb.fxgl.minigames.MiniGameService
17:54:27.023 [FXGL Background Thread 2 ] DEBUG Engine               - class com.almasb.fxgl.net.NetService
17:54:27.023 [FXGL Background Thread 2 ] DEBUG Engine               - class com.almasb.fxgl.app.services.UpdaterService
17:54:29.334 [JavaFX Application Thread] DEBUG AssetLoaderService   - Loading from file system: /assets/textures/potHole.png
17:54:29.749 [JavaFX Application Thread] DEBUG AssetLoaderService   - Loading from file system: /assets/textures/mooseWalkAnimation.png
17:54:29.759 [JavaFX Application Thread] DEBUG AssetLoaderService   - Loading from cache: /assets/textures/mooseWalkAnimation.png
17:54:32.246 [JavaFX Application Thread] DEBUG AssetLoaderService   - Loading from file system: /assets/textures/gasTank.PNG
17:54:32.254 [JavaFX Application Thread] DEBUG AssetLoaderService   - Loading from cache: /assets/textures/potHole.png
17:54:33.086 [JavaFX Application Thread] DEBUG AssetLoaderService   - Loading from cache: /assets/textures/mooseWalkAnimation.png
17:54:33.087 [JavaFX Application Thread] DEBUG AssetLoaderService   - Loading from cache: /assets/textures/mooseWalkAnimation.png
17:54:35.174 [JavaFX Application Thread] DEBUG AssetLoaderService   - Loading from cache: /assets/textures/potHole.png
17:54:36.422 [JavaFX Application Thread] DEBUG AssetLoaderService   - Loading from cache: /assets/textures/mooseWalkAnimation.png
17:54:36.422 [JavaFX Application Thread] DEBUG AssetLoaderService   - Loading from cache: /assets/textures/mooseWalkAnimation.png
17:54:37.718 [JavaFX Application Thread] DEBUG AssetLoaderService   - Loading from file system: /assets/sounds/explosion.wav
17:54:37.721 [JavaFX Application Thread] DEBUG AssetLoaderService   - Loading from file system: /assets/textures/explosion.png
17:54:37.730 [JavaFX Application Thread] DEBUG AudioPlayer          - Stopping music com.almasb.fxgl.audio.Music@1ca50cef
17:54:37.732 [JavaFX Application Thread] DEBUG MainWindow           - Push state: DialogSubScene
17:54:37.732 [JavaFX Application Thread] DEBUG Input                - Clearing active input actions
17:54:37.737 [JavaFX Application Thread] DEBUG WindowService        - Removing overlay from GameScene and adding to DialogSubScene
17:54:37.737 [JavaFX Application Thread] DEBUG MainWindow           - GameScene -> DialogSubScene
17:54:39.386 [JavaFX Application Thread] DEBUG MainWindow           - Pop state: DialogSubScene
17:54:39.386 [JavaFX Application Thread] DEBUG Input                - Clearing active input actions
17:54:39.386 [JavaFX Application Thread] DEBUG WindowService        - Removing overlay from DialogSubScene and adding to GameScene
17:54:39.386 [JavaFX Application Thread] DEBUG MainWindow           - GameScene <- DialogSubScene
17:54:39.398 [JavaFX Application Thread] DEBUG MainWindow           - Push state: DialogSubScene
17:54:39.398 [JavaFX Application Thread] DEBUG Input                - Clearing active input actions
17:54:39.400 [JavaFX Application Thread] DEBUG WindowService        - Removing overlay from GameScene and adding to DialogSubScene
17:54:39.400 [JavaFX Application Thread] DEBUG MainWindow           - GameScene -> DialogSubScene
17:54:41.230 [JavaFX Application Thread] DEBUG GameApplication      - Exiting FXGL
17:54:41.230 [JavaFX Application Thread] DEBUG LoopRunner           - Stopping loop
17:54:41.230 [JavaFX Application Thread] DEBUG SystemBundleService  - Saving FXGL system data
17:54:41.231 [JavaFX Application Thread] DEBUG FileSystemAccess     - Writing to: C:\Users\micha\Desktop\JavaMooseGame\system\fxgl.bundle
17:54:41.233 [JavaFX Application Thread] DEBUG GameApplication      - Shutting down background threads
17:54:41.233 [JavaFX Application Thread] DEBUG GameApplication      - Closing logger and exiting JavaFX
