21:20:56.202 [main                     ] DEBUG GameApplication      - Logger initialized
21:20:56.237 [main                     ] DEBUG GameApplication      - Logging settings
Title: MooseGame
Version: 0.3
Width: 600
Height: 900
Fullscreen: false
Intro: false
Menus: true
Profiling: false
Single step:false
App Mode: DEVELOPER
Menu Key: ESCAPE
Stage Style: DECORATED
Scene Factory: class MooseGameApp$1

21:20:57.595 [JavaFX Application Thread] DEBUG GameApplication      - Initializing FXGL
21:20:57.623 [JavaFX Application Thread] INFO  Engine               - FXGL-11.8 (08.03.2020 09.09) on WINDOWS (J:14.0.1 FX:13.0.2)
21:20:57.624 [JavaFX Application Thread] INFO  Engine               - Source code and latest versions at: https://github.com/AlmasB/FXGL
21:20:57.624 [JavaFX Application Thread] INFO  Engine               -              Join the FXGL chat at: https://gitter.im/AlmasB/FXGL
21:20:57.948 [JavaFX Application Thread] DEBUG MainWindow           - Creating a JavaFX scene
21:20:57.949 [JavaFX Application Thread] DEBUG MainWindow           - Target size > screen size
21:20:58.077 [JavaFX Application Thread] DEBUG MainWindow           - Target settings size: 600.0 x 900.0
21:20:58.079 [JavaFX Application Thread] DEBUG MainWindow           - Scaled scene size:    524.0 x 823.0
21:20:58.081 [JavaFX Application Thread] DEBUG MainWindow           - Scaled ratio: (0.8733333333333333, 0.9144444444444444)
21:20:58.088 [JavaFX Application Thread] DEBUG MainWindow           - Set initial scene to FXGLStartupScene
21:20:58.102 [JavaFX Application Thread] DEBUG MainWindow           - Opening main window
21:20:58.413 [JavaFX Application Thread] DEBUG MainWindow           - Window border size: (14.4000244140625, 37.79998779296875)
21:20:58.414 [JavaFX Application Thread] DEBUG MainWindow           - Scaled size: 524.0 x 823.0
21:20:58.415 [JavaFX Application Thread] DEBUG MainWindow           - Scaled ratio: (0.8733333333333333, 0.9144444444444444)
21:20:58.415 [JavaFX Application Thread] DEBUG MainWindow           - Scene size: 524.0 x 823.0
21:20:58.416 [JavaFX Application Thread] DEBUG MainWindow           - Stage size: 538.4000244140625 x 860.7999877929688
21:20:58.441 [FXGL Background Thread 1 ] DEBUG Engine               - Initializing environment variables
21:20:58.534 [FXGL Background Thread 1 ] DEBUG WindowService        - Applying CSS: fxgl_dark.css
21:20:58.536 [FXGL Background Thread 1 ] DEBUG AssetLoaderService   - Loading from file system: /assets/ui/css/fxgl_dark.css
21:20:58.721 [FXGL Background Thread 1 ] DEBUG WindowService        - Initializing application scenes
21:20:58.841 [FXGL Background Thread 1 ] DEBUG GameWorld            - Game world initialized
21:20:58.982 [FXGL Background Thread 1 ] DEBUG PhysicsWorld         - Physics world initialized: appHeight=900, physics.ppm=50.0
21:20:58.991 [FXGL Background Thread 1 ] DEBUG GameScene            - Game scene initialized: 600x900
21:20:59.022 [FXGL Background Thread 1 ] DEBUG AssetLoaderService   - Loading from file system: /assets/textures/Roadway.png
21:20:59.284 [JavaFX Application Thread] DEBUG LoopRunner           - Stopping loop
21:21:01.822 [JavaFX Application Thread] FATAL GameApplication      - Uncaught Exception:

Fatal exception occurred: java.lang.IllegalArgumentException : Invalid URL: Invalid URL or resource not found
E: javafx.scene.image.Image.validateUrl(Image.java:1125)
E: javafx.scene.image.Image.<init>(Image.java:618)
E: javafx.scene.image.ImageView.<init>(ImageView.java:194)
E: MooseGameMenu.carSelectionMenu(MooseGameMenu.java:93)
E: MooseGameMenu.<init>(MooseGameMenu.java:32)
E: MooseGameApp$1.newMainMenu(MooseGameApp.java:38)
E: com.almasb.fxgl.app.services.WindowService.initAppScenes(WindowService.kt:136)
E: com.almasb.fxgl.app.services.WindowService.onInit(WindowService.kt:110)
E: com.almasb.fxgl.app.Engine.initServices(Engine.kt:78)
E: com.almasb.fxgl.app.GameApplication$FXGLApplication.lambda$start$1(GameApplication.java:251)
E: com.almasb.fxgl.core.concurrent.IOTask.lambda$ofVoid$5(IOTask.java:138)
E: com.almasb.fxgl.core.concurrent.IOTask$2.onExecute(IOTask.java:151)
E: com.almasb.fxgl.core.concurrent.IOTask$1.call(IOTask.java:107)
E: javafx.concurrent.Task$TaskCallable.call(Task.java:1425)
E: java.base/java.util.concurrent.FutureTask.run(FutureTask.java:264)
E: java.base/java.util.concurrent.Executors$RunnableAdapter.call(Executors.java:515)
E: java.base/java.util.concurrent.FutureTask.run(FutureTask.java:264)
E: java.base/java.util.concurrent.ThreadPoolExecutor.runWorker(ThreadPoolExecutor.java:1130)
E: java.base/java.util.concurrent.ThreadPoolExecutor$Worker.run(ThreadPoolExecutor.java:630)
E: java.base/java.lang.Thread.run(Thread.java:832)

21:21:01.823 [JavaFX Application Thread] FATAL GameApplication      - Application will now exit
21:21:01.824 [JavaFX Application Thread] DEBUG GameApplication      - Exiting FXGL
21:21:01.824 [JavaFX Application Thread] DEBUG GameApplication      - Shutting down background threads
21:21:01.825 [JavaFX Application Thread] DEBUG GameApplication      - Closing logger and exiting JavaFX
