13:38:39.234 [main                     ] DEBUG GameApplication      - Logger initialized
13:38:39.239 [main                     ] DEBUG GameApplication      - Logging settings
Title: MooseGame
Version: 0.1
Width: 600
Height: 900
Fullscreen: false
Intro: false
Menus: false
Profiling: false
Single step:false
App Mode: DEVELOPER
Menu Key: ESCAPE
Stage Style: DECORATED
Scene Factory: class com.almasb.fxgl.app.scene.SceneFactory

13:38:39.567 [JavaFX Application Thread] DEBUG GameApplication      - Initializing FXGL
13:38:39.574 [JavaFX Application Thread] INFO  Engine               - FXGL-11.8 (08.03.2020 09.09) on WINDOWS (J:14.0.1 FX:13.0.2)
13:38:39.574 [JavaFX Application Thread] INFO  Engine               - Source code and latest versions at: https://github.com/AlmasB/FXGL
13:38:39.575 [JavaFX Application Thread] INFO  Engine               -              Join the FXGL chat at: https://gitter.im/AlmasB/FXGL
13:38:39.681 [JavaFX Application Thread] DEBUG MainWindow           - Creating a JavaFX scene
13:38:39.727 [JavaFX Application Thread] DEBUG MainWindow           - Target settings size: 600.0 x 900.0
13:38:39.727 [JavaFX Application Thread] DEBUG MainWindow           - Scaled scene size:    600.0 x 900.0
13:38:39.727 [JavaFX Application Thread] DEBUG MainWindow           - Scaled ratio: (1.0, 1.0)
13:38:39.728 [JavaFX Application Thread] DEBUG MainWindow           - Set initial scene to FXGLStartupScene
13:38:39.733 [JavaFX Application Thread] DEBUG MainWindow           - Opening main window
13:38:39.807 [JavaFX Application Thread] DEBUG MainWindow           - Window border size: (16.0, 39.0)
13:38:39.808 [JavaFX Application Thread] DEBUG MainWindow           - Scaled size: 600.0 x 900.0
13:38:39.808 [JavaFX Application Thread] DEBUG MainWindow           - Scaled ratio: (1.0, 1.0)
13:38:39.808 [JavaFX Application Thread] DEBUG MainWindow           - Scene size: 600.0 x 900.0
13:38:39.808 [JavaFX Application Thread] DEBUG MainWindow           - Stage size: 616.0 x 939.0
13:38:39.814 [FXGL Background Thread 1 ] DEBUG Engine               - Initializing environment variables
13:38:39.839 [FXGL Background Thread 1 ] DEBUG WindowService        - Applying CSS: fxgl_dark.css
13:38:39.839 [FXGL Background Thread 1 ] DEBUG AssetLoaderService   - Loading from file system: /assets/ui/css/fxgl_dark.css
13:38:39.873 [FXGL Background Thread 1 ] DEBUG WindowService        - Initializing application scenes
13:38:39.901 [FXGL Background Thread 1 ] DEBUG GameWorld            - Game world initialized
13:38:39.930 [FXGL Background Thread 1 ] DEBUG PhysicsWorld         - Physics world initialized: appHeight=900, physics.ppm=50.0
13:38:39.931 [FXGL Background Thread 1 ] DEBUG GameScene            - Game scene initialized: 600x900
13:38:39.937 [FXGL Background Thread 1 ] DEBUG Input                - Registered new binding: Resume - Esc
13:38:39.942 [FXGL Background Thread 1 ] DEBUG AssetLoaderService   - Loading from file system: /assets/textures/pause_menu_bg.png
13:38:39.981 [FXGL Background Thread 1 ] DEBUG Input                - Registered new binding: Pause - Esc
13:38:39.981 [FXGL Background Thread 1 ] DEBUG WindowService        - Application scenes initialized
13:38:39.990 [FXGL Background Thread 1 ] DEBUG SystemBundleService  - Loading FXGL system data
13:38:39.993 [FXGL Background Thread 1 ] DEBUG FileSystemAccess     - Reading from: C:\Users\micha\Desktop\JavaMooseGame\system\fxgl.bundle
13:38:39.998 [FXGL Background Thread 1 ] DEBUG SystemBundleService  - Bundle FXGL: {}
13:38:39.998 [FXGL Background Thread 1 ] INFO  Engine               - FXGL initialization took: 0.182 sec
13:38:39.999 [FXGL Background Thread 1 ] DEBUG GameApplication      - Loading localizations
13:38:40.000 [FXGL Background Thread 1 ] DEBUG AssetLoaderService   - Loading from file system: /assets/properties/languages/english.properties
13:38:40.001 [FXGL Background Thread 1 ] DEBUG AssetLoaderService   - Loading from file system: /assets/properties/languages/french.properties
13:38:40.002 [FXGL Background Thread 1 ] DEBUG AssetLoaderService   - Loading from file system: /assets/properties/languages/german.properties
13:38:40.004 [FXGL Background Thread 1 ] DEBUG AssetLoaderService   - Loading from file system: /assets/properties/languages/hungarian.properties
13:38:40.005 [FXGL Background Thread 1 ] DEBUG AssetLoaderService   - Loading from file system: /assets/properties/languages/russian.properties
13:38:40.006 [FXGL Background Thread 1 ] DEBUG GameApplication      - Registering font factories with UI factory
13:38:40.006 [FXGL Background Thread 1 ] DEBUG AssetLoaderService   - Loading from file system: /assets/ui/fonts/VarelaRound-Regular.ttf
13:38:40.048 [FXGL Background Thread 1 ] DEBUG AssetLoaderService   - Loading from file system: /assets/ui/fonts/Abel-Regular.ttf
13:38:40.058 [FXGL Background Thread 1 ] DEBUG AssetLoaderService   - Loading from file system: /assets/ui/fonts/lucida_console.ttf
13:38:40.067 [FXGL Background Thread 1 ] DEBUG AssetLoaderService   - Loading from file system: /assets/ui/fonts/Courier-Prime.ttf
13:38:40.077 [JavaFX Application Thread] DEBUG Input                - Registered new binding: action0 - A
13:38:40.077 [JavaFX Application Thread] DEBUG Input                - Registered new binding: action1 - S
13:38:40.077 [JavaFX Application Thread] DEBUG Input                - Registered new binding: action2 - D
13:38:40.078 [JavaFX Application Thread] DEBUG Input                - Registered new binding: action3 - W
13:38:40.078 [JavaFX Application Thread] DEBUG Input                - Registered new binding: action4 - Left
13:38:40.078 [JavaFX Application Thread] DEBUG Input                - Registered new binding: action5 - Down
13:38:40.078 [JavaFX Application Thread] DEBUG Input                - Registered new binding: action6 - Right
13:38:40.078 [JavaFX Application Thread] DEBUG Input                - Registered new binding: action7 - Up
13:38:40.079 [JavaFX Application Thread] DEBUG AssetLoaderService   - Loading from file system: /assets/textures/fxgl_icon.png
13:38:40.097 [JavaFX Application Thread] DEBUG AssetLoaderService   - Loading from file system: /assets/ui/cursors/fxgl_default.png
13:38:40.105 [JavaFX Application Thread] DEBUG Input                - Registered new binding: Screenshot - P
13:38:40.105 [JavaFX Application Thread] DEBUG Input                - Registered new binding: System info dump - CTRL+9
13:38:40.105 [JavaFX Application Thread] DEBUG Input                - Registered new binding: Restart - CTRL+R
13:38:40.106 [JavaFX Application Thread] DEBUG LoopRunner           - Starting loop
13:38:40.118 [JavaFX Application Thread] DEBUG FXGLStartupScene     - STARTUP
13:38:40.118 [JavaFX Application Thread] DEBUG WindowService        - Starting new game
13:38:40.121 [JavaFX Application Thread] DEBUG Input                - Clearing active input actions
13:38:40.130 [JavaFX Application Thread] DEBUG WindowService        - Removing overlay from FXGLStartupScene and adding to FXGLLoadingScene
13:38:40.130 [JavaFX Application Thread] DEBUG MainWindow           - FXGLStartupScene -> FXGLLoadingScene
13:38:40.130 [JavaFX Application Thread] DEBUG WindowService        - Clearing previous game
13:38:40.130 [JavaFX Application Thread] DEBUG GameScene            - Clearing game scene
13:38:40.130 [JavaFX Application Thread] DEBUG GameWorld            - Clearing game world
13:38:40.130 [JavaFX Application Thread] DEBUG PhysicsWorld         - Clearing physics world
13:38:40.131 [FXGL Background Thread 1 ] DEBUG GameApplication      - Initializing game
13:38:40.140 [FXGL Background Thread 1 ] DEBUG AssetLoaderService   - Loading from file system: /assets/textures/road_with_patches.png
13:38:40.151 [FXGL Background Thread 1 ] DEBUG AssetLoaderService   - Loading from file system: /assets/textures/Car_Audi_Sport_Quattro_86x145.png
13:38:40.163 [FXGL Background Thread 1 ] INFO  GameApplication      - Game initialization took: 0.032 sec
13:38:40.195 [JavaFX Application Thread] DEBUG Input                - Clearing active input actions
13:38:40.204 [JavaFX Application Thread] DEBUG WindowService        - Removing overlay from FXGLLoadingScene and adding to GameScene
13:38:40.204 [JavaFX Application Thread] DEBUG MainWindow           - FXGLLoadingScene -> GameScene
13:38:41.042 [JavaFX Application Thread] DEBUG AssetLoaderService   - Loading from file system: /assets/textures/potHole.png
13:38:41.460 [JavaFX Application Thread] DEBUG AssetLoaderService   - Loading from cache: /assets/textures/potHole.png
13:38:41.889 [JavaFX Application Thread] DEBUG AssetLoaderService   - Loading from cache: /assets/textures/potHole.png
13:38:42.307 [JavaFX Application Thread] DEBUG AssetLoaderService   - Loading from cache: /assets/textures/potHole.png
13:38:42.736 [JavaFX Application Thread] DEBUG AssetLoaderService   - Loading from cache: /assets/textures/potHole.png
13:38:42.999 [FXGL Background Thread 2 ] DEBUG Engine               - Logging environment variables
13:38:42.999 [FXGL Background Thread 2 ] DEBUG Engine               - achievements: []
13:38:42.999 [FXGL Background Thread 2 ] DEBUG Engine               - language: ObjectProperty [value: ENGLISH]
13:38:42.999 [FXGL Background Thread 2 ] DEBUG Engine               - isCloseConfirmation: false
13:38:42.999 [FXGL Background Thread 2 ] DEBUG Engine               - isProfilingEnabled: false
13:38:43.000 [FXGL Background Thread 2 ] DEBUG Engine               - soundNotification: core/notification.wav
13:38:43.000 [FXGL Background Thread 2 ] DEBUG Engine               - devShowBBoxProperty: BooleanProperty [value: false]
13:38:43.000 [FXGL Background Thread 2 ] DEBUG Engine               - pixelsPerMeter: 50.0
13:38:43.000 [FXGL Background Thread 2 ] DEBUG Engine               - appIcon: fxgl_icon.png
13:38:43.000 [FXGL Background Thread 2 ] DEBUG Engine               - soundMenuBack: menu/back.wav
13:38:43.000 [FXGL Background Thread 2 ] DEBUG Engine               - isFullScreenAllowed: false
13:38:43.000 [FXGL Background Thread 2 ] DEBUG Engine               - isIntroEnabled: false
13:38:43.000 [FXGL Background Thread 2 ] DEBUG Engine               - fontMono: lucida_console.ttf
13:38:43.000 [FXGL Background Thread 2 ] DEBUG Engine               - soundMenuSelect: menu/select.wav
13:38:43.000 [FXGL Background Thread 2 ] DEBUG Engine               - isWindows: true
13:38:43.000 [FXGL Background Thread 2 ] DEBUG Engine               - isMobile: false
13:38:43.000 [FXGL Background Thread 2 ] DEBUG Engine               - isUserProfileEnabled: false
13:38:43.000 [FXGL Background Thread 2 ] DEBUG Engine               - height: 900
13:38:43.000 [FXGL Background Thread 2 ] DEBUG Engine               - isExperimentalNative: false
13:38:43.000 [FXGL Background Thread 2 ] DEBUG Engine               - settings: Title: MooseGame
Version: 0.1
Width: 600
Height: 900
Fullscreen: false
Intro: false
Menus: false
Profiling: false
Single step:false
App Mode: DEVELOPER
Menu Key: ESCAPE
Stage Style: DECORATED
Scene Factory: class com.almasb.fxgl.app.scene.SceneFactory

13:38:43.000 [FXGL Background Thread 2 ] DEBUG Engine               - isSingleStep: false
13:38:43.000 [FXGL Background Thread 2 ] DEBUG Engine               - cSSList: [fxgl_dark.css]
13:38:43.000 [FXGL Background Thread 2 ] DEBUG Engine               - fontGame: Abel-Regular.ttf
13:38:43.001 [FXGL Background Thread 2 ] DEBUG Engine               - menuKey: ESCAPE
13:38:43.001 [FXGL Background Thread 2 ] DEBUG Engine               - devShowPositionProperty: BooleanProperty [value: false]
13:38:43.001 [FXGL Background Thread 2 ] DEBUG Engine               - versionCheckDays: 7
13:38:43.001 [FXGL Background Thread 2 ] DEBUG Engine               - configClass: Optional.empty
13:38:43.001 [FXGL Background Thread 2 ] DEBUG Engine               - isFullScreenFromStart: false
13:38:43.001 [FXGL Background Thread 2 ] DEBUG Engine               - version: 0.1
13:38:43.001 [FXGL Background Thread 2 ] DEBUG Engine               - fullScreen: BooleanProperty [value: false]
13:38:43.001 [FXGL Background Thread 2 ] DEBUG Engine               - randomSeed: -1
13:38:43.001 [FXGL Background Thread 2 ] DEBUG Engine               - gameDifficultyProperty: ObjectProperty [value: MEDIUM]
13:38:43.001 [FXGL Background Thread 2 ] DEBUG Engine               - applicationMode: DEVELOPER
13:38:43.001 [FXGL Background Thread 2 ] DEBUG Engine               - isMac: false
13:38:43.001 [FXGL Background Thread 2 ] DEBUG Engine               - isMenuEnabled: false
13:38:43.001 [FXGL Background Thread 2 ] DEBUG Engine               - urlPOM: https://raw.githubusercontent.com/AlmasB/FXGL/master/pom.xml
13:38:43.001 [FXGL Background Thread 2 ] DEBUG Engine               - profileName: StringProperty [value: DEFAULT]
13:38:43.001 [FXGL Background Thread 2 ] DEBUG Engine               - notificationViewClass: class com.almasb.fxgl.notification.view.XboxNotificationView
13:38:43.001 [FXGL Background Thread 2 ] DEBUG Engine               - devSensorColorProperty: ObjectProperty [value: 0xffff00ff]
13:38:43.001 [FXGL Background Thread 2 ] DEBUG Engine               - sceneFactory: com.almasb.fxgl.app.scene.SceneFactory@11ad1dfc
13:38:43.001 [FXGL Background Thread 2 ] DEBUG Engine               - stageStyle: DECORATED
13:38:43.002 [FXGL Background Thread 2 ] DEBUG Engine               - isManualResizeEnabled: false
13:38:43.002 [FXGL Background Thread 2 ] DEBUG Engine               - title: MooseGame
13:38:43.002 [FXGL Background Thread 2 ] DEBUG Engine               - platform: WINDOWS
13:38:43.002 [FXGL Background Thread 2 ] DEBUG Engine               - devBBoxColorProperty: ObjectProperty [value: 0xff0000ff]
13:38:43.002 [FXGL Background Thread 2 ] DEBUG Engine               - gameDifficulty: MEDIUM
13:38:43.002 [FXGL Background Thread 2 ] DEBUG Engine               - isDesktop: true
13:38:43.002 [FXGL Background Thread 2 ] DEBUG Engine               - supportedLanguages: [ENGLISH, FRENCH, GERMAN, HUNGARIAN, RUSSIAN]
13:38:43.002 [FXGL Background Thread 2 ] DEBUG Engine               - credits: []
13:38:43.002 [FXGL Background Thread 2 ] DEBUG Engine               - globalMusicVolumeProperty: DoubleProperty [value: 0.5]
13:38:43.002 [FXGL Background Thread 2 ] DEBUG Engine               - isPreserveResizeRatio: false
13:38:43.002 [FXGL Background Thread 2 ] DEBUG Engine               - fontText: Courier-Prime.ttf
13:38:43.002 [FXGL Background Thread 2 ] DEBUG Engine               - isExperimentalTiledLargeMap: false
13:38:43.002 [FXGL Background Thread 2 ] DEBUG Engine               - secondsIn24h: 60
13:38:43.002 [FXGL Background Thread 2 ] DEBUG Engine               - runtimeInfo: RuntimeInfo(platform=WINDOWS, version=11.8, build=08.03.2020 09.09)
13:38:43.002 [FXGL Background Thread 2 ] DEBUG Engine               - isLinux: false
13:38:43.002 [FXGL Background Thread 2 ] DEBUG Engine               - soundMenuPress: menu/press.wav
13:38:43.002 [FXGL Background Thread 2 ] DEBUG Engine               - urlGithub: https://github.com/AlmasB/FXGL
13:38:43.002 [FXGL Background Thread 2 ] DEBUG Engine               - profileDir: profiles/
13:38:43.002 [FXGL Background Thread 2 ] DEBUG Engine               - isDeveloperMenuEnabled: false
13:38:43.002 [FXGL Background Thread 2 ] DEBUG Engine               - globalSoundVolumeProperty: DoubleProperty [value: 0.5]
13:38:43.003 [FXGL Background Thread 2 ] DEBUG Engine               - mainWindow: com.almasb.fxgl.app.MainWindow@15928b11
13:38:43.003 [FXGL Background Thread 2 ] DEBUG Engine               - isBrowser: false
13:38:43.003 [FXGL Background Thread 2 ] DEBUG Engine               - urlLeaderboard: http://fxgl-top.herokuapp.com/
13:38:43.003 [FXGL Background Thread 2 ] DEBUG Engine               - globalSoundVolume: 0.5
13:38:43.003 [FXGL Background Thread 2 ] DEBUG Engine               - engineServices: [class com.almasb.fxgl.app.GameApplication$GameApplicationService, class com.almasb.fxgl.app.services.WindowService, class com.almasb.fxgl.app.services.FXGLDialogService, class com.almasb.fxgl.app.services.IOTaskExecutorService, class com.almasb.fxgl.event.EventBusService, class com.almasb.fxgl.io.FileSystemService, class com.almasb.fxgl.localization.LocalizationService, class com.almasb.fxgl.app.services.AssetLoaderService, class com.almasb.fxgl.app.services.SystemBundleService, class com.almasb.fxgl.profile.SaveLoadService, class com.almasb.fxgl.ui.FXGLUIFactoryServiceProvider, class com.almasb.fxgl.ui.FXGLDialogFactoryServiceProvider, class com.almasb.fxgl.audio.AudioPlayer, class com.almasb.fxgl.notification.impl.NotificationServiceProvider, class com.almasb.fxgl.achievement.AchievementService, class com.almasb.fxgl.cutscene.CutsceneService, class com.almasb.fxgl.minigames.MiniGameService, class com.almasb.fxgl.net.NetService, class com.almasb.fxgl.app.services.UpdaterService]
13:38:43.003 [FXGL Background Thread 2 ] DEBUG Engine               - globalMusicVolume: 0.5
13:38:43.003 [FXGL Background Thread 2 ] DEBUG Engine               - width: 600
13:38:43.003 [FXGL Background Thread 2 ] DEBUG Engine               - saveFileExt: sav
13:38:43.003 [FXGL Background Thread 2 ] DEBUG Engine               - isAndroid: false
13:38:43.003 [FXGL Background Thread 2 ] DEBUG Engine               - fontUI: VarelaRound-Regular.ttf
13:38:43.003 [FXGL Background Thread 2 ] DEBUG Engine               - enabledMenuItems: []
13:38:43.003 [FXGL Background Thread 2 ] DEBUG Engine               - isIOS: false
13:38:43.003 [FXGL Background Thread 2 ] DEBUG Engine               - Logging services
13:38:43.003 [FXGL Background Thread 2 ] DEBUG Engine               - class com.almasb.fxgl.app.GameApplication$GameApplicationService
13:38:43.003 [FXGL Background Thread 2 ] DEBUG Engine               - class com.almasb.fxgl.app.services.WindowService
13:38:43.003 [FXGL Background Thread 2 ] DEBUG Engine               - class com.almasb.fxgl.app.services.FXGLDialogService
13:38:43.003 [FXGL Background Thread 2 ] DEBUG Engine               - class com.almasb.fxgl.app.services.IOTaskExecutorService
13:38:43.003 [FXGL Background Thread 2 ] DEBUG Engine               - class com.almasb.fxgl.event.EventBusService
13:38:43.003 [FXGL Background Thread 2 ] DEBUG Engine               - class com.almasb.fxgl.io.FileSystemService
13:38:43.003 [FXGL Background Thread 2 ] DEBUG Engine               - class com.almasb.fxgl.localization.LocalizationService
13:38:43.004 [FXGL Background Thread 2 ] DEBUG Engine               - class com.almasb.fxgl.app.services.AssetLoaderService
13:38:43.004 [FXGL Background Thread 2 ] DEBUG Engine               - class com.almasb.fxgl.app.services.SystemBundleService
13:38:43.004 [FXGL Background Thread 2 ] DEBUG Engine               - class com.almasb.fxgl.profile.SaveLoadService
13:38:43.004 [FXGL Background Thread 2 ] DEBUG Engine               - class com.almasb.fxgl.ui.FXGLUIFactoryServiceProvider
13:38:43.004 [FXGL Background Thread 2 ] DEBUG Engine               - class com.almasb.fxgl.ui.FXGLDialogFactoryServiceProvider
13:38:43.004 [FXGL Background Thread 2 ] DEBUG Engine               - class com.almasb.fxgl.audio.AudioPlayer
13:38:43.004 [FXGL Background Thread 2 ] DEBUG Engine               - class com.almasb.fxgl.notification.impl.NotificationServiceProvider
13:38:43.004 [FXGL Background Thread 2 ] DEBUG Engine               - class com.almasb.fxgl.achievement.AchievementService
13:38:43.004 [FXGL Background Thread 2 ] DEBUG Engine               - class com.almasb.fxgl.cutscene.CutsceneService
13:38:43.004 [FXGL Background Thread 2 ] DEBUG Engine               - class com.almasb.fxgl.minigames.MiniGameService
13:38:43.004 [FXGL Background Thread 2 ] DEBUG Engine               - class com.almasb.fxgl.net.NetService
13:38:43.004 [FXGL Background Thread 2 ] DEBUG Engine               - class com.almasb.fxgl.app.services.UpdaterService
13:38:43.155 [JavaFX Application Thread] DEBUG AssetLoaderService   - Loading from cache: /assets/textures/potHole.png
13:38:43.583 [JavaFX Application Thread] DEBUG AssetLoaderService   - Loading from cache: /assets/textures/potHole.png
13:38:44.000 [JavaFX Application Thread] DEBUG AssetLoaderService   - Loading from cache: /assets/textures/potHole.png
13:38:44.416 [JavaFX Application Thread] DEBUG AssetLoaderService   - Loading from cache: /assets/textures/potHole.png
13:38:44.833 [JavaFX Application Thread] DEBUG AssetLoaderService   - Loading from cache: /assets/textures/potHole.png
13:38:44.961 [JavaFX Application Thread] DEBUG GameApplication      - Exiting FXGL
13:38:44.962 [JavaFX Application Thread] DEBUG LoopRunner           - Stopping loop
13:38:44.962 [JavaFX Application Thread] DEBUG SystemBundleService  - Saving FXGL system data
13:38:44.963 [JavaFX Application Thread] DEBUG FileSystemAccess     - Writing to: C:\Users\micha\Desktop\JavaMooseGame\system\fxgl.bundle
13:38:44.965 [JavaFX Application Thread] DEBUG GameApplication      - Shutting down background threads
13:38:44.965 [JavaFX Application Thread] DEBUG GameApplication      - Closing logger and exiting JavaFX
