13:38:52.863 [main                     ] DEBUG GameApplication      - Logger initialized
13:38:52.869 [main                     ] DEBUG GameApplication      - Logging settings
Title: MooseGame
Version: 0.3
Width: 600
Height: 900
Fullscreen: false
Intro: false
Menus: true
Profiling: false
Single step:false
App Mode: DEVELOPER
Menu Key: ESCAPE
Stage Style: DECORATED
Scene Factory: class com.almasb.fxgl.app.scene.SceneFactory

13:38:53.219 [JavaFX Application Thread] DEBUG GameApplication      - Initializing FXGL
13:38:53.227 [JavaFX Application Thread] INFO  Engine               - FXGL-11.8 (08.03.2020 09.09) on WINDOWS (J:14.0.1 FX:13.0.2)
13:38:53.227 [JavaFX Application Thread] INFO  Engine               - Source code and latest versions at: https://github.com/AlmasB/FXGL
13:38:53.227 [JavaFX Application Thread] INFO  Engine               -              Join the FXGL chat at: https://gitter.im/AlmasB/FXGL
13:38:53.332 [JavaFX Application Thread] DEBUG MainWindow           - Creating a JavaFX scene
13:38:53.372 [JavaFX Application Thread] DEBUG MainWindow           - Target settings size: 600.0 x 900.0
13:38:53.372 [JavaFX Application Thread] DEBUG MainWindow           - Scaled scene size:    600.0 x 900.0
13:38:53.373 [JavaFX Application Thread] DEBUG MainWindow           - Scaled ratio: (1.0, 1.0)
13:38:53.374 [JavaFX Application Thread] DEBUG MainWindow           - Set initial scene to FXGLStartupScene
13:38:53.380 [JavaFX Application Thread] DEBUG MainWindow           - Opening main window
13:38:53.458 [JavaFX Application Thread] DEBUG MainWindow           - Window border size: (16.0, 39.0)
13:38:53.459 [JavaFX Application Thread] DEBUG MainWindow           - Scaled size: 600.0 x 900.0
13:38:53.459 [JavaFX Application Thread] DEBUG MainWindow           - Scaled ratio: (1.0, 1.0)
13:38:53.459 [JavaFX Application Thread] DEBUG MainWindow           - Scene size: 600.0 x 900.0
13:38:53.459 [JavaFX Application Thread] DEBUG MainWindow           - Stage size: 616.0 x 939.0
13:38:53.465 [FXGL Background Thread 1 ] DEBUG Engine               - Initializing environment variables
13:38:53.491 [FXGL Background Thread 1 ] DEBUG WindowService        - Applying CSS: fxgl_dark.css
13:38:53.492 [FXGL Background Thread 1 ] DEBUG AssetLoaderService   - Loading from file system: /assets/ui/css/fxgl_dark.css
13:38:53.527 [FXGL Background Thread 1 ] DEBUG WindowService        - Initializing application scenes
13:38:53.552 [FXGL Background Thread 1 ] DEBUG GameWorld            - Game world initialized
13:38:53.581 [FXGL Background Thread 1 ] DEBUG PhysicsWorld         - Physics world initialized: appHeight=900, physics.ppm=50.0
13:38:53.582 [FXGL Background Thread 1 ] DEBUG GameScene            - Game scene initialized: 600x900
13:38:53.602 [FXGL Background Thread 1 ] DEBUG AssetLoaderService   - Loading from file system: /assets/textures/particles/trace_horizontal.png
13:38:53.646 [FXGL Background Thread 1 ] WARN  FXGL.DefaultMenu     - FXGLDefaultMenu is not designed for resolutions < 800x600
13:38:53.647 [FXGL Background Thread 1 ] DEBUG FXGL.DefaultMenu     - createMenuBodyMainMenu()
13:38:53.661 [FXGL Background Thread 1 ] DEBUG FXGL.DefaultMenu     - createOptionsMenu()
13:38:53.664 [FXGL Background Thread 1 ] DEBUG AssetLoaderService   - Loading from file system: /assets/textures/particles/smoke.png
13:38:53.714 [FXGL Background Thread 1 ] DEBUG AssetLoaderService   - Loading from cache: /assets/textures/particles/trace_horizontal.png@64.0x64.0
13:38:53.715 [FXGL Background Thread 1 ] WARN  FXGL.DefaultMenu     - FXGLDefaultMenu is not designed for resolutions < 800x600
13:38:53.715 [FXGL Background Thread 1 ] DEBUG FXGL.DefaultMenu     - createMenuBodyGameMenu()
13:38:53.716 [FXGL Background Thread 1 ] DEBUG FXGL.DefaultMenu     - createOptionsMenu()
13:38:53.717 [FXGL Background Thread 1 ] DEBUG AssetLoaderService   - Loading from cache: /assets/textures/particles/smoke.png@128.0x128.0
13:38:53.728 [FXGL Background Thread 1 ] DEBUG WindowService        - Application scenes initialized
13:38:53.735 [FXGL Background Thread 1 ] DEBUG SystemBundleService  - Loading FXGL system data
13:38:53.738 [FXGL Background Thread 1 ] DEBUG FileSystemAccess     - Reading from: C:\Users\micha\Desktop\JavaMooseGame\system\fxgl.bundle
13:38:53.742 [FXGL Background Thread 1 ] DEBUG SystemBundleService  - Bundle FXGL: {}
13:38:53.742 [FXGL Background Thread 1 ] INFO  Engine               - FXGL initialization took: 0.275 sec
13:38:53.743 [FXGL Background Thread 1 ] DEBUG GameApplication      - Loading localizations
13:38:53.744 [FXGL Background Thread 1 ] DEBUG AssetLoaderService   - Loading from file system: /assets/properties/languages/english.properties
13:38:53.745 [FXGL Background Thread 1 ] DEBUG AssetLoaderService   - Loading from file system: /assets/properties/languages/french.properties
13:38:53.746 [FXGL Background Thread 1 ] DEBUG AssetLoaderService   - Loading from file system: /assets/properties/languages/german.properties
13:38:53.747 [FXGL Background Thread 1 ] DEBUG AssetLoaderService   - Loading from file system: /assets/properties/languages/hungarian.properties
13:38:53.748 [FXGL Background Thread 1 ] DEBUG AssetLoaderService   - Loading from file system: /assets/properties/languages/russian.properties
13:38:53.749 [FXGL Background Thread 1 ] DEBUG GameApplication      - Registering font factories with UI factory
13:38:53.749 [FXGL Background Thread 1 ] DEBUG AssetLoaderService   - Loading from file system: /assets/ui/fonts/VarelaRound-Regular.ttf
13:38:53.789 [FXGL Background Thread 1 ] DEBUG AssetLoaderService   - Loading from file system: /assets/ui/fonts/Abel-Regular.ttf
13:38:53.797 [FXGL Background Thread 1 ] DEBUG AssetLoaderService   - Loading from file system: /assets/ui/fonts/lucida_console.ttf
13:38:53.805 [FXGL Background Thread 1 ] DEBUG AssetLoaderService   - Loading from file system: /assets/ui/fonts/Courier-Prime.ttf
13:38:53.820 [JavaFX Application Thread] DEBUG Input                - Registered new binding: action0 - A
13:38:53.820 [JavaFX Application Thread] DEBUG Input                - Registered new binding: action1 - S
13:38:53.821 [JavaFX Application Thread] DEBUG Input                - Registered new binding: action2 - D
13:38:53.821 [JavaFX Application Thread] DEBUG Input                - Registered new binding: action3 - W
13:38:53.821 [JavaFX Application Thread] DEBUG Input                - Registered new binding: action4 - Space
13:38:53.821 [JavaFX Application Thread] DEBUG Input                - Registered new binding: action5 - Left
13:38:53.821 [JavaFX Application Thread] DEBUG Input                - Registered new binding: action6 - Down
13:38:53.822 [JavaFX Application Thread] DEBUG Input                - Registered new binding: action7 - Right
13:38:53.822 [JavaFX Application Thread] DEBUG Input                - Registered new binding: action8 - Up
13:38:53.822 [JavaFX Application Thread] DEBUG AssetLoaderService   - Loading from file system: /assets/textures/fxgl_icon.png
13:38:53.837 [JavaFX Application Thread] DEBUG AssetLoaderService   - Loading from file system: /assets/ui/cursors/fxgl_default.png
13:38:53.839 [JavaFX Application Thread] DEBUG Input                - Registered new binding: Screenshot - P
13:38:53.839 [JavaFX Application Thread] DEBUG Input                - Registered new binding: System info dump - CTRL+9
13:38:53.840 [JavaFX Application Thread] DEBUG Input                - Registered new binding: Restart - CTRL+R
13:38:53.840 [JavaFX Application Thread] DEBUG LoopRunner           - Starting loop
13:38:53.846 [JavaFX Application Thread] DEBUG FXGLStartupScene     - STARTUP
13:38:53.850 [JavaFX Application Thread] DEBUG Input                - Clearing active input actions
13:38:53.864 [JavaFX Application Thread] DEBUG WindowService        - Removing overlay from FXGLStartupScene and adding to FXGLDefaultMenu
13:38:53.865 [JavaFX Application Thread] DEBUG MainWindow           - FXGLStartupScene -> FXGLDefaultMenu
13:38:54.568 [JavaFX Application Thread] DEBUG Menu                 - fireNewGame()
13:38:54.568 [JavaFX Application Thread] DEBUG WindowService        - Starting new game
13:38:54.569 [JavaFX Application Thread] DEBUG Input                - Clearing active input actions
13:38:54.577 [JavaFX Application Thread] DEBUG WindowService        - Removing overlay from FXGLDefaultMenu and adding to FXGLLoadingScene
13:38:54.577 [JavaFX Application Thread] DEBUG MainWindow           - FXGLDefaultMenu -> FXGLLoadingScene
13:38:54.577 [JavaFX Application Thread] DEBUG WindowService        - Clearing previous game
13:38:54.577 [JavaFX Application Thread] DEBUG GameScene            - Clearing game scene
13:38:54.578 [JavaFX Application Thread] DEBUG GameWorld            - Clearing game world
13:38:54.578 [JavaFX Application Thread] DEBUG PhysicsWorld         - Clearing physics world
13:38:54.579 [FXGL Background Thread 1 ] DEBUG GameApplication      - Initializing game
13:38:54.580 [FXGL Background Thread 1 ] DEBUG AssetLoaderService   - Loading from file system: /assets/music/Poisoncut_-_Phantom_Of_The_Road__8-Bit_Rally_Soundtrack_.mp3
13:38:54.704 [FXGL Background Thread 1 ] DEBUG AudioPlayer          - Playing music com.almasb.fxgl.audio.Music@59252c3a
13:38:54.713 [FXGL Background Thread 1 ] DEBUG AssetLoaderService   - Loading from file system: /assets/textures/road_with_patches.png
13:38:54.722 [FXGL Background Thread 1 ] DEBUG AssetLoaderService   - Loading from cache: /assets/textures/road_with_patches.png
13:38:54.724 [FXGL Background Thread 1 ] DEBUG AssetLoaderService   - Loading from file system: /assets/textures/Car_Audi_Sport_Quattro_86x145.png
13:38:54.736 [FXGL Background Thread 1 ] DEBUG AssetLoaderService   - Loading from file system: /assets/textures/signpost.png
13:38:54.740 [FXGL Background Thread 1 ] DEBUG AssetLoaderService   - Loading from file system: /assets/ui/moosegame_ui.fxml
13:38:54.805 [FXGL Background Thread 1 ] INFO  GameApplication      - Game initialization took: 0.226 sec
13:38:54.807 [JavaFX Application Thread] DEBUG Input                - Clearing active input actions
13:38:54.813 [JavaFX Application Thread] DEBUG WindowService        - Removing overlay from FXGLLoadingScene and adding to GameScene
13:38:54.814 [JavaFX Application Thread] DEBUG MainWindow           - FXGLLoadingScene -> GameScene
13:38:56.077 [JavaFX Application Thread] DEBUG AssetLoaderService   - Loading from file system: /assets/textures/mooseWalkAnimation.png
13:38:56.744 [FXGL Background Thread 2 ] DEBUG Engine               - Logging environment variables
13:38:56.744 [FXGL Background Thread 2 ] DEBUG Engine               - achievements: []
13:38:56.744 [FXGL Background Thread 2 ] DEBUG Engine               - language: ObjectProperty [value: ENGLISH]
13:38:56.744 [FXGL Background Thread 2 ] DEBUG Engine               - isCloseConfirmation: false
13:38:56.744 [FXGL Background Thread 2 ] DEBUG Engine               - isProfilingEnabled: false
13:38:56.744 [FXGL Background Thread 2 ] DEBUG Engine               - soundNotification: core/notification.wav
13:38:56.744 [FXGL Background Thread 2 ] DEBUG Engine               - devShowBBoxProperty: BooleanProperty [value: false]
13:38:56.744 [FXGL Background Thread 2 ] DEBUG Engine               - pixelsPerMeter: 50.0
13:38:56.744 [FXGL Background Thread 2 ] DEBUG Engine               - appIcon: fxgl_icon.png
13:38:56.744 [FXGL Background Thread 2 ] DEBUG Engine               - soundMenuBack: menu/back.wav
13:38:56.744 [FXGL Background Thread 2 ] DEBUG Engine               - isFullScreenAllowed: false
13:38:56.744 [FXGL Background Thread 2 ] DEBUG Engine               - isIntroEnabled: false
13:38:56.744 [FXGL Background Thread 2 ] DEBUG Engine               - fontMono: lucida_console.ttf
13:38:56.744 [FXGL Background Thread 2 ] DEBUG Engine               - soundMenuSelect: menu/select.wav
13:38:56.745 [FXGL Background Thread 2 ] DEBUG Engine               - isWindows: true
13:38:56.745 [FXGL Background Thread 2 ] DEBUG Engine               - isMobile: false
13:38:56.745 [FXGL Background Thread 2 ] DEBUG Engine               - isUserProfileEnabled: false
13:38:56.745 [FXGL Background Thread 2 ] DEBUG Engine               - height: 900
13:38:56.745 [FXGL Background Thread 2 ] DEBUG Engine               - isExperimentalNative: false
13:38:56.745 [FXGL Background Thread 2 ] DEBUG Engine               - settings: Title: MooseGame
Version: 0.3
Width: 600
Height: 900
Fullscreen: false
Intro: false
Menus: true
Profiling: false
Single step:false
App Mode: DEVELOPER
Menu Key: ESCAPE
Stage Style: DECORATED
Scene Factory: class com.almasb.fxgl.app.scene.SceneFactory

13:38:56.745 [FXGL Background Thread 2 ] DEBUG Engine               - isSingleStep: false
13:38:56.745 [FXGL Background Thread 2 ] DEBUG Engine               - cSSList: [fxgl_dark.css]
13:38:56.745 [FXGL Background Thread 2 ] DEBUG Engine               - fontGame: Abel-Regular.ttf
13:38:56.745 [FXGL Background Thread 2 ] DEBUG Engine               - menuKey: ESCAPE
13:38:56.745 [FXGL Background Thread 2 ] DEBUG Engine               - devShowPositionProperty: BooleanProperty [value: false]
13:38:56.745 [FXGL Background Thread 2 ] DEBUG Engine               - versionCheckDays: 7
13:38:56.745 [FXGL Background Thread 2 ] DEBUG Engine               - configClass: Optional.empty
13:38:56.745 [FXGL Background Thread 2 ] DEBUG Engine               - isFullScreenFromStart: false
13:38:56.745 [FXGL Background Thread 2 ] DEBUG Engine               - version: 0.3
13:38:56.745 [FXGL Background Thread 2 ] DEBUG Engine               - fullScreen: BooleanProperty [value: false]
13:38:56.745 [FXGL Background Thread 2 ] DEBUG Engine               - randomSeed: -1
13:38:56.745 [FXGL Background Thread 2 ] DEBUG Engine               - gameDifficultyProperty: ObjectProperty [value: MEDIUM]
13:38:56.745 [FXGL Background Thread 2 ] DEBUG Engine               - applicationMode: DEVELOPER
13:38:56.745 [FXGL Background Thread 2 ] DEBUG Engine               - isMac: false
13:38:56.745 [FXGL Background Thread 2 ] DEBUG Engine               - isMenuEnabled: true
13:38:56.745 [FXGL Background Thread 2 ] DEBUG Engine               - urlPOM: https://raw.githubusercontent.com/AlmasB/FXGL/master/pom.xml
13:38:56.746 [FXGL Background Thread 2 ] DEBUG Engine               - profileName: StringProperty [value: DEFAULT]
13:38:56.746 [FXGL Background Thread 2 ] DEBUG Engine               - notificationViewClass: class com.almasb.fxgl.notification.view.XboxNotificationView
13:38:56.746 [FXGL Background Thread 2 ] DEBUG Engine               - devSensorColorProperty: ObjectProperty [value: 0xffff00ff]
13:38:56.746 [FXGL Background Thread 2 ] DEBUG Engine               - sceneFactory: com.almasb.fxgl.app.scene.SceneFactory@6d5cbd03
13:38:56.746 [FXGL Background Thread 2 ] DEBUG Engine               - stageStyle: DECORATED
13:38:56.746 [FXGL Background Thread 2 ] DEBUG Engine               - isManualResizeEnabled: false
13:38:56.746 [FXGL Background Thread 2 ] DEBUG Engine               - title: MooseGame
13:38:56.746 [FXGL Background Thread 2 ] DEBUG Engine               - platform: WINDOWS
13:38:56.746 [FXGL Background Thread 2 ] DEBUG Engine               - devBBoxColorProperty: ObjectProperty [value: 0xff0000ff]
13:38:56.746 [FXGL Background Thread 2 ] DEBUG Engine               - gameDifficulty: MEDIUM
13:38:56.746 [FXGL Background Thread 2 ] DEBUG Engine               - isDesktop: true
13:38:56.746 [FXGL Background Thread 2 ] DEBUG Engine               - supportedLanguages: [ENGLISH, FRENCH, GERMAN, HUNGARIAN, RUSSIAN]
13:38:56.746 [FXGL Background Thread 2 ] DEBUG Engine               - credits: []
13:38:56.746 [FXGL Background Thread 2 ] DEBUG Engine               - globalMusicVolumeProperty: DoubleProperty [value: 0.5]
13:38:56.746 [FXGL Background Thread 2 ] DEBUG Engine               - isPreserveResizeRatio: false
13:38:56.746 [FXGL Background Thread 2 ] DEBUG Engine               - fontText: Courier-Prime.ttf
13:38:56.746 [FXGL Background Thread 2 ] DEBUG Engine               - isExperimentalTiledLargeMap: false
13:38:56.746 [FXGL Background Thread 2 ] DEBUG Engine               - secondsIn24h: 60
13:38:56.746 [FXGL Background Thread 2 ] DEBUG Engine               - runtimeInfo: RuntimeInfo(platform=WINDOWS, version=11.8, build=08.03.2020 09.09)
13:38:56.746 [FXGL Background Thread 2 ] DEBUG Engine               - isLinux: false
13:38:56.747 [FXGL Background Thread 2 ] DEBUG Engine               - soundMenuPress: menu/press.wav
13:38:56.747 [FXGL Background Thread 2 ] DEBUG Engine               - urlGithub: https://github.com/AlmasB/FXGL
13:38:56.747 [FXGL Background Thread 2 ] DEBUG Engine               - profileDir: profiles/
13:38:56.747 [FXGL Background Thread 2 ] DEBUG Engine               - isDeveloperMenuEnabled: false
13:38:56.747 [FXGL Background Thread 2 ] DEBUG Engine               - globalSoundVolumeProperty: DoubleProperty [value: 0.5]
13:38:56.747 [FXGL Background Thread 2 ] DEBUG Engine               - mainWindow: com.almasb.fxgl.app.MainWindow@69633470
13:38:56.747 [FXGL Background Thread 2 ] DEBUG Engine               - isBrowser: false
13:38:56.747 [FXGL Background Thread 2 ] DEBUG Engine               - globalSoundVolume: 0.5
13:38:56.747 [FXGL Background Thread 2 ] DEBUG Engine               - urlLeaderboard: http://fxgl-top.herokuapp.com/
13:38:56.747 [FXGL Background Thread 2 ] DEBUG Engine               - engineServices: [class com.almasb.fxgl.app.GameApplication$GameApplicationService, class com.almasb.fxgl.app.services.WindowService, class com.almasb.fxgl.app.services.FXGLDialogService, class com.almasb.fxgl.app.services.IOTaskExecutorService, class com.almasb.fxgl.event.EventBusService, class com.almasb.fxgl.io.FileSystemService, class com.almasb.fxgl.localization.LocalizationService, class com.almasb.fxgl.app.services.AssetLoaderService, class com.almasb.fxgl.app.services.SystemBundleService, class com.almasb.fxgl.profile.SaveLoadService, class com.almasb.fxgl.ui.FXGLUIFactoryServiceProvider, class com.almasb.fxgl.ui.FXGLDialogFactoryServiceProvider, class com.almasb.fxgl.audio.AudioPlayer, class com.almasb.fxgl.notification.impl.NotificationServiceProvider, class com.almasb.fxgl.achievement.AchievementService, class com.almasb.fxgl.cutscene.CutsceneService, class com.almasb.fxgl.minigames.MiniGameService, class com.almasb.fxgl.net.NetService, class com.almasb.fxgl.app.services.UpdaterService]
13:38:56.747 [FXGL Background Thread 2 ] DEBUG Engine               - globalMusicVolume: 0.5
13:38:56.747 [FXGL Background Thread 2 ] DEBUG Engine               - width: 600
13:38:56.747 [FXGL Background Thread 2 ] DEBUG Engine               - saveFileExt: sav
13:38:56.747 [FXGL Background Thread 2 ] DEBUG Engine               - isAndroid: false
13:38:56.747 [FXGL Background Thread 2 ] DEBUG Engine               - fontUI: VarelaRound-Regular.ttf
13:38:56.747 [FXGL Background Thread 2 ] DEBUG Engine               - enabledMenuItems: []
13:38:56.747 [FXGL Background Thread 2 ] DEBUG Engine               - isIOS: false
13:38:56.747 [FXGL Background Thread 2 ] DEBUG Engine               - Logging services
13:38:56.747 [FXGL Background Thread 2 ] DEBUG Engine               - class com.almasb.fxgl.app.GameApplication$GameApplicationService
13:38:56.747 [FXGL Background Thread 2 ] DEBUG Engine               - class com.almasb.fxgl.app.services.WindowService
13:38:56.748 [FXGL Background Thread 2 ] DEBUG Engine               - class com.almasb.fxgl.app.services.FXGLDialogService
13:38:56.748 [FXGL Background Thread 2 ] DEBUG Engine               - class com.almasb.fxgl.app.services.IOTaskExecutorService
13:38:56.748 [FXGL Background Thread 2 ] DEBUG Engine               - class com.almasb.fxgl.event.EventBusService
13:38:56.748 [FXGL Background Thread 2 ] DEBUG Engine               - class com.almasb.fxgl.io.FileSystemService
13:38:56.748 [FXGL Background Thread 2 ] DEBUG Engine               - class com.almasb.fxgl.localization.LocalizationService
13:38:56.748 [FXGL Background Thread 2 ] DEBUG Engine               - class com.almasb.fxgl.app.services.AssetLoaderService
13:38:56.748 [FXGL Background Thread 2 ] DEBUG Engine               - class com.almasb.fxgl.app.services.SystemBundleService
13:38:56.748 [FXGL Background Thread 2 ] DEBUG Engine               - class com.almasb.fxgl.profile.SaveLoadService
13:38:56.748 [FXGL Background Thread 2 ] DEBUG Engine               - class com.almasb.fxgl.ui.FXGLUIFactoryServiceProvider
13:38:56.748 [FXGL Background Thread 2 ] DEBUG Engine               - class com.almasb.fxgl.ui.FXGLDialogFactoryServiceProvider
13:38:56.748 [FXGL Background Thread 2 ] DEBUG Engine               - class com.almasb.fxgl.audio.AudioPlayer
13:38:56.748 [FXGL Background Thread 2 ] DEBUG Engine               - class com.almasb.fxgl.notification.impl.NotificationServiceProvider
13:38:56.748 [FXGL Background Thread 2 ] DEBUG Engine               - class com.almasb.fxgl.achievement.AchievementService
13:38:56.748 [FXGL Background Thread 2 ] DEBUG Engine               - class com.almasb.fxgl.cutscene.CutsceneService
13:38:56.748 [FXGL Background Thread 2 ] DEBUG Engine               - class com.almasb.fxgl.minigames.MiniGameService
13:38:56.748 [FXGL Background Thread 2 ] DEBUG Engine               - class com.almasb.fxgl.net.NetService
13:38:56.748 [FXGL Background Thread 2 ] DEBUG Engine               - class com.almasb.fxgl.app.services.UpdaterService
13:38:57.341 [JavaFX Application Thread] DEBUG AssetLoaderService   - Loading from cache: /assets/textures/mooseWalkAnimation.png
13:38:57.730 [JavaFX Application Thread] DEBUG GameApplication      - Exiting FXGL
13:38:57.731 [JavaFX Application Thread] DEBUG LoopRunner           - Stopping loop
13:38:57.731 [JavaFX Application Thread] DEBUG SystemBundleService  - Saving FXGL system data
13:38:57.732 [JavaFX Application Thread] DEBUG FileSystemAccess     - Writing to: C:\Users\micha\Desktop\JavaMooseGame\system\fxgl.bundle
13:38:57.733 [JavaFX Application Thread] DEBUG GameApplication      - Shutting down background threads
13:38:57.733 [JavaFX Application Thread] DEBUG GameApplication      - Closing logger and exiting JavaFX
