13:41:26.365 [main                     ] DEBUG GameApplication      - Logger initialized
13:41:26.369 [main                     ] DEBUG GameApplication      - Logging settings
Title: MooseGame
Version: 0.2
Width: 600
Height: 900
Fullscreen: false
Intro: false
Menus: true
Profiling: false
Single step:false
App Mode: DEVELOPER
Menu Key: ESCAPE
Stage Style: DECORATED
Scene Factory: class com.almasb.fxgl.app.scene.SceneFactory

13:41:26.700 [JavaFX Application Thread] DEBUG GameApplication      - Initializing FXGL
13:41:26.708 [JavaFX Application Thread] INFO  Engine               - FXGL-11.8 (08.03.2020 09.09) on WINDOWS (J:14.0.1 FX:13.0.2)
13:41:26.708 [JavaFX Application Thread] INFO  Engine               - Source code and latest versions at: https://github.com/AlmasB/FXGL
13:41:26.708 [JavaFX Application Thread] INFO  Engine               -              Join the FXGL chat at: https://gitter.im/AlmasB/FXGL
13:41:26.814 [JavaFX Application Thread] DEBUG MainWindow           - Creating a JavaFX scene
13:41:26.859 [JavaFX Application Thread] DEBUG MainWindow           - Target settings size: 600.0 x 900.0
13:41:26.859 [JavaFX Application Thread] DEBUG MainWindow           - Scaled scene size:    600.0 x 900.0
13:41:26.859 [JavaFX Application Thread] DEBUG MainWindow           - Scaled ratio: (1.0, 1.0)
13:41:26.861 [JavaFX Application Thread] DEBUG MainWindow           - Set initial scene to FXGLStartupScene
13:41:26.867 [JavaFX Application Thread] DEBUG MainWindow           - Opening main window
13:41:26.948 [JavaFX Application Thread] DEBUG MainWindow           - Window border size: (16.0, 39.0)
13:41:26.948 [JavaFX Application Thread] DEBUG MainWindow           - Scaled size: 600.0 x 900.0
13:41:26.948 [JavaFX Application Thread] DEBUG MainWindow           - Scaled ratio: (1.0, 1.0)
13:41:26.948 [JavaFX Application Thread] DEBUG MainWindow           - Scene size: 600.0 x 900.0
13:41:26.948 [JavaFX Application Thread] DEBUG MainWindow           - Stage size: 616.0 x 939.0
13:41:26.955 [FXGL Background Thread 1 ] DEBUG Engine               - Initializing environment variables
13:41:26.979 [FXGL Background Thread 1 ] DEBUG WindowService        - Applying CSS: fxgl_dark.css
13:41:26.980 [FXGL Background Thread 1 ] DEBUG AssetLoaderService   - Loading from file system: /assets/ui/css/fxgl_dark.css
13:41:27.017 [FXGL Background Thread 1 ] DEBUG WindowService        - Initializing application scenes
13:41:27.043 [FXGL Background Thread 1 ] DEBUG GameWorld            - Game world initialized
13:41:27.073 [FXGL Background Thread 1 ] DEBUG PhysicsWorld         - Physics world initialized: appHeight=900, physics.ppm=50.0
13:41:27.075 [FXGL Background Thread 1 ] DEBUG GameScene            - Game scene initialized: 600x900
13:41:27.099 [FXGL Background Thread 1 ] DEBUG AssetLoaderService   - Loading from file system: /assets/textures/particles/trace_horizontal.png
13:41:27.142 [FXGL Background Thread 1 ] WARN  FXGL.DefaultMenu     - FXGLDefaultMenu is not designed for resolutions < 800x600
13:41:27.142 [FXGL Background Thread 1 ] DEBUG FXGL.DefaultMenu     - createMenuBodyMainMenu()
13:41:27.154 [FXGL Background Thread 1 ] DEBUG FXGL.DefaultMenu     - createOptionsMenu()
13:41:27.157 [FXGL Background Thread 1 ] DEBUG AssetLoaderService   - Loading from file system: /assets/textures/particles/smoke.png
13:41:27.210 [FXGL Background Thread 1 ] DEBUG AssetLoaderService   - Loading from cache: /assets/textures/particles/trace_horizontal.png@64.0x64.0
13:41:27.211 [FXGL Background Thread 1 ] WARN  FXGL.DefaultMenu     - FXGLDefaultMenu is not designed for resolutions < 800x600
13:41:27.211 [FXGL Background Thread 1 ] DEBUG FXGL.DefaultMenu     - createMenuBodyGameMenu()
13:41:27.212 [FXGL Background Thread 1 ] DEBUG FXGL.DefaultMenu     - createOptionsMenu()
13:41:27.214 [FXGL Background Thread 1 ] DEBUG AssetLoaderService   - Loading from cache: /assets/textures/particles/smoke.png@128.0x128.0
13:41:27.226 [FXGL Background Thread 1 ] DEBUG WindowService        - Application scenes initialized
13:41:27.233 [FXGL Background Thread 1 ] DEBUG SystemBundleService  - Loading FXGL system data
13:41:27.236 [FXGL Background Thread 1 ] DEBUG FileSystemAccess     - Reading from: C:\Users\micha\Desktop\JavaMooseGame\system\fxgl.bundle
13:41:27.240 [FXGL Background Thread 1 ] DEBUG SystemBundleService  - Bundle FXGL: {}
13:41:27.241 [FXGL Background Thread 1 ] INFO  Engine               - FXGL initialization took: 0.284 sec
13:41:27.242 [FXGL Background Thread 1 ] DEBUG GameApplication      - Loading localizations
13:41:27.242 [FXGL Background Thread 1 ] DEBUG AssetLoaderService   - Loading from file system: /assets/properties/languages/english.properties
13:41:27.243 [FXGL Background Thread 1 ] DEBUG AssetLoaderService   - Loading from file system: /assets/properties/languages/french.properties
13:41:27.244 [FXGL Background Thread 1 ] DEBUG AssetLoaderService   - Loading from file system: /assets/properties/languages/german.properties
13:41:27.245 [FXGL Background Thread 1 ] DEBUG AssetLoaderService   - Loading from file system: /assets/properties/languages/hungarian.properties
13:41:27.246 [FXGL Background Thread 1 ] DEBUG AssetLoaderService   - Loading from file system: /assets/properties/languages/russian.properties
13:41:27.247 [FXGL Background Thread 1 ] DEBUG GameApplication      - Registering font factories with UI factory
13:41:27.248 [FXGL Background Thread 1 ] DEBUG AssetLoaderService   - Loading from file system: /assets/ui/fonts/VarelaRound-Regular.ttf
13:41:27.295 [FXGL Background Thread 1 ] DEBUG AssetLoaderService   - Loading from file system: /assets/ui/fonts/Abel-Regular.ttf
13:41:27.303 [FXGL Background Thread 1 ] DEBUG AssetLoaderService   - Loading from file system: /assets/ui/fonts/lucida_console.ttf
13:41:27.313 [FXGL Background Thread 1 ] DEBUG AssetLoaderService   - Loading from file system: /assets/ui/fonts/Courier-Prime.ttf
13:41:27.328 [JavaFX Application Thread] DEBUG Input                - Registered new binding: action0 - A
13:41:27.328 [JavaFX Application Thread] DEBUG Input                - Registered new binding: action1 - S
13:41:27.329 [JavaFX Application Thread] DEBUG Input                - Registered new binding: action2 - D
13:41:27.329 [JavaFX Application Thread] DEBUG Input                - Registered new binding: action3 - W
13:41:27.329 [JavaFX Application Thread] DEBUG Input                - Registered new binding: action4 - Space
13:41:27.329 [JavaFX Application Thread] DEBUG Input                - Registered new binding: action5 - Left
13:41:27.330 [JavaFX Application Thread] DEBUG Input                - Registered new binding: action6 - Down
13:41:27.330 [JavaFX Application Thread] DEBUG Input                - Registered new binding: action7 - Right
13:41:27.330 [JavaFX Application Thread] DEBUG Input                - Registered new binding: action8 - Up
13:41:27.330 [JavaFX Application Thread] DEBUG AssetLoaderService   - Loading from file system: /assets/textures/fxgl_icon.png
13:41:27.346 [JavaFX Application Thread] DEBUG AssetLoaderService   - Loading from file system: /assets/ui/cursors/fxgl_default.png
13:41:27.348 [JavaFX Application Thread] DEBUG Input                - Registered new binding: Screenshot - P
13:41:27.348 [JavaFX Application Thread] DEBUG Input                - Registered new binding: System info dump - CTRL+9
13:41:27.348 [JavaFX Application Thread] DEBUG Input                - Registered new binding: Restart - CTRL+R
13:41:27.349 [JavaFX Application Thread] DEBUG LoopRunner           - Starting loop
13:41:27.363 [JavaFX Application Thread] DEBUG FXGLStartupScene     - STARTUP
13:41:27.366 [JavaFX Application Thread] DEBUG Input                - Clearing active input actions
13:41:27.383 [JavaFX Application Thread] DEBUG WindowService        - Removing overlay from FXGLStartupScene and adding to FXGLDefaultMenu
13:41:27.383 [JavaFX Application Thread] DEBUG MainWindow           - FXGLStartupScene -> FXGLDefaultMenu
13:41:28.897 [JavaFX Application Thread] DEBUG GameApplication      - Exiting FXGL
13:41:28.897 [JavaFX Application Thread] DEBUG LoopRunner           - Stopping loop
13:41:28.897 [JavaFX Application Thread] DEBUG SystemBundleService  - Saving FXGL system data
13:41:28.899 [JavaFX Application Thread] DEBUG FileSystemAccess     - Writing to: C:\Users\micha\Desktop\JavaMooseGame\system\fxgl.bundle
13:41:28.900 [JavaFX Application Thread] DEBUG GameApplication      - Shutting down background threads
13:41:28.900 [JavaFX Application Thread] DEBUG GameApplication      - Closing logger and exiting JavaFX
