11:40:42.248 [main                     ] DEBUG GameApplication      - Logger initialized
11:40:42.257 [main                     ] DEBUG GameApplication      - Logging settings
Title: MooseGame
Version: 0.3
Width: 600
Height: 900
Fullscreen: false
Intro: false
Menus: true
Profiling: false
Single step:false
App Mode: DEVELOPER
Menu Key: ESCAPE
Stage Style: DECORATED
Scene Factory: class com.almasb.fxgl.app.scene.SceneFactory

11:40:42.800 [JavaFX Application Thread] DEBUG GameApplication      - Initializing FXGL
11:40:42.813 [JavaFX Application Thread] INFO  Engine               - FXGL-11.8 (08.03.2020 09.09) on WINDOWS (J:14.0.1 FX:13.0.2)
11:40:42.814 [JavaFX Application Thread] INFO  Engine               - Source code and latest versions at: https://github.com/AlmasB/FXGL
11:40:42.814 [JavaFX Application Thread] INFO  Engine               -              Join the FXGL chat at: https://gitter.im/AlmasB/FXGL
11:40:43.052 [JavaFX Application Thread] DEBUG MainWindow           - Creating a JavaFX scene
11:40:43.052 [JavaFX Application Thread] DEBUG MainWindow           - Target size > screen size
11:40:43.160 [JavaFX Application Thread] DEBUG MainWindow           - Target settings size: 600.0 x 900.0
11:40:43.160 [JavaFX Application Thread] DEBUG MainWindow           - Scaled scene size:    548.0 x 859.0
11:40:43.160 [JavaFX Application Thread] DEBUG MainWindow           - Scaled ratio: (0.9133333333333333, 0.9544444444444444)
11:40:43.162 [JavaFX Application Thread] DEBUG MainWindow           - Set initial scene to FXGLStartupScene
11:40:43.172 [JavaFX Application Thread] DEBUG MainWindow           - Opening main window
11:40:43.314 [JavaFX Application Thread] DEBUG MainWindow           - Window border size: (16.0, 39.0)
11:40:43.314 [JavaFX Application Thread] DEBUG MainWindow           - Scaled size: 548.0 x 859.0
11:40:43.315 [JavaFX Application Thread] DEBUG MainWindow           - Scaled ratio: (0.9133333333333333, 0.9544444444444444)
11:40:43.315 [JavaFX Application Thread] DEBUG MainWindow           - Scene size: 548.0 x 859.0
11:40:43.315 [JavaFX Application Thread] DEBUG MainWindow           - Stage size: 564.0 x 898.0
11:40:43.366 [FXGL Background Thread 1 ] DEBUG Engine               - Initializing environment variables
11:40:43.405 [FXGL Background Thread 1 ] DEBUG WindowService        - Applying CSS: fxgl_dark.css
11:40:43.405 [FXGL Background Thread 1 ] DEBUG AssetLoaderService   - Loading from file system: /assets/ui/css/fxgl_dark.css
11:40:43.468 [FXGL Background Thread 1 ] DEBUG WindowService        - Initializing application scenes
11:40:43.618 [FXGL Background Thread 1 ] DEBUG GameWorld            - Game world initialized
11:40:43.667 [FXGL Background Thread 1 ] DEBUG PhysicsWorld         - Physics world initialized: appHeight=900, physics.ppm=50.0
11:40:43.686 [FXGL Background Thread 1 ] DEBUG GameScene            - Game scene initialized: 600x900
11:40:43.725 [FXGL Background Thread 1 ] DEBUG AssetLoaderService   - Loading from file system: /assets/textures/particles/trace_horizontal.png
11:40:43.819 [FXGL Background Thread 1 ] WARN  FXGL.DefaultMenu     - FXGLDefaultMenu is not designed for resolutions < 800x600
11:40:43.820 [FXGL Background Thread 1 ] DEBUG FXGL.DefaultMenu     - createMenuBodyMainMenu()
11:40:43.845 [FXGL Background Thread 1 ] DEBUG FXGL.DefaultMenu     - createOptionsMenu()
11:40:43.852 [FXGL Background Thread 1 ] DEBUG AssetLoaderService   - Loading from file system: /assets/textures/particles/smoke.png
11:40:43.942 [FXGL Background Thread 1 ] DEBUG AssetLoaderService   - Loading from cache: /assets/textures/particles/trace_horizontal.png@64.0x64.0
11:40:43.942 [FXGL Background Thread 1 ] WARN  FXGL.DefaultMenu     - FXGLDefaultMenu is not designed for resolutions < 800x600
11:40:43.942 [FXGL Background Thread 1 ] DEBUG FXGL.DefaultMenu     - createMenuBodyGameMenu()
11:40:43.947 [FXGL Background Thread 1 ] DEBUG FXGL.DefaultMenu     - createOptionsMenu()
11:40:43.950 [FXGL Background Thread 1 ] DEBUG AssetLoaderService   - Loading from cache: /assets/textures/particles/smoke.png@128.0x128.0
11:40:43.969 [FXGL Background Thread 1 ] DEBUG WindowService        - Application scenes initialized
11:40:43.980 [FXGL Background Thread 1 ] DEBUG SystemBundleService  - Loading FXGL system data
11:40:43.993 [FXGL Background Thread 1 ] DEBUG FileSystemAccess     - Reading from: C:\Users\User\Documents\GitHub\JavaMooseGame\system\fxgl.bundle
11:40:44.002 [FXGL Background Thread 1 ] DEBUG SystemBundleService  - Bundle FXGL: {}
11:40:44.003 [FXGL Background Thread 1 ] INFO  Engine               - FXGL initialization took: 0.633 sec
11:40:44.005 [FXGL Background Thread 1 ] DEBUG GameApplication      - Loading localizations
11:40:44.006 [FXGL Background Thread 1 ] DEBUG AssetLoaderService   - Loading from file system: /assets/properties/languages/english.properties
11:40:44.008 [FXGL Background Thread 1 ] DEBUG AssetLoaderService   - Loading from file system: /assets/properties/languages/french.properties
11:40:44.011 [FXGL Background Thread 1 ] DEBUG AssetLoaderService   - Loading from file system: /assets/properties/languages/german.properties
11:40:44.013 [FXGL Background Thread 1 ] DEBUG AssetLoaderService   - Loading from file system: /assets/properties/languages/hungarian.properties
11:40:44.015 [FXGL Background Thread 1 ] DEBUG AssetLoaderService   - Loading from file system: /assets/properties/languages/russian.properties
11:40:44.017 [FXGL Background Thread 1 ] DEBUG GameApplication      - Registering font factories with UI factory
11:40:44.017 [FXGL Background Thread 1 ] DEBUG AssetLoaderService   - Loading from file system: /assets/ui/fonts/VarelaRound-Regular.ttf
11:40:44.088 [FXGL Background Thread 1 ] DEBUG AssetLoaderService   - Loading from file system: /assets/ui/fonts/Abel-Regular.ttf
11:40:44.102 [FXGL Background Thread 1 ] DEBUG AssetLoaderService   - Loading from file system: /assets/ui/fonts/lucida_console.ttf
11:40:44.119 [FXGL Background Thread 1 ] DEBUG AssetLoaderService   - Loading from file system: /assets/ui/fonts/Courier-Prime.ttf
11:40:44.174 [JavaFX Application Thread] DEBUG Input                - Registered new binding: action0 - A
11:40:44.175 [JavaFX Application Thread] DEBUG Input                - Registered new binding: action1 - S
11:40:44.175 [JavaFX Application Thread] DEBUG Input                - Registered new binding: action2 - D
11:40:44.176 [JavaFX Application Thread] DEBUG Input                - Registered new binding: action3 - W
11:40:44.176 [JavaFX Application Thread] DEBUG Input                - Registered new binding: action4 - Space
11:40:44.177 [JavaFX Application Thread] DEBUG Input                - Registered new binding: action5 - Left
11:40:44.177 [JavaFX Application Thread] DEBUG Input                - Registered new binding: action6 - Down
11:40:44.178 [JavaFX Application Thread] DEBUG Input                - Registered new binding: action7 - Right
11:40:44.179 [JavaFX Application Thread] DEBUG Input                - Registered new binding: action8 - Up
11:40:44.179 [JavaFX Application Thread] DEBUG AssetLoaderService   - Loading from file system: /assets/textures/fxgl_icon.png
11:40:44.209 [JavaFX Application Thread] DEBUG AssetLoaderService   - Loading from file system: /assets/ui/cursors/fxgl_default.png
11:40:44.213 [JavaFX Application Thread] DEBUG Input                - Registered new binding: Screenshot - P
11:40:44.214 [JavaFX Application Thread] DEBUG Input                - Registered new binding: System info dump - CTRL+9
11:40:44.215 [JavaFX Application Thread] DEBUG Input                - Registered new binding: Restart - CTRL+R
11:40:44.216 [JavaFX Application Thread] DEBUG LoopRunner           - Starting loop
11:40:44.239 [JavaFX Application Thread] DEBUG FXGLStartupScene     - STARTUP
11:40:44.246 [JavaFX Application Thread] DEBUG Input                - Clearing active input actions
11:40:44.275 [JavaFX Application Thread] DEBUG WindowService        - Removing overlay from FXGLStartupScene and adding to FXGLDefaultMenu
11:40:44.276 [JavaFX Application Thread] DEBUG MainWindow           - FXGLStartupScene -> FXGLDefaultMenu
11:40:46.007 [JavaFX Application Thread] DEBUG Menu                 - fireNewGame()
11:40:46.008 [JavaFX Application Thread] DEBUG WindowService        - Starting new game
11:40:46.008 [JavaFX Application Thread] DEBUG Input                - Clearing active input actions
11:40:46.021 [JavaFX Application Thread] DEBUG WindowService        - Removing overlay from FXGLDefaultMenu and adding to FXGLLoadingScene
11:40:46.022 [JavaFX Application Thread] DEBUG MainWindow           - FXGLDefaultMenu -> FXGLLoadingScene
11:40:46.022 [JavaFX Application Thread] DEBUG WindowService        - Clearing previous game
11:40:46.022 [JavaFX Application Thread] DEBUG GameScene            - Clearing game scene
11:40:46.022 [JavaFX Application Thread] DEBUG GameWorld            - Clearing game world
11:40:46.022 [JavaFX Application Thread] DEBUG PhysicsWorld         - Clearing physics world
11:40:46.025 [FXGL Background Thread 1 ] DEBUG GameApplication      - Initializing game
11:40:46.041 [FXGL Background Thread 1 ] DEBUG AssetLoaderService   - Loading from file system: /assets/textures/road_with_patches.png
11:40:46.058 [FXGL Background Thread 1 ] DEBUG AssetLoaderService   - Loading from cache: /assets/textures/road_with_patches.png
11:40:46.063 [FXGL Background Thread 1 ] DEBUG AssetLoaderService   - Loading from file system: /assets/textures/Car_Audi_Sport_Quattro_86x145.png
11:40:46.134 [FXGL Background Thread 1 ] DEBUG AssetLoaderService   - Loading from file system: /assets/ui/moosegame_ui.fxml
11:40:46.286 [FXGL Background Thread 1 ] INFO  GameApplication      - Game initialization took: 0.262 sec
11:40:46.295 [JavaFX Application Thread] DEBUG Input                - Clearing active input actions
11:40:46.307 [JavaFX Application Thread] DEBUG WindowService        - Removing overlay from FXGLLoadingScene and adding to GameScene
11:40:46.308 [JavaFX Application Thread] DEBUG MainWindow           - FXGLLoadingScene -> GameScene
11:40:47.005 [FXGL Background Thread 2 ] DEBUG Engine               - Logging environment variables
11:40:47.005 [FXGL Background Thread 2 ] DEBUG Engine               - achievements: []
11:40:47.005 [FXGL Background Thread 2 ] DEBUG Engine               - language: ObjectProperty [value: ENGLISH]
11:40:47.005 [FXGL Background Thread 2 ] DEBUG Engine               - isCloseConfirmation: false
11:40:47.005 [FXGL Background Thread 2 ] DEBUG Engine               - isProfilingEnabled: false
11:40:47.005 [FXGL Background Thread 2 ] DEBUG Engine               - soundNotification: core/notification.wav
11:40:47.005 [FXGL Background Thread 2 ] DEBUG Engine               - devShowBBoxProperty: BooleanProperty [value: false]
11:40:47.006 [FXGL Background Thread 2 ] DEBUG Engine               - pixelsPerMeter: 50.0
11:40:47.006 [FXGL Background Thread 2 ] DEBUG Engine               - soundMenuBack: menu/back.wav
11:40:47.006 [FXGL Background Thread 2 ] DEBUG Engine               - appIcon: fxgl_icon.png
11:40:47.006 [FXGL Background Thread 2 ] DEBUG Engine               - isFullScreenAllowed: false
11:40:47.006 [FXGL Background Thread 2 ] DEBUG Engine               - isIntroEnabled: false
11:40:47.006 [FXGL Background Thread 2 ] DEBUG Engine               - fontMono: lucida_console.ttf
11:40:47.006 [FXGL Background Thread 2 ] DEBUG Engine               - soundMenuSelect: menu/select.wav
11:40:47.006 [FXGL Background Thread 2 ] DEBUG Engine               - isWindows: true
11:40:47.006 [FXGL Background Thread 2 ] DEBUG Engine               - isMobile: false
11:40:47.006 [FXGL Background Thread 2 ] DEBUG Engine               - isUserProfileEnabled: false
11:40:47.006 [FXGL Background Thread 2 ] DEBUG Engine               - height: 900
11:40:47.007 [FXGL Background Thread 2 ] DEBUG Engine               - isExperimentalNative: false
11:40:47.007 [FXGL Background Thread 2 ] DEBUG Engine               - settings: Title: MooseGame
Version: 0.3
Width: 600
Height: 900
Fullscreen: false
Intro: false
Menus: true
Profiling: false
Single step:false
App Mode: DEVELOPER
Menu Key: ESCAPE
Stage Style: DECORATED
Scene Factory: class com.almasb.fxgl.app.scene.SceneFactory

11:40:47.007 [FXGL Background Thread 2 ] DEBUG Engine               - isSingleStep: false
11:40:47.007 [FXGL Background Thread 2 ] DEBUG Engine               - cSSList: [fxgl_dark.css]
11:40:47.007 [FXGL Background Thread 2 ] DEBUG Engine               - fontGame: Abel-Regular.ttf
11:40:47.007 [FXGL Background Thread 2 ] DEBUG Engine               - menuKey: ESCAPE
11:40:47.007 [FXGL Background Thread 2 ] DEBUG Engine               - devShowPositionProperty: BooleanProperty [value: false]
11:40:47.007 [FXGL Background Thread 2 ] DEBUG Engine               - versionCheckDays: 7
11:40:47.007 [FXGL Background Thread 2 ] DEBUG Engine               - configClass: Optional.empty
11:40:47.007 [FXGL Background Thread 2 ] DEBUG Engine               - isFullScreenFromStart: false
11:40:47.007 [FXGL Background Thread 2 ] DEBUG Engine               - version: 0.3
11:40:47.008 [FXGL Background Thread 2 ] DEBUG Engine               - fullScreen: BooleanProperty [value: false]
11:40:47.008 [FXGL Background Thread 2 ] DEBUG Engine               - randomSeed: -1
11:40:47.008 [FXGL Background Thread 2 ] DEBUG Engine               - gameDifficultyProperty: ObjectProperty [value: MEDIUM]
11:40:47.008 [FXGL Background Thread 2 ] DEBUG Engine               - applicationMode: DEVELOPER
11:40:47.008 [FXGL Background Thread 2 ] DEBUG Engine               - isMac: false
11:40:47.008 [FXGL Background Thread 2 ] DEBUG Engine               - isMenuEnabled: true
11:40:47.008 [FXGL Background Thread 2 ] DEBUG Engine               - urlPOM: https://raw.githubusercontent.com/AlmasB/FXGL/master/pom.xml
11:40:47.008 [FXGL Background Thread 2 ] DEBUG Engine               - profileName: StringProperty [value: DEFAULT]
11:40:47.008 [FXGL Background Thread 2 ] DEBUG Engine               - devSensorColorProperty: ObjectProperty [value: 0xffff00ff]
11:40:47.008 [FXGL Background Thread 2 ] DEBUG Engine               - notificationViewClass: class com.almasb.fxgl.notification.view.XboxNotificationView
11:40:47.009 [FXGL Background Thread 2 ] DEBUG Engine               - sceneFactory: com.almasb.fxgl.app.scene.SceneFactory@4d5252fc
11:40:47.009 [FXGL Background Thread 2 ] DEBUG Engine               - stageStyle: DECORATED
11:40:47.009 [FXGL Background Thread 2 ] DEBUG Engine               - isManualResizeEnabled: false
11:40:47.009 [FXGL Background Thread 2 ] DEBUG Engine               - title: MooseGame
11:40:47.009 [FXGL Background Thread 2 ] DEBUG Engine               - platform: WINDOWS
11:40:47.009 [FXGL Background Thread 2 ] DEBUG Engine               - devBBoxColorProperty: ObjectProperty [value: 0xff0000ff]
11:40:47.009 [FXGL Background Thread 2 ] DEBUG Engine               - gameDifficulty: MEDIUM
11:40:47.009 [FXGL Background Thread 2 ] DEBUG Engine               - isDesktop: true
11:40:47.009 [FXGL Background Thread 2 ] DEBUG Engine               - supportedLanguages: [ENGLISH, FRENCH, GERMAN, HUNGARIAN, RUSSIAN]
11:40:47.009 [FXGL Background Thread 2 ] DEBUG Engine               - globalMusicVolumeProperty: DoubleProperty [value: 0.5]
11:40:47.009 [FXGL Background Thread 2 ] DEBUG Engine               - credits: []
11:40:47.010 [FXGL Background Thread 2 ] DEBUG Engine               - isPreserveResizeRatio: false
11:40:47.010 [FXGL Background Thread 2 ] DEBUG Engine               - fontText: Courier-Prime.ttf
11:40:47.010 [FXGL Background Thread 2 ] DEBUG Engine               - isExperimentalTiledLargeMap: false
11:40:47.010 [FXGL Background Thread 2 ] DEBUG Engine               - secondsIn24h: 60
11:40:47.010 [FXGL Background Thread 2 ] DEBUG Engine               - runtimeInfo: RuntimeInfo(platform=WINDOWS, version=11.8, build=08.03.2020 09.09)
11:40:47.010 [FXGL Background Thread 2 ] DEBUG Engine               - urlGithub: https://github.com/AlmasB/FXGL
11:40:47.010 [FXGL Background Thread 2 ] DEBUG Engine               - isLinux: false
11:40:47.010 [FXGL Background Thread 2 ] DEBUG Engine               - soundMenuPress: menu/press.wav
11:40:47.010 [FXGL Background Thread 2 ] DEBUG Engine               - profileDir: profiles/
11:40:47.010 [FXGL Background Thread 2 ] DEBUG Engine               - globalSoundVolumeProperty: DoubleProperty [value: 0.5]
11:40:47.010 [FXGL Background Thread 2 ] DEBUG Engine               - isDeveloperMenuEnabled: false
11:40:47.010 [FXGL Background Thread 2 ] DEBUG Engine               - mainWindow: com.almasb.fxgl.app.MainWindow@496ddf8e
11:40:47.010 [FXGL Background Thread 2 ] DEBUG Engine               - globalSoundVolume: 0.5
11:40:47.011 [FXGL Background Thread 2 ] DEBUG Engine               - urlLeaderboard: http://fxgl-top.herokuapp.com/
11:40:47.011 [FXGL Background Thread 2 ] DEBUG Engine               - isBrowser: false
11:40:47.011 [FXGL Background Thread 2 ] DEBUG Engine               - engineServices: [class com.almasb.fxgl.app.GameApplication$GameApplicationService, class com.almasb.fxgl.app.services.WindowService, class com.almasb.fxgl.app.services.FXGLDialogService, class com.almasb.fxgl.app.services.IOTaskExecutorService, class com.almasb.fxgl.event.EventBusService, class com.almasb.fxgl.io.FileSystemService, class com.almasb.fxgl.localization.LocalizationService, class com.almasb.fxgl.app.services.AssetLoaderService, class com.almasb.fxgl.app.services.SystemBundleService, class com.almasb.fxgl.profile.SaveLoadService, class com.almasb.fxgl.ui.FXGLUIFactoryServiceProvider, class com.almasb.fxgl.ui.FXGLDialogFactoryServiceProvider, class com.almasb.fxgl.audio.AudioPlayer, class com.almasb.fxgl.notification.impl.NotificationServiceProvider, class com.almasb.fxgl.achievement.AchievementService, class com.almasb.fxgl.cutscene.CutsceneService, class com.almasb.fxgl.minigames.MiniGameService, class com.almasb.fxgl.net.NetService, class com.almasb.fxgl.app.services.UpdaterService]
11:40:47.011 [FXGL Background Thread 2 ] DEBUG Engine               - globalMusicVolume: 0.5
11:40:47.011 [FXGL Background Thread 2 ] DEBUG Engine               - width: 600
11:40:47.011 [FXGL Background Thread 2 ] DEBUG Engine               - saveFileExt: sav
11:40:47.011 [FXGL Background Thread 2 ] DEBUG Engine               - isAndroid: false
11:40:47.011 [FXGL Background Thread 2 ] DEBUG Engine               - fontUI: VarelaRound-Regular.ttf
11:40:47.011 [FXGL Background Thread 2 ] DEBUG Engine               - isIOS: false
11:40:47.011 [FXGL Background Thread 2 ] DEBUG Engine               - enabledMenuItems: []
11:40:47.011 [FXGL Background Thread 2 ] DEBUG Engine               - Logging services
11:40:47.012 [FXGL Background Thread 2 ] DEBUG Engine               - class com.almasb.fxgl.app.GameApplication$GameApplicationService
11:40:47.012 [FXGL Background Thread 2 ] DEBUG Engine               - class com.almasb.fxgl.app.services.WindowService
11:40:47.012 [FXGL Background Thread 2 ] DEBUG Engine               - class com.almasb.fxgl.app.services.FXGLDialogService
11:40:47.012 [FXGL Background Thread 2 ] DEBUG Engine               - class com.almasb.fxgl.app.services.IOTaskExecutorService
11:40:47.012 [FXGL Background Thread 2 ] DEBUG Engine               - class com.almasb.fxgl.event.EventBusService
11:40:47.012 [FXGL Background Thread 2 ] DEBUG Engine               - class com.almasb.fxgl.io.FileSystemService
11:40:47.012 [FXGL Background Thread 2 ] DEBUG Engine               - class com.almasb.fxgl.localization.LocalizationService
11:40:47.012 [FXGL Background Thread 2 ] DEBUG Engine               - class com.almasb.fxgl.app.services.AssetLoaderService
11:40:47.012 [FXGL Background Thread 2 ] DEBUG Engine               - class com.almasb.fxgl.app.services.SystemBundleService
11:40:47.012 [FXGL Background Thread 2 ] DEBUG Engine               - class com.almasb.fxgl.profile.SaveLoadService
11:40:47.012 [FXGL Background Thread 2 ] DEBUG Engine               - class com.almasb.fxgl.ui.FXGLUIFactoryServiceProvider
11:40:47.012 [FXGL Background Thread 2 ] DEBUG Engine               - class com.almasb.fxgl.ui.FXGLDialogFactoryServiceProvider
11:40:47.012 [FXGL Background Thread 2 ] DEBUG Engine               - class com.almasb.fxgl.audio.AudioPlayer
11:40:47.012 [FXGL Background Thread 2 ] DEBUG Engine               - class com.almasb.fxgl.notification.impl.NotificationServiceProvider
11:40:47.013 [FXGL Background Thread 2 ] DEBUG Engine               - class com.almasb.fxgl.achievement.AchievementService
11:40:47.013 [FXGL Background Thread 2 ] DEBUG Engine               - class com.almasb.fxgl.cutscene.CutsceneService
11:40:47.013 [FXGL Background Thread 2 ] DEBUG Engine               - class com.almasb.fxgl.minigames.MiniGameService
11:40:47.013 [FXGL Background Thread 2 ] DEBUG Engine               - class com.almasb.fxgl.net.NetService
11:40:47.013 [FXGL Background Thread 2 ] DEBUG Engine               - class com.almasb.fxgl.app.services.UpdaterService
11:40:51.224 [JavaFX Application Thread] DEBUG AssetLoaderService   - Loading from file system: /assets/textures/potHole.png
11:40:56.231 [JavaFX Application Thread] DEBUG AssetLoaderService   - Loading from cache: /assets/textures/potHole.png
11:40:56.233 [JavaFX Application Thread] DEBUG AssetLoaderService   - Loading from file system: /assets/textures/mooseWalkAnimation.png
11:40:56.254 [JavaFX Application Thread] DEBUG AssetLoaderService   - Loading from cache: /assets/textures/mooseWalkAnimation.png
11:41:01.223 [JavaFX Application Thread] DEBUG AssetLoaderService   - Loading from cache: /assets/textures/potHole.png
11:41:01.225 [JavaFX Application Thread] DEBUG LoopRunner           - Stopping loop
11:41:09.228 [JavaFX Application Thread] FATAL GameApplication      - Uncaught Exception:

Fatal exception occurred: java.lang.IllegalArgumentException : No EntityFactory has a method annotated @Spawns(gasTank)
E: com.almasb.fxgl.entity.GameWorld.create(GameWorld.kt:391)
E: com.almasb.fxgl.entity.GameWorld.spawn(GameWorld.kt:374)
E: com.almasb.fxgl.entity.GameWorld.spawn(GameWorld.kt:362)
E: com.almasb.fxgl.entity.GameWorld.spawn(GameWorld.kt:337)
E: com.almasb.fxgl.dsl.FXGL$Companion.spawn(FXGL.kt:419)
E: com.almasb.fxgl.dsl.FXGL.spawn(FXGL.kt)
E: MooseGameApp.lambda$initGame$12(MooseGameApp.java:73)
E: com.almasb.fxgl.time.TimerAction.update(TimerAction.kt:69)
E: com.almasb.fxgl.time.Timer.update(Timer.kt:38)
E: com.almasb.fxgl.scene.Scene.update(Scene.kt:74)
E: com.almasb.fxgl.app.MainWindow$update$1.invoke(MainWindow.kt:208)
E: com.almasb.fxgl.app.MainWindow$update$1.invoke(MainWindow.kt:38)
E: com.almasb.fxgl.core.fsm.StateMachine.runOnActiveStates(StateMachine.kt:60)
E: com.almasb.fxgl.app.MainWindow.update(MainWindow.kt:208)
E: com.almasb.fxgl.app.services.WindowService.onUpdate(WindowService.kt:115)
E: com.almasb.fxgl.app.Engine.loop(Engine.kt:129)
E: com.almasb.fxgl.app.Engine.access$loop(Engine.kt:25)
E: com.almasb.fxgl.app.Engine$loop$1.invoke(Engine.kt:29)
E: com.almasb.fxgl.app.Engine$loop$1.invoke(Engine.kt:25)
E: com.almasb.fxgl.app.LoopRunner.frame(LoopRunner.kt:86)
E: com.almasb.fxgl.app.LoopRunner.access$frame(LoopRunner.kt:17)
E: com.almasb.fxgl.app.LoopRunner$impl$2$1.handle(LoopRunner.kt:37)
E: javafx.animation.AnimationTimer$AnimationTimerReceiver.lambda$handle$0(AnimationTimer.java:57)
E: java.base/java.security.AccessController.doPrivileged(AccessController.java:391)
E: javafx.animation.AnimationTimer$AnimationTimerReceiver.handle(AnimationTimer.java:56)
E: com.sun.scenario.animation.AbstractMasterTimer.timePulseImpl(AbstractMasterTimer.java:357)
E: com.sun.scenario.animation.AbstractMasterTimer$MainLoop.run(AbstractMasterTimer.java:267)
E: com.sun.javafx.tk.quantum.QuantumToolkit.pulse(QuantumToolkit.java:559)
E: com.sun.javafx.tk.quantum.QuantumToolkit.pulse(QuantumToolkit.java:543)
E: com.sun.javafx.tk.quantum.QuantumToolkit.pulseFromQueue(QuantumToolkit.java:536)
E: com.sun.javafx.tk.quantum.QuantumToolkit.lambda$runToolkit$11(QuantumToolkit.java:342)
E: com.sun.glass.ui.InvokeLaterDispatcher$Future.run(InvokeLaterDispatcher.java:96)
E: com.sun.glass.ui.win.WinApplication._runLoop(Native Method)
E: com.sun.glass.ui.win.WinApplication.lambda$runLoop$3(WinApplication.java:174)
E: java.base/java.lang.Thread.run(Thread.java:832)

11:41:09.228 [JavaFX Application Thread] FATAL GameApplication      - Application will now exit
11:41:09.228 [JavaFX Application Thread] DEBUG GameApplication      - Exiting FXGL
11:41:09.228 [JavaFX Application Thread] DEBUG GameApplication      - Shutting down background threads
11:41:09.229 [JavaFX Application Thread] DEBUG GameApplication      - Closing logger and exiting JavaFX
