03:34:02.607 [main                     ] DEBUG GameApplication      - Logger initialized
03:34:02.611 [main                     ] DEBUG GameApplication      - Logging settings
Title: MooseGame
Version: 0.3
Width: 600
Height: 900
Fullscreen: false
Intro: false
Menus: true
Profiling: false
Single step:false
App Mode: DEVELOPER
Menu Key: ESCAPE
Stage Style: DECORATED
Scene Factory: class MooseGameApp$1

03:34:02.933 [JavaFX Application Thread] DEBUG GameApplication      - Initializing FXGL
03:34:02.940 [JavaFX Application Thread] INFO  Engine               - FXGL-11.8 (08.03.2020 09.09) on WINDOWS (J:14.0.1 FX:13.0.2)
03:34:02.941 [JavaFX Application Thread] INFO  Engine               - Source code and latest versions at: https://github.com/AlmasB/FXGL
03:34:02.941 [JavaFX Application Thread] INFO  Engine               -              Join the FXGL chat at: https://gitter.im/AlmasB/FXGL
03:34:03.039 [JavaFX Application Thread] DEBUG MainWindow           - Creating a JavaFX scene
03:34:03.080 [JavaFX Application Thread] DEBUG MainWindow           - Target settings size: 600.0 x 900.0
03:34:03.080 [JavaFX Application Thread] DEBUG MainWindow           - Scaled scene size:    600.0 x 900.0
03:34:03.080 [JavaFX Application Thread] DEBUG MainWindow           - Scaled ratio: (1.0, 1.0)
03:34:03.081 [JavaFX Application Thread] DEBUG MainWindow           - Set initial scene to FXGLStartupScene
03:34:03.086 [JavaFX Application Thread] DEBUG MainWindow           - Opening main window
03:34:03.162 [JavaFX Application Thread] DEBUG MainWindow           - Window border size: (16.0, 39.0)
03:34:03.162 [JavaFX Application Thread] DEBUG MainWindow           - Scaled size: 600.0 x 900.0
03:34:03.162 [JavaFX Application Thread] DEBUG MainWindow           - Scaled ratio: (1.0, 1.0)
03:34:03.162 [JavaFX Application Thread] DEBUG MainWindow           - Scene size: 600.0 x 900.0
03:34:03.163 [JavaFX Application Thread] DEBUG MainWindow           - Stage size: 616.0 x 939.0
03:34:03.169 [FXGL Background Thread 1 ] DEBUG Engine               - Initializing environment variables
03:34:03.193 [FXGL Background Thread 1 ] DEBUG WindowService        - Applying CSS: fxgl_dark.css
03:34:03.193 [FXGL Background Thread 1 ] DEBUG AssetLoaderService   - Loading from file system: /assets/ui/css/fxgl_dark.css
03:34:03.229 [FXGL Background Thread 1 ] DEBUG WindowService        - Initializing application scenes
03:34:03.254 [FXGL Background Thread 1 ] DEBUG GameWorld            - Game world initialized
03:34:03.283 [FXGL Background Thread 1 ] DEBUG PhysicsWorld         - Physics world initialized: appHeight=900, physics.ppm=50.0
03:34:03.285 [FXGL Background Thread 1 ] DEBUG GameScene            - Game scene initialized: 600x900
03:34:03.292 [FXGL Background Thread 1 ] DEBUG AssetLoaderService   - Loading from file system: /assets/textures/Roadway.png
03:34:03.356 [FXGL Background Thread 1 ] DEBUG AssetLoaderService   - Loading from file system: /assets/sounds/selection.mp3
03:34:03.429 [FXGL Background Thread 1 ] DEBUG AssetLoaderService   - Loading from cache: /assets/sounds/selection.mp3
03:34:03.429 [FXGL Background Thread 1 ] DEBUG AssetLoaderService   - Loading from cache: /assets/sounds/selection.mp3
03:34:03.429 [FXGL Background Thread 1 ] DEBUG AssetLoaderService   - Loading from cache: /assets/sounds/selection.mp3
03:34:03.430 [FXGL Background Thread 1 ] DEBUG AssetLoaderService   - Loading from cache: /assets/sounds/selection.mp3
03:34:03.450 [FXGL Background Thread 1 ] DEBUG AssetLoaderService   - Loading from file system: /assets/music/Poisoncut_-_MenuMusic.mp3
03:34:03.515 [FXGL Background Thread 1 ] DEBUG AudioPlayer          - Playing music com.almasb.fxgl.audio.Music@177dfe0
03:34:03.535 [FXGL Background Thread 1 ] DEBUG AssetLoaderService   - Loading from file system: /assets/textures/particles/trace_horizontal.png
03:34:03.567 [FXGL Background Thread 1 ] WARN  FXGL.DefaultMenu     - FXGLDefaultMenu is not designed for resolutions < 800x600
03:34:03.567 [FXGL Background Thread 1 ] DEBUG FXGL.DefaultMenu     - createMenuBodyGameMenu()
03:34:03.575 [FXGL Background Thread 1 ] DEBUG FXGL.DefaultMenu     - createOptionsMenu()
03:34:03.579 [FXGL Background Thread 1 ] DEBUG AssetLoaderService   - Loading from file system: /assets/textures/particles/smoke.png
03:34:03.621 [FXGL Background Thread 1 ] DEBUG WindowService        - Application scenes initialized
03:34:03.627 [FXGL Background Thread 1 ] DEBUG SystemBundleService  - Loading FXGL system data
03:34:03.630 [FXGL Background Thread 1 ] DEBUG FileSystemAccess     - Reading from: C:\Users\micha\Desktop\JavaMooseGame\system\fxgl.bundle
03:34:03.634 [FXGL Background Thread 1 ] DEBUG SystemBundleService  - Bundle FXGL: {}
03:34:03.634 [FXGL Background Thread 1 ] INFO  Engine               - FXGL initialization took: 0.464 sec
03:34:03.636 [FXGL Background Thread 1 ] DEBUG GameApplication      - Loading localizations
03:34:03.636 [FXGL Background Thread 1 ] DEBUG AssetLoaderService   - Loading from file system: /assets/properties/languages/english.properties
03:34:03.638 [FXGL Background Thread 1 ] DEBUG AssetLoaderService   - Loading from file system: /assets/properties/languages/french.properties
03:34:03.639 [FXGL Background Thread 1 ] DEBUG AssetLoaderService   - Loading from file system: /assets/properties/languages/german.properties
03:34:03.640 [FXGL Background Thread 1 ] DEBUG AssetLoaderService   - Loading from file system: /assets/properties/languages/hungarian.properties
03:34:03.641 [FXGL Background Thread 1 ] DEBUG AssetLoaderService   - Loading from file system: /assets/properties/languages/russian.properties
03:34:03.642 [FXGL Background Thread 1 ] DEBUG GameApplication      - Registering font factories with UI factory
03:34:03.642 [FXGL Background Thread 1 ] DEBUG AssetLoaderService   - Loading from file system: /assets/ui/fonts/VarelaRound-Regular.ttf
03:34:03.685 [FXGL Background Thread 1 ] DEBUG AssetLoaderService   - Loading from file system: /assets/ui/fonts/Abel-Regular.ttf
03:34:03.694 [FXGL Background Thread 1 ] DEBUG AssetLoaderService   - Loading from file system: /assets/ui/fonts/lucida_console.ttf
03:34:03.703 [FXGL Background Thread 1 ] DEBUG AssetLoaderService   - Loading from file system: /assets/ui/fonts/Courier-Prime.ttf
03:34:04.218 [JavaFX Application Thread] DEBUG Input                - Registered new binding: action0 - A
03:34:04.218 [JavaFX Application Thread] DEBUG Input                - Registered new binding: action1 - S
03:34:04.218 [JavaFX Application Thread] DEBUG Input                - Registered new binding: action2 - D
03:34:04.219 [JavaFX Application Thread] DEBUG Input                - Registered new binding: action3 - W
03:34:04.219 [JavaFX Application Thread] DEBUG Input                - Registered new binding: action4 - Space
03:34:04.219 [JavaFX Application Thread] DEBUG Input                - Registered new binding: action5 - Left
03:34:04.219 [JavaFX Application Thread] DEBUG Input                - Registered new binding: action6 - Down
03:34:04.219 [JavaFX Application Thread] DEBUG Input                - Registered new binding: action7 - Right
03:34:04.220 [JavaFX Application Thread] DEBUG Input                - Registered new binding: action8 - Up
03:34:04.220 [JavaFX Application Thread] DEBUG AssetLoaderService   - Loading from file system: /assets/textures/fxgl_icon.png
03:34:04.229 [JavaFX Application Thread] DEBUG AssetLoaderService   - Loading from file system: /assets/ui/cursors/fxgl_default.png
03:34:04.231 [JavaFX Application Thread] DEBUG Input                - Registered new binding: Screenshot - P
03:34:04.231 [JavaFX Application Thread] DEBUG Input                - Registered new binding: System info dump - CTRL+9
03:34:04.231 [JavaFX Application Thread] DEBUG Input                - Registered new binding: Restart - CTRL+R
03:34:04.231 [JavaFX Application Thread] DEBUG LoopRunner           - Starting loop
03:34:04.237 [JavaFX Application Thread] DEBUG FXGLStartupScene     - STARTUP
03:34:04.238 [JavaFX Application Thread] DEBUG Input                - Clearing active input actions
03:34:04.249 [JavaFX Application Thread] DEBUG WindowService        - Removing overlay from FXGLStartupScene and adding to MooseGameMenu
03:34:04.250 [JavaFX Application Thread] DEBUG MainWindow           - FXGLStartupScene -> MooseGameMenu
03:34:05.166 [JavaFX Application Thread] DEBUG Menu                 - fireNewGame()
03:34:05.166 [JavaFX Application Thread] DEBUG WindowService        - Starting new game
03:34:05.166 [JavaFX Application Thread] DEBUG Input                - Clearing active input actions
03:34:05.171 [JavaFX Application Thread] DEBUG WindowService        - Removing overlay from MooseGameMenu and adding to FXGLLoadingScene
03:34:05.172 [JavaFX Application Thread] DEBUG MainWindow           - MooseGameMenu -> FXGLLoadingScene
03:34:05.172 [JavaFX Application Thread] DEBUG WindowService        - Clearing previous game
03:34:05.172 [JavaFX Application Thread] DEBUG GameScene            - Clearing game scene
03:34:05.172 [JavaFX Application Thread] DEBUG GameWorld            - Clearing game world
03:34:05.172 [JavaFX Application Thread] DEBUG PhysicsWorld         - Clearing physics world
03:34:05.173 [JavaFX Application Thread] DEBUG AudioPlayer          - Stopping music com.almasb.fxgl.audio.Music@177dfe0
03:34:05.173 [FXGL Background Thread 1 ] DEBUG GameApplication      - Initializing game
03:34:05.179 [FXGL Background Thread 1 ] DEBUG AssetLoaderService   - Loading from file system: /assets/music/Poisoncut_GameLoop.mp3
03:34:05.181 [FXGL Background Thread 1 ] DEBUG AudioPlayer          - Playing music com.almasb.fxgl.audio.Music@342e58f1
03:34:05.192 [JavaFX Application Thread] DEBUG LoopRunner           - Stopping loop
03:34:06.636 [FXGL Background Thread 2 ] DEBUG Engine               - Logging environment variables
03:34:06.636 [FXGL Background Thread 2 ] DEBUG Engine               - achievements: []
03:34:06.636 [FXGL Background Thread 2 ] DEBUG Engine               - language: ObjectProperty [value: ENGLISH]
03:34:06.636 [FXGL Background Thread 2 ] DEBUG Engine               - isCloseConfirmation: false
03:34:06.636 [FXGL Background Thread 2 ] DEBUG Engine               - isProfilingEnabled: false
03:34:06.636 [FXGL Background Thread 2 ] DEBUG Engine               - soundNotification: core/notification.wav
03:34:06.636 [FXGL Background Thread 2 ] DEBUG Engine               - devShowBBoxProperty: BooleanProperty [value: false]
03:34:06.636 [FXGL Background Thread 2 ] DEBUG Engine               - pixelsPerMeter: 50.0
03:34:06.636 [FXGL Background Thread 2 ] DEBUG Engine               - soundMenuBack: menu/back.wav
03:34:06.636 [FXGL Background Thread 2 ] DEBUG Engine               - appIcon: fxgl_icon.png
03:34:06.636 [FXGL Background Thread 2 ] DEBUG Engine               - isFullScreenAllowed: false
03:34:06.636 [FXGL Background Thread 2 ] DEBUG Engine               - isIntroEnabled: false
03:34:06.636 [FXGL Background Thread 2 ] DEBUG Engine               - fontMono: lucida_console.ttf
03:34:06.636 [FXGL Background Thread 2 ] DEBUG Engine               - soundMenuSelect: menu/select.wav
03:34:06.637 [FXGL Background Thread 2 ] DEBUG Engine               - isWindows: true
03:34:06.637 [FXGL Background Thread 2 ] DEBUG Engine               - isMobile: false
03:34:06.637 [FXGL Background Thread 2 ] DEBUG Engine               - isUserProfileEnabled: false
03:34:06.637 [FXGL Background Thread 2 ] DEBUG Engine               - height: 900
03:34:06.637 [FXGL Background Thread 2 ] DEBUG Engine               - isExperimentalNative: false
03:34:06.637 [FXGL Background Thread 2 ] DEBUG Engine               - settings: Title: MooseGame
Version: 0.3
Width: 600
Height: 900
Fullscreen: false
Intro: false
Menus: true
Profiling: false
Single step:false
App Mode: DEVELOPER
Menu Key: ESCAPE
Stage Style: DECORATED
Scene Factory: class MooseGameApp$1

03:34:06.637 [FXGL Background Thread 2 ] DEBUG Engine               - isSingleStep: false
03:34:06.637 [FXGL Background Thread 2 ] DEBUG Engine               - cSSList: [fxgl_dark.css]
03:34:06.637 [FXGL Background Thread 2 ] DEBUG Engine               - fontGame: Abel-Regular.ttf
03:34:06.637 [FXGL Background Thread 2 ] DEBUG Engine               - menuKey: ESCAPE
03:34:06.637 [FXGL Background Thread 2 ] DEBUG Engine               - devShowPositionProperty: BooleanProperty [value: false]
03:34:06.637 [FXGL Background Thread 2 ] DEBUG Engine               - versionCheckDays: 7
03:34:06.637 [FXGL Background Thread 2 ] DEBUG Engine               - configClass: Optional.empty
03:34:06.637 [FXGL Background Thread 2 ] DEBUG Engine               - isFullScreenFromStart: false
03:34:06.637 [FXGL Background Thread 2 ] DEBUG Engine               - version: 0.3
03:34:06.637 [FXGL Background Thread 2 ] DEBUG Engine               - fullScreen: BooleanProperty [value: false]
03:34:06.637 [FXGL Background Thread 2 ] DEBUG Engine               - randomSeed: -1
03:34:06.637 [FXGL Background Thread 2 ] DEBUG Engine               - gameDifficultyProperty: ObjectProperty [value: MEDIUM]
03:34:06.637 [FXGL Background Thread 2 ] DEBUG Engine               - applicationMode: DEVELOPER
03:34:06.637 [FXGL Background Thread 2 ] DEBUG Engine               - isMac: false
03:34:06.638 [FXGL Background Thread 2 ] DEBUG Engine               - isMenuEnabled: true
03:34:06.638 [FXGL Background Thread 2 ] DEBUG Engine               - profileName: StringProperty [value: DEFAULT]
03:34:06.638 [FXGL Background Thread 2 ] DEBUG Engine               - urlPOM: https://raw.githubusercontent.com/AlmasB/FXGL/master/pom.xml
03:34:06.638 [FXGL Background Thread 2 ] DEBUG Engine               - notificationViewClass: class com.almasb.fxgl.notification.view.XboxNotificationView
03:34:06.638 [FXGL Background Thread 2 ] DEBUG Engine               - devSensorColorProperty: ObjectProperty [value: 0xffff00ff]
03:34:06.638 [FXGL Background Thread 2 ] DEBUG Engine               - sceneFactory: MooseGameApp$1@2c56eed7
03:34:06.638 [FXGL Background Thread 2 ] DEBUG Engine               - stageStyle: DECORATED
03:34:06.638 [FXGL Background Thread 2 ] DEBUG Engine               - isManualResizeEnabled: false
03:34:06.638 [FXGL Background Thread 2 ] DEBUG Engine               - title: MooseGame
03:34:06.638 [FXGL Background Thread 2 ] DEBUG Engine               - platform: WINDOWS
03:34:06.638 [FXGL Background Thread 2 ] DEBUG Engine               - devBBoxColorProperty: ObjectProperty [value: 0xff0000ff]
03:34:06.638 [FXGL Background Thread 2 ] DEBUG Engine               - gameDifficulty: MEDIUM
03:34:06.638 [FXGL Background Thread 2 ] DEBUG Engine               - isDesktop: true
03:34:06.638 [FXGL Background Thread 2 ] DEBUG Engine               - supportedLanguages: [ENGLISH, FRENCH, GERMAN, HUNGARIAN, RUSSIAN]
03:34:06.638 [FXGL Background Thread 2 ] DEBUG Engine               - credits: []
03:34:06.639 [FXGL Background Thread 2 ] DEBUG Engine               - globalMusicVolumeProperty: DoubleProperty [value: 0.5]
03:34:06.639 [FXGL Background Thread 2 ] DEBUG Engine               - isPreserveResizeRatio: false
03:34:06.639 [FXGL Background Thread 2 ] DEBUG Engine               - fontText: Courier-Prime.ttf
03:34:06.639 [FXGL Background Thread 2 ] DEBUG Engine               - isExperimentalTiledLargeMap: false
03:34:06.639 [FXGL Background Thread 2 ] DEBUG Engine               - secondsIn24h: 60
03:34:06.639 [FXGL Background Thread 2 ] DEBUG Engine               - runtimeInfo: RuntimeInfo(platform=WINDOWS, version=11.8, build=08.03.2020 09.09)
03:34:06.639 [FXGL Background Thread 2 ] DEBUG Engine               - isLinux: false
03:34:06.639 [FXGL Background Thread 2 ] DEBUG Engine               - soundMenuPress: menu/press.wav
03:34:06.639 [FXGL Background Thread 2 ] DEBUG Engine               - urlGithub: https://github.com/AlmasB/FXGL
03:34:06.639 [FXGL Background Thread 2 ] DEBUG Engine               - profileDir: profiles/
03:34:06.639 [FXGL Background Thread 2 ] DEBUG Engine               - isDeveloperMenuEnabled: false
03:34:06.639 [FXGL Background Thread 2 ] DEBUG Engine               - globalSoundVolumeProperty: DoubleProperty [value: 0.5]
03:34:06.639 [FXGL Background Thread 2 ] DEBUG Engine               - mainWindow: com.almasb.fxgl.app.MainWindow@28696f85
03:34:06.639 [FXGL Background Thread 2 ] DEBUG Engine               - isBrowser: false
03:34:06.639 [FXGL Background Thread 2 ] DEBUG Engine               - globalSoundVolume: 0.5
03:34:06.639 [FXGL Background Thread 2 ] DEBUG Engine               - urlLeaderboard: http://fxgl-top.herokuapp.com/
03:34:06.639 [FXGL Background Thread 2 ] DEBUG Engine               - engineServices: [class com.almasb.fxgl.app.GameApplication$GameApplicationService, class com.almasb.fxgl.app.services.WindowService, class com.almasb.fxgl.app.services.FXGLDialogService, class com.almasb.fxgl.app.services.IOTaskExecutorService, class com.almasb.fxgl.event.EventBusService, class com.almasb.fxgl.io.FileSystemService, class com.almasb.fxgl.localization.LocalizationService, class com.almasb.fxgl.app.services.AssetLoaderService, class com.almasb.fxgl.app.services.SystemBundleService, class com.almasb.fxgl.profile.SaveLoadService, class com.almasb.fxgl.ui.FXGLUIFactoryServiceProvider, class com.almasb.fxgl.ui.FXGLDialogFactoryServiceProvider, class com.almasb.fxgl.audio.AudioPlayer, class com.almasb.fxgl.notification.impl.NotificationServiceProvider, class com.almasb.fxgl.achievement.AchievementService, class com.almasb.fxgl.cutscene.CutsceneService, class com.almasb.fxgl.minigames.MiniGameService, class com.almasb.fxgl.net.NetService, class com.almasb.fxgl.app.services.UpdaterService]
03:34:06.640 [FXGL Background Thread 2 ] DEBUG Engine               - globalMusicVolume: 0.5
03:34:06.640 [FXGL Background Thread 2 ] DEBUG Engine               - width: 600
03:34:06.640 [FXGL Background Thread 2 ] DEBUG Engine               - saveFileExt: sav
03:34:06.640 [FXGL Background Thread 2 ] DEBUG Engine               - isAndroid: false
03:34:06.640 [FXGL Background Thread 2 ] DEBUG Engine               - fontUI: VarelaRound-Regular.ttf
03:34:06.640 [FXGL Background Thread 2 ] DEBUG Engine               - enabledMenuItems: []
03:34:06.640 [FXGL Background Thread 2 ] DEBUG Engine               - isIOS: false
03:34:06.640 [FXGL Background Thread 2 ] DEBUG Engine               - Logging services
03:34:06.640 [FXGL Background Thread 2 ] DEBUG Engine               - class com.almasb.fxgl.app.GameApplication$GameApplicationService
03:34:06.640 [FXGL Background Thread 2 ] DEBUG Engine               - class com.almasb.fxgl.app.services.WindowService
03:34:06.640 [FXGL Background Thread 2 ] DEBUG Engine               - class com.almasb.fxgl.app.services.FXGLDialogService
03:34:06.640 [FXGL Background Thread 2 ] DEBUG Engine               - class com.almasb.fxgl.app.services.IOTaskExecutorService
03:34:06.640 [FXGL Background Thread 2 ] DEBUG Engine               - class com.almasb.fxgl.event.EventBusService
03:34:06.640 [FXGL Background Thread 2 ] DEBUG Engine               - class com.almasb.fxgl.io.FileSystemService
03:34:06.640 [FXGL Background Thread 2 ] DEBUG Engine               - class com.almasb.fxgl.localization.LocalizationService
03:34:06.640 [FXGL Background Thread 2 ] DEBUG Engine               - class com.almasb.fxgl.app.services.AssetLoaderService
03:34:06.640 [FXGL Background Thread 2 ] DEBUG Engine               - class com.almasb.fxgl.app.services.SystemBundleService
03:34:06.640 [FXGL Background Thread 2 ] DEBUG Engine               - class com.almasb.fxgl.profile.SaveLoadService
03:34:06.640 [FXGL Background Thread 2 ] DEBUG Engine               - class com.almasb.fxgl.ui.FXGLUIFactoryServiceProvider
03:34:06.640 [FXGL Background Thread 2 ] DEBUG Engine               - class com.almasb.fxgl.ui.FXGLDialogFactoryServiceProvider
03:34:06.640 [FXGL Background Thread 2 ] DEBUG Engine               - class com.almasb.fxgl.audio.AudioPlayer
03:34:06.641 [FXGL Background Thread 2 ] DEBUG Engine               - class com.almasb.fxgl.notification.impl.NotificationServiceProvider
03:34:06.641 [FXGL Background Thread 2 ] DEBUG Engine               - class com.almasb.fxgl.achievement.AchievementService
03:34:06.641 [FXGL Background Thread 2 ] DEBUG Engine               - class com.almasb.fxgl.cutscene.CutsceneService
03:34:06.641 [FXGL Background Thread 2 ] DEBUG Engine               - class com.almasb.fxgl.minigames.MiniGameService
03:34:06.641 [FXGL Background Thread 2 ] DEBUG Engine               - class com.almasb.fxgl.net.NetService
03:34:06.641 [FXGL Background Thread 2 ] DEBUG Engine               - class com.almasb.fxgl.app.services.UpdaterService
03:34:18.979 [JavaFX Application Thread] FATAL GameApplication      - Uncaught Exception:

Fatal exception occurred: java.lang.RuntimeException : Initialization failed
E: com.almasb.fxgl.app.GameApplication$InitAppTask.failed(GameApplication.java:428)
E: javafx.concurrent.Task.setState(Task.java:710)
E: javafx.concurrent.Task$TaskCallable.lambda$call$2(Task.java:1455)
E: com.sun.javafx.application.PlatformImpl.lambda$runLater$10(PlatformImpl.java:428)
E: java.base/java.security.AccessController.doPrivileged(AccessController.java:391)
E: com.sun.javafx.application.PlatformImpl.lambda$runLater$11(PlatformImpl.java:427)
E: com.sun.glass.ui.InvokeLaterDispatcher$Future.run(InvokeLaterDispatcher.java:96)
E: com.sun.glass.ui.win.WinApplication._runLoop(Native Method)
E: com.sun.glass.ui.win.WinApplication.lambda$runLoop$3(WinApplication.java:174)
E: java.base/java.lang.Thread.run(Thread.java:832)

03:34:18.980 [JavaFX Application Thread] FATAL GameApplication      - Application will now exit
03:34:18.980 [JavaFX Application Thread] DEBUG GameApplication      - Exiting FXGL
03:34:18.980 [JavaFX Application Thread] DEBUG GameApplication      - Shutting down background threads
03:34:18.980 [JavaFX Application Thread] DEBUG GameApplication      - Closing logger and exiting JavaFX
