14:57:18.309 [main                     ] DEBUG GameApplication      - Logger initialized
14:57:18.314 [main                     ] DEBUG GameApplication      - Logging settings
Title: MooseGame
Version: 1.0
Width: 600
Height: 900
Fullscreen: false
Intro: false
Menus: true
Profiling: false
Single step:false
App Mode: DEVELOPER
Menu Key: ESCAPE
Stage Style: DECORATED
Scene Factory: class MooseGameApp$1

14:57:18.634 [JavaFX Application Thread] DEBUG GameApplication      - Initializing FXGL
14:57:18.645 [JavaFX Application Thread] INFO  Engine               - FXGL-11.8 (08.03.2020 09.09) on WINDOWS (J:14.0.1 FX:13.0.2)
14:57:18.646 [JavaFX Application Thread] INFO  Engine               - Source code and latest versions at: https://github.com/AlmasB/FXGL
14:57:18.646 [JavaFX Application Thread] INFO  Engine               -              Join the FXGL chat at: https://gitter.im/AlmasB/FXGL
14:57:18.745 [JavaFX Application Thread] DEBUG MainWindow           - Creating a JavaFX scene
14:57:18.789 [JavaFX Application Thread] DEBUG MainWindow           - Target settings size: 600.0 x 900.0
14:57:18.789 [JavaFX Application Thread] DEBUG MainWindow           - Scaled scene size:    600.0 x 900.0
14:57:18.789 [JavaFX Application Thread] DEBUG MainWindow           - Scaled ratio: (1.0, 1.0)
14:57:18.791 [JavaFX Application Thread] DEBUG MainWindow           - Set initial scene to FXGLStartupScene
14:57:18.796 [JavaFX Application Thread] DEBUG MainWindow           - Opening main window
14:57:18.866 [JavaFX Application Thread] DEBUG MainWindow           - Window border size: (16.0, 39.0)
14:57:18.866 [JavaFX Application Thread] DEBUG MainWindow           - Scaled size: 600.0 x 900.0
14:57:18.866 [JavaFX Application Thread] DEBUG MainWindow           - Scaled ratio: (1.0, 1.0)
14:57:18.866 [JavaFX Application Thread] DEBUG MainWindow           - Scene size: 600.0 x 900.0
14:57:18.866 [JavaFX Application Thread] DEBUG MainWindow           - Stage size: 616.0 x 939.0
14:57:18.873 [FXGL Background Thread 1 ] DEBUG Engine               - Initializing environment variables
14:57:18.898 [FXGL Background Thread 1 ] DEBUG WindowService        - Applying CSS: fxgl_dark.css
14:57:18.898 [FXGL Background Thread 1 ] DEBUG AssetLoaderService   - Loading from file system: /assets/ui/css/fxgl_dark.css
14:57:18.938 [FXGL Background Thread 1 ] DEBUG WindowService        - Initializing application scenes
14:57:18.965 [FXGL Background Thread 1 ] DEBUG GameWorld            - Game world initialized
14:57:18.999 [FXGL Background Thread 1 ] DEBUG PhysicsWorld         - Physics world initialized: appHeight=900, physics.ppm=50.0
14:57:19.001 [FXGL Background Thread 1 ] DEBUG GameScene            - Game scene initialized: 600x900
14:57:19.010 [FXGL Background Thread 1 ] DEBUG AssetLoaderService   - Loading from file system: /assets/textures/Roadway.png
14:57:19.080 [FXGL Background Thread 1 ] DEBUG AssetLoaderService   - Loading from file system: /assets/sounds/selection.mp3
14:57:19.150 [FXGL Background Thread 1 ] DEBUG AssetLoaderService   - Loading from cache: /assets/sounds/selection.mp3
14:57:19.151 [FXGL Background Thread 1 ] DEBUG AssetLoaderService   - Loading from cache: /assets/sounds/selection.mp3
14:57:19.151 [FXGL Background Thread 1 ] DEBUG AssetLoaderService   - Loading from cache: /assets/sounds/selection.mp3
14:57:19.152 [FXGL Background Thread 1 ] DEBUG AssetLoaderService   - Loading from cache: /assets/sounds/selection.mp3
14:57:19.165 [FXGL Background Thread 1 ] DEBUG AssetLoaderService   - Loading from cache: /assets/sounds/selection.mp3
14:57:19.166 [FXGL Background Thread 1 ] DEBUG AssetLoaderService   - Loading from cache: /assets/sounds/selection.mp3
14:57:19.166 [FXGL Background Thread 1 ] DEBUG AssetLoaderService   - Loading from cache: /assets/sounds/selection.mp3
14:57:19.169 [FXGL Background Thread 1 ] DEBUG AssetLoaderService   - Loading from cache: /assets/sounds/selection.mp3
14:57:19.169 [FXGL Background Thread 1 ] DEBUG AssetLoaderService   - Loading from file system: /assets/music/Poisoncut_-_MenuMusic.mp3
14:57:19.229 [FXGL Background Thread 1 ] DEBUG AudioPlayer          - Playing music com.almasb.fxgl.audio.Music@79d060dc
14:57:19.246 [FXGL Background Thread 1 ] DEBUG AssetLoaderService   - Loading from file system: /assets/textures/particles/trace_horizontal.png
14:57:19.276 [FXGL Background Thread 1 ] WARN  FXGL.DefaultMenu     - FXGLDefaultMenu is not designed for resolutions < 800x600
14:57:19.276 [FXGL Background Thread 1 ] DEBUG FXGL.DefaultMenu     - createMenuBodyGameMenu()
14:57:19.287 [FXGL Background Thread 1 ] DEBUG FXGL.DefaultMenu     - createOptionsMenu()
14:57:19.290 [FXGL Background Thread 1 ] DEBUG AssetLoaderService   - Loading from file system: /assets/textures/particles/smoke.png
14:57:19.332 [FXGL Background Thread 1 ] DEBUG WindowService        - Application scenes initialized
14:57:19.339 [FXGL Background Thread 1 ] DEBUG SystemBundleService  - Loading FXGL system data
14:57:19.342 [FXGL Background Thread 1 ] DEBUG FileSystemAccess     - Reading from: C:\Users\micha\Desktop\JavaMooseGame\system\fxgl.bundle
14:57:19.347 [FXGL Background Thread 1 ] DEBUG SystemBundleService  - Bundle FXGL: {}
14:57:19.347 [FXGL Background Thread 1 ] INFO  Engine               - FXGL initialization took: 0.472 sec
14:57:19.349 [FXGL Background Thread 1 ] DEBUG GameApplication      - Loading localizations
14:57:19.349 [FXGL Background Thread 1 ] DEBUG AssetLoaderService   - Loading from file system: /assets/properties/languages/english.properties
14:57:19.350 [FXGL Background Thread 1 ] DEBUG AssetLoaderService   - Loading from file system: /assets/properties/languages/french.properties
14:57:19.351 [FXGL Background Thread 1 ] DEBUG AssetLoaderService   - Loading from file system: /assets/properties/languages/german.properties
14:57:19.352 [FXGL Background Thread 1 ] DEBUG AssetLoaderService   - Loading from file system: /assets/properties/languages/hungarian.properties
14:57:19.353 [FXGL Background Thread 1 ] DEBUG AssetLoaderService   - Loading from file system: /assets/properties/languages/russian.properties
14:57:19.355 [FXGL Background Thread 1 ] DEBUG GameApplication      - Registering font factories with UI factory
14:57:19.355 [FXGL Background Thread 1 ] DEBUG AssetLoaderService   - Loading from file system: /assets/ui/fonts/VarelaRound-Regular.ttf
14:57:19.394 [FXGL Background Thread 1 ] DEBUG AssetLoaderService   - Loading from file system: /assets/ui/fonts/Abel-Regular.ttf
14:57:19.402 [FXGL Background Thread 1 ] DEBUG AssetLoaderService   - Loading from file system: /assets/ui/fonts/lucida_console.ttf
14:57:19.412 [FXGL Background Thread 1 ] DEBUG AssetLoaderService   - Loading from file system: /assets/ui/fonts/Courier-Prime.ttf
14:57:19.427 [JavaFX Application Thread] DEBUG Input                - Registered new binding: action0 - A
14:57:19.427 [JavaFX Application Thread] DEBUG Input                - Registered new binding: action1 - S
14:57:19.428 [JavaFX Application Thread] DEBUG Input                - Registered new binding: action2 - D
14:57:19.428 [JavaFX Application Thread] DEBUG Input                - Registered new binding: action3 - W
14:57:19.428 [JavaFX Application Thread] DEBUG Input                - Registered new binding: action4 - 1
14:57:19.428 [JavaFX Application Thread] DEBUG Input                - Registered new binding: action5 - 2
14:57:19.428 [JavaFX Application Thread] DEBUG Input                - Registered new binding: action6 - 3
14:57:19.429 [JavaFX Application Thread] DEBUG Input                - Registered new binding: action7 - Left
14:57:19.429 [JavaFX Application Thread] DEBUG Input                - Registered new binding: action8 - Down
14:57:19.429 [JavaFX Application Thread] DEBUG Input                - Registered new binding: action9 - Right
14:57:19.429 [JavaFX Application Thread] DEBUG Input                - Registered new binding: action10 - Up
14:57:19.429 [JavaFX Application Thread] DEBUG AssetLoaderService   - Loading from file system: /assets/textures/fxgl_icon.png
14:57:19.437 [JavaFX Application Thread] DEBUG AssetLoaderService   - Loading from file system: /assets/ui/cursors/fxgl_default.png
14:57:19.442 [JavaFX Application Thread] DEBUG Input                - Registered new binding: Screenshot - P
14:57:19.442 [JavaFX Application Thread] DEBUG Input                - Registered new binding: System info dump - CTRL+9
14:57:19.442 [JavaFX Application Thread] DEBUG Input                - Registered new binding: Restart - CTRL+R
14:57:19.443 [JavaFX Application Thread] DEBUG LoopRunner           - Starting loop
14:57:19.457 [JavaFX Application Thread] DEBUG FXGLStartupScene     - STARTUP
14:57:19.457 [JavaFX Application Thread] DEBUG Input                - Clearing active input actions
14:57:19.470 [JavaFX Application Thread] DEBUG WindowService        - Removing overlay from FXGLStartupScene and adding to MooseGameMenu
14:57:19.470 [JavaFX Application Thread] DEBUG MainWindow           - FXGLStartupScene -> MooseGameMenu
14:57:20.040 [JavaFX Application Thread] DEBUG Menu                 - fireNewGame()
14:57:20.040 [JavaFX Application Thread] DEBUG WindowService        - Starting new game
14:57:20.041 [JavaFX Application Thread] DEBUG Input                - Clearing active input actions
14:57:20.047 [JavaFX Application Thread] DEBUG WindowService        - Removing overlay from MooseGameMenu and adding to FXGLLoadingScene
14:57:20.047 [JavaFX Application Thread] DEBUG MainWindow           - MooseGameMenu -> FXGLLoadingScene
14:57:20.047 [JavaFX Application Thread] DEBUG WindowService        - Clearing previous game
14:57:20.048 [JavaFX Application Thread] DEBUG GameScene            - Clearing game scene
14:57:20.048 [JavaFX Application Thread] DEBUG GameWorld            - Clearing game world
14:57:20.048 [JavaFX Application Thread] DEBUG PhysicsWorld         - Clearing physics world
14:57:20.048 [JavaFX Application Thread] DEBUG AudioPlayer          - Stopping music com.almasb.fxgl.audio.Music@79d060dc
14:57:20.049 [FXGL Background Thread 1 ] DEBUG GameApplication      - Initializing game
14:57:20.055 [FXGL Background Thread 1 ] DEBUG AssetLoaderService   - Loading from file system: /assets/music/Poisoncut_GameLoop.mp3
14:57:20.058 [FXGL Background Thread 1 ] DEBUG AudioPlayer          - Playing music com.almasb.fxgl.audio.Music@53625cad
14:57:20.060 [FXGL Background Thread 1 ] DEBUG AssetLoaderService   - Loading from file system: /assets/textures/road_with_patches.png
14:57:20.069 [FXGL Background Thread 1 ] DEBUG AssetLoaderService   - Loading from cache: /assets/textures/road_with_patches.png
14:57:20.070 [FXGL Background Thread 1 ] DEBUG AssetLoaderService   - Loading from file system: /assets/textures//car0.png
14:57:20.079 [FXGL Background Thread 1 ] DEBUG AssetLoaderService   - Loading from file system: /assets/textures/signpost.png
14:57:20.083 [FXGL Background Thread 1 ] DEBUG AssetLoaderService   - Loading from file system: /assets/ui/moosegame_ui.fxml
14:57:20.124 [FXGL Background Thread 1 ] INFO  GameApplication      - Game initialization took: 0.076 sec
14:57:20.125 [JavaFX Application Thread] DEBUG Input                - Clearing active input actions
14:57:20.131 [JavaFX Application Thread] DEBUG WindowService        - Removing overlay from FXGLLoadingScene and adding to GameScene
14:57:20.132 [JavaFX Application Thread] DEBUG MainWindow           - FXGLLoadingScene -> GameScene
14:57:22.349 [FXGL Background Thread 2 ] DEBUG Engine               - Logging environment variables
14:57:22.349 [FXGL Background Thread 2 ] DEBUG Engine               - achievements: []
14:57:22.349 [FXGL Background Thread 2 ] DEBUG Engine               - language: ObjectProperty [value: ENGLISH]
14:57:22.349 [FXGL Background Thread 2 ] DEBUG Engine               - isCloseConfirmation: false
14:57:22.350 [FXGL Background Thread 2 ] DEBUG Engine               - isProfilingEnabled: false
14:57:22.350 [FXGL Background Thread 2 ] DEBUG Engine               - soundNotification: core/notification.wav
14:57:22.350 [FXGL Background Thread 2 ] DEBUG Engine               - devShowBBoxProperty: BooleanProperty [value: false]
14:57:22.350 [FXGL Background Thread 2 ] DEBUG Engine               - pixelsPerMeter: 50.0
14:57:22.350 [FXGL Background Thread 2 ] DEBUG Engine               - appIcon: fxgl_icon.png
14:57:22.350 [FXGL Background Thread 2 ] DEBUG Engine               - soundMenuBack: menu/back.wav
14:57:22.350 [FXGL Background Thread 2 ] DEBUG Engine               - isFullScreenAllowed: false
14:57:22.350 [FXGL Background Thread 2 ] DEBUG Engine               - isIntroEnabled: false
14:57:22.350 [FXGL Background Thread 2 ] DEBUG Engine               - fontMono: lucida_console.ttf
14:57:22.350 [FXGL Background Thread 2 ] DEBUG Engine               - soundMenuSelect: menu/select.wav
14:57:22.350 [FXGL Background Thread 2 ] DEBUG Engine               - isWindows: true
14:57:22.350 [FXGL Background Thread 2 ] DEBUG Engine               - isMobile: false
14:57:22.350 [FXGL Background Thread 2 ] DEBUG Engine               - isUserProfileEnabled: false
14:57:22.350 [FXGL Background Thread 2 ] DEBUG Engine               - height: 900
14:57:22.350 [FXGL Background Thread 2 ] DEBUG Engine               - isExperimentalNative: false
14:57:22.350 [FXGL Background Thread 2 ] DEBUG Engine               - settings: Title: MooseGame
Version: 1.0
Width: 600
Height: 900
Fullscreen: false
Intro: false
Menus: true
Profiling: false
Single step:false
App Mode: DEVELOPER
Menu Key: ESCAPE
Stage Style: DECORATED
Scene Factory: class MooseGameApp$1

14:57:22.350 [FXGL Background Thread 2 ] DEBUG Engine               - isSingleStep: false
14:57:22.350 [FXGL Background Thread 2 ] DEBUG Engine               - cSSList: [fxgl_dark.css]
14:57:22.351 [FXGL Background Thread 2 ] DEBUG Engine               - fontGame: Abel-Regular.ttf
14:57:22.351 [FXGL Background Thread 2 ] DEBUG Engine               - menuKey: ESCAPE
14:57:22.351 [FXGL Background Thread 2 ] DEBUG Engine               - devShowPositionProperty: BooleanProperty [value: false]
14:57:22.351 [FXGL Background Thread 2 ] DEBUG Engine               - versionCheckDays: 7
14:57:22.351 [FXGL Background Thread 2 ] DEBUG Engine               - configClass: Optional.empty
14:57:22.351 [FXGL Background Thread 2 ] DEBUG Engine               - isFullScreenFromStart: false
14:57:22.351 [FXGL Background Thread 2 ] DEBUG Engine               - version: 1.0
14:57:22.351 [FXGL Background Thread 2 ] DEBUG Engine               - fullScreen: BooleanProperty [value: false]
14:57:22.351 [FXGL Background Thread 2 ] DEBUG Engine               - randomSeed: -1
14:57:22.351 [FXGL Background Thread 2 ] DEBUG Engine               - gameDifficultyProperty: ObjectProperty [value: MEDIUM]
14:57:22.351 [FXGL Background Thread 2 ] DEBUG Engine               - applicationMode: DEVELOPER
14:57:22.351 [FXGL Background Thread 2 ] DEBUG Engine               - isMac: false
14:57:22.351 [FXGL Background Thread 2 ] DEBUG Engine               - isMenuEnabled: true
14:57:22.351 [FXGL Background Thread 2 ] DEBUG Engine               - profileName: StringProperty [value: DEFAULT]
14:57:22.351 [FXGL Background Thread 2 ] DEBUG Engine               - urlPOM: https://raw.githubusercontent.com/AlmasB/FXGL/master/pom.xml
14:57:22.351 [FXGL Background Thread 2 ] DEBUG Engine               - notificationViewClass: class com.almasb.fxgl.notification.view.XboxNotificationView
14:57:22.351 [FXGL Background Thread 2 ] DEBUG Engine               - devSensorColorProperty: ObjectProperty [value: 0xffff00ff]
14:57:22.351 [FXGL Background Thread 2 ] DEBUG Engine               - sceneFactory: MooseGameApp$1@62c6692c
14:57:22.352 [FXGL Background Thread 2 ] DEBUG Engine               - stageStyle: DECORATED
14:57:22.352 [FXGL Background Thread 2 ] DEBUG Engine               - isManualResizeEnabled: false
14:57:22.352 [FXGL Background Thread 2 ] DEBUG Engine               - title: MooseGame
14:57:22.352 [FXGL Background Thread 2 ] DEBUG Engine               - platform: WINDOWS
14:57:22.352 [FXGL Background Thread 2 ] DEBUG Engine               - devBBoxColorProperty: ObjectProperty [value: 0xff0000ff]
14:57:22.352 [FXGL Background Thread 2 ] DEBUG Engine               - gameDifficulty: MEDIUM
14:57:22.352 [FXGL Background Thread 2 ] DEBUG Engine               - isDesktop: true
14:57:22.352 [FXGL Background Thread 2 ] DEBUG Engine               - supportedLanguages: [ENGLISH, FRENCH, GERMAN, HUNGARIAN, RUSSIAN]
14:57:22.352 [FXGL Background Thread 2 ] DEBUG Engine               - credits: []
14:57:22.352 [FXGL Background Thread 2 ] DEBUG Engine               - globalMusicVolumeProperty: DoubleProperty [value: 0.5]
14:57:22.352 [FXGL Background Thread 2 ] DEBUG Engine               - isPreserveResizeRatio: false
14:57:22.352 [FXGL Background Thread 2 ] DEBUG Engine               - fontText: Courier-Prime.ttf
14:57:22.352 [FXGL Background Thread 2 ] DEBUG Engine               - isExperimentalTiledLargeMap: false
14:57:22.352 [FXGL Background Thread 2 ] DEBUG Engine               - secondsIn24h: 60
14:57:22.352 [FXGL Background Thread 2 ] DEBUG Engine               - runtimeInfo: RuntimeInfo(platform=WINDOWS, version=11.8, build=08.03.2020 09.09)
14:57:22.352 [FXGL Background Thread 2 ] DEBUG Engine               - isLinux: false
14:57:22.352 [FXGL Background Thread 2 ] DEBUG Engine               - soundMenuPress: menu/press.wav
14:57:22.352 [FXGL Background Thread 2 ] DEBUG Engine               - urlGithub: https://github.com/AlmasB/FXGL
14:57:22.352 [FXGL Background Thread 2 ] DEBUG Engine               - profileDir: profiles/
14:57:22.353 [FXGL Background Thread 2 ] DEBUG Engine               - isDeveloperMenuEnabled: false
14:57:22.353 [FXGL Background Thread 2 ] DEBUG Engine               - globalSoundVolumeProperty: DoubleProperty [value: 0.5]
14:57:22.353 [FXGL Background Thread 2 ] DEBUG Engine               - mainWindow: com.almasb.fxgl.app.MainWindow@66f9f1ac
14:57:22.353 [FXGL Background Thread 2 ] DEBUG Engine               - isBrowser: false
14:57:22.353 [FXGL Background Thread 2 ] DEBUG Engine               - globalSoundVolume: 0.5
14:57:22.353 [FXGL Background Thread 2 ] DEBUG Engine               - urlLeaderboard: http://fxgl-top.herokuapp.com/
14:57:22.353 [FXGL Background Thread 2 ] DEBUG Engine               - engineServices: [class com.almasb.fxgl.app.GameApplication$GameApplicationService, class com.almasb.fxgl.app.services.WindowService, class com.almasb.fxgl.app.services.FXGLDialogService, class com.almasb.fxgl.app.services.IOTaskExecutorService, class com.almasb.fxgl.event.EventBusService, class com.almasb.fxgl.io.FileSystemService, class com.almasb.fxgl.localization.LocalizationService, class com.almasb.fxgl.app.services.AssetLoaderService, class com.almasb.fxgl.app.services.SystemBundleService, class com.almasb.fxgl.profile.SaveLoadService, class com.almasb.fxgl.ui.FXGLUIFactoryServiceProvider, class com.almasb.fxgl.ui.FXGLDialogFactoryServiceProvider, class com.almasb.fxgl.audio.AudioPlayer, class com.almasb.fxgl.notification.impl.NotificationServiceProvider, class com.almasb.fxgl.achievement.AchievementService, class com.almasb.fxgl.cutscene.CutsceneService, class com.almasb.fxgl.minigames.MiniGameService, class com.almasb.fxgl.net.NetService, class com.almasb.fxgl.app.services.UpdaterService]
14:57:22.353 [FXGL Background Thread 2 ] DEBUG Engine               - globalMusicVolume: 0.5
14:57:22.353 [FXGL Background Thread 2 ] DEBUG Engine               - width: 600
14:57:22.353 [FXGL Background Thread 2 ] DEBUG Engine               - saveFileExt: sav
14:57:22.353 [FXGL Background Thread 2 ] DEBUG Engine               - isAndroid: false
14:57:22.353 [FXGL Background Thread 2 ] DEBUG Engine               - fontUI: VarelaRound-Regular.ttf
14:57:22.353 [FXGL Background Thread 2 ] DEBUG Engine               - enabledMenuItems: []
14:57:22.353 [FXGL Background Thread 2 ] DEBUG Engine               - isIOS: false
14:57:22.353 [FXGL Background Thread 2 ] DEBUG Engine               - Logging services
14:57:22.353 [FXGL Background Thread 2 ] DEBUG Engine               - class com.almasb.fxgl.app.GameApplication$GameApplicationService
14:57:22.353 [FXGL Background Thread 2 ] DEBUG Engine               - class com.almasb.fxgl.app.services.WindowService
14:57:22.353 [FXGL Background Thread 2 ] DEBUG Engine               - class com.almasb.fxgl.app.services.FXGLDialogService
14:57:22.353 [FXGL Background Thread 2 ] DEBUG Engine               - class com.almasb.fxgl.app.services.IOTaskExecutorService
14:57:22.354 [FXGL Background Thread 2 ] DEBUG Engine               - class com.almasb.fxgl.event.EventBusService
14:57:22.354 [FXGL Background Thread 2 ] DEBUG Engine               - class com.almasb.fxgl.io.FileSystemService
14:57:22.354 [FXGL Background Thread 2 ] DEBUG Engine               - class com.almasb.fxgl.localization.LocalizationService
14:57:22.354 [FXGL Background Thread 2 ] DEBUG Engine               - class com.almasb.fxgl.app.services.AssetLoaderService
14:57:22.354 [FXGL Background Thread 2 ] DEBUG Engine               - class com.almasb.fxgl.app.services.SystemBundleService
14:57:22.354 [FXGL Background Thread 2 ] DEBUG Engine               - class com.almasb.fxgl.profile.SaveLoadService
14:57:22.354 [FXGL Background Thread 2 ] DEBUG Engine               - class com.almasb.fxgl.ui.FXGLUIFactoryServiceProvider
14:57:22.354 [FXGL Background Thread 2 ] DEBUG Engine               - class com.almasb.fxgl.ui.FXGLDialogFactoryServiceProvider
14:57:22.354 [FXGL Background Thread 2 ] DEBUG Engine               - class com.almasb.fxgl.audio.AudioPlayer
14:57:22.354 [FXGL Background Thread 2 ] DEBUG Engine               - class com.almasb.fxgl.notification.impl.NotificationServiceProvider
14:57:22.354 [FXGL Background Thread 2 ] DEBUG Engine               - class com.almasb.fxgl.achievement.AchievementService
14:57:22.354 [FXGL Background Thread 2 ] DEBUG Engine               - class com.almasb.fxgl.cutscene.CutsceneService
14:57:22.354 [FXGL Background Thread 2 ] DEBUG Engine               - class com.almasb.fxgl.minigames.MiniGameService
14:57:22.354 [FXGL Background Thread 2 ] DEBUG Engine               - class com.almasb.fxgl.net.NetService
14:57:22.354 [FXGL Background Thread 2 ] DEBUG Engine               - class com.almasb.fxgl.app.services.UpdaterService
14:57:25.118 [JavaFX Application Thread] DEBUG AssetLoaderService   - Loading from file system: /assets/textures/potHole.png
14:57:27.117 [JavaFX Application Thread] DEBUG AssetLoaderService   - Loading from file system: /assets/textures/mooseWalkAnimation.png
14:57:27.127 [JavaFX Application Thread] DEBUG AssetLoaderService   - Loading from cache: /assets/textures/mooseWalkAnimation.png
14:57:30.126 [JavaFX Application Thread] DEBUG AssetLoaderService   - Loading from cache: /assets/textures/potHole.png
14:57:34.126 [JavaFX Application Thread] DEBUG AssetLoaderService   - Loading from cache: /assets/textures/mooseWalkAnimation.png
14:57:34.127 [JavaFX Application Thread] DEBUG AssetLoaderService   - Loading from cache: /assets/textures/mooseWalkAnimation.png
14:57:35.102 [JavaFX Application Thread] DEBUG AssetLoaderService   - Loading from file system: /assets/textures/gasTank.PNG
14:57:35.118 [JavaFX Application Thread] DEBUG AssetLoaderService   - Loading from cache: /assets/textures/potHole.png
14:57:36.174 [JavaFX Application Thread] DEBUG AssetLoaderService   - Loading from file system: /assets/sounds/explosion.wav
14:57:36.176 [JavaFX Application Thread] DEBUG AssetLoaderService   - Loading from file system: /assets/textures/explosion.png
14:57:36.184 [JavaFX Application Thread] DEBUG AudioPlayer          - Stopping music com.almasb.fxgl.audio.Music@53625cad
14:57:36.186 [JavaFX Application Thread] DEBUG MainWindow           - Push state: DialogSubScene
14:57:36.187 [JavaFX Application Thread] DEBUG Input                - Clearing active input actions
14:57:36.192 [JavaFX Application Thread] DEBUG WindowService        - Removing overlay from GameScene and adding to DialogSubScene
14:57:36.192 [JavaFX Application Thread] DEBUG MainWindow           - GameScene -> DialogSubScene
14:57:36.905 [JavaFX Application Thread] DEBUG GameApplication      - Exiting FXGL
14:57:36.905 [JavaFX Application Thread] DEBUG LoopRunner           - Stopping loop
14:57:36.905 [JavaFX Application Thread] DEBUG SystemBundleService  - Saving FXGL system data
14:57:36.907 [JavaFX Application Thread] DEBUG FileSystemAccess     - Writing to: C:\Users\micha\Desktop\JavaMooseGame\system\fxgl.bundle
14:57:36.908 [JavaFX Application Thread] DEBUG GameApplication      - Shutting down background threads
14:57:36.908 [JavaFX Application Thread] DEBUG GameApplication      - Closing logger and exiting JavaFX
