22:03:55.181 [main                     ] DEBUG GameApplication      - Logger initialized
22:03:55.200 [main                     ] DEBUG GameApplication      - Logging settings
Title: MooseGame
Version: 0.3
Width: 600
Height: 900
Fullscreen: false
Intro: false
Menus: true
Profiling: false
Single step:false
App Mode: DEVELOPER
Menu Key: ESCAPE
Stage Style: DECORATED
Scene Factory: class MooseGameApp$1

22:03:55.968 [JavaFX Application Thread] DEBUG GameApplication      - Initializing FXGL
22:03:55.986 [JavaFX Application Thread] INFO  Engine               - FXGL-11.8 (08.03.2020 09.09) on WINDOWS (J:14.0.1 FX:13.0.2)
22:03:55.986 [JavaFX Application Thread] INFO  Engine               - Source code and latest versions at: https://github.com/AlmasB/FXGL
22:03:55.987 [JavaFX Application Thread] INFO  Engine               -              Join the FXGL chat at: https://gitter.im/AlmasB/FXGL
22:03:56.143 [JavaFX Application Thread] DEBUG MainWindow           - Creating a JavaFX scene
22:03:56.143 [JavaFX Application Thread] DEBUG MainWindow           - Target size > screen size
22:03:56.204 [JavaFX Application Thread] DEBUG MainWindow           - Target settings size: 600.0 x 900.0
22:03:56.204 [JavaFX Application Thread] DEBUG MainWindow           - Scaled scene size:    524.0 x 823.0
22:03:56.205 [JavaFX Application Thread] DEBUG MainWindow           - Scaled ratio: (0.8733333333333333, 0.9144444444444444)
22:03:56.206 [JavaFX Application Thread] DEBUG MainWindow           - Set initial scene to FXGLStartupScene
22:03:56.215 [JavaFX Application Thread] DEBUG MainWindow           - Opening main window
22:03:56.435 [JavaFX Application Thread] DEBUG MainWindow           - Window border size: (14.4000244140625, 37.79998779296875)
22:03:56.435 [JavaFX Application Thread] DEBUG MainWindow           - Scaled size: 524.0 x 823.0
22:03:56.435 [JavaFX Application Thread] DEBUG MainWindow           - Scaled ratio: (0.8733333333333333, 0.9144444444444444)
22:03:56.436 [JavaFX Application Thread] DEBUG MainWindow           - Scene size: 524.0 x 823.0
22:03:56.436 [JavaFX Application Thread] DEBUG MainWindow           - Stage size: 538.4000244140625 x 860.7999877929688
22:03:56.444 [FXGL Background Thread 1 ] DEBUG Engine               - Initializing environment variables
22:03:56.479 [FXGL Background Thread 1 ] DEBUG WindowService        - Applying CSS: fxgl_dark.css
22:03:56.480 [FXGL Background Thread 1 ] DEBUG AssetLoaderService   - Loading from file system: /assets/ui/css/fxgl_dark.css
22:03:56.532 [FXGL Background Thread 1 ] DEBUG WindowService        - Initializing application scenes
22:03:56.578 [FXGL Background Thread 1 ] DEBUG GameWorld            - Game world initialized
22:03:56.632 [FXGL Background Thread 1 ] DEBUG PhysicsWorld         - Physics world initialized: appHeight=900, physics.ppm=50.0
22:03:56.635 [FXGL Background Thread 1 ] DEBUG GameScene            - Game scene initialized: 600x900
22:03:56.646 [FXGL Background Thread 1 ] DEBUG AssetLoaderService   - Loading from file system: /assets/textures/Roadway.png
22:03:56.813 [FXGL Background Thread 1 ] DEBUG AssetLoaderService   - Loading from file system: /assets/textures/particles/trace_horizontal.png
22:03:56.852 [FXGL Background Thread 1 ] WARN  FXGL.DefaultMenu     - FXGLDefaultMenu is not designed for resolutions < 800x600
22:03:56.852 [FXGL Background Thread 1 ] DEBUG FXGL.DefaultMenu     - createMenuBodyGameMenu()
22:03:56.863 [FXGL Background Thread 1 ] DEBUG FXGL.DefaultMenu     - createOptionsMenu()
22:03:56.868 [FXGL Background Thread 1 ] DEBUG AssetLoaderService   - Loading from file system: /assets/textures/particles/smoke.png
22:03:56.928 [FXGL Background Thread 1 ] DEBUG WindowService        - Application scenes initialized
22:03:56.937 [FXGL Background Thread 1 ] DEBUG SystemBundleService  - Loading FXGL system data
22:03:56.942 [FXGL Background Thread 1 ] DEBUG FileSystemAccess     - Reading from: C:\Users\jwnew\OneDrive\Desktop\Course Project\system\fxgl.bundle
22:03:56.948 [FXGL Background Thread 1 ] DEBUG SystemBundleService  - Bundle FXGL: {}
22:03:56.948 [FXGL Background Thread 1 ] INFO  Engine               - FXGL initialization took: 0.502 sec
22:03:56.950 [FXGL Background Thread 1 ] DEBUG GameApplication      - Loading localizations
22:03:56.951 [FXGL Background Thread 1 ] DEBUG AssetLoaderService   - Loading from file system: /assets/properties/languages/english.properties
22:03:56.952 [FXGL Background Thread 1 ] DEBUG AssetLoaderService   - Loading from file system: /assets/properties/languages/french.properties
22:03:56.954 [FXGL Background Thread 1 ] DEBUG AssetLoaderService   - Loading from file system: /assets/properties/languages/german.properties
22:03:56.955 [FXGL Background Thread 1 ] DEBUG AssetLoaderService   - Loading from file system: /assets/properties/languages/hungarian.properties
22:03:56.956 [FXGL Background Thread 1 ] DEBUG AssetLoaderService   - Loading from file system: /assets/properties/languages/russian.properties
22:03:56.958 [FXGL Background Thread 1 ] DEBUG GameApplication      - Registering font factories with UI factory
22:03:56.958 [FXGL Background Thread 1 ] DEBUG AssetLoaderService   - Loading from file system: /assets/ui/fonts/VarelaRound-Regular.ttf
22:03:57.034 [FXGL Background Thread 1 ] DEBUG AssetLoaderService   - Loading from file system: /assets/ui/fonts/Abel-Regular.ttf
22:03:57.045 [FXGL Background Thread 1 ] DEBUG AssetLoaderService   - Loading from file system: /assets/ui/fonts/lucida_console.ttf
22:03:57.059 [FXGL Background Thread 1 ] DEBUG AssetLoaderService   - Loading from file system: /assets/ui/fonts/Courier-Prime.ttf
22:03:57.080 [JavaFX Application Thread] DEBUG Input                - Registered new binding: action0 - A
22:03:57.081 [JavaFX Application Thread] DEBUG Input                - Registered new binding: action1 - S
22:03:57.081 [JavaFX Application Thread] DEBUG Input                - Registered new binding: action2 - D
22:03:57.081 [JavaFX Application Thread] DEBUG Input                - Registered new binding: action3 - W
22:03:57.082 [JavaFX Application Thread] DEBUG Input                - Registered new binding: action4 - Space
22:03:57.082 [JavaFX Application Thread] DEBUG Input                - Registered new binding: action5 - Left
22:03:57.082 [JavaFX Application Thread] DEBUG Input                - Registered new binding: action6 - Down
22:03:57.083 [JavaFX Application Thread] DEBUG Input                - Registered new binding: action7 - Right
22:03:57.083 [JavaFX Application Thread] DEBUG Input                - Registered new binding: action8 - Up
22:03:57.083 [JavaFX Application Thread] DEBUG AssetLoaderService   - Loading from file system: /assets/textures/fxgl_icon.png
22:03:57.092 [JavaFX Application Thread] DEBUG AssetLoaderService   - Loading from file system: /assets/ui/cursors/fxgl_default.png
22:03:57.094 [JavaFX Application Thread] DEBUG Input                - Registered new binding: Screenshot - P
22:03:57.094 [JavaFX Application Thread] DEBUG Input                - Registered new binding: System info dump - CTRL+9
22:03:57.095 [JavaFX Application Thread] DEBUG Input                - Registered new binding: Restart - CTRL+R
22:03:57.096 [JavaFX Application Thread] DEBUG LoopRunner           - Starting loop
22:03:57.106 [JavaFX Application Thread] DEBUG FXGLStartupScene     - STARTUP
22:03:57.107 [JavaFX Application Thread] DEBUG Input                - Clearing active input actions
22:03:57.124 [JavaFX Application Thread] DEBUG WindowService        - Removing overlay from FXGLStartupScene and adding to MooseGameMenu
22:03:57.125 [JavaFX Application Thread] DEBUG MainWindow           - FXGLStartupScene -> MooseGameMenu
22:03:58.588 [JavaFX Application Thread] DEBUG GameApplication      - Exiting FXGL
22:03:58.588 [JavaFX Application Thread] DEBUG LoopRunner           - Stopping loop
22:03:58.588 [JavaFX Application Thread] DEBUG SystemBundleService  - Saving FXGL system data
22:03:58.590 [JavaFX Application Thread] DEBUG FileSystemAccess     - Writing to: C:\Users\jwnew\OneDrive\Desktop\Course Project\system\fxgl.bundle
22:03:58.592 [JavaFX Application Thread] DEBUG GameApplication      - Shutting down background threads
22:03:58.592 [JavaFX Application Thread] DEBUG GameApplication      - Closing logger and exiting JavaFX
