03:41:57.098 [main                     ] DEBUG GameApplication      - Logger initialized
03:41:57.102 [main                     ] DEBUG GameApplication      - Logging settings
Title: MooseGame
Version: 0.3
Width: 600
Height: 900
Fullscreen: false
Intro: false
Menus: true
Profiling: false
Single step:false
App Mode: DEVELOPER
Menu Key: ESCAPE
Stage Style: DECORATED
Scene Factory: class MooseGameApp$1

03:41:57.420 [JavaFX Application Thread] DEBUG GameApplication      - Initializing FXGL
03:41:57.428 [JavaFX Application Thread] INFO  Engine               - FXGL-11.8 (08.03.2020 09.09) on WINDOWS (J:14.0.1 FX:13.0.2)
03:41:57.428 [JavaFX Application Thread] INFO  Engine               - Source code and latest versions at: https://github.com/AlmasB/FXGL
03:41:57.428 [JavaFX Application Thread] INFO  Engine               -              Join the FXGL chat at: https://gitter.im/AlmasB/FXGL
03:41:57.526 [JavaFX Application Thread] DEBUG MainWindow           - Creating a JavaFX scene
03:41:57.568 [JavaFX Application Thread] DEBUG MainWindow           - Target settings size: 600.0 x 900.0
03:41:57.568 [JavaFX Application Thread] DEBUG MainWindow           - Scaled scene size:    600.0 x 900.0
03:41:57.568 [JavaFX Application Thread] DEBUG MainWindow           - Scaled ratio: (1.0, 1.0)
03:41:57.569 [JavaFX Application Thread] DEBUG MainWindow           - Set initial scene to FXGLStartupScene
03:41:57.575 [JavaFX Application Thread] DEBUG MainWindow           - Opening main window
03:41:57.652 [JavaFX Application Thread] DEBUG MainWindow           - Window border size: (16.0, 39.0)
03:41:57.652 [JavaFX Application Thread] DEBUG MainWindow           - Scaled size: 600.0 x 900.0
03:41:57.652 [JavaFX Application Thread] DEBUG MainWindow           - Scaled ratio: (1.0, 1.0)
03:41:57.652 [JavaFX Application Thread] DEBUG MainWindow           - Scene size: 600.0 x 900.0
03:41:57.652 [JavaFX Application Thread] DEBUG MainWindow           - Stage size: 616.0 x 939.0
03:41:57.660 [FXGL Background Thread 1 ] DEBUG Engine               - Initializing environment variables
03:41:57.685 [FXGL Background Thread 1 ] DEBUG WindowService        - Applying CSS: fxgl_dark.css
03:41:57.686 [FXGL Background Thread 1 ] DEBUG AssetLoaderService   - Loading from file system: /assets/ui/css/fxgl_dark.css
03:41:57.720 [FXGL Background Thread 1 ] DEBUG WindowService        - Initializing application scenes
03:41:57.748 [FXGL Background Thread 1 ] DEBUG GameWorld            - Game world initialized
03:41:57.779 [FXGL Background Thread 1 ] DEBUG PhysicsWorld         - Physics world initialized: appHeight=900, physics.ppm=50.0
03:41:57.780 [FXGL Background Thread 1 ] DEBUG GameScene            - Game scene initialized: 600x900
03:41:57.787 [FXGL Background Thread 1 ] DEBUG AssetLoaderService   - Loading from file system: /assets/textures/Roadway.png
03:41:57.853 [FXGL Background Thread 1 ] DEBUG AssetLoaderService   - Loading from file system: /assets/sounds/selection.mp3
03:41:57.927 [FXGL Background Thread 1 ] DEBUG AssetLoaderService   - Loading from cache: /assets/sounds/selection.mp3
03:41:57.927 [FXGL Background Thread 1 ] DEBUG AssetLoaderService   - Loading from cache: /assets/sounds/selection.mp3
03:41:57.928 [FXGL Background Thread 1 ] DEBUG AssetLoaderService   - Loading from cache: /assets/sounds/selection.mp3
03:41:57.928 [FXGL Background Thread 1 ] DEBUG AssetLoaderService   - Loading from cache: /assets/sounds/selection.mp3
03:41:57.947 [FXGL Background Thread 1 ] DEBUG AssetLoaderService   - Loading from file system: /assets/music/Poisoncut_-_MenuMusic.mp3
03:41:58.005 [FXGL Background Thread 1 ] DEBUG AudioPlayer          - Playing music com.almasb.fxgl.audio.Music@2cd6a645
03:41:58.021 [FXGL Background Thread 1 ] DEBUG AssetLoaderService   - Loading from file system: /assets/textures/particles/trace_horizontal.png
03:41:58.047 [FXGL Background Thread 1 ] WARN  FXGL.DefaultMenu     - FXGLDefaultMenu is not designed for resolutions < 800x600
03:41:58.047 [FXGL Background Thread 1 ] DEBUG FXGL.DefaultMenu     - createMenuBodyGameMenu()
03:41:58.055 [FXGL Background Thread 1 ] DEBUG FXGL.DefaultMenu     - createOptionsMenu()
03:41:58.058 [FXGL Background Thread 1 ] DEBUG AssetLoaderService   - Loading from file system: /assets/textures/particles/smoke.png
03:41:58.094 [FXGL Background Thread 1 ] DEBUG WindowService        - Application scenes initialized
03:41:58.100 [FXGL Background Thread 1 ] DEBUG SystemBundleService  - Loading FXGL system data
03:41:58.102 [FXGL Background Thread 1 ] DEBUG FileSystemAccess     - Reading from: C:\Users\micha\Desktop\JavaMooseGame\system\fxgl.bundle
03:41:58.106 [FXGL Background Thread 1 ] DEBUG SystemBundleService  - Bundle FXGL: {}
03:41:58.106 [FXGL Background Thread 1 ] INFO  Engine               - FXGL initialization took: 0.444 sec
03:41:58.107 [FXGL Background Thread 1 ] DEBUG GameApplication      - Loading localizations
03:41:58.108 [FXGL Background Thread 1 ] DEBUG AssetLoaderService   - Loading from file system: /assets/properties/languages/english.properties
03:41:58.109 [FXGL Background Thread 1 ] DEBUG AssetLoaderService   - Loading from file system: /assets/properties/languages/french.properties
03:41:58.110 [FXGL Background Thread 1 ] DEBUG AssetLoaderService   - Loading from file system: /assets/properties/languages/german.properties
03:41:58.110 [FXGL Background Thread 1 ] DEBUG AssetLoaderService   - Loading from file system: /assets/properties/languages/hungarian.properties
03:41:58.111 [FXGL Background Thread 1 ] DEBUG AssetLoaderService   - Loading from file system: /assets/properties/languages/russian.properties
03:41:58.112 [FXGL Background Thread 1 ] DEBUG GameApplication      - Registering font factories with UI factory
03:41:58.112 [FXGL Background Thread 1 ] DEBUG AssetLoaderService   - Loading from file system: /assets/ui/fonts/VarelaRound-Regular.ttf
03:41:58.150 [FXGL Background Thread 1 ] DEBUG AssetLoaderService   - Loading from file system: /assets/ui/fonts/Abel-Regular.ttf
03:41:58.157 [FXGL Background Thread 1 ] DEBUG AssetLoaderService   - Loading from file system: /assets/ui/fonts/lucida_console.ttf
03:41:58.167 [FXGL Background Thread 1 ] DEBUG AssetLoaderService   - Loading from file system: /assets/ui/fonts/Courier-Prime.ttf
03:41:58.181 [JavaFX Application Thread] DEBUG Input                - Registered new binding: action0 - A
03:41:58.181 [JavaFX Application Thread] DEBUG Input                - Registered new binding: action1 - S
03:41:58.181 [JavaFX Application Thread] DEBUG Input                - Registered new binding: action2 - D
03:41:58.182 [JavaFX Application Thread] DEBUG Input                - Registered new binding: action3 - W
03:41:58.182 [JavaFX Application Thread] DEBUG Input                - Registered new binding: action4 - Space
03:41:58.182 [JavaFX Application Thread] DEBUG Input                - Registered new binding: action5 - Left
03:41:58.182 [JavaFX Application Thread] DEBUG Input                - Registered new binding: action6 - Down
03:41:58.182 [JavaFX Application Thread] DEBUG Input                - Registered new binding: action7 - Right
03:41:58.182 [JavaFX Application Thread] DEBUG Input                - Registered new binding: action8 - Up
03:41:58.182 [JavaFX Application Thread] DEBUG AssetLoaderService   - Loading from file system: /assets/textures/fxgl_icon.png
03:41:58.191 [JavaFX Application Thread] DEBUG AssetLoaderService   - Loading from file system: /assets/ui/cursors/fxgl_default.png
03:41:58.192 [JavaFX Application Thread] DEBUG Input                - Registered new binding: Screenshot - P
03:41:58.192 [JavaFX Application Thread] DEBUG Input                - Registered new binding: System info dump - CTRL+9
03:41:58.193 [JavaFX Application Thread] DEBUG Input                - Registered new binding: Restart - CTRL+R
03:41:58.193 [JavaFX Application Thread] DEBUG LoopRunner           - Starting loop
03:41:58.213 [JavaFX Application Thread] DEBUG FXGLStartupScene     - STARTUP
03:41:58.213 [JavaFX Application Thread] DEBUG Input                - Clearing active input actions
03:41:58.225 [JavaFX Application Thread] DEBUG WindowService        - Removing overlay from FXGLStartupScene and adding to MooseGameMenu
03:41:58.225 [JavaFX Application Thread] DEBUG MainWindow           - FXGLStartupScene -> MooseGameMenu
03:41:58.862 [JavaFX Application Thread] DEBUG Menu                 - fireNewGame()
03:41:58.862 [JavaFX Application Thread] DEBUG WindowService        - Starting new game
03:41:58.862 [JavaFX Application Thread] DEBUG Input                - Clearing active input actions
03:41:58.868 [JavaFX Application Thread] DEBUG WindowService        - Removing overlay from MooseGameMenu and adding to FXGLLoadingScene
03:41:58.868 [JavaFX Application Thread] DEBUG MainWindow           - MooseGameMenu -> FXGLLoadingScene
03:41:58.868 [JavaFX Application Thread] DEBUG WindowService        - Clearing previous game
03:41:58.868 [JavaFX Application Thread] DEBUG GameScene            - Clearing game scene
03:41:58.868 [JavaFX Application Thread] DEBUG GameWorld            - Clearing game world
03:41:58.868 [JavaFX Application Thread] DEBUG PhysicsWorld         - Clearing physics world
03:41:58.869 [JavaFX Application Thread] DEBUG AudioPlayer          - Stopping music com.almasb.fxgl.audio.Music@2cd6a645
03:41:58.869 [FXGL Background Thread 1 ] DEBUG GameApplication      - Initializing game
03:41:58.875 [FXGL Background Thread 1 ] DEBUG AssetLoaderService   - Loading from file system: /assets/music/Poisoncut_GameLoop.mp3
03:41:58.877 [FXGL Background Thread 1 ] DEBUG AudioPlayer          - Playing music com.almasb.fxgl.audio.Music@5c730e9b
03:41:58.879 [FXGL Background Thread 1 ] DEBUG AssetLoaderService   - Loading from file system: /assets/textures/road_with_patches.png
03:41:58.887 [FXGL Background Thread 1 ] DEBUG AssetLoaderService   - Loading from cache: /assets/textures/road_with_patches.png
03:41:58.888 [FXGL Background Thread 1 ] DEBUG AssetLoaderService   - Loading from file system: /assets/textures/car1.png
03:41:58.897 [FXGL Background Thread 1 ] DEBUG AssetLoaderService   - Loading from file system: /assets/textures/signpost.png
03:41:58.901 [FXGL Background Thread 1 ] DEBUG AssetLoaderService   - Loading from file system: /assets/ui/moosegame_ui.fxml
03:41:58.944 [FXGL Background Thread 1 ] INFO  GameApplication      - Game initialization took: 0.075 sec
03:41:58.944 [JavaFX Application Thread] DEBUG Input                - Clearing active input actions
03:41:58.952 [JavaFX Application Thread] DEBUG WindowService        - Removing overlay from FXGLLoadingScene and adding to GameScene
03:41:58.952 [JavaFX Application Thread] DEBUG MainWindow           - FXGLLoadingScene -> GameScene
03:42:00.626 [JavaFX Application Thread] DEBUG AssetLoaderService   - Loading from file system: /assets/textures/mooseWalkAnimation.png
03:42:01.107 [FXGL Background Thread 2 ] DEBUG Engine               - Logging environment variables
03:42:01.107 [FXGL Background Thread 2 ] DEBUG Engine               - achievements: []
03:42:01.107 [FXGL Background Thread 2 ] DEBUG Engine               - language: ObjectProperty [value: ENGLISH]
03:42:01.107 [FXGL Background Thread 2 ] DEBUG Engine               - isCloseConfirmation: false
03:42:01.107 [FXGL Background Thread 2 ] DEBUG Engine               - isProfilingEnabled: false
03:42:01.108 [FXGL Background Thread 2 ] DEBUG Engine               - soundNotification: core/notification.wav
03:42:01.108 [FXGL Background Thread 2 ] DEBUG Engine               - devShowBBoxProperty: BooleanProperty [value: false]
03:42:01.108 [FXGL Background Thread 2 ] DEBUG Engine               - pixelsPerMeter: 50.0
03:42:01.108 [FXGL Background Thread 2 ] DEBUG Engine               - appIcon: fxgl_icon.png
03:42:01.108 [FXGL Background Thread 2 ] DEBUG Engine               - soundMenuBack: menu/back.wav
03:42:01.108 [FXGL Background Thread 2 ] DEBUG Engine               - isFullScreenAllowed: false
03:42:01.108 [FXGL Background Thread 2 ] DEBUG Engine               - isIntroEnabled: false
03:42:01.108 [FXGL Background Thread 2 ] DEBUG Engine               - fontMono: lucida_console.ttf
03:42:01.108 [FXGL Background Thread 2 ] DEBUG Engine               - soundMenuSelect: menu/select.wav
03:42:01.108 [FXGL Background Thread 2 ] DEBUG Engine               - isWindows: true
03:42:01.108 [FXGL Background Thread 2 ] DEBUG Engine               - isMobile: false
03:42:01.108 [FXGL Background Thread 2 ] DEBUG Engine               - isUserProfileEnabled: false
03:42:01.108 [FXGL Background Thread 2 ] DEBUG Engine               - height: 900
03:42:01.108 [FXGL Background Thread 2 ] DEBUG Engine               - isExperimentalNative: false
03:42:01.108 [FXGL Background Thread 2 ] DEBUG Engine               - settings: Title: MooseGame
Version: 0.3
Width: 600
Height: 900
Fullscreen: false
Intro: false
Menus: true
Profiling: false
Single step:false
App Mode: DEVELOPER
Menu Key: ESCAPE
Stage Style: DECORATED
Scene Factory: class MooseGameApp$1

03:42:01.108 [FXGL Background Thread 2 ] DEBUG Engine               - isSingleStep: false
03:42:01.108 [FXGL Background Thread 2 ] DEBUG Engine               - cSSList: [fxgl_dark.css]
03:42:01.109 [FXGL Background Thread 2 ] DEBUG Engine               - fontGame: Abel-Regular.ttf
03:42:01.109 [FXGL Background Thread 2 ] DEBUG Engine               - menuKey: ESCAPE
03:42:01.109 [FXGL Background Thread 2 ] DEBUG Engine               - devShowPositionProperty: BooleanProperty [value: false]
03:42:01.109 [FXGL Background Thread 2 ] DEBUG Engine               - versionCheckDays: 7
03:42:01.109 [FXGL Background Thread 2 ] DEBUG Engine               - configClass: Optional.empty
03:42:01.109 [FXGL Background Thread 2 ] DEBUG Engine               - isFullScreenFromStart: false
03:42:01.109 [FXGL Background Thread 2 ] DEBUG Engine               - version: 0.3
03:42:01.109 [FXGL Background Thread 2 ] DEBUG Engine               - fullScreen: BooleanProperty [value: false]
03:42:01.109 [FXGL Background Thread 2 ] DEBUG Engine               - randomSeed: -1
03:42:01.109 [FXGL Background Thread 2 ] DEBUG Engine               - gameDifficultyProperty: ObjectProperty [value: MEDIUM]
03:42:01.109 [FXGL Background Thread 2 ] DEBUG Engine               - applicationMode: DEVELOPER
03:42:01.109 [FXGL Background Thread 2 ] DEBUG Engine               - isMac: false
03:42:01.109 [FXGL Background Thread 2 ] DEBUG Engine               - isMenuEnabled: true
03:42:01.109 [FXGL Background Thread 2 ] DEBUG Engine               - profileName: StringProperty [value: DEFAULT]
03:42:01.109 [FXGL Background Thread 2 ] DEBUG Engine               - urlPOM: https://raw.githubusercontent.com/AlmasB/FXGL/master/pom.xml
03:42:01.109 [FXGL Background Thread 2 ] DEBUG Engine               - notificationViewClass: class com.almasb.fxgl.notification.view.XboxNotificationView
03:42:01.109 [FXGL Background Thread 2 ] DEBUG Engine               - devSensorColorProperty: ObjectProperty [value: 0xffff00ff]
03:42:01.109 [FXGL Background Thread 2 ] DEBUG Engine               - sceneFactory: MooseGameApp$1@1498d753
03:42:01.109 [FXGL Background Thread 2 ] DEBUG Engine               - stageStyle: DECORATED
03:42:01.109 [FXGL Background Thread 2 ] DEBUG Engine               - isManualResizeEnabled: false
03:42:01.110 [FXGL Background Thread 2 ] DEBUG Engine               - title: MooseGame
03:42:01.110 [FXGL Background Thread 2 ] DEBUG Engine               - platform: WINDOWS
03:42:01.110 [FXGL Background Thread 2 ] DEBUG Engine               - devBBoxColorProperty: ObjectProperty [value: 0xff0000ff]
03:42:01.110 [FXGL Background Thread 2 ] DEBUG Engine               - gameDifficulty: MEDIUM
03:42:01.110 [FXGL Background Thread 2 ] DEBUG Engine               - isDesktop: true
03:42:01.110 [FXGL Background Thread 2 ] DEBUG Engine               - supportedLanguages: [ENGLISH, FRENCH, GERMAN, HUNGARIAN, RUSSIAN]
03:42:01.110 [FXGL Background Thread 2 ] DEBUG Engine               - credits: []
03:42:01.110 [FXGL Background Thread 2 ] DEBUG Engine               - globalMusicVolumeProperty: DoubleProperty [value: 0.5]
03:42:01.110 [FXGL Background Thread 2 ] DEBUG Engine               - isPreserveResizeRatio: false
03:42:01.110 [FXGL Background Thread 2 ] DEBUG Engine               - fontText: Courier-Prime.ttf
03:42:01.110 [FXGL Background Thread 2 ] DEBUG Engine               - isExperimentalTiledLargeMap: false
03:42:01.110 [FXGL Background Thread 2 ] DEBUG Engine               - secondsIn24h: 60
03:42:01.110 [FXGL Background Thread 2 ] DEBUG Engine               - runtimeInfo: RuntimeInfo(platform=WINDOWS, version=11.8, build=08.03.2020 09.09)
03:42:01.110 [FXGL Background Thread 2 ] DEBUG Engine               - isLinux: false
03:42:01.110 [FXGL Background Thread 2 ] DEBUG Engine               - soundMenuPress: menu/press.wav
03:42:01.110 [FXGL Background Thread 2 ] DEBUG Engine               - urlGithub: https://github.com/AlmasB/FXGL
03:42:01.110 [FXGL Background Thread 2 ] DEBUG Engine               - profileDir: profiles/
03:42:01.110 [FXGL Background Thread 2 ] DEBUG Engine               - isDeveloperMenuEnabled: false
03:42:01.110 [FXGL Background Thread 2 ] DEBUG Engine               - globalSoundVolumeProperty: DoubleProperty [value: 0.5]
03:42:01.110 [FXGL Background Thread 2 ] DEBUG Engine               - mainWindow: com.almasb.fxgl.app.MainWindow@10a74118
03:42:01.110 [FXGL Background Thread 2 ] DEBUG Engine               - isBrowser: false
03:42:01.110 [FXGL Background Thread 2 ] DEBUG Engine               - globalSoundVolume: 0.5
03:42:01.111 [FXGL Background Thread 2 ] DEBUG Engine               - urlLeaderboard: http://fxgl-top.herokuapp.com/
03:42:01.111 [FXGL Background Thread 2 ] DEBUG Engine               - engineServices: [class com.almasb.fxgl.app.GameApplication$GameApplicationService, class com.almasb.fxgl.app.services.WindowService, class com.almasb.fxgl.app.services.FXGLDialogService, class com.almasb.fxgl.app.services.IOTaskExecutorService, class com.almasb.fxgl.event.EventBusService, class com.almasb.fxgl.io.FileSystemService, class com.almasb.fxgl.localization.LocalizationService, class com.almasb.fxgl.app.services.AssetLoaderService, class com.almasb.fxgl.app.services.SystemBundleService, class com.almasb.fxgl.profile.SaveLoadService, class com.almasb.fxgl.ui.FXGLUIFactoryServiceProvider, class com.almasb.fxgl.ui.FXGLDialogFactoryServiceProvider, class com.almasb.fxgl.audio.AudioPlayer, class com.almasb.fxgl.notification.impl.NotificationServiceProvider, class com.almasb.fxgl.achievement.AchievementService, class com.almasb.fxgl.cutscene.CutsceneService, class com.almasb.fxgl.minigames.MiniGameService, class com.almasb.fxgl.net.NetService, class com.almasb.fxgl.app.services.UpdaterService]
03:42:01.111 [FXGL Background Thread 2 ] DEBUG Engine               - globalMusicVolume: 0.5
03:42:01.111 [FXGL Background Thread 2 ] DEBUG Engine               - width: 600
03:42:01.111 [FXGL Background Thread 2 ] DEBUG Engine               - saveFileExt: sav
03:42:01.111 [FXGL Background Thread 2 ] DEBUG Engine               - isAndroid: false
03:42:01.111 [FXGL Background Thread 2 ] DEBUG Engine               - fontUI: VarelaRound-Regular.ttf
03:42:01.111 [FXGL Background Thread 2 ] DEBUG Engine               - enabledMenuItems: []
03:42:01.111 [FXGL Background Thread 2 ] DEBUG Engine               - isIOS: false
03:42:01.111 [FXGL Background Thread 2 ] DEBUG Engine               - Logging services
03:42:01.111 [FXGL Background Thread 2 ] DEBUG Engine               - class com.almasb.fxgl.app.GameApplication$GameApplicationService
03:42:01.111 [FXGL Background Thread 2 ] DEBUG Engine               - class com.almasb.fxgl.app.services.WindowService
03:42:01.111 [FXGL Background Thread 2 ] DEBUG Engine               - class com.almasb.fxgl.app.services.FXGLDialogService
03:42:01.111 [FXGL Background Thread 2 ] DEBUG Engine               - class com.almasb.fxgl.app.services.IOTaskExecutorService
03:42:01.111 [FXGL Background Thread 2 ] DEBUG Engine               - class com.almasb.fxgl.event.EventBusService
03:42:01.111 [FXGL Background Thread 2 ] DEBUG Engine               - class com.almasb.fxgl.io.FileSystemService
03:42:01.111 [FXGL Background Thread 2 ] DEBUG Engine               - class com.almasb.fxgl.localization.LocalizationService
03:42:01.111 [FXGL Background Thread 2 ] DEBUG Engine               - class com.almasb.fxgl.app.services.AssetLoaderService
03:42:01.111 [FXGL Background Thread 2 ] DEBUG Engine               - class com.almasb.fxgl.app.services.SystemBundleService
03:42:01.112 [FXGL Background Thread 2 ] DEBUG Engine               - class com.almasb.fxgl.profile.SaveLoadService
03:42:01.112 [FXGL Background Thread 2 ] DEBUG Engine               - class com.almasb.fxgl.ui.FXGLUIFactoryServiceProvider
03:42:01.112 [FXGL Background Thread 2 ] DEBUG Engine               - class com.almasb.fxgl.ui.FXGLDialogFactoryServiceProvider
03:42:01.112 [FXGL Background Thread 2 ] DEBUG Engine               - class com.almasb.fxgl.audio.AudioPlayer
03:42:01.112 [FXGL Background Thread 2 ] DEBUG Engine               - class com.almasb.fxgl.notification.impl.NotificationServiceProvider
03:42:01.112 [FXGL Background Thread 2 ] DEBUG Engine               - class com.almasb.fxgl.achievement.AchievementService
03:42:01.112 [FXGL Background Thread 2 ] DEBUG Engine               - class com.almasb.fxgl.cutscene.CutsceneService
03:42:01.112 [FXGL Background Thread 2 ] DEBUG Engine               - class com.almasb.fxgl.minigames.MiniGameService
03:42:01.112 [FXGL Background Thread 2 ] DEBUG Engine               - class com.almasb.fxgl.net.NetService
03:42:01.112 [FXGL Background Thread 2 ] DEBUG Engine               - class com.almasb.fxgl.app.services.UpdaterService
03:42:01.715 [JavaFX Application Thread] DEBUG AssetLoaderService   - Loading from file system: /assets/sounds/explosion.wav
03:42:01.717 [JavaFX Application Thread] DEBUG AssetLoaderService   - Loading from file system: /assets/textures/explosion.png
03:42:01.724 [JavaFX Application Thread] DEBUG AudioPlayer          - Stopping music com.almasb.fxgl.audio.Music@5c730e9b
03:42:01.726 [JavaFX Application Thread] DEBUG MainWindow           - Push state: DialogSubScene
03:42:01.726 [JavaFX Application Thread] DEBUG Input                - Clearing active input actions
03:42:01.731 [JavaFX Application Thread] DEBUG WindowService        - Removing overlay from GameScene and adding to DialogSubScene
03:42:01.731 [JavaFX Application Thread] DEBUG MainWindow           - GameScene -> DialogSubScene
03:42:03.642 [JavaFX Application Thread] DEBUG MainWindow           - Pop state: DialogSubScene
03:42:03.642 [JavaFX Application Thread] DEBUG Input                - Clearing active input actions
03:42:03.643 [JavaFX Application Thread] DEBUG WindowService        - Removing overlay from DialogSubScene and adding to GameScene
03:42:03.643 [JavaFX Application Thread] DEBUG MainWindow           - GameScene <- DialogSubScene
03:42:03.643 [JavaFX Application Thread] DEBUG Input                - Clearing active input actions
03:42:03.647 [JavaFX Application Thread] DEBUG WindowService        - Removing overlay from GameScene and adding to MooseGameMenu
03:42:03.647 [JavaFX Application Thread] DEBUG MainWindow           - GameScene -> MooseGameMenu
03:42:09.576 [JavaFX Application Thread] DEBUG GameApplication      - Exiting FXGL
03:42:09.576 [JavaFX Application Thread] DEBUG LoopRunner           - Stopping loop
03:42:09.576 [JavaFX Application Thread] DEBUG SystemBundleService  - Saving FXGL system data
03:42:09.577 [JavaFX Application Thread] DEBUG FileSystemAccess     - Writing to: C:\Users\micha\Desktop\JavaMooseGame\system\fxgl.bundle
03:42:09.578 [JavaFX Application Thread] DEBUG GameApplication      - Shutting down background threads
03:42:09.579 [JavaFX Application Thread] DEBUG GameApplication      - Closing logger and exiting JavaFX
