14:01:39.330 [main                     ] DEBUG GameApplication      - Logger initialized
14:01:39.335 [main                     ] DEBUG GameApplication      - Logging settings
Title: MooseGame
Version: 0.2
Width: 600
Height: 900
Fullscreen: false
Intro: false
Menus: true
Profiling: false
Single step:false
App Mode: DEVELOPER
Menu Key: ESCAPE
Stage Style: DECORATED
Scene Factory: class com.almasb.fxgl.app.scene.SceneFactory

14:01:39.646 [JavaFX Application Thread] DEBUG GameApplication      - Initializing FXGL
14:01:39.654 [JavaFX Application Thread] INFO  Engine               - FXGL-11.8 (08.03.2020 09.09) on WINDOWS (J:14.0.1 FX:13.0.2)
14:01:39.655 [JavaFX Application Thread] INFO  Engine               - Source code and latest versions at: https://github.com/AlmasB/FXGL
14:01:39.655 [JavaFX Application Thread] INFO  Engine               -              Join the FXGL chat at: https://gitter.im/AlmasB/FXGL
14:01:39.755 [JavaFX Application Thread] DEBUG MainWindow           - Creating a JavaFX scene
14:01:39.797 [JavaFX Application Thread] DEBUG MainWindow           - Target settings size: 600.0 x 900.0
14:01:39.797 [JavaFX Application Thread] DEBUG MainWindow           - Scaled scene size:    600.0 x 900.0
14:01:39.797 [JavaFX Application Thread] DEBUG MainWindow           - Scaled ratio: (1.0, 1.0)
14:01:39.799 [JavaFX Application Thread] DEBUG MainWindow           - Set initial scene to FXGLStartupScene
14:01:39.804 [JavaFX Application Thread] DEBUG MainWindow           - Opening main window
14:01:39.878 [JavaFX Application Thread] DEBUG MainWindow           - Window border size: (16.0, 39.0)
14:01:39.878 [JavaFX Application Thread] DEBUG MainWindow           - Scaled size: 600.0 x 900.0
14:01:39.878 [JavaFX Application Thread] DEBUG MainWindow           - Scaled ratio: (1.0, 1.0)
14:01:39.878 [JavaFX Application Thread] DEBUG MainWindow           - Scene size: 600.0 x 900.0
14:01:39.878 [JavaFX Application Thread] DEBUG MainWindow           - Stage size: 616.0 x 939.0
14:01:39.885 [FXGL Background Thread 1 ] DEBUG Engine               - Initializing environment variables
14:01:39.910 [FXGL Background Thread 1 ] DEBUG WindowService        - Applying CSS: fxgl_dark.css
14:01:39.910 [FXGL Background Thread 1 ] DEBUG AssetLoaderService   - Loading from file system: /assets/ui/css/fxgl_dark.css
14:01:39.948 [FXGL Background Thread 1 ] DEBUG WindowService        - Initializing application scenes
14:01:39.977 [FXGL Background Thread 1 ] DEBUG GameWorld            - Game world initialized
14:01:40.005 [FXGL Background Thread 1 ] DEBUG PhysicsWorld         - Physics world initialized: appHeight=900, physics.ppm=50.0
14:01:40.007 [FXGL Background Thread 1 ] DEBUG GameScene            - Game scene initialized: 600x900
14:01:40.027 [FXGL Background Thread 1 ] DEBUG AssetLoaderService   - Loading from file system: /assets/textures/particles/trace_horizontal.png
14:01:40.074 [FXGL Background Thread 1 ] WARN  FXGL.DefaultMenu     - FXGLDefaultMenu is not designed for resolutions < 800x600
14:01:40.075 [FXGL Background Thread 1 ] DEBUG FXGL.DefaultMenu     - createMenuBodyMainMenu()
14:01:40.087 [FXGL Background Thread 1 ] DEBUG FXGL.DefaultMenu     - createOptionsMenu()
14:01:40.090 [FXGL Background Thread 1 ] DEBUG AssetLoaderService   - Loading from file system: /assets/textures/particles/smoke.png
14:01:40.142 [FXGL Background Thread 1 ] DEBUG AssetLoaderService   - Loading from cache: /assets/textures/particles/trace_horizontal.png@64.0x64.0
14:01:40.143 [FXGL Background Thread 1 ] WARN  FXGL.DefaultMenu     - FXGLDefaultMenu is not designed for resolutions < 800x600
14:01:40.143 [FXGL Background Thread 1 ] DEBUG FXGL.DefaultMenu     - createMenuBodyGameMenu()
14:01:40.144 [FXGL Background Thread 1 ] DEBUG FXGL.DefaultMenu     - createOptionsMenu()
14:01:40.145 [FXGL Background Thread 1 ] DEBUG AssetLoaderService   - Loading from cache: /assets/textures/particles/smoke.png@128.0x128.0
14:01:40.157 [FXGL Background Thread 1 ] DEBUG WindowService        - Application scenes initialized
14:01:40.163 [FXGL Background Thread 1 ] DEBUG SystemBundleService  - Loading FXGL system data
14:01:40.166 [FXGL Background Thread 1 ] DEBUG FileSystemAccess     - Reading from: C:\Users\micha\Desktop\JavaMooseGame\system\fxgl.bundle
14:01:40.170 [FXGL Background Thread 1 ] DEBUG SystemBundleService  - Bundle FXGL: {}
14:01:40.171 [FXGL Background Thread 1 ] INFO  Engine               - FXGL initialization took: 0.284 sec
14:01:40.172 [FXGL Background Thread 1 ] DEBUG GameApplication      - Loading localizations
14:01:40.172 [FXGL Background Thread 1 ] DEBUG AssetLoaderService   - Loading from file system: /assets/properties/languages/english.properties
14:01:40.174 [FXGL Background Thread 1 ] DEBUG AssetLoaderService   - Loading from file system: /assets/properties/languages/french.properties
14:01:40.175 [FXGL Background Thread 1 ] DEBUG AssetLoaderService   - Loading from file system: /assets/properties/languages/german.properties
14:01:40.176 [FXGL Background Thread 1 ] DEBUG AssetLoaderService   - Loading from file system: /assets/properties/languages/hungarian.properties
14:01:40.177 [FXGL Background Thread 1 ] DEBUG AssetLoaderService   - Loading from file system: /assets/properties/languages/russian.properties
14:01:40.178 [FXGL Background Thread 1 ] DEBUG GameApplication      - Registering font factories with UI factory
14:01:40.178 [FXGL Background Thread 1 ] DEBUG AssetLoaderService   - Loading from file system: /assets/ui/fonts/VarelaRound-Regular.ttf
14:01:40.222 [FXGL Background Thread 1 ] DEBUG AssetLoaderService   - Loading from file system: /assets/ui/fonts/Abel-Regular.ttf
14:01:40.229 [FXGL Background Thread 1 ] DEBUG AssetLoaderService   - Loading from file system: /assets/ui/fonts/lucida_console.ttf
14:01:40.238 [FXGL Background Thread 1 ] DEBUG AssetLoaderService   - Loading from file system: /assets/ui/fonts/Courier-Prime.ttf
14:01:40.252 [JavaFX Application Thread] DEBUG Input                - Registered new binding: action0 - A
14:01:40.253 [JavaFX Application Thread] DEBUG Input                - Registered new binding: action1 - S
14:01:40.253 [JavaFX Application Thread] DEBUG Input                - Registered new binding: action2 - D
14:01:40.253 [JavaFX Application Thread] DEBUG Input                - Registered new binding: action3 - W
14:01:40.253 [JavaFX Application Thread] DEBUG Input                - Registered new binding: action4 - Space
14:01:40.254 [JavaFX Application Thread] DEBUG Input                - Registered new binding: action5 - Left
14:01:40.254 [JavaFX Application Thread] DEBUG Input                - Registered new binding: action6 - Down
14:01:40.254 [JavaFX Application Thread] DEBUG Input                - Registered new binding: action7 - Right
14:01:40.254 [JavaFX Application Thread] DEBUG Input                - Registered new binding: action8 - Up
14:01:40.254 [JavaFX Application Thread] DEBUG AssetLoaderService   - Loading from file system: /assets/textures/fxgl_icon.png
14:01:40.272 [JavaFX Application Thread] DEBUG AssetLoaderService   - Loading from file system: /assets/ui/cursors/fxgl_default.png
14:01:40.274 [JavaFX Application Thread] DEBUG Input                - Registered new binding: Screenshot - P
14:01:40.274 [JavaFX Application Thread] DEBUG Input                - Registered new binding: System info dump - CTRL+9
14:01:40.274 [JavaFX Application Thread] DEBUG Input                - Registered new binding: Restart - CTRL+R
14:01:40.275 [JavaFX Application Thread] DEBUG LoopRunner           - Starting loop
14:01:40.293 [JavaFX Application Thread] DEBUG FXGLStartupScene     - STARTUP
14:01:40.297 [JavaFX Application Thread] DEBUG Input                - Clearing active input actions
14:01:40.313 [JavaFX Application Thread] DEBUG WindowService        - Removing overlay from FXGLStartupScene and adding to FXGLDefaultMenu
14:01:40.313 [JavaFX Application Thread] DEBUG MainWindow           - FXGLStartupScene -> FXGLDefaultMenu
14:01:41.424 [JavaFX Application Thread] DEBUG Menu                 - fireNewGame()
14:01:41.424 [JavaFX Application Thread] DEBUG WindowService        - Starting new game
14:01:41.424 [JavaFX Application Thread] DEBUG Input                - Clearing active input actions
14:01:41.431 [JavaFX Application Thread] DEBUG WindowService        - Removing overlay from FXGLDefaultMenu and adding to FXGLLoadingScene
14:01:41.431 [JavaFX Application Thread] DEBUG MainWindow           - FXGLDefaultMenu -> FXGLLoadingScene
14:01:41.431 [JavaFX Application Thread] DEBUG WindowService        - Clearing previous game
14:01:41.431 [JavaFX Application Thread] DEBUG GameScene            - Clearing game scene
14:01:41.431 [JavaFX Application Thread] DEBUG GameWorld            - Clearing game world
14:01:41.431 [JavaFX Application Thread] DEBUG PhysicsWorld         - Clearing physics world
14:01:41.432 [FXGL Background Thread 1 ] DEBUG GameApplication      - Initializing game
14:01:41.439 [FXGL Background Thread 1 ] DEBUG AssetLoaderService   - Loading from file system: /assets/textures/road_with_patches.png
14:01:41.449 [FXGL Background Thread 1 ] DEBUG AssetLoaderService   - Loading from cache: /assets/textures/road_with_patches.png
14:01:41.449 [FXGL Background Thread 1 ] DEBUG AssetLoaderService   - Loading from file system: /assets/textures/Car_Audi_Sport_Quattro_86x145.png
14:01:41.459 [FXGL Background Thread 1 ] DEBUG AssetLoaderService   - Loading from file system: /assets/ui/moosegame_ui.fxml
14:01:41.520 [FXGL Background Thread 1 ] INFO  GameApplication      - Game initialization took: 0.088 sec
14:01:41.521 [JavaFX Application Thread] DEBUG Input                - Clearing active input actions
14:01:41.526 [JavaFX Application Thread] DEBUG WindowService        - Removing overlay from FXGLLoadingScene and adding to GameScene
14:01:41.526 [JavaFX Application Thread] DEBUG MainWindow           - FXGLLoadingScene -> GameScene
14:01:43.172 [FXGL Background Thread 2 ] DEBUG Engine               - Logging environment variables
14:01:43.172 [FXGL Background Thread 2 ] DEBUG Engine               - achievements: []
14:01:43.172 [FXGL Background Thread 2 ] DEBUG Engine               - language: ObjectProperty [value: ENGLISH]
14:01:43.172 [FXGL Background Thread 2 ] DEBUG Engine               - isCloseConfirmation: false
14:01:43.172 [FXGL Background Thread 2 ] DEBUG Engine               - isProfilingEnabled: false
14:01:43.172 [FXGL Background Thread 2 ] DEBUG Engine               - soundNotification: core/notification.wav
14:01:43.172 [FXGL Background Thread 2 ] DEBUG Engine               - devShowBBoxProperty: BooleanProperty [value: false]
14:01:43.172 [FXGL Background Thread 2 ] DEBUG Engine               - pixelsPerMeter: 50.0
14:01:43.172 [FXGL Background Thread 2 ] DEBUG Engine               - appIcon: fxgl_icon.png
14:01:43.172 [FXGL Background Thread 2 ] DEBUG Engine               - soundMenuBack: menu/back.wav
14:01:43.172 [FXGL Background Thread 2 ] DEBUG Engine               - isFullScreenAllowed: false
14:01:43.172 [FXGL Background Thread 2 ] DEBUG Engine               - isIntroEnabled: false
14:01:43.172 [FXGL Background Thread 2 ] DEBUG Engine               - fontMono: lucida_console.ttf
14:01:43.172 [FXGL Background Thread 2 ] DEBUG Engine               - soundMenuSelect: menu/select.wav
14:01:43.173 [FXGL Background Thread 2 ] DEBUG Engine               - isWindows: true
14:01:43.173 [FXGL Background Thread 2 ] DEBUG Engine               - isMobile: false
14:01:43.173 [FXGL Background Thread 2 ] DEBUG Engine               - isUserProfileEnabled: false
14:01:43.173 [FXGL Background Thread 2 ] DEBUG Engine               - height: 900
14:01:43.173 [FXGL Background Thread 2 ] DEBUG Engine               - isExperimentalNative: false
14:01:43.173 [FXGL Background Thread 2 ] DEBUG Engine               - settings: Title: MooseGame
Version: 0.2
Width: 600
Height: 900
Fullscreen: false
Intro: false
Menus: true
Profiling: false
Single step:false
App Mode: DEVELOPER
Menu Key: ESCAPE
Stage Style: DECORATED
Scene Factory: class com.almasb.fxgl.app.scene.SceneFactory

14:01:43.173 [FXGL Background Thread 2 ] DEBUG Engine               - isSingleStep: false
14:01:43.173 [FXGL Background Thread 2 ] DEBUG Engine               - cSSList: [fxgl_dark.css]
14:01:43.173 [FXGL Background Thread 2 ] DEBUG Engine               - fontGame: Abel-Regular.ttf
14:01:43.173 [FXGL Background Thread 2 ] DEBUG Engine               - menuKey: ESCAPE
14:01:43.173 [FXGL Background Thread 2 ] DEBUG Engine               - devShowPositionProperty: BooleanProperty [value: false]
14:01:43.173 [FXGL Background Thread 2 ] DEBUG Engine               - versionCheckDays: 7
14:01:43.173 [FXGL Background Thread 2 ] DEBUG Engine               - configClass: Optional.empty
14:01:43.173 [FXGL Background Thread 2 ] DEBUG Engine               - isFullScreenFromStart: false
14:01:43.173 [FXGL Background Thread 2 ] DEBUG Engine               - version: 0.2
14:01:43.173 [FXGL Background Thread 2 ] DEBUG Engine               - fullScreen: BooleanProperty [value: false]
14:01:43.173 [FXGL Background Thread 2 ] DEBUG Engine               - randomSeed: -1
14:01:43.173 [FXGL Background Thread 2 ] DEBUG Engine               - gameDifficultyProperty: ObjectProperty [value: MEDIUM]
14:01:43.173 [FXGL Background Thread 2 ] DEBUG Engine               - applicationMode: DEVELOPER
14:01:43.173 [FXGL Background Thread 2 ] DEBUG Engine               - isMac: false
14:01:43.173 [FXGL Background Thread 2 ] DEBUG Engine               - isMenuEnabled: true
14:01:43.174 [FXGL Background Thread 2 ] DEBUG Engine               - urlPOM: https://raw.githubusercontent.com/AlmasB/FXGL/master/pom.xml
14:01:43.174 [FXGL Background Thread 2 ] DEBUG Engine               - profileName: StringProperty [value: DEFAULT]
14:01:43.174 [FXGL Background Thread 2 ] DEBUG Engine               - notificationViewClass: class com.almasb.fxgl.notification.view.XboxNotificationView
14:01:43.174 [FXGL Background Thread 2 ] DEBUG Engine               - devSensorColorProperty: ObjectProperty [value: 0xffff00ff]
14:01:43.174 [FXGL Background Thread 2 ] DEBUG Engine               - sceneFactory: com.almasb.fxgl.app.scene.SceneFactory@35551cf2
14:01:43.174 [FXGL Background Thread 2 ] DEBUG Engine               - stageStyle: DECORATED
14:01:43.174 [FXGL Background Thread 2 ] DEBUG Engine               - isManualResizeEnabled: false
14:01:43.174 [FXGL Background Thread 2 ] DEBUG Engine               - title: MooseGame
14:01:43.174 [FXGL Background Thread 2 ] DEBUG Engine               - platform: WINDOWS
14:01:43.174 [FXGL Background Thread 2 ] DEBUG Engine               - devBBoxColorProperty: ObjectProperty [value: 0xff0000ff]
14:01:43.174 [FXGL Background Thread 2 ] DEBUG Engine               - gameDifficulty: MEDIUM
14:01:43.174 [FXGL Background Thread 2 ] DEBUG Engine               - isDesktop: true
14:01:43.174 [FXGL Background Thread 2 ] DEBUG Engine               - supportedLanguages: [ENGLISH, FRENCH, GERMAN, HUNGARIAN, RUSSIAN]
14:01:43.174 [FXGL Background Thread 2 ] DEBUG Engine               - credits: []
14:01:43.174 [FXGL Background Thread 2 ] DEBUG Engine               - globalMusicVolumeProperty: DoubleProperty [value: 0.5]
14:01:43.174 [FXGL Background Thread 2 ] DEBUG Engine               - isPreserveResizeRatio: false
14:01:43.174 [FXGL Background Thread 2 ] DEBUG Engine               - fontText: Courier-Prime.ttf
14:01:43.175 [FXGL Background Thread 2 ] DEBUG Engine               - isExperimentalTiledLargeMap: false
14:01:43.175 [FXGL Background Thread 2 ] DEBUG Engine               - secondsIn24h: 60
14:01:43.175 [FXGL Background Thread 2 ] DEBUG Engine               - runtimeInfo: RuntimeInfo(platform=WINDOWS, version=11.8, build=08.03.2020 09.09)
14:01:43.175 [FXGL Background Thread 2 ] DEBUG Engine               - isLinux: false
14:01:43.175 [FXGL Background Thread 2 ] DEBUG Engine               - soundMenuPress: menu/press.wav
14:01:43.175 [FXGL Background Thread 2 ] DEBUG Engine               - urlGithub: https://github.com/AlmasB/FXGL
14:01:43.175 [FXGL Background Thread 2 ] DEBUG Engine               - profileDir: profiles/
14:01:43.175 [FXGL Background Thread 2 ] DEBUG Engine               - isDeveloperMenuEnabled: false
14:01:43.175 [FXGL Background Thread 2 ] DEBUG Engine               - globalSoundVolumeProperty: DoubleProperty [value: 0.5]
14:01:43.175 [FXGL Background Thread 2 ] DEBUG Engine               - mainWindow: com.almasb.fxgl.app.MainWindow@316a9e80
14:01:43.175 [FXGL Background Thread 2 ] DEBUG Engine               - isBrowser: false
14:01:43.175 [FXGL Background Thread 2 ] DEBUG Engine               - urlLeaderboard: http://fxgl-top.herokuapp.com/
14:01:43.175 [FXGL Background Thread 2 ] DEBUG Engine               - globalSoundVolume: 0.5
14:01:43.175 [FXGL Background Thread 2 ] DEBUG Engine               - engineServices: [class com.almasb.fxgl.app.GameApplication$GameApplicationService, class com.almasb.fxgl.app.services.WindowService, class com.almasb.fxgl.app.services.FXGLDialogService, class com.almasb.fxgl.app.services.IOTaskExecutorService, class com.almasb.fxgl.event.EventBusService, class com.almasb.fxgl.io.FileSystemService, class com.almasb.fxgl.localization.LocalizationService, class com.almasb.fxgl.app.services.AssetLoaderService, class com.almasb.fxgl.app.services.SystemBundleService, class com.almasb.fxgl.profile.SaveLoadService, class com.almasb.fxgl.ui.FXGLUIFactoryServiceProvider, class com.almasb.fxgl.ui.FXGLDialogFactoryServiceProvider, class com.almasb.fxgl.audio.AudioPlayer, class com.almasb.fxgl.notification.impl.NotificationServiceProvider, class com.almasb.fxgl.achievement.AchievementService, class com.almasb.fxgl.cutscene.CutsceneService, class com.almasb.fxgl.minigames.MiniGameService, class com.almasb.fxgl.net.NetService, class com.almasb.fxgl.app.services.UpdaterService]
14:01:43.175 [FXGL Background Thread 2 ] DEBUG Engine               - globalMusicVolume: 0.5
14:01:43.175 [FXGL Background Thread 2 ] DEBUG Engine               - width: 600
14:01:43.175 [FXGL Background Thread 2 ] DEBUG Engine               - saveFileExt: sav
14:01:43.175 [FXGL Background Thread 2 ] DEBUG Engine               - isAndroid: false
14:01:43.175 [FXGL Background Thread 2 ] DEBUG Engine               - fontUI: VarelaRound-Regular.ttf
14:01:43.176 [FXGL Background Thread 2 ] DEBUG Engine               - enabledMenuItems: []
14:01:43.176 [FXGL Background Thread 2 ] DEBUG Engine               - isIOS: false
14:01:43.176 [FXGL Background Thread 2 ] DEBUG Engine               - Logging services
14:01:43.176 [FXGL Background Thread 2 ] DEBUG Engine               - class com.almasb.fxgl.app.GameApplication$GameApplicationService
14:01:43.176 [FXGL Background Thread 2 ] DEBUG Engine               - class com.almasb.fxgl.app.services.WindowService
14:01:43.176 [FXGL Background Thread 2 ] DEBUG Engine               - class com.almasb.fxgl.app.services.FXGLDialogService
14:01:43.176 [FXGL Background Thread 2 ] DEBUG Engine               - class com.almasb.fxgl.app.services.IOTaskExecutorService
14:01:43.176 [FXGL Background Thread 2 ] DEBUG Engine               - class com.almasb.fxgl.event.EventBusService
14:01:43.176 [FXGL Background Thread 2 ] DEBUG Engine               - class com.almasb.fxgl.io.FileSystemService
14:01:43.176 [FXGL Background Thread 2 ] DEBUG Engine               - class com.almasb.fxgl.localization.LocalizationService
14:01:43.176 [FXGL Background Thread 2 ] DEBUG Engine               - class com.almasb.fxgl.app.services.AssetLoaderService
14:01:43.176 [FXGL Background Thread 2 ] DEBUG Engine               - class com.almasb.fxgl.app.services.SystemBundleService
14:01:43.176 [FXGL Background Thread 2 ] DEBUG Engine               - class com.almasb.fxgl.profile.SaveLoadService
14:01:43.176 [FXGL Background Thread 2 ] DEBUG Engine               - class com.almasb.fxgl.ui.FXGLUIFactoryServiceProvider
14:01:43.176 [FXGL Background Thread 2 ] DEBUG Engine               - class com.almasb.fxgl.ui.FXGLDialogFactoryServiceProvider
14:01:43.176 [FXGL Background Thread 2 ] DEBUG Engine               - class com.almasb.fxgl.audio.AudioPlayer
14:01:43.176 [FXGL Background Thread 2 ] DEBUG Engine               - class com.almasb.fxgl.notification.impl.NotificationServiceProvider
14:01:43.176 [FXGL Background Thread 2 ] DEBUG Engine               - class com.almasb.fxgl.achievement.AchievementService
14:01:43.176 [FXGL Background Thread 2 ] DEBUG Engine               - class com.almasb.fxgl.cutscene.CutsceneService
14:01:43.176 [FXGL Background Thread 2 ] DEBUG Engine               - class com.almasb.fxgl.minigames.MiniGameService
14:01:43.176 [FXGL Background Thread 2 ] DEBUG Engine               - class com.almasb.fxgl.net.NetService
14:01:43.176 [FXGL Background Thread 2 ] DEBUG Engine               - class com.almasb.fxgl.app.services.UpdaterService
14:01:43.613 [JavaFX Application Thread] DEBUG AssetLoaderService   - Loading from file system: /assets/textures/potHole.png
14:01:45.689 [JavaFX Application Thread] DEBUG AssetLoaderService   - Loading from file system: /assets/textures/mooseWalkAnimation.png
14:01:45.702 [JavaFX Application Thread] DEBUG AssetLoaderService   - Loading from cache: /assets/textures/potHole.png
14:01:47.778 [JavaFX Application Thread] DEBUG AssetLoaderService   - Loading from cache: /assets/textures/potHole.png
14:01:49.855 [JavaFX Application Thread] DEBUG AssetLoaderService   - Loading from cache: /assets/textures/mooseWalkAnimation.png
14:01:49.870 [JavaFX Application Thread] DEBUG AssetLoaderService   - Loading from cache: /assets/textures/potHole.png
14:01:51.954 [JavaFX Application Thread] DEBUG AssetLoaderService   - Loading from cache: /assets/textures/potHole.png
14:01:52.632 [JavaFX Application Thread] DEBUG GameApplication      - Exiting FXGL
14:01:52.632 [JavaFX Application Thread] DEBUG LoopRunner           - Stopping loop
14:01:52.632 [JavaFX Application Thread] DEBUG SystemBundleService  - Saving FXGL system data
14:01:52.633 [JavaFX Application Thread] DEBUG FileSystemAccess     - Writing to: C:\Users\micha\Desktop\JavaMooseGame\system\fxgl.bundle
14:01:52.634 [JavaFX Application Thread] DEBUG GameApplication      - Shutting down background threads
14:01:52.634 [JavaFX Application Thread] DEBUG GameApplication      - Closing logger and exiting JavaFX
