01:44:24.051 [main                     ] DEBUG GameApplication      - Logger initialized
01:44:24.056 [main                     ] DEBUG GameApplication      - Logging settings
Title: MooseGame
Version: 0.3
Width: 600
Height: 900
Fullscreen: false
Intro: false
Menus: true
Profiling: false
Single step:false
App Mode: DEVELOPER
Menu Key: ESCAPE
Stage Style: DECORATED
Scene Factory: class MooseGameApp$1

01:44:24.381 [JavaFX Application Thread] DEBUG GameApplication      - Initializing FXGL
01:44:24.388 [JavaFX Application Thread] INFO  Engine               - FXGL-11.8 (08.03.2020 09.09) on WINDOWS (J:14.0.1 FX:13.0.2)
01:44:24.388 [JavaFX Application Thread] INFO  Engine               - Source code and latest versions at: https://github.com/AlmasB/FXGL
01:44:24.388 [JavaFX Application Thread] INFO  Engine               -              Join the FXGL chat at: https://gitter.im/AlmasB/FXGL
01:44:24.489 [JavaFX Application Thread] DEBUG MainWindow           - Creating a JavaFX scene
01:44:24.529 [JavaFX Application Thread] DEBUG MainWindow           - Target settings size: 600.0 x 900.0
01:44:24.530 [JavaFX Application Thread] DEBUG MainWindow           - Scaled scene size:    600.0 x 900.0
01:44:24.530 [JavaFX Application Thread] DEBUG MainWindow           - Scaled ratio: (1.0, 1.0)
01:44:24.531 [JavaFX Application Thread] DEBUG MainWindow           - Set initial scene to FXGLStartupScene
01:44:24.536 [JavaFX Application Thread] DEBUG MainWindow           - Opening main window
01:44:24.616 [JavaFX Application Thread] DEBUG MainWindow           - Window border size: (16.0, 39.0)
01:44:24.616 [JavaFX Application Thread] DEBUG MainWindow           - Scaled size: 600.0 x 900.0
01:44:24.616 [JavaFX Application Thread] DEBUG MainWindow           - Scaled ratio: (1.0, 1.0)
01:44:24.616 [JavaFX Application Thread] DEBUG MainWindow           - Scene size: 600.0 x 900.0
01:44:24.616 [JavaFX Application Thread] DEBUG MainWindow           - Stage size: 616.0 x 939.0
01:44:24.623 [FXGL Background Thread 1 ] DEBUG Engine               - Initializing environment variables
01:44:24.647 [FXGL Background Thread 1 ] DEBUG WindowService        - Applying CSS: fxgl_dark.css
01:44:24.648 [FXGL Background Thread 1 ] DEBUG AssetLoaderService   - Loading from file system: /assets/ui/css/fxgl_dark.css
01:44:24.682 [FXGL Background Thread 1 ] DEBUG WindowService        - Initializing application scenes
01:44:24.707 [FXGL Background Thread 1 ] DEBUG GameWorld            - Game world initialized
01:44:24.735 [FXGL Background Thread 1 ] DEBUG PhysicsWorld         - Physics world initialized: appHeight=900, physics.ppm=50.0
01:44:24.737 [FXGL Background Thread 1 ] DEBUG GameScene            - Game scene initialized: 600x900
01:44:24.743 [FXGL Background Thread 1 ] DEBUG AssetLoaderService   - Loading from file system: /assets/textures/Roadway.png
01:44:24.805 [FXGL Background Thread 1 ] DEBUG AssetLoaderService   - Loading from file system: /assets/sounds/selection.mp3
01:44:24.869 [FXGL Background Thread 1 ] DEBUG AssetLoaderService   - Loading from cache: /assets/sounds/selection.mp3
01:44:24.870 [FXGL Background Thread 1 ] DEBUG AssetLoaderService   - Loading from cache: /assets/sounds/selection.mp3
01:44:24.870 [FXGL Background Thread 1 ] DEBUG AssetLoaderService   - Loading from cache: /assets/sounds/selection.mp3
01:44:24.870 [FXGL Background Thread 1 ] DEBUG AssetLoaderService   - Loading from cache: /assets/sounds/selection.mp3
01:44:24.889 [FXGL Background Thread 1 ] DEBUG AssetLoaderService   - Loading from file system: /assets/music/Poisoncut_-_MenuMusic.mp3
01:44:24.951 [FXGL Background Thread 1 ] DEBUG AudioPlayer          - Playing music com.almasb.fxgl.audio.Music@4b701b04
01:44:24.966 [FXGL Background Thread 1 ] DEBUG AssetLoaderService   - Loading from file system: /assets/textures/particles/trace_horizontal.png
01:44:24.995 [FXGL Background Thread 1 ] WARN  FXGL.DefaultMenu     - FXGLDefaultMenu is not designed for resolutions < 800x600
01:44:24.995 [FXGL Background Thread 1 ] DEBUG FXGL.DefaultMenu     - createMenuBodyGameMenu()
01:44:25.005 [FXGL Background Thread 1 ] DEBUG FXGL.DefaultMenu     - createOptionsMenu()
01:44:25.008 [FXGL Background Thread 1 ] DEBUG AssetLoaderService   - Loading from file system: /assets/textures/particles/smoke.png
01:44:25.045 [FXGL Background Thread 1 ] DEBUG WindowService        - Application scenes initialized
01:44:25.051 [FXGL Background Thread 1 ] DEBUG SystemBundleService  - Loading FXGL system data
01:44:25.054 [FXGL Background Thread 1 ] DEBUG FileSystemAccess     - Reading from: C:\Users\micha\Desktop\JavaMooseGame\system\fxgl.bundle
01:44:25.058 [FXGL Background Thread 1 ] DEBUG SystemBundleService  - Bundle FXGL: {}
01:44:25.058 [FXGL Background Thread 1 ] INFO  Engine               - FXGL initialization took: 0.433 sec
01:44:25.059 [FXGL Background Thread 1 ] DEBUG GameApplication      - Loading localizations
01:44:25.060 [FXGL Background Thread 1 ] DEBUG AssetLoaderService   - Loading from file system: /assets/properties/languages/english.properties
01:44:25.061 [FXGL Background Thread 1 ] DEBUG AssetLoaderService   - Loading from file system: /assets/properties/languages/french.properties
01:44:25.061 [FXGL Background Thread 1 ] DEBUG AssetLoaderService   - Loading from file system: /assets/properties/languages/german.properties
01:44:25.062 [FXGL Background Thread 1 ] DEBUG AssetLoaderService   - Loading from file system: /assets/properties/languages/hungarian.properties
01:44:25.063 [FXGL Background Thread 1 ] DEBUG AssetLoaderService   - Loading from file system: /assets/properties/languages/russian.properties
01:44:25.064 [FXGL Background Thread 1 ] DEBUG GameApplication      - Registering font factories with UI factory
01:44:25.064 [FXGL Background Thread 1 ] DEBUG AssetLoaderService   - Loading from file system: /assets/ui/fonts/VarelaRound-Regular.ttf
01:44:25.106 [FXGL Background Thread 1 ] DEBUG AssetLoaderService   - Loading from file system: /assets/ui/fonts/Abel-Regular.ttf
01:44:25.115 [FXGL Background Thread 1 ] DEBUG AssetLoaderService   - Loading from file system: /assets/ui/fonts/lucida_console.ttf
01:44:25.124 [FXGL Background Thread 1 ] DEBUG AssetLoaderService   - Loading from file system: /assets/ui/fonts/Courier-Prime.ttf
01:44:25.140 [JavaFX Application Thread] DEBUG Input                - Registered new binding: action0 - A
01:44:25.140 [JavaFX Application Thread] DEBUG Input                - Registered new binding: action1 - S
01:44:25.140 [JavaFX Application Thread] DEBUG Input                - Registered new binding: action2 - D
01:44:25.141 [JavaFX Application Thread] DEBUG Input                - Registered new binding: action3 - W
01:44:25.141 [JavaFX Application Thread] DEBUG Input                - Registered new binding: action4 - Space
01:44:25.141 [JavaFX Application Thread] DEBUG Input                - Registered new binding: action5 - Left
01:44:25.141 [JavaFX Application Thread] DEBUG Input                - Registered new binding: action6 - Down
01:44:25.141 [JavaFX Application Thread] DEBUG Input                - Registered new binding: action7 - Right
01:44:25.142 [JavaFX Application Thread] DEBUG Input                - Registered new binding: action8 - Up
01:44:25.142 [JavaFX Application Thread] DEBUG AssetLoaderService   - Loading from file system: /assets/textures/fxgl_icon.png
01:44:25.151 [JavaFX Application Thread] DEBUG AssetLoaderService   - Loading from file system: /assets/ui/cursors/fxgl_default.png
01:44:25.153 [JavaFX Application Thread] DEBUG Input                - Registered new binding: Screenshot - P
01:44:25.153 [JavaFX Application Thread] DEBUG Input                - Registered new binding: System info dump - CTRL+9
01:44:25.154 [JavaFX Application Thread] DEBUG Input                - Registered new binding: Restart - CTRL+R
01:44:25.154 [JavaFX Application Thread] DEBUG LoopRunner           - Starting loop
01:44:25.171 [JavaFX Application Thread] DEBUG FXGLStartupScene     - STARTUP
01:44:25.172 [JavaFX Application Thread] DEBUG Input                - Clearing active input actions
01:44:25.184 [JavaFX Application Thread] DEBUG WindowService        - Removing overlay from FXGLStartupScene and adding to MooseGameMenu
01:44:25.184 [JavaFX Application Thread] DEBUG MainWindow           - FXGLStartupScene -> MooseGameMenu
01:44:26.709 [JavaFX Application Thread] DEBUG Menu                 - fireExit()
01:44:26.710 [JavaFX Application Thread] DEBUG MainWindow           - Push state: DialogSubScene
01:44:26.711 [JavaFX Application Thread] DEBUG Input                - Clearing active input actions
01:44:26.717 [JavaFX Application Thread] DEBUG WindowService        - Removing overlay from MooseGameMenu and adding to DialogSubScene
01:44:26.717 [JavaFX Application Thread] DEBUG MainWindow           - MooseGameMenu -> DialogSubScene
01:44:27.551 [JavaFX Application Thread] DEBUG MainWindow           - Pop state: DialogSubScene
01:44:27.551 [JavaFX Application Thread] DEBUG Input                - Clearing active input actions
01:44:27.552 [JavaFX Application Thread] DEBUG WindowService        - Removing overlay from DialogSubScene and adding to MooseGameMenu
01:44:27.552 [JavaFX Application Thread] DEBUG MainWindow           - MooseGameMenu <- DialogSubScene
01:44:27.552 [JavaFX Application Thread] DEBUG GameApplication      - Exiting FXGL
01:44:27.552 [JavaFX Application Thread] DEBUG LoopRunner           - Stopping loop
01:44:27.552 [JavaFX Application Thread] DEBUG SystemBundleService  - Saving FXGL system data
01:44:27.554 [JavaFX Application Thread] DEBUG FileSystemAccess     - Writing to: C:\Users\micha\Desktop\JavaMooseGame\system\fxgl.bundle
01:44:27.555 [JavaFX Application Thread] DEBUG GameApplication      - Shutting down background threads
01:44:27.555 [JavaFX Application Thread] DEBUG GameApplication      - Closing logger and exiting JavaFX
