19:42:45.061 [main                     ] DEBUG GameApplication      - Logger initialized
19:42:45.068 [main                     ] DEBUG GameApplication      - Logging settings
Title: MooseGame
Version: 0.3
Width: 600
Height: 900
Fullscreen: false
Intro: false
Menus: true
Profiling: false
Single step:false
App Mode: DEVELOPER
Menu Key: ESCAPE
Stage Style: DECORATED
Scene Factory: class MooseGameApp$1

19:42:45.662 [JavaFX Application Thread] DEBUG GameApplication      - Initializing FXGL
19:42:45.680 [JavaFX Application Thread] INFO  Engine               - FXGL-11.8 (08.03.2020 09.09) on WINDOWS (J:14.0.1 FX:13.0.2)
19:42:45.681 [JavaFX Application Thread] INFO  Engine               - Source code and latest versions at: https://github.com/AlmasB/FXGL
19:42:45.681 [JavaFX Application Thread] INFO  Engine               -              Join the FXGL chat at: https://gitter.im/AlmasB/FXGL
19:42:45.831 [JavaFX Application Thread] DEBUG MainWindow           - Creating a JavaFX scene
19:42:45.887 [JavaFX Application Thread] DEBUG MainWindow           - Target settings size: 600.0 x 900.0
19:42:45.888 [JavaFX Application Thread] DEBUG MainWindow           - Scaled scene size:    600.0 x 900.0
19:42:45.888 [JavaFX Application Thread] DEBUG MainWindow           - Scaled ratio: (1.0, 1.0)
19:42:45.890 [JavaFX Application Thread] DEBUG MainWindow           - Set initial scene to FXGLStartupScene
19:42:45.897 [JavaFX Application Thread] DEBUG MainWindow           - Opening main window
19:42:45.993 [JavaFX Application Thread] DEBUG MainWindow           - Window border size: (16.0, 39.0)
19:42:45.994 [JavaFX Application Thread] DEBUG MainWindow           - Scaled size: 600.0 x 900.0
19:42:45.994 [JavaFX Application Thread] DEBUG MainWindow           - Scaled ratio: (1.0, 1.0)
19:42:45.994 [JavaFX Application Thread] DEBUG MainWindow           - Scene size: 600.0 x 900.0
19:42:45.994 [JavaFX Application Thread] DEBUG MainWindow           - Stage size: 616.0 x 939.0
19:42:46.000 [FXGL Background Thread 1 ] DEBUG Engine               - Initializing environment variables
19:42:46.020 [FXGL Background Thread 1 ] DEBUG WindowService        - Applying CSS: fxgl_dark.css
19:42:46.021 [FXGL Background Thread 1 ] DEBUG AssetLoaderService   - Loading from file system: /assets/ui/css/fxgl_dark.css
19:42:46.055 [FXGL Background Thread 1 ] DEBUG WindowService        - Initializing application scenes
19:42:46.083 [FXGL Background Thread 1 ] DEBUG GameWorld            - Game world initialized
19:42:46.119 [FXGL Background Thread 1 ] DEBUG PhysicsWorld         - Physics world initialized: appHeight=900, physics.ppm=50.0
19:42:46.121 [FXGL Background Thread 1 ] DEBUG GameScene            - Game scene initialized: 600x900
19:42:46.128 [FXGL Background Thread 1 ] DEBUG AssetLoaderService   - Loading from file system: /assets/textures/Roadway.png
19:42:46.200 [FXGL Background Thread 1 ] DEBUG AssetLoaderService   - Loading from file system: /assets/sounds/selection.mp3
19:42:46.288 [FXGL Background Thread 1 ] DEBUG AssetLoaderService   - Loading from cache: /assets/sounds/selection.mp3
19:42:46.289 [FXGL Background Thread 1 ] DEBUG AssetLoaderService   - Loading from cache: /assets/sounds/selection.mp3
19:42:46.289 [FXGL Background Thread 1 ] DEBUG AssetLoaderService   - Loading from cache: /assets/sounds/selection.mp3
19:42:46.290 [FXGL Background Thread 1 ] DEBUG AssetLoaderService   - Loading from cache: /assets/sounds/selection.mp3
19:42:46.305 [FXGL Background Thread 1 ] DEBUG AssetLoaderService   - Loading from cache: /assets/sounds/selection.mp3
19:42:46.306 [FXGL Background Thread 1 ] DEBUG AssetLoaderService   - Loading from cache: /assets/sounds/selection.mp3
19:42:46.306 [FXGL Background Thread 1 ] DEBUG AssetLoaderService   - Loading from cache: /assets/sounds/selection.mp3
19:42:46.310 [FXGL Background Thread 1 ] DEBUG AssetLoaderService   - Loading from file system: /assets/music/Poisoncut_-_MenuMusic.mp3
19:42:46.386 [FXGL Background Thread 1 ] DEBUG AudioPlayer          - Playing music com.almasb.fxgl.audio.Music@19ae89f8
19:42:46.408 [FXGL Background Thread 1 ] DEBUG AssetLoaderService   - Loading from file system: /assets/textures/particles/trace_horizontal.png
19:42:46.440 [FXGL Background Thread 1 ] WARN  FXGL.DefaultMenu     - FXGLDefaultMenu is not designed for resolutions < 800x600
19:42:46.440 [FXGL Background Thread 1 ] DEBUG FXGL.DefaultMenu     - createMenuBodyGameMenu()
19:42:46.455 [FXGL Background Thread 1 ] DEBUG FXGL.DefaultMenu     - createOptionsMenu()
19:42:46.460 [FXGL Background Thread 1 ] DEBUG AssetLoaderService   - Loading from file system: /assets/textures/particles/smoke.png
19:42:46.508 [FXGL Background Thread 1 ] DEBUG WindowService        - Application scenes initialized
19:42:46.516 [FXGL Background Thread 1 ] DEBUG SystemBundleService  - Loading FXGL system data
19:42:46.521 [FXGL Background Thread 1 ] DEBUG FileSystemAccess     - Reading from: C:\Users\micha\Desktop\JavaMooseGame\system\fxgl.bundle
19:42:46.527 [FXGL Background Thread 1 ] DEBUG SystemBundleService  - Bundle FXGL: {}
19:42:46.527 [FXGL Background Thread 1 ] INFO  Engine               - FXGL initialization took: 0.526 sec
19:42:46.529 [FXGL Background Thread 1 ] DEBUG GameApplication      - Loading localizations
19:42:46.529 [FXGL Background Thread 1 ] DEBUG AssetLoaderService   - Loading from file system: /assets/properties/languages/english.properties
19:42:46.531 [FXGL Background Thread 1 ] DEBUG AssetLoaderService   - Loading from file system: /assets/properties/languages/french.properties
19:42:46.532 [FXGL Background Thread 1 ] DEBUG AssetLoaderService   - Loading from file system: /assets/properties/languages/german.properties
19:42:46.532 [FXGL Background Thread 1 ] DEBUG AssetLoaderService   - Loading from file system: /assets/properties/languages/hungarian.properties
19:42:46.533 [FXGL Background Thread 1 ] DEBUG AssetLoaderService   - Loading from file system: /assets/properties/languages/russian.properties
19:42:46.535 [FXGL Background Thread 1 ] DEBUG GameApplication      - Registering font factories with UI factory
19:42:46.535 [FXGL Background Thread 1 ] DEBUG AssetLoaderService   - Loading from file system: /assets/ui/fonts/VarelaRound-Regular.ttf
19:42:46.583 [FXGL Background Thread 1 ] DEBUG AssetLoaderService   - Loading from file system: /assets/ui/fonts/Abel-Regular.ttf
19:42:46.592 [FXGL Background Thread 1 ] DEBUG AssetLoaderService   - Loading from file system: /assets/ui/fonts/lucida_console.ttf
19:42:46.602 [FXGL Background Thread 1 ] DEBUG AssetLoaderService   - Loading from file system: /assets/ui/fonts/Courier-Prime.ttf
19:42:46.618 [JavaFX Application Thread] DEBUG Input                - Registered new binding: action0 - A
19:42:46.619 [JavaFX Application Thread] DEBUG Input                - Registered new binding: action1 - S
19:42:46.619 [JavaFX Application Thread] DEBUG Input                - Registered new binding: action2 - D
19:42:46.619 [JavaFX Application Thread] DEBUG Input                - Registered new binding: action3 - W
19:42:46.620 [JavaFX Application Thread] DEBUG Input                - Registered new binding: action4 - 1
19:42:46.620 [JavaFX Application Thread] DEBUG Input                - Registered new binding: action5 - 2
19:42:46.620 [JavaFX Application Thread] DEBUG Input                - Registered new binding: action6 - 3
19:42:46.620 [JavaFX Application Thread] DEBUG Input                - Registered new binding: action7 - Left
19:42:46.621 [JavaFX Application Thread] DEBUG Input                - Registered new binding: action8 - Down
19:42:46.621 [JavaFX Application Thread] DEBUG Input                - Registered new binding: action9 - Right
19:42:46.621 [JavaFX Application Thread] DEBUG Input                - Registered new binding: action10 - Up
19:42:46.621 [JavaFX Application Thread] DEBUG AssetLoaderService   - Loading from file system: /assets/textures/fxgl_icon.png
19:42:46.630 [JavaFX Application Thread] DEBUG AssetLoaderService   - Loading from file system: /assets/ui/cursors/fxgl_default.png
19:42:46.631 [JavaFX Application Thread] DEBUG Input                - Registered new binding: Screenshot - P
19:42:46.632 [JavaFX Application Thread] DEBUG Input                - Registered new binding: System info dump - CTRL+9
19:42:46.632 [JavaFX Application Thread] DEBUG Input                - Registered new binding: Restart - CTRL+R
19:42:46.633 [JavaFX Application Thread] DEBUG LoopRunner           - Starting loop
19:42:46.639 [JavaFX Application Thread] DEBUG FXGLStartupScene     - STARTUP
19:42:46.639 [JavaFX Application Thread] DEBUG Input                - Clearing active input actions
19:42:46.654 [JavaFX Application Thread] DEBUG WindowService        - Removing overlay from FXGLStartupScene and adding to MooseGameMenu
19:42:46.654 [JavaFX Application Thread] DEBUG MainWindow           - FXGLStartupScene -> MooseGameMenu
19:42:49.529 [FXGL Background Thread 2 ] DEBUG Engine               - Logging environment variables
19:42:49.529 [FXGL Background Thread 2 ] DEBUG Engine               - achievements: []
19:42:49.530 [FXGL Background Thread 2 ] DEBUG Engine               - language: ObjectProperty [value: ENGLISH]
19:42:49.530 [FXGL Background Thread 2 ] DEBUG Engine               - isCloseConfirmation: false
19:42:49.530 [FXGL Background Thread 2 ] DEBUG Engine               - isProfilingEnabled: false
19:42:49.530 [FXGL Background Thread 2 ] DEBUG Engine               - soundNotification: core/notification.wav
19:42:49.530 [FXGL Background Thread 2 ] DEBUG Engine               - devShowBBoxProperty: BooleanProperty [value: false]
19:42:49.530 [FXGL Background Thread 2 ] DEBUG Engine               - pixelsPerMeter: 50.0
19:42:49.530 [FXGL Background Thread 2 ] DEBUG Engine               - soundMenuBack: menu/back.wav
19:42:49.530 [FXGL Background Thread 2 ] DEBUG Engine               - appIcon: fxgl_icon.png
19:42:49.530 [FXGL Background Thread 2 ] DEBUG Engine               - isFullScreenAllowed: false
19:42:49.530 [FXGL Background Thread 2 ] DEBUG Engine               - isIntroEnabled: false
19:42:49.530 [FXGL Background Thread 2 ] DEBUG Engine               - fontMono: lucida_console.ttf
19:42:49.530 [FXGL Background Thread 2 ] DEBUG Engine               - soundMenuSelect: menu/select.wav
19:42:49.531 [FXGL Background Thread 2 ] DEBUG Engine               - isWindows: true
19:42:49.531 [FXGL Background Thread 2 ] DEBUG Engine               - isMobile: false
19:42:49.531 [FXGL Background Thread 2 ] DEBUG Engine               - isUserProfileEnabled: false
19:42:49.531 [FXGL Background Thread 2 ] DEBUG Engine               - height: 900
19:42:49.531 [FXGL Background Thread 2 ] DEBUG Engine               - isExperimentalNative: false
19:42:49.531 [FXGL Background Thread 2 ] DEBUG Engine               - settings: Title: MooseGame
Version: 0.3
Width: 600
Height: 900
Fullscreen: false
Intro: false
Menus: true
Profiling: false
Single step:false
App Mode: DEVELOPER
Menu Key: ESCAPE
Stage Style: DECORATED
Scene Factory: class MooseGameApp$1

19:42:49.531 [FXGL Background Thread 2 ] DEBUG Engine               - isSingleStep: false
19:42:49.531 [FXGL Background Thread 2 ] DEBUG Engine               - cSSList: [fxgl_dark.css]
19:42:49.531 [FXGL Background Thread 2 ] DEBUG Engine               - fontGame: Abel-Regular.ttf
19:42:49.531 [FXGL Background Thread 2 ] DEBUG Engine               - menuKey: ESCAPE
19:42:49.531 [FXGL Background Thread 2 ] DEBUG Engine               - devShowPositionProperty: BooleanProperty [value: false]
19:42:49.531 [FXGL Background Thread 2 ] DEBUG Engine               - versionCheckDays: 7
19:42:49.531 [FXGL Background Thread 2 ] DEBUG Engine               - configClass: Optional.empty
19:42:49.532 [FXGL Background Thread 2 ] DEBUG Engine               - isFullScreenFromStart: false
19:42:49.532 [FXGL Background Thread 2 ] DEBUG Engine               - version: 0.3
19:42:49.532 [FXGL Background Thread 2 ] DEBUG Engine               - fullScreen: BooleanProperty [value: false]
19:42:49.532 [FXGL Background Thread 2 ] DEBUG Engine               - randomSeed: -1
19:42:49.532 [FXGL Background Thread 2 ] DEBUG Engine               - gameDifficultyProperty: ObjectProperty [value: MEDIUM]
19:42:49.532 [FXGL Background Thread 2 ] DEBUG Engine               - applicationMode: DEVELOPER
19:42:49.532 [FXGL Background Thread 2 ] DEBUG Engine               - isMac: false
19:42:49.532 [FXGL Background Thread 2 ] DEBUG Engine               - isMenuEnabled: true
19:42:49.532 [FXGL Background Thread 2 ] DEBUG Engine               - profileName: StringProperty [value: DEFAULT]
19:42:49.532 [FXGL Background Thread 2 ] DEBUG Engine               - urlPOM: https://raw.githubusercontent.com/AlmasB/FXGL/master/pom.xml
19:42:49.532 [FXGL Background Thread 2 ] DEBUG Engine               - notificationViewClass: class com.almasb.fxgl.notification.view.XboxNotificationView
19:42:49.532 [FXGL Background Thread 2 ] DEBUG Engine               - devSensorColorProperty: ObjectProperty [value: 0xffff00ff]
19:42:49.532 [FXGL Background Thread 2 ] DEBUG Engine               - sceneFactory: MooseGameApp$1@64394866
19:42:49.533 [FXGL Background Thread 2 ] DEBUG Engine               - stageStyle: DECORATED
19:42:49.533 [FXGL Background Thread 2 ] DEBUG Engine               - isManualResizeEnabled: false
19:42:49.533 [FXGL Background Thread 2 ] DEBUG Engine               - title: MooseGame
19:42:49.533 [FXGL Background Thread 2 ] DEBUG Engine               - platform: WINDOWS
19:42:49.533 [FXGL Background Thread 2 ] DEBUG Engine               - devBBoxColorProperty: ObjectProperty [value: 0xff0000ff]
19:42:49.533 [FXGL Background Thread 2 ] DEBUG Engine               - gameDifficulty: MEDIUM
19:42:49.533 [FXGL Background Thread 2 ] DEBUG Engine               - isDesktop: true
19:42:49.533 [FXGL Background Thread 2 ] DEBUG Engine               - supportedLanguages: [ENGLISH, FRENCH, GERMAN, HUNGARIAN, RUSSIAN]
19:42:49.533 [FXGL Background Thread 2 ] DEBUG Engine               - credits: []
19:42:49.533 [FXGL Background Thread 2 ] DEBUG Engine               - globalMusicVolumeProperty: DoubleProperty [value: 0.5]
19:42:49.533 [FXGL Background Thread 2 ] DEBUG Engine               - isPreserveResizeRatio: false
19:42:49.533 [FXGL Background Thread 2 ] DEBUG Engine               - fontText: Courier-Prime.ttf
19:42:49.533 [FXGL Background Thread 2 ] DEBUG Engine               - isExperimentalTiledLargeMap: false
19:42:49.534 [FXGL Background Thread 2 ] DEBUG Engine               - secondsIn24h: 60
19:42:49.534 [FXGL Background Thread 2 ] DEBUG Engine               - runtimeInfo: RuntimeInfo(platform=WINDOWS, version=11.8, build=08.03.2020 09.09)
19:42:49.534 [FXGL Background Thread 2 ] DEBUG Engine               - isLinux: false
19:42:49.534 [FXGL Background Thread 2 ] DEBUG Engine               - soundMenuPress: menu/press.wav
19:42:49.534 [FXGL Background Thread 2 ] DEBUG Engine               - urlGithub: https://github.com/AlmasB/FXGL
19:42:49.534 [FXGL Background Thread 2 ] DEBUG Engine               - profileDir: profiles/
19:42:49.534 [FXGL Background Thread 2 ] DEBUG Engine               - isDeveloperMenuEnabled: false
19:42:49.534 [FXGL Background Thread 2 ] DEBUG Engine               - globalSoundVolumeProperty: DoubleProperty [value: 0.5]
19:42:49.534 [FXGL Background Thread 2 ] DEBUG Engine               - mainWindow: com.almasb.fxgl.app.MainWindow@6006c039
19:42:49.534 [FXGL Background Thread 2 ] DEBUG Engine               - isBrowser: false
19:42:49.534 [FXGL Background Thread 2 ] DEBUG Engine               - globalSoundVolume: 0.5
19:42:49.534 [FXGL Background Thread 2 ] DEBUG Engine               - urlLeaderboard: http://fxgl-top.herokuapp.com/
19:42:49.534 [FXGL Background Thread 2 ] DEBUG Engine               - engineServices: [class com.almasb.fxgl.app.GameApplication$GameApplicationService, class com.almasb.fxgl.app.services.WindowService, class com.almasb.fxgl.app.services.FXGLDialogService, class com.almasb.fxgl.app.services.IOTaskExecutorService, class com.almasb.fxgl.event.EventBusService, class com.almasb.fxgl.io.FileSystemService, class com.almasb.fxgl.localization.LocalizationService, class com.almasb.fxgl.app.services.AssetLoaderService, class com.almasb.fxgl.app.services.SystemBundleService, class com.almasb.fxgl.profile.SaveLoadService, class com.almasb.fxgl.ui.FXGLUIFactoryServiceProvider, class com.almasb.fxgl.ui.FXGLDialogFactoryServiceProvider, class com.almasb.fxgl.audio.AudioPlayer, class com.almasb.fxgl.notification.impl.NotificationServiceProvider, class com.almasb.fxgl.achievement.AchievementService, class com.almasb.fxgl.cutscene.CutsceneService, class com.almasb.fxgl.minigames.MiniGameService, class com.almasb.fxgl.net.NetService, class com.almasb.fxgl.app.services.UpdaterService]
19:42:49.534 [FXGL Background Thread 2 ] DEBUG Engine               - globalMusicVolume: 0.5
19:42:49.534 [FXGL Background Thread 2 ] DEBUG Engine               - width: 600
19:42:49.535 [FXGL Background Thread 2 ] DEBUG Engine               - saveFileExt: sav
19:42:49.535 [FXGL Background Thread 2 ] DEBUG Engine               - isAndroid: false
19:42:49.535 [FXGL Background Thread 2 ] DEBUG Engine               - fontUI: VarelaRound-Regular.ttf
19:42:49.535 [FXGL Background Thread 2 ] DEBUG Engine               - enabledMenuItems: []
19:42:49.535 [FXGL Background Thread 2 ] DEBUG Engine               - isIOS: false
19:42:49.535 [FXGL Background Thread 2 ] DEBUG Engine               - Logging services
19:42:49.535 [FXGL Background Thread 2 ] DEBUG Engine               - class com.almasb.fxgl.app.GameApplication$GameApplicationService
19:42:49.535 [FXGL Background Thread 2 ] DEBUG Engine               - class com.almasb.fxgl.app.services.WindowService
19:42:49.535 [FXGL Background Thread 2 ] DEBUG Engine               - class com.almasb.fxgl.app.services.FXGLDialogService
19:42:49.535 [FXGL Background Thread 2 ] DEBUG Engine               - class com.almasb.fxgl.app.services.IOTaskExecutorService
19:42:49.535 [FXGL Background Thread 2 ] DEBUG Engine               - class com.almasb.fxgl.event.EventBusService
19:42:49.535 [FXGL Background Thread 2 ] DEBUG Engine               - class com.almasb.fxgl.io.FileSystemService
19:42:49.535 [FXGL Background Thread 2 ] DEBUG Engine               - class com.almasb.fxgl.localization.LocalizationService
19:42:49.535 [FXGL Background Thread 2 ] DEBUG Engine               - class com.almasb.fxgl.app.services.AssetLoaderService
19:42:49.536 [FXGL Background Thread 2 ] DEBUG Engine               - class com.almasb.fxgl.app.services.SystemBundleService
19:42:49.536 [FXGL Background Thread 2 ] DEBUG Engine               - class com.almasb.fxgl.profile.SaveLoadService
19:42:49.536 [FXGL Background Thread 2 ] DEBUG Engine               - class com.almasb.fxgl.ui.FXGLUIFactoryServiceProvider
19:42:49.536 [FXGL Background Thread 2 ] DEBUG Engine               - class com.almasb.fxgl.ui.FXGLDialogFactoryServiceProvider
19:42:49.536 [FXGL Background Thread 2 ] DEBUG Engine               - class com.almasb.fxgl.audio.AudioPlayer
19:42:49.536 [FXGL Background Thread 2 ] DEBUG Engine               - class com.almasb.fxgl.notification.impl.NotificationServiceProvider
19:42:49.536 [FXGL Background Thread 2 ] DEBUG Engine               - class com.almasb.fxgl.achievement.AchievementService
19:42:49.536 [FXGL Background Thread 2 ] DEBUG Engine               - class com.almasb.fxgl.cutscene.CutsceneService
19:42:49.536 [FXGL Background Thread 2 ] DEBUG Engine               - class com.almasb.fxgl.minigames.MiniGameService
19:42:49.536 [FXGL Background Thread 2 ] DEBUG Engine               - class com.almasb.fxgl.net.NetService
19:42:49.536 [FXGL Background Thread 2 ] DEBUG Engine               - class com.almasb.fxgl.app.services.UpdaterService
19:43:36.373 [JavaFX Application Thread] DEBUG AssetLoaderService   - Loading from cache: /assets/sounds/selection.mp3
19:43:56.417 [JavaFX Application Thread] DEBUG Menu                 - fireNewGame()
19:43:56.417 [JavaFX Application Thread] DEBUG WindowService        - Starting new game
19:43:56.417 [JavaFX Application Thread] DEBUG Input                - Clearing active input actions
19:43:56.423 [JavaFX Application Thread] DEBUG WindowService        - Removing overlay from MooseGameMenu and adding to FXGLLoadingScene
19:43:56.423 [JavaFX Application Thread] DEBUG MainWindow           - MooseGameMenu -> FXGLLoadingScene
19:43:56.424 [JavaFX Application Thread] DEBUG WindowService        - Clearing previous game
19:43:56.424 [JavaFX Application Thread] DEBUG GameScene            - Clearing game scene
19:43:56.424 [JavaFX Application Thread] DEBUG GameWorld            - Clearing game world
19:43:56.424 [JavaFX Application Thread] DEBUG PhysicsWorld         - Clearing physics world
19:43:56.425 [JavaFX Application Thread] DEBUG AudioPlayer          - Stopping music com.almasb.fxgl.audio.Music@19ae89f8
19:43:56.425 [FXGL Background Thread 3 ] DEBUG GameApplication      - Initializing game
19:43:56.432 [FXGL Background Thread 3 ] DEBUG AssetLoaderService   - Loading from file system: /assets/music/Poisoncut_GameLoop.mp3
19:43:56.434 [FXGL Background Thread 3 ] DEBUG AudioPlayer          - Playing music com.almasb.fxgl.audio.Music@7dd71f82
19:43:56.436 [FXGL Background Thread 3 ] DEBUG AssetLoaderService   - Loading from file system: /assets/textures/road_with_patches.png
19:43:56.448 [FXGL Background Thread 3 ] DEBUG AssetLoaderService   - Loading from cache: /assets/textures/road_with_patches.png
19:43:56.448 [FXGL Background Thread 3 ] DEBUG AssetLoaderService   - Loading from file system: /assets/textures//car6.png
19:43:56.457 [FXGL Background Thread 3 ] DEBUG AssetLoaderService   - Loading from file system: /assets/textures/signpost.png
19:43:56.463 [FXGL Background Thread 3 ] DEBUG AssetLoaderService   - Loading from file system: /assets/ui/moosegame_ui.fxml
19:43:56.521 [FXGL Background Thread 3 ] INFO  GameApplication      - Game initialization took: 0.096 sec
19:43:56.522 [JavaFX Application Thread] DEBUG Input                - Clearing active input actions
19:43:56.526 [JavaFX Application Thread] DEBUG WindowService        - Removing overlay from FXGLLoadingScene and adding to GameScene
19:43:56.527 [JavaFX Application Thread] DEBUG MainWindow           - FXGLLoadingScene -> GameScene
19:43:59.883 [JavaFX Application Thread] DEBUG AssetLoaderService   - Loading from file system: /assets/textures/potHole.png
19:43:59.886 [JavaFX Application Thread] DEBUG AssetLoaderService   - Loading from file system: /assets/textures/mooseWalkAnimation.png
19:44:00.296 [JavaFX Application Thread] DEBUG AssetLoaderService   - Loading from cache: /assets/textures/mooseWalkAnimation.png
19:44:01.546 [JavaFX Application Thread] DEBUG AssetLoaderService   - Loading from file system: /assets/textures/gasTank.PNG
19:44:03.220 [JavaFX Application Thread] DEBUG AssetLoaderService   - Loading from cache: /assets/textures/potHole.png
19:44:03.220 [JavaFX Application Thread] DEBUG AssetLoaderService   - Loading from cache: /assets/textures/mooseWalkAnimation.png
19:44:04.043 [JavaFX Application Thread] DEBUG AssetLoaderService   - Loading from cache: /assets/textures/mooseWalkAnimation.png
19:44:06.553 [JavaFX Application Thread] DEBUG AssetLoaderService   - Loading from cache: /assets/textures/gasTank.PNG
19:44:06.555 [JavaFX Application Thread] DEBUG AssetLoaderService   - Loading from cache: /assets/textures/potHole.png
19:44:06.555 [JavaFX Application Thread] DEBUG AssetLoaderService   - Loading from cache: /assets/textures/mooseWalkAnimation.png
19:44:07.802 [JavaFX Application Thread] DEBUG AssetLoaderService   - Loading from cache: /assets/textures/mooseWalkAnimation.png
19:44:09.899 [JavaFX Application Thread] DEBUG AssetLoaderService   - Loading from cache: /assets/textures/potHole.png
19:44:09.900 [JavaFX Application Thread] DEBUG AssetLoaderService   - Loading from cache: /assets/textures/mooseWalkAnimation.png
19:44:11.560 [JavaFX Application Thread] DEBUG AssetLoaderService   - Loading from cache: /assets/textures/mooseWalkAnimation.png
19:44:11.561 [JavaFX Application Thread] DEBUG AssetLoaderService   - Loading from cache: /assets/textures/gasTank.PNG
19:44:13.240 [JavaFX Application Thread] DEBUG AssetLoaderService   - Loading from cache: /assets/textures/potHole.png
19:44:13.241 [JavaFX Application Thread] DEBUG AssetLoaderService   - Loading from cache: /assets/textures/mooseWalkAnimation.png
19:44:15.316 [JavaFX Application Thread] DEBUG AssetLoaderService   - Loading from cache: /assets/textures/mooseWalkAnimation.png
19:44:16.567 [JavaFX Application Thread] DEBUG AssetLoaderService   - Loading from cache: /assets/textures/gasTank.PNG
19:44:16.580 [JavaFX Application Thread] DEBUG AssetLoaderService   - Loading from cache: /assets/textures/potHole.png
19:44:16.581 [JavaFX Application Thread] DEBUG AssetLoaderService   - Loading from cache: /assets/textures/mooseWalkAnimation.png
19:44:19.080 [JavaFX Application Thread] DEBUG AssetLoaderService   - Loading from cache: /assets/textures/mooseWalkAnimation.png
19:44:19.867 [JavaFX Application Thread] DEBUG AssetLoaderService   - Loading from file system: /assets/sounds/explosion.wav
19:44:19.870 [JavaFX Application Thread] DEBUG AssetLoaderService   - Loading from file system: /assets/textures/explosion.png
19:44:19.881 [JavaFX Application Thread] DEBUG AudioPlayer          - Stopping music com.almasb.fxgl.audio.Music@7dd71f82
19:44:19.884 [JavaFX Application Thread] DEBUG MainWindow           - Push state: DialogSubScene
19:44:19.884 [JavaFX Application Thread] DEBUG Input                - Clearing active input actions
19:44:19.888 [JavaFX Application Thread] DEBUG WindowService        - Removing overlay from GameScene and adding to DialogSubScene
19:44:19.888 [JavaFX Application Thread] DEBUG MainWindow           - GameScene -> DialogSubScene
19:44:36.802 [JavaFX Application Thread] DEBUG MainWindow           - Pop state: DialogSubScene
19:44:36.802 [JavaFX Application Thread] DEBUG Input                - Clearing active input actions
19:44:36.802 [JavaFX Application Thread] DEBUG WindowService        - Removing overlay from DialogSubScene and adding to GameScene
19:44:36.803 [JavaFX Application Thread] DEBUG MainWindow           - GameScene <- DialogSubScene
19:44:36.818 [JavaFX Application Thread] DEBUG MainWindow           - Push state: DialogSubScene
19:44:36.818 [JavaFX Application Thread] DEBUG Input                - Clearing active input actions
19:44:36.819 [JavaFX Application Thread] DEBUG WindowService        - Removing overlay from GameScene and adding to DialogSubScene
19:44:36.819 [JavaFX Application Thread] DEBUG MainWindow           - GameScene -> DialogSubScene
19:44:42.230 [JavaFX Application Thread] DEBUG MainWindow           - Pop state: DialogSubScene
19:44:42.231 [JavaFX Application Thread] DEBUG Input                - Clearing active input actions
19:44:42.231 [JavaFX Application Thread] DEBUG WindowService        - Removing overlay from DialogSubScene and adding to GameScene
19:44:42.231 [JavaFX Application Thread] DEBUG MainWindow           - GameScene <- DialogSubScene
19:44:42.234 [JavaFX Application Thread] DEBUG FileSystemAccess     - Writing to: C:\Users\micha\Desktop\JavaMooseGame\.\highscores.dat
19:44:42.237 [JavaFX Application Thread] DEBUG WindowService        - Starting new game
19:44:42.237 [JavaFX Application Thread] DEBUG Input                - Clearing active input actions
19:44:42.240 [JavaFX Application Thread] DEBUG WindowService        - Removing overlay from GameScene and adding to FXGLLoadingScene
19:44:42.241 [JavaFX Application Thread] DEBUG MainWindow           - GameScene -> FXGLLoadingScene
19:44:42.241 [JavaFX Application Thread] DEBUG WindowService        - Clearing previous game
19:44:42.241 [JavaFX Application Thread] DEBUG GameScene            - Clearing game scene
19:44:42.241 [JavaFX Application Thread] DEBUG GameWorld            - Clearing game world
19:44:42.241 [JavaFX Application Thread] DEBUG PhysicsWorld         - Clearing physics world
19:44:42.241 [FXGL Background Thread 3 ] DEBUG GameApplication      - Initializing game
19:44:42.242 [FXGL Background Thread 3 ] DEBUG FileSystemAccess     - Reading from: C:\Users\micha\Desktop\JavaMooseGame\.\highscores.dat
19:44:42.243 [FXGL Background Thread 3 ] DEBUG AssetLoaderService   - Loading from cache: /assets/music/Poisoncut_GameLoop.mp3
19:44:42.243 [FXGL Background Thread 3 ] DEBUG AudioPlayer          - Playing music com.almasb.fxgl.audio.Music@7dd71f82
19:44:42.244 [FXGL Background Thread 3 ] DEBUG AssetLoaderService   - Loading from cache: /assets/textures/road_with_patches.png
19:44:42.244 [FXGL Background Thread 3 ] DEBUG AssetLoaderService   - Loading from cache: /assets/textures/road_with_patches.png
19:44:42.244 [FXGL Background Thread 3 ] DEBUG AssetLoaderService   - Loading from cache: /assets/textures//car6.png
19:44:42.245 [FXGL Background Thread 3 ] DEBUG AssetLoaderService   - Loading from cache: /assets/textures/signpost.png
19:44:42.245 [FXGL Background Thread 3 ] DEBUG AssetLoaderService   - Loading from file system: /assets/ui/moosegame_ui.fxml
19:44:42.249 [FXGL Background Thread 3 ] INFO  GameApplication      - Game initialization took: 0.008 sec
19:44:42.249 [JavaFX Application Thread] DEBUG Input                - Clearing active input actions
19:44:42.253 [JavaFX Application Thread] DEBUG WindowService        - Removing overlay from FXGLLoadingScene and adding to GameScene
19:44:42.253 [JavaFX Application Thread] DEBUG MainWindow           - FXGLLoadingScene -> GameScene
19:44:44.331 [JavaFX Application Thread] DEBUG AssetLoaderService   - Loading from cache: /assets/textures/potHole.png
19:44:45.587 [JavaFX Application Thread] DEBUG AssetLoaderService   - Loading from cache: /assets/textures/mooseWalkAnimation.png
19:44:45.995 [JavaFX Application Thread] DEBUG AssetLoaderService   - Loading from cache: /assets/textures/mooseWalkAnimation.png
19:44:46.427 [JavaFX Application Thread] DEBUG AssetLoaderService   - Loading from cache: /assets/textures/potHole.png
19:44:46.483 [JavaFX Application Thread] DEBUG AssetLoaderService   - Loading from cache: /assets/sounds/explosion.wav
19:44:46.483 [JavaFX Application Thread] DEBUG AssetLoaderService   - Loading from cache: /assets/textures/explosion.png
19:44:46.484 [JavaFX Application Thread] DEBUG AudioPlayer          - Stopping music com.almasb.fxgl.audio.Music@7dd71f82
19:44:46.485 [JavaFX Application Thread] DEBUG MainWindow           - Push state: DialogSubScene
19:44:46.485 [JavaFX Application Thread] DEBUG Input                - Clearing active input actions
19:44:46.486 [JavaFX Application Thread] DEBUG WindowService        - Removing overlay from GameScene and adding to DialogSubScene
19:44:46.486 [JavaFX Application Thread] DEBUG MainWindow           - GameScene -> DialogSubScene
19:44:54.150 [JavaFX Application Thread] DEBUG MainWindow           - Pop state: DialogSubScene
19:44:54.150 [JavaFX Application Thread] DEBUG Input                - Clearing active input actions
19:44:54.150 [JavaFX Application Thread] DEBUG WindowService        - Removing overlay from DialogSubScene and adding to GameScene
19:44:54.150 [JavaFX Application Thread] DEBUG MainWindow           - GameScene <- DialogSubScene
19:44:54.152 [JavaFX Application Thread] DEBUG MainWindow           - Push state: DialogSubScene
19:44:54.152 [JavaFX Application Thread] DEBUG Input                - Clearing active input actions
19:44:54.152 [JavaFX Application Thread] DEBUG WindowService        - Removing overlay from GameScene and adding to DialogSubScene
19:44:54.152 [JavaFX Application Thread] DEBUG MainWindow           - GameScene -> DialogSubScene
19:44:58.390 [JavaFX Application Thread] DEBUG MainWindow           - Pop state: DialogSubScene
19:44:58.390 [JavaFX Application Thread] DEBUG Input                - Clearing active input actions
19:44:58.390 [JavaFX Application Thread] DEBUG WindowService        - Removing overlay from DialogSubScene and adding to GameScene
19:44:58.390 [JavaFX Application Thread] DEBUG MainWindow           - GameScene <- DialogSubScene
19:44:58.390 [JavaFX Application Thread] DEBUG Input                - Clearing active input actions
19:44:58.393 [JavaFX Application Thread] DEBUG WindowService        - Removing overlay from GameScene and adding to MooseGameMenu
19:44:58.393 [JavaFX Application Thread] DEBUG MainWindow           - GameScene -> MooseGameMenu
19:45:02.011 [JavaFX Application Thread] DEBUG FileSystemAccess     - Reading from: C:\Users\micha\Desktop\JavaMooseGame\.\highscores.dat
19:45:02.012 [JavaFX Application Thread] DEBUG AssetLoaderService   - Loading from cache: /assets/sounds/selection.mp3
19:45:11.946 [JavaFX Application Thread] DEBUG Menu                 - fireExit()
19:45:11.947 [JavaFX Application Thread] DEBUG MainWindow           - Push state: DialogSubScene
19:45:11.947 [JavaFX Application Thread] DEBUG Input                - Clearing active input actions
19:45:11.947 [JavaFX Application Thread] DEBUG WindowService        - Removing overlay from MooseGameMenu and adding to DialogSubScene
19:45:11.948 [JavaFX Application Thread] DEBUG MainWindow           - MooseGameMenu -> DialogSubScene
19:45:14.302 [JavaFX Application Thread] DEBUG MainWindow           - Pop state: DialogSubScene
19:45:14.302 [JavaFX Application Thread] DEBUG Input                - Clearing active input actions
19:45:14.302 [JavaFX Application Thread] DEBUG WindowService        - Removing overlay from DialogSubScene and adding to MooseGameMenu
19:45:14.303 [JavaFX Application Thread] DEBUG MainWindow           - MooseGameMenu <- DialogSubScene
19:45:14.303 [JavaFX Application Thread] DEBUG GameApplication      - Exiting FXGL
19:45:14.303 [JavaFX Application Thread] DEBUG LoopRunner           - Stopping loop
19:45:14.303 [JavaFX Application Thread] DEBUG SystemBundleService  - Saving FXGL system data
19:45:14.304 [JavaFX Application Thread] DEBUG FileSystemAccess     - Writing to: C:\Users\micha\Desktop\JavaMooseGame\system\fxgl.bundle
19:45:14.304 [JavaFX Application Thread] DEBUG GameApplication      - Shutting down background threads
19:45:14.304 [JavaFX Application Thread] DEBUG GameApplication      - Closing logger and exiting JavaFX
