13:39:42.040 [main                     ] DEBUG GameApplication      - Logger initialized
13:39:42.045 [main                     ] DEBUG GameApplication      - Logging settings
Title: MooseGame
Version: 0.1
Width: 600
Height: 900
Fullscreen: false
Intro: false
Menus: false
Profiling: false
Single step:false
App Mode: DEVELOPER
Menu Key: ESCAPE
Stage Style: DECORATED
Scene Factory: class com.almasb.fxgl.app.scene.SceneFactory

13:39:42.370 [JavaFX Application Thread] DEBUG GameApplication      - Initializing FXGL
13:39:42.377 [JavaFX Application Thread] INFO  Engine               - FXGL-11.8 (08.03.2020 09.09) on WINDOWS (J:14.0.1 FX:13.0.2)
13:39:42.377 [JavaFX Application Thread] INFO  Engine               - Source code and latest versions at: https://github.com/AlmasB/FXGL
13:39:42.377 [JavaFX Application Thread] INFO  Engine               -              Join the FXGL chat at: https://gitter.im/AlmasB/FXGL
13:39:42.484 [JavaFX Application Thread] DEBUG MainWindow           - Creating a JavaFX scene
13:39:42.530 [JavaFX Application Thread] DEBUG MainWindow           - Target settings size: 600.0 x 900.0
13:39:42.530 [JavaFX Application Thread] DEBUG MainWindow           - Scaled scene size:    600.0 x 900.0
13:39:42.530 [JavaFX Application Thread] DEBUG MainWindow           - Scaled ratio: (1.0, 1.0)
13:39:42.531 [JavaFX Application Thread] DEBUG MainWindow           - Set initial scene to FXGLStartupScene
13:39:42.536 [JavaFX Application Thread] DEBUG MainWindow           - Opening main window
13:39:42.616 [JavaFX Application Thread] DEBUG MainWindow           - Window border size: (16.0, 39.0)
13:39:42.617 [JavaFX Application Thread] DEBUG MainWindow           - Scaled size: 600.0 x 900.0
13:39:42.617 [JavaFX Application Thread] DEBUG MainWindow           - Scaled ratio: (1.0, 1.0)
13:39:42.617 [JavaFX Application Thread] DEBUG MainWindow           - Scene size: 600.0 x 900.0
13:39:42.617 [JavaFX Application Thread] DEBUG MainWindow           - Stage size: 616.0 x 939.0
13:39:42.625 [FXGL Background Thread 1 ] DEBUG Engine               - Initializing environment variables
13:39:42.649 [FXGL Background Thread 1 ] DEBUG WindowService        - Applying CSS: fxgl_dark.css
13:39:42.649 [FXGL Background Thread 1 ] DEBUG AssetLoaderService   - Loading from file system: /assets/ui/css/fxgl_dark.css
13:39:42.685 [FXGL Background Thread 1 ] DEBUG WindowService        - Initializing application scenes
13:39:42.713 [FXGL Background Thread 1 ] DEBUG GameWorld            - Game world initialized
13:39:42.742 [FXGL Background Thread 1 ] DEBUG PhysicsWorld         - Physics world initialized: appHeight=900, physics.ppm=50.0
13:39:42.743 [FXGL Background Thread 1 ] DEBUG GameScene            - Game scene initialized: 600x900
13:39:42.749 [FXGL Background Thread 1 ] DEBUG Input                - Registered new binding: Resume - Esc
13:39:42.754 [FXGL Background Thread 1 ] DEBUG AssetLoaderService   - Loading from file system: /assets/textures/pause_menu_bg.png
13:39:42.793 [FXGL Background Thread 1 ] DEBUG Input                - Registered new binding: Pause - Esc
13:39:42.793 [FXGL Background Thread 1 ] DEBUG WindowService        - Application scenes initialized
13:39:42.800 [FXGL Background Thread 1 ] DEBUG SystemBundleService  - Loading FXGL system data
13:39:42.803 [FXGL Background Thread 1 ] DEBUG FileSystemAccess     - Reading from: C:\Users\micha\Desktop\JavaMooseGame\system\fxgl.bundle
13:39:42.808 [FXGL Background Thread 1 ] DEBUG SystemBundleService  - Bundle FXGL: {}
13:39:42.808 [FXGL Background Thread 1 ] INFO  Engine               - FXGL initialization took: 0.181 sec
13:39:42.809 [FXGL Background Thread 1 ] DEBUG GameApplication      - Loading localizations
13:39:42.810 [FXGL Background Thread 1 ] DEBUG AssetLoaderService   - Loading from file system: /assets/properties/languages/english.properties
13:39:42.811 [FXGL Background Thread 1 ] DEBUG AssetLoaderService   - Loading from file system: /assets/properties/languages/french.properties
13:39:42.812 [FXGL Background Thread 1 ] DEBUG AssetLoaderService   - Loading from file system: /assets/properties/languages/german.properties
13:39:42.813 [FXGL Background Thread 1 ] DEBUG AssetLoaderService   - Loading from file system: /assets/properties/languages/hungarian.properties
13:39:42.814 [FXGL Background Thread 1 ] DEBUG AssetLoaderService   - Loading from file system: /assets/properties/languages/russian.properties
13:39:42.815 [FXGL Background Thread 1 ] DEBUG GameApplication      - Registering font factories with UI factory
13:39:42.815 [FXGL Background Thread 1 ] DEBUG AssetLoaderService   - Loading from file system: /assets/ui/fonts/VarelaRound-Regular.ttf
13:39:42.859 [FXGL Background Thread 1 ] DEBUG AssetLoaderService   - Loading from file system: /assets/ui/fonts/Abel-Regular.ttf
13:39:42.867 [FXGL Background Thread 1 ] DEBUG AssetLoaderService   - Loading from file system: /assets/ui/fonts/lucida_console.ttf
13:39:42.876 [FXGL Background Thread 1 ] DEBUG AssetLoaderService   - Loading from file system: /assets/ui/fonts/Courier-Prime.ttf
13:39:42.887 [JavaFX Application Thread] DEBUG Input                - Registered new binding: action0 - A
13:39:42.887 [JavaFX Application Thread] DEBUG Input                - Registered new binding: action1 - S
13:39:42.887 [JavaFX Application Thread] DEBUG Input                - Registered new binding: action2 - D
13:39:42.887 [JavaFX Application Thread] DEBUG Input                - Registered new binding: action3 - W
13:39:42.887 [JavaFX Application Thread] DEBUG Input                - Registered new binding: action4 - Left
13:39:42.888 [JavaFX Application Thread] DEBUG Input                - Registered new binding: action5 - Down
13:39:42.888 [JavaFX Application Thread] DEBUG Input                - Registered new binding: action6 - Right
13:39:42.888 [JavaFX Application Thread] DEBUG Input                - Registered new binding: action7 - Up
13:39:42.888 [JavaFX Application Thread] DEBUG AssetLoaderService   - Loading from file system: /assets/textures/fxgl_icon.png
13:39:42.907 [JavaFX Application Thread] DEBUG AssetLoaderService   - Loading from file system: /assets/ui/cursors/fxgl_default.png
13:39:42.909 [JavaFX Application Thread] DEBUG Input                - Registered new binding: Screenshot - P
13:39:42.909 [JavaFX Application Thread] DEBUG Input                - Registered new binding: System info dump - CTRL+9
13:39:42.910 [JavaFX Application Thread] DEBUG Input                - Registered new binding: Restart - CTRL+R
13:39:42.910 [JavaFX Application Thread] DEBUG LoopRunner           - Starting loop
13:39:42.929 [JavaFX Application Thread] DEBUG FXGLStartupScene     - STARTUP
13:39:42.929 [JavaFX Application Thread] DEBUG WindowService        - Starting new game
13:39:42.931 [JavaFX Application Thread] DEBUG Input                - Clearing active input actions
13:39:42.939 [JavaFX Application Thread] DEBUG WindowService        - Removing overlay from FXGLStartupScene and adding to FXGLLoadingScene
13:39:42.940 [JavaFX Application Thread] DEBUG MainWindow           - FXGLStartupScene -> FXGLLoadingScene
13:39:42.940 [JavaFX Application Thread] DEBUG WindowService        - Clearing previous game
13:39:42.940 [JavaFX Application Thread] DEBUG GameScene            - Clearing game scene
13:39:42.940 [JavaFX Application Thread] DEBUG GameWorld            - Clearing game world
13:39:42.940 [JavaFX Application Thread] DEBUG PhysicsWorld         - Clearing physics world
13:39:42.941 [FXGL Background Thread 1 ] DEBUG GameApplication      - Initializing game
13:39:42.948 [FXGL Background Thread 1 ] DEBUG AssetLoaderService   - Loading from file system: /assets/textures/road_with_patches.png
13:39:42.960 [FXGL Background Thread 1 ] DEBUG AssetLoaderService   - Loading from file system: /assets/textures/Car_Audi_Sport_Quattro_86x145.png
13:39:42.973 [FXGL Background Thread 1 ] INFO  GameApplication      - Game initialization took: 0.032 sec
13:39:42.975 [JavaFX Application Thread] DEBUG Input                - Clearing active input actions
13:39:42.985 [JavaFX Application Thread] DEBUG WindowService        - Removing overlay from FXGLLoadingScene and adding to GameScene
13:39:42.985 [JavaFX Application Thread] DEBUG MainWindow           - FXGLLoadingScene -> GameScene
13:39:44.741 [JavaFX Application Thread] DEBUG GameApplication      - Exiting FXGL
13:39:44.741 [JavaFX Application Thread] DEBUG LoopRunner           - Stopping loop
13:39:44.741 [JavaFX Application Thread] DEBUG SystemBundleService  - Saving FXGL system data
13:39:44.743 [JavaFX Application Thread] DEBUG FileSystemAccess     - Writing to: C:\Users\micha\Desktop\JavaMooseGame\system\fxgl.bundle
13:39:44.744 [JavaFX Application Thread] DEBUG GameApplication      - Shutting down background threads
13:39:44.744 [JavaFX Application Thread] DEBUG GameApplication      - Closing logger and exiting JavaFX
