19:59:03.077 [main                     ] DEBUG GameApplication      - Logger initialized
19:59:03.081 [main                     ] DEBUG GameApplication      - Logging settings
Title: MooseGame
Version: 0.3
Width: 600
Height: 900
Fullscreen: false
Intro: false
Menus: true
Profiling: false
Single step:false
App Mode: DEVELOPER
Menu Key: ESCAPE
Stage Style: DECORATED
Scene Factory: class MooseGameApp$1

19:59:03.434 [JavaFX Application Thread] DEBUG GameApplication      - Initializing FXGL
19:59:03.441 [JavaFX Application Thread] INFO  Engine               - FXGL-11.8 (08.03.2020 09.09) on WINDOWS (J:14.0.1 FX:13.0.2)
19:59:03.441 [JavaFX Application Thread] INFO  Engine               - Source code and latest versions at: https://github.com/AlmasB/FXGL
19:59:03.442 [JavaFX Application Thread] INFO  Engine               -              Join the FXGL chat at: https://gitter.im/AlmasB/FXGL
19:59:03.553 [JavaFX Application Thread] DEBUG MainWindow           - Creating a JavaFX scene
19:59:03.599 [JavaFX Application Thread] DEBUG MainWindow           - Target settings size: 600.0 x 900.0
19:59:03.600 [JavaFX Application Thread] DEBUG MainWindow           - Scaled scene size:    600.0 x 900.0
19:59:03.600 [JavaFX Application Thread] DEBUG MainWindow           - Scaled ratio: (1.0, 1.0)
19:59:03.601 [JavaFX Application Thread] DEBUG MainWindow           - Set initial scene to FXGLStartupScene
19:59:03.606 [JavaFX Application Thread] DEBUG MainWindow           - Opening main window
19:59:03.690 [JavaFX Application Thread] DEBUG MainWindow           - Window border size: (16.0, 39.0)
19:59:03.690 [JavaFX Application Thread] DEBUG MainWindow           - Scaled size: 600.0 x 900.0
19:59:03.690 [JavaFX Application Thread] DEBUG MainWindow           - Scaled ratio: (1.0, 1.0)
19:59:03.690 [JavaFX Application Thread] DEBUG MainWindow           - Scene size: 600.0 x 900.0
19:59:03.690 [JavaFX Application Thread] DEBUG MainWindow           - Stage size: 616.0 x 939.0
19:59:03.697 [FXGL Background Thread 1 ] DEBUG Engine               - Initializing environment variables
19:59:03.721 [FXGL Background Thread 1 ] DEBUG WindowService        - Applying CSS: fxgl_dark.css
19:59:03.721 [FXGL Background Thread 1 ] DEBUG AssetLoaderService   - Loading from file system: /assets/ui/css/fxgl_dark.css
19:59:03.754 [FXGL Background Thread 1 ] DEBUG WindowService        - Initializing application scenes
19:59:03.779 [FXGL Background Thread 1 ] DEBUG GameWorld            - Game world initialized
19:59:03.811 [FXGL Background Thread 1 ] DEBUG PhysicsWorld         - Physics world initialized: appHeight=900, physics.ppm=50.0
19:59:03.812 [FXGL Background Thread 1 ] DEBUG GameScene            - Game scene initialized: 600x900
19:59:03.820 [FXGL Background Thread 1 ] DEBUG AssetLoaderService   - Loading from file system: /assets/textures/Roadway.png
19:59:03.888 [FXGL Background Thread 1 ] DEBUG AssetLoaderService   - Loading from file system: /assets/sounds/selection.mp3
19:59:03.955 [FXGL Background Thread 1 ] DEBUG AssetLoaderService   - Loading from cache: /assets/sounds/selection.mp3
19:59:03.955 [FXGL Background Thread 1 ] DEBUG AssetLoaderService   - Loading from cache: /assets/sounds/selection.mp3
19:59:03.955 [FXGL Background Thread 1 ] DEBUG AssetLoaderService   - Loading from cache: /assets/sounds/selection.mp3
19:59:03.956 [FXGL Background Thread 1 ] DEBUG AssetLoaderService   - Loading from cache: /assets/sounds/selection.mp3
19:59:03.970 [FXGL Background Thread 1 ] DEBUG AssetLoaderService   - Loading from cache: /assets/sounds/selection.mp3
19:59:03.971 [FXGL Background Thread 1 ] DEBUG AssetLoaderService   - Loading from cache: /assets/sounds/selection.mp3
19:59:03.971 [FXGL Background Thread 1 ] DEBUG AssetLoaderService   - Loading from cache: /assets/sounds/selection.mp3
19:59:03.974 [FXGL Background Thread 1 ] DEBUG AssetLoaderService   - Loading from file system: /assets/music/Poisoncut_-_MenuMusic.mp3
19:59:04.038 [FXGL Background Thread 1 ] DEBUG AudioPlayer          - Playing music com.almasb.fxgl.audio.Music@3ecc2b9
19:59:04.055 [FXGL Background Thread 1 ] DEBUG AssetLoaderService   - Loading from file system: /assets/textures/particles/trace_horizontal.png
19:59:04.084 [FXGL Background Thread 1 ] WARN  FXGL.DefaultMenu     - FXGLDefaultMenu is not designed for resolutions < 800x600
19:59:04.084 [FXGL Background Thread 1 ] DEBUG FXGL.DefaultMenu     - createMenuBodyGameMenu()
19:59:04.094 [FXGL Background Thread 1 ] DEBUG FXGL.DefaultMenu     - createOptionsMenu()
19:59:04.097 [FXGL Background Thread 1 ] DEBUG AssetLoaderService   - Loading from file system: /assets/textures/particles/smoke.png
19:59:04.135 [FXGL Background Thread 1 ] DEBUG WindowService        - Application scenes initialized
19:59:04.141 [FXGL Background Thread 1 ] DEBUG SystemBundleService  - Loading FXGL system data
19:59:04.143 [FXGL Background Thread 1 ] DEBUG FileSystemAccess     - Reading from: C:\Users\micha\Desktop\JavaMooseGame\system\fxgl.bundle
19:59:04.147 [FXGL Background Thread 1 ] DEBUG SystemBundleService  - Bundle FXGL: {}
19:59:04.147 [FXGL Background Thread 1 ] INFO  Engine               - FXGL initialization took: 0.448 sec
19:59:04.148 [FXGL Background Thread 1 ] DEBUG GameApplication      - Loading localizations
19:59:04.148 [FXGL Background Thread 1 ] DEBUG AssetLoaderService   - Loading from file system: /assets/properties/languages/english.properties
19:59:04.149 [FXGL Background Thread 1 ] DEBUG AssetLoaderService   - Loading from file system: /assets/properties/languages/french.properties
19:59:04.150 [FXGL Background Thread 1 ] DEBUG AssetLoaderService   - Loading from file system: /assets/properties/languages/german.properties
19:59:04.151 [FXGL Background Thread 1 ] DEBUG AssetLoaderService   - Loading from file system: /assets/properties/languages/hungarian.properties
19:59:04.151 [FXGL Background Thread 1 ] DEBUG AssetLoaderService   - Loading from file system: /assets/properties/languages/russian.properties
19:59:04.152 [FXGL Background Thread 1 ] DEBUG GameApplication      - Registering font factories with UI factory
19:59:04.152 [FXGL Background Thread 1 ] DEBUG AssetLoaderService   - Loading from file system: /assets/ui/fonts/VarelaRound-Regular.ttf
19:59:04.191 [FXGL Background Thread 1 ] DEBUG AssetLoaderService   - Loading from file system: /assets/ui/fonts/Abel-Regular.ttf
19:59:04.198 [FXGL Background Thread 1 ] DEBUG AssetLoaderService   - Loading from file system: /assets/ui/fonts/lucida_console.ttf
19:59:04.207 [FXGL Background Thread 1 ] DEBUG AssetLoaderService   - Loading from file system: /assets/ui/fonts/Courier-Prime.ttf
19:59:04.221 [JavaFX Application Thread] DEBUG Input                - Registered new binding: action0 - A
19:59:04.221 [JavaFX Application Thread] DEBUG Input                - Registered new binding: action1 - S
19:59:04.221 [JavaFX Application Thread] DEBUG Input                - Registered new binding: action2 - D
19:59:04.221 [JavaFX Application Thread] DEBUG Input                - Registered new binding: action3 - W
19:59:04.221 [JavaFX Application Thread] DEBUG Input                - Registered new binding: action4 - 1
19:59:04.222 [JavaFX Application Thread] DEBUG Input                - Registered new binding: action5 - 2
19:59:04.222 [JavaFX Application Thread] DEBUG Input                - Registered new binding: action6 - 3
19:59:04.222 [JavaFX Application Thread] DEBUG Input                - Registered new binding: action7 - Left
19:59:04.222 [JavaFX Application Thread] DEBUG Input                - Registered new binding: action8 - Down
19:59:04.222 [JavaFX Application Thread] DEBUG Input                - Registered new binding: action9 - Right
19:59:04.222 [JavaFX Application Thread] DEBUG Input                - Registered new binding: action10 - Up
19:59:04.223 [JavaFX Application Thread] DEBUG AssetLoaderService   - Loading from file system: /assets/textures/fxgl_icon.png
19:59:04.231 [JavaFX Application Thread] DEBUG AssetLoaderService   - Loading from file system: /assets/ui/cursors/fxgl_default.png
19:59:04.232 [JavaFX Application Thread] DEBUG Input                - Registered new binding: Screenshot - P
19:59:04.233 [JavaFX Application Thread] DEBUG Input                - Registered new binding: System info dump - CTRL+9
19:59:04.233 [JavaFX Application Thread] DEBUG Input                - Registered new binding: Restart - CTRL+R
19:59:04.233 [JavaFX Application Thread] DEBUG LoopRunner           - Starting loop
19:59:04.239 [JavaFX Application Thread] DEBUG FXGLStartupScene     - STARTUP
19:59:04.240 [JavaFX Application Thread] DEBUG Input                - Clearing active input actions
19:59:04.251 [JavaFX Application Thread] DEBUG WindowService        - Removing overlay from FXGLStartupScene and adding to MooseGameMenu
19:59:04.252 [JavaFX Application Thread] DEBUG MainWindow           - FXGLStartupScene -> MooseGameMenu
19:59:04.869 [JavaFX Application Thread] DEBUG Menu                 - fireNewGame()
19:59:04.869 [JavaFX Application Thread] DEBUG WindowService        - Starting new game
19:59:04.869 [JavaFX Application Thread] DEBUG Input                - Clearing active input actions
19:59:04.875 [JavaFX Application Thread] DEBUG WindowService        - Removing overlay from MooseGameMenu and adding to FXGLLoadingScene
19:59:04.875 [JavaFX Application Thread] DEBUG MainWindow           - MooseGameMenu -> FXGLLoadingScene
19:59:04.875 [JavaFX Application Thread] DEBUG WindowService        - Clearing previous game
19:59:04.875 [JavaFX Application Thread] DEBUG GameScene            - Clearing game scene
19:59:04.875 [JavaFX Application Thread] DEBUG GameWorld            - Clearing game world
19:59:04.875 [JavaFX Application Thread] DEBUG PhysicsWorld         - Clearing physics world
19:59:04.876 [JavaFX Application Thread] DEBUG AudioPlayer          - Stopping music com.almasb.fxgl.audio.Music@3ecc2b9
19:59:04.876 [FXGL Background Thread 1 ] DEBUG GameApplication      - Initializing game
19:59:04.881 [FXGL Background Thread 1 ] DEBUG FileSystemAccess     - Reading from: C:\Users\micha\Desktop\JavaMooseGame\.\highscores.dat
19:59:04.883 [FXGL Background Thread 1 ] DEBUG AssetLoaderService   - Loading from file system: /assets/music/Poisoncut_GameLoop.mp3
19:59:04.885 [FXGL Background Thread 1 ] DEBUG AudioPlayer          - Playing music com.almasb.fxgl.audio.Music@29702eff
19:59:04.887 [FXGL Background Thread 1 ] DEBUG AssetLoaderService   - Loading from file system: /assets/textures/road_with_patches.png
19:59:04.895 [FXGL Background Thread 1 ] DEBUG AssetLoaderService   - Loading from cache: /assets/textures/road_with_patches.png
19:59:04.895 [FXGL Background Thread 1 ] DEBUG AssetLoaderService   - Loading from file system: /assets/textures//car0.png
19:59:04.903 [FXGL Background Thread 1 ] DEBUG AssetLoaderService   - Loading from file system: /assets/textures/signpost.png
19:59:04.906 [FXGL Background Thread 1 ] DEBUG AssetLoaderService   - Loading from file system: /assets/ui/moosegame_ui.fxml
19:59:04.945 [FXGL Background Thread 1 ] INFO  GameApplication      - Game initialization took: 0.069 sec
19:59:04.948 [JavaFX Application Thread] DEBUG Input                - Clearing active input actions
19:59:04.954 [JavaFX Application Thread] DEBUG WindowService        - Removing overlay from FXGLLoadingScene and adding to GameScene
19:59:04.954 [JavaFX Application Thread] DEBUG MainWindow           - FXGLLoadingScene -> GameScene
19:59:07.052 [JavaFX Application Thread] DEBUG AssetLoaderService   - Loading from file system: /assets/textures/potHole.png
19:59:07.148 [FXGL Background Thread 2 ] DEBUG Engine               - Logging environment variables
19:59:07.148 [FXGL Background Thread 2 ] DEBUG Engine               - achievements: []
19:59:07.148 [FXGL Background Thread 2 ] DEBUG Engine               - language: ObjectProperty [value: ENGLISH]
19:59:07.148 [FXGL Background Thread 2 ] DEBUG Engine               - isCloseConfirmation: false
19:59:07.149 [FXGL Background Thread 2 ] DEBUG Engine               - isProfilingEnabled: false
19:59:07.149 [FXGL Background Thread 2 ] DEBUG Engine               - soundNotification: core/notification.wav
19:59:07.149 [FXGL Background Thread 2 ] DEBUG Engine               - devShowBBoxProperty: BooleanProperty [value: false]
19:59:07.149 [FXGL Background Thread 2 ] DEBUG Engine               - pixelsPerMeter: 50.0
19:59:07.149 [FXGL Background Thread 2 ] DEBUG Engine               - appIcon: fxgl_icon.png
19:59:07.149 [FXGL Background Thread 2 ] DEBUG Engine               - soundMenuBack: menu/back.wav
19:59:07.149 [FXGL Background Thread 2 ] DEBUG Engine               - isFullScreenAllowed: false
19:59:07.149 [FXGL Background Thread 2 ] DEBUG Engine               - isIntroEnabled: false
19:59:07.149 [FXGL Background Thread 2 ] DEBUG Engine               - fontMono: lucida_console.ttf
19:59:07.149 [FXGL Background Thread 2 ] DEBUG Engine               - soundMenuSelect: menu/select.wav
19:59:07.149 [FXGL Background Thread 2 ] DEBUG Engine               - isWindows: true
19:59:07.149 [FXGL Background Thread 2 ] DEBUG Engine               - isMobile: false
19:59:07.149 [FXGL Background Thread 2 ] DEBUG Engine               - isUserProfileEnabled: false
19:59:07.149 [FXGL Background Thread 2 ] DEBUG Engine               - height: 900
19:59:07.149 [FXGL Background Thread 2 ] DEBUG Engine               - isExperimentalNative: false
19:59:07.149 [FXGL Background Thread 2 ] DEBUG Engine               - settings: Title: MooseGame
Version: 0.3
Width: 600
Height: 900
Fullscreen: false
Intro: false
Menus: true
Profiling: false
Single step:false
App Mode: DEVELOPER
Menu Key: ESCAPE
Stage Style: DECORATED
Scene Factory: class MooseGameApp$1

19:59:07.149 [FXGL Background Thread 2 ] DEBUG Engine               - isSingleStep: false
19:59:07.149 [FXGL Background Thread 2 ] DEBUG Engine               - cSSList: [fxgl_dark.css]
19:59:07.149 [FXGL Background Thread 2 ] DEBUG Engine               - fontGame: Abel-Regular.ttf
19:59:07.149 [FXGL Background Thread 2 ] DEBUG Engine               - menuKey: ESCAPE
19:59:07.150 [FXGL Background Thread 2 ] DEBUG Engine               - devShowPositionProperty: BooleanProperty [value: false]
19:59:07.150 [FXGL Background Thread 2 ] DEBUG Engine               - versionCheckDays: 7
19:59:07.150 [FXGL Background Thread 2 ] DEBUG Engine               - configClass: Optional.empty
19:59:07.150 [FXGL Background Thread 2 ] DEBUG Engine               - isFullScreenFromStart: false
19:59:07.150 [FXGL Background Thread 2 ] DEBUG Engine               - version: 0.3
19:59:07.150 [FXGL Background Thread 2 ] DEBUG Engine               - fullScreen: BooleanProperty [value: false]
19:59:07.150 [FXGL Background Thread 2 ] DEBUG Engine               - randomSeed: -1
19:59:07.150 [FXGL Background Thread 2 ] DEBUG Engine               - gameDifficultyProperty: ObjectProperty [value: MEDIUM]
19:59:07.150 [FXGL Background Thread 2 ] DEBUG Engine               - applicationMode: DEVELOPER
19:59:07.150 [FXGL Background Thread 2 ] DEBUG Engine               - isMac: false
19:59:07.150 [FXGL Background Thread 2 ] DEBUG Engine               - isMenuEnabled: true
19:59:07.150 [FXGL Background Thread 2 ] DEBUG Engine               - profileName: StringProperty [value: DEFAULT]
19:59:07.150 [FXGL Background Thread 2 ] DEBUG Engine               - urlPOM: https://raw.githubusercontent.com/AlmasB/FXGL/master/pom.xml
19:59:07.150 [FXGL Background Thread 2 ] DEBUG Engine               - notificationViewClass: class com.almasb.fxgl.notification.view.XboxNotificationView
19:59:07.150 [FXGL Background Thread 2 ] DEBUG Engine               - devSensorColorProperty: ObjectProperty [value: 0xffff00ff]
19:59:07.150 [FXGL Background Thread 2 ] DEBUG Engine               - sceneFactory: MooseGameApp$1@eec456e
19:59:07.150 [FXGL Background Thread 2 ] DEBUG Engine               - stageStyle: DECORATED
19:59:07.150 [FXGL Background Thread 2 ] DEBUG Engine               - isManualResizeEnabled: false
19:59:07.150 [FXGL Background Thread 2 ] DEBUG Engine               - title: MooseGame
19:59:07.150 [FXGL Background Thread 2 ] DEBUG Engine               - platform: WINDOWS
19:59:07.151 [FXGL Background Thread 2 ] DEBUG Engine               - devBBoxColorProperty: ObjectProperty [value: 0xff0000ff]
19:59:07.151 [FXGL Background Thread 2 ] DEBUG Engine               - gameDifficulty: MEDIUM
19:59:07.151 [FXGL Background Thread 2 ] DEBUG Engine               - isDesktop: true
19:59:07.151 [FXGL Background Thread 2 ] DEBUG Engine               - supportedLanguages: [ENGLISH, FRENCH, GERMAN, HUNGARIAN, RUSSIAN]
19:59:07.151 [FXGL Background Thread 2 ] DEBUG Engine               - credits: []
19:59:07.151 [FXGL Background Thread 2 ] DEBUG Engine               - globalMusicVolumeProperty: DoubleProperty [value: 0.5]
19:59:07.151 [FXGL Background Thread 2 ] DEBUG Engine               - isPreserveResizeRatio: false
19:59:07.151 [FXGL Background Thread 2 ] DEBUG Engine               - fontText: Courier-Prime.ttf
19:59:07.151 [FXGL Background Thread 2 ] DEBUG Engine               - isExperimentalTiledLargeMap: false
19:59:07.151 [FXGL Background Thread 2 ] DEBUG Engine               - secondsIn24h: 60
19:59:07.151 [FXGL Background Thread 2 ] DEBUG Engine               - runtimeInfo: RuntimeInfo(platform=WINDOWS, version=11.8, build=08.03.2020 09.09)
19:59:07.151 [FXGL Background Thread 2 ] DEBUG Engine               - isLinux: false
19:59:07.151 [FXGL Background Thread 2 ] DEBUG Engine               - soundMenuPress: menu/press.wav
19:59:07.151 [FXGL Background Thread 2 ] DEBUG Engine               - urlGithub: https://github.com/AlmasB/FXGL
19:59:07.151 [FXGL Background Thread 2 ] DEBUG Engine               - profileDir: profiles/
19:59:07.151 [FXGL Background Thread 2 ] DEBUG Engine               - isDeveloperMenuEnabled: false
19:59:07.151 [FXGL Background Thread 2 ] DEBUG Engine               - globalSoundVolumeProperty: DoubleProperty [value: 0.5]
19:59:07.151 [FXGL Background Thread 2 ] DEBUG Engine               - mainWindow: com.almasb.fxgl.app.MainWindow@ad3c06b
19:59:07.151 [FXGL Background Thread 2 ] DEBUG Engine               - isBrowser: false
19:59:07.151 [FXGL Background Thread 2 ] DEBUG Engine               - globalSoundVolume: 0.5
19:59:07.151 [FXGL Background Thread 2 ] DEBUG Engine               - urlLeaderboard: http://fxgl-top.herokuapp.com/
19:59:07.151 [FXGL Background Thread 2 ] DEBUG Engine               - engineServices: [class com.almasb.fxgl.app.GameApplication$GameApplicationService, class com.almasb.fxgl.app.services.WindowService, class com.almasb.fxgl.app.services.FXGLDialogService, class com.almasb.fxgl.app.services.IOTaskExecutorService, class com.almasb.fxgl.event.EventBusService, class com.almasb.fxgl.io.FileSystemService, class com.almasb.fxgl.localization.LocalizationService, class com.almasb.fxgl.app.services.AssetLoaderService, class com.almasb.fxgl.app.services.SystemBundleService, class com.almasb.fxgl.profile.SaveLoadService, class com.almasb.fxgl.ui.FXGLUIFactoryServiceProvider, class com.almasb.fxgl.ui.FXGLDialogFactoryServiceProvider, class com.almasb.fxgl.audio.AudioPlayer, class com.almasb.fxgl.notification.impl.NotificationServiceProvider, class com.almasb.fxgl.achievement.AchievementService, class com.almasb.fxgl.cutscene.CutsceneService, class com.almasb.fxgl.minigames.MiniGameService, class com.almasb.fxgl.net.NetService, class com.almasb.fxgl.app.services.UpdaterService]
19:59:07.152 [FXGL Background Thread 2 ] DEBUG Engine               - globalMusicVolume: 0.5
19:59:07.152 [FXGL Background Thread 2 ] DEBUG Engine               - width: 600
19:59:07.152 [FXGL Background Thread 2 ] DEBUG Engine               - saveFileExt: sav
19:59:07.152 [FXGL Background Thread 2 ] DEBUG Engine               - isAndroid: false
19:59:07.152 [FXGL Background Thread 2 ] DEBUG Engine               - fontUI: VarelaRound-Regular.ttf
19:59:07.152 [FXGL Background Thread 2 ] DEBUG Engine               - enabledMenuItems: []
19:59:07.152 [FXGL Background Thread 2 ] DEBUG Engine               - isIOS: false
19:59:07.152 [FXGL Background Thread 2 ] DEBUG Engine               - Logging services
19:59:07.152 [FXGL Background Thread 2 ] DEBUG Engine               - class com.almasb.fxgl.app.GameApplication$GameApplicationService
19:59:07.152 [FXGL Background Thread 2 ] DEBUG Engine               - class com.almasb.fxgl.app.services.WindowService
19:59:07.152 [FXGL Background Thread 2 ] DEBUG Engine               - class com.almasb.fxgl.app.services.FXGLDialogService
19:59:07.152 [FXGL Background Thread 2 ] DEBUG Engine               - class com.almasb.fxgl.app.services.IOTaskExecutorService
19:59:07.152 [FXGL Background Thread 2 ] DEBUG Engine               - class com.almasb.fxgl.event.EventBusService
19:59:07.152 [FXGL Background Thread 2 ] DEBUG Engine               - class com.almasb.fxgl.io.FileSystemService
19:59:07.152 [FXGL Background Thread 2 ] DEBUG Engine               - class com.almasb.fxgl.localization.LocalizationService
19:59:07.152 [FXGL Background Thread 2 ] DEBUG Engine               - class com.almasb.fxgl.app.services.AssetLoaderService
19:59:07.152 [FXGL Background Thread 2 ] DEBUG Engine               - class com.almasb.fxgl.app.services.SystemBundleService
19:59:07.152 [FXGL Background Thread 2 ] DEBUG Engine               - class com.almasb.fxgl.profile.SaveLoadService
19:59:07.152 [FXGL Background Thread 2 ] DEBUG Engine               - class com.almasb.fxgl.ui.FXGLUIFactoryServiceProvider
19:59:07.152 [FXGL Background Thread 2 ] DEBUG Engine               - class com.almasb.fxgl.ui.FXGLDialogFactoryServiceProvider
19:59:07.153 [FXGL Background Thread 2 ] DEBUG Engine               - class com.almasb.fxgl.audio.AudioPlayer
19:59:07.153 [FXGL Background Thread 2 ] DEBUG Engine               - class com.almasb.fxgl.notification.impl.NotificationServiceProvider
19:59:07.153 [FXGL Background Thread 2 ] DEBUG Engine               - class com.almasb.fxgl.achievement.AchievementService
19:59:07.153 [FXGL Background Thread 2 ] DEBUG Engine               - class com.almasb.fxgl.cutscene.CutsceneService
19:59:07.153 [FXGL Background Thread 2 ] DEBUG Engine               - class com.almasb.fxgl.minigames.MiniGameService
19:59:07.153 [FXGL Background Thread 2 ] DEBUG Engine               - class com.almasb.fxgl.net.NetService
19:59:07.153 [FXGL Background Thread 2 ] DEBUG Engine               - class com.almasb.fxgl.app.services.UpdaterService
19:59:07.468 [JavaFX Application Thread] DEBUG AssetLoaderService   - Loading from file system: /assets/textures/mooseWalkAnimation.png
19:59:08.301 [JavaFX Application Thread] DEBUG AssetLoaderService   - Loading from cache: /assets/textures/mooseWalkAnimation.png
19:59:09.128 [JavaFX Application Thread] DEBUG AssetLoaderService   - Loading from file system: /assets/textures/gasTank.PNG
19:59:09.133 [JavaFX Application Thread] DEBUG AssetLoaderService   - Loading from cache: /assets/textures/potHole.png
19:59:09.965 [JavaFX Application Thread] DEBUG AssetLoaderService   - Loading from cache: /assets/textures/mooseWalkAnimation.png
19:59:11.213 [JavaFX Application Thread] DEBUG AssetLoaderService   - Loading from cache: /assets/textures/potHole.png
19:59:11.629 [JavaFX Application Thread] DEBUG AssetLoaderService   - Loading from cache: /assets/textures/mooseWalkAnimation.png
19:59:12.468 [JavaFX Application Thread] DEBUG AssetLoaderService   - Loading from cache: /assets/textures/mooseWalkAnimation.png
19:59:13.293 [JavaFX Application Thread] DEBUG AssetLoaderService   - Loading from cache: /assets/textures/gasTank.PNG
19:59:13.309 [JavaFX Application Thread] DEBUG AssetLoaderService   - Loading from cache: /assets/textures/potHole.png
19:59:14.973 [JavaFX Application Thread] DEBUG AssetLoaderService   - Loading from cache: /assets/textures/mooseWalkAnimation.png
19:59:14.974 [JavaFX Application Thread] DEBUG AssetLoaderService   - Loading from cache: /assets/textures/mooseWalkAnimation.png
19:59:15.399 [JavaFX Application Thread] DEBUG AssetLoaderService   - Loading from cache: /assets/textures/potHole.png
19:59:17.468 [JavaFX Application Thread] DEBUG AssetLoaderService   - Loading from cache: /assets/textures/gasTank.PNG
19:59:17.482 [JavaFX Application Thread] DEBUG AssetLoaderService   - Loading from cache: /assets/textures/mooseWalkAnimation.png
19:59:17.485 [JavaFX Application Thread] DEBUG AssetLoaderService   - Loading from cache: /assets/textures/potHole.png
19:59:18.316 [JavaFX Application Thread] DEBUG AssetLoaderService   - Loading from cache: /assets/textures/mooseWalkAnimation.png
19:59:18.509 [JavaFX Application Thread] DEBUG AssetLoaderService   - Loading from file system: /assets/sounds/explosion.wav
19:59:18.512 [JavaFX Application Thread] DEBUG AssetLoaderService   - Loading from file system: /assets/textures/explosion.png
19:59:18.520 [JavaFX Application Thread] DEBUG AudioPlayer          - Stopping music com.almasb.fxgl.audio.Music@29702eff
19:59:18.523 [JavaFX Application Thread] DEBUG MainWindow           - Push state: DialogSubScene
19:59:18.523 [JavaFX Application Thread] DEBUG Input                - Clearing active input actions
19:59:18.528 [JavaFX Application Thread] DEBUG WindowService        - Removing overlay from GameScene and adding to DialogSubScene
19:59:18.528 [JavaFX Application Thread] DEBUG MainWindow           - GameScene -> DialogSubScene
19:59:27.906 [JavaFX Application Thread] DEBUG MainWindow           - Pop state: DialogSubScene
19:59:27.906 [JavaFX Application Thread] DEBUG Input                - Clearing active input actions
19:59:27.906 [JavaFX Application Thread] DEBUG WindowService        - Removing overlay from DialogSubScene and adding to GameScene
19:59:27.906 [JavaFX Application Thread] DEBUG MainWindow           - GameScene <- DialogSubScene
19:59:27.918 [JavaFX Application Thread] DEBUG MainWindow           - Push state: DialogSubScene
19:59:27.918 [JavaFX Application Thread] DEBUG Input                - Clearing active input actions
19:59:27.920 [JavaFX Application Thread] DEBUG WindowService        - Removing overlay from GameScene and adding to DialogSubScene
19:59:27.920 [JavaFX Application Thread] DEBUG MainWindow           - GameScene -> DialogSubScene
19:59:31.412 [JavaFX Application Thread] DEBUG MainWindow           - Pop state: DialogSubScene
19:59:31.412 [JavaFX Application Thread] DEBUG Input                - Clearing active input actions
19:59:31.413 [JavaFX Application Thread] DEBUG WindowService        - Removing overlay from DialogSubScene and adding to GameScene
19:59:31.413 [JavaFX Application Thread] DEBUG MainWindow           - GameScene <- DialogSubScene
19:59:31.414 [JavaFX Application Thread] DEBUG FileSystemAccess     - Writing to: C:\Users\micha\Desktop\JavaMooseGame\.\highscores.dat
19:59:31.416 [JavaFX Application Thread] DEBUG WindowService        - Starting new game
19:59:31.416 [JavaFX Application Thread] DEBUG Input                - Clearing active input actions
19:59:31.421 [JavaFX Application Thread] DEBUG WindowService        - Removing overlay from GameScene and adding to FXGLLoadingScene
19:59:31.421 [JavaFX Application Thread] DEBUG MainWindow           - GameScene -> FXGLLoadingScene
19:59:31.421 [JavaFX Application Thread] DEBUG WindowService        - Clearing previous game
19:59:31.421 [JavaFX Application Thread] DEBUG GameScene            - Clearing game scene
19:59:31.421 [JavaFX Application Thread] DEBUG GameWorld            - Clearing game world
19:59:31.422 [JavaFX Application Thread] DEBUG PhysicsWorld         - Clearing physics world
19:59:31.422 [FXGL Background Thread 1 ] DEBUG GameApplication      - Initializing game
19:59:31.423 [FXGL Background Thread 1 ] DEBUG FileSystemAccess     - Reading from: C:\Users\micha\Desktop\JavaMooseGame\.\highscores.dat
19:59:31.423 [FXGL Background Thread 1 ] DEBUG AssetLoaderService   - Loading from cache: /assets/music/Poisoncut_GameLoop.mp3
19:59:31.423 [FXGL Background Thread 1 ] DEBUG AudioPlayer          - Playing music com.almasb.fxgl.audio.Music@29702eff
19:59:31.424 [FXGL Background Thread 1 ] DEBUG AssetLoaderService   - Loading from cache: /assets/textures/road_with_patches.png
19:59:31.424 [FXGL Background Thread 1 ] DEBUG AssetLoaderService   - Loading from cache: /assets/textures/road_with_patches.png
19:59:31.425 [FXGL Background Thread 1 ] DEBUG AssetLoaderService   - Loading from cache: /assets/textures//car0.png
19:59:31.425 [FXGL Background Thread 1 ] DEBUG AssetLoaderService   - Loading from cache: /assets/textures/signpost.png
19:59:31.425 [FXGL Background Thread 1 ] DEBUG AssetLoaderService   - Loading from file system: /assets/ui/moosegame_ui.fxml
19:59:31.430 [FXGL Background Thread 1 ] INFO  GameApplication      - Game initialization took: 0.008 sec
19:59:31.430 [JavaFX Application Thread] DEBUG Input                - Clearing active input actions
19:59:31.433 [JavaFX Application Thread] DEBUG WindowService        - Removing overlay from FXGLLoadingScene and adding to GameScene
19:59:31.434 [JavaFX Application Thread] DEBUG MainWindow           - FXGLLoadingScene -> GameScene
19:59:33.100 [JavaFX Application Thread] DEBUG AssetLoaderService   - Loading from cache: /assets/textures/mooseWalkAnimation.png
19:59:34.218 [JavaFX Application Thread] DEBUG AssetLoaderService   - Loading from cache: /assets/sounds/explosion.wav
19:59:34.218 [JavaFX Application Thread] DEBUG AssetLoaderService   - Loading from cache: /assets/textures/explosion.png
19:59:34.219 [JavaFX Application Thread] DEBUG AudioPlayer          - Stopping music com.almasb.fxgl.audio.Music@29702eff
19:59:34.258 [JavaFX Application Thread] DEBUG MainWindow           - Push state: DialogSubScene
19:59:34.258 [JavaFX Application Thread] DEBUG Input                - Clearing active input actions
19:59:34.259 [JavaFX Application Thread] DEBUG WindowService        - Removing overlay from GameScene and adding to DialogSubScene
19:59:34.259 [JavaFX Application Thread] DEBUG MainWindow           - GameScene -> DialogSubScene
19:59:35.102 [JavaFX Application Thread] DEBUG MainWindow           - Pop state: DialogSubScene
19:59:35.102 [JavaFX Application Thread] DEBUG Input                - Clearing active input actions
19:59:35.102 [JavaFX Application Thread] DEBUG WindowService        - Removing overlay from DialogSubScene and adding to GameScene
19:59:35.103 [JavaFX Application Thread] DEBUG MainWindow           - GameScene <- DialogSubScene
19:59:35.389 [JavaFX Application Thread] DEBUG AssetLoaderService   - Loading from cache: /assets/textures/potHole.png
19:59:35.805 [JavaFX Application Thread] DEBUG AssetLoaderService   - Loading from cache: /assets/textures/mooseWalkAnimation.png
19:59:36.205 [JavaFX Application Thread] DEBUG AssetLoaderService   - Loading from cache: /assets/textures/mooseWalkAnimation.png
19:59:36.844 [JavaFX Application Thread] DEBUG LoopRunner           - Stopping loop
19:59:49.609 [JavaFX Application Thread] FATAL GameApplication      - Uncaught Exception:

Fatal exception occurred: java.lang.IllegalArgumentException : Component PlayerComponent not found!
E: com.almasb.fxgl.entity.Entity.getComponent(Entity.java:322)
E: MooseGameApp.lambda$initInput$7(MooseGameApp.java:90)
E: com.almasb.fxgl.dsl.FXGL$Companion$onKey$1.onAction(FXGL.kt:364)
E: com.almasb.fxgl.input.UserAction.action$fxgl_input(UserAction.kt:38)
E: com.almasb.fxgl.input.Input.update(Input.kt:164)
E: com.almasb.fxgl.scene.Scene.update(Scene.kt:73)
E: com.almasb.fxgl.app.MainWindow$update$1.invoke(MainWindow.kt:208)
E: com.almasb.fxgl.app.MainWindow$update$1.invoke(MainWindow.kt:38)
E: com.almasb.fxgl.core.fsm.StateMachine.runOnActiveStates(StateMachine.kt:60)
E: com.almasb.fxgl.app.MainWindow.update(MainWindow.kt:208)
E: com.almasb.fxgl.app.services.WindowService.onUpdate(WindowService.kt:115)
E: com.almasb.fxgl.app.Engine.loop(Engine.kt:129)
E: com.almasb.fxgl.app.Engine.access$loop(Engine.kt:25)
E: com.almasb.fxgl.app.Engine$loop$1.invoke(Engine.kt:29)
E: com.almasb.fxgl.app.Engine$loop$1.invoke(Engine.kt:25)
E: com.almasb.fxgl.app.LoopRunner.frame(LoopRunner.kt:86)
E: com.almasb.fxgl.app.LoopRunner.access$frame(LoopRunner.kt:17)
E: com.almasb.fxgl.app.LoopRunner$impl$2$1.handle(LoopRunner.kt:37)
E: javafx.animation.AnimationTimer$AnimationTimerReceiver.lambda$handle$0(AnimationTimer.java:57)
E: java.base/java.security.AccessController.doPrivileged(AccessController.java:391)
E: javafx.animation.AnimationTimer$AnimationTimerReceiver.handle(AnimationTimer.java:56)
E: com.sun.scenario.animation.AbstractMasterTimer.timePulseImpl(AbstractMasterTimer.java:357)
E: com.sun.scenario.animation.AbstractMasterTimer$MainLoop.run(AbstractMasterTimer.java:267)
E: com.sun.javafx.tk.quantum.QuantumToolkit.pulse(QuantumToolkit.java:559)
E: com.sun.javafx.tk.quantum.QuantumToolkit.pulse(QuantumToolkit.java:543)
E: com.sun.javafx.tk.quantum.QuantumToolkit.pulseFromQueue(QuantumToolkit.java:536)
E: com.sun.javafx.tk.quantum.QuantumToolkit.lambda$runToolkit$11(QuantumToolkit.java:342)
E: com.sun.glass.ui.InvokeLaterDispatcher$Future.run(InvokeLaterDispatcher.java:96)
E: com.sun.glass.ui.win.WinApplication._runLoop(Native Method)
E: com.sun.glass.ui.win.WinApplication.lambda$runLoop$3(WinApplication.java:174)
E: java.base/java.lang.Thread.run(Thread.java:832)

19:59:49.609 [JavaFX Application Thread] FATAL GameApplication      - Application will now exit
19:59:49.609 [JavaFX Application Thread] DEBUG GameApplication      - Exiting FXGL
19:59:49.609 [JavaFX Application Thread] DEBUG GameApplication      - Shutting down background threads
19:59:49.609 [JavaFX Application Thread] DEBUG GameApplication      - Closing logger and exiting JavaFX
