03:39:31.177 [main                     ] DEBUG GameApplication      - Logger initialized
03:39:31.181 [main                     ] DEBUG GameApplication      - Logging settings
Title: MooseGame
Version: 0.3
Width: 600
Height: 900
Fullscreen: false
Intro: false
Menus: true
Profiling: false
Single step:false
App Mode: DEVELOPER
Menu Key: ESCAPE
Stage Style: DECORATED
Scene Factory: class MooseGameApp$1

03:39:31.489 [JavaFX Application Thread] DEBUG GameApplication      - Initializing FXGL
03:39:31.497 [JavaFX Application Thread] INFO  Engine               - FXGL-11.8 (08.03.2020 09.09) on WINDOWS (J:14.0.1 FX:13.0.2)
03:39:31.497 [JavaFX Application Thread] INFO  Engine               - Source code and latest versions at: https://github.com/AlmasB/FXGL
03:39:31.497 [JavaFX Application Thread] INFO  Engine               -              Join the FXGL chat at: https://gitter.im/AlmasB/FXGL
03:39:31.594 [JavaFX Application Thread] DEBUG MainWindow           - Creating a JavaFX scene
03:39:31.634 [JavaFX Application Thread] DEBUG MainWindow           - Target settings size: 600.0 x 900.0
03:39:31.634 [JavaFX Application Thread] DEBUG MainWindow           - Scaled scene size:    600.0 x 900.0
03:39:31.634 [JavaFX Application Thread] DEBUG MainWindow           - Scaled ratio: (1.0, 1.0)
03:39:31.635 [JavaFX Application Thread] DEBUG MainWindow           - Set initial scene to FXGLStartupScene
03:39:31.640 [JavaFX Application Thread] DEBUG MainWindow           - Opening main window
03:39:31.717 [JavaFX Application Thread] DEBUG MainWindow           - Window border size: (16.0, 39.0)
03:39:31.717 [JavaFX Application Thread] DEBUG MainWindow           - Scaled size: 600.0 x 900.0
03:39:31.717 [JavaFX Application Thread] DEBUG MainWindow           - Scaled ratio: (1.0, 1.0)
03:39:31.717 [JavaFX Application Thread] DEBUG MainWindow           - Scene size: 600.0 x 900.0
03:39:31.718 [JavaFX Application Thread] DEBUG MainWindow           - Stage size: 616.0 x 939.0
03:39:31.724 [FXGL Background Thread 1 ] DEBUG Engine               - Initializing environment variables
03:39:31.748 [FXGL Background Thread 1 ] DEBUG WindowService        - Applying CSS: fxgl_dark.css
03:39:31.748 [FXGL Background Thread 1 ] DEBUG AssetLoaderService   - Loading from file system: /assets/ui/css/fxgl_dark.css
03:39:31.787 [FXGL Background Thread 1 ] DEBUG WindowService        - Initializing application scenes
03:39:31.815 [FXGL Background Thread 1 ] DEBUG GameWorld            - Game world initialized
03:39:31.846 [FXGL Background Thread 1 ] DEBUG PhysicsWorld         - Physics world initialized: appHeight=900, physics.ppm=50.0
03:39:31.848 [FXGL Background Thread 1 ] DEBUG GameScene            - Game scene initialized: 600x900
03:39:31.855 [FXGL Background Thread 1 ] DEBUG AssetLoaderService   - Loading from file system: /assets/textures/Roadway.png
03:39:31.919 [FXGL Background Thread 1 ] DEBUG AssetLoaderService   - Loading from file system: /assets/sounds/selection.mp3
03:39:31.990 [FXGL Background Thread 1 ] DEBUG AssetLoaderService   - Loading from cache: /assets/sounds/selection.mp3
03:39:31.991 [FXGL Background Thread 1 ] DEBUG AssetLoaderService   - Loading from cache: /assets/sounds/selection.mp3
03:39:31.992 [FXGL Background Thread 1 ] DEBUG AssetLoaderService   - Loading from cache: /assets/sounds/selection.mp3
03:39:31.992 [FXGL Background Thread 1 ] DEBUG AssetLoaderService   - Loading from cache: /assets/sounds/selection.mp3
03:39:32.010 [FXGL Background Thread 1 ] DEBUG AssetLoaderService   - Loading from file system: /assets/music/Poisoncut_-_MenuMusic.mp3
03:39:32.071 [FXGL Background Thread 1 ] DEBUG AudioPlayer          - Playing music com.almasb.fxgl.audio.Music@3bee1c08
03:39:32.088 [FXGL Background Thread 1 ] DEBUG AssetLoaderService   - Loading from file system: /assets/textures/particles/trace_horizontal.png
03:39:32.117 [FXGL Background Thread 1 ] WARN  FXGL.DefaultMenu     - FXGLDefaultMenu is not designed for resolutions < 800x600
03:39:32.118 [FXGL Background Thread 1 ] DEBUG FXGL.DefaultMenu     - createMenuBodyGameMenu()
03:39:32.125 [FXGL Background Thread 1 ] DEBUG FXGL.DefaultMenu     - createOptionsMenu()
03:39:32.128 [FXGL Background Thread 1 ] DEBUG AssetLoaderService   - Loading from file system: /assets/textures/particles/smoke.png
03:39:32.164 [FXGL Background Thread 1 ] DEBUG WindowService        - Application scenes initialized
03:39:32.172 [FXGL Background Thread 1 ] DEBUG SystemBundleService  - Loading FXGL system data
03:39:32.174 [FXGL Background Thread 1 ] DEBUG FileSystemAccess     - Reading from: C:\Users\micha\Desktop\JavaMooseGame\system\fxgl.bundle
03:39:32.178 [FXGL Background Thread 1 ] DEBUG SystemBundleService  - Bundle FXGL: {}
03:39:32.179 [FXGL Background Thread 1 ] INFO  Engine               - FXGL initialization took: 0.453 sec
03:39:32.180 [FXGL Background Thread 1 ] DEBUG GameApplication      - Loading localizations
03:39:32.180 [FXGL Background Thread 1 ] DEBUG AssetLoaderService   - Loading from file system: /assets/properties/languages/english.properties
03:39:32.182 [FXGL Background Thread 1 ] DEBUG AssetLoaderService   - Loading from file system: /assets/properties/languages/french.properties
03:39:32.183 [FXGL Background Thread 1 ] DEBUG AssetLoaderService   - Loading from file system: /assets/properties/languages/german.properties
03:39:32.184 [FXGL Background Thread 1 ] DEBUG AssetLoaderService   - Loading from file system: /assets/properties/languages/hungarian.properties
03:39:32.185 [FXGL Background Thread 1 ] DEBUG AssetLoaderService   - Loading from file system: /assets/properties/languages/russian.properties
03:39:32.186 [FXGL Background Thread 1 ] DEBUG GameApplication      - Registering font factories with UI factory
03:39:32.186 [FXGL Background Thread 1 ] DEBUG AssetLoaderService   - Loading from file system: /assets/ui/fonts/VarelaRound-Regular.ttf
03:39:32.227 [FXGL Background Thread 1 ] DEBUG AssetLoaderService   - Loading from file system: /assets/ui/fonts/Abel-Regular.ttf
03:39:32.234 [FXGL Background Thread 1 ] DEBUG AssetLoaderService   - Loading from file system: /assets/ui/fonts/lucida_console.ttf
03:39:32.244 [FXGL Background Thread 1 ] DEBUG AssetLoaderService   - Loading from file system: /assets/ui/fonts/Courier-Prime.ttf
03:39:32.259 [JavaFX Application Thread] DEBUG Input                - Registered new binding: action0 - A
03:39:32.259 [JavaFX Application Thread] DEBUG Input                - Registered new binding: action1 - S
03:39:32.259 [JavaFX Application Thread] DEBUG Input                - Registered new binding: action2 - D
03:39:32.259 [JavaFX Application Thread] DEBUG Input                - Registered new binding: action3 - W
03:39:32.259 [JavaFX Application Thread] DEBUG Input                - Registered new binding: action4 - Space
03:39:32.260 [JavaFX Application Thread] DEBUG Input                - Registered new binding: action5 - Left
03:39:32.260 [JavaFX Application Thread] DEBUG Input                - Registered new binding: action6 - Down
03:39:32.260 [JavaFX Application Thread] DEBUG Input                - Registered new binding: action7 - Right
03:39:32.260 [JavaFX Application Thread] DEBUG Input                - Registered new binding: action8 - Up
03:39:32.260 [JavaFX Application Thread] DEBUG AssetLoaderService   - Loading from file system: /assets/textures/fxgl_icon.png
03:39:32.270 [JavaFX Application Thread] DEBUG AssetLoaderService   - Loading from file system: /assets/ui/cursors/fxgl_default.png
03:39:32.272 [JavaFX Application Thread] DEBUG Input                - Registered new binding: Screenshot - P
03:39:32.272 [JavaFX Application Thread] DEBUG Input                - Registered new binding: System info dump - CTRL+9
03:39:32.272 [JavaFX Application Thread] DEBUG Input                - Registered new binding: Restart - CTRL+R
03:39:32.273 [JavaFX Application Thread] DEBUG LoopRunner           - Starting loop
03:39:32.281 [JavaFX Application Thread] DEBUG FXGLStartupScene     - STARTUP
03:39:32.281 [JavaFX Application Thread] DEBUG Input                - Clearing active input actions
03:39:32.294 [JavaFX Application Thread] DEBUG WindowService        - Removing overlay from FXGLStartupScene and adding to MooseGameMenu
03:39:32.294 [JavaFX Application Thread] DEBUG MainWindow           - FXGLStartupScene -> MooseGameMenu
03:39:33.171 [JavaFX Application Thread] DEBUG Menu                 - fireNewGame()
03:39:33.171 [JavaFX Application Thread] DEBUG WindowService        - Starting new game
03:39:33.171 [JavaFX Application Thread] DEBUG Input                - Clearing active input actions
03:39:33.178 [JavaFX Application Thread] DEBUG WindowService        - Removing overlay from MooseGameMenu and adding to FXGLLoadingScene
03:39:33.178 [JavaFX Application Thread] DEBUG MainWindow           - MooseGameMenu -> FXGLLoadingScene
03:39:33.178 [JavaFX Application Thread] DEBUG WindowService        - Clearing previous game
03:39:33.178 [JavaFX Application Thread] DEBUG GameScene            - Clearing game scene
03:39:33.178 [JavaFX Application Thread] DEBUG GameWorld            - Clearing game world
03:39:33.178 [JavaFX Application Thread] DEBUG PhysicsWorld         - Clearing physics world
03:39:33.179 [JavaFX Application Thread] DEBUG AudioPlayer          - Stopping music com.almasb.fxgl.audio.Music@3bee1c08
03:39:33.179 [FXGL Background Thread 1 ] DEBUG GameApplication      - Initializing game
03:39:33.186 [FXGL Background Thread 1 ] DEBUG AssetLoaderService   - Loading from file system: /assets/music/Poisoncut_GameLoop.mp3
03:39:33.189 [FXGL Background Thread 1 ] DEBUG AudioPlayer          - Playing music com.almasb.fxgl.audio.Music@1071e490
03:39:33.196 [JavaFX Application Thread] DEBUG LoopRunner           - Stopping loop
03:39:34.247 [JavaFX Application Thread] FATAL GameApplication      - Uncaught Exception:

Fatal exception occurred: java.lang.RuntimeException : Initialization failed
E: com.almasb.fxgl.app.GameApplication$InitAppTask.failed(GameApplication.java:428)
E: javafx.concurrent.Task.setState(Task.java:710)
E: javafx.concurrent.Task$TaskCallable.lambda$call$2(Task.java:1455)
E: com.sun.javafx.application.PlatformImpl.lambda$runLater$10(PlatformImpl.java:428)
E: java.base/java.security.AccessController.doPrivileged(AccessController.java:391)
E: com.sun.javafx.application.PlatformImpl.lambda$runLater$11(PlatformImpl.java:427)
E: com.sun.glass.ui.InvokeLaterDispatcher$Future.run(InvokeLaterDispatcher.java:96)
E: com.sun.glass.ui.win.WinApplication._runLoop(Native Method)
E: com.sun.glass.ui.win.WinApplication.lambda$runLoop$3(WinApplication.java:174)
E: java.base/java.lang.Thread.run(Thread.java:832)

03:39:34.248 [JavaFX Application Thread] FATAL GameApplication      - Application will now exit
03:39:34.248 [JavaFX Application Thread] DEBUG GameApplication      - Exiting FXGL
03:39:34.248 [JavaFX Application Thread] DEBUG GameApplication      - Shutting down background threads
03:39:34.248 [JavaFX Application Thread] DEBUG GameApplication      - Closing logger and exiting JavaFX
