19:58:21.786 [main                     ] DEBUG GameApplication      - Logger initialized
19:58:21.790 [main                     ] DEBUG GameApplication      - Logging settings
Title: MooseGame
Version: 0.3
Width: 600
Height: 900
Fullscreen: false
Intro: false
Menus: true
Profiling: false
Single step:false
App Mode: DEVELOPER
Menu Key: ESCAPE
Stage Style: DECORATED
Scene Factory: class MooseGameApp$1

19:58:22.118 [JavaFX Application Thread] DEBUG GameApplication      - Initializing FXGL
19:58:22.130 [JavaFX Application Thread] INFO  Engine               - FXGL-11.8 (08.03.2020 09.09) on WINDOWS (J:14.0.1 FX:13.0.2)
19:58:22.130 [JavaFX Application Thread] INFO  Engine               - Source code and latest versions at: https://github.com/AlmasB/FXGL
19:58:22.130 [JavaFX Application Thread] INFO  Engine               -              Join the FXGL chat at: https://gitter.im/AlmasB/FXGL
19:58:22.230 [JavaFX Application Thread] DEBUG MainWindow           - Creating a JavaFX scene
19:58:22.273 [JavaFX Application Thread] DEBUG MainWindow           - Target settings size: 600.0 x 900.0
19:58:22.273 [JavaFX Application Thread] DEBUG MainWindow           - Scaled scene size:    600.0 x 900.0
19:58:22.274 [JavaFX Application Thread] DEBUG MainWindow           - Scaled ratio: (1.0, 1.0)
19:58:22.275 [JavaFX Application Thread] DEBUG MainWindow           - Set initial scene to FXGLStartupScene
19:58:22.280 [JavaFX Application Thread] DEBUG MainWindow           - Opening main window
19:58:22.361 [JavaFX Application Thread] DEBUG MainWindow           - Window border size: (16.0, 39.0)
19:58:22.361 [JavaFX Application Thread] DEBUG MainWindow           - Scaled size: 600.0 x 900.0
19:58:22.361 [JavaFX Application Thread] DEBUG MainWindow           - Scaled ratio: (1.0, 1.0)
19:58:22.361 [JavaFX Application Thread] DEBUG MainWindow           - Scene size: 600.0 x 900.0
19:58:22.361 [JavaFX Application Thread] DEBUG MainWindow           - Stage size: 616.0 x 939.0
19:58:22.368 [FXGL Background Thread 1 ] DEBUG Engine               - Initializing environment variables
19:58:22.392 [FXGL Background Thread 1 ] DEBUG WindowService        - Applying CSS: fxgl_dark.css
19:58:22.393 [FXGL Background Thread 1 ] DEBUG AssetLoaderService   - Loading from file system: /assets/ui/css/fxgl_dark.css
19:58:22.431 [FXGL Background Thread 1 ] DEBUG WindowService        - Initializing application scenes
19:58:22.458 [FXGL Background Thread 1 ] DEBUG GameWorld            - Game world initialized
19:58:22.489 [FXGL Background Thread 1 ] DEBUG PhysicsWorld         - Physics world initialized: appHeight=900, physics.ppm=50.0
19:58:22.491 [FXGL Background Thread 1 ] DEBUG GameScene            - Game scene initialized: 600x900
19:58:22.499 [FXGL Background Thread 1 ] DEBUG AssetLoaderService   - Loading from file system: /assets/textures/Roadway.png
19:58:22.570 [FXGL Background Thread 1 ] DEBUG AssetLoaderService   - Loading from file system: /assets/sounds/selection.mp3
19:58:22.638 [FXGL Background Thread 1 ] DEBUG AssetLoaderService   - Loading from cache: /assets/sounds/selection.mp3
19:58:22.638 [FXGL Background Thread 1 ] DEBUG AssetLoaderService   - Loading from cache: /assets/sounds/selection.mp3
19:58:22.638 [FXGL Background Thread 1 ] DEBUG AssetLoaderService   - Loading from cache: /assets/sounds/selection.mp3
19:58:22.639 [FXGL Background Thread 1 ] DEBUG AssetLoaderService   - Loading from cache: /assets/sounds/selection.mp3
19:58:22.652 [FXGL Background Thread 1 ] DEBUG AssetLoaderService   - Loading from cache: /assets/sounds/selection.mp3
19:58:22.652 [FXGL Background Thread 1 ] DEBUG AssetLoaderService   - Loading from cache: /assets/sounds/selection.mp3
19:58:22.653 [FXGL Background Thread 1 ] DEBUG AssetLoaderService   - Loading from cache: /assets/sounds/selection.mp3
19:58:22.655 [FXGL Background Thread 1 ] DEBUG AssetLoaderService   - Loading from file system: /assets/music/Poisoncut_-_MenuMusic.mp3
19:58:22.714 [FXGL Background Thread 1 ] DEBUG AudioPlayer          - Playing music com.almasb.fxgl.audio.Music@3ecc2b9
19:58:22.730 [FXGL Background Thread 1 ] DEBUG AssetLoaderService   - Loading from file system: /assets/textures/particles/trace_horizontal.png
19:58:22.758 [FXGL Background Thread 1 ] WARN  FXGL.DefaultMenu     - FXGLDefaultMenu is not designed for resolutions < 800x600
19:58:22.759 [FXGL Background Thread 1 ] DEBUG FXGL.DefaultMenu     - createMenuBodyGameMenu()
19:58:22.770 [FXGL Background Thread 1 ] DEBUG FXGL.DefaultMenu     - createOptionsMenu()
19:58:22.773 [FXGL Background Thread 1 ] DEBUG AssetLoaderService   - Loading from file system: /assets/textures/particles/smoke.png
19:58:22.813 [FXGL Background Thread 1 ] DEBUG WindowService        - Application scenes initialized
19:58:22.818 [FXGL Background Thread 1 ] DEBUG SystemBundleService  - Loading FXGL system data
19:58:22.821 [FXGL Background Thread 1 ] DEBUG FileSystemAccess     - Reading from: C:\Users\micha\Desktop\JavaMooseGame\system\fxgl.bundle
19:58:22.825 [FXGL Background Thread 1 ] DEBUG SystemBundleService  - Bundle FXGL: {}
19:58:22.825 [FXGL Background Thread 1 ] INFO  Engine               - FXGL initialization took: 0.456 sec
19:58:22.826 [FXGL Background Thread 1 ] DEBUG GameApplication      - Loading localizations
19:58:22.827 [FXGL Background Thread 1 ] DEBUG AssetLoaderService   - Loading from file system: /assets/properties/languages/english.properties
19:58:22.828 [FXGL Background Thread 1 ] DEBUG AssetLoaderService   - Loading from file system: /assets/properties/languages/french.properties
19:58:22.829 [FXGL Background Thread 1 ] DEBUG AssetLoaderService   - Loading from file system: /assets/properties/languages/german.properties
19:58:22.829 [FXGL Background Thread 1 ] DEBUG AssetLoaderService   - Loading from file system: /assets/properties/languages/hungarian.properties
19:58:22.830 [FXGL Background Thread 1 ] DEBUG AssetLoaderService   - Loading from file system: /assets/properties/languages/russian.properties
19:58:22.831 [FXGL Background Thread 1 ] DEBUG GameApplication      - Registering font factories with UI factory
19:58:22.831 [FXGL Background Thread 1 ] DEBUG AssetLoaderService   - Loading from file system: /assets/ui/fonts/VarelaRound-Regular.ttf
19:58:22.869 [FXGL Background Thread 1 ] DEBUG AssetLoaderService   - Loading from file system: /assets/ui/fonts/Abel-Regular.ttf
19:58:22.877 [FXGL Background Thread 1 ] DEBUG AssetLoaderService   - Loading from file system: /assets/ui/fonts/lucida_console.ttf
19:58:22.885 [FXGL Background Thread 1 ] DEBUG AssetLoaderService   - Loading from file system: /assets/ui/fonts/Courier-Prime.ttf
19:58:22.899 [JavaFX Application Thread] DEBUG Input                - Registered new binding: action0 - A
19:58:22.900 [JavaFX Application Thread] DEBUG Input                - Registered new binding: action1 - S
19:58:22.900 [JavaFX Application Thread] DEBUG Input                - Registered new binding: action2 - D
19:58:22.900 [JavaFX Application Thread] DEBUG Input                - Registered new binding: action3 - W
19:58:22.900 [JavaFX Application Thread] DEBUG Input                - Registered new binding: action4 - 1
19:58:22.900 [JavaFX Application Thread] DEBUG Input                - Registered new binding: action5 - 2
19:58:22.901 [JavaFX Application Thread] DEBUG Input                - Registered new binding: action6 - 3
19:58:22.901 [JavaFX Application Thread] DEBUG Input                - Registered new binding: action7 - Left
19:58:22.901 [JavaFX Application Thread] DEBUG Input                - Registered new binding: action8 - Down
19:58:22.901 [JavaFX Application Thread] DEBUG Input                - Registered new binding: action9 - Right
19:58:22.901 [JavaFX Application Thread] DEBUG Input                - Registered new binding: action10 - Up
19:58:22.901 [JavaFX Application Thread] DEBUG AssetLoaderService   - Loading from file system: /assets/textures/fxgl_icon.png
19:58:22.910 [JavaFX Application Thread] DEBUG AssetLoaderService   - Loading from file system: /assets/ui/cursors/fxgl_default.png
19:58:22.911 [JavaFX Application Thread] DEBUG Input                - Registered new binding: Screenshot - P
19:58:22.912 [JavaFX Application Thread] DEBUG Input                - Registered new binding: System info dump - CTRL+9
19:58:22.912 [JavaFX Application Thread] DEBUG Input                - Registered new binding: Restart - CTRL+R
19:58:22.912 [JavaFX Application Thread] DEBUG LoopRunner           - Starting loop
19:58:22.924 [JavaFX Application Thread] DEBUG FXGLStartupScene     - STARTUP
19:58:22.924 [JavaFX Application Thread] DEBUG Input                - Clearing active input actions
19:58:22.937 [JavaFX Application Thread] DEBUG WindowService        - Removing overlay from FXGLStartupScene and adding to MooseGameMenu
19:58:22.937 [JavaFX Application Thread] DEBUG MainWindow           - FXGLStartupScene -> MooseGameMenu
19:58:24.156 [JavaFX Application Thread] DEBUG Menu                 - fireNewGame()
19:58:24.156 [JavaFX Application Thread] DEBUG WindowService        - Starting new game
19:58:24.157 [JavaFX Application Thread] DEBUG Input                - Clearing active input actions
19:58:24.162 [JavaFX Application Thread] DEBUG WindowService        - Removing overlay from MooseGameMenu and adding to FXGLLoadingScene
19:58:24.163 [JavaFX Application Thread] DEBUG MainWindow           - MooseGameMenu -> FXGLLoadingScene
19:58:24.163 [JavaFX Application Thread] DEBUG WindowService        - Clearing previous game
19:58:24.163 [JavaFX Application Thread] DEBUG GameScene            - Clearing game scene
19:58:24.163 [JavaFX Application Thread] DEBUG GameWorld            - Clearing game world
19:58:24.163 [JavaFX Application Thread] DEBUG PhysicsWorld         - Clearing physics world
19:58:24.164 [JavaFX Application Thread] DEBUG AudioPlayer          - Stopping music com.almasb.fxgl.audio.Music@3ecc2b9
19:58:24.164 [FXGL Background Thread 1 ] DEBUG GameApplication      - Initializing game
19:58:24.170 [FXGL Background Thread 1 ] DEBUG FileSystemAccess     - Reading from: C:\Users\micha\Desktop\JavaMooseGame\.\highscores.dat
19:58:24.172 [FXGL Background Thread 1 ] DEBUG AssetLoaderService   - Loading from file system: /assets/music/Poisoncut_GameLoop.mp3
19:58:24.177 [FXGL Background Thread 1 ] DEBUG AudioPlayer          - Playing music com.almasb.fxgl.audio.Music@54fe9b54
19:58:24.179 [FXGL Background Thread 1 ] DEBUG AssetLoaderService   - Loading from file system: /assets/textures/road_with_patches.png
19:58:24.187 [FXGL Background Thread 1 ] DEBUG AssetLoaderService   - Loading from cache: /assets/textures/road_with_patches.png
19:58:24.187 [FXGL Background Thread 1 ] DEBUG AssetLoaderService   - Loading from file system: /assets/textures//car0.png
19:58:24.195 [FXGL Background Thread 1 ] DEBUG AssetLoaderService   - Loading from file system: /assets/textures/signpost.png
19:58:24.199 [FXGL Background Thread 1 ] DEBUG AssetLoaderService   - Loading from file system: /assets/ui/moosegame_ui.fxml
19:58:24.253 [FXGL Background Thread 1 ] INFO  GameApplication      - Game initialization took: 0.089 sec
19:58:24.254 [JavaFX Application Thread] DEBUG Input                - Clearing active input actions
19:58:24.262 [JavaFX Application Thread] DEBUG WindowService        - Removing overlay from FXGLLoadingScene and adding to GameScene
19:58:24.262 [JavaFX Application Thread] DEBUG MainWindow           - FXGLLoadingScene -> GameScene
19:58:25.476 [JavaFX Application Thread] DEBUG AssetLoaderService   - Loading from file system: /assets/sounds/explosion.wav
19:58:25.478 [JavaFX Application Thread] DEBUG AssetLoaderService   - Loading from file system: /assets/textures/explosion.png
19:58:25.487 [JavaFX Application Thread] DEBUG AudioPlayer          - Stopping music com.almasb.fxgl.audio.Music@54fe9b54
19:58:25.489 [JavaFX Application Thread] DEBUG MainWindow           - Push state: DialogSubScene
19:58:25.489 [JavaFX Application Thread] DEBUG Input                - Clearing active input actions
19:58:25.495 [JavaFX Application Thread] DEBUG WindowService        - Removing overlay from GameScene and adding to DialogSubScene
19:58:25.495 [JavaFX Application Thread] DEBUG MainWindow           - GameScene -> DialogSubScene
19:58:25.826 [FXGL Background Thread 2 ] DEBUG Engine               - Logging environment variables
19:58:25.826 [FXGL Background Thread 2 ] DEBUG Engine               - achievements: []
19:58:25.826 [FXGL Background Thread 2 ] DEBUG Engine               - language: ObjectProperty [value: ENGLISH]
19:58:25.826 [FXGL Background Thread 2 ] DEBUG Engine               - isCloseConfirmation: false
19:58:25.826 [FXGL Background Thread 2 ] DEBUG Engine               - isProfilingEnabled: false
19:58:25.826 [FXGL Background Thread 2 ] DEBUG Engine               - soundNotification: core/notification.wav
19:58:25.827 [FXGL Background Thread 2 ] DEBUG Engine               - devShowBBoxProperty: BooleanProperty [value: false]
19:58:25.827 [FXGL Background Thread 2 ] DEBUG Engine               - pixelsPerMeter: 50.0
19:58:25.827 [FXGL Background Thread 2 ] DEBUG Engine               - soundMenuBack: menu/back.wav
19:58:25.827 [FXGL Background Thread 2 ] DEBUG Engine               - appIcon: fxgl_icon.png
19:58:25.827 [FXGL Background Thread 2 ] DEBUG Engine               - isFullScreenAllowed: false
19:58:25.827 [FXGL Background Thread 2 ] DEBUG Engine               - isIntroEnabled: false
19:58:25.827 [FXGL Background Thread 2 ] DEBUG Engine               - fontMono: lucida_console.ttf
19:58:25.827 [FXGL Background Thread 2 ] DEBUG Engine               - soundMenuSelect: menu/select.wav
19:58:25.827 [FXGL Background Thread 2 ] DEBUG Engine               - isWindows: true
19:58:25.827 [FXGL Background Thread 2 ] DEBUG Engine               - isMobile: false
19:58:25.827 [FXGL Background Thread 2 ] DEBUG Engine               - isUserProfileEnabled: false
19:58:25.827 [FXGL Background Thread 2 ] DEBUG Engine               - height: 900
19:58:25.827 [FXGL Background Thread 2 ] DEBUG Engine               - isExperimentalNative: false
19:58:25.827 [FXGL Background Thread 2 ] DEBUG Engine               - settings: Title: MooseGame
Version: 0.3
Width: 600
Height: 900
Fullscreen: false
Intro: false
Menus: true
Profiling: false
Single step:false
App Mode: DEVELOPER
Menu Key: ESCAPE
Stage Style: DECORATED
Scene Factory: class MooseGameApp$1

19:58:25.827 [FXGL Background Thread 2 ] DEBUG Engine               - cSSList: [fxgl_dark.css]
19:58:25.827 [FXGL Background Thread 2 ] DEBUG Engine               - isSingleStep: false
19:58:25.827 [FXGL Background Thread 2 ] DEBUG Engine               - fontGame: Abel-Regular.ttf
19:58:25.827 [FXGL Background Thread 2 ] DEBUG Engine               - menuKey: ESCAPE
19:58:25.827 [FXGL Background Thread 2 ] DEBUG Engine               - devShowPositionProperty: BooleanProperty [value: false]
19:58:25.828 [FXGL Background Thread 2 ] DEBUG Engine               - versionCheckDays: 7
19:58:25.828 [FXGL Background Thread 2 ] DEBUG Engine               - configClass: Optional.empty
19:58:25.828 [FXGL Background Thread 2 ] DEBUG Engine               - isFullScreenFromStart: false
19:58:25.828 [FXGL Background Thread 2 ] DEBUG Engine               - version: 0.3
19:58:25.828 [FXGL Background Thread 2 ] DEBUG Engine               - fullScreen: BooleanProperty [value: false]
19:58:25.828 [FXGL Background Thread 2 ] DEBUG Engine               - randomSeed: -1
19:58:25.828 [FXGL Background Thread 2 ] DEBUG Engine               - gameDifficultyProperty: ObjectProperty [value: MEDIUM]
19:58:25.828 [FXGL Background Thread 2 ] DEBUG Engine               - applicationMode: DEVELOPER
19:58:25.828 [FXGL Background Thread 2 ] DEBUG Engine               - isMac: false
19:58:25.828 [FXGL Background Thread 2 ] DEBUG Engine               - isMenuEnabled: true
19:58:25.828 [FXGL Background Thread 2 ] DEBUG Engine               - profileName: StringProperty [value: DEFAULT]
19:58:25.828 [FXGL Background Thread 2 ] DEBUG Engine               - urlPOM: https://raw.githubusercontent.com/AlmasB/FXGL/master/pom.xml
19:58:25.828 [FXGL Background Thread 2 ] DEBUG Engine               - notificationViewClass: class com.almasb.fxgl.notification.view.XboxNotificationView
19:58:25.828 [FXGL Background Thread 2 ] DEBUG Engine               - devSensorColorProperty: ObjectProperty [value: 0xffff00ff]
19:58:25.828 [FXGL Background Thread 2 ] DEBUG Engine               - sceneFactory: MooseGameApp$1@236734c3
19:58:25.828 [FXGL Background Thread 2 ] DEBUG Engine               - stageStyle: DECORATED
19:58:25.828 [FXGL Background Thread 2 ] DEBUG Engine               - isManualResizeEnabled: false
19:58:25.828 [FXGL Background Thread 2 ] DEBUG Engine               - title: MooseGame
19:58:25.828 [FXGL Background Thread 2 ] DEBUG Engine               - platform: WINDOWS
19:58:25.828 [FXGL Background Thread 2 ] DEBUG Engine               - devBBoxColorProperty: ObjectProperty [value: 0xff0000ff]
19:58:25.828 [FXGL Background Thread 2 ] DEBUG Engine               - gameDifficulty: MEDIUM
19:58:25.829 [FXGL Background Thread 2 ] DEBUG Engine               - isDesktop: true
19:58:25.829 [FXGL Background Thread 2 ] DEBUG Engine               - supportedLanguages: [ENGLISH, FRENCH, GERMAN, HUNGARIAN, RUSSIAN]
19:58:25.829 [FXGL Background Thread 2 ] DEBUG Engine               - credits: []
19:58:25.829 [FXGL Background Thread 2 ] DEBUG Engine               - globalMusicVolumeProperty: DoubleProperty [value: 0.5]
19:58:25.829 [FXGL Background Thread 2 ] DEBUG Engine               - isPreserveResizeRatio: false
19:58:25.829 [FXGL Background Thread 2 ] DEBUG Engine               - fontText: Courier-Prime.ttf
19:58:25.829 [FXGL Background Thread 2 ] DEBUG Engine               - isExperimentalTiledLargeMap: false
19:58:25.829 [FXGL Background Thread 2 ] DEBUG Engine               - secondsIn24h: 60
19:58:25.829 [FXGL Background Thread 2 ] DEBUG Engine               - runtimeInfo: RuntimeInfo(platform=WINDOWS, version=11.8, build=08.03.2020 09.09)
19:58:25.829 [FXGL Background Thread 2 ] DEBUG Engine               - isLinux: false
19:58:25.829 [FXGL Background Thread 2 ] DEBUG Engine               - soundMenuPress: menu/press.wav
19:58:25.829 [FXGL Background Thread 2 ] DEBUG Engine               - urlGithub: https://github.com/AlmasB/FXGL
19:58:25.829 [FXGL Background Thread 2 ] DEBUG Engine               - profileDir: profiles/
19:58:25.829 [FXGL Background Thread 2 ] DEBUG Engine               - isDeveloperMenuEnabled: false
19:58:25.829 [FXGL Background Thread 2 ] DEBUG Engine               - globalSoundVolumeProperty: DoubleProperty [value: 0.5]
19:58:25.829 [FXGL Background Thread 2 ] DEBUG Engine               - mainWindow: com.almasb.fxgl.app.MainWindow@2758a477
19:58:25.829 [FXGL Background Thread 2 ] DEBUG Engine               - isBrowser: false
19:58:25.829 [FXGL Background Thread 2 ] DEBUG Engine               - globalSoundVolume: 0.5
19:58:25.829 [FXGL Background Thread 2 ] DEBUG Engine               - urlLeaderboard: http://fxgl-top.herokuapp.com/
19:58:25.829 [FXGL Background Thread 2 ] DEBUG Engine               - engineServices: [class com.almasb.fxgl.app.GameApplication$GameApplicationService, class com.almasb.fxgl.app.services.WindowService, class com.almasb.fxgl.app.services.FXGLDialogService, class com.almasb.fxgl.app.services.IOTaskExecutorService, class com.almasb.fxgl.event.EventBusService, class com.almasb.fxgl.io.FileSystemService, class com.almasb.fxgl.localization.LocalizationService, class com.almasb.fxgl.app.services.AssetLoaderService, class com.almasb.fxgl.app.services.SystemBundleService, class com.almasb.fxgl.profile.SaveLoadService, class com.almasb.fxgl.ui.FXGLUIFactoryServiceProvider, class com.almasb.fxgl.ui.FXGLDialogFactoryServiceProvider, class com.almasb.fxgl.audio.AudioPlayer, class com.almasb.fxgl.notification.impl.NotificationServiceProvider, class com.almasb.fxgl.achievement.AchievementService, class com.almasb.fxgl.cutscene.CutsceneService, class com.almasb.fxgl.minigames.MiniGameService, class com.almasb.fxgl.net.NetService, class com.almasb.fxgl.app.services.UpdaterService]
19:58:25.829 [FXGL Background Thread 2 ] DEBUG Engine               - globalMusicVolume: 0.5
19:58:25.830 [FXGL Background Thread 2 ] DEBUG Engine               - width: 600
19:58:25.830 [FXGL Background Thread 2 ] DEBUG Engine               - saveFileExt: sav
19:58:25.830 [FXGL Background Thread 2 ] DEBUG Engine               - isAndroid: false
19:58:25.830 [FXGL Background Thread 2 ] DEBUG Engine               - fontUI: VarelaRound-Regular.ttf
19:58:25.830 [FXGL Background Thread 2 ] DEBUG Engine               - enabledMenuItems: []
19:58:25.830 [FXGL Background Thread 2 ] DEBUG Engine               - isIOS: false
19:58:25.830 [FXGL Background Thread 2 ] DEBUG Engine               - Logging services
19:58:25.830 [FXGL Background Thread 2 ] DEBUG Engine               - class com.almasb.fxgl.app.GameApplication$GameApplicationService
19:58:25.830 [FXGL Background Thread 2 ] DEBUG Engine               - class com.almasb.fxgl.app.services.WindowService
19:58:25.830 [FXGL Background Thread 2 ] DEBUG Engine               - class com.almasb.fxgl.app.services.FXGLDialogService
19:58:25.830 [FXGL Background Thread 2 ] DEBUG Engine               - class com.almasb.fxgl.app.services.IOTaskExecutorService
19:58:25.830 [FXGL Background Thread 2 ] DEBUG Engine               - class com.almasb.fxgl.event.EventBusService
19:58:25.830 [FXGL Background Thread 2 ] DEBUG Engine               - class com.almasb.fxgl.io.FileSystemService
19:58:25.830 [FXGL Background Thread 2 ] DEBUG Engine               - class com.almasb.fxgl.localization.LocalizationService
19:58:25.830 [FXGL Background Thread 2 ] DEBUG Engine               - class com.almasb.fxgl.app.services.AssetLoaderService
19:58:25.830 [FXGL Background Thread 2 ] DEBUG Engine               - class com.almasb.fxgl.app.services.SystemBundleService
19:58:25.830 [FXGL Background Thread 2 ] DEBUG Engine               - class com.almasb.fxgl.profile.SaveLoadService
19:58:25.830 [FXGL Background Thread 2 ] DEBUG Engine               - class com.almasb.fxgl.ui.FXGLUIFactoryServiceProvider
19:58:25.830 [FXGL Background Thread 2 ] DEBUG Engine               - class com.almasb.fxgl.ui.FXGLDialogFactoryServiceProvider
19:58:25.830 [FXGL Background Thread 2 ] DEBUG Engine               - class com.almasb.fxgl.audio.AudioPlayer
19:58:25.830 [FXGL Background Thread 2 ] DEBUG Engine               - class com.almasb.fxgl.notification.impl.NotificationServiceProvider
19:58:25.830 [FXGL Background Thread 2 ] DEBUG Engine               - class com.almasb.fxgl.achievement.AchievementService
19:58:25.830 [FXGL Background Thread 2 ] DEBUG Engine               - class com.almasb.fxgl.cutscene.CutsceneService
19:58:25.830 [FXGL Background Thread 2 ] DEBUG Engine               - class com.almasb.fxgl.minigames.MiniGameService
19:58:25.831 [FXGL Background Thread 2 ] DEBUG Engine               - class com.almasb.fxgl.net.NetService
19:58:25.831 [FXGL Background Thread 2 ] DEBUG Engine               - class com.almasb.fxgl.app.services.UpdaterService
19:58:26.454 [JavaFX Application Thread] DEBUG MainWindow           - Pop state: DialogSubScene
19:58:26.455 [JavaFX Application Thread] DEBUG Input                - Clearing active input actions
19:58:26.455 [JavaFX Application Thread] DEBUG WindowService        - Removing overlay from DialogSubScene and adding to GameScene
19:58:26.455 [JavaFX Application Thread] DEBUG MainWindow           - GameScene <- DialogSubScene
19:58:27.001 [JavaFX Application Thread] DEBUG LoopRunner           - Stopping loop
19:58:47.821 [JavaFX Application Thread] FATAL GameApplication      - Uncaught Exception:

Fatal exception occurred: java.lang.IllegalArgumentException : Component PlayerComponent not found!
E: com.almasb.fxgl.entity.Entity.getComponent(Entity.java:322)
E: MooseGameApp.lambda$initInput$7(MooseGameApp.java:90)
E: com.almasb.fxgl.dsl.FXGL$Companion$onKey$1.onAction(FXGL.kt:364)
E: com.almasb.fxgl.input.UserAction.action$fxgl_input(UserAction.kt:38)
E: com.almasb.fxgl.input.Input.update(Input.kt:164)
E: com.almasb.fxgl.scene.Scene.update(Scene.kt:73)
E: com.almasb.fxgl.app.MainWindow$update$1.invoke(MainWindow.kt:208)
E: com.almasb.fxgl.app.MainWindow$update$1.invoke(MainWindow.kt:38)
E: com.almasb.fxgl.core.fsm.StateMachine.runOnActiveStates(StateMachine.kt:60)
E: com.almasb.fxgl.app.MainWindow.update(MainWindow.kt:208)
E: com.almasb.fxgl.app.services.WindowService.onUpdate(WindowService.kt:115)
E: com.almasb.fxgl.app.Engine.loop(Engine.kt:129)
E: com.almasb.fxgl.app.Engine.access$loop(Engine.kt:25)
E: com.almasb.fxgl.app.Engine$loop$1.invoke(Engine.kt:29)
E: com.almasb.fxgl.app.Engine$loop$1.invoke(Engine.kt:25)
E: com.almasb.fxgl.app.LoopRunner.frame(LoopRunner.kt:86)
E: com.almasb.fxgl.app.LoopRunner.access$frame(LoopRunner.kt:17)
E: com.almasb.fxgl.app.LoopRunner$impl$2$1.handle(LoopRunner.kt:37)
E: javafx.animation.AnimationTimer$AnimationTimerReceiver.lambda$handle$0(AnimationTimer.java:57)
E: java.base/java.security.AccessController.doPrivileged(AccessController.java:391)
E: javafx.animation.AnimationTimer$AnimationTimerReceiver.handle(AnimationTimer.java:56)
E: com.sun.scenario.animation.AbstractMasterTimer.timePulseImpl(AbstractMasterTimer.java:357)
E: com.sun.scenario.animation.AbstractMasterTimer$MainLoop.run(AbstractMasterTimer.java:267)
E: com.sun.javafx.tk.quantum.QuantumToolkit.pulse(QuantumToolkit.java:559)
E: com.sun.javafx.tk.quantum.QuantumToolkit.pulse(QuantumToolkit.java:543)
E: com.sun.javafx.tk.quantum.QuantumToolkit.pulseFromQueue(QuantumToolkit.java:536)
E: com.sun.javafx.tk.quantum.QuantumToolkit.lambda$runToolkit$11(QuantumToolkit.java:342)
E: com.sun.glass.ui.InvokeLaterDispatcher$Future.run(InvokeLaterDispatcher.java:96)
E: com.sun.glass.ui.win.WinApplication._runLoop(Native Method)
E: com.sun.glass.ui.win.WinApplication.lambda$runLoop$3(WinApplication.java:174)
E: java.base/java.lang.Thread.run(Thread.java:832)

19:58:47.821 [JavaFX Application Thread] FATAL GameApplication      - Application will now exit
19:58:47.821 [JavaFX Application Thread] DEBUG GameApplication      - Exiting FXGL
19:58:47.821 [JavaFX Application Thread] DEBUG GameApplication      - Shutting down background threads
19:58:47.821 [JavaFX Application Thread] DEBUG GameApplication      - Closing logger and exiting JavaFX
