22:02:50.328 [main                     ] DEBUG GameApplication      - Logger initialized
22:02:50.348 [main                     ] DEBUG GameApplication      - Logging settings
Title: MooseGame
Version: 0.3
Width: 600
Height: 900
Fullscreen: false
Intro: false
Menus: true
Profiling: false
Single step:false
App Mode: DEVELOPER
Menu Key: ESCAPE
Stage Style: DECORATED
Scene Factory: class MooseGameApp$1

22:02:51.291 [JavaFX Application Thread] DEBUG GameApplication      - Initializing FXGL
22:02:51.309 [JavaFX Application Thread] INFO  Engine               - FXGL-11.8 (08.03.2020 09.09) on WINDOWS (J:14.0.1 FX:13.0.2)
22:02:51.310 [JavaFX Application Thread] INFO  Engine               - Source code and latest versions at: https://github.com/AlmasB/FXGL
22:02:51.310 [JavaFX Application Thread] INFO  Engine               -              Join the FXGL chat at: https://gitter.im/AlmasB/FXGL
22:02:51.479 [JavaFX Application Thread] DEBUG MainWindow           - Creating a JavaFX scene
22:02:51.480 [JavaFX Application Thread] DEBUG MainWindow           - Target size > screen size
22:02:51.544 [JavaFX Application Thread] DEBUG MainWindow           - Target settings size: 600.0 x 900.0
22:02:51.545 [JavaFX Application Thread] DEBUG MainWindow           - Scaled scene size:    524.0 x 823.0
22:02:51.545 [JavaFX Application Thread] DEBUG MainWindow           - Scaled ratio: (0.8733333333333333, 0.9144444444444444)
22:02:51.548 [JavaFX Application Thread] DEBUG MainWindow           - Set initial scene to FXGLStartupScene
22:02:51.560 [JavaFX Application Thread] DEBUG MainWindow           - Opening main window
22:02:51.764 [JavaFX Application Thread] DEBUG MainWindow           - Window border size: (14.4000244140625, 37.79998779296875)
22:02:51.764 [JavaFX Application Thread] DEBUG MainWindow           - Scaled size: 524.0 x 823.0
22:02:51.765 [JavaFX Application Thread] DEBUG MainWindow           - Scaled ratio: (0.8733333333333333, 0.9144444444444444)
22:02:51.765 [JavaFX Application Thread] DEBUG MainWindow           - Scene size: 524.0 x 823.0
22:02:51.765 [JavaFX Application Thread] DEBUG MainWindow           - Stage size: 538.4000244140625 x 860.7999877929688
22:02:51.774 [FXGL Background Thread 1 ] DEBUG Engine               - Initializing environment variables
22:02:51.817 [FXGL Background Thread 1 ] DEBUG WindowService        - Applying CSS: fxgl_dark.css
22:02:51.818 [FXGL Background Thread 1 ] DEBUG AssetLoaderService   - Loading from file system: /assets/ui/css/fxgl_dark.css
22:02:51.883 [FXGL Background Thread 1 ] DEBUG WindowService        - Initializing application scenes
