11:56:04.807 [main                     ] DEBUG GameApplication      - Logger initialized
11:56:04.816 [main                     ] DEBUG GameApplication      - Logging settings
Title: MooseGame
Version: 0.3
Width: 600
Height: 900
Fullscreen: false
Intro: false
Menus: true
Profiling: false
Single step:false
App Mode: DEVELOPER
Menu Key: ESCAPE
Stage Style: DECORATED
Scene Factory: class com.almasb.fxgl.app.scene.SceneFactory

11:56:05.469 [JavaFX Application Thread] DEBUG GameApplication      - Initializing FXGL
11:56:05.483 [JavaFX Application Thread] INFO  Engine               - FXGL-11.8 (08.03.2020 09.09) on WINDOWS (J:14.0.1 FX:13.0.2)
11:56:05.483 [JavaFX Application Thread] INFO  Engine               - Source code and latest versions at: https://github.com/AlmasB/FXGL
11:56:05.484 [JavaFX Application Thread] INFO  Engine               -              Join the FXGL chat at: https://gitter.im/AlmasB/FXGL
11:56:05.742 [JavaFX Application Thread] DEBUG MainWindow           - Creating a JavaFX scene
11:56:05.742 [JavaFX Application Thread] DEBUG MainWindow           - Target size > screen size
11:56:05.902 [JavaFX Application Thread] DEBUG MainWindow           - Target settings size: 600.0 x 900.0
11:56:05.904 [JavaFX Application Thread] DEBUG MainWindow           - Scaled scene size:    548.0 x 859.0
11:56:05.905 [JavaFX Application Thread] DEBUG MainWindow           - Scaled ratio: (0.9133333333333333, 0.9544444444444444)
11:56:05.908 [JavaFX Application Thread] DEBUG MainWindow           - Set initial scene to FXGLStartupScene
11:56:05.952 [JavaFX Application Thread] DEBUG MainWindow           - Opening main window
11:56:06.095 [JavaFX Application Thread] DEBUG MainWindow           - Window border size: (16.0, 39.0)
11:56:06.095 [JavaFX Application Thread] DEBUG MainWindow           - Scaled size: 548.0 x 859.0
11:56:06.095 [JavaFX Application Thread] DEBUG MainWindow           - Scaled ratio: (0.9133333333333333, 0.9544444444444444)
11:56:06.095 [JavaFX Application Thread] DEBUG MainWindow           - Scene size: 548.0 x 859.0
11:56:06.096 [JavaFX Application Thread] DEBUG MainWindow           - Stage size: 564.0 x 898.0
11:56:06.169 [FXGL Background Thread 1 ] DEBUG Engine               - Initializing environment variables
11:56:06.209 [FXGL Background Thread 1 ] DEBUG WindowService        - Applying CSS: fxgl_dark.css
11:56:06.209 [FXGL Background Thread 1 ] DEBUG AssetLoaderService   - Loading from file system: /assets/ui/css/fxgl_dark.css
11:56:06.280 [FXGL Background Thread 1 ] DEBUG WindowService        - Initializing application scenes
11:56:06.402 [FXGL Background Thread 1 ] DEBUG GameWorld            - Game world initialized
11:56:06.473 [FXGL Background Thread 1 ] DEBUG PhysicsWorld         - Physics world initialized: appHeight=900, physics.ppm=50.0
11:56:06.476 [FXGL Background Thread 1 ] DEBUG GameScene            - Game scene initialized: 600x900
11:56:06.512 [FXGL Background Thread 1 ] DEBUG AssetLoaderService   - Loading from file system: /assets/textures/particles/trace_horizontal.png
11:56:06.596 [FXGL Background Thread 1 ] WARN  FXGL.DefaultMenu     - FXGLDefaultMenu is not designed for resolutions < 800x600
11:56:06.596 [FXGL Background Thread 1 ] DEBUG FXGL.DefaultMenu     - createMenuBodyMainMenu()
11:56:06.619 [FXGL Background Thread 1 ] DEBUG FXGL.DefaultMenu     - createOptionsMenu()
11:56:06.626 [FXGL Background Thread 1 ] DEBUG AssetLoaderService   - Loading from file system: /assets/textures/particles/smoke.png
11:56:06.734 [FXGL Background Thread 1 ] DEBUG AssetLoaderService   - Loading from cache: /assets/textures/particles/trace_horizontal.png@64.0x64.0
11:56:06.735 [FXGL Background Thread 1 ] WARN  FXGL.DefaultMenu     - FXGLDefaultMenu is not designed for resolutions < 800x600
11:56:06.735 [FXGL Background Thread 1 ] DEBUG FXGL.DefaultMenu     - createMenuBodyGameMenu()
11:56:06.737 [FXGL Background Thread 1 ] DEBUG FXGL.DefaultMenu     - createOptionsMenu()
11:56:06.740 [FXGL Background Thread 1 ] DEBUG AssetLoaderService   - Loading from cache: /assets/textures/particles/smoke.png@128.0x128.0
11:56:06.767 [FXGL Background Thread 1 ] DEBUG WindowService        - Application scenes initialized
11:56:06.778 [FXGL Background Thread 1 ] DEBUG SystemBundleService  - Loading FXGL system data
11:56:06.784 [FXGL Background Thread 1 ] DEBUG FileSystemAccess     - Reading from: C:\Users\User\Documents\GitHub\JavaMooseGame\system\fxgl.bundle
11:56:06.793 [FXGL Background Thread 1 ] DEBUG SystemBundleService  - Bundle FXGL: {}
11:56:06.793 [FXGL Background Thread 1 ] INFO  Engine               - FXGL initialization took: 0.623 sec
11:56:06.796 [FXGL Background Thread 1 ] DEBUG GameApplication      - Loading localizations
11:56:06.797 [FXGL Background Thread 1 ] DEBUG AssetLoaderService   - Loading from file system: /assets/properties/languages/english.properties
11:56:06.802 [FXGL Background Thread 1 ] DEBUG AssetLoaderService   - Loading from file system: /assets/properties/languages/french.properties
11:56:06.804 [FXGL Background Thread 1 ] DEBUG AssetLoaderService   - Loading from file system: /assets/properties/languages/german.properties
11:56:06.806 [FXGL Background Thread 1 ] DEBUG AssetLoaderService   - Loading from file system: /assets/properties/languages/hungarian.properties
11:56:06.808 [FXGL Background Thread 1 ] DEBUG AssetLoaderService   - Loading from file system: /assets/properties/languages/russian.properties
11:56:06.811 [FXGL Background Thread 1 ] DEBUG GameApplication      - Registering font factories with UI factory
11:56:06.811 [FXGL Background Thread 1 ] DEBUG AssetLoaderService   - Loading from file system: /assets/ui/fonts/VarelaRound-Regular.ttf
11:56:06.904 [FXGL Background Thread 1 ] DEBUG AssetLoaderService   - Loading from file system: /assets/ui/fonts/Abel-Regular.ttf
11:56:06.920 [FXGL Background Thread 1 ] DEBUG AssetLoaderService   - Loading from file system: /assets/ui/fonts/lucida_console.ttf
11:56:06.934 [FXGL Background Thread 1 ] DEBUG AssetLoaderService   - Loading from file system: /assets/ui/fonts/Courier-Prime.ttf
11:56:06.961 [JavaFX Application Thread] DEBUG Input                - Registered new binding: action0 - A
11:56:06.962 [JavaFX Application Thread] DEBUG Input                - Registered new binding: action1 - S
11:56:06.962 [JavaFX Application Thread] DEBUG Input                - Registered new binding: action2 - D
11:56:06.962 [JavaFX Application Thread] DEBUG Input                - Registered new binding: action3 - W
11:56:06.963 [JavaFX Application Thread] DEBUG Input                - Registered new binding: action4 - Space
11:56:06.963 [JavaFX Application Thread] DEBUG Input                - Registered new binding: action5 - Left
11:56:06.964 [JavaFX Application Thread] DEBUG Input                - Registered new binding: action6 - Down
11:56:06.964 [JavaFX Application Thread] DEBUG Input                - Registered new binding: action7 - Right
11:56:06.964 [JavaFX Application Thread] DEBUG Input                - Registered new binding: action8 - Up
11:56:06.964 [JavaFX Application Thread] DEBUG AssetLoaderService   - Loading from file system: /assets/textures/fxgl_icon.png
11:56:06.991 [JavaFX Application Thread] DEBUG AssetLoaderService   - Loading from file system: /assets/ui/cursors/fxgl_default.png
11:56:06.995 [JavaFX Application Thread] DEBUG Input                - Registered new binding: Screenshot - P
11:56:06.996 [JavaFX Application Thread] DEBUG Input                - Registered new binding: System info dump - CTRL+9
11:56:06.997 [JavaFX Application Thread] DEBUG Input                - Registered new binding: Restart - CTRL+R
11:56:06.998 [JavaFX Application Thread] DEBUG LoopRunner           - Starting loop
11:56:07.017 [JavaFX Application Thread] DEBUG FXGLStartupScene     - STARTUP
11:56:07.023 [JavaFX Application Thread] DEBUG Input                - Clearing active input actions
11:56:07.057 [JavaFX Application Thread] DEBUG WindowService        - Removing overlay from FXGLStartupScene and adding to FXGLDefaultMenu
11:56:07.057 [JavaFX Application Thread] DEBUG MainWindow           - FXGLStartupScene -> FXGLDefaultMenu
11:56:09.795 [FXGL Background Thread 2 ] DEBUG Engine               - Logging environment variables
11:56:09.795 [FXGL Background Thread 2 ] DEBUG Engine               - achievements: []
11:56:09.795 [FXGL Background Thread 2 ] DEBUG Engine               - language: ObjectProperty [value: ENGLISH]
11:56:09.796 [FXGL Background Thread 2 ] DEBUG Engine               - isCloseConfirmation: false
11:56:09.796 [FXGL Background Thread 2 ] DEBUG Engine               - isProfilingEnabled: false
11:56:09.796 [FXGL Background Thread 2 ] DEBUG Engine               - soundNotification: core/notification.wav
11:56:09.796 [FXGL Background Thread 2 ] DEBUG Engine               - devShowBBoxProperty: BooleanProperty [value: false]
11:56:09.796 [FXGL Background Thread 2 ] DEBUG Engine               - pixelsPerMeter: 50.0
11:56:09.796 [FXGL Background Thread 2 ] DEBUG Engine               - soundMenuBack: menu/back.wav
11:56:09.796 [FXGL Background Thread 2 ] DEBUG Engine               - appIcon: fxgl_icon.png
11:56:09.796 [FXGL Background Thread 2 ] DEBUG Engine               - isFullScreenAllowed: false
11:56:09.797 [FXGL Background Thread 2 ] DEBUG Engine               - isIntroEnabled: false
11:56:09.797 [FXGL Background Thread 2 ] DEBUG Engine               - fontMono: lucida_console.ttf
11:56:09.797 [FXGL Background Thread 2 ] DEBUG Engine               - soundMenuSelect: menu/select.wav
11:56:09.797 [FXGL Background Thread 2 ] DEBUG Engine               - isWindows: true
11:56:09.797 [FXGL Background Thread 2 ] DEBUG Engine               - isMobile: false
11:56:09.797 [FXGL Background Thread 2 ] DEBUG Engine               - isUserProfileEnabled: false
11:56:09.797 [FXGL Background Thread 2 ] DEBUG Engine               - height: 900
11:56:09.797 [FXGL Background Thread 2 ] DEBUG Engine               - isExperimentalNative: false
11:56:09.797 [FXGL Background Thread 2 ] DEBUG Engine               - settings: Title: MooseGame
Version: 0.3
Width: 600
Height: 900
Fullscreen: false
Intro: false
Menus: true
Profiling: false
Single step:false
App Mode: DEVELOPER
Menu Key: ESCAPE
Stage Style: DECORATED
Scene Factory: class com.almasb.fxgl.app.scene.SceneFactory

11:56:09.797 [FXGL Background Thread 2 ] DEBUG Engine               - cSSList: [fxgl_dark.css]
11:56:09.797 [FXGL Background Thread 2 ] DEBUG Engine               - isSingleStep: false
11:56:09.797 [FXGL Background Thread 2 ] DEBUG Engine               - fontGame: Abel-Regular.ttf
11:56:09.798 [FXGL Background Thread 2 ] DEBUG Engine               - menuKey: ESCAPE
11:56:09.798 [FXGL Background Thread 2 ] DEBUG Engine               - devShowPositionProperty: BooleanProperty [value: false]
11:56:09.798 [FXGL Background Thread 2 ] DEBUG Engine               - versionCheckDays: 7
11:56:09.798 [FXGL Background Thread 2 ] DEBUG Engine               - configClass: Optional.empty
11:56:09.798 [FXGL Background Thread 2 ] DEBUG Engine               - isFullScreenFromStart: false
11:56:09.798 [FXGL Background Thread 2 ] DEBUG Engine               - version: 0.3
11:56:09.798 [FXGL Background Thread 2 ] DEBUG Engine               - fullScreen: BooleanProperty [value: false]
11:56:09.798 [FXGL Background Thread 2 ] DEBUG Engine               - randomSeed: -1
11:56:09.798 [FXGL Background Thread 2 ] DEBUG Engine               - gameDifficultyProperty: ObjectProperty [value: MEDIUM]
11:56:09.798 [FXGL Background Thread 2 ] DEBUG Engine               - applicationMode: DEVELOPER
11:56:09.799 [FXGL Background Thread 2 ] DEBUG Engine               - isMac: false
11:56:09.799 [FXGL Background Thread 2 ] DEBUG Engine               - isMenuEnabled: true
11:56:09.799 [FXGL Background Thread 2 ] DEBUG Engine               - urlPOM: https://raw.githubusercontent.com/AlmasB/FXGL/master/pom.xml
11:56:09.799 [FXGL Background Thread 2 ] DEBUG Engine               - profileName: StringProperty [value: DEFAULT]
11:56:09.799 [FXGL Background Thread 2 ] DEBUG Engine               - notificationViewClass: class com.almasb.fxgl.notification.view.XboxNotificationView
11:56:09.800 [FXGL Background Thread 2 ] DEBUG Engine               - devSensorColorProperty: ObjectProperty [value: 0xffff00ff]
11:56:09.800 [FXGL Background Thread 2 ] DEBUG Engine               - sceneFactory: com.almasb.fxgl.app.scene.SceneFactory@3fb65f32
11:56:09.800 [FXGL Background Thread 2 ] DEBUG Engine               - stageStyle: DECORATED
11:56:09.800 [FXGL Background Thread 2 ] DEBUG Engine               - isManualResizeEnabled: false
11:56:09.800 [FXGL Background Thread 2 ] DEBUG Engine               - title: MooseGame
11:56:09.800 [FXGL Background Thread 2 ] DEBUG Engine               - platform: WINDOWS
11:56:09.800 [FXGL Background Thread 2 ] DEBUG Engine               - devBBoxColorProperty: ObjectProperty [value: 0xff0000ff]
11:56:09.800 [FXGL Background Thread 2 ] DEBUG Engine               - gameDifficulty: MEDIUM
11:56:09.800 [FXGL Background Thread 2 ] DEBUG Engine               - isDesktop: true
11:56:09.801 [FXGL Background Thread 2 ] DEBUG Engine               - supportedLanguages: [ENGLISH, FRENCH, GERMAN, HUNGARIAN, RUSSIAN]
11:56:09.801 [FXGL Background Thread 2 ] DEBUG Engine               - credits: []
11:56:09.801 [FXGL Background Thread 2 ] DEBUG Engine               - globalMusicVolumeProperty: DoubleProperty [value: 0.5]
11:56:09.801 [FXGL Background Thread 2 ] DEBUG Engine               - isPreserveResizeRatio: false
11:56:09.801 [FXGL Background Thread 2 ] DEBUG Engine               - fontText: Courier-Prime.ttf
11:56:09.801 [FXGL Background Thread 2 ] DEBUG Engine               - isExperimentalTiledLargeMap: false
11:56:09.801 [FXGL Background Thread 2 ] DEBUG Engine               - secondsIn24h: 60
11:56:09.802 [FXGL Background Thread 2 ] DEBUG Engine               - runtimeInfo: RuntimeInfo(platform=WINDOWS, version=11.8, build=08.03.2020 09.09)
11:56:09.802 [FXGL Background Thread 2 ] DEBUG Engine               - isLinux: false
11:56:09.802 [FXGL Background Thread 2 ] DEBUG Engine               - soundMenuPress: menu/press.wav
11:56:09.802 [FXGL Background Thread 2 ] DEBUG Engine               - urlGithub: https://github.com/AlmasB/FXGL
11:56:09.802 [FXGL Background Thread 2 ] DEBUG Engine               - profileDir: profiles/
11:56:09.802 [FXGL Background Thread 2 ] DEBUG Engine               - isDeveloperMenuEnabled: false
11:56:09.802 [FXGL Background Thread 2 ] DEBUG Engine               - globalSoundVolumeProperty: DoubleProperty [value: 0.5]
11:56:09.802 [FXGL Background Thread 2 ] DEBUG Engine               - mainWindow: com.almasb.fxgl.app.MainWindow@3b89cc1c
11:56:09.802 [FXGL Background Thread 2 ] DEBUG Engine               - isBrowser: false
11:56:09.802 [FXGL Background Thread 2 ] DEBUG Engine               - globalSoundVolume: 0.5
11:56:09.802 [FXGL Background Thread 2 ] DEBUG Engine               - urlLeaderboard: http://fxgl-top.herokuapp.com/
11:56:09.803 [FXGL Background Thread 2 ] DEBUG Engine               - engineServices: [class com.almasb.fxgl.app.GameApplication$GameApplicationService, class com.almasb.fxgl.app.services.WindowService, class com.almasb.fxgl.app.services.FXGLDialogService, class com.almasb.fxgl.app.services.IOTaskExecutorService, class com.almasb.fxgl.event.EventBusService, class com.almasb.fxgl.io.FileSystemService, class com.almasb.fxgl.localization.LocalizationService, class com.almasb.fxgl.app.services.AssetLoaderService, class com.almasb.fxgl.app.services.SystemBundleService, class com.almasb.fxgl.profile.SaveLoadService, class com.almasb.fxgl.ui.FXGLUIFactoryServiceProvider, class com.almasb.fxgl.ui.FXGLDialogFactoryServiceProvider, class com.almasb.fxgl.audio.AudioPlayer, class com.almasb.fxgl.notification.impl.NotificationServiceProvider, class com.almasb.fxgl.achievement.AchievementService, class com.almasb.fxgl.cutscene.CutsceneService, class com.almasb.fxgl.minigames.MiniGameService, class com.almasb.fxgl.net.NetService, class com.almasb.fxgl.app.services.UpdaterService]
11:56:09.803 [FXGL Background Thread 2 ] DEBUG Engine               - globalMusicVolume: 0.5
11:56:09.803 [FXGL Background Thread 2 ] DEBUG Engine               - width: 600
11:56:09.803 [FXGL Background Thread 2 ] DEBUG Engine               - saveFileExt: sav
11:56:09.803 [FXGL Background Thread 2 ] DEBUG Engine               - isAndroid: false
11:56:09.803 [FXGL Background Thread 2 ] DEBUG Engine               - fontUI: VarelaRound-Regular.ttf
11:56:09.803 [FXGL Background Thread 2 ] DEBUG Engine               - enabledMenuItems: []
11:56:09.803 [FXGL Background Thread 2 ] DEBUG Engine               - isIOS: false
11:56:09.803 [FXGL Background Thread 2 ] DEBUG Engine               - Logging services
11:56:09.803 [FXGL Background Thread 2 ] DEBUG Engine               - class com.almasb.fxgl.app.GameApplication$GameApplicationService
11:56:09.804 [FXGL Background Thread 2 ] DEBUG Engine               - class com.almasb.fxgl.app.services.WindowService
11:56:09.804 [FXGL Background Thread 2 ] DEBUG Engine               - class com.almasb.fxgl.app.services.FXGLDialogService
11:56:09.804 [FXGL Background Thread 2 ] DEBUG Engine               - class com.almasb.fxgl.app.services.IOTaskExecutorService
11:56:09.804 [FXGL Background Thread 2 ] DEBUG Engine               - class com.almasb.fxgl.event.EventBusService
11:56:09.804 [FXGL Background Thread 2 ] DEBUG Engine               - class com.almasb.fxgl.io.FileSystemService
11:56:09.804 [FXGL Background Thread 2 ] DEBUG Engine               - class com.almasb.fxgl.localization.LocalizationService
11:56:09.804 [FXGL Background Thread 2 ] DEBUG Engine               - class com.almasb.fxgl.app.services.AssetLoaderService
11:56:09.804 [FXGL Background Thread 2 ] DEBUG Engine               - class com.almasb.fxgl.app.services.SystemBundleService
11:56:09.805 [FXGL Background Thread 2 ] DEBUG Engine               - class com.almasb.fxgl.profile.SaveLoadService
11:56:09.805 [FXGL Background Thread 2 ] DEBUG Engine               - class com.almasb.fxgl.ui.FXGLUIFactoryServiceProvider
11:56:09.805 [FXGL Background Thread 2 ] DEBUG Engine               - class com.almasb.fxgl.ui.FXGLDialogFactoryServiceProvider
11:56:09.805 [FXGL Background Thread 2 ] DEBUG Engine               - class com.almasb.fxgl.audio.AudioPlayer
11:56:09.805 [FXGL Background Thread 2 ] DEBUG Engine               - class com.almasb.fxgl.notification.impl.NotificationServiceProvider
11:56:09.805 [FXGL Background Thread 2 ] DEBUG Engine               - class com.almasb.fxgl.achievement.AchievementService
11:56:09.805 [FXGL Background Thread 2 ] DEBUG Engine               - class com.almasb.fxgl.cutscene.CutsceneService
11:56:09.806 [FXGL Background Thread 2 ] DEBUG Engine               - class com.almasb.fxgl.minigames.MiniGameService
11:56:09.806 [FXGL Background Thread 2 ] DEBUG Engine               - class com.almasb.fxgl.net.NetService
11:56:09.806 [FXGL Background Thread 2 ] DEBUG Engine               - class com.almasb.fxgl.app.services.UpdaterService
11:56:13.253 [JavaFX Application Thread] DEBUG Menu                 - fireNewGame()
11:56:13.253 [JavaFX Application Thread] DEBUG WindowService        - Starting new game
11:56:13.254 [JavaFX Application Thread] DEBUG Input                - Clearing active input actions
11:56:13.275 [JavaFX Application Thread] DEBUG WindowService        - Removing overlay from FXGLDefaultMenu and adding to FXGLLoadingScene
11:56:13.276 [JavaFX Application Thread] DEBUG MainWindow           - FXGLDefaultMenu -> FXGLLoadingScene
11:56:13.276 [JavaFX Application Thread] DEBUG WindowService        - Clearing previous game
11:56:13.276 [JavaFX Application Thread] DEBUG GameScene            - Clearing game scene
11:56:13.276 [JavaFX Application Thread] DEBUG GameWorld            - Clearing game world
11:56:13.277 [JavaFX Application Thread] DEBUG PhysicsWorld         - Clearing physics world
11:56:13.281 [FXGL Background Thread 1 ] DEBUG GameApplication      - Initializing game
11:56:13.395 [FXGL Background Thread 1 ] DEBUG AssetLoaderService   - Loading from file system: /assets/textures/road_with_patches.png
11:56:13.419 [FXGL Background Thread 1 ] DEBUG AssetLoaderService   - Loading from cache: /assets/textures/road_with_patches.png
11:56:13.420 [FXGL Background Thread 1 ] DEBUG AssetLoaderService   - Loading from file system: /assets/textures/Car_Audi_Sport_Quattro_86x145.png
11:56:13.453 [FXGL Background Thread 1 ] DEBUG AssetLoaderService   - Loading from file system: /assets/ui/moosegame_ui.fxml
11:56:13.632 [FXGL Background Thread 1 ] INFO  GameApplication      - Game initialization took: 0.351 sec
11:56:13.637 [JavaFX Application Thread] DEBUG Input                - Clearing active input actions
11:56:13.648 [JavaFX Application Thread] DEBUG WindowService        - Removing overlay from FXGLLoadingScene and adding to GameScene
11:56:13.649 [JavaFX Application Thread] DEBUG MainWindow           - FXGLLoadingScene -> GameScene
11:56:18.052 [JavaFX Application Thread] DEBUG AssetLoaderService   - Loading from file system: /assets/textures/potHole.png
11:56:22.899 [JavaFX Application Thread] DEBUG AssetLoaderService   - Loading from file system: /assets/textures/mooseWalkAnimation.png
11:56:22.921 [JavaFX Application Thread] DEBUG AssetLoaderService   - Loading from cache: /assets/textures/mooseWalkAnimation.png
11:56:22.931 [JavaFX Application Thread] DEBUG AssetLoaderService   - Loading from cache: /assets/textures/potHole.png
11:56:28.132 [JavaFX Application Thread] DEBUG AssetLoaderService   - Loading from file system: /assets/textures/gasTank.PNG
11:56:28.147 [JavaFX Application Thread] DEBUG AssetLoaderService   - Loading from cache: /assets/textures/potHole.png
11:56:33.074 [JavaFX Application Thread] DEBUG AssetLoaderService   - Loading from cache: /assets/textures/mooseWalkAnimation.png
11:56:33.075 [JavaFX Application Thread] DEBUG AssetLoaderService   - Loading from cache: /assets/textures/mooseWalkAnimation.png
11:56:33.136 [JavaFX Application Thread] DEBUG AssetLoaderService   - Loading from cache: /assets/textures/potHole.png
11:56:38.051 [JavaFX Application Thread] DEBUG AssetLoaderService   - Loading from cache: /assets/textures/potHole.png
11:56:42.915 [JavaFX Application Thread] DEBUG AssetLoaderService   - Loading from cache: /assets/textures/mooseWalkAnimation.png
11:56:42.917 [JavaFX Application Thread] DEBUG AssetLoaderService   - Loading from cache: /assets/textures/mooseWalkAnimation.png
11:56:42.919 [JavaFX Application Thread] DEBUG AssetLoaderService   - Loading from cache: /assets/textures/gasTank.PNG
11:56:42.963 [JavaFX Application Thread] DEBUG AssetLoaderService   - Loading from cache: /assets/textures/potHole.png
11:56:47.972 [JavaFX Application Thread] DEBUG AssetLoaderService   - Loading from cache: /assets/textures/potHole.png
11:56:52.963 [JavaFX Application Thread] DEBUG AssetLoaderService   - Loading from cache: /assets/textures/mooseWalkAnimation.png
11:56:52.964 [JavaFX Application Thread] DEBUG AssetLoaderService   - Loading from cache: /assets/textures/mooseWalkAnimation.png
11:56:52.995 [JavaFX Application Thread] DEBUG AssetLoaderService   - Loading from cache: /assets/textures/potHole.png
11:56:57.795 [JavaFX Application Thread] DEBUG AssetLoaderService   - Loading from cache: /assets/textures/gasTank.PNG
11:56:57.843 [JavaFX Application Thread] DEBUG AssetLoaderService   - Loading from cache: /assets/textures/potHole.png
11:57:02.706 [JavaFX Application Thread] DEBUG AssetLoaderService   - Loading from cache: /assets/textures/mooseWalkAnimation.png
11:57:02.708 [JavaFX Application Thread] DEBUG AssetLoaderService   - Loading from cache: /assets/textures/mooseWalkAnimation.png
11:57:02.770 [JavaFX Application Thread] DEBUG AssetLoaderService   - Loading from cache: /assets/textures/potHole.png
11:57:05.269 [JavaFX Application Thread] DEBUG MainWindow           - Push state: DialogSubScene
11:57:05.269 [JavaFX Application Thread] DEBUG Input                - Clearing active input actions
11:57:05.273 [JavaFX Application Thread] DEBUG WindowService        - Removing overlay from GameScene and adding to DialogSubScene
11:57:05.273 [JavaFX Application Thread] DEBUG MainWindow           - GameScene -> DialogSubScene
11:57:07.138 [JavaFX Application Thread] DEBUG MainWindow           - Pop state: DialogSubScene
11:57:07.139 [JavaFX Application Thread] DEBUG Input                - Clearing active input actions
11:57:07.139 [JavaFX Application Thread] DEBUG WindowService        - Removing overlay from DialogSubScene and adding to GameScene
11:57:07.140 [JavaFX Application Thread] DEBUG MainWindow           - GameScene <- DialogSubScene
11:57:07.140 [JavaFX Application Thread] DEBUG GameApplication      - Exiting FXGL
11:57:07.140 [JavaFX Application Thread] DEBUG LoopRunner           - Stopping loop
11:57:07.140 [JavaFX Application Thread] DEBUG SystemBundleService  - Saving FXGL system data
11:57:07.143 [JavaFX Application Thread] DEBUG FileSystemAccess     - Writing to: C:\Users\User\Documents\GitHub\JavaMooseGame\system\fxgl.bundle
11:57:07.146 [JavaFX Application Thread] DEBUG GameApplication      - Shutting down background threads
11:57:07.146 [JavaFX Application Thread] DEBUG GameApplication      - Closing logger and exiting JavaFX
