13:37:15.748 [main                     ] DEBUG GameApplication      - Logger initialized
13:37:15.752 [main                     ] DEBUG GameApplication      - Logging settings
Title: MooseGame
Version: 0.1
Width: 600
Height: 900
Fullscreen: false
Intro: false
Menus: false
Profiling: false
Single step:false
App Mode: DEVELOPER
Menu Key: ESCAPE
Stage Style: DECORATED
Scene Factory: class com.almasb.fxgl.app.scene.SceneFactory

13:37:16.061 [JavaFX Application Thread] DEBUG GameApplication      - Initializing FXGL
13:37:16.068 [JavaFX Application Thread] INFO  Engine               - FXGL-11.8 (08.03.2020 09.09) on WINDOWS (J:14.0.1 FX:13.0.2)
13:37:16.068 [JavaFX Application Thread] INFO  Engine               - Source code and latest versions at: https://github.com/AlmasB/FXGL
13:37:16.068 [JavaFX Application Thread] INFO  Engine               -              Join the FXGL chat at: https://gitter.im/AlmasB/FXGL
13:37:16.176 [JavaFX Application Thread] DEBUG MainWindow           - Creating a JavaFX scene
13:37:16.217 [JavaFX Application Thread] DEBUG MainWindow           - Target settings size: 600.0 x 900.0
13:37:16.217 [JavaFX Application Thread] DEBUG MainWindow           - Scaled scene size:    600.0 x 900.0
13:37:16.217 [JavaFX Application Thread] DEBUG MainWindow           - Scaled ratio: (1.0, 1.0)
13:37:16.219 [JavaFX Application Thread] DEBUG MainWindow           - Set initial scene to FXGLStartupScene
13:37:16.226 [JavaFX Application Thread] DEBUG MainWindow           - Opening main window
13:37:16.304 [JavaFX Application Thread] DEBUG MainWindow           - Window border size: (16.0, 39.0)
13:37:16.305 [JavaFX Application Thread] DEBUG MainWindow           - Scaled size: 600.0 x 900.0
13:37:16.305 [JavaFX Application Thread] DEBUG MainWindow           - Scaled ratio: (1.0, 1.0)
13:37:16.305 [JavaFX Application Thread] DEBUG MainWindow           - Scene size: 600.0 x 900.0
13:37:16.305 [JavaFX Application Thread] DEBUG MainWindow           - Stage size: 616.0 x 939.0
13:37:16.311 [FXGL Background Thread 1 ] DEBUG Engine               - Initializing environment variables
13:37:16.340 [FXGL Background Thread 1 ] DEBUG WindowService        - Applying CSS: fxgl_dark.css
13:37:16.340 [FXGL Background Thread 1 ] DEBUG AssetLoaderService   - Loading from file system: /assets/ui/css/fxgl_dark.css
13:37:16.374 [FXGL Background Thread 1 ] DEBUG WindowService        - Initializing application scenes
13:37:16.402 [FXGL Background Thread 1 ] DEBUG GameWorld            - Game world initialized
13:37:16.434 [FXGL Background Thread 1 ] DEBUG PhysicsWorld         - Physics world initialized: appHeight=900, physics.ppm=50.0
13:37:16.436 [FXGL Background Thread 1 ] DEBUG GameScene            - Game scene initialized: 600x900
13:37:16.441 [FXGL Background Thread 1 ] DEBUG Input                - Registered new binding: Resume - Esc
13:37:16.445 [FXGL Background Thread 1 ] DEBUG AssetLoaderService   - Loading from file system: /assets/textures/pause_menu_bg.png
13:37:16.486 [FXGL Background Thread 1 ] DEBUG Input                - Registered new binding: Pause - Esc
13:37:16.487 [FXGL Background Thread 1 ] DEBUG WindowService        - Application scenes initialized
13:37:16.496 [FXGL Background Thread 1 ] DEBUG SystemBundleService  - Loading FXGL system data
13:37:16.499 [FXGL Background Thread 1 ] DEBUG FileSystemAccess     - Reading from: C:\Users\micha\Desktop\JavaMooseGame\system\fxgl.bundle
13:37:16.504 [FXGL Background Thread 1 ] DEBUG SystemBundleService  - Bundle FXGL: {}
13:37:16.504 [FXGL Background Thread 1 ] INFO  Engine               - FXGL initialization took: 0.191 sec
13:37:16.505 [FXGL Background Thread 1 ] DEBUG GameApplication      - Loading localizations
13:37:16.505 [FXGL Background Thread 1 ] DEBUG AssetLoaderService   - Loading from file system: /assets/properties/languages/english.properties
13:37:16.507 [FXGL Background Thread 1 ] DEBUG AssetLoaderService   - Loading from file system: /assets/properties/languages/french.properties
13:37:16.508 [FXGL Background Thread 1 ] DEBUG AssetLoaderService   - Loading from file system: /assets/properties/languages/german.properties
13:37:16.509 [FXGL Background Thread 1 ] DEBUG AssetLoaderService   - Loading from file system: /assets/properties/languages/hungarian.properties
13:37:16.510 [FXGL Background Thread 1 ] DEBUG AssetLoaderService   - Loading from file system: /assets/properties/languages/russian.properties
13:37:16.511 [FXGL Background Thread 1 ] DEBUG GameApplication      - Registering font factories with UI factory
13:37:16.511 [FXGL Background Thread 1 ] DEBUG AssetLoaderService   - Loading from file system: /assets/ui/fonts/VarelaRound-Regular.ttf
13:37:16.553 [FXGL Background Thread 1 ] DEBUG AssetLoaderService   - Loading from file system: /assets/ui/fonts/Abel-Regular.ttf
13:37:16.562 [FXGL Background Thread 1 ] DEBUG AssetLoaderService   - Loading from file system: /assets/ui/fonts/lucida_console.ttf
13:37:16.572 [FXGL Background Thread 1 ] DEBUG AssetLoaderService   - Loading from file system: /assets/ui/fonts/Courier-Prime.ttf
13:37:16.582 [JavaFX Application Thread] DEBUG Input                - Registered new binding: action0 - A
13:37:16.582 [JavaFX Application Thread] DEBUG Input                - Registered new binding: action1 - S
13:37:16.582 [JavaFX Application Thread] DEBUG Input                - Registered new binding: action2 - D
13:37:16.582 [JavaFX Application Thread] DEBUG Input                - Registered new binding: action3 - W
13:37:16.582 [JavaFX Application Thread] DEBUG Input                - Registered new binding: action4 - Left
13:37:16.583 [JavaFX Application Thread] DEBUG Input                - Registered new binding: action5 - Down
13:37:16.583 [JavaFX Application Thread] DEBUG Input                - Registered new binding: action6 - Right
13:37:16.583 [JavaFX Application Thread] DEBUG Input                - Registered new binding: action7 - Up
13:37:16.583 [JavaFX Application Thread] DEBUG AssetLoaderService   - Loading from file system: /assets/textures/fxgl_icon.png
13:37:16.605 [JavaFX Application Thread] DEBUG AssetLoaderService   - Loading from file system: /assets/ui/cursors/fxgl_default.png
13:37:16.607 [JavaFX Application Thread] DEBUG Input                - Registered new binding: Screenshot - P
13:37:16.607 [JavaFX Application Thread] DEBUG Input                - Registered new binding: System info dump - CTRL+9
13:37:16.607 [JavaFX Application Thread] DEBUG Input                - Registered new binding: Restart - CTRL+R
13:37:16.608 [JavaFX Application Thread] DEBUG LoopRunner           - Starting loop
13:37:16.627 [JavaFX Application Thread] DEBUG FXGLStartupScene     - STARTUP
13:37:16.627 [JavaFX Application Thread] DEBUG WindowService        - Starting new game
13:37:16.629 [JavaFX Application Thread] DEBUG Input                - Clearing active input actions
13:37:16.638 [JavaFX Application Thread] DEBUG WindowService        - Removing overlay from FXGLStartupScene and adding to FXGLLoadingScene
13:37:16.638 [JavaFX Application Thread] DEBUG MainWindow           - FXGLStartupScene -> FXGLLoadingScene
13:37:16.638 [JavaFX Application Thread] DEBUG WindowService        - Clearing previous game
13:37:16.638 [JavaFX Application Thread] DEBUG GameScene            - Clearing game scene
13:37:16.638 [JavaFX Application Thread] DEBUG GameWorld            - Clearing game world
13:37:16.638 [JavaFX Application Thread] DEBUG PhysicsWorld         - Clearing physics world
13:37:16.639 [FXGL Background Thread 1 ] DEBUG GameApplication      - Initializing game
13:37:16.645 [FXGL Background Thread 1 ] DEBUG AssetLoaderService   - Loading from file system: /assets/textures/road_with_patches.png
13:37:16.658 [FXGL Background Thread 1 ] DEBUG AssetLoaderService   - Loading from file system: /assets/textures/Car_Audi_Sport_Quattro_86x145.png
13:37:16.670 [FXGL Background Thread 1 ] INFO  GameApplication      - Game initialization took: 0.031 sec
13:37:16.671 [JavaFX Application Thread] DEBUG Input                - Clearing active input actions
13:37:16.677 [JavaFX Application Thread] DEBUG WindowService        - Removing overlay from FXGLLoadingScene and adding to GameScene
13:37:16.677 [JavaFX Application Thread] DEBUG MainWindow           - FXGLLoadingScene -> GameScene
13:37:18.592 [JavaFX Application Thread] DEBUG AssetLoaderService   - Loading from file system: /assets/textures/potHole.png
13:37:19.506 [FXGL Background Thread 2 ] DEBUG Engine               - Logging environment variables
13:37:19.506 [FXGL Background Thread 2 ] DEBUG Engine               - achievements: []
13:37:19.506 [FXGL Background Thread 2 ] DEBUG Engine               - language: ObjectProperty [value: ENGLISH]
13:37:19.506 [FXGL Background Thread 2 ] DEBUG Engine               - isCloseConfirmation: false
13:37:19.506 [FXGL Background Thread 2 ] DEBUG Engine               - isProfilingEnabled: false
13:37:19.506 [FXGL Background Thread 2 ] DEBUG Engine               - soundNotification: core/notification.wav
13:37:19.506 [FXGL Background Thread 2 ] DEBUG Engine               - devShowBBoxProperty: BooleanProperty [value: false]
13:37:19.506 [FXGL Background Thread 2 ] DEBUG Engine               - pixelsPerMeter: 50.0
13:37:19.506 [FXGL Background Thread 2 ] DEBUG Engine               - appIcon: fxgl_icon.png
13:37:19.506 [FXGL Background Thread 2 ] DEBUG Engine               - soundMenuBack: menu/back.wav
13:37:19.506 [FXGL Background Thread 2 ] DEBUG Engine               - isFullScreenAllowed: false
13:37:19.506 [FXGL Background Thread 2 ] DEBUG Engine               - isIntroEnabled: false
13:37:19.507 [FXGL Background Thread 2 ] DEBUG Engine               - fontMono: lucida_console.ttf
13:37:19.507 [FXGL Background Thread 2 ] DEBUG Engine               - soundMenuSelect: menu/select.wav
13:37:19.507 [FXGL Background Thread 2 ] DEBUG Engine               - isWindows: true
13:37:19.507 [FXGL Background Thread 2 ] DEBUG Engine               - isMobile: false
13:37:19.507 [FXGL Background Thread 2 ] DEBUG Engine               - isUserProfileEnabled: false
13:37:19.507 [FXGL Background Thread 2 ] DEBUG Engine               - height: 900
13:37:19.507 [FXGL Background Thread 2 ] DEBUG Engine               - isExperimentalNative: false
13:37:19.507 [FXGL Background Thread 2 ] DEBUG Engine               - settings: Title: MooseGame
Version: 0.1
Width: 600
Height: 900
Fullscreen: false
Intro: false
Menus: false
Profiling: false
Single step:false
App Mode: DEVELOPER
Menu Key: ESCAPE
Stage Style: DECORATED
Scene Factory: class com.almasb.fxgl.app.scene.SceneFactory

13:37:19.507 [FXGL Background Thread 2 ] DEBUG Engine               - isSingleStep: false
13:37:19.507 [FXGL Background Thread 2 ] DEBUG Engine               - cSSList: [fxgl_dark.css]
13:37:19.507 [FXGL Background Thread 2 ] DEBUG Engine               - fontGame: Abel-Regular.ttf
13:37:19.507 [FXGL Background Thread 2 ] DEBUG Engine               - menuKey: ESCAPE
13:37:19.507 [FXGL Background Thread 2 ] DEBUG Engine               - devShowPositionProperty: BooleanProperty [value: false]
13:37:19.507 [FXGL Background Thread 2 ] DEBUG Engine               - versionCheckDays: 7
13:37:19.507 [FXGL Background Thread 2 ] DEBUG Engine               - configClass: Optional.empty
13:37:19.507 [FXGL Background Thread 2 ] DEBUG Engine               - isFullScreenFromStart: false
13:37:19.507 [FXGL Background Thread 2 ] DEBUG Engine               - version: 0.1
13:37:19.507 [FXGL Background Thread 2 ] DEBUG Engine               - fullScreen: BooleanProperty [value: false]
13:37:19.508 [FXGL Background Thread 2 ] DEBUG Engine               - randomSeed: -1
13:37:19.508 [FXGL Background Thread 2 ] DEBUG Engine               - gameDifficultyProperty: ObjectProperty [value: MEDIUM]
13:37:19.508 [FXGL Background Thread 2 ] DEBUG Engine               - applicationMode: DEVELOPER
13:37:19.508 [FXGL Background Thread 2 ] DEBUG Engine               - isMac: false
13:37:19.508 [FXGL Background Thread 2 ] DEBUG Engine               - isMenuEnabled: false
13:37:19.508 [FXGL Background Thread 2 ] DEBUG Engine               - urlPOM: https://raw.githubusercontent.com/AlmasB/FXGL/master/pom.xml
13:37:19.508 [FXGL Background Thread 2 ] DEBUG Engine               - profileName: StringProperty [value: DEFAULT]
13:37:19.508 [FXGL Background Thread 2 ] DEBUG Engine               - notificationViewClass: class com.almasb.fxgl.notification.view.XboxNotificationView
13:37:19.508 [FXGL Background Thread 2 ] DEBUG Engine               - devSensorColorProperty: ObjectProperty [value: 0xffff00ff]
13:37:19.508 [FXGL Background Thread 2 ] DEBUG Engine               - sceneFactory: com.almasb.fxgl.app.scene.SceneFactory@11ad1dfc
13:37:19.508 [FXGL Background Thread 2 ] DEBUG Engine               - stageStyle: DECORATED
13:37:19.508 [FXGL Background Thread 2 ] DEBUG Engine               - isManualResizeEnabled: false
13:37:19.508 [FXGL Background Thread 2 ] DEBUG Engine               - title: MooseGame
13:37:19.508 [FXGL Background Thread 2 ] DEBUG Engine               - platform: WINDOWS
13:37:19.508 [FXGL Background Thread 2 ] DEBUG Engine               - devBBoxColorProperty: ObjectProperty [value: 0xff0000ff]
13:37:19.508 [FXGL Background Thread 2 ] DEBUG Engine               - gameDifficulty: MEDIUM
13:37:19.508 [FXGL Background Thread 2 ] DEBUG Engine               - isDesktop: true
13:37:19.508 [FXGL Background Thread 2 ] DEBUG Engine               - supportedLanguages: [ENGLISH, FRENCH, GERMAN, HUNGARIAN, RUSSIAN]
13:37:19.509 [FXGL Background Thread 2 ] DEBUG Engine               - credits: []
13:37:19.509 [FXGL Background Thread 2 ] DEBUG Engine               - globalMusicVolumeProperty: DoubleProperty [value: 0.5]
13:37:19.509 [FXGL Background Thread 2 ] DEBUG Engine               - isPreserveResizeRatio: false
13:37:19.509 [FXGL Background Thread 2 ] DEBUG Engine               - fontText: Courier-Prime.ttf
13:37:19.509 [FXGL Background Thread 2 ] DEBUG Engine               - isExperimentalTiledLargeMap: false
13:37:19.509 [FXGL Background Thread 2 ] DEBUG Engine               - secondsIn24h: 60
13:37:19.509 [FXGL Background Thread 2 ] DEBUG Engine               - runtimeInfo: RuntimeInfo(platform=WINDOWS, version=11.8, build=08.03.2020 09.09)
13:37:19.509 [FXGL Background Thread 2 ] DEBUG Engine               - isLinux: false
13:37:19.509 [FXGL Background Thread 2 ] DEBUG Engine               - soundMenuPress: menu/press.wav
13:37:19.509 [FXGL Background Thread 2 ] DEBUG Engine               - urlGithub: https://github.com/AlmasB/FXGL
13:37:19.509 [FXGL Background Thread 2 ] DEBUG Engine               - profileDir: profiles/
13:37:19.509 [FXGL Background Thread 2 ] DEBUG Engine               - isDeveloperMenuEnabled: false
13:37:19.509 [FXGL Background Thread 2 ] DEBUG Engine               - globalSoundVolumeProperty: DoubleProperty [value: 0.5]
13:37:19.509 [FXGL Background Thread 2 ] DEBUG Engine               - mainWindow: com.almasb.fxgl.app.MainWindow@15928b11
13:37:19.509 [FXGL Background Thread 2 ] DEBUG Engine               - isBrowser: false
13:37:19.509 [FXGL Background Thread 2 ] DEBUG Engine               - globalSoundVolume: 0.5
13:37:19.509 [FXGL Background Thread 2 ] DEBUG Engine               - urlLeaderboard: http://fxgl-top.herokuapp.com/
13:37:19.509 [FXGL Background Thread 2 ] DEBUG Engine               - engineServices: [class com.almasb.fxgl.app.GameApplication$GameApplicationService, class com.almasb.fxgl.app.services.WindowService, class com.almasb.fxgl.app.services.FXGLDialogService, class com.almasb.fxgl.app.services.IOTaskExecutorService, class com.almasb.fxgl.event.EventBusService, class com.almasb.fxgl.io.FileSystemService, class com.almasb.fxgl.localization.LocalizationService, class com.almasb.fxgl.app.services.AssetLoaderService, class com.almasb.fxgl.app.services.SystemBundleService, class com.almasb.fxgl.profile.SaveLoadService, class com.almasb.fxgl.ui.FXGLUIFactoryServiceProvider, class com.almasb.fxgl.ui.FXGLDialogFactoryServiceProvider, class com.almasb.fxgl.audio.AudioPlayer, class com.almasb.fxgl.notification.impl.NotificationServiceProvider, class com.almasb.fxgl.achievement.AchievementService, class com.almasb.fxgl.cutscene.CutsceneService, class com.almasb.fxgl.minigames.MiniGameService, class com.almasb.fxgl.net.NetService, class com.almasb.fxgl.app.services.UpdaterService]
13:37:19.510 [FXGL Background Thread 2 ] DEBUG Engine               - globalMusicVolume: 0.5
13:37:19.510 [FXGL Background Thread 2 ] DEBUG Engine               - width: 600
13:37:19.510 [FXGL Background Thread 2 ] DEBUG Engine               - saveFileExt: sav
13:37:19.510 [FXGL Background Thread 2 ] DEBUG Engine               - isAndroid: false
13:37:19.510 [FXGL Background Thread 2 ] DEBUG Engine               - fontUI: VarelaRound-Regular.ttf
13:37:19.510 [FXGL Background Thread 2 ] DEBUG Engine               - enabledMenuItems: []
13:37:19.510 [FXGL Background Thread 2 ] DEBUG Engine               - isIOS: false
13:37:19.510 [FXGL Background Thread 2 ] DEBUG Engine               - Logging services
13:37:19.510 [FXGL Background Thread 2 ] DEBUG Engine               - class com.almasb.fxgl.app.GameApplication$GameApplicationService
13:37:19.510 [FXGL Background Thread 2 ] DEBUG Engine               - class com.almasb.fxgl.app.services.WindowService
13:37:19.510 [FXGL Background Thread 2 ] DEBUG Engine               - class com.almasb.fxgl.app.services.FXGLDialogService
13:37:19.510 [FXGL Background Thread 2 ] DEBUG Engine               - class com.almasb.fxgl.app.services.IOTaskExecutorService
13:37:19.510 [FXGL Background Thread 2 ] DEBUG Engine               - class com.almasb.fxgl.event.EventBusService
13:37:19.510 [FXGL Background Thread 2 ] DEBUG Engine               - class com.almasb.fxgl.io.FileSystemService
13:37:19.510 [FXGL Background Thread 2 ] DEBUG Engine               - class com.almasb.fxgl.localization.LocalizationService
13:37:19.510 [FXGL Background Thread 2 ] DEBUG Engine               - class com.almasb.fxgl.app.services.AssetLoaderService
13:37:19.510 [FXGL Background Thread 2 ] DEBUG Engine               - class com.almasb.fxgl.app.services.SystemBundleService
13:37:19.510 [FXGL Background Thread 2 ] DEBUG Engine               - class com.almasb.fxgl.profile.SaveLoadService
13:37:19.510 [FXGL Background Thread 2 ] DEBUG Engine               - class com.almasb.fxgl.ui.FXGLUIFactoryServiceProvider
13:37:19.510 [FXGL Background Thread 2 ] DEBUG Engine               - class com.almasb.fxgl.ui.FXGLDialogFactoryServiceProvider
13:37:19.510 [FXGL Background Thread 2 ] DEBUG Engine               - class com.almasb.fxgl.audio.AudioPlayer
13:37:19.511 [FXGL Background Thread 2 ] DEBUG Engine               - class com.almasb.fxgl.notification.impl.NotificationServiceProvider
13:37:19.511 [FXGL Background Thread 2 ] DEBUG Engine               - class com.almasb.fxgl.achievement.AchievementService
13:37:19.511 [FXGL Background Thread 2 ] DEBUG Engine               - class com.almasb.fxgl.cutscene.CutsceneService
13:37:19.511 [FXGL Background Thread 2 ] DEBUG Engine               - class com.almasb.fxgl.minigames.MiniGameService
13:37:19.511 [FXGL Background Thread 2 ] DEBUG Engine               - class com.almasb.fxgl.net.NetService
13:37:19.511 [FXGL Background Thread 2 ] DEBUG Engine               - class com.almasb.fxgl.app.services.UpdaterService
13:37:20.512 [JavaFX Application Thread] DEBUG AssetLoaderService   - Loading from cache: /assets/textures/potHole.png
13:37:21.344 [JavaFX Application Thread] DEBUG AssetLoaderService   - Loading from cache: /assets/textures/potHole.png
13:37:22.188 [JavaFX Application Thread] DEBUG AssetLoaderService   - Loading from cache: /assets/textures/potHole.png
13:37:23.022 [JavaFX Application Thread] DEBUG AssetLoaderService   - Loading from cache: /assets/textures/potHole.png
13:37:23.855 [JavaFX Application Thread] DEBUG AssetLoaderService   - Loading from cache: /assets/textures/potHole.png
13:37:24.688 [JavaFX Application Thread] DEBUG AssetLoaderService   - Loading from cache: /assets/textures/potHole.png
13:37:25.520 [JavaFX Application Thread] DEBUG AssetLoaderService   - Loading from cache: /assets/textures/potHole.png
13:37:26.361 [JavaFX Application Thread] DEBUG AssetLoaderService   - Loading from cache: /assets/textures/potHole.png
13:37:27.200 [JavaFX Application Thread] DEBUG AssetLoaderService   - Loading from cache: /assets/textures/potHole.png
13:37:28.041 [JavaFX Application Thread] DEBUG AssetLoaderService   - Loading from cache: /assets/textures/potHole.png
13:37:28.879 [JavaFX Application Thread] DEBUG AssetLoaderService   - Loading from cache: /assets/textures/potHole.png
13:37:29.722 [JavaFX Application Thread] DEBUG AssetLoaderService   - Loading from cache: /assets/textures/potHole.png
13:37:30.560 [JavaFX Application Thread] DEBUG AssetLoaderService   - Loading from cache: /assets/textures/potHole.png
13:37:31.402 [JavaFX Application Thread] DEBUG AssetLoaderService   - Loading from cache: /assets/textures/potHole.png
13:37:32.240 [JavaFX Application Thread] DEBUG AssetLoaderService   - Loading from cache: /assets/textures/potHole.png
13:37:33.084 [JavaFX Application Thread] DEBUG AssetLoaderService   - Loading from cache: /assets/textures/potHole.png
13:37:33.920 [JavaFX Application Thread] DEBUG AssetLoaderService   - Loading from cache: /assets/textures/potHole.png
13:37:34.764 [JavaFX Application Thread] DEBUG AssetLoaderService   - Loading from cache: /assets/textures/potHole.png
13:37:35.632 [JavaFX Application Thread] DEBUG AssetLoaderService   - Loading from cache: /assets/textures/potHole.png
13:37:36.472 [JavaFX Application Thread] DEBUG AssetLoaderService   - Loading from cache: /assets/textures/potHole.png
13:37:37.312 [JavaFX Application Thread] DEBUG AssetLoaderService   - Loading from cache: /assets/textures/potHole.png
13:37:38.153 [JavaFX Application Thread] DEBUG AssetLoaderService   - Loading from cache: /assets/textures/potHole.png
13:37:38.992 [JavaFX Application Thread] DEBUG AssetLoaderService   - Loading from cache: /assets/textures/potHole.png
13:37:39.833 [JavaFX Application Thread] DEBUG AssetLoaderService   - Loading from cache: /assets/textures/potHole.png
13:37:40.671 [JavaFX Application Thread] DEBUG AssetLoaderService   - Loading from cache: /assets/textures/potHole.png
13:37:41.513 [JavaFX Application Thread] DEBUG AssetLoaderService   - Loading from cache: /assets/textures/potHole.png
13:37:42.352 [JavaFX Application Thread] DEBUG AssetLoaderService   - Loading from cache: /assets/textures/potHole.png
13:37:43.194 [JavaFX Application Thread] DEBUG AssetLoaderService   - Loading from cache: /assets/textures/potHole.png
13:37:44.031 [JavaFX Application Thread] DEBUG AssetLoaderService   - Loading from cache: /assets/textures/potHole.png
13:37:44.875 [JavaFX Application Thread] DEBUG AssetLoaderService   - Loading from cache: /assets/textures/potHole.png
13:37:45.711 [JavaFX Application Thread] DEBUG AssetLoaderService   - Loading from cache: /assets/textures/potHole.png
13:37:46.556 [JavaFX Application Thread] DEBUG AssetLoaderService   - Loading from cache: /assets/textures/potHole.png
13:37:46.779 [JavaFX Application Thread] DEBUG GameApplication      - Exiting FXGL
13:37:46.779 [JavaFX Application Thread] DEBUG LoopRunner           - Stopping loop
13:37:46.779 [JavaFX Application Thread] DEBUG SystemBundleService  - Saving FXGL system data
13:37:46.781 [JavaFX Application Thread] DEBUG FileSystemAccess     - Writing to: C:\Users\micha\Desktop\JavaMooseGame\system\fxgl.bundle
13:37:46.782 [JavaFX Application Thread] DEBUG GameApplication      - Shutting down background threads
13:37:46.782 [JavaFX Application Thread] DEBUG GameApplication      - Closing logger and exiting JavaFX
