21:05:11.544 [main                     ] DEBUG GameApplication      - Logger initialized
21:05:11.548 [main                     ] DEBUG GameApplication      - Logging settings
Title: MooseGame
Version: 0.2
Width: 600
Height: 900
Fullscreen: false
Intro: false
Menus: true
Profiling: false
Single step:false
App Mode: DEVELOPER
Menu Key: ESCAPE
Stage Style: DECORATED
Scene Factory: class com.almasb.fxgl.app.scene.SceneFactory

21:05:11.852 [JavaFX Application Thread] DEBUG GameApplication      - Initializing FXGL
21:05:11.859 [JavaFX Application Thread] INFO  Engine               - FXGL-11.8 (08.03.2020 09.09) on WINDOWS (J:14.0.1 FX:13.0.2)
21:05:11.859 [JavaFX Application Thread] INFO  Engine               - Source code and latest versions at: https://github.com/AlmasB/FXGL
21:05:11.859 [JavaFX Application Thread] INFO  Engine               -              Join the FXGL chat at: https://gitter.im/AlmasB/FXGL
21:05:11.956 [JavaFX Application Thread] DEBUG MainWindow           - Creating a JavaFX scene
21:05:11.996 [JavaFX Application Thread] DEBUG MainWindow           - Target settings size: 600.0 x 900.0
21:05:11.996 [JavaFX Application Thread] DEBUG MainWindow           - Scaled scene size:    600.0 x 900.0
21:05:11.996 [JavaFX Application Thread] DEBUG MainWindow           - Scaled ratio: (1.0, 1.0)
21:05:11.998 [JavaFX Application Thread] DEBUG MainWindow           - Set initial scene to FXGLStartupScene
21:05:12.003 [JavaFX Application Thread] DEBUG MainWindow           - Opening main window
21:05:12.072 [JavaFX Application Thread] DEBUG MainWindow           - Window border size: (16.0, 39.0)
21:05:12.072 [JavaFX Application Thread] DEBUG MainWindow           - Scaled size: 600.0 x 900.0
21:05:12.072 [JavaFX Application Thread] DEBUG MainWindow           - Scaled ratio: (1.0, 1.0)
21:05:12.073 [JavaFX Application Thread] DEBUG MainWindow           - Scene size: 600.0 x 900.0
21:05:12.073 [JavaFX Application Thread] DEBUG MainWindow           - Stage size: 616.0 x 939.0
21:05:12.079 [FXGL Background Thread 1 ] DEBUG Engine               - Initializing environment variables
21:05:12.104 [FXGL Background Thread 1 ] DEBUG WindowService        - Applying CSS: fxgl_dark.css
21:05:12.105 [FXGL Background Thread 1 ] DEBUG AssetLoaderService   - Loading from file system: /assets/ui/css/fxgl_dark.css
21:05:12.139 [FXGL Background Thread 1 ] DEBUG WindowService        - Initializing application scenes
21:05:12.167 [FXGL Background Thread 1 ] DEBUG GameWorld            - Game world initialized
21:05:12.195 [FXGL Background Thread 1 ] DEBUG PhysicsWorld         - Physics world initialized: appHeight=900, physics.ppm=50.0
21:05:12.197 [FXGL Background Thread 1 ] DEBUG GameScene            - Game scene initialized: 600x900
21:05:12.217 [FXGL Background Thread 1 ] DEBUG AssetLoaderService   - Loading from file system: /assets/textures/particles/trace_horizontal.png
21:05:12.259 [FXGL Background Thread 1 ] WARN  FXGL.DefaultMenu     - FXGLDefaultMenu is not designed for resolutions < 800x600
21:05:12.259 [FXGL Background Thread 1 ] DEBUG FXGL.DefaultMenu     - createMenuBodyMainMenu()
21:05:12.271 [FXGL Background Thread 1 ] DEBUG FXGL.DefaultMenu     - createOptionsMenu()
21:05:12.274 [FXGL Background Thread 1 ] DEBUG AssetLoaderService   - Loading from file system: /assets/textures/particles/smoke.png
21:05:12.323 [FXGL Background Thread 1 ] DEBUG AssetLoaderService   - Loading from cache: /assets/textures/particles/trace_horizontal.png@64.0x64.0
21:05:12.324 [FXGL Background Thread 1 ] WARN  FXGL.DefaultMenu     - FXGLDefaultMenu is not designed for resolutions < 800x600
21:05:12.324 [FXGL Background Thread 1 ] DEBUG FXGL.DefaultMenu     - createMenuBodyGameMenu()
21:05:12.325 [FXGL Background Thread 1 ] DEBUG FXGL.DefaultMenu     - createOptionsMenu()
21:05:12.326 [FXGL Background Thread 1 ] DEBUG AssetLoaderService   - Loading from cache: /assets/textures/particles/smoke.png@128.0x128.0
21:05:12.337 [FXGL Background Thread 1 ] DEBUG WindowService        - Application scenes initialized
21:05:12.343 [FXGL Background Thread 1 ] DEBUG SystemBundleService  - Loading FXGL system data
21:05:12.347 [FXGL Background Thread 1 ] DEBUG FileSystemAccess     - Reading from: C:\Users\micha\Desktop\JavaMooseGame\system\fxgl.bundle
21:05:12.351 [FXGL Background Thread 1 ] DEBUG SystemBundleService  - Bundle FXGL: {}
21:05:12.351 [FXGL Background Thread 1 ] INFO  Engine               - FXGL initialization took: 0.271 sec
21:05:12.353 [FXGL Background Thread 1 ] DEBUG GameApplication      - Loading localizations
21:05:12.353 [FXGL Background Thread 1 ] DEBUG AssetLoaderService   - Loading from file system: /assets/properties/languages/english.properties
21:05:12.355 [FXGL Background Thread 1 ] DEBUG AssetLoaderService   - Loading from file system: /assets/properties/languages/french.properties
21:05:12.356 [FXGL Background Thread 1 ] DEBUG AssetLoaderService   - Loading from file system: /assets/properties/languages/german.properties
21:05:12.357 [FXGL Background Thread 1 ] DEBUG AssetLoaderService   - Loading from file system: /assets/properties/languages/hungarian.properties
21:05:12.358 [FXGL Background Thread 1 ] DEBUG AssetLoaderService   - Loading from file system: /assets/properties/languages/russian.properties
21:05:12.359 [FXGL Background Thread 1 ] DEBUG GameApplication      - Registering font factories with UI factory
21:05:12.359 [FXGL Background Thread 1 ] DEBUG AssetLoaderService   - Loading from file system: /assets/ui/fonts/VarelaRound-Regular.ttf
21:05:12.399 [FXGL Background Thread 1 ] DEBUG AssetLoaderService   - Loading from file system: /assets/ui/fonts/Abel-Regular.ttf
21:05:12.407 [FXGL Background Thread 1 ] DEBUG AssetLoaderService   - Loading from file system: /assets/ui/fonts/lucida_console.ttf
21:05:12.415 [FXGL Background Thread 1 ] DEBUG AssetLoaderService   - Loading from file system: /assets/ui/fonts/Courier-Prime.ttf
21:05:12.428 [JavaFX Application Thread] DEBUG Input                - Registered new binding: action0 - A
21:05:12.428 [JavaFX Application Thread] DEBUG Input                - Registered new binding: action1 - S
21:05:12.429 [JavaFX Application Thread] DEBUG Input                - Registered new binding: action2 - D
21:05:12.429 [JavaFX Application Thread] DEBUG Input                - Registered new binding: action3 - W
21:05:12.429 [JavaFX Application Thread] DEBUG Input                - Registered new binding: action4 - Space
21:05:12.429 [JavaFX Application Thread] DEBUG Input                - Registered new binding: action5 - Left
21:05:12.430 [JavaFX Application Thread] DEBUG Input                - Registered new binding: action6 - Down
21:05:12.430 [JavaFX Application Thread] DEBUG Input                - Registered new binding: action7 - Right
21:05:12.430 [JavaFX Application Thread] DEBUG Input                - Registered new binding: action8 - Up
21:05:12.430 [JavaFX Application Thread] DEBUG AssetLoaderService   - Loading from file system: /assets/textures/fxgl_icon.png
21:05:12.445 [JavaFX Application Thread] DEBUG AssetLoaderService   - Loading from file system: /assets/ui/cursors/fxgl_default.png
21:05:12.447 [JavaFX Application Thread] DEBUG Input                - Registered new binding: Screenshot - P
21:05:12.447 [JavaFX Application Thread] DEBUG Input                - Registered new binding: System info dump - CTRL+9
21:05:12.447 [JavaFX Application Thread] DEBUG Input                - Registered new binding: Restart - CTRL+R
21:05:12.448 [JavaFX Application Thread] DEBUG LoopRunner           - Starting loop
21:05:12.467 [JavaFX Application Thread] DEBUG FXGLStartupScene     - STARTUP
21:05:12.470 [JavaFX Application Thread] DEBUG Input                - Clearing active input actions
21:05:12.487 [JavaFX Application Thread] DEBUG WindowService        - Removing overlay from FXGLStartupScene and adding to FXGLDefaultMenu
21:05:12.487 [JavaFX Application Thread] DEBUG MainWindow           - FXGLStartupScene -> FXGLDefaultMenu
21:05:13.865 [JavaFX Application Thread] DEBUG Menu                 - fireNewGame()
21:05:13.865 [JavaFX Application Thread] DEBUG WindowService        - Starting new game
21:05:13.866 [JavaFX Application Thread] DEBUG Input                - Clearing active input actions
21:05:13.873 [JavaFX Application Thread] DEBUG WindowService        - Removing overlay from FXGLDefaultMenu and adding to FXGLLoadingScene
21:05:13.873 [JavaFX Application Thread] DEBUG MainWindow           - FXGLDefaultMenu -> FXGLLoadingScene
21:05:13.873 [JavaFX Application Thread] DEBUG WindowService        - Clearing previous game
21:05:13.873 [JavaFX Application Thread] DEBUG GameScene            - Clearing game scene
21:05:13.873 [JavaFX Application Thread] DEBUG GameWorld            - Clearing game world
21:05:13.873 [JavaFX Application Thread] DEBUG PhysicsWorld         - Clearing physics world
21:05:13.875 [FXGL Background Thread 1 ] DEBUG GameApplication      - Initializing game
21:05:13.881 [FXGL Background Thread 1 ] DEBUG AssetLoaderService   - Loading from file system: /assets/textures/road_with_patches.png
21:05:13.891 [FXGL Background Thread 1 ] DEBUG AssetLoaderService   - Loading from cache: /assets/textures/road_with_patches.png
21:05:13.892 [FXGL Background Thread 1 ] DEBUG AssetLoaderService   - Loading from file system: /assets/textures/Car_Audi_Sport_Quattro_86x145.png
21:05:13.902 [FXGL Background Thread 1 ] DEBUG AssetLoaderService   - Loading from file system: /assets/ui/moosegame_ui.fxml
21:05:13.960 [FXGL Background Thread 1 ] INFO  GameApplication      - Game initialization took: 0.085 sec
21:05:13.960 [JavaFX Application Thread] DEBUG Input                - Clearing active input actions
21:05:13.965 [JavaFX Application Thread] DEBUG WindowService        - Removing overlay from FXGLLoadingScene and adding to GameScene
21:05:13.966 [JavaFX Application Thread] DEBUG MainWindow           - FXGLLoadingScene -> GameScene
21:05:15.353 [FXGL Background Thread 2 ] DEBUG Engine               - Logging environment variables
21:05:15.353 [FXGL Background Thread 2 ] DEBUG Engine               - achievements: []
21:05:15.353 [FXGL Background Thread 2 ] DEBUG Engine               - language: ObjectProperty [value: ENGLISH]
21:05:15.353 [FXGL Background Thread 2 ] DEBUG Engine               - isCloseConfirmation: false
21:05:15.353 [FXGL Background Thread 2 ] DEBUG Engine               - isProfilingEnabled: false
21:05:15.353 [FXGL Background Thread 2 ] DEBUG Engine               - soundNotification: core/notification.wav
21:05:15.353 [FXGL Background Thread 2 ] DEBUG Engine               - devShowBBoxProperty: BooleanProperty [value: false]
21:05:15.353 [FXGL Background Thread 2 ] DEBUG Engine               - pixelsPerMeter: 50.0
21:05:15.353 [FXGL Background Thread 2 ] DEBUG Engine               - appIcon: fxgl_icon.png
21:05:15.353 [FXGL Background Thread 2 ] DEBUG Engine               - soundMenuBack: menu/back.wav
21:05:15.353 [FXGL Background Thread 2 ] DEBUG Engine               - isFullScreenAllowed: false
21:05:15.353 [FXGL Background Thread 2 ] DEBUG Engine               - isIntroEnabled: false
21:05:15.354 [FXGL Background Thread 2 ] DEBUG Engine               - fontMono: lucida_console.ttf
21:05:15.354 [FXGL Background Thread 2 ] DEBUG Engine               - soundMenuSelect: menu/select.wav
21:05:15.354 [FXGL Background Thread 2 ] DEBUG Engine               - isWindows: true
21:05:15.354 [FXGL Background Thread 2 ] DEBUG Engine               - isMobile: false
21:05:15.354 [FXGL Background Thread 2 ] DEBUG Engine               - isUserProfileEnabled: false
21:05:15.354 [FXGL Background Thread 2 ] DEBUG Engine               - height: 900
21:05:15.354 [FXGL Background Thread 2 ] DEBUG Engine               - isExperimentalNative: false
21:05:15.354 [FXGL Background Thread 2 ] DEBUG Engine               - settings: Title: MooseGame
Version: 0.2
Width: 600
Height: 900
Fullscreen: false
Intro: false
Menus: true
Profiling: false
Single step:false
App Mode: DEVELOPER
Menu Key: ESCAPE
Stage Style: DECORATED
Scene Factory: class com.almasb.fxgl.app.scene.SceneFactory

21:05:15.354 [FXGL Background Thread 2 ] DEBUG Engine               - isSingleStep: false
21:05:15.354 [FXGL Background Thread 2 ] DEBUG Engine               - cSSList: [fxgl_dark.css]
21:05:15.354 [FXGL Background Thread 2 ] DEBUG Engine               - fontGame: Abel-Regular.ttf
21:05:15.354 [FXGL Background Thread 2 ] DEBUG Engine               - menuKey: ESCAPE
21:05:15.354 [FXGL Background Thread 2 ] DEBUG Engine               - devShowPositionProperty: BooleanProperty [value: false]
21:05:15.354 [FXGL Background Thread 2 ] DEBUG Engine               - versionCheckDays: 7
21:05:15.354 [FXGL Background Thread 2 ] DEBUG Engine               - configClass: Optional.empty
21:05:15.354 [FXGL Background Thread 2 ] DEBUG Engine               - isFullScreenFromStart: false
21:05:15.354 [FXGL Background Thread 2 ] DEBUG Engine               - version: 0.2
21:05:15.354 [FXGL Background Thread 2 ] DEBUG Engine               - fullScreen: BooleanProperty [value: false]
21:05:15.354 [FXGL Background Thread 2 ] DEBUG Engine               - randomSeed: -1
21:05:15.355 [FXGL Background Thread 2 ] DEBUG Engine               - gameDifficultyProperty: ObjectProperty [value: MEDIUM]
21:05:15.355 [FXGL Background Thread 2 ] DEBUG Engine               - applicationMode: DEVELOPER
21:05:15.355 [FXGL Background Thread 2 ] DEBUG Engine               - isMac: false
21:05:15.355 [FXGL Background Thread 2 ] DEBUG Engine               - isMenuEnabled: true
21:05:15.355 [FXGL Background Thread 2 ] DEBUG Engine               - urlPOM: https://raw.githubusercontent.com/AlmasB/FXGL/master/pom.xml
21:05:15.355 [FXGL Background Thread 2 ] DEBUG Engine               - profileName: StringProperty [value: DEFAULT]
21:05:15.355 [FXGL Background Thread 2 ] DEBUG Engine               - notificationViewClass: class com.almasb.fxgl.notification.view.XboxNotificationView
21:05:15.355 [FXGL Background Thread 2 ] DEBUG Engine               - devSensorColorProperty: ObjectProperty [value: 0xffff00ff]
21:05:15.355 [FXGL Background Thread 2 ] DEBUG Engine               - sceneFactory: com.almasb.fxgl.app.scene.SceneFactory@3d0a669b
21:05:15.355 [FXGL Background Thread 2 ] DEBUG Engine               - stageStyle: DECORATED
21:05:15.355 [FXGL Background Thread 2 ] DEBUG Engine               - isManualResizeEnabled: false
21:05:15.355 [FXGL Background Thread 2 ] DEBUG Engine               - title: MooseGame
21:05:15.355 [FXGL Background Thread 2 ] DEBUG Engine               - platform: WINDOWS
21:05:15.355 [FXGL Background Thread 2 ] DEBUG Engine               - devBBoxColorProperty: ObjectProperty [value: 0xff0000ff]
21:05:15.355 [FXGL Background Thread 2 ] DEBUG Engine               - gameDifficulty: MEDIUM
21:05:15.355 [FXGL Background Thread 2 ] DEBUG Engine               - isDesktop: true
21:05:15.355 [FXGL Background Thread 2 ] DEBUG Engine               - supportedLanguages: [ENGLISH, FRENCH, GERMAN, HUNGARIAN, RUSSIAN]
21:05:15.355 [FXGL Background Thread 2 ] DEBUG Engine               - credits: []
21:05:15.355 [FXGL Background Thread 2 ] DEBUG Engine               - globalMusicVolumeProperty: DoubleProperty [value: 0.5]
21:05:15.356 [FXGL Background Thread 2 ] DEBUG Engine               - isPreserveResizeRatio: false
21:05:15.356 [FXGL Background Thread 2 ] DEBUG Engine               - fontText: Courier-Prime.ttf
21:05:15.356 [FXGL Background Thread 2 ] DEBUG Engine               - isExperimentalTiledLargeMap: false
21:05:15.356 [FXGL Background Thread 2 ] DEBUG Engine               - secondsIn24h: 60
21:05:15.356 [FXGL Background Thread 2 ] DEBUG Engine               - runtimeInfo: RuntimeInfo(platform=WINDOWS, version=11.8, build=08.03.2020 09.09)
21:05:15.356 [FXGL Background Thread 2 ] DEBUG Engine               - isLinux: false
21:05:15.356 [FXGL Background Thread 2 ] DEBUG Engine               - soundMenuPress: menu/press.wav
21:05:15.356 [FXGL Background Thread 2 ] DEBUG Engine               - urlGithub: https://github.com/AlmasB/FXGL
21:05:15.356 [FXGL Background Thread 2 ] DEBUG Engine               - profileDir: profiles/
21:05:15.356 [FXGL Background Thread 2 ] DEBUG Engine               - isDeveloperMenuEnabled: false
21:05:15.356 [FXGL Background Thread 2 ] DEBUG Engine               - globalSoundVolumeProperty: DoubleProperty [value: 0.5]
21:05:15.356 [FXGL Background Thread 2 ] DEBUG Engine               - mainWindow: com.almasb.fxgl.app.MainWindow@3935f5e2
21:05:15.356 [FXGL Background Thread 2 ] DEBUG Engine               - isBrowser: false
21:05:15.356 [FXGL Background Thread 2 ] DEBUG Engine               - urlLeaderboard: http://fxgl-top.herokuapp.com/
21:05:15.356 [FXGL Background Thread 2 ] DEBUG Engine               - globalSoundVolume: 0.5
21:05:15.356 [FXGL Background Thread 2 ] DEBUG Engine               - engineServices: [class com.almasb.fxgl.app.GameApplication$GameApplicationService, class com.almasb.fxgl.app.services.WindowService, class com.almasb.fxgl.app.services.FXGLDialogService, class com.almasb.fxgl.app.services.IOTaskExecutorService, class com.almasb.fxgl.event.EventBusService, class com.almasb.fxgl.io.FileSystemService, class com.almasb.fxgl.localization.LocalizationService, class com.almasb.fxgl.app.services.AssetLoaderService, class com.almasb.fxgl.app.services.SystemBundleService, class com.almasb.fxgl.profile.SaveLoadService, class com.almasb.fxgl.ui.FXGLUIFactoryServiceProvider, class com.almasb.fxgl.ui.FXGLDialogFactoryServiceProvider, class com.almasb.fxgl.audio.AudioPlayer, class com.almasb.fxgl.notification.impl.NotificationServiceProvider, class com.almasb.fxgl.achievement.AchievementService, class com.almasb.fxgl.cutscene.CutsceneService, class com.almasb.fxgl.minigames.MiniGameService, class com.almasb.fxgl.net.NetService, class com.almasb.fxgl.app.services.UpdaterService]
21:05:15.356 [FXGL Background Thread 2 ] DEBUG Engine               - globalMusicVolume: 0.5
21:05:15.356 [FXGL Background Thread 2 ] DEBUG Engine               - width: 600
21:05:15.356 [FXGL Background Thread 2 ] DEBUG Engine               - saveFileExt: sav
21:05:15.356 [FXGL Background Thread 2 ] DEBUG Engine               - isAndroid: false
21:05:15.356 [FXGL Background Thread 2 ] DEBUG Engine               - fontUI: VarelaRound-Regular.ttf
21:05:15.357 [FXGL Background Thread 2 ] DEBUG Engine               - enabledMenuItems: []
21:05:15.357 [FXGL Background Thread 2 ] DEBUG Engine               - isIOS: false
21:05:15.357 [FXGL Background Thread 2 ] DEBUG Engine               - Logging services
21:05:15.357 [FXGL Background Thread 2 ] DEBUG Engine               - class com.almasb.fxgl.app.GameApplication$GameApplicationService
21:05:15.357 [FXGL Background Thread 2 ] DEBUG Engine               - class com.almasb.fxgl.app.services.WindowService
21:05:15.357 [FXGL Background Thread 2 ] DEBUG Engine               - class com.almasb.fxgl.app.services.FXGLDialogService
21:05:15.357 [FXGL Background Thread 2 ] DEBUG Engine               - class com.almasb.fxgl.app.services.IOTaskExecutorService
21:05:15.357 [FXGL Background Thread 2 ] DEBUG Engine               - class com.almasb.fxgl.event.EventBusService
21:05:15.357 [FXGL Background Thread 2 ] DEBUG Engine               - class com.almasb.fxgl.io.FileSystemService
21:05:15.357 [FXGL Background Thread 2 ] DEBUG Engine               - class com.almasb.fxgl.localization.LocalizationService
21:05:15.357 [FXGL Background Thread 2 ] DEBUG Engine               - class com.almasb.fxgl.app.services.AssetLoaderService
21:05:15.357 [FXGL Background Thread 2 ] DEBUG Engine               - class com.almasb.fxgl.app.services.SystemBundleService
21:05:15.357 [FXGL Background Thread 2 ] DEBUG Engine               - class com.almasb.fxgl.profile.SaveLoadService
21:05:15.357 [FXGL Background Thread 2 ] DEBUG Engine               - class com.almasb.fxgl.ui.FXGLUIFactoryServiceProvider
21:05:15.357 [FXGL Background Thread 2 ] DEBUG Engine               - class com.almasb.fxgl.ui.FXGLDialogFactoryServiceProvider
21:05:15.357 [FXGL Background Thread 2 ] DEBUG Engine               - class com.almasb.fxgl.audio.AudioPlayer
21:05:15.357 [FXGL Background Thread 2 ] DEBUG Engine               - class com.almasb.fxgl.notification.impl.NotificationServiceProvider
21:05:15.357 [FXGL Background Thread 2 ] DEBUG Engine               - class com.almasb.fxgl.achievement.AchievementService
21:05:15.357 [FXGL Background Thread 2 ] DEBUG Engine               - class com.almasb.fxgl.cutscene.CutsceneService
21:05:15.357 [FXGL Background Thread 2 ] DEBUG Engine               - class com.almasb.fxgl.minigames.MiniGameService
21:05:15.357 [FXGL Background Thread 2 ] DEBUG Engine               - class com.almasb.fxgl.net.NetService
21:05:15.357 [FXGL Background Thread 2 ] DEBUG Engine               - class com.almasb.fxgl.app.services.UpdaterService
21:05:16.048 [JavaFX Application Thread] DEBUG AssetLoaderService   - Loading from file system: /assets/textures/potHole.png
21:05:18.129 [JavaFX Application Thread] DEBUG AssetLoaderService   - Loading from file system: /assets/textures/moose.png
21:05:18.147 [JavaFX Application Thread] DEBUG AssetLoaderService   - Loading from cache: /assets/textures/potHole.png
21:05:19.130 [JavaFX Application Thread] DEBUG WindowService        - Starting new game
21:05:19.130 [JavaFX Application Thread] DEBUG Input                - Clearing active input actions
21:05:19.134 [JavaFX Application Thread] DEBUG WindowService        - Removing overlay from GameScene and adding to FXGLLoadingScene
21:05:19.135 [JavaFX Application Thread] DEBUG MainWindow           - GameScene -> FXGLLoadingScene
21:05:19.135 [JavaFX Application Thread] DEBUG WindowService        - Clearing previous game
21:05:19.135 [JavaFX Application Thread] DEBUG GameScene            - Clearing game scene
21:05:19.135 [JavaFX Application Thread] DEBUG GameWorld            - Clearing game world
21:05:19.135 [JavaFX Application Thread] DEBUG PhysicsWorld         - Clearing physics world
21:05:19.135 [FXGL Background Thread 1 ] DEBUG GameApplication      - Initializing game
21:05:19.135 [JavaFX Application Thread] DEBUG LoopRunner           - Stopping loop
21:05:19.136 [FXGL Background Thread 1 ] DEBUG AssetLoaderService   - Loading from cache: /assets/textures/road_with_patches.png
21:05:19.136 [FXGL Background Thread 1 ] DEBUG AssetLoaderService   - Loading from cache: /assets/textures/road_with_patches.png
21:05:19.137 [FXGL Background Thread 1 ] DEBUG AssetLoaderService   - Loading from cache: /assets/textures/Car_Audi_Sport_Quattro_86x145.png
21:05:19.137 [FXGL Background Thread 1 ] DEBUG AssetLoaderService   - Loading from file system: /assets/ui/moosegame_ui.fxml
21:05:19.139 [FXGL Background Thread 1 ] INFO  GameApplication      - Game initialization took: 0.004 sec
21:05:19.287 [JavaFX Application Thread] DEBUG Input                - Clearing active input actions
21:05:19.293 [JavaFX Application Thread] DEBUG WindowService        - Removing overlay from FXGLLoadingScene and adding to GameScene
21:05:19.293 [JavaFX Application Thread] DEBUG MainWindow           - FXGLLoadingScene -> GameScene
21:05:28.722 [JavaFX Application Thread] FATAL GameApplication      - Uncaught Exception:

Fatal exception occurred: java.lang.IllegalArgumentException : Property speed does not exist
E: com.almasb.fxgl.core.collection.PropertyMap.get(PropertyMap.kt:155)
E: com.almasb.fxgl.core.collection.PropertyMap.intProperty(PropertyMap.kt:107)
E: com.almasb.fxgl.core.collection.PropertyMap.getInt(PropertyMap.kt:97)
E: MooseGameApp.onUpdate(MooseGameApp.java:97)
E: com.almasb.fxgl.app.GameApplication$GameApplicationService.onGameUpdate(GameApplication.java:384)
E: com.almasb.fxgl.app.Engine.onGameUpdate(Engine.kt:133)
E: com.almasb.fxgl.app.GameApplication$FXGLApplication.lambda$postServicesInit$4(GameApplication.java:268)
E: com.almasb.fxgl.scene.Scene.update(Scene.kt:77)
E: com.almasb.fxgl.app.MainWindow$update$1.invoke(MainWindow.kt:208)
E: com.almasb.fxgl.app.MainWindow$update$1.invoke(MainWindow.kt:38)
E: com.almasb.fxgl.core.fsm.StateMachine.runOnActiveStates(StateMachine.kt:60)
E: com.almasb.fxgl.app.MainWindow.update(MainWindow.kt:208)
E: com.almasb.fxgl.app.services.WindowService.onUpdate(WindowService.kt:115)
E: com.almasb.fxgl.app.Engine.loop(Engine.kt:129)
E: com.almasb.fxgl.app.Engine.access$loop(Engine.kt:25)
E: com.almasb.fxgl.app.Engine$loop$1.invoke(Engine.kt:29)
E: com.almasb.fxgl.app.Engine$loop$1.invoke(Engine.kt:25)
E: com.almasb.fxgl.app.LoopRunner.frame(LoopRunner.kt:86)
E: com.almasb.fxgl.app.LoopRunner.access$frame(LoopRunner.kt:17)
E: com.almasb.fxgl.app.LoopRunner$impl$2$1.handle(LoopRunner.kt:37)
E: javafx.animation.AnimationTimer$AnimationTimerReceiver.lambda$handle$0(AnimationTimer.java:57)
E: java.base/java.security.AccessController.doPrivileged(AccessController.java:391)
E: javafx.animation.AnimationTimer$AnimationTimerReceiver.handle(AnimationTimer.java:56)
E: com.sun.scenario.animation.AbstractMasterTimer.timePulseImpl(AbstractMasterTimer.java:357)
E: com.sun.scenario.animation.AbstractMasterTimer$MainLoop.run(AbstractMasterTimer.java:267)
E: com.sun.javafx.tk.quantum.QuantumToolkit.pulse(QuantumToolkit.java:559)
E: com.sun.javafx.tk.quantum.QuantumToolkit.pulse(QuantumToolkit.java:543)
E: com.sun.javafx.tk.quantum.QuantumToolkit.pulseFromQueue(QuantumToolkit.java:536)
E: com.sun.javafx.tk.quantum.QuantumToolkit.lambda$runToolkit$11(QuantumToolkit.java:342)
E: com.sun.glass.ui.InvokeLaterDispatcher$Future.run(InvokeLaterDispatcher.java:96)
E: com.sun.glass.ui.win.WinApplication._runLoop(Native Method)
E: com.sun.glass.ui.win.WinApplication.lambda$runLoop$3(WinApplication.java:174)
E: java.base/java.lang.Thread.run(Thread.java:832)

21:05:28.722 [JavaFX Application Thread] FATAL GameApplication      - Application will now exit
21:05:28.722 [JavaFX Application Thread] DEBUG GameApplication      - Exiting FXGL
21:05:28.722 [JavaFX Application Thread] DEBUG GameApplication      - Shutting down background threads
21:05:28.722 [JavaFX Application Thread] DEBUG GameApplication      - Closing logger and exiting JavaFX
