22:02:50.328 [main                     ] DEBUG GameApplication      - Logger initialized
22:02:50.348 [main                     ] DEBUG GameApplication      - Logging settings
Title: MooseGame
Version: 0.3
Width: 600
Height: 900
Fullscreen: false
Intro: false
Menus: true
Profiling: false
Single step:false
App Mode: DEVELOPER
Menu Key: ESCAPE
Stage Style: DECORATED
Scene Factory: class MooseGameApp$1

22:02:51.291 [JavaFX Application Thread] DEBUG GameApplication      - Initializing FXGL
22:02:51.309 [JavaFX Application Thread] INFO  Engine               - FXGL-11.8 (08.03.2020 09.09) on WINDOWS (J:14.0.1 FX:13.0.2)
22:02:51.310 [JavaFX Application Thread] INFO  Engine               - Source code and latest versions at: https://github.com/AlmasB/FXGL
22:02:51.310 [JavaFX Application Thread] INFO  Engine               -              Join the FXGL chat at: https://gitter.im/AlmasB/FXGL
22:02:51.479 [JavaFX Application Thread] DEBUG MainWindow           - Creating a JavaFX scene
22:02:51.480 [JavaFX Application Thread] DEBUG MainWindow           - Target size > screen size
22:02:51.544 [JavaFX Application Thread] DEBUG MainWindow           - Target settings size: 600.0 x 900.0
22:02:51.545 [JavaFX Application Thread] DEBUG MainWindow           - Scaled scene size:    524.0 x 823.0
22:02:51.545 [JavaFX Application Thread] DEBUG MainWindow           - Scaled ratio: (0.8733333333333333, 0.9144444444444444)
22:02:51.548 [JavaFX Application Thread] DEBUG MainWindow           - Set initial scene to FXGLStartupScene
22:02:51.560 [JavaFX Application Thread] DEBUG MainWindow           - Opening main window
22:02:51.764 [JavaFX Application Thread] DEBUG MainWindow           - Window border size: (14.4000244140625, 37.79998779296875)
22:02:51.764 [JavaFX Application Thread] DEBUG MainWindow           - Scaled size: 524.0 x 823.0
22:02:51.765 [JavaFX Application Thread] DEBUG MainWindow           - Scaled ratio: (0.8733333333333333, 0.9144444444444444)
22:02:51.765 [JavaFX Application Thread] DEBUG MainWindow           - Scene size: 524.0 x 823.0
22:02:51.765 [JavaFX Application Thread] DEBUG MainWindow           - Stage size: 538.4000244140625 x 860.7999877929688
22:02:51.774 [FXGL Background Thread 1 ] DEBUG Engine               - Initializing environment variables
22:02:51.817 [FXGL Background Thread 1 ] DEBUG WindowService        - Applying CSS: fxgl_dark.css
22:02:51.818 [FXGL Background Thread 1 ] DEBUG AssetLoaderService   - Loading from file system: /assets/ui/css/fxgl_dark.css
22:02:51.883 [FXGL Background Thread 1 ] DEBUG WindowService        - Initializing application scenes
22:02:51.935 [FXGL Background Thread 1 ] DEBUG GameWorld            - Game world initialized
22:02:51.986 [FXGL Background Thread 1 ] DEBUG PhysicsWorld         - Physics world initialized: appHeight=900, physics.ppm=50.0
22:02:51.988 [FXGL Background Thread 1 ] DEBUG GameScene            - Game scene initialized: 600x900
22:02:52.000 [FXGL Background Thread 1 ] DEBUG AssetLoaderService   - Loading from file system: /assets/textures/Roadway.png
22:02:52.195 [FXGL Background Thread 1 ] DEBUG AssetLoaderService   - Loading from file system: /assets/textures/particles/trace_horizontal.png
22:02:52.239 [FXGL Background Thread 1 ] WARN  FXGL.DefaultMenu     - FXGLDefaultMenu is not designed for resolutions < 800x600
22:02:52.239 [FXGL Background Thread 1 ] DEBUG FXGL.DefaultMenu     - createMenuBodyGameMenu()
22:02:52.251 [FXGL Background Thread 1 ] DEBUG FXGL.DefaultMenu     - createOptionsMenu()
22:02:52.263 [FXGL Background Thread 1 ] DEBUG AssetLoaderService   - Loading from file system: /assets/textures/particles/smoke.png
22:02:52.351 [FXGL Background Thread 1 ] DEBUG WindowService        - Application scenes initialized
22:02:52.360 [FXGL Background Thread 1 ] DEBUG SystemBundleService  - Loading FXGL system data
22:02:52.365 [FXGL Background Thread 1 ] DEBUG FileSystemAccess     - Reading from: C:\Users\jwnew\OneDrive\Desktop\Course Project\system\fxgl.bundle
22:02:52.372 [FXGL Background Thread 1 ] DEBUG SystemBundleService  - Bundle FXGL: {}
22:02:52.372 [FXGL Background Thread 1 ] INFO  Engine               - FXGL initialization took: 0.596 sec
22:02:52.375 [FXGL Background Thread 1 ] DEBUG GameApplication      - Loading localizations
22:02:52.375 [FXGL Background Thread 1 ] DEBUG AssetLoaderService   - Loading from file system: /assets/properties/languages/english.properties
22:02:52.377 [FXGL Background Thread 1 ] DEBUG AssetLoaderService   - Loading from file system: /assets/properties/languages/french.properties
22:02:52.379 [FXGL Background Thread 1 ] DEBUG AssetLoaderService   - Loading from file system: /assets/properties/languages/german.properties
22:02:52.380 [FXGL Background Thread 1 ] DEBUG AssetLoaderService   - Loading from file system: /assets/properties/languages/hungarian.properties
22:02:52.382 [FXGL Background Thread 1 ] DEBUG AssetLoaderService   - Loading from file system: /assets/properties/languages/russian.properties
22:02:52.384 [FXGL Background Thread 1 ] DEBUG GameApplication      - Registering font factories with UI factory
22:02:52.384 [FXGL Background Thread 1 ] DEBUG AssetLoaderService   - Loading from file system: /assets/ui/fonts/VarelaRound-Regular.ttf
22:02:52.467 [FXGL Background Thread 1 ] DEBUG AssetLoaderService   - Loading from file system: /assets/ui/fonts/Abel-Regular.ttf
22:02:52.478 [FXGL Background Thread 1 ] DEBUG AssetLoaderService   - Loading from file system: /assets/ui/fonts/lucida_console.ttf
22:02:52.492 [FXGL Background Thread 1 ] DEBUG AssetLoaderService   - Loading from file system: /assets/ui/fonts/Courier-Prime.ttf
22:02:52.514 [JavaFX Application Thread] DEBUG Input                - Registered new binding: action0 - A
22:02:52.515 [JavaFX Application Thread] DEBUG Input                - Registered new binding: action1 - S
22:02:52.515 [JavaFX Application Thread] DEBUG Input                - Registered new binding: action2 - D
22:02:52.516 [JavaFX Application Thread] DEBUG Input                - Registered new binding: action3 - W
22:02:52.516 [JavaFX Application Thread] DEBUG Input                - Registered new binding: action4 - Space
22:02:52.516 [JavaFX Application Thread] DEBUG Input                - Registered new binding: action5 - Left
22:02:52.517 [JavaFX Application Thread] DEBUG Input                - Registered new binding: action6 - Down
22:02:52.517 [JavaFX Application Thread] DEBUG Input                - Registered new binding: action7 - Right
22:02:52.517 [JavaFX Application Thread] DEBUG Input                - Registered new binding: action8 - Up
22:02:52.517 [JavaFX Application Thread] DEBUG AssetLoaderService   - Loading from file system: /assets/textures/fxgl_icon.png
22:02:52.548 [JavaFX Application Thread] DEBUG AssetLoaderService   - Loading from file system: /assets/ui/cursors/fxgl_default.png
22:02:52.550 [JavaFX Application Thread] DEBUG Input                - Registered new binding: Screenshot - P
22:02:52.550 [JavaFX Application Thread] DEBUG Input                - Registered new binding: System info dump - CTRL+9
22:02:52.551 [JavaFX Application Thread] DEBUG Input                - Registered new binding: Restart - CTRL+R
22:02:52.552 [JavaFX Application Thread] DEBUG LoopRunner           - Starting loop
22:02:52.572 [JavaFX Application Thread] DEBUG FXGLStartupScene     - STARTUP
22:02:52.572 [JavaFX Application Thread] DEBUG Input                - Clearing active input actions
22:02:52.592 [JavaFX Application Thread] DEBUG WindowService        - Removing overlay from FXGLStartupScene and adding to MooseGameMenu
22:02:52.593 [JavaFX Application Thread] DEBUG MainWindow           - FXGLStartupScene -> MooseGameMenu
22:02:55.370 [JavaFX Application Thread] DEBUG GameApplication      - Exiting FXGL
22:02:55.370 [JavaFX Application Thread] DEBUG LoopRunner           - Stopping loop
22:02:55.371 [JavaFX Application Thread] DEBUG SystemBundleService  - Saving FXGL system data
22:02:55.373 [JavaFX Application Thread] DEBUG FileSystemAccess     - Writing to: C:\Users\jwnew\OneDrive\Desktop\Course Project\system\fxgl.bundle
22:02:55.376 [FXGL Background Thread 2 ] DEBUG Engine               - Logging environment variables
22:02:55.376 [JavaFX Application Thread] DEBUG GameApplication      - Closing logger and exiting JavaFX
22:02:55.376 [FXGL Background Thread 2 ] DEBUG Engine               - language: ObjectProperty [value: ENGLISH]
22:02:55.376 [FXGL Background Thread 2 ] DEBUG Engine               - isCloseConfirmation: false
22:02:55.377 [FXGL Background Thread 2 ] DEBUG Engine               - isProfilingEnabled: false
22:02:55.377 [FXGL Background Thread 2 ] DEBUG Engine               - soundNotification: core/notification.wav
22:02:55.377 [FXGL Background Thread 2 ] DEBUG Engine               - devShowBBoxProperty: BooleanProperty [value: false]
22:02:55.377 [FXGL Background Thread 2 ] DEBUG Engine               - pixelsPerMeter: 50.0
22:02:55.377 [FXGL Background Thread 2 ] DEBUG Engine               - appIcon: fxgl_icon.png
22:02:55.377 [FXGL Background Thread 2 ] DEBUG Engine               - soundMenuBack: menu/back.wav
22:02:55.378 [FXGL Background Thread 2 ] DEBUG Engine               - isFullScreenAllowed: false
22:02:55.378 [FXGL Background Thread 2 ] DEBUG Engine               - isIntroEnabled: false
22:02:55.378 [FXGL Background Thread 2 ] DEBUG Engine               - fontMono: lucida_console.ttf
22:02:55.378 [FXGL Background Thread 2 ] DEBUG Engine               - soundMenuSelect: menu/select.wav
22:02:55.378 [FXGL Background Thread 2 ] DEBUG Engine               - isWindows: true
22:02:55.378 [FXGL Background Thread 2 ] DEBUG Engine               - isUserProfileEnabled: false
22:02:55.378 [FXGL Background Thread 2 ] DEBUG Engine               - isMobile: false
22:02:55.378 [FXGL Background Thread 2 ] DEBUG Engine               - height: 900
22:02:55.379 [FXGL Background Thread 2 ] DEBUG Engine               - isExperimentalNative: false
22:02:55.379 [FXGL Background Thread 2 ] DEBUG Engine               - settings: Title: MooseGame
Version: 0.3
Width: 600
Height: 900
Fullscreen: false
Intro: false
Menus: true
Profiling: false
Single step:false
App Mode: DEVELOPER
Menu Key: ESCAPE
Stage Style: DECORATED
Scene Factory: class MooseGameApp$1

22:02:55.379 [FXGL Background Thread 2 ] DEBUG Engine               - cSSList: [fxgl_dark.css]
22:02:55.379 [FXGL Background Thread 2 ] DEBUG Engine               - isSingleStep: false
22:02:55.379 [FXGL Background Thread 2 ] DEBUG Engine               - fontGame: Abel-Regular.ttf
22:02:55.379 [FXGL Background Thread 2 ] DEBUG Engine               - menuKey: ESCAPE
22:02:55.379 [FXGL Background Thread 2 ] DEBUG Engine               - devShowPositionProperty: BooleanProperty [value: false]
22:02:55.379 [FXGL Background Thread 2 ] DEBUG Engine               - versionCheckDays: 7
22:02:55.380 [FXGL Background Thread 2 ] DEBUG Engine               - configClass: Optional.empty
22:02:55.380 [FXGL Background Thread 2 ] DEBUG Engine               - isFullScreenFromStart: false
22:02:55.380 [FXGL Background Thread 2 ] DEBUG Engine               - version: 0.3
22:02:55.380 [FXGL Background Thread 2 ] DEBUG Engine               - fullScreen: BooleanProperty [value: false]
22:02:55.380 [FXGL Background Thread 2 ] DEBUG Engine               - randomSeed: -1
22:02:55.380 [FXGL Background Thread 2 ] DEBUG Engine               - gameDifficultyProperty: ObjectProperty [value: MEDIUM]
22:02:55.380 [FXGL Background Thread 2 ] DEBUG Engine               - applicationMode: DEVELOPER
22:02:55.381 [FXGL Background Thread 2 ] DEBUG Engine               - isMac: false
22:02:55.381 [FXGL Background Thread 2 ] DEBUG Engine               - isMenuEnabled: true
22:02:55.381 [FXGL Background Thread 2 ] DEBUG Engine               - profileName: StringProperty [value: DEFAULT]
22:02:55.381 [FXGL Background Thread 2 ] DEBUG Engine               - urlPOM: https://raw.githubusercontent.com/AlmasB/FXGL/master/pom.xml
22:02:55.381 [FXGL Background Thread 2 ] DEBUG Engine               - notificationViewClass: class com.almasb.fxgl.notification.view.XboxNotificationView
22:02:55.381 [FXGL Background Thread 2 ] DEBUG Engine               - devSensorColorProperty: ObjectProperty [value: 0xffff00ff]
22:02:55.382 [FXGL Background Thread 2 ] DEBUG Engine               - sceneFactory: MooseGameApp$1@6b5ecb39
22:02:55.382 [FXGL Background Thread 2 ] DEBUG Engine               - stageStyle: DECORATED
22:02:55.382 [FXGL Background Thread 2 ] DEBUG Engine               - isManualResizeEnabled: false
22:02:55.382 [FXGL Background Thread 2 ] DEBUG Engine               - title: MooseGame
22:02:55.382 [FXGL Background Thread 2 ] DEBUG Engine               - platform: WINDOWS
22:02:55.382 [FXGL Background Thread 2 ] DEBUG Engine               - devBBoxColorProperty: ObjectProperty [value: 0xff0000ff]
22:02:55.382 [FXGL Background Thread 2 ] DEBUG Engine               - gameDifficulty: MEDIUM
22:02:55.383 [FXGL Background Thread 2 ] DEBUG Engine               - isDesktop: true
22:02:55.383 [FXGL Background Thread 2 ] DEBUG Engine               - supportedLanguages: [ENGLISH, FRENCH, GERMAN, HUNGARIAN, RUSSIAN]
22:02:55.383 [FXGL Background Thread 2 ] DEBUG Engine               - credits: []
22:02:55.383 [FXGL Background Thread 2 ] DEBUG Engine               - globalMusicVolumeProperty: DoubleProperty [value: 0.5]
22:02:55.383 [FXGL Background Thread 2 ] DEBUG Engine               - isPreserveResizeRatio: false
22:02:55.383 [FXGL Background Thread 2 ] DEBUG Engine               - fontText: Courier-Prime.ttf
22:02:55.383 [FXGL Background Thread 2 ] DEBUG Engine               - isExperimentalTiledLargeMap: false
22:02:55.384 [FXGL Background Thread 2 ] DEBUG Engine               - secondsIn24h: 60
22:02:55.384 [FXGL Background Thread 2 ] DEBUG Engine               - runtimeInfo: RuntimeInfo(platform=WINDOWS, version=11.8, build=08.03.2020 09.09)
22:02:55.384 [FXGL Background Thread 2 ] DEBUG Engine               - soundMenuPress: menu/press.wav
22:02:55.384 [FXGL Background Thread 2 ] DEBUG Engine               - isLinux: false
22:02:55.384 [FXGL Background Thread 2 ] DEBUG Engine               - urlGithub: https://github.com/AlmasB/FXGL
22:02:55.384 [FXGL Background Thread 2 ] DEBUG Engine               - profileDir: profiles/
22:02:55.384 [FXGL Background Thread 2 ] DEBUG Engine               - isDeveloperMenuEnabled: false
22:02:55.385 [FXGL Background Thread 2 ] DEBUG Engine               - globalSoundVolumeProperty: DoubleProperty [value: 0.5]
22:02:55.385 [FXGL Background Thread 2 ] DEBUG Engine               - mainWindow: com.almasb.fxgl.app.MainWindow@6f61528a
22:02:55.385 [FXGL Background Thread 2 ] DEBUG Engine               - isBrowser: false
22:02:55.385 [FXGL Background Thread 2 ] DEBUG Engine               - globalSoundVolume: 0.5
22:02:55.385 [FXGL Background Thread 2 ] DEBUG Engine               - urlLeaderboard: http://fxgl-top.herokuapp.com/
22:02:55.385 [FXGL Background Thread 2 ] DEBUG Engine               - engineServices: [class com.almasb.fxgl.app.GameApplication$GameApplicationService, class com.almasb.fxgl.app.services.WindowService, class com.almasb.fxgl.app.services.FXGLDialogService, class com.almasb.fxgl.app.services.IOTaskExecutorService, class com.almasb.fxgl.event.EventBusService, class com.almasb.fxgl.io.FileSystemService, class com.almasb.fxgl.localization.LocalizationService, class com.almasb.fxgl.app.services.AssetLoaderService, class com.almasb.fxgl.app.services.SystemBundleService, class com.almasb.fxgl.profile.SaveLoadService, class com.almasb.fxgl.ui.FXGLUIFactoryServiceProvider, class com.almasb.fxgl.ui.FXGLDialogFactoryServiceProvider, class com.almasb.fxgl.audio.AudioPlayer, class com.almasb.fxgl.notification.impl.NotificationServiceProvider, class com.almasb.fxgl.achievement.AchievementService, class com.almasb.fxgl.cutscene.CutsceneService, class com.almasb.fxgl.minigames.MiniGameService, class com.almasb.fxgl.net.NetService, class com.almasb.fxgl.app.services.UpdaterService]
22:02:55.385 [FXGL Background Thread 2 ] DEBUG Engine               - globalMusicVolume: 0.5
22:02:55.386 [FXGL Background Thread 2 ] DEBUG Engine               - width: 600
22:02:55.386 [FXGL Background Thread 2 ] DEBUG Engine               - saveFileExt: sav
22:02:55.386 [FXGL Background Thread 2 ] DEBUG Engine               - isAndroid: false
22:02:55.386 [FXGL Background Thread 2 ] DEBUG Engine               - fontUI: VarelaRound-Regular.ttf
22:02:55.386 [FXGL Background Thread 2 ] DEBUG Engine               - enabledMenuItems: []
22:02:55.386 [FXGL Background Thread 2 ] DEBUG Engine               - isIOS: false
22:02:55.386 [FXGL Background Thread 2 ] DEBUG Engine               - Logging services
22:02:55.387 [FXGL Background Thread 2 ] DEBUG Engine               - class com.almasb.fxgl.app.GameApplication$GameApplicationService
22:02:55.387 [FXGL Background Thread 2 ] DEBUG Engine               - class com.almasb.fxgl.app.services.WindowService
22:02:55.387 [FXGL Background Thread 2 ] DEBUG Engine               - class com.almasb.fxgl.app.services.FXGLDialogService
22:02:55.387 [FXGL Background Thread 2 ] DEBUG Engine               - class com.almasb.fxgl.app.services.IOTaskExecutorService
22:02:55.387 [FXGL Background Thread 2 ] DEBUG Engine               - class com.almasb.fxgl.event.EventBusService
22:02:55.387 [FXGL Background Thread 2 ] DEBUG Engine               - class com.almasb.fxgl.io.FileSystemService
22:02:55.387 [FXGL Background Thread 2 ] DEBUG Engine               - class com.almasb.fxgl.localization.LocalizationService
22:02:55.387 [FXGL Background Thread 2 ] DEBUG Engine               - class com.almasb.fxgl.app.services.AssetLoaderService
22:02:55.387 [FXGL Background Thread 2 ] DEBUG Engine               - class com.almasb.fxgl.app.services.SystemBundleService
22:02:55.387 [FXGL Background Thread 2 ] DEBUG Engine               - class com.almasb.fxgl.profile.SaveLoadService
22:02:55.388 [FXGL Background Thread 2 ] DEBUG Engine               - class com.almasb.fxgl.ui.FXGLUIFactoryServiceProvider
22:02:55.388 [FXGL Background Thread 2 ] DEBUG Engine               - class com.almasb.fxgl.ui.FXGLDialogFactoryServiceProvider
22:02:55.388 [FXGL Background Thread 2 ] DEBUG Engine               - class com.almasb.fxgl.audio.AudioPlayer
22:02:55.388 [FXGL Background Thread 2 ] DEBUG Engine               - class com.almasb.fxgl.notification.impl.NotificationServiceProvider
22:02:55.388 [FXGL Background Thread 2 ] DEBUG Engine               - class com.almasb.fxgl.achievement.AchievementService
22:02:55.388 [FXGL Background Thread 2 ] DEBUG Engine               - class com.almasb.fxgl.cutscene.CutsceneService
22:02:55.389 [FXGL Background Thread 2 ] DEBUG Engine               - class com.almasb.fxgl.minigames.MiniGameService
22:02:55.389 [FXGL Background Thread 2 ] DEBUG Engine               - class com.almasb.fxgl.net.NetService
22:02:55.389 [FXGL Background Thread 2 ] DEBUG Engine               - class com.almasb.fxgl.app.services.UpdaterService
22:02:55.389 [JavaFX Application Thread] DEBUG LoopRunner           - Stopping loop
22:02:57.321 [JavaFX Application Thread] FATAL GameApplication      - Uncaught Exception:

Fatal exception occurred: java.util.ConcurrentModificationException : null
E: java.base/java.util.ArrayList$Itr.checkForComodification(ArrayList.java:1012)
E: java.base/java.util.ArrayList$Itr.next(ArrayList.java:966)
E: java.base/java.nio.file.Files.write(Files.java:3558)
E: java.base/java.nio.file.Files.write(Files.java:3607)
E: com.almasb.sslogger.FileOutput.close(FileOutput.kt:34)
E: com.almasb.sslogger.Logger$Companion.close(Logger.kt:103)
E: com.almasb.sslogger.Logger.close(Logger.kt)
E: com.almasb.fxgl.app.GameApplication$FXGLApplication.exitFXGL(GameApplication.java:353)
E: com.almasb.fxgl.dsl.FXGL$Companion$controller$1.exit(FXGL.kt:126)
E: com.almasb.fxgl.app.services.WindowService$onInit$2.invoke(WindowService.kt:99)
E: com.almasb.fxgl.app.services.WindowService$onInit$2.invoke(WindowService.kt:47)
E: com.almasb.fxgl.app.MainWindow$initStage$$inlined$with$lambda$1.handle(MainWindow.kt:189)
E: com.almasb.fxgl.app.MainWindow$initStage$$inlined$with$lambda$1.handle(MainWindow.kt:38)
E: com.sun.javafx.event.CompositeEventHandler.dispatchBubblingEvent(CompositeEventHandler.java:86)
E: com.sun.javafx.event.EventHandlerManager.dispatchBubblingEvent(EventHandlerManager.java:238)
E: com.sun.javafx.event.EventHandlerManager.dispatchBubblingEvent(EventHandlerManager.java:191)
E: com.sun.javafx.event.CompositeEventDispatcher.dispatchBubblingEvent(CompositeEventDispatcher.java:59)
E: com.sun.javafx.event.BasicEventDispatcher.dispatchEvent(BasicEventDispatcher.java:58)
E: com.sun.javafx.event.EventDispatchChainImpl.dispatchEvent(EventDispatchChainImpl.java:114)
E: com.sun.javafx.event.EventUtil.fireEventImpl(EventUtil.java:74)
E: com.sun.javafx.event.EventUtil.fireEvent(EventUtil.java:54)
E: javafx.event.Event.fireEvent(Event.java:198)
E: com.sun.javafx.stage.WindowPeerListener.closing(WindowPeerListener.java:93)
E: com.sun.javafx.tk.quantum.GlassWindowEventHandler.run(GlassWindowEventHandler.java:147)
E: com.sun.javafx.tk.quantum.GlassWindowEventHandler.run(GlassWindowEventHandler.java:40)
E: java.base/java.security.AccessController.doPrivileged(AccessController.java:391)
E: com.sun.javafx.tk.quantum.GlassWindowEventHandler.lambda$handleWindowEvent$4(GlassWindowEventHandler.java:176)
E: com.sun.javafx.tk.quantum.QuantumToolkit.runWithoutRenderLock(QuantumToolkit.java:412)
E: com.sun.javafx.tk.quantum.GlassWindowEventHandler.handleWindowEvent(GlassWindowEventHandler.java:174)
E: com.sun.glass.ui.Window.handleWindowEvent(Window.java:1351)
E: com.sun.glass.ui.Window.notifyClose(Window.java:1251)
E: com.sun.glass.ui.win.WinApplication._runLoop(Native Method)
E: com.sun.glass.ui.win.WinApplication.lambda$runLoop$3(WinApplication.java:174)
E: java.base/java.lang.Thread.run(Thread.java:832)

22:02:57.322 [JavaFX Application Thread] FATAL GameApplication      - Application will now exit
22:02:57.322 [JavaFX Application Thread] DEBUG GameApplication      - Exiting FXGL
22:02:57.322 [JavaFX Application Thread] DEBUG GameApplication      - Shutting down background threads
22:02:57.323 [JavaFX Application Thread] DEBUG GameApplication      - Closing logger and exiting JavaFX
