18:21:39.408 [main                     ] DEBUG GameApplication      - Logger initialized
18:21:39.412 [main                     ] DEBUG GameApplication      - Logging settings
Title: MooseGame
Version: 0.3
Width: 600
Height: 900
Fullscreen: false
Intro: false
Menus: true
Profiling: false
Single step:false
App Mode: DEVELOPER
Menu Key: ESCAPE
Stage Style: DECORATED
Scene Factory: class MooseGameApp$1

18:21:39.732 [JavaFX Application Thread] DEBUG GameApplication      - Initializing FXGL
18:21:39.739 [JavaFX Application Thread] INFO  Engine               - FXGL-11.8 (08.03.2020 09.09) on WINDOWS (J:14.0.1 FX:13.0.2)
18:21:39.739 [JavaFX Application Thread] INFO  Engine               - Source code and latest versions at: https://github.com/AlmasB/FXGL
18:21:39.740 [JavaFX Application Thread] INFO  Engine               -              Join the FXGL chat at: https://gitter.im/AlmasB/FXGL
18:21:39.840 [JavaFX Application Thread] DEBUG MainWindow           - Creating a JavaFX scene
18:21:39.880 [JavaFX Application Thread] DEBUG MainWindow           - Target settings size: 600.0 x 900.0
18:21:39.880 [JavaFX Application Thread] DEBUG MainWindow           - Scaled scene size:    600.0 x 900.0
18:21:39.881 [JavaFX Application Thread] DEBUG MainWindow           - Scaled ratio: (1.0, 1.0)
18:21:39.882 [JavaFX Application Thread] DEBUG MainWindow           - Set initial scene to FXGLStartupScene
18:21:39.887 [JavaFX Application Thread] DEBUG MainWindow           - Opening main window
18:21:39.965 [JavaFX Application Thread] DEBUG MainWindow           - Window border size: (16.0, 39.0)
18:21:39.965 [JavaFX Application Thread] DEBUG MainWindow           - Scaled size: 600.0 x 900.0
18:21:39.966 [JavaFX Application Thread] DEBUG MainWindow           - Scaled ratio: (1.0, 1.0)
18:21:39.966 [JavaFX Application Thread] DEBUG MainWindow           - Scene size: 600.0 x 900.0
18:21:39.966 [JavaFX Application Thread] DEBUG MainWindow           - Stage size: 616.0 x 939.0
18:21:39.972 [FXGL Background Thread 1 ] DEBUG Engine               - Initializing environment variables
18:21:39.997 [FXGL Background Thread 1 ] DEBUG WindowService        - Applying CSS: fxgl_dark.css
18:21:39.997 [FXGL Background Thread 1 ] DEBUG AssetLoaderService   - Loading from file system: /assets/ui/css/fxgl_dark.css
18:21:40.035 [FXGL Background Thread 1 ] DEBUG WindowService        - Initializing application scenes
18:21:40.063 [FXGL Background Thread 1 ] DEBUG GameWorld            - Game world initialized
18:21:40.094 [FXGL Background Thread 1 ] DEBUG PhysicsWorld         - Physics world initialized: appHeight=900, physics.ppm=50.0
18:21:40.096 [FXGL Background Thread 1 ] DEBUG GameScene            - Game scene initialized: 600x900
18:21:40.105 [FXGL Background Thread 1 ] DEBUG AssetLoaderService   - Loading from file system: /assets/textures/Roadway.png
18:21:40.175 [FXGL Background Thread 1 ] DEBUG AssetLoaderService   - Loading from file system: /assets/sounds/selection.mp3
18:21:40.245 [FXGL Background Thread 1 ] DEBUG AssetLoaderService   - Loading from cache: /assets/sounds/selection.mp3
18:21:40.245 [FXGL Background Thread 1 ] DEBUG AssetLoaderService   - Loading from cache: /assets/sounds/selection.mp3
18:21:40.246 [FXGL Background Thread 1 ] DEBUG AssetLoaderService   - Loading from cache: /assets/sounds/selection.mp3
18:21:40.246 [FXGL Background Thread 1 ] DEBUG AssetLoaderService   - Loading from cache: /assets/sounds/selection.mp3
18:21:40.271 [FXGL Background Thread 1 ] DEBUG AssetLoaderService   - Loading from file system: /assets/music/Poisoncut_-_MenuMusic.mp3
18:21:40.329 [FXGL Background Thread 1 ] DEBUG AudioPlayer          - Playing music com.almasb.fxgl.audio.Music@4b35bfd3
18:21:40.345 [FXGL Background Thread 1 ] DEBUG AssetLoaderService   - Loading from file system: /assets/textures/particles/trace_horizontal.png
18:21:40.371 [FXGL Background Thread 1 ] WARN  FXGL.DefaultMenu     - FXGLDefaultMenu is not designed for resolutions < 800x600
18:21:40.371 [FXGL Background Thread 1 ] DEBUG FXGL.DefaultMenu     - createMenuBodyGameMenu()
18:21:40.378 [FXGL Background Thread 1 ] DEBUG FXGL.DefaultMenu     - createOptionsMenu()
18:21:40.381 [FXGL Background Thread 1 ] DEBUG AssetLoaderService   - Loading from file system: /assets/textures/particles/smoke.png
18:21:40.418 [FXGL Background Thread 1 ] DEBUG WindowService        - Application scenes initialized
18:21:40.423 [FXGL Background Thread 1 ] DEBUG SystemBundleService  - Loading FXGL system data
18:21:40.426 [FXGL Background Thread 1 ] DEBUG FileSystemAccess     - Reading from: C:\Users\micha\Desktop\JavaMooseGame\system\fxgl.bundle
18:21:40.430 [FXGL Background Thread 1 ] DEBUG SystemBundleService  - Bundle FXGL: {}
18:21:40.430 [FXGL Background Thread 1 ] INFO  Engine               - FXGL initialization took: 0.457 sec
18:21:40.431 [FXGL Background Thread 1 ] DEBUG GameApplication      - Loading localizations
18:21:40.431 [FXGL Background Thread 1 ] DEBUG AssetLoaderService   - Loading from file system: /assets/properties/languages/english.properties
18:21:40.433 [FXGL Background Thread 1 ] DEBUG AssetLoaderService   - Loading from file system: /assets/properties/languages/french.properties
18:21:40.433 [FXGL Background Thread 1 ] DEBUG AssetLoaderService   - Loading from file system: /assets/properties/languages/german.properties
18:21:40.434 [FXGL Background Thread 1 ] DEBUG AssetLoaderService   - Loading from file system: /assets/properties/languages/hungarian.properties
18:21:40.435 [FXGL Background Thread 1 ] DEBUG AssetLoaderService   - Loading from file system: /assets/properties/languages/russian.properties
18:21:40.436 [FXGL Background Thread 1 ] DEBUG GameApplication      - Registering font factories with UI factory
18:21:40.436 [FXGL Background Thread 1 ] DEBUG AssetLoaderService   - Loading from file system: /assets/ui/fonts/VarelaRound-Regular.ttf
18:21:40.475 [FXGL Background Thread 1 ] DEBUG AssetLoaderService   - Loading from file system: /assets/ui/fonts/Abel-Regular.ttf
18:21:40.482 [FXGL Background Thread 1 ] DEBUG AssetLoaderService   - Loading from file system: /assets/ui/fonts/lucida_console.ttf
18:21:40.491 [FXGL Background Thread 1 ] DEBUG AssetLoaderService   - Loading from file system: /assets/ui/fonts/Courier-Prime.ttf
18:21:40.504 [JavaFX Application Thread] DEBUG Input                - Registered new binding: action0 - A
18:21:40.504 [JavaFX Application Thread] DEBUG Input                - Registered new binding: action1 - S
18:21:40.504 [JavaFX Application Thread] DEBUG Input                - Registered new binding: action2 - D
18:21:40.504 [JavaFX Application Thread] DEBUG Input                - Registered new binding: action3 - W
18:21:40.505 [JavaFX Application Thread] DEBUG Input                - Registered new binding: action4 - 1
18:21:40.505 [JavaFX Application Thread] DEBUG Input                - Registered new binding: action5 - 2
18:21:40.505 [JavaFX Application Thread] DEBUG Input                - Registered new binding: action6 - 3
18:21:40.505 [JavaFX Application Thread] DEBUG Input                - Registered new binding: action7 - Left
18:21:40.505 [JavaFX Application Thread] DEBUG Input                - Registered new binding: action8 - Down
18:21:40.505 [JavaFX Application Thread] DEBUG Input                - Registered new binding: action9 - Right
18:21:40.506 [JavaFX Application Thread] DEBUG Input                - Registered new binding: action10 - Up
18:21:40.506 [JavaFX Application Thread] DEBUG AssetLoaderService   - Loading from file system: /assets/textures/fxgl_icon.png
18:21:40.514 [JavaFX Application Thread] DEBUG AssetLoaderService   - Loading from file system: /assets/ui/cursors/fxgl_default.png
18:21:40.515 [JavaFX Application Thread] DEBUG Input                - Registered new binding: Screenshot - P
18:21:40.515 [JavaFX Application Thread] DEBUG Input                - Registered new binding: System info dump - CTRL+9
18:21:40.515 [JavaFX Application Thread] DEBUG Input                - Registered new binding: Restart - CTRL+R
18:21:40.516 [JavaFX Application Thread] DEBUG LoopRunner           - Starting loop
18:21:40.524 [JavaFX Application Thread] DEBUG FXGLStartupScene     - STARTUP
18:21:40.524 [JavaFX Application Thread] DEBUG Input                - Clearing active input actions
18:21:40.535 [JavaFX Application Thread] DEBUG WindowService        - Removing overlay from FXGLStartupScene and adding to MooseGameMenu
18:21:40.535 [JavaFX Application Thread] DEBUG MainWindow           - FXGLStartupScene -> MooseGameMenu
18:21:41.480 [JavaFX Application Thread] DEBUG Menu                 - fireNewGame()
18:21:41.480 [JavaFX Application Thread] DEBUG WindowService        - Starting new game
18:21:41.480 [JavaFX Application Thread] DEBUG Input                - Clearing active input actions
18:21:41.487 [JavaFX Application Thread] DEBUG WindowService        - Removing overlay from MooseGameMenu and adding to FXGLLoadingScene
18:21:41.488 [JavaFX Application Thread] DEBUG MainWindow           - MooseGameMenu -> FXGLLoadingScene
18:21:41.488 [JavaFX Application Thread] DEBUG WindowService        - Clearing previous game
18:21:41.488 [JavaFX Application Thread] DEBUG GameScene            - Clearing game scene
18:21:41.488 [JavaFX Application Thread] DEBUG GameWorld            - Clearing game world
18:21:41.488 [JavaFX Application Thread] DEBUG PhysicsWorld         - Clearing physics world
18:21:41.489 [JavaFX Application Thread] DEBUG AudioPlayer          - Stopping music com.almasb.fxgl.audio.Music@4b35bfd3
18:21:41.489 [FXGL Background Thread 1 ] DEBUG GameApplication      - Initializing game
18:21:41.495 [FXGL Background Thread 1 ] DEBUG FileSystemAccess     - Reading from: C:\Users\micha\Desktop\JavaMooseGame\.\highscores.dat
18:21:41.497 [FXGL Background Thread 1 ] DEBUG AssetLoaderService   - Loading from file system: /assets/music/Poisoncut_GameLoop.mp3
18:21:41.499 [FXGL Background Thread 1 ] DEBUG AudioPlayer          - Playing music com.almasb.fxgl.audio.Music@7fb3953b
18:21:41.501 [FXGL Background Thread 1 ] DEBUG AssetLoaderService   - Loading from file system: /assets/textures/road_with_patches.png
18:21:41.509 [FXGL Background Thread 1 ] DEBUG AssetLoaderService   - Loading from cache: /assets/textures/road_with_patches.png
18:21:41.509 [FXGL Background Thread 1 ] DEBUG AssetLoaderService   - Loading from file system: /assets/textures/car1.png
18:21:41.519 [FXGL Background Thread 1 ] DEBUG AssetLoaderService   - Loading from file system: /assets/textures/signpost.png
18:21:41.523 [FXGL Background Thread 1 ] DEBUG AssetLoaderService   - Loading from file system: /assets/ui/moosegame_ui.fxml
18:21:41.567 [FXGL Background Thread 1 ] INFO  GameApplication      - Game initialization took: 0.079 sec
18:21:41.568 [JavaFX Application Thread] DEBUG Input                - Clearing active input actions
18:21:41.575 [JavaFX Application Thread] DEBUG WindowService        - Removing overlay from FXGLLoadingScene and adding to GameScene
18:21:41.575 [JavaFX Application Thread] DEBUG MainWindow           - FXGLLoadingScene -> GameScene
18:21:43.432 [FXGL Background Thread 2 ] DEBUG Engine               - Logging environment variables
18:21:43.432 [FXGL Background Thread 2 ] DEBUG Engine               - achievements: []
18:21:43.432 [FXGL Background Thread 2 ] DEBUG Engine               - language: ObjectProperty [value: ENGLISH]
18:21:43.432 [FXGL Background Thread 2 ] DEBUG Engine               - isCloseConfirmation: false
18:21:43.432 [FXGL Background Thread 2 ] DEBUG Engine               - isProfilingEnabled: false
18:21:43.432 [FXGL Background Thread 2 ] DEBUG Engine               - soundNotification: core/notification.wav
18:21:43.432 [FXGL Background Thread 2 ] DEBUG Engine               - devShowBBoxProperty: BooleanProperty [value: false]
18:21:43.432 [FXGL Background Thread 2 ] DEBUG Engine               - pixelsPerMeter: 50.0
18:21:43.432 [FXGL Background Thread 2 ] DEBUG Engine               - appIcon: fxgl_icon.png
18:21:43.432 [FXGL Background Thread 2 ] DEBUG Engine               - soundMenuBack: menu/back.wav
18:21:43.432 [FXGL Background Thread 2 ] DEBUG Engine               - isFullScreenAllowed: false
18:21:43.432 [FXGL Background Thread 2 ] DEBUG Engine               - isIntroEnabled: false
18:21:43.432 [FXGL Background Thread 2 ] DEBUG Engine               - fontMono: lucida_console.ttf
18:21:43.432 [FXGL Background Thread 2 ] DEBUG Engine               - soundMenuSelect: menu/select.wav
18:21:43.432 [FXGL Background Thread 2 ] DEBUG Engine               - isWindows: true
18:21:43.432 [FXGL Background Thread 2 ] DEBUG Engine               - isMobile: false
18:21:43.432 [FXGL Background Thread 2 ] DEBUG Engine               - isUserProfileEnabled: false
18:21:43.433 [FXGL Background Thread 2 ] DEBUG Engine               - height: 900
18:21:43.433 [FXGL Background Thread 2 ] DEBUG Engine               - isExperimentalNative: false
18:21:43.433 [FXGL Background Thread 2 ] DEBUG Engine               - settings: Title: MooseGame
Version: 0.3
Width: 600
Height: 900
Fullscreen: false
Intro: false
Menus: true
Profiling: false
Single step:false
App Mode: DEVELOPER
Menu Key: ESCAPE
Stage Style: DECORATED
Scene Factory: class MooseGameApp$1

18:21:43.433 [FXGL Background Thread 2 ] DEBUG Engine               - isSingleStep: false
18:21:43.433 [FXGL Background Thread 2 ] DEBUG Engine               - cSSList: [fxgl_dark.css]
18:21:43.433 [FXGL Background Thread 2 ] DEBUG Engine               - fontGame: Abel-Regular.ttf
18:21:43.433 [FXGL Background Thread 2 ] DEBUG Engine               - menuKey: ESCAPE
18:21:43.433 [FXGL Background Thread 2 ] DEBUG Engine               - devShowPositionProperty: BooleanProperty [value: false]
18:21:43.433 [FXGL Background Thread 2 ] DEBUG Engine               - versionCheckDays: 7
18:21:43.433 [FXGL Background Thread 2 ] DEBUG Engine               - configClass: Optional.empty
18:21:43.433 [FXGL Background Thread 2 ] DEBUG Engine               - isFullScreenFromStart: false
18:21:43.433 [FXGL Background Thread 2 ] DEBUG Engine               - version: 0.3
18:21:43.433 [FXGL Background Thread 2 ] DEBUG Engine               - fullScreen: BooleanProperty [value: false]
18:21:43.433 [FXGL Background Thread 2 ] DEBUG Engine               - randomSeed: -1
18:21:43.433 [FXGL Background Thread 2 ] DEBUG Engine               - gameDifficultyProperty: ObjectProperty [value: MEDIUM]
18:21:43.433 [FXGL Background Thread 2 ] DEBUG Engine               - applicationMode: DEVELOPER
18:21:43.433 [FXGL Background Thread 2 ] DEBUG Engine               - isMac: false
18:21:43.433 [FXGL Background Thread 2 ] DEBUG Engine               - isMenuEnabled: true
18:21:43.433 [FXGL Background Thread 2 ] DEBUG Engine               - profileName: StringProperty [value: DEFAULT]
18:21:43.433 [FXGL Background Thread 2 ] DEBUG Engine               - urlPOM: https://raw.githubusercontent.com/AlmasB/FXGL/master/pom.xml
18:21:43.433 [FXGL Background Thread 2 ] DEBUG Engine               - notificationViewClass: class com.almasb.fxgl.notification.view.XboxNotificationView
18:21:43.434 [FXGL Background Thread 2 ] DEBUG Engine               - devSensorColorProperty: ObjectProperty [value: 0xffff00ff]
18:21:43.434 [FXGL Background Thread 2 ] DEBUG Engine               - sceneFactory: MooseGameApp$1@2d6493c6
18:21:43.434 [FXGL Background Thread 2 ] DEBUG Engine               - stageStyle: DECORATED
18:21:43.434 [FXGL Background Thread 2 ] DEBUG Engine               - isManualResizeEnabled: false
18:21:43.434 [FXGL Background Thread 2 ] DEBUG Engine               - title: MooseGame
18:21:43.434 [FXGL Background Thread 2 ] DEBUG Engine               - platform: WINDOWS
18:21:43.434 [FXGL Background Thread 2 ] DEBUG Engine               - devBBoxColorProperty: ObjectProperty [value: 0xff0000ff]
18:21:43.434 [FXGL Background Thread 2 ] DEBUG Engine               - gameDifficulty: MEDIUM
18:21:43.434 [FXGL Background Thread 2 ] DEBUG Engine               - isDesktop: true
18:21:43.434 [FXGL Background Thread 2 ] DEBUG Engine               - supportedLanguages: [ENGLISH, FRENCH, GERMAN, HUNGARIAN, RUSSIAN]
18:21:43.434 [FXGL Background Thread 2 ] DEBUG Engine               - credits: []
18:21:43.434 [FXGL Background Thread 2 ] DEBUG Engine               - globalMusicVolumeProperty: DoubleProperty [value: 0.5]
18:21:43.434 [FXGL Background Thread 2 ] DEBUG Engine               - isPreserveResizeRatio: false
18:21:43.434 [FXGL Background Thread 2 ] DEBUG Engine               - fontText: Courier-Prime.ttf
18:21:43.434 [FXGL Background Thread 2 ] DEBUG Engine               - isExperimentalTiledLargeMap: false
18:21:43.434 [FXGL Background Thread 2 ] DEBUG Engine               - secondsIn24h: 60
18:21:43.434 [FXGL Background Thread 2 ] DEBUG Engine               - runtimeInfo: RuntimeInfo(platform=WINDOWS, version=11.8, build=08.03.2020 09.09)
18:21:43.434 [FXGL Background Thread 2 ] DEBUG Engine               - isLinux: false
18:21:43.434 [FXGL Background Thread 2 ] DEBUG Engine               - soundMenuPress: menu/press.wav
18:21:43.434 [FXGL Background Thread 2 ] DEBUG Engine               - urlGithub: https://github.com/AlmasB/FXGL
18:21:43.434 [FXGL Background Thread 2 ] DEBUG Engine               - profileDir: profiles/
18:21:43.434 [FXGL Background Thread 2 ] DEBUG Engine               - isDeveloperMenuEnabled: false
18:21:43.434 [FXGL Background Thread 2 ] DEBUG Engine               - globalSoundVolumeProperty: DoubleProperty [value: 0.5]
18:21:43.434 [FXGL Background Thread 2 ] DEBUG Engine               - mainWindow: com.almasb.fxgl.app.MainWindow@295b12b2
18:21:43.434 [FXGL Background Thread 2 ] DEBUG Engine               - isBrowser: false
18:21:43.435 [FXGL Background Thread 2 ] DEBUG Engine               - globalSoundVolume: 0.5
18:21:43.435 [FXGL Background Thread 2 ] DEBUG Engine               - urlLeaderboard: http://fxgl-top.herokuapp.com/
18:21:43.435 [FXGL Background Thread 2 ] DEBUG Engine               - engineServices: [class com.almasb.fxgl.app.GameApplication$GameApplicationService, class com.almasb.fxgl.app.services.WindowService, class com.almasb.fxgl.app.services.FXGLDialogService, class com.almasb.fxgl.app.services.IOTaskExecutorService, class com.almasb.fxgl.event.EventBusService, class com.almasb.fxgl.io.FileSystemService, class com.almasb.fxgl.localization.LocalizationService, class com.almasb.fxgl.app.services.AssetLoaderService, class com.almasb.fxgl.app.services.SystemBundleService, class com.almasb.fxgl.profile.SaveLoadService, class com.almasb.fxgl.ui.FXGLUIFactoryServiceProvider, class com.almasb.fxgl.ui.FXGLDialogFactoryServiceProvider, class com.almasb.fxgl.audio.AudioPlayer, class com.almasb.fxgl.notification.impl.NotificationServiceProvider, class com.almasb.fxgl.achievement.AchievementService, class com.almasb.fxgl.cutscene.CutsceneService, class com.almasb.fxgl.minigames.MiniGameService, class com.almasb.fxgl.net.NetService, class com.almasb.fxgl.app.services.UpdaterService]
18:21:43.435 [FXGL Background Thread 2 ] DEBUG Engine               - globalMusicVolume: 0.5
18:21:43.435 [FXGL Background Thread 2 ] DEBUG Engine               - width: 600
18:21:43.435 [FXGL Background Thread 2 ] DEBUG Engine               - saveFileExt: sav
18:21:43.435 [FXGL Background Thread 2 ] DEBUG Engine               - isAndroid: false
18:21:43.435 [FXGL Background Thread 2 ] DEBUG Engine               - fontUI: VarelaRound-Regular.ttf
18:21:43.435 [FXGL Background Thread 2 ] DEBUG Engine               - enabledMenuItems: []
18:21:43.435 [FXGL Background Thread 2 ] DEBUG Engine               - isIOS: false
18:21:43.435 [FXGL Background Thread 2 ] DEBUG Engine               - Logging services
18:21:43.435 [FXGL Background Thread 2 ] DEBUG Engine               - class com.almasb.fxgl.app.GameApplication$GameApplicationService
18:21:43.435 [FXGL Background Thread 2 ] DEBUG Engine               - class com.almasb.fxgl.app.services.WindowService
18:21:43.435 [FXGL Background Thread 2 ] DEBUG Engine               - class com.almasb.fxgl.app.services.FXGLDialogService
18:21:43.435 [FXGL Background Thread 2 ] DEBUG Engine               - class com.almasb.fxgl.app.services.IOTaskExecutorService
18:21:43.435 [FXGL Background Thread 2 ] DEBUG Engine               - class com.almasb.fxgl.event.EventBusService
18:21:43.435 [FXGL Background Thread 2 ] DEBUG Engine               - class com.almasb.fxgl.io.FileSystemService
18:21:43.435 [FXGL Background Thread 2 ] DEBUG Engine               - class com.almasb.fxgl.localization.LocalizationService
18:21:43.435 [FXGL Background Thread 2 ] DEBUG Engine               - class com.almasb.fxgl.app.services.AssetLoaderService
18:21:43.435 [FXGL Background Thread 2 ] DEBUG Engine               - class com.almasb.fxgl.app.services.SystemBundleService
18:21:43.435 [FXGL Background Thread 2 ] DEBUG Engine               - class com.almasb.fxgl.profile.SaveLoadService
18:21:43.435 [FXGL Background Thread 2 ] DEBUG Engine               - class com.almasb.fxgl.ui.FXGLUIFactoryServiceProvider
18:21:43.435 [FXGL Background Thread 2 ] DEBUG Engine               - class com.almasb.fxgl.ui.FXGLDialogFactoryServiceProvider
18:21:43.436 [FXGL Background Thread 2 ] DEBUG Engine               - class com.almasb.fxgl.audio.AudioPlayer
18:21:43.436 [FXGL Background Thread 2 ] DEBUG Engine               - class com.almasb.fxgl.notification.impl.NotificationServiceProvider
18:21:43.436 [FXGL Background Thread 2 ] DEBUG Engine               - class com.almasb.fxgl.achievement.AchievementService
18:21:43.436 [FXGL Background Thread 2 ] DEBUG Engine               - class com.almasb.fxgl.cutscene.CutsceneService
18:21:43.436 [FXGL Background Thread 2 ] DEBUG Engine               - class com.almasb.fxgl.minigames.MiniGameService
18:21:43.436 [FXGL Background Thread 2 ] DEBUG Engine               - class com.almasb.fxgl.net.NetService
18:21:43.436 [FXGL Background Thread 2 ] DEBUG Engine               - class com.almasb.fxgl.app.services.UpdaterService
18:21:44.953 [JavaFX Application Thread] DEBUG AssetLoaderService   - Loading from file system: /assets/textures/potHole.png
18:21:45.784 [JavaFX Application Thread] DEBUG AssetLoaderService   - Loading from file system: /assets/textures/mooseWalkAnimation.png
18:21:45.793 [JavaFX Application Thread] DEBUG AssetLoaderService   - Loading from cache: /assets/textures/mooseWalkAnimation.png
18:21:47.864 [JavaFX Application Thread] DEBUG AssetLoaderService   - Loading from file system: /assets/textures/gasTank.PNG
18:21:48.292 [JavaFX Application Thread] DEBUG AssetLoaderService   - Loading from cache: /assets/textures/potHole.png
18:21:49.951 [JavaFX Application Thread] DEBUG AssetLoaderService   - Loading from cache: /assets/textures/mooseWalkAnimation.png
18:21:49.952 [JavaFX Application Thread] DEBUG AssetLoaderService   - Loading from cache: /assets/textures/mooseWalkAnimation.png
18:21:51.653 [JavaFX Application Thread] DEBUG AssetLoaderService   - Loading from cache: /assets/textures/potHole.png
18:21:54.152 [JavaFX Application Thread] DEBUG AssetLoaderService   - Loading from cache: /assets/textures/mooseWalkAnimation.png
18:21:54.153 [JavaFX Application Thread] DEBUG AssetLoaderService   - Loading from cache: /assets/textures/mooseWalkAnimation.png
18:21:54.154 [JavaFX Application Thread] DEBUG AssetLoaderService   - Loading from cache: /assets/textures/gasTank.PNG
18:21:55.000 [JavaFX Application Thread] DEBUG AssetLoaderService   - Loading from cache: /assets/textures/potHole.png
18:21:55.125 [JavaFX Application Thread] DEBUG AssetLoaderService   - Loading from file system: /assets/sounds/explosion.wav
18:21:55.127 [JavaFX Application Thread] DEBUG AssetLoaderService   - Loading from file system: /assets/textures/explosion.png
18:21:55.136 [JavaFX Application Thread] DEBUG AudioPlayer          - Stopping music com.almasb.fxgl.audio.Music@7fb3953b
18:21:55.177 [JavaFX Application Thread] DEBUG MainWindow           - Push state: DialogSubScene
18:21:55.177 [JavaFX Application Thread] DEBUG Input                - Clearing active input actions
18:21:55.182 [JavaFX Application Thread] DEBUG WindowService        - Removing overlay from GameScene and adding to DialogSubScene
18:21:55.182 [JavaFX Application Thread] DEBUG MainWindow           - GameScene -> DialogSubScene
18:21:58.212 [JavaFX Application Thread] DEBUG MainWindow           - Pop state: DialogSubScene
18:21:58.212 [JavaFX Application Thread] DEBUG Input                - Clearing active input actions
18:21:58.212 [JavaFX Application Thread] DEBUG WindowService        - Removing overlay from DialogSubScene and adding to GameScene
18:21:58.213 [JavaFX Application Thread] DEBUG MainWindow           - GameScene <- DialogSubScene
18:21:58.219 [JavaFX Application Thread] DEBUG MainWindow           - Push state: DialogSubScene
18:21:58.220 [JavaFX Application Thread] DEBUG Input                - Clearing active input actions
18:21:58.222 [JavaFX Application Thread] DEBUG WindowService        - Removing overlay from GameScene and adding to DialogSubScene
18:21:58.222 [JavaFX Application Thread] DEBUG MainWindow           - GameScene -> DialogSubScene
18:22:02.024 [JavaFX Application Thread] DEBUG MainWindow           - Pop state: DialogSubScene
18:22:02.024 [JavaFX Application Thread] DEBUG Input                - Clearing active input actions
18:22:02.025 [JavaFX Application Thread] DEBUG WindowService        - Removing overlay from DialogSubScene and adding to GameScene
18:22:02.025 [JavaFX Application Thread] DEBUG MainWindow           - GameScene <- DialogSubScene
18:22:02.028 [JavaFX Application Thread] DEBUG FileSystemAccess     - Writing to: C:\Users\micha\Desktop\JavaMooseGame\.\highscores.dat
18:22:02.029 [JavaFX Application Thread] DEBUG Input                - Clearing active input actions
18:22:02.034 [JavaFX Application Thread] DEBUG WindowService        - Removing overlay from GameScene and adding to MooseGameMenu
18:22:02.034 [JavaFX Application Thread] DEBUG MainWindow           - GameScene -> MooseGameMenu
18:22:11.232 [JavaFX Application Thread] DEBUG GameApplication      - Exiting FXGL
18:22:11.232 [JavaFX Application Thread] DEBUG LoopRunner           - Stopping loop
18:22:11.232 [JavaFX Application Thread] DEBUG SystemBundleService  - Saving FXGL system data
18:22:11.233 [JavaFX Application Thread] DEBUG FileSystemAccess     - Writing to: C:\Users\micha\Desktop\JavaMooseGame\system\fxgl.bundle
18:22:11.233 [JavaFX Application Thread] DEBUG GameApplication      - Shutting down background threads
18:22:11.233 [JavaFX Application Thread] DEBUG GameApplication      - Closing logger and exiting JavaFX
