14:16:03.851 [main                     ] DEBUG GameApplication      - Logger initialized
14:16:03.858 [main                     ] DEBUG GameApplication      - Logging settings
Title: MooseGame
Version: 0.3
Width: 600
Height: 900
Fullscreen: false
Intro: false
Menus: true
Profiling: false
Single step:false
App Mode: DEVELOPER
Menu Key: ESCAPE
Stage Style: DECORATED
Scene Factory: class MooseGameApp$1

14:16:04.436 [JavaFX Application Thread] DEBUG GameApplication      - Initializing FXGL
14:16:04.452 [JavaFX Application Thread] INFO  Engine               - FXGL-11.8 (08.03.2020 09.09) on WINDOWS (J:14.0.1 FX:13.0.2)
14:16:04.452 [JavaFX Application Thread] INFO  Engine               - Source code and latest versions at: https://github.com/AlmasB/FXGL
14:16:04.452 [JavaFX Application Thread] INFO  Engine               -              Join the FXGL chat at: https://gitter.im/AlmasB/FXGL
14:16:04.583 [JavaFX Application Thread] DEBUG MainWindow           - Creating a JavaFX scene
14:16:04.648 [JavaFX Application Thread] DEBUG MainWindow           - Target settings size: 600.0 x 900.0
14:16:04.648 [JavaFX Application Thread] DEBUG MainWindow           - Scaled scene size:    600.0 x 900.0
14:16:04.648 [JavaFX Application Thread] DEBUG MainWindow           - Scaled ratio: (1.0, 1.0)
14:16:04.649 [JavaFX Application Thread] DEBUG MainWindow           - Set initial scene to FXGLStartupScene
14:16:04.658 [JavaFX Application Thread] DEBUG MainWindow           - Opening main window
14:16:04.758 [JavaFX Application Thread] DEBUG MainWindow           - Window border size: (16.0, 39.0)
14:16:04.759 [JavaFX Application Thread] DEBUG MainWindow           - Scaled size: 600.0 x 900.0
14:16:04.759 [JavaFX Application Thread] DEBUG MainWindow           - Scaled ratio: (1.0, 1.0)
14:16:04.759 [JavaFX Application Thread] DEBUG MainWindow           - Scene size: 600.0 x 900.0
14:16:04.759 [JavaFX Application Thread] DEBUG MainWindow           - Stage size: 616.0 x 939.0
14:16:04.767 [FXGL Background Thread 1 ] DEBUG Engine               - Initializing environment variables
14:16:04.797 [FXGL Background Thread 1 ] DEBUG WindowService        - Applying CSS: fxgl_dark.css
14:16:04.798 [FXGL Background Thread 1 ] DEBUG AssetLoaderService   - Loading from file system: /assets/ui/css/fxgl_dark.css
14:16:04.839 [FXGL Background Thread 1 ] DEBUG WindowService        - Initializing application scenes
14:16:04.875 [FXGL Background Thread 1 ] DEBUG GameWorld            - Game world initialized
14:16:04.913 [FXGL Background Thread 1 ] DEBUG PhysicsWorld         - Physics world initialized: appHeight=900, physics.ppm=50.0
14:16:04.915 [FXGL Background Thread 1 ] DEBUG GameScene            - Game scene initialized: 600x900
14:16:04.923 [FXGL Background Thread 1 ] DEBUG AssetLoaderService   - Loading from file system: /assets/textures/Roadway.png
14:16:04.994 [FXGL Background Thread 1 ] DEBUG AssetLoaderService   - Loading from file system: /assets/sounds/selection.mp3
14:16:05.138 [FXGL Background Thread 1 ] DEBUG AssetLoaderService   - Loading from cache: /assets/sounds/selection.mp3
14:16:05.138 [FXGL Background Thread 1 ] DEBUG AssetLoaderService   - Loading from cache: /assets/sounds/selection.mp3
14:16:05.139 [FXGL Background Thread 1 ] DEBUG AssetLoaderService   - Loading from cache: /assets/sounds/selection.mp3
14:16:05.140 [FXGL Background Thread 1 ] DEBUG AssetLoaderService   - Loading from cache: /assets/sounds/selection.mp3
14:16:05.153 [FXGL Background Thread 1 ] DEBUG AssetLoaderService   - Loading from cache: /assets/sounds/selection.mp3
14:16:05.154 [FXGL Background Thread 1 ] DEBUG AssetLoaderService   - Loading from cache: /assets/sounds/selection.mp3
14:16:05.155 [FXGL Background Thread 1 ] DEBUG AssetLoaderService   - Loading from cache: /assets/sounds/selection.mp3
14:16:05.157 [FXGL Background Thread 1 ] DEBUG AssetLoaderService   - Loading from cache: /assets/sounds/selection.mp3
14:16:05.158 [FXGL Background Thread 1 ] DEBUG AssetLoaderService   - Loading from file system: /assets/music/Poisoncut_-_MenuMusic.mp3
14:16:05.226 [FXGL Background Thread 1 ] DEBUG AudioPlayer          - Playing music com.almasb.fxgl.audio.Music@5bf8441e
14:16:05.246 [FXGL Background Thread 1 ] DEBUG AssetLoaderService   - Loading from file system: /assets/textures/particles/trace_horizontal.png
14:16:05.275 [FXGL Background Thread 1 ] WARN  FXGL.DefaultMenu     - FXGLDefaultMenu is not designed for resolutions < 800x600
14:16:05.276 [FXGL Background Thread 1 ] DEBUG FXGL.DefaultMenu     - createMenuBodyGameMenu()
14:16:05.288 [FXGL Background Thread 1 ] DEBUG FXGL.DefaultMenu     - createOptionsMenu()
14:16:05.292 [FXGL Background Thread 1 ] DEBUG AssetLoaderService   - Loading from file system: /assets/textures/particles/smoke.png
14:16:05.336 [FXGL Background Thread 1 ] DEBUG WindowService        - Application scenes initialized
14:16:05.344 [FXGL Background Thread 1 ] DEBUG SystemBundleService  - Loading FXGL system data
14:16:05.348 [FXGL Background Thread 1 ] DEBUG FileSystemAccess     - Reading from: C:\Users\micha\Desktop\JavaMooseGame\system\fxgl.bundle
14:16:05.354 [FXGL Background Thread 1 ] DEBUG SystemBundleService  - Bundle FXGL: {}
14:16:05.354 [FXGL Background Thread 1 ] INFO  Engine               - FXGL initialization took: 0.585 sec
14:16:05.355 [FXGL Background Thread 1 ] DEBUG GameApplication      - Loading localizations
14:16:05.356 [FXGL Background Thread 1 ] DEBUG AssetLoaderService   - Loading from file system: /assets/properties/languages/english.properties
14:16:05.357 [FXGL Background Thread 1 ] DEBUG AssetLoaderService   - Loading from file system: /assets/properties/languages/french.properties
14:16:05.358 [FXGL Background Thread 1 ] DEBUG AssetLoaderService   - Loading from file system: /assets/properties/languages/german.properties
14:16:05.359 [FXGL Background Thread 1 ] DEBUG AssetLoaderService   - Loading from file system: /assets/properties/languages/hungarian.properties
14:16:05.359 [FXGL Background Thread 1 ] DEBUG AssetLoaderService   - Loading from file system: /assets/properties/languages/russian.properties
14:16:05.360 [FXGL Background Thread 1 ] DEBUG GameApplication      - Registering font factories with UI factory
14:16:05.360 [FXGL Background Thread 1 ] DEBUG AssetLoaderService   - Loading from file system: /assets/ui/fonts/VarelaRound-Regular.ttf
14:16:05.404 [FXGL Background Thread 1 ] DEBUG AssetLoaderService   - Loading from file system: /assets/ui/fonts/Abel-Regular.ttf
14:16:05.413 [FXGL Background Thread 1 ] DEBUG AssetLoaderService   - Loading from file system: /assets/ui/fonts/lucida_console.ttf
14:16:05.423 [FXGL Background Thread 1 ] DEBUG AssetLoaderService   - Loading from file system: /assets/ui/fonts/Courier-Prime.ttf
14:16:05.439 [JavaFX Application Thread] DEBUG Input                - Registered new binding: action0 - A
14:16:05.439 [JavaFX Application Thread] DEBUG Input                - Registered new binding: action1 - S
14:16:05.439 [JavaFX Application Thread] DEBUG Input                - Registered new binding: action2 - D
14:16:05.440 [JavaFX Application Thread] DEBUG Input                - Registered new binding: action3 - W
14:16:05.440 [JavaFX Application Thread] DEBUG Input                - Registered new binding: action4 - 1
14:16:05.440 [JavaFX Application Thread] DEBUG Input                - Registered new binding: action5 - 2
14:16:05.440 [JavaFX Application Thread] DEBUG Input                - Registered new binding: action6 - 3
14:16:05.441 [JavaFX Application Thread] DEBUG Input                - Registered new binding: action7 - Left
14:16:05.441 [JavaFX Application Thread] DEBUG Input                - Registered new binding: action8 - Down
14:16:05.441 [JavaFX Application Thread] DEBUG Input                - Registered new binding: action9 - Right
14:16:05.441 [JavaFX Application Thread] DEBUG Input                - Registered new binding: action10 - Up
14:16:05.441 [JavaFX Application Thread] DEBUG AssetLoaderService   - Loading from file system: /assets/textures/fxgl_icon.png
14:16:05.453 [JavaFX Application Thread] DEBUG AssetLoaderService   - Loading from file system: /assets/ui/cursors/fxgl_default.png
14:16:05.455 [JavaFX Application Thread] DEBUG Input                - Registered new binding: Screenshot - P
14:16:05.455 [JavaFX Application Thread] DEBUG Input                - Registered new binding: System info dump - CTRL+9
14:16:05.456 [JavaFX Application Thread] DEBUG Input                - Registered new binding: Restart - CTRL+R
14:16:05.456 [JavaFX Application Thread] DEBUG LoopRunner           - Starting loop
14:16:05.466 [JavaFX Application Thread] DEBUG FXGLStartupScene     - STARTUP
14:16:05.466 [JavaFX Application Thread] DEBUG Input                - Clearing active input actions
14:16:05.482 [JavaFX Application Thread] DEBUG WindowService        - Removing overlay from FXGLStartupScene and adding to MooseGameMenu
14:16:05.483 [JavaFX Application Thread] DEBUG MainWindow           - FXGLStartupScene -> MooseGameMenu
14:16:06.270 [JavaFX Application Thread] DEBUG FileSystemAccess     - Reading from: C:\Users\micha\Desktop\JavaMooseGame\.\highscores.dat
14:16:06.273 [JavaFX Application Thread] DEBUG AssetLoaderService   - Loading from cache: /assets/sounds/selection.mp3
14:16:08.355 [FXGL Background Thread 2 ] DEBUG Engine               - Logging environment variables
14:16:08.355 [FXGL Background Thread 2 ] DEBUG Engine               - achievements: []
14:16:08.355 [FXGL Background Thread 2 ] DEBUG Engine               - language: ObjectProperty [value: ENGLISH]
14:16:08.355 [FXGL Background Thread 2 ] DEBUG Engine               - isCloseConfirmation: false
14:16:08.355 [FXGL Background Thread 2 ] DEBUG Engine               - isProfilingEnabled: false
14:16:08.355 [FXGL Background Thread 2 ] DEBUG Engine               - soundNotification: core/notification.wav
14:16:08.355 [FXGL Background Thread 2 ] DEBUG Engine               - devShowBBoxProperty: BooleanProperty [value: false]
14:16:08.355 [FXGL Background Thread 2 ] DEBUG Engine               - pixelsPerMeter: 50.0
14:16:08.355 [FXGL Background Thread 2 ] DEBUG Engine               - appIcon: fxgl_icon.png
14:16:08.355 [FXGL Background Thread 2 ] DEBUG Engine               - soundMenuBack: menu/back.wav
14:16:08.355 [FXGL Background Thread 2 ] DEBUG Engine               - isFullScreenAllowed: false
14:16:08.355 [FXGL Background Thread 2 ] DEBUG Engine               - isIntroEnabled: false
14:16:08.356 [FXGL Background Thread 2 ] DEBUG Engine               - fontMono: lucida_console.ttf
14:16:08.356 [FXGL Background Thread 2 ] DEBUG Engine               - soundMenuSelect: menu/select.wav
14:16:08.356 [FXGL Background Thread 2 ] DEBUG Engine               - isWindows: true
14:16:08.356 [FXGL Background Thread 2 ] DEBUG Engine               - isMobile: false
14:16:08.356 [FXGL Background Thread 2 ] DEBUG Engine               - isUserProfileEnabled: false
14:16:08.356 [FXGL Background Thread 2 ] DEBUG Engine               - height: 900
14:16:08.356 [FXGL Background Thread 2 ] DEBUG Engine               - isExperimentalNative: false
14:16:08.356 [FXGL Background Thread 2 ] DEBUG Engine               - settings: Title: MooseGame
Version: 0.3
Width: 600
Height: 900
Fullscreen: false
Intro: false
Menus: true
Profiling: false
Single step:false
App Mode: DEVELOPER
Menu Key: ESCAPE
Stage Style: DECORATED
Scene Factory: class MooseGameApp$1

14:16:08.356 [FXGL Background Thread 2 ] DEBUG Engine               - isSingleStep: false
14:16:08.356 [FXGL Background Thread 2 ] DEBUG Engine               - cSSList: [fxgl_dark.css]
14:16:08.356 [FXGL Background Thread 2 ] DEBUG Engine               - fontGame: Abel-Regular.ttf
14:16:08.356 [FXGL Background Thread 2 ] DEBUG Engine               - menuKey: ESCAPE
14:16:08.357 [FXGL Background Thread 2 ] DEBUG Engine               - devShowPositionProperty: BooleanProperty [value: false]
14:16:08.357 [FXGL Background Thread 2 ] DEBUG Engine               - versionCheckDays: 7
14:16:08.357 [FXGL Background Thread 2 ] DEBUG Engine               - configClass: Optional.empty
14:16:08.357 [FXGL Background Thread 2 ] DEBUG Engine               - isFullScreenFromStart: false
14:16:08.357 [FXGL Background Thread 2 ] DEBUG Engine               - version: 0.3
14:16:08.357 [FXGL Background Thread 2 ] DEBUG Engine               - fullScreen: BooleanProperty [value: false]
14:16:08.357 [FXGL Background Thread 2 ] DEBUG Engine               - randomSeed: -1
14:16:08.357 [FXGL Background Thread 2 ] DEBUG Engine               - gameDifficultyProperty: ObjectProperty [value: MEDIUM]
14:16:08.357 [FXGL Background Thread 2 ] DEBUG Engine               - applicationMode: DEVELOPER
14:16:08.357 [FXGL Background Thread 2 ] DEBUG Engine               - isMac: false
14:16:08.357 [FXGL Background Thread 2 ] DEBUG Engine               - isMenuEnabled: true
14:16:08.357 [FXGL Background Thread 2 ] DEBUG Engine               - profileName: StringProperty [value: DEFAULT]
14:16:08.357 [FXGL Background Thread 2 ] DEBUG Engine               - urlPOM: https://raw.githubusercontent.com/AlmasB/FXGL/master/pom.xml
14:16:08.357 [FXGL Background Thread 2 ] DEBUG Engine               - notificationViewClass: class com.almasb.fxgl.notification.view.XboxNotificationView
14:16:08.358 [FXGL Background Thread 2 ] DEBUG Engine               - devSensorColorProperty: ObjectProperty [value: 0xffff00ff]
14:16:08.358 [FXGL Background Thread 2 ] DEBUG Engine               - sceneFactory: MooseGameApp$1@54602526
14:16:08.358 [FXGL Background Thread 2 ] DEBUG Engine               - stageStyle: DECORATED
14:16:08.358 [FXGL Background Thread 2 ] DEBUG Engine               - isManualResizeEnabled: false
14:16:08.358 [FXGL Background Thread 2 ] DEBUG Engine               - title: MooseGame
14:16:08.358 [FXGL Background Thread 2 ] DEBUG Engine               - platform: WINDOWS
14:16:08.358 [FXGL Background Thread 2 ] DEBUG Engine               - devBBoxColorProperty: ObjectProperty [value: 0xff0000ff]
14:16:08.358 [FXGL Background Thread 2 ] DEBUG Engine               - gameDifficulty: MEDIUM
14:16:08.358 [FXGL Background Thread 2 ] DEBUG Engine               - isDesktop: true
14:16:08.358 [FXGL Background Thread 2 ] DEBUG Engine               - supportedLanguages: [ENGLISH, FRENCH, GERMAN, HUNGARIAN, RUSSIAN]
14:16:08.358 [FXGL Background Thread 2 ] DEBUG Engine               - credits: []
14:16:08.358 [FXGL Background Thread 2 ] DEBUG Engine               - globalMusicVolumeProperty: DoubleProperty [value: 0.5]
14:16:08.359 [FXGL Background Thread 2 ] DEBUG Engine               - isPreserveResizeRatio: false
14:16:08.359 [FXGL Background Thread 2 ] DEBUG Engine               - fontText: Courier-Prime.ttf
14:16:08.359 [FXGL Background Thread 2 ] DEBUG Engine               - isExperimentalTiledLargeMap: false
14:16:08.359 [FXGL Background Thread 2 ] DEBUG Engine               - secondsIn24h: 60
14:16:08.359 [FXGL Background Thread 2 ] DEBUG Engine               - runtimeInfo: RuntimeInfo(platform=WINDOWS, version=11.8, build=08.03.2020 09.09)
14:16:08.359 [FXGL Background Thread 2 ] DEBUG Engine               - isLinux: false
14:16:08.359 [FXGL Background Thread 2 ] DEBUG Engine               - soundMenuPress: menu/press.wav
14:16:08.359 [FXGL Background Thread 2 ] DEBUG Engine               - urlGithub: https://github.com/AlmasB/FXGL
14:16:08.359 [FXGL Background Thread 2 ] DEBUG Engine               - profileDir: profiles/
14:16:08.359 [FXGL Background Thread 2 ] DEBUG Engine               - isDeveloperMenuEnabled: false
14:16:08.359 [FXGL Background Thread 2 ] DEBUG Engine               - globalSoundVolumeProperty: DoubleProperty [value: 0.5]
14:16:08.359 [FXGL Background Thread 2 ] DEBUG Engine               - mainWindow: com.almasb.fxgl.app.MainWindow@505fbb72
14:16:08.359 [FXGL Background Thread 2 ] DEBUG Engine               - isBrowser: false
14:16:08.359 [FXGL Background Thread 2 ] DEBUG Engine               - globalSoundVolume: 0.5
14:16:08.359 [FXGL Background Thread 2 ] DEBUG Engine               - urlLeaderboard: http://fxgl-top.herokuapp.com/
14:16:08.360 [FXGL Background Thread 2 ] DEBUG Engine               - engineServices: [class com.almasb.fxgl.app.GameApplication$GameApplicationService, class com.almasb.fxgl.app.services.WindowService, class com.almasb.fxgl.app.services.FXGLDialogService, class com.almasb.fxgl.app.services.IOTaskExecutorService, class com.almasb.fxgl.event.EventBusService, class com.almasb.fxgl.io.FileSystemService, class com.almasb.fxgl.localization.LocalizationService, class com.almasb.fxgl.app.services.AssetLoaderService, class com.almasb.fxgl.app.services.SystemBundleService, class com.almasb.fxgl.profile.SaveLoadService, class com.almasb.fxgl.ui.FXGLUIFactoryServiceProvider, class com.almasb.fxgl.ui.FXGLDialogFactoryServiceProvider, class com.almasb.fxgl.audio.AudioPlayer, class com.almasb.fxgl.notification.impl.NotificationServiceProvider, class com.almasb.fxgl.achievement.AchievementService, class com.almasb.fxgl.cutscene.CutsceneService, class com.almasb.fxgl.minigames.MiniGameService, class com.almasb.fxgl.net.NetService, class com.almasb.fxgl.app.services.UpdaterService]
14:16:08.360 [FXGL Background Thread 2 ] DEBUG Engine               - globalMusicVolume: 0.5
14:16:08.360 [FXGL Background Thread 2 ] DEBUG Engine               - width: 600
14:16:08.360 [FXGL Background Thread 2 ] DEBUG Engine               - saveFileExt: sav
14:16:08.360 [FXGL Background Thread 2 ] DEBUG Engine               - isAndroid: false
14:16:08.360 [FXGL Background Thread 2 ] DEBUG Engine               - fontUI: VarelaRound-Regular.ttf
14:16:08.360 [FXGL Background Thread 2 ] DEBUG Engine               - enabledMenuItems: []
14:16:08.360 [FXGL Background Thread 2 ] DEBUG Engine               - isIOS: false
14:16:08.360 [FXGL Background Thread 2 ] DEBUG Engine               - Logging services
14:16:08.360 [FXGL Background Thread 2 ] DEBUG Engine               - class com.almasb.fxgl.app.GameApplication$GameApplicationService
14:16:08.360 [FXGL Background Thread 2 ] DEBUG Engine               - class com.almasb.fxgl.app.services.WindowService
14:16:08.361 [FXGL Background Thread 2 ] DEBUG Engine               - class com.almasb.fxgl.app.services.FXGLDialogService
14:16:08.361 [FXGL Background Thread 2 ] DEBUG Engine               - class com.almasb.fxgl.app.services.IOTaskExecutorService
14:16:08.361 [FXGL Background Thread 2 ] DEBUG Engine               - class com.almasb.fxgl.event.EventBusService
14:16:08.361 [FXGL Background Thread 2 ] DEBUG Engine               - class com.almasb.fxgl.io.FileSystemService
14:16:08.361 [FXGL Background Thread 2 ] DEBUG Engine               - class com.almasb.fxgl.localization.LocalizationService
14:16:08.361 [FXGL Background Thread 2 ] DEBUG Engine               - class com.almasb.fxgl.app.services.AssetLoaderService
14:16:08.361 [FXGL Background Thread 2 ] DEBUG Engine               - class com.almasb.fxgl.app.services.SystemBundleService
14:16:08.361 [FXGL Background Thread 2 ] DEBUG Engine               - class com.almasb.fxgl.profile.SaveLoadService
14:16:08.361 [FXGL Background Thread 2 ] DEBUG Engine               - class com.almasb.fxgl.ui.FXGLUIFactoryServiceProvider
14:16:08.361 [FXGL Background Thread 2 ] DEBUG Engine               - class com.almasb.fxgl.ui.FXGLDialogFactoryServiceProvider
14:16:08.361 [FXGL Background Thread 2 ] DEBUG Engine               - class com.almasb.fxgl.audio.AudioPlayer
14:16:08.361 [FXGL Background Thread 2 ] DEBUG Engine               - class com.almasb.fxgl.notification.impl.NotificationServiceProvider
14:16:08.361 [FXGL Background Thread 2 ] DEBUG Engine               - class com.almasb.fxgl.achievement.AchievementService
14:16:08.361 [FXGL Background Thread 2 ] DEBUG Engine               - class com.almasb.fxgl.cutscene.CutsceneService
14:16:08.361 [FXGL Background Thread 2 ] DEBUG Engine               - class com.almasb.fxgl.minigames.MiniGameService
14:16:08.361 [FXGL Background Thread 2 ] DEBUG Engine               - class com.almasb.fxgl.net.NetService
14:16:08.362 [FXGL Background Thread 2 ] DEBUG Engine               - class com.almasb.fxgl.app.services.UpdaterService
14:16:09.782 [JavaFX Application Thread] DEBUG FileSystemAccess     - Reading from: C:\Users\micha\Desktop\JavaMooseGame\.\highscores.dat
14:16:09.782 [JavaFX Application Thread] DEBUG AssetLoaderService   - Loading from cache: /assets/sounds/selection.mp3
14:16:11.679 [JavaFX Application Thread] DEBUG Menu                 - fireNewGame()
14:16:11.679 [JavaFX Application Thread] DEBUG WindowService        - Starting new game
14:16:11.679 [JavaFX Application Thread] DEBUG Input                - Clearing active input actions
14:16:11.687 [JavaFX Application Thread] DEBUG WindowService        - Removing overlay from MooseGameMenu and adding to FXGLLoadingScene
14:16:11.687 [JavaFX Application Thread] DEBUG MainWindow           - MooseGameMenu -> FXGLLoadingScene
14:16:11.687 [JavaFX Application Thread] DEBUG WindowService        - Clearing previous game
14:16:11.687 [JavaFX Application Thread] DEBUG GameScene            - Clearing game scene
14:16:11.688 [JavaFX Application Thread] DEBUG GameWorld            - Clearing game world
14:16:11.688 [JavaFX Application Thread] DEBUG PhysicsWorld         - Clearing physics world
14:16:11.689 [JavaFX Application Thread] DEBUG AudioPlayer          - Stopping music com.almasb.fxgl.audio.Music@5bf8441e
14:16:11.697 [FXGL Background Thread 1 ] DEBUG FileSystemAccess     - Reading from: C:\Users\micha\Desktop\JavaMooseGame\.\highscores.dat
14:16:11.698 [FXGL Background Thread 1 ] DEBUG AssetLoaderService   - Loading from file system: /assets/music/Poisoncut_GameLoop.mp3
14:16:11.702 [FXGL Background Thread 1 ] DEBUG AudioPlayer          - Playing music com.almasb.fxgl.audio.Music@8071514
14:16:11.704 [FXGL Background Thread 1 ] DEBUG AssetLoaderService   - Loading from file system: /assets/textures/road_with_patches.png
14:16:11.714 [FXGL Background Thread 1 ] DEBUG AssetLoaderService   - Loading from cache: /assets/textures/road_with_patches.png
14:16:11.715 [FXGL Background Thread 1 ] DEBUG AssetLoaderService   - Loading from file system: /assets/textures//car0.png
14:16:11.726 [FXGL Background Thread 1 ] DEBUG AssetLoaderService   - Loading from file system: /assets/textures/signpost.png
14:16:11.731 [FXGL Background Thread 1 ] DEBUG AssetLoaderService   - Loading from file system: /assets/ui/moosegame_ui.fxml
14:16:11.804 [FXGL Background Thread 1 ] INFO  GameApplication      - Game initialization took: 0.115 sec
14:16:11.804 [JavaFX Application Thread] DEBUG Input                - Clearing active input actions
14:16:11.810 [JavaFX Application Thread] DEBUG WindowService        - Removing overlay from FXGLLoadingScene and adding to GameScene
14:16:11.810 [JavaFX Application Thread] DEBUG MainWindow           - FXGLLoadingScene -> GameScene
14:16:14.022 [JavaFX Application Thread] DEBUG AssetLoaderService   - Loading from file system: /assets/textures/mooseWalkAnimation.png
14:16:14.901 [JavaFX Application Thread] DEBUG AssetLoaderService   - Loading from file system: /assets/textures/potHole.png
14:16:15.335 [JavaFX Application Thread] DEBUG AssetLoaderService   - Loading from cache: /assets/textures/mooseWalkAnimation.png
14:16:16.212 [JavaFX Application Thread] DEBUG AssetLoaderService   - Loading from cache: /assets/textures/mooseWalkAnimation.png
14:16:16.851 [JavaFX Application Thread] DEBUG AssetLoaderService   - Loading from file system: /assets/sounds/explosion.wav
14:16:16.855 [JavaFX Application Thread] DEBUG AssetLoaderService   - Loading from file system: /assets/textures/explosion.png
14:16:16.863 [JavaFX Application Thread] DEBUG AudioPlayer          - Stopping music com.almasb.fxgl.audio.Music@8071514
14:16:16.867 [JavaFX Application Thread] DEBUG MainWindow           - Push state: DialogSubScene
14:16:16.867 [JavaFX Application Thread] DEBUG Input                - Clearing active input actions
14:16:16.872 [JavaFX Application Thread] DEBUG WindowService        - Removing overlay from GameScene and adding to DialogSubScene
14:16:16.872 [JavaFX Application Thread] DEBUG MainWindow           - GameScene -> DialogSubScene
14:16:21.041 [JavaFX Application Thread] DEBUG MainWindow           - Pop state: DialogSubScene
14:16:21.041 [JavaFX Application Thread] DEBUG Input                - Clearing active input actions
14:16:21.041 [JavaFX Application Thread] DEBUG WindowService        - Removing overlay from DialogSubScene and adding to GameScene
14:16:21.041 [JavaFX Application Thread] DEBUG MainWindow           - GameScene <- DialogSubScene
14:16:21.048 [JavaFX Application Thread] DEBUG MainWindow           - Push state: DialogSubScene
14:16:21.048 [JavaFX Application Thread] DEBUG Input                - Clearing active input actions
14:16:21.048 [JavaFX Application Thread] DEBUG WindowService        - Removing overlay from GameScene and adding to DialogSubScene
14:16:21.048 [JavaFX Application Thread] DEBUG MainWindow           - GameScene -> DialogSubScene
14:16:22.083 [JavaFX Application Thread] DEBUG MainWindow           - Pop state: DialogSubScene
14:16:22.083 [JavaFX Application Thread] DEBUG Input                - Clearing active input actions
14:16:22.083 [JavaFX Application Thread] DEBUG WindowService        - Removing overlay from DialogSubScene and adding to GameScene
14:16:22.083 [JavaFX Application Thread] DEBUG MainWindow           - GameScene <- DialogSubScene
14:16:22.083 [JavaFX Application Thread] DEBUG Input                - Clearing active input actions
14:16:22.088 [JavaFX Application Thread] DEBUG WindowService        - Removing overlay from GameScene and adding to MooseGameMenu
14:16:22.088 [JavaFX Application Thread] DEBUG MainWindow           - GameScene -> MooseGameMenu
14:16:23.827 [JavaFX Application Thread] DEBUG Menu                 - fireNewGame()
14:16:23.828 [JavaFX Application Thread] DEBUG WindowService        - Starting new game
14:16:23.828 [JavaFX Application Thread] DEBUG Input                - Clearing active input actions
14:16:23.831 [JavaFX Application Thread] DEBUG WindowService        - Removing overlay from MooseGameMenu and adding to FXGLLoadingScene
14:16:23.832 [JavaFX Application Thread] DEBUG MainWindow           - MooseGameMenu -> FXGLLoadingScene
14:16:23.832 [JavaFX Application Thread] DEBUG WindowService        - Clearing previous game
14:16:23.832 [JavaFX Application Thread] DEBUG GameScene            - Clearing game scene
14:16:23.832 [JavaFX Application Thread] DEBUG GameWorld            - Clearing game world
14:16:23.832 [JavaFX Application Thread] DEBUG PhysicsWorld         - Clearing physics world
14:16:23.833 [JavaFX Application Thread] DEBUG AudioPlayer          - Stopping music com.almasb.fxgl.audio.Music@5bf8441e
14:16:23.833 [FXGL Background Thread 1 ] DEBUG GameApplication      - Initializing game
14:16:23.834 [FXGL Background Thread 1 ] DEBUG FileSystemAccess     - Reading from: C:\Users\micha\Desktop\JavaMooseGame\.\highscores.dat
14:16:23.834 [FXGL Background Thread 1 ] DEBUG AssetLoaderService   - Loading from cache: /assets/music/Poisoncut_GameLoop.mp3
14:16:23.834 [FXGL Background Thread 1 ] DEBUG AudioPlayer          - Playing music com.almasb.fxgl.audio.Music@8071514
14:16:23.835 [FXGL Background Thread 1 ] DEBUG AssetLoaderService   - Loading from cache: /assets/textures/road_with_patches.png
14:16:23.835 [FXGL Background Thread 1 ] DEBUG AssetLoaderService   - Loading from cache: /assets/textures/road_with_patches.png
14:16:23.836 [FXGL Background Thread 1 ] DEBUG AssetLoaderService   - Loading from cache: /assets/textures//car0.png
14:16:23.836 [FXGL Background Thread 1 ] DEBUG AssetLoaderService   - Loading from cache: /assets/textures/signpost.png
14:16:23.836 [FXGL Background Thread 1 ] DEBUG AssetLoaderService   - Loading from file system: /assets/ui/moosegame_ui.fxml
14:16:23.842 [FXGL Background Thread 1 ] INFO  GameApplication      - Game initialization took: 0.009 sec
14:16:23.842 [JavaFX Application Thread] DEBUG Input                - Clearing active input actions
14:16:23.847 [JavaFX Application Thread] DEBUG WindowService        - Removing overlay from FXGLLoadingScene and adding to GameScene
14:16:23.848 [JavaFX Application Thread] DEBUG MainWindow           - FXGLLoadingScene -> GameScene
14:16:24.998 [JavaFX Application Thread] DEBUG AssetLoaderService   - Loading from cache: /assets/sounds/explosion.wav
14:16:24.999 [JavaFX Application Thread] DEBUG AssetLoaderService   - Loading from cache: /assets/textures/explosion.png
14:16:24.999 [JavaFX Application Thread] DEBUG AudioPlayer          - Stopping music com.almasb.fxgl.audio.Music@8071514
14:16:25.001 [JavaFX Application Thread] DEBUG MainWindow           - Push state: DialogSubScene
14:16:25.001 [JavaFX Application Thread] DEBUG Input                - Clearing active input actions
14:16:25.002 [JavaFX Application Thread] DEBUG WindowService        - Removing overlay from GameScene and adding to DialogSubScene
14:16:25.002 [JavaFX Application Thread] DEBUG MainWindow           - GameScene -> DialogSubScene
14:16:25.485 [JavaFX Application Thread] DEBUG MainWindow           - Pop state: DialogSubScene
14:16:25.485 [JavaFX Application Thread] DEBUG Input                - Clearing active input actions
14:16:25.486 [JavaFX Application Thread] DEBUG WindowService        - Removing overlay from DialogSubScene and adding to GameScene
14:16:25.486 [JavaFX Application Thread] DEBUG MainWindow           - GameScene <- DialogSubScene
14:16:25.486 [JavaFX Application Thread] DEBUG MainWindow           - Push state: DialogSubScene
14:16:25.486 [JavaFX Application Thread] DEBUG Input                - Clearing active input actions
14:16:25.487 [JavaFX Application Thread] DEBUG WindowService        - Removing overlay from GameScene and adding to DialogSubScene
14:16:25.487 [JavaFX Application Thread] DEBUG MainWindow           - GameScene -> DialogSubScene
14:16:26.153 [JavaFX Application Thread] DEBUG MainWindow           - Pop state: DialogSubScene
14:16:26.153 [JavaFX Application Thread] DEBUG Input                - Clearing active input actions
14:16:26.153 [JavaFX Application Thread] DEBUG WindowService        - Removing overlay from DialogSubScene and adding to GameScene
14:16:26.153 [JavaFX Application Thread] DEBUG MainWindow           - GameScene <- DialogSubScene
14:16:26.153 [JavaFX Application Thread] DEBUG Input                - Clearing active input actions
14:16:26.157 [JavaFX Application Thread] DEBUG WindowService        - Removing overlay from GameScene and adding to MooseGameMenu
14:16:26.157 [JavaFX Application Thread] DEBUG MainWindow           - GameScene -> MooseGameMenu
14:16:26.714 [JavaFX Application Thread] DEBUG FileSystemAccess     - Reading from: C:\Users\micha\Desktop\JavaMooseGame\.\highscores.dat
14:16:26.714 [JavaFX Application Thread] DEBUG AssetLoaderService   - Loading from cache: /assets/sounds/selection.mp3
14:16:28.880 [JavaFX Application Thread] DEBUG Menu                 - fireNewGame()
14:16:28.880 [JavaFX Application Thread] DEBUG WindowService        - Starting new game
14:16:28.880 [JavaFX Application Thread] DEBUG Input                - Clearing active input actions
14:16:28.883 [JavaFX Application Thread] DEBUG WindowService        - Removing overlay from MooseGameMenu and adding to FXGLLoadingScene
14:16:28.883 [JavaFX Application Thread] DEBUG MainWindow           - MooseGameMenu -> FXGLLoadingScene
14:16:28.883 [JavaFX Application Thread] DEBUG WindowService        - Clearing previous game
14:16:28.883 [JavaFX Application Thread] DEBUG GameScene            - Clearing game scene
14:16:28.883 [JavaFX Application Thread] DEBUG GameWorld            - Clearing game world
14:16:28.883 [JavaFX Application Thread] DEBUG PhysicsWorld         - Clearing physics world
14:16:28.883 [JavaFX Application Thread] DEBUG AudioPlayer          - Stopping music com.almasb.fxgl.audio.Music@5bf8441e
14:16:28.884 [FXGL Background Thread 1 ] DEBUG GameApplication      - Initializing game
14:16:28.884 [FXGL Background Thread 1 ] DEBUG FileSystemAccess     - Reading from: C:\Users\micha\Desktop\JavaMooseGame\.\highscores.dat
14:16:28.886 [FXGL Background Thread 1 ] DEBUG AssetLoaderService   - Loading from cache: /assets/music/Poisoncut_GameLoop.mp3
14:16:28.886 [FXGL Background Thread 1 ] DEBUG AudioPlayer          - Playing music com.almasb.fxgl.audio.Music@8071514
14:16:28.887 [FXGL Background Thread 1 ] DEBUG AssetLoaderService   - Loading from cache: /assets/textures/road_with_patches.png
14:16:28.887 [FXGL Background Thread 1 ] DEBUG AssetLoaderService   - Loading from cache: /assets/textures/road_with_patches.png
14:16:28.887 [FXGL Background Thread 1 ] DEBUG AssetLoaderService   - Loading from cache: /assets/textures//car0.png
14:16:28.888 [FXGL Background Thread 1 ] DEBUG AssetLoaderService   - Loading from cache: /assets/textures/signpost.png
14:16:28.888 [FXGL Background Thread 1 ] DEBUG AssetLoaderService   - Loading from file system: /assets/ui/moosegame_ui.fxml
14:16:28.893 [FXGL Background Thread 1 ] INFO  GameApplication      - Game initialization took: 0.009 sec
14:16:28.893 [JavaFX Application Thread] DEBUG Input                - Clearing active input actions
14:16:28.896 [JavaFX Application Thread] DEBUG WindowService        - Removing overlay from FXGLLoadingScene and adding to GameScene
14:16:28.896 [JavaFX Application Thread] DEBUG MainWindow           - FXGLLoadingScene -> GameScene
14:16:29.837 [JavaFX Application Thread] DEBUG AssetLoaderService   - Loading from cache: /assets/sounds/explosion.wav
14:16:29.838 [JavaFX Application Thread] DEBUG AssetLoaderService   - Loading from cache: /assets/textures/explosion.png
14:16:29.838 [JavaFX Application Thread] DEBUG AudioPlayer          - Stopping music com.almasb.fxgl.audio.Music@8071514
14:16:29.840 [JavaFX Application Thread] DEBUG MainWindow           - Push state: DialogSubScene
14:16:29.840 [JavaFX Application Thread] DEBUG Input                - Clearing active input actions
14:16:29.841 [JavaFX Application Thread] DEBUG WindowService        - Removing overlay from GameScene and adding to DialogSubScene
14:16:29.841 [JavaFX Application Thread] DEBUG MainWindow           - GameScene -> DialogSubScene
14:16:30.377 [JavaFX Application Thread] DEBUG MainWindow           - Pop state: DialogSubScene
14:16:30.378 [JavaFX Application Thread] DEBUG Input                - Clearing active input actions
14:16:30.378 [JavaFX Application Thread] DEBUG WindowService        - Removing overlay from DialogSubScene and adding to GameScene
14:16:30.378 [JavaFX Application Thread] DEBUG MainWindow           - GameScene <- DialogSubScene
14:16:30.379 [JavaFX Application Thread] DEBUG WindowService        - Starting new game
14:16:30.379 [JavaFX Application Thread] DEBUG Input                - Clearing active input actions
14:16:30.381 [JavaFX Application Thread] DEBUG WindowService        - Removing overlay from GameScene and adding to FXGLLoadingScene
14:16:30.381 [JavaFX Application Thread] DEBUG MainWindow           - GameScene -> FXGLLoadingScene
14:16:30.381 [JavaFX Application Thread] DEBUG WindowService        - Clearing previous game
14:16:30.381 [JavaFX Application Thread] DEBUG GameScene            - Clearing game scene
14:16:30.381 [JavaFX Application Thread] DEBUG GameWorld            - Clearing game world
14:16:30.382 [JavaFX Application Thread] DEBUG PhysicsWorld         - Clearing physics world
14:16:30.382 [FXGL Background Thread 1 ] DEBUG GameApplication      - Initializing game
14:16:30.382 [FXGL Background Thread 1 ] DEBUG FileSystemAccess     - Reading from: C:\Users\micha\Desktop\JavaMooseGame\.\highscores.dat
14:16:30.383 [FXGL Background Thread 1 ] DEBUG AssetLoaderService   - Loading from cache: /assets/music/Poisoncut_GameLoop.mp3
14:16:30.383 [FXGL Background Thread 1 ] DEBUG AudioPlayer          - Playing music com.almasb.fxgl.audio.Music@8071514
14:16:30.383 [FXGL Background Thread 1 ] DEBUG AssetLoaderService   - Loading from cache: /assets/textures/road_with_patches.png
14:16:30.384 [FXGL Background Thread 1 ] DEBUG AssetLoaderService   - Loading from cache: /assets/textures/road_with_patches.png
14:16:30.384 [FXGL Background Thread 1 ] DEBUG AssetLoaderService   - Loading from cache: /assets/textures//car0.png
14:16:30.384 [FXGL Background Thread 1 ] DEBUG AssetLoaderService   - Loading from cache: /assets/textures/signpost.png
14:16:30.385 [FXGL Background Thread 1 ] DEBUG AssetLoaderService   - Loading from file system: /assets/ui/moosegame_ui.fxml
14:16:30.390 [FXGL Background Thread 1 ] INFO  GameApplication      - Game initialization took: 0.008 sec
14:16:30.392 [JavaFX Application Thread] DEBUG Input                - Clearing active input actions
14:16:30.395 [JavaFX Application Thread] DEBUG WindowService        - Removing overlay from FXGLLoadingScene and adding to GameScene
14:16:30.395 [JavaFX Application Thread] DEBUG MainWindow           - FXGLLoadingScene -> GameScene
14:16:31.367 [JavaFX Application Thread] DEBUG AssetLoaderService   - Loading from cache: /assets/sounds/explosion.wav
14:16:31.367 [JavaFX Application Thread] DEBUG AssetLoaderService   - Loading from cache: /assets/textures/explosion.png
14:16:31.368 [JavaFX Application Thread] DEBUG AudioPlayer          - Stopping music com.almasb.fxgl.audio.Music@8071514
14:16:31.369 [JavaFX Application Thread] DEBUG MainWindow           - Push state: DialogSubScene
14:16:31.369 [JavaFX Application Thread] DEBUG Input                - Clearing active input actions
14:16:31.369 [JavaFX Application Thread] DEBUG WindowService        - Removing overlay from GameScene and adding to DialogSubScene
14:16:31.369 [JavaFX Application Thread] DEBUG MainWindow           - GameScene -> DialogSubScene
14:16:31.782 [JavaFX Application Thread] DEBUG MainWindow           - Pop state: DialogSubScene
14:16:31.782 [JavaFX Application Thread] DEBUG Input                - Clearing active input actions
14:16:31.782 [JavaFX Application Thread] DEBUG WindowService        - Removing overlay from DialogSubScene and adding to GameScene
14:16:31.782 [JavaFX Application Thread] DEBUG MainWindow           - GameScene <- DialogSubScene
14:16:31.782 [JavaFX Application Thread] DEBUG WindowService        - Starting new game
14:16:31.782 [JavaFX Application Thread] DEBUG Input                - Clearing active input actions
14:16:31.784 [JavaFX Application Thread] DEBUG WindowService        - Removing overlay from GameScene and adding to FXGLLoadingScene
14:16:31.785 [JavaFX Application Thread] DEBUG MainWindow           - GameScene -> FXGLLoadingScene
14:16:31.785 [JavaFX Application Thread] DEBUG WindowService        - Clearing previous game
14:16:31.785 [JavaFX Application Thread] DEBUG GameScene            - Clearing game scene
14:16:31.785 [JavaFX Application Thread] DEBUG GameWorld            - Clearing game world
14:16:31.785 [JavaFX Application Thread] DEBUG PhysicsWorld         - Clearing physics world
14:16:31.785 [FXGL Background Thread 1 ] DEBUG GameApplication      - Initializing game
14:16:31.785 [FXGL Background Thread 1 ] DEBUG FileSystemAccess     - Reading from: C:\Users\micha\Desktop\JavaMooseGame\.\highscores.dat
14:16:31.786 [FXGL Background Thread 1 ] DEBUG AssetLoaderService   - Loading from cache: /assets/music/Poisoncut_GameLoop.mp3
14:16:31.786 [FXGL Background Thread 1 ] DEBUG AudioPlayer          - Playing music com.almasb.fxgl.audio.Music@8071514
14:16:31.787 [FXGL Background Thread 1 ] DEBUG AssetLoaderService   - Loading from cache: /assets/textures/road_with_patches.png
14:16:31.787 [FXGL Background Thread 1 ] DEBUG AssetLoaderService   - Loading from cache: /assets/textures/road_with_patches.png
14:16:31.787 [FXGL Background Thread 1 ] DEBUG AssetLoaderService   - Loading from cache: /assets/textures//car0.png
14:16:31.787 [FXGL Background Thread 1 ] DEBUG AssetLoaderService   - Loading from cache: /assets/textures/signpost.png
14:16:31.788 [FXGL Background Thread 1 ] DEBUG AssetLoaderService   - Loading from file system: /assets/ui/moosegame_ui.fxml
14:16:31.791 [FXGL Background Thread 1 ] INFO  GameApplication      - Game initialization took: 0.006 sec
14:16:31.791 [JavaFX Application Thread] DEBUG Input                - Clearing active input actions
14:16:31.794 [JavaFX Application Thread] DEBUG WindowService        - Removing overlay from FXGLLoadingScene and adding to GameScene
14:16:31.795 [JavaFX Application Thread] DEBUG MainWindow           - FXGLLoadingScene -> GameScene
14:16:32.851 [JavaFX Application Thread] DEBUG AssetLoaderService   - Loading from cache: /assets/sounds/explosion.wav
14:16:32.852 [JavaFX Application Thread] DEBUG AssetLoaderService   - Loading from cache: /assets/textures/explosion.png
14:16:32.853 [JavaFX Application Thread] DEBUG AudioPlayer          - Stopping music com.almasb.fxgl.audio.Music@8071514
14:16:32.854 [JavaFX Application Thread] DEBUG MainWindow           - Push state: DialogSubScene
14:16:32.854 [JavaFX Application Thread] DEBUG Input                - Clearing active input actions
14:16:32.855 [JavaFX Application Thread] DEBUG WindowService        - Removing overlay from GameScene and adding to DialogSubScene
14:16:32.855 [JavaFX Application Thread] DEBUG MainWindow           - GameScene -> DialogSubScene
14:16:33.275 [JavaFX Application Thread] DEBUG MainWindow           - Pop state: DialogSubScene
14:16:33.275 [JavaFX Application Thread] DEBUG Input                - Clearing active input actions
14:16:33.276 [JavaFX Application Thread] DEBUG WindowService        - Removing overlay from DialogSubScene and adding to GameScene
14:16:33.276 [JavaFX Application Thread] DEBUG MainWindow           - GameScene <- DialogSubScene
14:16:33.276 [JavaFX Application Thread] DEBUG MainWindow           - Push state: DialogSubScene
14:16:33.276 [JavaFX Application Thread] DEBUG Input                - Clearing active input actions
14:16:33.277 [JavaFX Application Thread] DEBUG WindowService        - Removing overlay from GameScene and adding to DialogSubScene
14:16:33.277 [JavaFX Application Thread] DEBUG MainWindow           - GameScene -> DialogSubScene
14:16:33.993 [JavaFX Application Thread] DEBUG MainWindow           - Pop state: DialogSubScene
14:16:33.993 [JavaFX Application Thread] DEBUG Input                - Clearing active input actions
14:16:33.993 [JavaFX Application Thread] DEBUG WindowService        - Removing overlay from DialogSubScene and adding to GameScene
14:16:33.994 [JavaFX Application Thread] DEBUG MainWindow           - GameScene <- DialogSubScene
14:16:33.994 [JavaFX Application Thread] DEBUG Input                - Clearing active input actions
14:16:33.996 [JavaFX Application Thread] DEBUG WindowService        - Removing overlay from GameScene and adding to MooseGameMenu
14:16:33.996 [JavaFX Application Thread] DEBUG MainWindow           - GameScene -> MooseGameMenu
14:16:37.384 [JavaFX Application Thread] DEBUG FileSystemAccess     - Reading from: C:\Users\micha\Desktop\JavaMooseGame\.\highscores.dat
14:16:37.384 [JavaFX Application Thread] DEBUG AssetLoaderService   - Loading from cache: /assets/sounds/selection.mp3
14:16:39.478 [JavaFX Application Thread] DEBUG AudioPlayer          - Stopping music com.almasb.fxgl.audio.Music@5bf8441e
14:16:44.714 [JavaFX Application Thread] DEBUG GameApplication      - Exiting FXGL
14:16:44.714 [JavaFX Application Thread] DEBUG LoopRunner           - Stopping loop
14:16:44.715 [JavaFX Application Thread] DEBUG SystemBundleService  - Saving FXGL system data
14:16:44.716 [JavaFX Application Thread] DEBUG FileSystemAccess     - Writing to: C:\Users\micha\Desktop\JavaMooseGame\system\fxgl.bundle
14:16:44.717 [JavaFX Application Thread] DEBUG GameApplication      - Shutting down background threads
14:16:44.717 [JavaFX Application Thread] DEBUG GameApplication      - Closing logger and exiting JavaFX
