14:27:19.418 [main                     ] DEBUG GameApplication      - Logger initialized
14:27:19.445 [main                     ] DEBUG GameApplication      - Logging settings
Title: MooseGame
Version: 0.3
Width: 600
Height: 900
Fullscreen: false
Intro: false
Menus: true
Profiling: false
Single step:false
App Mode: DEVELOPER
Menu Key: ESCAPE
Stage Style: DECORATED
Scene Factory: class MooseGameApp$1

14:27:20.407 [JavaFX Application Thread] DEBUG GameApplication      - Initializing FXGL
14:27:20.423 [JavaFX Application Thread] INFO  Engine               - FXGL-11.8 (08.03.2020 09.09) on WINDOWS (J:14.0.1 FX:13.0.2)
14:27:20.423 [JavaFX Application Thread] INFO  Engine               - Source code and latest versions at: https://github.com/AlmasB/FXGL
14:27:20.424 [JavaFX Application Thread] INFO  Engine               -              Join the FXGL chat at: https://gitter.im/AlmasB/FXGL
14:27:20.819 [JavaFX Application Thread] DEBUG MainWindow           - Creating a JavaFX scene
14:27:20.820 [JavaFX Application Thread] DEBUG MainWindow           - Target size > screen size
14:27:21.018 [JavaFX Application Thread] DEBUG MainWindow           - Target settings size: 600.0 x 900.0
14:27:21.021 [JavaFX Application Thread] DEBUG MainWindow           - Scaled scene size:    548.0 x 859.0
14:27:21.022 [JavaFX Application Thread] DEBUG MainWindow           - Scaled ratio: (0.9133333333333333, 0.9544444444444444)
14:27:21.025 [JavaFX Application Thread] DEBUG MainWindow           - Set initial scene to FXGLStartupScene
14:27:21.049 [JavaFX Application Thread] DEBUG MainWindow           - Opening main window
14:27:21.260 [JavaFX Application Thread] DEBUG MainWindow           - Window border size: (16.0, 39.0)
14:27:21.260 [JavaFX Application Thread] DEBUG MainWindow           - Scaled size: 548.0 x 859.0
14:27:21.261 [JavaFX Application Thread] DEBUG MainWindow           - Scaled ratio: (0.9133333333333333, 0.9544444444444444)
14:27:21.261 [JavaFX Application Thread] DEBUG MainWindow           - Scene size: 548.0 x 859.0
14:27:21.261 [JavaFX Application Thread] DEBUG MainWindow           - Stage size: 564.0 x 898.0
14:27:21.362 [FXGL Background Thread 1 ] DEBUG Engine               - Initializing environment variables
14:27:21.403 [FXGL Background Thread 1 ] DEBUG WindowService        - Applying CSS: fxgl_dark.css
14:27:21.404 [FXGL Background Thread 1 ] DEBUG AssetLoaderService   - Loading from file system: /assets/ui/css/fxgl_dark.css
14:27:21.479 [FXGL Background Thread 1 ] DEBUG WindowService        - Initializing application scenes
14:27:21.583 [FXGL Background Thread 1 ] DEBUG GameWorld            - Game world initialized
14:27:21.630 [FXGL Background Thread 1 ] DEBUG PhysicsWorld         - Physics world initialized: appHeight=900, physics.ppm=50.0
14:27:21.633 [FXGL Background Thread 1 ] DEBUG GameScene            - Game scene initialized: 600x900
14:27:21.661 [FXGL Background Thread 1 ] DEBUG AssetLoaderService   - Loading from file system: /assets/textures/Roadway.png
14:27:21.783 [FXGL Background Thread 1 ] DEBUG AssetLoaderService   - Loading from file system: /assets/sounds/selection.mp3
14:27:21.908 [FXGL Background Thread 1 ] DEBUG AssetLoaderService   - Loading from cache: /assets/sounds/selection.mp3
14:27:21.909 [FXGL Background Thread 1 ] DEBUG AssetLoaderService   - Loading from cache: /assets/sounds/selection.mp3
14:27:21.910 [FXGL Background Thread 1 ] DEBUG AssetLoaderService   - Loading from cache: /assets/sounds/selection.mp3
14:27:21.910 [FXGL Background Thread 1 ] DEBUG AssetLoaderService   - Loading from cache: /assets/sounds/selection.mp3
14:27:21.972 [FXGL Background Thread 1 ] DEBUG AssetLoaderService   - Loading from cache: /assets/sounds/selection.mp3
14:27:21.973 [FXGL Background Thread 1 ] DEBUG AssetLoaderService   - Loading from cache: /assets/sounds/selection.mp3
14:27:21.974 [FXGL Background Thread 1 ] DEBUG AssetLoaderService   - Loading from cache: /assets/sounds/selection.mp3
14:27:21.978 [FXGL Background Thread 1 ] DEBUG AssetLoaderService   - Loading from file system: /assets/music/Poisoncut_-_MenuMusic.mp3
14:27:22.101 [FXGL Background Thread 1 ] DEBUG AudioPlayer          - Playing music com.almasb.fxgl.audio.Music@363660a1
14:27:22.144 [FXGL Background Thread 1 ] DEBUG AssetLoaderService   - Loading from file system: /assets/textures/particles/trace_horizontal.png
14:27:22.182 [FXGL Background Thread 1 ] WARN  FXGL.DefaultMenu     - FXGLDefaultMenu is not designed for resolutions < 800x600
14:27:22.182 [FXGL Background Thread 1 ] DEBUG FXGL.DefaultMenu     - createMenuBodyGameMenu()
14:27:22.202 [FXGL Background Thread 1 ] DEBUG FXGL.DefaultMenu     - createOptionsMenu()
14:27:22.210 [FXGL Background Thread 1 ] DEBUG AssetLoaderService   - Loading from file system: /assets/textures/particles/smoke.png
14:27:22.312 [FXGL Background Thread 1 ] DEBUG WindowService        - Application scenes initialized
14:27:22.323 [FXGL Background Thread 1 ] DEBUG SystemBundleService  - Loading FXGL system data
14:27:22.336 [FXGL Background Thread 1 ] DEBUG FileSystemAccess     - Reading from: C:\Users\User\Documents\GitHub\JavaMooseGame\system\fxgl.bundle
14:27:22.343 [FXGL Background Thread 1 ] DEBUG SystemBundleService  - Bundle FXGL: {}
14:27:22.344 [FXGL Background Thread 1 ] INFO  Engine               - FXGL initialization took: 0.975 sec
14:27:22.346 [FXGL Background Thread 1 ] DEBUG GameApplication      - Loading localizations
14:27:22.347 [FXGL Background Thread 1 ] DEBUG AssetLoaderService   - Loading from file system: /assets/properties/languages/english.properties
14:27:22.349 [FXGL Background Thread 1 ] DEBUG AssetLoaderService   - Loading from file system: /assets/properties/languages/french.properties
14:27:22.350 [FXGL Background Thread 1 ] DEBUG AssetLoaderService   - Loading from file system: /assets/properties/languages/german.properties
14:27:22.352 [FXGL Background Thread 1 ] DEBUG AssetLoaderService   - Loading from file system: /assets/properties/languages/hungarian.properties
14:27:22.353 [FXGL Background Thread 1 ] DEBUG AssetLoaderService   - Loading from file system: /assets/properties/languages/russian.properties
14:27:22.357 [FXGL Background Thread 1 ] DEBUG GameApplication      - Registering font factories with UI factory
14:27:22.357 [FXGL Background Thread 1 ] DEBUG AssetLoaderService   - Loading from file system: /assets/ui/fonts/VarelaRound-Regular.ttf
14:27:22.514 [FXGL Background Thread 1 ] DEBUG AssetLoaderService   - Loading from file system: /assets/ui/fonts/Abel-Regular.ttf
14:27:22.527 [FXGL Background Thread 1 ] DEBUG AssetLoaderService   - Loading from file system: /assets/ui/fonts/lucida_console.ttf
14:27:22.546 [FXGL Background Thread 1 ] DEBUG AssetLoaderService   - Loading from file system: /assets/ui/fonts/Courier-Prime.ttf
14:27:22.572 [JavaFX Application Thread] DEBUG Input                - Registered new binding: action0 - A
14:27:22.573 [JavaFX Application Thread] DEBUG Input                - Registered new binding: action1 - S
14:27:22.573 [JavaFX Application Thread] DEBUG Input                - Registered new binding: action2 - D
14:27:22.573 [JavaFX Application Thread] DEBUG Input                - Registered new binding: action3 - W
14:27:22.574 [JavaFX Application Thread] DEBUG Input                - Registered new binding: action4 - 1
14:27:22.575 [JavaFX Application Thread] DEBUG Input                - Registered new binding: action5 - 2
14:27:22.575 [JavaFX Application Thread] DEBUG Input                - Registered new binding: action6 - 3
14:27:22.575 [JavaFX Application Thread] DEBUG Input                - Registered new binding: action7 - Left
14:27:22.576 [JavaFX Application Thread] DEBUG Input                - Registered new binding: action8 - Down
14:27:22.576 [JavaFX Application Thread] DEBUG Input                - Registered new binding: action9 - Right
14:27:22.576 [JavaFX Application Thread] DEBUG Input                - Registered new binding: action10 - Up
14:27:22.577 [JavaFX Application Thread] DEBUG AssetLoaderService   - Loading from file system: /assets/textures/fxgl_icon.png
14:27:22.608 [JavaFX Application Thread] DEBUG AssetLoaderService   - Loading from file system: /assets/ui/cursors/fxgl_default.png
14:27:22.610 [JavaFX Application Thread] DEBUG Input                - Registered new binding: Screenshot - P
14:27:22.611 [JavaFX Application Thread] DEBUG Input                - Registered new binding: System info dump - CTRL+9
14:27:22.611 [JavaFX Application Thread] DEBUG Input                - Registered new binding: Restart - CTRL+R
14:27:22.612 [JavaFX Application Thread] DEBUG LoopRunner           - Starting loop
14:27:22.632 [JavaFX Application Thread] DEBUG FXGLStartupScene     - STARTUP
14:27:22.633 [JavaFX Application Thread] DEBUG Input                - Clearing active input actions
14:27:22.655 [JavaFX Application Thread] DEBUG WindowService        - Removing overlay from FXGLStartupScene and adding to MooseGameMenu
14:27:22.655 [JavaFX Application Thread] DEBUG MainWindow           - FXGLStartupScene -> MooseGameMenu
14:27:24.308 [JavaFX Application Thread] DEBUG FileSystemAccess     - Reading from: C:\Users\User\Documents\GitHub\JavaMooseGame\.\highscores.dat
14:27:24.313 [JavaFX Application Thread] DEBUG AssetLoaderService   - Loading from cache: /assets/sounds/selection.mp3
14:27:25.347 [FXGL Background Thread 2 ] DEBUG Engine               - Logging environment variables
14:27:25.347 [FXGL Background Thread 2 ] DEBUG Engine               - achievements: []
14:27:25.347 [FXGL Background Thread 2 ] DEBUG Engine               - language: ObjectProperty [value: ENGLISH]
14:27:25.347 [FXGL Background Thread 2 ] DEBUG Engine               - isCloseConfirmation: false
14:27:25.347 [FXGL Background Thread 2 ] DEBUG Engine               - isProfilingEnabled: false
14:27:25.347 [FXGL Background Thread 2 ] DEBUG Engine               - soundNotification: core/notification.wav
14:27:25.347 [FXGL Background Thread 2 ] DEBUG Engine               - devShowBBoxProperty: BooleanProperty [value: false]
14:27:25.348 [FXGL Background Thread 2 ] DEBUG Engine               - pixelsPerMeter: 50.0
14:27:25.348 [FXGL Background Thread 2 ] DEBUG Engine               - appIcon: fxgl_icon.png
14:27:25.348 [FXGL Background Thread 2 ] DEBUG Engine               - soundMenuBack: menu/back.wav
14:27:25.348 [FXGL Background Thread 2 ] DEBUG Engine               - isFullScreenAllowed: false
14:27:25.348 [FXGL Background Thread 2 ] DEBUG Engine               - isIntroEnabled: false
14:27:25.348 [FXGL Background Thread 2 ] DEBUG Engine               - fontMono: lucida_console.ttf
14:27:25.348 [FXGL Background Thread 2 ] DEBUG Engine               - soundMenuSelect: menu/select.wav
14:27:25.348 [FXGL Background Thread 2 ] DEBUG Engine               - isWindows: true
14:27:25.348 [FXGL Background Thread 2 ] DEBUG Engine               - isMobile: false
14:27:25.348 [FXGL Background Thread 2 ] DEBUG Engine               - isUserProfileEnabled: false
14:27:25.348 [FXGL Background Thread 2 ] DEBUG Engine               - height: 900
14:27:25.348 [FXGL Background Thread 2 ] DEBUG Engine               - isExperimentalNative: false
14:27:25.349 [FXGL Background Thread 2 ] DEBUG Engine               - settings: Title: MooseGame
Version: 0.3
Width: 600
Height: 900
Fullscreen: false
Intro: false
Menus: true
Profiling: false
Single step:false
App Mode: DEVELOPER
Menu Key: ESCAPE
Stage Style: DECORATED
Scene Factory: class MooseGameApp$1

14:27:25.349 [FXGL Background Thread 2 ] DEBUG Engine               - isSingleStep: false
14:27:25.349 [FXGL Background Thread 2 ] DEBUG Engine               - cSSList: [fxgl_dark.css]
14:27:25.349 [FXGL Background Thread 2 ] DEBUG Engine               - fontGame: Abel-Regular.ttf
14:27:25.349 [FXGL Background Thread 2 ] DEBUG Engine               - menuKey: ESCAPE
14:27:25.349 [FXGL Background Thread 2 ] DEBUG Engine               - devShowPositionProperty: BooleanProperty [value: false]
14:27:25.349 [FXGL Background Thread 2 ] DEBUG Engine               - versionCheckDays: 7
14:27:25.349 [FXGL Background Thread 2 ] DEBUG Engine               - configClass: Optional.empty
14:27:25.350 [FXGL Background Thread 2 ] DEBUG Engine               - isFullScreenFromStart: false
14:27:25.350 [FXGL Background Thread 2 ] DEBUG Engine               - version: 0.3
14:27:25.350 [FXGL Background Thread 2 ] DEBUG Engine               - fullScreen: BooleanProperty [value: false]
14:27:25.350 [FXGL Background Thread 2 ] DEBUG Engine               - randomSeed: -1
14:27:25.350 [FXGL Background Thread 2 ] DEBUG Engine               - gameDifficultyProperty: ObjectProperty [value: MEDIUM]
14:27:25.350 [FXGL Background Thread 2 ] DEBUG Engine               - applicationMode: DEVELOPER
14:27:25.350 [FXGL Background Thread 2 ] DEBUG Engine               - isMac: false
14:27:25.350 [FXGL Background Thread 2 ] DEBUG Engine               - isMenuEnabled: true
14:27:25.350 [FXGL Background Thread 2 ] DEBUG Engine               - urlPOM: https://raw.githubusercontent.com/AlmasB/FXGL/master/pom.xml
14:27:25.350 [FXGL Background Thread 2 ] DEBUG Engine               - profileName: StringProperty [value: DEFAULT]
14:27:25.350 [FXGL Background Thread 2 ] DEBUG Engine               - devSensorColorProperty: ObjectProperty [value: 0xffff00ff]
14:27:25.351 [FXGL Background Thread 2 ] DEBUG Engine               - notificationViewClass: class com.almasb.fxgl.notification.view.XboxNotificationView
14:27:25.351 [FXGL Background Thread 2 ] DEBUG Engine               - sceneFactory: MooseGameApp$1@2fb030cb
14:27:25.351 [FXGL Background Thread 2 ] DEBUG Engine               - stageStyle: DECORATED
14:27:25.351 [FXGL Background Thread 2 ] DEBUG Engine               - isManualResizeEnabled: false
14:27:25.351 [FXGL Background Thread 2 ] DEBUG Engine               - title: MooseGame
14:27:25.351 [FXGL Background Thread 2 ] DEBUG Engine               - platform: WINDOWS
14:27:25.351 [FXGL Background Thread 2 ] DEBUG Engine               - devBBoxColorProperty: ObjectProperty [value: 0xff0000ff]
14:27:25.351 [FXGL Background Thread 2 ] DEBUG Engine               - gameDifficulty: MEDIUM
14:27:25.351 [FXGL Background Thread 2 ] DEBUG Engine               - isDesktop: true
14:27:25.352 [FXGL Background Thread 2 ] DEBUG Engine               - supportedLanguages: [ENGLISH, FRENCH, GERMAN, HUNGARIAN, RUSSIAN]
14:27:25.352 [FXGL Background Thread 2 ] DEBUG Engine               - globalMusicVolumeProperty: DoubleProperty [value: 0.5]
14:27:25.352 [FXGL Background Thread 2 ] DEBUG Engine               - credits: []
14:27:25.352 [FXGL Background Thread 2 ] DEBUG Engine               - isPreserveResizeRatio: false
14:27:25.352 [FXGL Background Thread 2 ] DEBUG Engine               - fontText: Courier-Prime.ttf
14:27:25.352 [FXGL Background Thread 2 ] DEBUG Engine               - isExperimentalTiledLargeMap: false
14:27:25.352 [FXGL Background Thread 2 ] DEBUG Engine               - secondsIn24h: 60
14:27:25.352 [FXGL Background Thread 2 ] DEBUG Engine               - runtimeInfo: RuntimeInfo(platform=WINDOWS, version=11.8, build=08.03.2020 09.09)
14:27:25.352 [FXGL Background Thread 2 ] DEBUG Engine               - urlGithub: https://github.com/AlmasB/FXGL
14:27:25.353 [FXGL Background Thread 2 ] DEBUG Engine               - isLinux: false
14:27:25.353 [FXGL Background Thread 2 ] DEBUG Engine               - soundMenuPress: menu/press.wav
14:27:25.353 [FXGL Background Thread 2 ] DEBUG Engine               - profileDir: profiles/
14:27:25.353 [FXGL Background Thread 2 ] DEBUG Engine               - globalSoundVolumeProperty: DoubleProperty [value: 0.5]
14:27:25.353 [FXGL Background Thread 2 ] DEBUG Engine               - isDeveloperMenuEnabled: false
14:27:25.353 [FXGL Background Thread 2 ] DEBUG Engine               - mainWindow: com.almasb.fxgl.app.MainWindow@2b8fa1e5
14:27:25.353 [FXGL Background Thread 2 ] DEBUG Engine               - urlLeaderboard: http://fxgl-top.herokuapp.com/
14:27:25.353 [FXGL Background Thread 2 ] DEBUG Engine               - globalSoundVolume: 0.5
14:27:25.353 [FXGL Background Thread 2 ] DEBUG Engine               - isBrowser: false
14:27:25.353 [FXGL Background Thread 2 ] DEBUG Engine               - engineServices: [class com.almasb.fxgl.app.GameApplication$GameApplicationService, class com.almasb.fxgl.app.services.WindowService, class com.almasb.fxgl.app.services.FXGLDialogService, class com.almasb.fxgl.app.services.IOTaskExecutorService, class com.almasb.fxgl.event.EventBusService, class com.almasb.fxgl.io.FileSystemService, class com.almasb.fxgl.localization.LocalizationService, class com.almasb.fxgl.app.services.AssetLoaderService, class com.almasb.fxgl.app.services.SystemBundleService, class com.almasb.fxgl.profile.SaveLoadService, class com.almasb.fxgl.ui.FXGLUIFactoryServiceProvider, class com.almasb.fxgl.ui.FXGLDialogFactoryServiceProvider, class com.almasb.fxgl.audio.AudioPlayer, class com.almasb.fxgl.notification.impl.NotificationServiceProvider, class com.almasb.fxgl.achievement.AchievementService, class com.almasb.fxgl.cutscene.CutsceneService, class com.almasb.fxgl.minigames.MiniGameService, class com.almasb.fxgl.net.NetService, class com.almasb.fxgl.app.services.UpdaterService]
14:27:25.353 [FXGL Background Thread 2 ] DEBUG Engine               - globalMusicVolume: 0.5
14:27:25.354 [FXGL Background Thread 2 ] DEBUG Engine               - width: 600
14:27:25.354 [FXGL Background Thread 2 ] DEBUG Engine               - saveFileExt: sav
14:27:25.354 [FXGL Background Thread 2 ] DEBUG Engine               - isAndroid: false
14:27:25.354 [FXGL Background Thread 2 ] DEBUG Engine               - fontUI: VarelaRound-Regular.ttf
14:27:25.354 [FXGL Background Thread 2 ] DEBUG Engine               - isIOS: false
14:27:25.354 [FXGL Background Thread 2 ] DEBUG Engine               - enabledMenuItems: []
14:27:25.354 [FXGL Background Thread 2 ] DEBUG Engine               - Logging services
14:27:25.354 [FXGL Background Thread 2 ] DEBUG Engine               - class com.almasb.fxgl.app.GameApplication$GameApplicationService
14:27:25.354 [FXGL Background Thread 2 ] DEBUG Engine               - class com.almasb.fxgl.app.services.WindowService
14:27:25.354 [FXGL Background Thread 2 ] DEBUG Engine               - class com.almasb.fxgl.app.services.FXGLDialogService
14:27:25.354 [FXGL Background Thread 2 ] DEBUG Engine               - class com.almasb.fxgl.app.services.IOTaskExecutorService
14:27:25.355 [FXGL Background Thread 2 ] DEBUG Engine               - class com.almasb.fxgl.event.EventBusService
14:27:25.355 [FXGL Background Thread 2 ] DEBUG Engine               - class com.almasb.fxgl.io.FileSystemService
14:27:25.355 [FXGL Background Thread 2 ] DEBUG Engine               - class com.almasb.fxgl.localization.LocalizationService
14:27:25.355 [FXGL Background Thread 2 ] DEBUG Engine               - class com.almasb.fxgl.app.services.AssetLoaderService
14:27:25.355 [FXGL Background Thread 2 ] DEBUG Engine               - class com.almasb.fxgl.app.services.SystemBundleService
14:27:25.355 [FXGL Background Thread 2 ] DEBUG Engine               - class com.almasb.fxgl.profile.SaveLoadService
14:27:25.355 [FXGL Background Thread 2 ] DEBUG Engine               - class com.almasb.fxgl.ui.FXGLUIFactoryServiceProvider
14:27:25.355 [FXGL Background Thread 2 ] DEBUG Engine               - class com.almasb.fxgl.ui.FXGLDialogFactoryServiceProvider
14:27:25.355 [FXGL Background Thread 2 ] DEBUG Engine               - class com.almasb.fxgl.audio.AudioPlayer
14:27:25.355 [FXGL Background Thread 2 ] DEBUG Engine               - class com.almasb.fxgl.notification.impl.NotificationServiceProvider
14:27:25.356 [FXGL Background Thread 2 ] DEBUG Engine               - class com.almasb.fxgl.achievement.AchievementService
14:27:25.356 [FXGL Background Thread 2 ] DEBUG Engine               - class com.almasb.fxgl.cutscene.CutsceneService
14:27:25.356 [FXGL Background Thread 2 ] DEBUG Engine               - class com.almasb.fxgl.minigames.MiniGameService
14:27:25.356 [FXGL Background Thread 2 ] DEBUG Engine               - class com.almasb.fxgl.net.NetService
14:27:25.356 [FXGL Background Thread 2 ] DEBUG Engine               - class com.almasb.fxgl.app.services.UpdaterService
14:27:27.941 [JavaFX Application Thread] DEBUG Menu                 - fireNewGame()
14:27:27.941 [JavaFX Application Thread] DEBUG WindowService        - Starting new game
14:27:27.941 [JavaFX Application Thread] DEBUG Input                - Clearing active input actions
14:27:27.951 [JavaFX Application Thread] DEBUG WindowService        - Removing overlay from MooseGameMenu and adding to FXGLLoadingScene
14:27:27.951 [JavaFX Application Thread] DEBUG MainWindow           - MooseGameMenu -> FXGLLoadingScene
14:27:27.951 [JavaFX Application Thread] DEBUG WindowService        - Clearing previous game
14:27:27.951 [JavaFX Application Thread] DEBUG GameScene            - Clearing game scene
14:27:27.952 [JavaFX Application Thread] DEBUG GameWorld            - Clearing game world
14:27:27.952 [JavaFX Application Thread] DEBUG PhysicsWorld         - Clearing physics world
14:27:27.953 [JavaFX Application Thread] DEBUG AudioPlayer          - Stopping music com.almasb.fxgl.audio.Music@363660a1
14:27:27.953 [FXGL Background Thread 1 ] DEBUG GameApplication      - Initializing game
14:27:27.984 [FXGL Background Thread 1 ] DEBUG FileSystemAccess     - Reading from: C:\Users\User\Documents\GitHub\JavaMooseGame\.\highscores.dat
14:27:27.985 [FXGL Background Thread 1 ] DEBUG AssetLoaderService   - Loading from file system: /assets/music/Poisoncut_GameLoop.mp3
14:27:28.047 [FXGL Background Thread 1 ] DEBUG AudioPlayer          - Playing music com.almasb.fxgl.audio.Music@3a23e814
14:27:28.050 [FXGL Background Thread 1 ] DEBUG AssetLoaderService   - Loading from file system: /assets/textures/road_with_patches.png
14:27:28.183 [FXGL Background Thread 1 ] DEBUG AssetLoaderService   - Loading from cache: /assets/textures/road_with_patches.png
14:27:28.184 [FXGL Background Thread 1 ] DEBUG AssetLoaderService   - Loading from file system: /assets/textures//car0.png
14:27:28.262 [FXGL Background Thread 1 ] DEBUG AssetLoaderService   - Loading from file system: /assets/textures/signpost.png
14:27:28.292 [FXGL Background Thread 1 ] DEBUG AssetLoaderService   - Loading from file system: /assets/ui/moosegame_ui.fxml
14:27:28.392 [FXGL Background Thread 1 ] INFO  GameApplication      - Game initialization took: 0.439 sec
14:27:28.394 [JavaFX Application Thread] DEBUG Input                - Clearing active input actions
14:27:28.405 [JavaFX Application Thread] DEBUG WindowService        - Removing overlay from FXGLLoadingScene and adding to GameScene
14:27:28.405 [JavaFX Application Thread] DEBUG MainWindow           - FXGLLoadingScene -> GameScene
14:27:30.680 [JavaFX Application Thread] DEBUG GameApplication      - Exiting FXGL
14:27:30.680 [JavaFX Application Thread] DEBUG LoopRunner           - Stopping loop
14:27:30.680 [JavaFX Application Thread] DEBUG SystemBundleService  - Saving FXGL system data
14:27:30.682 [JavaFX Application Thread] DEBUG FileSystemAccess     - Writing to: C:\Users\User\Documents\GitHub\JavaMooseGame\system\fxgl.bundle
14:27:30.684 [JavaFX Application Thread] DEBUG GameApplication      - Shutting down background threads
14:27:30.684 [JavaFX Application Thread] DEBUG GameApplication      - Closing logger and exiting JavaFX
