22:15:28.774 [main                     ] DEBUG GameApplication      - Logger initialized
22:15:28.778 [main                     ] DEBUG GameApplication      - Logging settings
Title: MooseGame
Version: 0.1
Width: 600
Height: 900
Fullscreen: false
Intro: false
Menus: false
Profiling: false
Single step:false
App Mode: DEVELOPER
Menu Key: ESCAPE
Stage Style: DECORATED
Scene Factory: class com.almasb.fxgl.app.scene.SceneFactory

22:15:29.108 [JavaFX Application Thread] DEBUG GameApplication      - Initializing FXGL
22:15:29.116 [JavaFX Application Thread] INFO  Engine               - FXGL-11.8 (08.03.2020 09.09) on WINDOWS (J:14.0.1 FX:13.0.2)
22:15:29.116 [JavaFX Application Thread] INFO  Engine               - Source code and latest versions at: https://github.com/AlmasB/FXGL
22:15:29.117 [JavaFX Application Thread] INFO  Engine               -              Join the FXGL chat at: https://gitter.im/AlmasB/FXGL
22:15:29.219 [JavaFX Application Thread] DEBUG MainWindow           - Creating a JavaFX scene
22:15:29.267 [JavaFX Application Thread] DEBUG MainWindow           - Target settings size: 600.0 x 900.0
22:15:29.267 [JavaFX Application Thread] DEBUG MainWindow           - Scaled scene size:    600.0 x 900.0
22:15:29.267 [JavaFX Application Thread] DEBUG MainWindow           - Scaled ratio: (1.0, 1.0)
22:15:29.269 [JavaFX Application Thread] DEBUG MainWindow           - Set initial scene to FXGLStartupScene
22:15:29.275 [JavaFX Application Thread] DEBUG MainWindow           - Opening main window
22:15:29.356 [JavaFX Application Thread] DEBUG MainWindow           - Window border size: (16.0, 39.0)
22:15:29.356 [JavaFX Application Thread] DEBUG MainWindow           - Scaled size: 600.0 x 900.0
22:15:29.357 [JavaFX Application Thread] DEBUG MainWindow           - Scaled ratio: (1.0, 1.0)
22:15:29.357 [JavaFX Application Thread] DEBUG MainWindow           - Scene size: 600.0 x 900.0
22:15:29.357 [JavaFX Application Thread] DEBUG MainWindow           - Stage size: 616.0 x 939.0
22:15:29.364 [FXGL Background Thread 1 ] DEBUG Engine               - Initializing environment variables
22:15:29.388 [FXGL Background Thread 1 ] DEBUG WindowService        - Applying CSS: fxgl_dark.css
22:15:29.388 [FXGL Background Thread 1 ] DEBUG AssetLoaderService   - Loading from file system: /assets/ui/css/fxgl_dark.css
22:15:29.427 [FXGL Background Thread 1 ] DEBUG WindowService        - Initializing application scenes
22:15:29.452 [FXGL Background Thread 1 ] DEBUG GameWorld            - Game world initialized
22:15:29.486 [FXGL Background Thread 1 ] DEBUG PhysicsWorld         - Physics world initialized: appHeight=900, physics.ppm=50.0
22:15:29.488 [FXGL Background Thread 1 ] DEBUG GameScene            - Game scene initialized: 600x900
22:15:29.496 [FXGL Background Thread 1 ] DEBUG Input                - Registered new binding: Resume - Esc
22:15:29.501 [FXGL Background Thread 1 ] DEBUG AssetLoaderService   - Loading from file system: /assets/textures/pause_menu_bg.png
22:15:29.542 [FXGL Background Thread 1 ] DEBUG Input                - Registered new binding: Pause - Esc
22:15:29.542 [FXGL Background Thread 1 ] DEBUG WindowService        - Application scenes initialized
22:15:29.550 [FXGL Background Thread 1 ] DEBUG SystemBundleService  - Loading FXGL system data
22:15:29.554 [FXGL Background Thread 1 ] DEBUG FileSystemAccess     - Reading from: C:\Users\micha\Desktop\JavaMooseGame\system\fxgl.bundle
22:15:29.558 [FXGL Background Thread 1 ] DEBUG SystemBundleService  - Bundle FXGL: {}
22:15:29.559 [FXGL Background Thread 1 ] INFO  Engine               - FXGL initialization took: 0.194 sec
22:15:29.560 [FXGL Background Thread 1 ] DEBUG GameApplication      - Loading localizations
22:15:29.561 [FXGL Background Thread 1 ] DEBUG AssetLoaderService   - Loading from file system: /assets/properties/languages/english.properties
22:15:29.562 [FXGL Background Thread 1 ] DEBUG AssetLoaderService   - Loading from file system: /assets/properties/languages/french.properties
22:15:29.563 [FXGL Background Thread 1 ] DEBUG AssetLoaderService   - Loading from file system: /assets/properties/languages/german.properties
22:15:29.564 [FXGL Background Thread 1 ] DEBUG AssetLoaderService   - Loading from file system: /assets/properties/languages/hungarian.properties
22:15:29.566 [FXGL Background Thread 1 ] DEBUG AssetLoaderService   - Loading from file system: /assets/properties/languages/russian.properties
22:15:29.567 [FXGL Background Thread 1 ] DEBUG GameApplication      - Registering font factories with UI factory
22:15:29.567 [FXGL Background Thread 1 ] DEBUG AssetLoaderService   - Loading from file system: /assets/ui/fonts/VarelaRound-Regular.ttf
22:15:29.608 [FXGL Background Thread 1 ] DEBUG AssetLoaderService   - Loading from file system: /assets/ui/fonts/Abel-Regular.ttf
22:15:29.616 [FXGL Background Thread 1 ] DEBUG AssetLoaderService   - Loading from file system: /assets/ui/fonts/lucida_console.ttf
22:15:29.626 [FXGL Background Thread 1 ] DEBUG AssetLoaderService   - Loading from file system: /assets/ui/fonts/Courier-Prime.ttf
22:15:29.636 [JavaFX Application Thread] DEBUG Input                - Registered new binding: action0 - A
22:15:29.636 [JavaFX Application Thread] DEBUG Input                - Registered new binding: action1 - S
22:15:29.637 [JavaFX Application Thread] DEBUG Input                - Registered new binding: action2 - D
22:15:29.637 [JavaFX Application Thread] DEBUG Input                - Registered new binding: action3 - W
22:15:29.637 [JavaFX Application Thread] DEBUG Input                - Registered new binding: action4 - Left
22:15:29.637 [JavaFX Application Thread] DEBUG Input                - Registered new binding: action5 - Down
22:15:29.637 [JavaFX Application Thread] DEBUG Input                - Registered new binding: action6 - Right
22:15:29.638 [JavaFX Application Thread] DEBUG Input                - Registered new binding: action7 - Up
22:15:29.638 [JavaFX Application Thread] DEBUG AssetLoaderService   - Loading from file system: /assets/textures/fxgl_icon.png
22:15:29.660 [JavaFX Application Thread] DEBUG AssetLoaderService   - Loading from file system: /assets/ui/cursors/fxgl_default.png
22:15:29.662 [JavaFX Application Thread] DEBUG Input                - Registered new binding: Screenshot - P
22:15:29.663 [JavaFX Application Thread] DEBUG Input                - Registered new binding: System info dump - CTRL+9
22:15:29.663 [JavaFX Application Thread] DEBUG Input                - Registered new binding: Restart - CTRL+R
22:15:29.663 [JavaFX Application Thread] DEBUG LoopRunner           - Starting loop
22:15:29.676 [JavaFX Application Thread] DEBUG FXGLStartupScene     - STARTUP
22:15:29.676 [JavaFX Application Thread] DEBUG WindowService        - Starting new game
22:15:29.679 [JavaFX Application Thread] DEBUG Input                - Clearing active input actions
22:15:29.689 [JavaFX Application Thread] DEBUG WindowService        - Removing overlay from FXGLStartupScene and adding to FXGLLoadingScene
22:15:29.690 [JavaFX Application Thread] DEBUG MainWindow           - FXGLStartupScene -> FXGLLoadingScene
22:15:29.690 [JavaFX Application Thread] DEBUG WindowService        - Clearing previous game
22:15:29.690 [JavaFX Application Thread] DEBUG GameScene            - Clearing game scene
22:15:29.690 [JavaFX Application Thread] DEBUG GameWorld            - Clearing game world
22:15:29.690 [JavaFX Application Thread] DEBUG PhysicsWorld         - Clearing physics world
22:15:29.691 [FXGL Background Thread 1 ] DEBUG GameApplication      - Initializing game
22:15:29.699 [FXGL Background Thread 1 ] DEBUG AssetLoaderService   - Loading from file system: /assets/textures/road_with_patches.png
22:15:29.711 [FXGL Background Thread 1 ] DEBUG AssetLoaderService   - Loading from file system: /assets/textures/Car_Audi_Sport_Quattro_86x145.png
22:15:29.723 [FXGL Background Thread 1 ] INFO  GameApplication      - Game initialization took: 0.031 sec
22:15:29.759 [JavaFX Application Thread] DEBUG Input                - Clearing active input actions
22:15:29.768 [JavaFX Application Thread] DEBUG WindowService        - Removing overlay from FXGLLoadingScene and adding to GameScene
22:15:29.769 [JavaFX Application Thread] DEBUG MainWindow           - FXGLLoadingScene -> GameScene
22:15:31.031 [JavaFX Application Thread] DEBUG AssetLoaderService   - Loading from file system: /assets/textures/potHole.png
22:15:31.877 [JavaFX Application Thread] DEBUG AssetLoaderService   - Loading from cache: /assets/textures/potHole.png
22:15:32.561 [FXGL Background Thread 2 ] DEBUG Engine               - Logging environment variables
22:15:32.561 [FXGL Background Thread 2 ] DEBUG Engine               - achievements: []
22:15:32.561 [FXGL Background Thread 2 ] DEBUG Engine               - language: ObjectProperty [value: ENGLISH]
22:15:32.561 [FXGL Background Thread 2 ] DEBUG Engine               - isCloseConfirmation: false
22:15:32.561 [FXGL Background Thread 2 ] DEBUG Engine               - isProfilingEnabled: false
22:15:32.561 [FXGL Background Thread 2 ] DEBUG Engine               - soundNotification: core/notification.wav
22:15:32.561 [FXGL Background Thread 2 ] DEBUG Engine               - devShowBBoxProperty: BooleanProperty [value: false]
22:15:32.561 [FXGL Background Thread 2 ] DEBUG Engine               - pixelsPerMeter: 50.0
22:15:32.561 [FXGL Background Thread 2 ] DEBUG Engine               - appIcon: fxgl_icon.png
22:15:32.561 [FXGL Background Thread 2 ] DEBUG Engine               - soundMenuBack: menu/back.wav
22:15:32.561 [FXGL Background Thread 2 ] DEBUG Engine               - isFullScreenAllowed: false
22:15:32.562 [FXGL Background Thread 2 ] DEBUG Engine               - isIntroEnabled: false
22:15:32.562 [FXGL Background Thread 2 ] DEBUG Engine               - fontMono: lucida_console.ttf
22:15:32.562 [FXGL Background Thread 2 ] DEBUG Engine               - soundMenuSelect: menu/select.wav
22:15:32.562 [FXGL Background Thread 2 ] DEBUG Engine               - isWindows: true
22:15:32.562 [FXGL Background Thread 2 ] DEBUG Engine               - isMobile: false
22:15:32.562 [FXGL Background Thread 2 ] DEBUG Engine               - isUserProfileEnabled: false
22:15:32.562 [FXGL Background Thread 2 ] DEBUG Engine               - height: 900
22:15:32.562 [FXGL Background Thread 2 ] DEBUG Engine               - isExperimentalNative: false
22:15:32.562 [FXGL Background Thread 2 ] DEBUG Engine               - settings: Title: MooseGame
Version: 0.1
Width: 600
Height: 900
Fullscreen: false
Intro: false
Menus: false
Profiling: false
Single step:false
App Mode: DEVELOPER
Menu Key: ESCAPE
Stage Style: DECORATED
Scene Factory: class com.almasb.fxgl.app.scene.SceneFactory

22:15:32.562 [FXGL Background Thread 2 ] DEBUG Engine               - cSSList: [fxgl_dark.css]
22:15:32.562 [FXGL Background Thread 2 ] DEBUG Engine               - isSingleStep: false
22:15:32.562 [FXGL Background Thread 2 ] DEBUG Engine               - fontGame: Abel-Regular.ttf
22:15:32.562 [FXGL Background Thread 2 ] DEBUG Engine               - menuKey: ESCAPE
22:15:32.563 [FXGL Background Thread 2 ] DEBUG Engine               - devShowPositionProperty: BooleanProperty [value: false]
22:15:32.563 [FXGL Background Thread 2 ] DEBUG Engine               - versionCheckDays: 7
22:15:32.563 [FXGL Background Thread 2 ] DEBUG Engine               - configClass: Optional.empty
22:15:32.563 [FXGL Background Thread 2 ] DEBUG Engine               - isFullScreenFromStart: false
22:15:32.563 [FXGL Background Thread 2 ] DEBUG Engine               - version: 0.1
22:15:32.563 [FXGL Background Thread 2 ] DEBUG Engine               - fullScreen: BooleanProperty [value: false]
22:15:32.563 [FXGL Background Thread 2 ] DEBUG Engine               - randomSeed: -1
22:15:32.563 [FXGL Background Thread 2 ] DEBUG Engine               - gameDifficultyProperty: ObjectProperty [value: MEDIUM]
22:15:32.563 [FXGL Background Thread 2 ] DEBUG Engine               - applicationMode: DEVELOPER
22:15:32.563 [FXGL Background Thread 2 ] DEBUG Engine               - isMac: false
22:15:32.563 [FXGL Background Thread 2 ] DEBUG Engine               - isMenuEnabled: false
22:15:32.563 [FXGL Background Thread 2 ] DEBUG Engine               - urlPOM: https://raw.githubusercontent.com/AlmasB/FXGL/master/pom.xml
22:15:32.563 [FXGL Background Thread 2 ] DEBUG Engine               - profileName: StringProperty [value: DEFAULT]
22:15:32.563 [FXGL Background Thread 2 ] DEBUG Engine               - notificationViewClass: class com.almasb.fxgl.notification.view.XboxNotificationView
22:15:32.564 [FXGL Background Thread 2 ] DEBUG Engine               - devSensorColorProperty: ObjectProperty [value: 0xffff00ff]
22:15:32.564 [FXGL Background Thread 2 ] DEBUG Engine               - sceneFactory: com.almasb.fxgl.app.scene.SceneFactory@2a5caaa9
22:15:32.564 [FXGL Background Thread 2 ] DEBUG Engine               - stageStyle: DECORATED
22:15:32.564 [FXGL Background Thread 2 ] DEBUG Engine               - isManualResizeEnabled: false
22:15:32.564 [FXGL Background Thread 2 ] DEBUG Engine               - title: MooseGame
22:15:32.564 [FXGL Background Thread 2 ] DEBUG Engine               - platform: WINDOWS
22:15:32.564 [FXGL Background Thread 2 ] DEBUG Engine               - devBBoxColorProperty: ObjectProperty [value: 0xff0000ff]
22:15:32.564 [FXGL Background Thread 2 ] DEBUG Engine               - gameDifficulty: MEDIUM
22:15:32.564 [FXGL Background Thread 2 ] DEBUG Engine               - isDesktop: true
22:15:32.564 [FXGL Background Thread 2 ] DEBUG Engine               - supportedLanguages: [ENGLISH, FRENCH, GERMAN, HUNGARIAN, RUSSIAN]
22:15:32.564 [FXGL Background Thread 2 ] DEBUG Engine               - credits: []
22:15:32.564 [FXGL Background Thread 2 ] DEBUG Engine               - globalMusicVolumeProperty: DoubleProperty [value: 0.5]
22:15:32.564 [FXGL Background Thread 2 ] DEBUG Engine               - isPreserveResizeRatio: false
22:15:32.565 [FXGL Background Thread 2 ] DEBUG Engine               - fontText: Courier-Prime.ttf
22:15:32.565 [FXGL Background Thread 2 ] DEBUG Engine               - isExperimentalTiledLargeMap: false
22:15:32.565 [FXGL Background Thread 2 ] DEBUG Engine               - secondsIn24h: 60
22:15:32.565 [FXGL Background Thread 2 ] DEBUG Engine               - runtimeInfo: RuntimeInfo(platform=WINDOWS, version=11.8, build=08.03.2020 09.09)
22:15:32.565 [FXGL Background Thread 2 ] DEBUG Engine               - isLinux: false
22:15:32.565 [FXGL Background Thread 2 ] DEBUG Engine               - soundMenuPress: menu/press.wav
22:15:32.565 [FXGL Background Thread 2 ] DEBUG Engine               - urlGithub: https://github.com/AlmasB/FXGL
22:15:32.565 [FXGL Background Thread 2 ] DEBUG Engine               - profileDir: profiles/
22:15:32.565 [FXGL Background Thread 2 ] DEBUG Engine               - isDeveloperMenuEnabled: false
22:15:32.565 [FXGL Background Thread 2 ] DEBUG Engine               - globalSoundVolumeProperty: DoubleProperty [value: 0.5]
22:15:32.565 [FXGL Background Thread 2 ] DEBUG Engine               - mainWindow: com.almasb.fxgl.app.MainWindow@2e632b3a
22:15:32.565 [FXGL Background Thread 2 ] DEBUG Engine               - isBrowser: false
22:15:32.565 [FXGL Background Thread 2 ] DEBUG Engine               - urlLeaderboard: http://fxgl-top.herokuapp.com/
22:15:32.565 [FXGL Background Thread 2 ] DEBUG Engine               - globalSoundVolume: 0.5
22:15:32.565 [FXGL Background Thread 2 ] DEBUG Engine               - engineServices: [class com.almasb.fxgl.app.GameApplication$GameApplicationService, class com.almasb.fxgl.app.services.WindowService, class com.almasb.fxgl.app.services.FXGLDialogService, class com.almasb.fxgl.app.services.IOTaskExecutorService, class com.almasb.fxgl.event.EventBusService, class com.almasb.fxgl.io.FileSystemService, class com.almasb.fxgl.localization.LocalizationService, class com.almasb.fxgl.app.services.AssetLoaderService, class com.almasb.fxgl.app.services.SystemBundleService, class com.almasb.fxgl.profile.SaveLoadService, class com.almasb.fxgl.ui.FXGLUIFactoryServiceProvider, class com.almasb.fxgl.ui.FXGLDialogFactoryServiceProvider, class com.almasb.fxgl.audio.AudioPlayer, class com.almasb.fxgl.notification.impl.NotificationServiceProvider, class com.almasb.fxgl.achievement.AchievementService, class com.almasb.fxgl.cutscene.CutsceneService, class com.almasb.fxgl.minigames.MiniGameService, class com.almasb.fxgl.net.NetService, class com.almasb.fxgl.app.services.UpdaterService]
22:15:32.565 [FXGL Background Thread 2 ] DEBUG Engine               - globalMusicVolume: 0.5
22:15:32.566 [FXGL Background Thread 2 ] DEBUG Engine               - width: 600
22:15:32.566 [FXGL Background Thread 2 ] DEBUG Engine               - saveFileExt: sav
22:15:32.566 [FXGL Background Thread 2 ] DEBUG Engine               - isAndroid: false
22:15:32.566 [FXGL Background Thread 2 ] DEBUG Engine               - fontUI: VarelaRound-Regular.ttf
22:15:32.566 [FXGL Background Thread 2 ] DEBUG Engine               - enabledMenuItems: []
22:15:32.566 [FXGL Background Thread 2 ] DEBUG Engine               - isIOS: false
22:15:32.566 [FXGL Background Thread 2 ] DEBUG Engine               - Logging services
22:15:32.566 [FXGL Background Thread 2 ] DEBUG Engine               - class com.almasb.fxgl.app.GameApplication$GameApplicationService
22:15:32.566 [FXGL Background Thread 2 ] DEBUG Engine               - class com.almasb.fxgl.app.services.WindowService
22:15:32.566 [FXGL Background Thread 2 ] DEBUG Engine               - class com.almasb.fxgl.app.services.FXGLDialogService
22:15:32.566 [FXGL Background Thread 2 ] DEBUG Engine               - class com.almasb.fxgl.app.services.IOTaskExecutorService
22:15:32.566 [FXGL Background Thread 2 ] DEBUG Engine               - class com.almasb.fxgl.event.EventBusService
22:15:32.566 [FXGL Background Thread 2 ] DEBUG Engine               - class com.almasb.fxgl.io.FileSystemService
22:15:32.566 [FXGL Background Thread 2 ] DEBUG Engine               - class com.almasb.fxgl.localization.LocalizationService
22:15:32.566 [FXGL Background Thread 2 ] DEBUG Engine               - class com.almasb.fxgl.app.services.AssetLoaderService
22:15:32.567 [FXGL Background Thread 2 ] DEBUG Engine               - class com.almasb.fxgl.app.services.SystemBundleService
22:15:32.567 [FXGL Background Thread 2 ] DEBUG Engine               - class com.almasb.fxgl.profile.SaveLoadService
22:15:32.567 [FXGL Background Thread 2 ] DEBUG Engine               - class com.almasb.fxgl.ui.FXGLUIFactoryServiceProvider
22:15:32.567 [FXGL Background Thread 2 ] DEBUG Engine               - class com.almasb.fxgl.ui.FXGLDialogFactoryServiceProvider
22:15:32.567 [FXGL Background Thread 2 ] DEBUG Engine               - class com.almasb.fxgl.audio.AudioPlayer
22:15:32.567 [FXGL Background Thread 2 ] DEBUG Engine               - class com.almasb.fxgl.notification.impl.NotificationServiceProvider
22:15:32.567 [FXGL Background Thread 2 ] DEBUG Engine               - class com.almasb.fxgl.achievement.AchievementService
22:15:32.567 [FXGL Background Thread 2 ] DEBUG Engine               - class com.almasb.fxgl.cutscene.CutsceneService
22:15:32.567 [FXGL Background Thread 2 ] DEBUG Engine               - class com.almasb.fxgl.minigames.MiniGameService
22:15:32.567 [FXGL Background Thread 2 ] DEBUG Engine               - class com.almasb.fxgl.net.NetService
22:15:32.567 [FXGL Background Thread 2 ] DEBUG Engine               - class com.almasb.fxgl.app.services.UpdaterService
22:15:32.711 [JavaFX Application Thread] DEBUG AssetLoaderService   - Loading from cache: /assets/textures/potHole.png
22:15:33.558 [JavaFX Application Thread] DEBUG AssetLoaderService   - Loading from cache: /assets/textures/potHole.png
22:15:34.391 [JavaFX Application Thread] DEBUG AssetLoaderService   - Loading from cache: /assets/textures/potHole.png
22:15:35.232 [JavaFX Application Thread] DEBUG AssetLoaderService   - Loading from cache: /assets/textures/potHole.png
22:15:36.066 [JavaFX Application Thread] DEBUG AssetLoaderService   - Loading from cache: /assets/textures/potHole.png
22:15:36.899 [JavaFX Application Thread] DEBUG AssetLoaderService   - Loading from cache: /assets/textures/potHole.png
22:15:37.745 [JavaFX Application Thread] DEBUG AssetLoaderService   - Loading from cache: /assets/textures/potHole.png
22:15:38.599 [JavaFX Application Thread] DEBUG AssetLoaderService   - Loading from cache: /assets/textures/potHole.png
22:15:39.440 [JavaFX Application Thread] DEBUG AssetLoaderService   - Loading from cache: /assets/textures/potHole.png
22:15:40.279 [JavaFX Application Thread] DEBUG AssetLoaderService   - Loading from cache: /assets/textures/potHole.png
22:15:41.127 [JavaFX Application Thread] DEBUG AssetLoaderService   - Loading from cache: /assets/textures/potHole.png
22:15:41.968 [JavaFX Application Thread] DEBUG AssetLoaderService   - Loading from cache: /assets/textures/potHole.png
22:15:42.807 [JavaFX Application Thread] DEBUG AssetLoaderService   - Loading from cache: /assets/textures/potHole.png
22:15:42.989 [JavaFX Application Thread] DEBUG GameApplication      - Exiting FXGL
22:15:42.989 [JavaFX Application Thread] DEBUG LoopRunner           - Stopping loop
22:15:42.989 [JavaFX Application Thread] DEBUG SystemBundleService  - Saving FXGL system data
22:15:42.991 [JavaFX Application Thread] DEBUG FileSystemAccess     - Writing to: C:\Users\micha\Desktop\JavaMooseGame\system\fxgl.bundle
22:15:42.993 [JavaFX Application Thread] DEBUG GameApplication      - Shutting down background threads
22:15:42.993 [JavaFX Application Thread] DEBUG GameApplication      - Closing logger and exiting JavaFX
