21:19:21.092 [main                     ] DEBUG GameApplication      - Logger initialized
21:19:21.139 [main                     ] DEBUG GameApplication      - Logging settings
Title: MooseGame
Version: 0.3
Width: 600
Height: 900
Fullscreen: false
Intro: false
Menus: true
Profiling: false
Single step:false
App Mode: DEVELOPER
Menu Key: ESCAPE
Stage Style: DECORATED
Scene Factory: class MooseGameApp$1

21:19:22.553 [JavaFX Application Thread] DEBUG GameApplication      - Initializing FXGL
21:19:22.575 [JavaFX Application Thread] INFO  Engine               - FXGL-11.8 (08.03.2020 09.09) on WINDOWS (J:14.0.1 FX:13.0.2)
21:19:22.576 [JavaFX Application Thread] INFO  Engine               - Source code and latest versions at: https://github.com/AlmasB/FXGL
21:19:22.576 [JavaFX Application Thread] INFO  Engine               -              Join the FXGL chat at: https://gitter.im/AlmasB/FXGL
21:19:22.920 [JavaFX Application Thread] DEBUG MainWindow           - Creating a JavaFX scene
21:19:22.920 [JavaFX Application Thread] DEBUG MainWindow           - Target size > screen size
21:19:23.056 [JavaFX Application Thread] DEBUG MainWindow           - Target settings size: 600.0 x 900.0
21:19:23.056 [JavaFX Application Thread] DEBUG MainWindow           - Scaled scene size:    524.0 x 823.0
21:19:23.057 [JavaFX Application Thread] DEBUG MainWindow           - Scaled ratio: (0.8733333333333333, 0.9144444444444444)
21:19:23.058 [JavaFX Application Thread] DEBUG MainWindow           - Set initial scene to FXGLStartupScene
21:19:23.072 [JavaFX Application Thread] DEBUG MainWindow           - Opening main window
21:19:23.445 [JavaFX Application Thread] DEBUG MainWindow           - Window border size: (14.4000244140625, 37.79998779296875)
21:19:23.446 [JavaFX Application Thread] DEBUG MainWindow           - Scaled size: 524.0 x 823.0
21:19:23.447 [JavaFX Application Thread] DEBUG MainWindow           - Scaled ratio: (0.8733333333333333, 0.9144444444444444)
21:19:23.448 [JavaFX Application Thread] DEBUG MainWindow           - Scene size: 524.0 x 823.0
21:19:23.448 [JavaFX Application Thread] DEBUG MainWindow           - Stage size: 538.4000244140625 x 860.7999877929688
21:19:23.462 [FXGL Background Thread 1 ] DEBUG Engine               - Initializing environment variables
21:19:23.568 [FXGL Background Thread 1 ] DEBUG WindowService        - Applying CSS: fxgl_dark.css
21:19:23.570 [FXGL Background Thread 1 ] DEBUG AssetLoaderService   - Loading from file system: /assets/ui/css/fxgl_dark.css
21:19:23.765 [FXGL Background Thread 1 ] DEBUG WindowService        - Initializing application scenes
21:19:23.860 [FXGL Background Thread 1 ] DEBUG GameWorld            - Game world initialized
21:19:23.976 [FXGL Background Thread 1 ] DEBUG PhysicsWorld         - Physics world initialized: appHeight=900, physics.ppm=50.0
21:19:23.986 [FXGL Background Thread 1 ] DEBUG GameScene            - Game scene initialized: 600x900
21:19:24.011 [FXGL Background Thread 1 ] DEBUG AssetLoaderService   - Loading from file system: /assets/textures/Roadway.png
21:19:24.239 [JavaFX Application Thread] DEBUG LoopRunner           - Stopping loop
21:19:33.746 [JavaFX Application Thread] FATAL GameApplication      - Uncaught Exception:

Fatal exception occurred: java.lang.IllegalArgumentException : Invalid URL: Invalid URL or resource not found
E: javafx.scene.image.Image.validateUrl(Image.java:1125)
E: javafx.scene.image.Image.<init>(Image.java:618)
E: javafx.scene.image.ImageView.<init>(ImageView.java:194)
E: MooseGameMenu.carSelectionMenu(MooseGameMenu.java:93)
E: MooseGameMenu.<init>(MooseGameMenu.java:32)
E: MooseGameApp$1.newMainMenu(MooseGameApp.java:38)
E: com.almasb.fxgl.app.services.WindowService.initAppScenes(WindowService.kt:136)
E: com.almasb.fxgl.app.services.WindowService.onInit(WindowService.kt:110)
E: com.almasb.fxgl.app.Engine.initServices(Engine.kt:78)
E: com.almasb.fxgl.app.GameApplication$FXGLApplication.lambda$start$1(GameApplication.java:251)
E: com.almasb.fxgl.core.concurrent.IOTask.lambda$ofVoid$5(IOTask.java:138)
E: com.almasb.fxgl.core.concurrent.IOTask$2.onExecute(IOTask.java:151)
E: com.almasb.fxgl.core.concurrent.IOTask$1.call(IOTask.java:107)
E: javafx.concurrent.Task$TaskCallable.call(Task.java:1425)
E: java.base/java.util.concurrent.FutureTask.run(FutureTask.java:264)
E: java.base/java.util.concurrent.Executors$RunnableAdapter.call(Executors.java:515)
E: java.base/java.util.concurrent.FutureTask.run(FutureTask.java:264)
E: java.base/java.util.concurrent.ThreadPoolExecutor.runWorker(ThreadPoolExecutor.java:1130)
E: java.base/java.util.concurrent.ThreadPoolExecutor$Worker.run(ThreadPoolExecutor.java:630)
E: java.base/java.lang.Thread.run(Thread.java:832)

21:19:33.747 [JavaFX Application Thread] FATAL GameApplication      - Application will now exit
21:19:33.748 [JavaFX Application Thread] DEBUG GameApplication      - Exiting FXGL
21:19:33.748 [JavaFX Application Thread] DEBUG GameApplication      - Shutting down background threads
21:19:33.749 [JavaFX Application Thread] DEBUG GameApplication      - Closing logger and exiting JavaFX
