14:11:22.457 [main                     ] DEBUG GameApplication      - Logger initialized
14:11:22.461 [main                     ] DEBUG GameApplication      - Logging settings
Title: MooseGame
Version: 0.2
Width: 600
Height: 900
Fullscreen: false
Intro: false
Menus: true
Profiling: false
Single step:false
App Mode: DEVELOPER
Menu Key: ESCAPE
Stage Style: DECORATED
Scene Factory: class com.almasb.fxgl.app.scene.SceneFactory

14:11:22.772 [JavaFX Application Thread] DEBUG GameApplication      - Initializing FXGL
14:11:22.779 [JavaFX Application Thread] INFO  Engine               - FXGL-11.8 (08.03.2020 09.09) on WINDOWS (J:14.0.1 FX:13.0.2)
14:11:22.780 [JavaFX Application Thread] INFO  Engine               - Source code and latest versions at: https://github.com/AlmasB/FXGL
14:11:22.780 [JavaFX Application Thread] INFO  Engine               -              Join the FXGL chat at: https://gitter.im/AlmasB/FXGL
14:11:22.879 [JavaFX Application Thread] DEBUG MainWindow           - Creating a JavaFX scene
14:11:22.922 [JavaFX Application Thread] DEBUG MainWindow           - Target settings size: 600.0 x 900.0
14:11:22.922 [JavaFX Application Thread] DEBUG MainWindow           - Scaled scene size:    600.0 x 900.0
14:11:22.922 [JavaFX Application Thread] DEBUG MainWindow           - Scaled ratio: (1.0, 1.0)
14:11:22.923 [JavaFX Application Thread] DEBUG MainWindow           - Set initial scene to FXGLStartupScene
14:11:22.929 [JavaFX Application Thread] DEBUG MainWindow           - Opening main window
14:11:23.006 [JavaFX Application Thread] DEBUG MainWindow           - Window border size: (16.0, 39.0)
14:11:23.006 [JavaFX Application Thread] DEBUG MainWindow           - Scaled size: 600.0 x 900.0
14:11:23.006 [JavaFX Application Thread] DEBUG MainWindow           - Scaled ratio: (1.0, 1.0)
14:11:23.006 [JavaFX Application Thread] DEBUG MainWindow           - Scene size: 600.0 x 900.0
14:11:23.006 [JavaFX Application Thread] DEBUG MainWindow           - Stage size: 616.0 x 939.0
14:11:23.012 [FXGL Background Thread 1 ] DEBUG Engine               - Initializing environment variables
14:11:23.035 [FXGL Background Thread 1 ] DEBUG WindowService        - Applying CSS: fxgl_dark.css
14:11:23.035 [FXGL Background Thread 1 ] DEBUG AssetLoaderService   - Loading from file system: /assets/ui/css/fxgl_dark.css
14:11:23.068 [FXGL Background Thread 1 ] DEBUG WindowService        - Initializing application scenes
14:11:23.094 [FXGL Background Thread 1 ] DEBUG GameWorld            - Game world initialized
14:11:23.124 [FXGL Background Thread 1 ] DEBUG PhysicsWorld         - Physics world initialized: appHeight=900, physics.ppm=50.0
14:11:23.126 [FXGL Background Thread 1 ] DEBUG GameScene            - Game scene initialized: 600x900
14:11:23.148 [FXGL Background Thread 1 ] DEBUG AssetLoaderService   - Loading from file system: /assets/textures/particles/trace_horizontal.png
14:11:23.191 [FXGL Background Thread 1 ] WARN  FXGL.DefaultMenu     - FXGLDefaultMenu is not designed for resolutions < 800x600
14:11:23.192 [FXGL Background Thread 1 ] DEBUG FXGL.DefaultMenu     - createMenuBodyMainMenu()
14:11:23.205 [FXGL Background Thread 1 ] DEBUG FXGL.DefaultMenu     - createOptionsMenu()
14:11:23.208 [FXGL Background Thread 1 ] DEBUG AssetLoaderService   - Loading from file system: /assets/textures/particles/smoke.png
14:11:23.261 [FXGL Background Thread 1 ] DEBUG AssetLoaderService   - Loading from cache: /assets/textures/particles/trace_horizontal.png@64.0x64.0
14:11:23.261 [FXGL Background Thread 1 ] WARN  FXGL.DefaultMenu     - FXGLDefaultMenu is not designed for resolutions < 800x600
14:11:23.261 [FXGL Background Thread 1 ] DEBUG FXGL.DefaultMenu     - createMenuBodyGameMenu()
14:11:23.262 [FXGL Background Thread 1 ] DEBUG FXGL.DefaultMenu     - createOptionsMenu()
14:11:23.264 [FXGL Background Thread 1 ] DEBUG AssetLoaderService   - Loading from cache: /assets/textures/particles/smoke.png@128.0x128.0
14:11:23.280 [FXGL Background Thread 1 ] DEBUG WindowService        - Application scenes initialized
14:11:23.287 [FXGL Background Thread 1 ] DEBUG SystemBundleService  - Loading FXGL system data
14:11:23.290 [FXGL Background Thread 1 ] DEBUG FileSystemAccess     - Reading from: C:\Users\micha\Desktop\JavaMooseGame\system\fxgl.bundle
14:11:23.295 [FXGL Background Thread 1 ] DEBUG SystemBundleService  - Bundle FXGL: {}
14:11:23.295 [FXGL Background Thread 1 ] INFO  Engine               - FXGL initialization took: 0.282 sec
14:11:23.297 [FXGL Background Thread 1 ] DEBUG GameApplication      - Loading localizations
14:11:23.297 [FXGL Background Thread 1 ] DEBUG AssetLoaderService   - Loading from file system: /assets/properties/languages/english.properties
14:11:23.299 [FXGL Background Thread 1 ] DEBUG AssetLoaderService   - Loading from file system: /assets/properties/languages/french.properties
14:11:23.300 [FXGL Background Thread 1 ] DEBUG AssetLoaderService   - Loading from file system: /assets/properties/languages/german.properties
14:11:23.301 [FXGL Background Thread 1 ] DEBUG AssetLoaderService   - Loading from file system: /assets/properties/languages/hungarian.properties
14:11:23.302 [FXGL Background Thread 1 ] DEBUG AssetLoaderService   - Loading from file system: /assets/properties/languages/russian.properties
14:11:23.303 [FXGL Background Thread 1 ] DEBUG GameApplication      - Registering font factories with UI factory
14:11:23.304 [FXGL Background Thread 1 ] DEBUG AssetLoaderService   - Loading from file system: /assets/ui/fonts/VarelaRound-Regular.ttf
14:11:23.347 [FXGL Background Thread 1 ] DEBUG AssetLoaderService   - Loading from file system: /assets/ui/fonts/Abel-Regular.ttf
14:11:23.355 [FXGL Background Thread 1 ] DEBUG AssetLoaderService   - Loading from file system: /assets/ui/fonts/lucida_console.ttf
14:11:23.365 [FXGL Background Thread 1 ] DEBUG AssetLoaderService   - Loading from file system: /assets/ui/fonts/Courier-Prime.ttf
14:11:23.379 [JavaFX Application Thread] DEBUG Input                - Registered new binding: action0 - A
14:11:23.379 [JavaFX Application Thread] DEBUG Input                - Registered new binding: action1 - S
14:11:23.379 [JavaFX Application Thread] DEBUG Input                - Registered new binding: action2 - D
14:11:23.380 [JavaFX Application Thread] DEBUG Input                - Registered new binding: action3 - W
14:11:23.380 [JavaFX Application Thread] DEBUG Input                - Registered new binding: action4 - Space
14:11:23.380 [JavaFX Application Thread] DEBUG Input                - Registered new binding: action5 - Left
14:11:23.380 [JavaFX Application Thread] DEBUG Input                - Registered new binding: action6 - Down
14:11:23.380 [JavaFX Application Thread] DEBUG Input                - Registered new binding: action7 - Right
14:11:23.381 [JavaFX Application Thread] DEBUG Input                - Registered new binding: action8 - Up
14:11:23.381 [JavaFX Application Thread] DEBUG AssetLoaderService   - Loading from file system: /assets/textures/fxgl_icon.png
14:11:23.396 [JavaFX Application Thread] DEBUG AssetLoaderService   - Loading from file system: /assets/ui/cursors/fxgl_default.png
14:11:23.398 [JavaFX Application Thread] DEBUG Input                - Registered new binding: Screenshot - P
14:11:23.399 [JavaFX Application Thread] DEBUG Input                - Registered new binding: System info dump - CTRL+9
14:11:23.399 [JavaFX Application Thread] DEBUG Input                - Registered new binding: Restart - CTRL+R
14:11:23.399 [JavaFX Application Thread] DEBUG LoopRunner           - Starting loop
14:11:23.404 [JavaFX Application Thread] DEBUG FXGLStartupScene     - STARTUP
14:11:23.407 [JavaFX Application Thread] DEBUG Input                - Clearing active input actions
14:11:23.422 [JavaFX Application Thread] DEBUG WindowService        - Removing overlay from FXGLStartupScene and adding to FXGLDefaultMenu
14:11:23.422 [JavaFX Application Thread] DEBUG MainWindow           - FXGLStartupScene -> FXGLDefaultMenu
14:11:24.065 [JavaFX Application Thread] DEBUG GameApplication      - Exiting FXGL
14:11:24.065 [JavaFX Application Thread] DEBUG LoopRunner           - Stopping loop
14:11:24.065 [JavaFX Application Thread] DEBUG SystemBundleService  - Saving FXGL system data
14:11:24.067 [JavaFX Application Thread] DEBUG FileSystemAccess     - Writing to: C:\Users\micha\Desktop\JavaMooseGame\system\fxgl.bundle
14:11:24.068 [JavaFX Application Thread] DEBUG GameApplication      - Shutting down background threads
14:11:24.068 [JavaFX Application Thread] DEBUG GameApplication      - Closing logger and exiting JavaFX
