12:38:08.506 [main                     ] DEBUG GameApplication      - Logger initialized
12:38:08.510 [main                     ] DEBUG GameApplication      - Logging settings
Title: MooseGame
Version: 0.2
Width: 600
Height: 900
Fullscreen: false
Intro: false
Menus: true
Profiling: false
Single step:false
App Mode: DEVELOPER
Menu Key: ESCAPE
Stage Style: DECORATED
Scene Factory: class com.almasb.fxgl.app.scene.SceneFactory

12:38:08.836 [JavaFX Application Thread] DEBUG GameApplication      - Initializing FXGL
12:38:08.845 [JavaFX Application Thread] INFO  Engine               - FXGL-11.8 (08.03.2020 09.09) on WINDOWS (J:14.0.1 FX:13.0.2)
12:38:08.845 [JavaFX Application Thread] INFO  Engine               - Source code and latest versions at: https://github.com/AlmasB/FXGL
12:38:08.845 [JavaFX Application Thread] INFO  Engine               -              Join the FXGL chat at: https://gitter.im/AlmasB/FXGL
12:38:08.957 [JavaFX Application Thread] DEBUG MainWindow           - Creating a JavaFX scene
12:38:09.000 [JavaFX Application Thread] DEBUG MainWindow           - Target settings size: 600.0 x 900.0
12:38:09.000 [JavaFX Application Thread] DEBUG MainWindow           - Scaled scene size:    600.0 x 900.0
12:38:09.000 [JavaFX Application Thread] DEBUG MainWindow           - Scaled ratio: (1.0, 1.0)
12:38:09.001 [JavaFX Application Thread] DEBUG MainWindow           - Set initial scene to FXGLStartupScene
12:38:09.008 [JavaFX Application Thread] DEBUG MainWindow           - Opening main window
12:38:09.080 [JavaFX Application Thread] DEBUG MainWindow           - Window border size: (16.0, 39.0)
12:38:09.081 [JavaFX Application Thread] DEBUG MainWindow           - Scaled size: 600.0 x 900.0
12:38:09.081 [JavaFX Application Thread] DEBUG MainWindow           - Scaled ratio: (1.0, 1.0)
12:38:09.081 [JavaFX Application Thread] DEBUG MainWindow           - Scene size: 600.0 x 900.0
12:38:09.081 [JavaFX Application Thread] DEBUG MainWindow           - Stage size: 616.0 x 939.0
12:38:09.088 [FXGL Background Thread 1 ] DEBUG Engine               - Initializing environment variables
12:38:09.113 [FXGL Background Thread 1 ] DEBUG WindowService        - Applying CSS: fxgl_dark.css
12:38:09.114 [FXGL Background Thread 1 ] DEBUG AssetLoaderService   - Loading from file system: /assets/ui/css/fxgl_dark.css
12:38:09.150 [FXGL Background Thread 1 ] DEBUG WindowService        - Initializing application scenes
12:38:09.180 [FXGL Background Thread 1 ] DEBUG GameWorld            - Game world initialized
12:38:09.208 [FXGL Background Thread 1 ] DEBUG PhysicsWorld         - Physics world initialized: appHeight=900, physics.ppm=50.0
12:38:09.210 [FXGL Background Thread 1 ] DEBUG GameScene            - Game scene initialized: 600x900
12:38:09.230 [FXGL Background Thread 1 ] DEBUG AssetLoaderService   - Loading from file system: /assets/textures/particles/trace_horizontal.png
12:38:09.273 [FXGL Background Thread 1 ] WARN  FXGL.DefaultMenu     - FXGLDefaultMenu is not designed for resolutions < 800x600
12:38:09.273 [FXGL Background Thread 1 ] DEBUG FXGL.DefaultMenu     - createMenuBodyMainMenu()
12:38:09.285 [FXGL Background Thread 1 ] DEBUG FXGL.DefaultMenu     - createOptionsMenu()
12:38:09.288 [FXGL Background Thread 1 ] DEBUG AssetLoaderService   - Loading from file system: /assets/textures/particles/smoke.png
12:38:09.341 [FXGL Background Thread 1 ] DEBUG AssetLoaderService   - Loading from cache: /assets/textures/particles/trace_horizontal.png@64.0x64.0
12:38:09.341 [FXGL Background Thread 1 ] WARN  FXGL.DefaultMenu     - FXGLDefaultMenu is not designed for resolutions < 800x600
12:38:09.341 [FXGL Background Thread 1 ] DEBUG FXGL.DefaultMenu     - createMenuBodyGameMenu()
12:38:09.342 [FXGL Background Thread 1 ] DEBUG FXGL.DefaultMenu     - createOptionsMenu()
12:38:09.345 [FXGL Background Thread 1 ] DEBUG AssetLoaderService   - Loading from cache: /assets/textures/particles/smoke.png@128.0x128.0
12:38:09.355 [FXGL Background Thread 1 ] DEBUG WindowService        - Application scenes initialized
12:38:09.361 [FXGL Background Thread 1 ] DEBUG SystemBundleService  - Loading FXGL system data
12:38:09.365 [FXGL Background Thread 1 ] DEBUG FileSystemAccess     - Reading from: C:\Users\micha\Desktop\JavaMooseGame\system\fxgl.bundle
12:38:09.370 [FXGL Background Thread 1 ] DEBUG SystemBundleService  - Bundle FXGL: {}
12:38:09.370 [FXGL Background Thread 1 ] INFO  Engine               - FXGL initialization took: 0.281 sec
12:38:09.372 [FXGL Background Thread 1 ] DEBUG GameApplication      - Loading localizations
12:38:09.372 [FXGL Background Thread 1 ] DEBUG AssetLoaderService   - Loading from file system: /assets/properties/languages/english.properties
12:38:09.374 [FXGL Background Thread 1 ] DEBUG AssetLoaderService   - Loading from file system: /assets/properties/languages/french.properties
12:38:09.375 [FXGL Background Thread 1 ] DEBUG AssetLoaderService   - Loading from file system: /assets/properties/languages/german.properties
12:38:09.376 [FXGL Background Thread 1 ] DEBUG AssetLoaderService   - Loading from file system: /assets/properties/languages/hungarian.properties
12:38:09.378 [FXGL Background Thread 1 ] DEBUG AssetLoaderService   - Loading from file system: /assets/properties/languages/russian.properties
12:38:09.379 [FXGL Background Thread 1 ] DEBUG GameApplication      - Registering font factories with UI factory
12:38:09.379 [FXGL Background Thread 1 ] DEBUG AssetLoaderService   - Loading from file system: /assets/ui/fonts/VarelaRound-Regular.ttf
12:38:09.419 [FXGL Background Thread 1 ] DEBUG AssetLoaderService   - Loading from file system: /assets/ui/fonts/Abel-Regular.ttf
12:38:09.427 [FXGL Background Thread 1 ] DEBUG AssetLoaderService   - Loading from file system: /assets/ui/fonts/lucida_console.ttf
12:38:09.436 [FXGL Background Thread 1 ] DEBUG AssetLoaderService   - Loading from file system: /assets/ui/fonts/Courier-Prime.ttf
12:38:09.451 [JavaFX Application Thread] DEBUG Input                - Registered new binding: action0 - A
12:38:09.451 [JavaFX Application Thread] DEBUG Input                - Registered new binding: action1 - S
12:38:09.451 [JavaFX Application Thread] DEBUG Input                - Registered new binding: action2 - D
12:38:09.451 [JavaFX Application Thread] DEBUG Input                - Registered new binding: action3 - W
12:38:09.452 [JavaFX Application Thread] DEBUG Input                - Registered new binding: action4 - Space
12:38:09.452 [JavaFX Application Thread] DEBUG Input                - Registered new binding: action5 - Left
12:38:09.452 [JavaFX Application Thread] DEBUG Input                - Registered new binding: action6 - Down
12:38:09.452 [JavaFX Application Thread] DEBUG Input                - Registered new binding: action7 - Right
12:38:09.452 [JavaFX Application Thread] DEBUG Input                - Registered new binding: action8 - Up
12:38:09.452 [JavaFX Application Thread] DEBUG AssetLoaderService   - Loading from file system: /assets/textures/fxgl_icon.png
12:38:09.469 [JavaFX Application Thread] DEBUG AssetLoaderService   - Loading from file system: /assets/ui/cursors/fxgl_default.png
12:38:09.471 [JavaFX Application Thread] DEBUG Input                - Registered new binding: Screenshot - P
12:38:09.471 [JavaFX Application Thread] DEBUG Input                - Registered new binding: System info dump - CTRL+9
12:38:09.471 [JavaFX Application Thread] DEBUG Input                - Registered new binding: Restart - CTRL+R
12:38:09.472 [JavaFX Application Thread] DEBUG LoopRunner           - Starting loop
12:38:09.483 [JavaFX Application Thread] DEBUG FXGLStartupScene     - STARTUP
12:38:09.486 [JavaFX Application Thread] DEBUG Input                - Clearing active input actions
12:38:09.502 [JavaFX Application Thread] DEBUG WindowService        - Removing overlay from FXGLStartupScene and adding to FXGLDefaultMenu
12:38:09.502 [JavaFX Application Thread] DEBUG MainWindow           - FXGLStartupScene -> FXGLDefaultMenu
12:38:10.511 [JavaFX Application Thread] DEBUG Menu                 - fireNewGame()
12:38:10.511 [JavaFX Application Thread] DEBUG WindowService        - Starting new game
12:38:10.511 [JavaFX Application Thread] DEBUG Input                - Clearing active input actions
12:38:10.519 [JavaFX Application Thread] DEBUG WindowService        - Removing overlay from FXGLDefaultMenu and adding to FXGLLoadingScene
12:38:10.519 [JavaFX Application Thread] DEBUG MainWindow           - FXGLDefaultMenu -> FXGLLoadingScene
12:38:10.519 [JavaFX Application Thread] DEBUG WindowService        - Clearing previous game
12:38:10.519 [JavaFX Application Thread] DEBUG GameScene            - Clearing game scene
12:38:10.519 [JavaFX Application Thread] DEBUG GameWorld            - Clearing game world
12:38:10.520 [JavaFX Application Thread] DEBUG PhysicsWorld         - Clearing physics world
12:38:10.521 [FXGL Background Thread 1 ] DEBUG GameApplication      - Initializing game
12:38:10.528 [FXGL Background Thread 1 ] DEBUG AssetLoaderService   - Loading from file system: /assets/textures/road_with_patches.png
12:38:10.538 [FXGL Background Thread 1 ] DEBUG AssetLoaderService   - Loading from cache: /assets/textures/road_with_patches.png
12:38:10.539 [FXGL Background Thread 1 ] DEBUG AssetLoaderService   - Loading from file system: /assets/textures/Car_Audi_Sport_Quattro_86x145.png
12:38:10.550 [FXGL Background Thread 1 ] DEBUG AssetLoaderService   - Loading from file system: /assets/ui/moosegame_ui.fxml
12:38:10.607 [FXGL Background Thread 1 ] INFO  GameApplication      - Game initialization took: 0.086 sec
12:38:10.607 [JavaFX Application Thread] DEBUG Input                - Clearing active input actions
12:38:10.613 [JavaFX Application Thread] DEBUG WindowService        - Removing overlay from FXGLLoadingScene and adding to GameScene
12:38:10.613 [JavaFX Application Thread] DEBUG MainWindow           - FXGLLoadingScene -> GameScene
12:38:12.372 [FXGL Background Thread 2 ] DEBUG Engine               - Logging environment variables
12:38:12.372 [FXGL Background Thread 2 ] DEBUG Engine               - achievements: []
12:38:12.372 [FXGL Background Thread 2 ] DEBUG Engine               - language: ObjectProperty [value: ENGLISH]
12:38:12.372 [FXGL Background Thread 2 ] DEBUG Engine               - isCloseConfirmation: false
12:38:12.372 [FXGL Background Thread 2 ] DEBUG Engine               - isProfilingEnabled: false
12:38:12.372 [FXGL Background Thread 2 ] DEBUG Engine               - soundNotification: core/notification.wav
12:38:12.373 [FXGL Background Thread 2 ] DEBUG Engine               - devShowBBoxProperty: BooleanProperty [value: false]
12:38:12.373 [FXGL Background Thread 2 ] DEBUG Engine               - pixelsPerMeter: 50.0
12:38:12.373 [FXGL Background Thread 2 ] DEBUG Engine               - appIcon: fxgl_icon.png
12:38:12.373 [FXGL Background Thread 2 ] DEBUG Engine               - soundMenuBack: menu/back.wav
12:38:12.373 [FXGL Background Thread 2 ] DEBUG Engine               - isFullScreenAllowed: false
12:38:12.373 [FXGL Background Thread 2 ] DEBUG Engine               - isIntroEnabled: false
12:38:12.373 [FXGL Background Thread 2 ] DEBUG Engine               - fontMono: lucida_console.ttf
12:38:12.373 [FXGL Background Thread 2 ] DEBUG Engine               - soundMenuSelect: menu/select.wav
12:38:12.373 [FXGL Background Thread 2 ] DEBUG Engine               - isWindows: true
12:38:12.373 [FXGL Background Thread 2 ] DEBUG Engine               - isMobile: false
12:38:12.373 [FXGL Background Thread 2 ] DEBUG Engine               - isUserProfileEnabled: false
12:38:12.373 [FXGL Background Thread 2 ] DEBUG Engine               - height: 900
12:38:12.373 [FXGL Background Thread 2 ] DEBUG Engine               - isExperimentalNative: false
12:38:12.373 [FXGL Background Thread 2 ] DEBUG Engine               - settings: Title: MooseGame
Version: 0.2
Width: 600
Height: 900
Fullscreen: false
Intro: false
Menus: true
Profiling: false
Single step:false
App Mode: DEVELOPER
Menu Key: ESCAPE
Stage Style: DECORATED
Scene Factory: class com.almasb.fxgl.app.scene.SceneFactory

12:38:12.373 [FXGL Background Thread 2 ] DEBUG Engine               - isSingleStep: false
12:38:12.373 [FXGL Background Thread 2 ] DEBUG Engine               - cSSList: [fxgl_dark.css]
12:38:12.373 [FXGL Background Thread 2 ] DEBUG Engine               - fontGame: Abel-Regular.ttf
12:38:12.373 [FXGL Background Thread 2 ] DEBUG Engine               - menuKey: ESCAPE
12:38:12.373 [FXGL Background Thread 2 ] DEBUG Engine               - devShowPositionProperty: BooleanProperty [value: false]
12:38:12.374 [FXGL Background Thread 2 ] DEBUG Engine               - versionCheckDays: 7
12:38:12.374 [FXGL Background Thread 2 ] DEBUG Engine               - configClass: Optional.empty
12:38:12.374 [FXGL Background Thread 2 ] DEBUG Engine               - isFullScreenFromStart: false
12:38:12.374 [FXGL Background Thread 2 ] DEBUG Engine               - version: 0.2
12:38:12.374 [FXGL Background Thread 2 ] DEBUG Engine               - fullScreen: BooleanProperty [value: false]
12:38:12.374 [FXGL Background Thread 2 ] DEBUG Engine               - randomSeed: -1
12:38:12.374 [FXGL Background Thread 2 ] DEBUG Engine               - gameDifficultyProperty: ObjectProperty [value: MEDIUM]
12:38:12.374 [FXGL Background Thread 2 ] DEBUG Engine               - applicationMode: DEVELOPER
12:38:12.374 [FXGL Background Thread 2 ] DEBUG Engine               - isMac: false
12:38:12.374 [FXGL Background Thread 2 ] DEBUG Engine               - isMenuEnabled: true
12:38:12.374 [FXGL Background Thread 2 ] DEBUG Engine               - urlPOM: https://raw.githubusercontent.com/AlmasB/FXGL/master/pom.xml
12:38:12.374 [FXGL Background Thread 2 ] DEBUG Engine               - profileName: StringProperty [value: DEFAULT]
12:38:12.374 [FXGL Background Thread 2 ] DEBUG Engine               - notificationViewClass: class com.almasb.fxgl.notification.view.XboxNotificationView
12:38:12.374 [FXGL Background Thread 2 ] DEBUG Engine               - devSensorColorProperty: ObjectProperty [value: 0xffff00ff]
12:38:12.374 [FXGL Background Thread 2 ] DEBUG Engine               - sceneFactory: com.almasb.fxgl.app.scene.SceneFactory@21796b40
12:38:12.374 [FXGL Background Thread 2 ] DEBUG Engine               - stageStyle: DECORATED
12:38:12.374 [FXGL Background Thread 2 ] DEBUG Engine               - isManualResizeEnabled: false
12:38:12.375 [FXGL Background Thread 2 ] DEBUG Engine               - title: MooseGame
12:38:12.375 [FXGL Background Thread 2 ] DEBUG Engine               - platform: WINDOWS
12:38:12.375 [FXGL Background Thread 2 ] DEBUG Engine               - devBBoxColorProperty: ObjectProperty [value: 0xff0000ff]
12:38:12.375 [FXGL Background Thread 2 ] DEBUG Engine               - gameDifficulty: MEDIUM
12:38:12.375 [FXGL Background Thread 2 ] DEBUG Engine               - isDesktop: true
12:38:12.375 [FXGL Background Thread 2 ] DEBUG Engine               - supportedLanguages: [ENGLISH, FRENCH, GERMAN, HUNGARIAN, RUSSIAN]
12:38:12.375 [FXGL Background Thread 2 ] DEBUG Engine               - credits: []
12:38:12.375 [FXGL Background Thread 2 ] DEBUG Engine               - globalMusicVolumeProperty: DoubleProperty [value: 0.5]
12:38:12.375 [FXGL Background Thread 2 ] DEBUG Engine               - isPreserveResizeRatio: false
12:38:12.375 [FXGL Background Thread 2 ] DEBUG Engine               - fontText: Courier-Prime.ttf
12:38:12.375 [FXGL Background Thread 2 ] DEBUG Engine               - isExperimentalTiledLargeMap: false
12:38:12.375 [FXGL Background Thread 2 ] DEBUG Engine               - secondsIn24h: 60
12:38:12.375 [FXGL Background Thread 2 ] DEBUG Engine               - runtimeInfo: RuntimeInfo(platform=WINDOWS, version=11.8, build=08.03.2020 09.09)
12:38:12.375 [FXGL Background Thread 2 ] DEBUG Engine               - isLinux: false
12:38:12.375 [FXGL Background Thread 2 ] DEBUG Engine               - soundMenuPress: menu/press.wav
12:38:12.375 [FXGL Background Thread 2 ] DEBUG Engine               - urlGithub: https://github.com/AlmasB/FXGL
12:38:12.375 [FXGL Background Thread 2 ] DEBUG Engine               - profileDir: profiles/
12:38:12.375 [FXGL Background Thread 2 ] DEBUG Engine               - isDeveloperMenuEnabled: false
12:38:12.375 [FXGL Background Thread 2 ] DEBUG Engine               - globalSoundVolumeProperty: DoubleProperty [value: 0.5]
12:38:12.375 [FXGL Background Thread 2 ] DEBUG Engine               - mainWindow: com.almasb.fxgl.app.MainWindow@2546fbb7
12:38:12.375 [FXGL Background Thread 2 ] DEBUG Engine               - isBrowser: false
12:38:12.375 [FXGL Background Thread 2 ] DEBUG Engine               - globalSoundVolume: 0.5
12:38:12.375 [FXGL Background Thread 2 ] DEBUG Engine               - urlLeaderboard: http://fxgl-top.herokuapp.com/
12:38:12.376 [FXGL Background Thread 2 ] DEBUG Engine               - engineServices: [class com.almasb.fxgl.app.GameApplication$GameApplicationService, class com.almasb.fxgl.app.services.WindowService, class com.almasb.fxgl.app.services.FXGLDialogService, class com.almasb.fxgl.app.services.IOTaskExecutorService, class com.almasb.fxgl.event.EventBusService, class com.almasb.fxgl.io.FileSystemService, class com.almasb.fxgl.localization.LocalizationService, class com.almasb.fxgl.app.services.AssetLoaderService, class com.almasb.fxgl.app.services.SystemBundleService, class com.almasb.fxgl.profile.SaveLoadService, class com.almasb.fxgl.ui.FXGLUIFactoryServiceProvider, class com.almasb.fxgl.ui.FXGLDialogFactoryServiceProvider, class com.almasb.fxgl.audio.AudioPlayer, class com.almasb.fxgl.notification.impl.NotificationServiceProvider, class com.almasb.fxgl.achievement.AchievementService, class com.almasb.fxgl.cutscene.CutsceneService, class com.almasb.fxgl.minigames.MiniGameService, class com.almasb.fxgl.net.NetService, class com.almasb.fxgl.app.services.UpdaterService]
12:38:12.376 [FXGL Background Thread 2 ] DEBUG Engine               - globalMusicVolume: 0.5
12:38:12.376 [FXGL Background Thread 2 ] DEBUG Engine               - width: 600
12:38:12.376 [FXGL Background Thread 2 ] DEBUG Engine               - saveFileExt: sav
12:38:12.376 [FXGL Background Thread 2 ] DEBUG Engine               - isAndroid: false
12:38:12.376 [FXGL Background Thread 2 ] DEBUG Engine               - fontUI: VarelaRound-Regular.ttf
12:38:12.376 [FXGL Background Thread 2 ] DEBUG Engine               - enabledMenuItems: []
12:38:12.376 [FXGL Background Thread 2 ] DEBUG Engine               - isIOS: false
12:38:12.376 [FXGL Background Thread 2 ] DEBUG Engine               - Logging services
12:38:12.376 [FXGL Background Thread 2 ] DEBUG Engine               - class com.almasb.fxgl.app.GameApplication$GameApplicationService
12:38:12.376 [FXGL Background Thread 2 ] DEBUG Engine               - class com.almasb.fxgl.app.services.WindowService
12:38:12.376 [FXGL Background Thread 2 ] DEBUG Engine               - class com.almasb.fxgl.app.services.FXGLDialogService
12:38:12.376 [FXGL Background Thread 2 ] DEBUG Engine               - class com.almasb.fxgl.app.services.IOTaskExecutorService
12:38:12.376 [FXGL Background Thread 2 ] DEBUG Engine               - class com.almasb.fxgl.event.EventBusService
12:38:12.376 [FXGL Background Thread 2 ] DEBUG Engine               - class com.almasb.fxgl.io.FileSystemService
12:38:12.376 [FXGL Background Thread 2 ] DEBUG Engine               - class com.almasb.fxgl.localization.LocalizationService
12:38:12.376 [FXGL Background Thread 2 ] DEBUG Engine               - class com.almasb.fxgl.app.services.AssetLoaderService
12:38:12.376 [FXGL Background Thread 2 ] DEBUG Engine               - class com.almasb.fxgl.app.services.SystemBundleService
12:38:12.376 [FXGL Background Thread 2 ] DEBUG Engine               - class com.almasb.fxgl.profile.SaveLoadService
12:38:12.376 [FXGL Background Thread 2 ] DEBUG Engine               - class com.almasb.fxgl.ui.FXGLUIFactoryServiceProvider
12:38:12.376 [FXGL Background Thread 2 ] DEBUG Engine               - class com.almasb.fxgl.ui.FXGLDialogFactoryServiceProvider
12:38:12.376 [FXGL Background Thread 2 ] DEBUG Engine               - class com.almasb.fxgl.audio.AudioPlayer
12:38:12.377 [FXGL Background Thread 2 ] DEBUG Engine               - class com.almasb.fxgl.notification.impl.NotificationServiceProvider
12:38:12.377 [FXGL Background Thread 2 ] DEBUG Engine               - class com.almasb.fxgl.achievement.AchievementService
12:38:12.377 [FXGL Background Thread 2 ] DEBUG Engine               - class com.almasb.fxgl.cutscene.CutsceneService
12:38:12.377 [FXGL Background Thread 2 ] DEBUG Engine               - class com.almasb.fxgl.minigames.MiniGameService
12:38:12.377 [FXGL Background Thread 2 ] DEBUG Engine               - class com.almasb.fxgl.net.NetService
12:38:12.377 [FXGL Background Thread 2 ] DEBUG Engine               - class com.almasb.fxgl.app.services.UpdaterService
12:38:12.712 [JavaFX Application Thread] DEBUG AssetLoaderService   - Loading from file system: /assets/textures/potHole.png
12:38:14.802 [JavaFX Application Thread] DEBUG AssetLoaderService   - Loading from file system: /assets/textures/mooseWalkAnimation.png
12:38:14.813 [JavaFX Application Thread] DEBUG AssetLoaderService   - Loading from cache: /assets/textures/potHole.png
12:38:16.948 [JavaFX Application Thread] DEBUG AssetLoaderService   - Loading from cache: /assets/textures/potHole.png
12:38:17.639 [JavaFX Application Thread] DEBUG GameApplication      - Exiting FXGL
12:38:17.640 [JavaFX Application Thread] DEBUG LoopRunner           - Stopping loop
12:38:17.640 [JavaFX Application Thread] DEBUG SystemBundleService  - Saving FXGL system data
12:38:17.641 [JavaFX Application Thread] DEBUG FileSystemAccess     - Writing to: C:\Users\micha\Desktop\JavaMooseGame\system\fxgl.bundle
12:38:17.642 [JavaFX Application Thread] DEBUG GameApplication      - Shutting down background threads
12:38:17.642 [JavaFX Application Thread] DEBUG GameApplication      - Closing logger and exiting JavaFX
