15:11:28.325 [main                     ] DEBUG GameApplication      - Logger initialized
15:11:28.330 [main                     ] DEBUG GameApplication      - Logging settings
Title: MooseGame
Version: 1.0
Width: 600
Height: 900
Fullscreen: false
Intro: false
Menus: true
Profiling: false
Single step:false
App Mode: DEVELOPER
Menu Key: ESCAPE
Stage Style: DECORATED
Scene Factory: class MooseGameApp$1

15:11:28.671 [JavaFX Application Thread] DEBUG GameApplication      - Initializing FXGL
15:11:28.679 [JavaFX Application Thread] INFO  Engine               - FXGL-11.8 (08.03.2020 09.09) on WINDOWS (J:14.0.1 FX:13.0.2)
15:11:28.679 [JavaFX Application Thread] INFO  Engine               - Source code and latest versions at: https://github.com/AlmasB/FXGL
15:11:28.679 [JavaFX Application Thread] INFO  Engine               -              Join the FXGL chat at: https://gitter.im/AlmasB/FXGL
15:11:28.792 [JavaFX Application Thread] DEBUG MainWindow           - Creating a JavaFX scene
15:11:28.838 [JavaFX Application Thread] DEBUG MainWindow           - Target settings size: 600.0 x 900.0
15:11:28.839 [JavaFX Application Thread] DEBUG MainWindow           - Scaled scene size:    600.0 x 900.0
15:11:28.839 [JavaFX Application Thread] DEBUG MainWindow           - Scaled ratio: (1.0, 1.0)
15:11:28.840 [JavaFX Application Thread] DEBUG MainWindow           - Set initial scene to FXGLStartupScene
15:11:28.847 [JavaFX Application Thread] DEBUG MainWindow           - Opening main window
15:11:28.923 [JavaFX Application Thread] DEBUG MainWindow           - Window border size: (16.0, 39.0)
15:11:28.924 [JavaFX Application Thread] DEBUG MainWindow           - Scaled size: 600.0 x 900.0
15:11:28.924 [JavaFX Application Thread] DEBUG MainWindow           - Scaled ratio: (1.0, 1.0)
15:11:28.924 [JavaFX Application Thread] DEBUG MainWindow           - Scene size: 600.0 x 900.0
15:11:28.924 [JavaFX Application Thread] DEBUG MainWindow           - Stage size: 616.0 x 939.0
15:11:28.931 [FXGL Background Thread 1 ] DEBUG Engine               - Initializing environment variables
15:11:28.960 [FXGL Background Thread 1 ] DEBUG WindowService        - Applying CSS: fxgl_dark.css
15:11:28.960 [FXGL Background Thread 1 ] DEBUG AssetLoaderService   - Loading from file system: /assets/ui/css/fxgl_dark.css
15:11:28.999 [FXGL Background Thread 1 ] DEBUG WindowService        - Initializing application scenes
15:11:29.027 [FXGL Background Thread 1 ] DEBUG GameWorld            - Game world initialized
15:11:29.058 [FXGL Background Thread 1 ] DEBUG PhysicsWorld         - Physics world initialized: appHeight=900, physics.ppm=50.0
15:11:29.060 [FXGL Background Thread 1 ] DEBUG GameScene            - Game scene initialized: 600x900
15:11:29.067 [FXGL Background Thread 1 ] DEBUG AssetLoaderService   - Loading from file system: /assets/textures/Roadway.png
15:11:29.135 [FXGL Background Thread 1 ] DEBUG AssetLoaderService   - Loading from file system: /assets/sounds/selection.mp3
15:11:29.199 [FXGL Background Thread 1 ] DEBUG AssetLoaderService   - Loading from cache: /assets/sounds/selection.mp3
15:11:29.200 [FXGL Background Thread 1 ] DEBUG AssetLoaderService   - Loading from cache: /assets/sounds/selection.mp3
15:11:29.200 [FXGL Background Thread 1 ] DEBUG AssetLoaderService   - Loading from cache: /assets/sounds/selection.mp3
15:11:29.201 [FXGL Background Thread 1 ] DEBUG AssetLoaderService   - Loading from cache: /assets/sounds/selection.mp3
15:11:29.214 [FXGL Background Thread 1 ] DEBUG AssetLoaderService   - Loading from file system: /assets/music/Poisoncut_-_MenuMusic.mp3
15:11:29.270 [FXGL Background Thread 1 ] DEBUG AudioPlayer          - Playing music com.almasb.fxgl.audio.Music@54dc06bb
15:11:29.286 [FXGL Background Thread 1 ] DEBUG AssetLoaderService   - Loading from file system: /assets/textures/particles/trace_horizontal.png
15:11:29.312 [FXGL Background Thread 1 ] WARN  FXGL.DefaultMenu     - FXGLDefaultMenu is not designed for resolutions < 800x600
15:11:29.312 [FXGL Background Thread 1 ] DEBUG FXGL.DefaultMenu     - createMenuBodyGameMenu()
15:11:29.321 [FXGL Background Thread 1 ] DEBUG FXGL.DefaultMenu     - createOptionsMenu()
15:11:29.324 [FXGL Background Thread 1 ] DEBUG AssetLoaderService   - Loading from file system: /assets/textures/particles/smoke.png
15:11:29.361 [FXGL Background Thread 1 ] DEBUG WindowService        - Application scenes initialized
15:11:29.367 [FXGL Background Thread 1 ] DEBUG SystemBundleService  - Loading FXGL system data
15:11:29.370 [FXGL Background Thread 1 ] DEBUG FileSystemAccess     - Reading from: C:\Users\micha\Desktop\JavaMooseGame\system\fxgl.bundle
15:11:29.374 [FXGL Background Thread 1 ] DEBUG SystemBundleService  - Bundle FXGL: {}
15:11:29.374 [FXGL Background Thread 1 ] INFO  Engine               - FXGL initialization took: 0.441 sec
15:11:29.375 [FXGL Background Thread 1 ] DEBUG GameApplication      - Loading localizations
15:11:29.376 [FXGL Background Thread 1 ] DEBUG AssetLoaderService   - Loading from file system: /assets/properties/languages/english.properties
15:11:29.376 [FXGL Background Thread 1 ] DEBUG AssetLoaderService   - Loading from file system: /assets/properties/languages/french.properties
15:11:29.377 [FXGL Background Thread 1 ] DEBUG AssetLoaderService   - Loading from file system: /assets/properties/languages/german.properties
15:11:29.378 [FXGL Background Thread 1 ] DEBUG AssetLoaderService   - Loading from file system: /assets/properties/languages/hungarian.properties
15:11:29.379 [FXGL Background Thread 1 ] DEBUG AssetLoaderService   - Loading from file system: /assets/properties/languages/russian.properties
15:11:29.380 [FXGL Background Thread 1 ] DEBUG GameApplication      - Registering font factories with UI factory
15:11:29.380 [FXGL Background Thread 1 ] DEBUG AssetLoaderService   - Loading from file system: /assets/ui/fonts/VarelaRound-Regular.ttf
15:11:29.418 [FXGL Background Thread 1 ] DEBUG AssetLoaderService   - Loading from file system: /assets/ui/fonts/Abel-Regular.ttf
15:11:29.425 [FXGL Background Thread 1 ] DEBUG AssetLoaderService   - Loading from file system: /assets/ui/fonts/lucida_console.ttf
15:11:29.434 [FXGL Background Thread 1 ] DEBUG AssetLoaderService   - Loading from file system: /assets/ui/fonts/Courier-Prime.ttf
15:11:29.448 [JavaFX Application Thread] DEBUG Input                - Registered new binding: action0 - A
15:11:29.448 [JavaFX Application Thread] DEBUG Input                - Registered new binding: action1 - S
15:11:29.448 [JavaFX Application Thread] DEBUG Input                - Registered new binding: action2 - D
15:11:29.449 [JavaFX Application Thread] DEBUG Input                - Registered new binding: action3 - W
15:11:29.449 [JavaFX Application Thread] DEBUG Input                - Registered new binding: action4 - 1
15:11:29.449 [JavaFX Application Thread] DEBUG Input                - Registered new binding: action5 - 2
15:11:29.449 [JavaFX Application Thread] DEBUG Input                - Registered new binding: action6 - 3
15:11:29.449 [JavaFX Application Thread] DEBUG Input                - Registered new binding: action7 - Left
15:11:29.449 [JavaFX Application Thread] DEBUG Input                - Registered new binding: action8 - Down
15:11:29.450 [JavaFX Application Thread] DEBUG Input                - Registered new binding: action9 - Right
15:11:29.450 [JavaFX Application Thread] DEBUG Input                - Registered new binding: action10 - Up
15:11:29.450 [JavaFX Application Thread] DEBUG AssetLoaderService   - Loading from file system: /assets/textures/fxgl_icon.png
15:11:29.459 [JavaFX Application Thread] DEBUG AssetLoaderService   - Loading from file system: /assets/ui/cursors/fxgl_default.png
15:11:29.461 [JavaFX Application Thread] DEBUG Input                - Registered new binding: Screenshot - P
15:11:29.461 [JavaFX Application Thread] DEBUG Input                - Registered new binding: System info dump - CTRL+9
15:11:29.461 [JavaFX Application Thread] DEBUG Input                - Registered new binding: Restart - CTRL+R
15:11:29.461 [JavaFX Application Thread] DEBUG LoopRunner           - Starting loop
15:11:29.477 [JavaFX Application Thread] DEBUG FXGLStartupScene     - STARTUP
15:11:29.478 [JavaFX Application Thread] DEBUG Input                - Clearing active input actions
15:11:29.490 [JavaFX Application Thread] DEBUG WindowService        - Removing overlay from FXGLStartupScene and adding to MooseGameMenu
15:11:29.490 [JavaFX Application Thread] DEBUG MainWindow           - FXGLStartupScene -> MooseGameMenu
15:11:31.692 [JavaFX Application Thread] DEBUG Menu                 - fireNewGame()
15:11:31.692 [JavaFX Application Thread] DEBUG WindowService        - Starting new game
15:11:31.693 [JavaFX Application Thread] DEBUG Input                - Clearing active input actions
15:11:31.698 [JavaFX Application Thread] DEBUG WindowService        - Removing overlay from MooseGameMenu and adding to FXGLLoadingScene
15:11:31.698 [JavaFX Application Thread] DEBUG MainWindow           - MooseGameMenu -> FXGLLoadingScene
15:11:31.698 [JavaFX Application Thread] DEBUG WindowService        - Clearing previous game
15:11:31.698 [JavaFX Application Thread] DEBUG GameScene            - Clearing game scene
15:11:31.698 [JavaFX Application Thread] DEBUG GameWorld            - Clearing game world
15:11:31.699 [JavaFX Application Thread] DEBUG PhysicsWorld         - Clearing physics world
15:11:31.699 [JavaFX Application Thread] DEBUG AudioPlayer          - Stopping music com.almasb.fxgl.audio.Music@54dc06bb
15:11:31.699 [FXGL Background Thread 1 ] DEBUG GameApplication      - Initializing game
15:11:31.705 [FXGL Background Thread 1 ] DEBUG AssetLoaderService   - Loading from file system: /assets/music/Poisoncut_GameLoop.mp3
15:11:31.707 [FXGL Background Thread 1 ] DEBUG AudioPlayer          - Playing music com.almasb.fxgl.audio.Music@5f61c3b9
15:11:31.708 [FXGL Background Thread 1 ] DEBUG AssetLoaderService   - Loading from file system: /assets/textures/road_with_patches.png
15:11:31.717 [FXGL Background Thread 1 ] DEBUG AssetLoaderService   - Loading from cache: /assets/textures/road_with_patches.png
15:11:31.717 [FXGL Background Thread 1 ] DEBUG AssetLoaderService   - Loading from file system: /assets/textures//car0.PNG
15:11:31.725 [FXGL Background Thread 1 ] DEBUG AssetLoaderService   - Loading from file system: /assets/textures/signpost.PNG
15:11:31.728 [FXGL Background Thread 1 ] DEBUG AssetLoaderService   - Loading from file system: /assets/ui/moosegame_ui.fxml
15:11:31.766 [FXGL Background Thread 1 ] INFO  GameApplication      - Game initialization took: 0.066 sec
15:11:31.793 [JavaFX Application Thread] DEBUG Input                - Clearing active input actions
15:11:31.801 [JavaFX Application Thread] DEBUG WindowService        - Removing overlay from FXGLLoadingScene and adding to GameScene
15:11:31.801 [JavaFX Application Thread] DEBUG MainWindow           - FXGLLoadingScene -> GameScene
15:11:32.376 [FXGL Background Thread 2 ] DEBUG Engine               - Logging environment variables
15:11:32.376 [FXGL Background Thread 2 ] DEBUG Engine               - achievements: []
15:11:32.376 [FXGL Background Thread 2 ] DEBUG Engine               - language: ObjectProperty [value: ENGLISH]
15:11:32.376 [FXGL Background Thread 2 ] DEBUG Engine               - isCloseConfirmation: false
15:11:32.376 [FXGL Background Thread 2 ] DEBUG Engine               - isProfilingEnabled: false
15:11:32.376 [FXGL Background Thread 2 ] DEBUG Engine               - soundNotification: core/notification.wav
15:11:32.376 [FXGL Background Thread 2 ] DEBUG Engine               - devShowBBoxProperty: BooleanProperty [value: false]
15:11:32.376 [FXGL Background Thread 2 ] DEBUG Engine               - pixelsPerMeter: 50.0
15:11:32.376 [FXGL Background Thread 2 ] DEBUG Engine               - appIcon: fxgl_icon.png
15:11:32.376 [FXGL Background Thread 2 ] DEBUG Engine               - soundMenuBack: menu/back.wav
15:11:32.376 [FXGL Background Thread 2 ] DEBUG Engine               - isFullScreenAllowed: false
15:11:32.376 [FXGL Background Thread 2 ] DEBUG Engine               - isIntroEnabled: false
15:11:32.376 [FXGL Background Thread 2 ] DEBUG Engine               - fontMono: lucida_console.ttf
15:11:32.376 [FXGL Background Thread 2 ] DEBUG Engine               - soundMenuSelect: menu/select.wav
15:11:32.376 [FXGL Background Thread 2 ] DEBUG Engine               - isWindows: true
15:11:32.377 [FXGL Background Thread 2 ] DEBUG Engine               - isMobile: false
15:11:32.377 [FXGL Background Thread 2 ] DEBUG Engine               - isUserProfileEnabled: false
15:11:32.377 [FXGL Background Thread 2 ] DEBUG Engine               - height: 900
15:11:32.377 [FXGL Background Thread 2 ] DEBUG Engine               - isExperimentalNative: false
15:11:32.377 [FXGL Background Thread 2 ] DEBUG Engine               - settings: Title: MooseGame
Version: 1.0
Width: 600
Height: 900
Fullscreen: false
Intro: false
Menus: true
Profiling: false
Single step:false
App Mode: DEVELOPER
Menu Key: ESCAPE
Stage Style: DECORATED
Scene Factory: class MooseGameApp$1

15:11:32.377 [FXGL Background Thread 2 ] DEBUG Engine               - isSingleStep: false
15:11:32.377 [FXGL Background Thread 2 ] DEBUG Engine               - cSSList: [fxgl_dark.css]
15:11:32.377 [FXGL Background Thread 2 ] DEBUG Engine               - fontGame: Abel-Regular.ttf
15:11:32.377 [FXGL Background Thread 2 ] DEBUG Engine               - menuKey: ESCAPE
15:11:32.377 [FXGL Background Thread 2 ] DEBUG Engine               - devShowPositionProperty: BooleanProperty [value: false]
15:11:32.377 [FXGL Background Thread 2 ] DEBUG Engine               - versionCheckDays: 7
15:11:32.377 [FXGL Background Thread 2 ] DEBUG Engine               - configClass: Optional.empty
15:11:32.377 [FXGL Background Thread 2 ] DEBUG Engine               - isFullScreenFromStart: false
15:11:32.377 [FXGL Background Thread 2 ] DEBUG Engine               - version: 1.0
15:11:32.377 [FXGL Background Thread 2 ] DEBUG Engine               - fullScreen: BooleanProperty [value: false]
15:11:32.377 [FXGL Background Thread 2 ] DEBUG Engine               - randomSeed: -1
15:11:32.377 [FXGL Background Thread 2 ] DEBUG Engine               - gameDifficultyProperty: ObjectProperty [value: MEDIUM]
15:11:32.377 [FXGL Background Thread 2 ] DEBUG Engine               - applicationMode: DEVELOPER
15:11:32.377 [FXGL Background Thread 2 ] DEBUG Engine               - isMac: false
15:11:32.377 [FXGL Background Thread 2 ] DEBUG Engine               - isMenuEnabled: true
15:11:32.378 [FXGL Background Thread 2 ] DEBUG Engine               - profileName: StringProperty [value: DEFAULT]
15:11:32.378 [FXGL Background Thread 2 ] DEBUG Engine               - urlPOM: https://raw.githubusercontent.com/AlmasB/FXGL/master/pom.xml
15:11:32.378 [FXGL Background Thread 2 ] DEBUG Engine               - notificationViewClass: class com.almasb.fxgl.notification.view.XboxNotificationView
15:11:32.378 [FXGL Background Thread 2 ] DEBUG Engine               - devSensorColorProperty: ObjectProperty [value: 0xffff00ff]
15:11:32.378 [FXGL Background Thread 2 ] DEBUG Engine               - sceneFactory: MooseGameApp$1@4900d24f
15:11:32.378 [FXGL Background Thread 2 ] DEBUG Engine               - stageStyle: DECORATED
15:11:32.378 [FXGL Background Thread 2 ] DEBUG Engine               - isManualResizeEnabled: false
15:11:32.378 [FXGL Background Thread 2 ] DEBUG Engine               - title: MooseGame
15:11:32.378 [FXGL Background Thread 2 ] DEBUG Engine               - platform: WINDOWS
15:11:32.378 [FXGL Background Thread 2 ] DEBUG Engine               - devBBoxColorProperty: ObjectProperty [value: 0xff0000ff]
15:11:32.378 [FXGL Background Thread 2 ] DEBUG Engine               - gameDifficulty: MEDIUM
15:11:32.378 [FXGL Background Thread 2 ] DEBUG Engine               - isDesktop: true
15:11:32.378 [FXGL Background Thread 2 ] DEBUG Engine               - supportedLanguages: [ENGLISH, FRENCH, GERMAN, HUNGARIAN, RUSSIAN]
15:11:32.378 [FXGL Background Thread 2 ] DEBUG Engine               - credits: []
15:11:32.378 [FXGL Background Thread 2 ] DEBUG Engine               - globalMusicVolumeProperty: DoubleProperty [value: 0.5]
15:11:32.378 [FXGL Background Thread 2 ] DEBUG Engine               - isPreserveResizeRatio: false
15:11:32.378 [FXGL Background Thread 2 ] DEBUG Engine               - fontText: Courier-Prime.ttf
15:11:32.378 [FXGL Background Thread 2 ] DEBUG Engine               - isExperimentalTiledLargeMap: false
15:11:32.378 [FXGL Background Thread 2 ] DEBUG Engine               - secondsIn24h: 60
15:11:32.378 [FXGL Background Thread 2 ] DEBUG Engine               - runtimeInfo: RuntimeInfo(platform=WINDOWS, version=11.8, build=08.03.2020 09.09)
15:11:32.378 [FXGL Background Thread 2 ] DEBUG Engine               - isLinux: false
15:11:32.379 [FXGL Background Thread 2 ] DEBUG Engine               - soundMenuPress: menu/press.wav
15:11:32.379 [FXGL Background Thread 2 ] DEBUG Engine               - urlGithub: https://github.com/AlmasB/FXGL
15:11:32.379 [FXGL Background Thread 2 ] DEBUG Engine               - profileDir: profiles/
15:11:32.379 [FXGL Background Thread 2 ] DEBUG Engine               - isDeveloperMenuEnabled: false
15:11:32.379 [FXGL Background Thread 2 ] DEBUG Engine               - globalSoundVolumeProperty: DoubleProperty [value: 0.5]
15:11:32.379 [FXGL Background Thread 2 ] DEBUG Engine               - mainWindow: com.almasb.fxgl.app.MainWindow@4d3f5fb7
15:11:32.379 [FXGL Background Thread 2 ] DEBUG Engine               - isBrowser: false
15:11:32.379 [FXGL Background Thread 2 ] DEBUG Engine               - globalSoundVolume: 0.5
15:11:32.379 [FXGL Background Thread 2 ] DEBUG Engine               - urlLeaderboard: http://fxgl-top.herokuapp.com/
15:11:32.379 [FXGL Background Thread 2 ] DEBUG Engine               - engineServices: [class com.almasb.fxgl.app.GameApplication$GameApplicationService, class com.almasb.fxgl.app.services.WindowService, class com.almasb.fxgl.app.services.FXGLDialogService, class com.almasb.fxgl.app.services.IOTaskExecutorService, class com.almasb.fxgl.event.EventBusService, class com.almasb.fxgl.io.FileSystemService, class com.almasb.fxgl.localization.LocalizationService, class com.almasb.fxgl.app.services.AssetLoaderService, class com.almasb.fxgl.app.services.SystemBundleService, class com.almasb.fxgl.profile.SaveLoadService, class com.almasb.fxgl.ui.FXGLUIFactoryServiceProvider, class com.almasb.fxgl.ui.FXGLDialogFactoryServiceProvider, class com.almasb.fxgl.audio.AudioPlayer, class com.almasb.fxgl.notification.impl.NotificationServiceProvider, class com.almasb.fxgl.achievement.AchievementService, class com.almasb.fxgl.cutscene.CutsceneService, class com.almasb.fxgl.minigames.MiniGameService, class com.almasb.fxgl.net.NetService, class com.almasb.fxgl.app.services.UpdaterService]
15:11:32.379 [FXGL Background Thread 2 ] DEBUG Engine               - globalMusicVolume: 0.5
15:11:32.379 [FXGL Background Thread 2 ] DEBUG Engine               - width: 600
15:11:32.379 [FXGL Background Thread 2 ] DEBUG Engine               - saveFileExt: sav
15:11:32.379 [FXGL Background Thread 2 ] DEBUG Engine               - isAndroid: false
15:11:32.379 [FXGL Background Thread 2 ] DEBUG Engine               - fontUI: VarelaRound-Regular.ttf
15:11:32.379 [FXGL Background Thread 2 ] DEBUG Engine               - enabledMenuItems: []
15:11:32.379 [FXGL Background Thread 2 ] DEBUG Engine               - isIOS: false
15:11:32.379 [FXGL Background Thread 2 ] DEBUG Engine               - Logging services
15:11:32.379 [FXGL Background Thread 2 ] DEBUG Engine               - class com.almasb.fxgl.app.GameApplication$GameApplicationService
15:11:32.380 [FXGL Background Thread 2 ] DEBUG Engine               - class com.almasb.fxgl.app.services.WindowService
15:11:32.380 [FXGL Background Thread 2 ] DEBUG Engine               - class com.almasb.fxgl.app.services.FXGLDialogService
15:11:32.380 [FXGL Background Thread 2 ] DEBUG Engine               - class com.almasb.fxgl.app.services.IOTaskExecutorService
15:11:32.380 [FXGL Background Thread 2 ] DEBUG Engine               - class com.almasb.fxgl.event.EventBusService
15:11:32.380 [FXGL Background Thread 2 ] DEBUG Engine               - class com.almasb.fxgl.io.FileSystemService
15:11:32.380 [FXGL Background Thread 2 ] DEBUG Engine               - class com.almasb.fxgl.localization.LocalizationService
15:11:32.380 [FXGL Background Thread 2 ] DEBUG Engine               - class com.almasb.fxgl.app.services.AssetLoaderService
15:11:32.380 [FXGL Background Thread 2 ] DEBUG Engine               - class com.almasb.fxgl.app.services.SystemBundleService
15:11:32.380 [FXGL Background Thread 2 ] DEBUG Engine               - class com.almasb.fxgl.profile.SaveLoadService
15:11:32.380 [FXGL Background Thread 2 ] DEBUG Engine               - class com.almasb.fxgl.ui.FXGLUIFactoryServiceProvider
15:11:32.380 [FXGL Background Thread 2 ] DEBUG Engine               - class com.almasb.fxgl.ui.FXGLDialogFactoryServiceProvider
15:11:32.380 [FXGL Background Thread 2 ] DEBUG Engine               - class com.almasb.fxgl.audio.AudioPlayer
15:11:32.380 [FXGL Background Thread 2 ] DEBUG Engine               - class com.almasb.fxgl.notification.impl.NotificationServiceProvider
15:11:32.380 [FXGL Background Thread 2 ] DEBUG Engine               - class com.almasb.fxgl.achievement.AchievementService
15:11:32.380 [FXGL Background Thread 2 ] DEBUG Engine               - class com.almasb.fxgl.cutscene.CutsceneService
15:11:32.380 [FXGL Background Thread 2 ] DEBUG Engine               - class com.almasb.fxgl.minigames.MiniGameService
15:11:32.380 [FXGL Background Thread 2 ] DEBUG Engine               - class com.almasb.fxgl.net.NetService
15:11:32.380 [FXGL Background Thread 2 ] DEBUG Engine               - class com.almasb.fxgl.app.services.UpdaterService
15:11:33.682 [JavaFX Application Thread] DEBUG AssetLoaderService   - Loading from file system: /assets/textures/mooseWalkAnimation.png
15:11:33.955 [JavaFX Application Thread] DEBUG AssetLoaderService   - Loading from file system: /assets/sounds/explosion.wav
15:11:33.957 [JavaFX Application Thread] DEBUG AssetLoaderService   - Loading from file system: /assets/textures/explosion.png
15:11:33.965 [JavaFX Application Thread] DEBUG AudioPlayer          - Stopping music com.almasb.fxgl.audio.Music@5f61c3b9
15:11:34.005 [JavaFX Application Thread] DEBUG MainWindow           - Push state: DialogSubScene
15:11:34.006 [JavaFX Application Thread] DEBUG Input                - Clearing active input actions
15:11:34.011 [JavaFX Application Thread] DEBUG WindowService        - Removing overlay from GameScene and adding to DialogSubScene
15:11:34.011 [JavaFX Application Thread] DEBUG MainWindow           - GameScene -> DialogSubScene
15:11:34.976 [JavaFX Application Thread] DEBUG MainWindow           - Pop state: DialogSubScene
15:11:34.976 [JavaFX Application Thread] DEBUG Input                - Clearing active input actions
15:11:34.976 [JavaFX Application Thread] DEBUG WindowService        - Removing overlay from DialogSubScene and adding to GameScene
15:11:34.977 [JavaFX Application Thread] DEBUG MainWindow           - GameScene <- DialogSubScene
15:11:34.983 [JavaFX Application Thread] DEBUG MainWindow           - Push state: DialogSubScene
15:11:34.983 [JavaFX Application Thread] DEBUG Input                - Clearing active input actions
15:11:34.984 [JavaFX Application Thread] DEBUG WindowService        - Removing overlay from GameScene and adding to DialogSubScene
15:11:34.984 [JavaFX Application Thread] DEBUG MainWindow           - GameScene -> DialogSubScene
15:11:35.499 [JavaFX Application Thread] DEBUG MainWindow           - Pop state: DialogSubScene
15:11:35.499 [JavaFX Application Thread] DEBUG Input                - Clearing active input actions
15:11:35.499 [JavaFX Application Thread] DEBUG WindowService        - Removing overlay from DialogSubScene and adding to GameScene
15:11:35.500 [JavaFX Application Thread] DEBUG MainWindow           - GameScene <- DialogSubScene
15:11:35.500 [JavaFX Application Thread] DEBUG Input                - Clearing active input actions
15:11:35.504 [JavaFX Application Thread] DEBUG WindowService        - Removing overlay from GameScene and adding to MooseGameMenu
15:11:35.504 [JavaFX Application Thread] DEBUG MainWindow           - GameScene -> MooseGameMenu
15:11:37.253 [JavaFX Application Thread] DEBUG AssetLoaderService   - Loading from cache: /assets/sounds/selection.mp3
15:11:37.254 [JavaFX Application Thread] DEBUG AssetLoaderService   - Loading from cache: /assets/sounds/selection.mp3
15:11:37.254 [JavaFX Application Thread] DEBUG AssetLoaderService   - Loading from cache: /assets/sounds/selection.mp3
15:11:40.478 [JavaFX Application Thread] DEBUG Menu                 - fireNewGame()
15:11:40.478 [JavaFX Application Thread] DEBUG WindowService        - Starting new game
15:11:40.478 [JavaFX Application Thread] DEBUG Input                - Clearing active input actions
15:11:40.482 [JavaFX Application Thread] DEBUG WindowService        - Removing overlay from MooseGameMenu and adding to FXGLLoadingScene
15:11:40.482 [JavaFX Application Thread] DEBUG MainWindow           - MooseGameMenu -> FXGLLoadingScene
15:11:40.482 [JavaFX Application Thread] DEBUG WindowService        - Clearing previous game
15:11:40.482 [JavaFX Application Thread] DEBUG GameScene            - Clearing game scene
15:11:40.482 [JavaFX Application Thread] DEBUG GameWorld            - Clearing game world
15:11:40.484 [JavaFX Application Thread] DEBUG PhysicsWorld         - Clearing physics world
15:11:40.484 [JavaFX Application Thread] DEBUG AudioPlayer          - Stopping music com.almasb.fxgl.audio.Music@54dc06bb
15:11:40.484 [FXGL Background Thread 1 ] DEBUG GameApplication      - Initializing game
15:11:40.485 [FXGL Background Thread 1 ] DEBUG AssetLoaderService   - Loading from cache: /assets/music/Poisoncut_GameLoop.mp3
15:11:40.485 [FXGL Background Thread 1 ] DEBUG AudioPlayer          - Playing music com.almasb.fxgl.audio.Music@5f61c3b9
15:11:40.486 [FXGL Background Thread 1 ] DEBUG AssetLoaderService   - Loading from cache: /assets/textures/road_with_patches.png
15:11:40.486 [FXGL Background Thread 1 ] DEBUG AssetLoaderService   - Loading from cache: /assets/textures/road_with_patches.png
15:11:40.487 [FXGL Background Thread 1 ] DEBUG AssetLoaderService   - Loading from file system: /assets/textures//car3.png
15:11:40.489 [FXGL Background Thread 1 ] DEBUG AssetLoaderService   - Loading from cache: /assets/textures/signpost.PNG
15:11:40.489 [FXGL Background Thread 1 ] DEBUG AssetLoaderService   - Loading from file system: /assets/ui/moosegame_ui.fxml
15:11:40.493 [FXGL Background Thread 1 ] INFO  GameApplication      - Game initialization took: 0.009 sec
15:11:40.493 [JavaFX Application Thread] DEBUG Input                - Clearing active input actions
15:11:40.497 [JavaFX Application Thread] DEBUG WindowService        - Removing overlay from FXGLLoadingScene and adding to GameScene
15:11:40.497 [JavaFX Application Thread] DEBUG MainWindow           - FXGLLoadingScene -> GameScene
15:11:42.556 [JavaFX Application Thread] DEBUG AssetLoaderService   - Loading from cache: /assets/sounds/explosion.wav
15:11:42.556 [JavaFX Application Thread] DEBUG AssetLoaderService   - Loading from cache: /assets/textures/explosion.png
15:11:42.557 [JavaFX Application Thread] DEBUG AudioPlayer          - Stopping music com.almasb.fxgl.audio.Music@5f61c3b9
15:11:42.558 [JavaFX Application Thread] DEBUG MainWindow           - Push state: DialogSubScene
15:11:42.558 [JavaFX Application Thread] DEBUG Input                - Clearing active input actions
15:11:42.559 [JavaFX Application Thread] DEBUG WindowService        - Removing overlay from GameScene and adding to DialogSubScene
15:11:42.559 [JavaFX Application Thread] DEBUG MainWindow           - GameScene -> DialogSubScene
15:11:43.264 [JavaFX Application Thread] DEBUG MainWindow           - Pop state: DialogSubScene
15:11:43.264 [JavaFX Application Thread] DEBUG Input                - Clearing active input actions
15:11:43.265 [JavaFX Application Thread] DEBUG WindowService        - Removing overlay from DialogSubScene and adding to GameScene
15:11:43.265 [JavaFX Application Thread] DEBUG MainWindow           - GameScene <- DialogSubScene
15:11:43.265 [JavaFX Application Thread] DEBUG MainWindow           - Push state: DialogSubScene
15:11:43.265 [JavaFX Application Thread] DEBUG Input                - Clearing active input actions
15:11:43.266 [JavaFX Application Thread] DEBUG WindowService        - Removing overlay from GameScene and adding to DialogSubScene
15:11:43.266 [JavaFX Application Thread] DEBUG MainWindow           - GameScene -> DialogSubScene
15:11:43.741 [JavaFX Application Thread] DEBUG MainWindow           - Pop state: DialogSubScene
15:11:43.741 [JavaFX Application Thread] DEBUG Input                - Clearing active input actions
15:11:43.741 [JavaFX Application Thread] DEBUG WindowService        - Removing overlay from DialogSubScene and adding to GameScene
15:11:43.741 [JavaFX Application Thread] DEBUG MainWindow           - GameScene <- DialogSubScene
15:11:43.741 [JavaFX Application Thread] DEBUG Input                - Clearing active input actions
15:11:43.744 [JavaFX Application Thread] DEBUG WindowService        - Removing overlay from GameScene and adding to MooseGameMenu
15:11:43.744 [JavaFX Application Thread] DEBUG MainWindow           - GameScene -> MooseGameMenu
15:11:44.763 [JavaFX Application Thread] DEBUG GameApplication      - Exiting FXGL
15:11:44.763 [JavaFX Application Thread] DEBUG LoopRunner           - Stopping loop
15:11:44.764 [JavaFX Application Thread] DEBUG SystemBundleService  - Saving FXGL system data
15:11:44.765 [JavaFX Application Thread] DEBUG FileSystemAccess     - Writing to: C:\Users\micha\Desktop\JavaMooseGame\system\fxgl.bundle
15:11:44.766 [JavaFX Application Thread] DEBUG GameApplication      - Shutting down background threads
15:11:44.766 [JavaFX Application Thread] DEBUG GameApplication      - Closing logger and exiting JavaFX
