13:38:44.984 [main                     ] DEBUG GameApplication      - Logger initialized
13:38:44.989 [main                     ] DEBUG GameApplication      - Logging settings
Title: MooseGame
Version: 0.2
Width: 600
Height: 900
Fullscreen: false
Intro: false
Menus: true
Profiling: false
Single step:false
App Mode: DEVELOPER
Menu Key: ESCAPE
Stage Style: DECORATED
Scene Factory: class com.almasb.fxgl.app.scene.SceneFactory

13:38:45.339 [JavaFX Application Thread] DEBUG GameApplication      - Initializing FXGL
13:38:45.346 [JavaFX Application Thread] INFO  Engine               - FXGL-11.8 (08.03.2020 09.09) on WINDOWS (J:14.0.1 FX:13.0.2)
13:38:45.346 [JavaFX Application Thread] INFO  Engine               - Source code and latest versions at: https://github.com/AlmasB/FXGL
13:38:45.346 [JavaFX Application Thread] INFO  Engine               -              Join the FXGL chat at: https://gitter.im/AlmasB/FXGL
13:38:45.449 [JavaFX Application Thread] DEBUG MainWindow           - Creating a JavaFX scene
13:38:45.491 [JavaFX Application Thread] DEBUG MainWindow           - Target settings size: 600.0 x 900.0
13:38:45.492 [JavaFX Application Thread] DEBUG MainWindow           - Scaled scene size:    600.0 x 900.0
13:38:45.492 [JavaFX Application Thread] DEBUG MainWindow           - Scaled ratio: (1.0, 1.0)
13:38:45.493 [JavaFX Application Thread] DEBUG MainWindow           - Set initial scene to FXGLStartupScene
13:38:45.498 [JavaFX Application Thread] DEBUG MainWindow           - Opening main window
13:38:45.577 [JavaFX Application Thread] DEBUG MainWindow           - Window border size: (16.0, 39.0)
13:38:45.577 [JavaFX Application Thread] DEBUG MainWindow           - Scaled size: 600.0 x 900.0
13:38:45.577 [JavaFX Application Thread] DEBUG MainWindow           - Scaled ratio: (1.0, 1.0)
13:38:45.577 [JavaFX Application Thread] DEBUG MainWindow           - Scene size: 600.0 x 900.0
13:38:45.577 [JavaFX Application Thread] DEBUG MainWindow           - Stage size: 616.0 x 939.0
13:38:45.584 [FXGL Background Thread 1 ] DEBUG Engine               - Initializing environment variables
13:38:45.609 [FXGL Background Thread 1 ] DEBUG WindowService        - Applying CSS: fxgl_dark.css
13:38:45.609 [FXGL Background Thread 1 ] DEBUG AssetLoaderService   - Loading from file system: /assets/ui/css/fxgl_dark.css
13:38:45.648 [FXGL Background Thread 1 ] DEBUG WindowService        - Initializing application scenes
13:38:45.675 [FXGL Background Thread 1 ] DEBUG GameWorld            - Game world initialized
13:38:45.704 [FXGL Background Thread 1 ] DEBUG PhysicsWorld         - Physics world initialized: appHeight=900, physics.ppm=50.0
13:38:45.706 [FXGL Background Thread 1 ] DEBUG GameScene            - Game scene initialized: 600x900
13:38:45.729 [FXGL Background Thread 1 ] DEBUG AssetLoaderService   - Loading from file system: /assets/textures/particles/trace_horizontal.png
13:38:45.772 [FXGL Background Thread 1 ] WARN  FXGL.DefaultMenu     - FXGLDefaultMenu is not designed for resolutions < 800x600
13:38:45.773 [FXGL Background Thread 1 ] DEBUG FXGL.DefaultMenu     - createMenuBodyMainMenu()
13:38:45.787 [FXGL Background Thread 1 ] DEBUG FXGL.DefaultMenu     - createOptionsMenu()
13:38:45.790 [FXGL Background Thread 1 ] DEBUG AssetLoaderService   - Loading from file system: /assets/textures/particles/smoke.png
13:38:45.842 [FXGL Background Thread 1 ] DEBUG AssetLoaderService   - Loading from cache: /assets/textures/particles/trace_horizontal.png@64.0x64.0
13:38:45.843 [FXGL Background Thread 1 ] WARN  FXGL.DefaultMenu     - FXGLDefaultMenu is not designed for resolutions < 800x600
13:38:45.843 [FXGL Background Thread 1 ] DEBUG FXGL.DefaultMenu     - createMenuBodyGameMenu()
13:38:45.844 [FXGL Background Thread 1 ] DEBUG FXGL.DefaultMenu     - createOptionsMenu()
13:38:45.846 [FXGL Background Thread 1 ] DEBUG AssetLoaderService   - Loading from cache: /assets/textures/particles/smoke.png@128.0x128.0
13:38:45.858 [FXGL Background Thread 1 ] DEBUG WindowService        - Application scenes initialized
13:38:45.864 [FXGL Background Thread 1 ] DEBUG SystemBundleService  - Loading FXGL system data
13:38:45.867 [FXGL Background Thread 1 ] DEBUG FileSystemAccess     - Reading from: C:\Users\micha\Desktop\JavaMooseGame\system\fxgl.bundle
13:38:45.871 [FXGL Background Thread 1 ] DEBUG SystemBundleService  - Bundle FXGL: {}
13:38:45.872 [FXGL Background Thread 1 ] INFO  Engine               - FXGL initialization took: 0.285 sec
13:38:45.873 [FXGL Background Thread 1 ] DEBUG GameApplication      - Loading localizations
13:38:45.873 [FXGL Background Thread 1 ] DEBUG AssetLoaderService   - Loading from file system: /assets/properties/languages/english.properties
13:38:45.874 [FXGL Background Thread 1 ] DEBUG AssetLoaderService   - Loading from file system: /assets/properties/languages/french.properties
13:38:45.875 [FXGL Background Thread 1 ] DEBUG AssetLoaderService   - Loading from file system: /assets/properties/languages/german.properties
13:38:45.876 [FXGL Background Thread 1 ] DEBUG AssetLoaderService   - Loading from file system: /assets/properties/languages/hungarian.properties
13:38:45.877 [FXGL Background Thread 1 ] DEBUG AssetLoaderService   - Loading from file system: /assets/properties/languages/russian.properties
13:38:45.879 [FXGL Background Thread 1 ] DEBUG GameApplication      - Registering font factories with UI factory
13:38:45.879 [FXGL Background Thread 1 ] DEBUG AssetLoaderService   - Loading from file system: /assets/ui/fonts/VarelaRound-Regular.ttf
13:38:45.922 [FXGL Background Thread 1 ] DEBUG AssetLoaderService   - Loading from file system: /assets/ui/fonts/Abel-Regular.ttf
13:38:45.930 [FXGL Background Thread 1 ] DEBUG AssetLoaderService   - Loading from file system: /assets/ui/fonts/lucida_console.ttf
13:38:45.939 [FXGL Background Thread 1 ] DEBUG AssetLoaderService   - Loading from file system: /assets/ui/fonts/Courier-Prime.ttf
13:38:45.955 [JavaFX Application Thread] DEBUG Input                - Registered new binding: action0 - A
13:38:45.955 [JavaFX Application Thread] DEBUG Input                - Registered new binding: action1 - S
13:38:45.955 [JavaFX Application Thread] DEBUG Input                - Registered new binding: action2 - D
13:38:45.956 [JavaFX Application Thread] DEBUG Input                - Registered new binding: action3 - W
13:38:45.956 [JavaFX Application Thread] DEBUG Input                - Registered new binding: action4 - Space
13:38:45.956 [JavaFX Application Thread] DEBUG Input                - Registered new binding: action5 - Left
13:38:45.956 [JavaFX Application Thread] DEBUG Input                - Registered new binding: action6 - Down
13:38:45.957 [JavaFX Application Thread] DEBUG Input                - Registered new binding: action7 - Right
13:38:45.957 [JavaFX Application Thread] DEBUG Input                - Registered new binding: action8 - Up
13:38:45.957 [JavaFX Application Thread] DEBUG AssetLoaderService   - Loading from file system: /assets/textures/fxgl_icon.png
13:38:45.973 [JavaFX Application Thread] DEBUG AssetLoaderService   - Loading from file system: /assets/ui/cursors/fxgl_default.png
13:38:45.974 [JavaFX Application Thread] DEBUG Input                - Registered new binding: Screenshot - P
13:38:45.975 [JavaFX Application Thread] DEBUG Input                - Registered new binding: System info dump - CTRL+9
13:38:45.975 [JavaFX Application Thread] DEBUG Input                - Registered new binding: Restart - CTRL+R
13:38:45.976 [JavaFX Application Thread] DEBUG LoopRunner           - Starting loop
13:38:45.985 [JavaFX Application Thread] DEBUG FXGLStartupScene     - STARTUP
13:38:45.988 [JavaFX Application Thread] DEBUG Input                - Clearing active input actions
13:38:46.002 [JavaFX Application Thread] DEBUG WindowService        - Removing overlay from FXGLStartupScene and adding to FXGLDefaultMenu
13:38:46.002 [JavaFX Application Thread] DEBUG MainWindow           - FXGLStartupScene -> FXGLDefaultMenu
13:38:46.293 [JavaFX Application Thread] DEBUG GameApplication      - Exiting FXGL
13:38:46.293 [JavaFX Application Thread] DEBUG LoopRunner           - Stopping loop
13:38:46.293 [JavaFX Application Thread] DEBUG SystemBundleService  - Saving FXGL system data
13:38:46.295 [JavaFX Application Thread] DEBUG FileSystemAccess     - Writing to: C:\Users\micha\Desktop\JavaMooseGame\system\fxgl.bundle
13:38:46.296 [JavaFX Application Thread] DEBUG GameApplication      - Shutting down background threads
13:38:46.296 [JavaFX Application Thread] DEBUG GameApplication      - Closing logger and exiting JavaFX
