18:39:24.143 [main                     ] DEBUG GameApplication      - Logger initialized
18:39:24.148 [main                     ] DEBUG GameApplication      - Logging settings
Title: MooseGame
Version: 0.3
Width: 600
Height: 900
Fullscreen: false
Intro: false
Menus: true
Profiling: false
Single step:false
App Mode: DEVELOPER
Menu Key: ESCAPE
Stage Style: DECORATED
Scene Factory: class MooseGameApp$1

18:39:24.463 [JavaFX Application Thread] DEBUG GameApplication      - Initializing FXGL
18:39:24.469 [JavaFX Application Thread] INFO  Engine               - FXGL-11.8 (08.03.2020 09.09) on WINDOWS (J:14.0.1 FX:13.0.2)
18:39:24.470 [JavaFX Application Thread] INFO  Engine               - Source code and latest versions at: https://github.com/AlmasB/FXGL
18:39:24.470 [JavaFX Application Thread] INFO  Engine               -              Join the FXGL chat at: https://gitter.im/AlmasB/FXGL
18:39:24.582 [JavaFX Application Thread] DEBUG MainWindow           - Creating a JavaFX scene
18:39:24.628 [JavaFX Application Thread] DEBUG MainWindow           - Target settings size: 600.0 x 900.0
18:39:24.628 [JavaFX Application Thread] DEBUG MainWindow           - Scaled scene size:    600.0 x 900.0
18:39:24.628 [JavaFX Application Thread] DEBUG MainWindow           - Scaled ratio: (1.0, 1.0)
18:39:24.629 [JavaFX Application Thread] DEBUG MainWindow           - Set initial scene to FXGLStartupScene
18:39:24.634 [JavaFX Application Thread] DEBUG MainWindow           - Opening main window
18:39:24.710 [JavaFX Application Thread] DEBUG MainWindow           - Window border size: (16.0, 39.0)
18:39:24.710 [JavaFX Application Thread] DEBUG MainWindow           - Scaled size: 600.0 x 900.0
18:39:24.710 [JavaFX Application Thread] DEBUG MainWindow           - Scaled ratio: (1.0, 1.0)
18:39:24.711 [JavaFX Application Thread] DEBUG MainWindow           - Scene size: 600.0 x 900.0
18:39:24.711 [JavaFX Application Thread] DEBUG MainWindow           - Stage size: 616.0 x 939.0
18:39:24.717 [FXGL Background Thread 1 ] DEBUG Engine               - Initializing environment variables
18:39:24.743 [FXGL Background Thread 1 ] DEBUG WindowService        - Applying CSS: fxgl_dark.css
18:39:24.744 [FXGL Background Thread 1 ] DEBUG AssetLoaderService   - Loading from file system: /assets/ui/css/fxgl_dark.css
18:39:24.780 [FXGL Background Thread 1 ] DEBUG WindowService        - Initializing application scenes
18:39:24.810 [FXGL Background Thread 1 ] DEBUG GameWorld            - Game world initialized
18:39:24.844 [FXGL Background Thread 1 ] DEBUG PhysicsWorld         - Physics world initialized: appHeight=900, physics.ppm=50.0
18:39:24.846 [FXGL Background Thread 1 ] DEBUG GameScene            - Game scene initialized: 600x900
18:39:24.853 [FXGL Background Thread 1 ] DEBUG AssetLoaderService   - Loading from file system: /assets/textures/Roadway.png
18:39:24.916 [FXGL Background Thread 1 ] DEBUG AssetLoaderService   - Loading from file system: /assets/sounds/selection.mp3
18:39:24.982 [FXGL Background Thread 1 ] DEBUG AssetLoaderService   - Loading from cache: /assets/sounds/selection.mp3
18:39:24.983 [FXGL Background Thread 1 ] DEBUG AssetLoaderService   - Loading from cache: /assets/sounds/selection.mp3
18:39:24.983 [FXGL Background Thread 1 ] DEBUG AssetLoaderService   - Loading from cache: /assets/sounds/selection.mp3
18:39:24.984 [FXGL Background Thread 1 ] DEBUG AssetLoaderService   - Loading from cache: /assets/sounds/selection.mp3
18:39:25.011 [FXGL Background Thread 1 ] DEBUG AssetLoaderService   - Loading from file system: /assets/music/Poisoncut_-_MenuMusic.mp3
18:39:25.065 [FXGL Background Thread 1 ] DEBUG AudioPlayer          - Playing music com.almasb.fxgl.audio.Music@56d8e883
18:39:25.080 [FXGL Background Thread 1 ] DEBUG AssetLoaderService   - Loading from file system: /assets/textures/particles/trace_horizontal.png
18:39:25.106 [FXGL Background Thread 1 ] WARN  FXGL.DefaultMenu     - FXGLDefaultMenu is not designed for resolutions < 800x600
18:39:25.106 [FXGL Background Thread 1 ] DEBUG FXGL.DefaultMenu     - createMenuBodyGameMenu()
18:39:25.112 [FXGL Background Thread 1 ] DEBUG FXGL.DefaultMenu     - createOptionsMenu()
18:39:25.115 [FXGL Background Thread 1 ] DEBUG AssetLoaderService   - Loading from file system: /assets/textures/particles/smoke.png
18:39:25.150 [FXGL Background Thread 1 ] DEBUG WindowService        - Application scenes initialized
18:39:25.156 [FXGL Background Thread 1 ] DEBUG SystemBundleService  - Loading FXGL system data
18:39:25.158 [FXGL Background Thread 1 ] DEBUG FileSystemAccess     - Reading from: C:\Users\micha\Desktop\JavaMooseGame\system\fxgl.bundle
18:39:25.162 [FXGL Background Thread 1 ] DEBUG SystemBundleService  - Bundle FXGL: {}
18:39:25.162 [FXGL Background Thread 1 ] INFO  Engine               - FXGL initialization took: 0.444 sec
18:39:25.163 [FXGL Background Thread 1 ] DEBUG GameApplication      - Loading localizations
18:39:25.163 [FXGL Background Thread 1 ] DEBUG AssetLoaderService   - Loading from file system: /assets/properties/languages/english.properties
18:39:25.164 [FXGL Background Thread 1 ] DEBUG AssetLoaderService   - Loading from file system: /assets/properties/languages/french.properties
18:39:25.165 [FXGL Background Thread 1 ] DEBUG AssetLoaderService   - Loading from file system: /assets/properties/languages/german.properties
18:39:25.166 [FXGL Background Thread 1 ] DEBUG AssetLoaderService   - Loading from file system: /assets/properties/languages/hungarian.properties
18:39:25.166 [FXGL Background Thread 1 ] DEBUG AssetLoaderService   - Loading from file system: /assets/properties/languages/russian.properties
18:39:25.167 [FXGL Background Thread 1 ] DEBUG GameApplication      - Registering font factories with UI factory
18:39:25.167 [FXGL Background Thread 1 ] DEBUG AssetLoaderService   - Loading from file system: /assets/ui/fonts/VarelaRound-Regular.ttf
18:39:25.205 [FXGL Background Thread 1 ] DEBUG AssetLoaderService   - Loading from file system: /assets/ui/fonts/Abel-Regular.ttf
18:39:25.213 [FXGL Background Thread 1 ] DEBUG AssetLoaderService   - Loading from file system: /assets/ui/fonts/lucida_console.ttf
18:39:25.223 [FXGL Background Thread 1 ] DEBUG AssetLoaderService   - Loading from file system: /assets/ui/fonts/Courier-Prime.ttf
18:39:25.238 [JavaFX Application Thread] DEBUG Input                - Registered new binding: action0 - A
18:39:25.239 [JavaFX Application Thread] DEBUG Input                - Registered new binding: action1 - S
18:39:25.239 [JavaFX Application Thread] DEBUG Input                - Registered new binding: action2 - D
18:39:25.239 [JavaFX Application Thread] DEBUG Input                - Registered new binding: action3 - W
18:39:25.239 [JavaFX Application Thread] DEBUG Input                - Registered new binding: action4 - 1
18:39:25.240 [JavaFX Application Thread] DEBUG Input                - Registered new binding: action5 - 2
18:39:25.240 [JavaFX Application Thread] DEBUG Input                - Registered new binding: action6 - 3
18:39:25.240 [JavaFX Application Thread] DEBUG Input                - Registered new binding: action7 - Left
18:39:25.240 [JavaFX Application Thread] DEBUG Input                - Registered new binding: action8 - Down
18:39:25.241 [JavaFX Application Thread] DEBUG Input                - Registered new binding: action9 - Right
18:39:25.241 [JavaFX Application Thread] DEBUG Input                - Registered new binding: action10 - Up
18:39:25.241 [JavaFX Application Thread] DEBUG AssetLoaderService   - Loading from file system: /assets/textures/fxgl_icon.png
18:39:25.249 [JavaFX Application Thread] DEBUG AssetLoaderService   - Loading from file system: /assets/ui/cursors/fxgl_default.png
18:39:25.251 [JavaFX Application Thread] DEBUG Input                - Registered new binding: Screenshot - P
18:39:25.251 [JavaFX Application Thread] DEBUG Input                - Registered new binding: System info dump - CTRL+9
18:39:25.251 [JavaFX Application Thread] DEBUG Input                - Registered new binding: Restart - CTRL+R
18:39:25.252 [JavaFX Application Thread] DEBUG LoopRunner           - Starting loop
18:39:25.271 [JavaFX Application Thread] DEBUG FXGLStartupScene     - STARTUP
18:39:25.271 [JavaFX Application Thread] DEBUG Input                - Clearing active input actions
18:39:25.285 [JavaFX Application Thread] DEBUG WindowService        - Removing overlay from FXGLStartupScene and adding to MooseGameMenu
18:39:25.286 [JavaFX Application Thread] DEBUG MainWindow           - FXGLStartupScene -> MooseGameMenu
18:39:25.884 [JavaFX Application Thread] DEBUG Menu                 - fireNewGame()
18:39:25.884 [JavaFX Application Thread] DEBUG WindowService        - Starting new game
18:39:25.884 [JavaFX Application Thread] DEBUG Input                - Clearing active input actions
18:39:25.891 [JavaFX Application Thread] DEBUG WindowService        - Removing overlay from MooseGameMenu and adding to FXGLLoadingScene
18:39:25.892 [JavaFX Application Thread] DEBUG MainWindow           - MooseGameMenu -> FXGLLoadingScene
18:39:25.892 [JavaFX Application Thread] DEBUG WindowService        - Clearing previous game
18:39:25.892 [JavaFX Application Thread] DEBUG GameScene            - Clearing game scene
18:39:25.892 [JavaFX Application Thread] DEBUG GameWorld            - Clearing game world
18:39:25.892 [JavaFX Application Thread] DEBUG PhysicsWorld         - Clearing physics world
18:39:25.893 [JavaFX Application Thread] DEBUG AudioPlayer          - Stopping music com.almasb.fxgl.audio.Music@56d8e883
18:39:25.893 [FXGL Background Thread 1 ] DEBUG GameApplication      - Initializing game
18:39:25.899 [FXGL Background Thread 1 ] DEBUG FileSystemAccess     - Reading from: C:\Users\micha\Desktop\JavaMooseGame\.\highscores.dat
18:39:25.901 [FXGL Background Thread 1 ] DEBUG AssetLoaderService   - Loading from file system: /assets/music/Poisoncut_GameLoop.mp3
18:39:25.903 [FXGL Background Thread 1 ] DEBUG AudioPlayer          - Playing music com.almasb.fxgl.audio.Music@53bb1b94
18:39:25.905 [FXGL Background Thread 1 ] DEBUG AssetLoaderService   - Loading from file system: /assets/textures/road_with_patches.png
18:39:25.913 [FXGL Background Thread 1 ] DEBUG AssetLoaderService   - Loading from cache: /assets/textures/road_with_patches.png
18:39:25.913 [FXGL Background Thread 1 ] DEBUG AssetLoaderService   - Loading from file system: /assets/textures/car1.png
18:39:25.921 [FXGL Background Thread 1 ] DEBUG AssetLoaderService   - Loading from file system: /assets/textures/signpost.png
18:39:25.924 [FXGL Background Thread 1 ] DEBUG AssetLoaderService   - Loading from file system: /assets/ui/moosegame_ui.fxml
18:39:25.962 [FXGL Background Thread 1 ] INFO  GameApplication      - Game initialization took: 0.069 sec
18:39:25.973 [JavaFX Application Thread] DEBUG Input                - Clearing active input actions
18:39:25.981 [JavaFX Application Thread] DEBUG WindowService        - Removing overlay from FXGLLoadingScene and adding to GameScene
18:39:25.982 [JavaFX Application Thread] DEBUG MainWindow           - FXGLLoadingScene -> GameScene
18:39:27.248 [JavaFX Application Thread] DEBUG AssetLoaderService   - Loading from file system: /assets/textures/mooseWalkAnimation.png
18:39:27.667 [JavaFX Application Thread] DEBUG AssetLoaderService   - Loading from cache: /assets/textures/mooseWalkAnimation.png
18:39:28.163 [FXGL Background Thread 2 ] DEBUG Engine               - Logging environment variables
18:39:28.163 [FXGL Background Thread 2 ] DEBUG Engine               - achievements: []
18:39:28.163 [FXGL Background Thread 2 ] DEBUG Engine               - language: ObjectProperty [value: ENGLISH]
18:39:28.163 [FXGL Background Thread 2 ] DEBUG Engine               - isCloseConfirmation: false
18:39:28.163 [FXGL Background Thread 2 ] DEBUG Engine               - isProfilingEnabled: false
18:39:28.163 [FXGL Background Thread 2 ] DEBUG Engine               - soundNotification: core/notification.wav
18:39:28.163 [FXGL Background Thread 2 ] DEBUG Engine               - devShowBBoxProperty: BooleanProperty [value: false]
18:39:28.163 [FXGL Background Thread 2 ] DEBUG Engine               - pixelsPerMeter: 50.0
18:39:28.163 [FXGL Background Thread 2 ] DEBUG Engine               - appIcon: fxgl_icon.png
18:39:28.163 [FXGL Background Thread 2 ] DEBUG Engine               - soundMenuBack: menu/back.wav
18:39:28.163 [FXGL Background Thread 2 ] DEBUG Engine               - isFullScreenAllowed: false
18:39:28.163 [FXGL Background Thread 2 ] DEBUG Engine               - isIntroEnabled: false
18:39:28.163 [FXGL Background Thread 2 ] DEBUG Engine               - fontMono: lucida_console.ttf
18:39:28.163 [FXGL Background Thread 2 ] DEBUG Engine               - soundMenuSelect: menu/select.wav
18:39:28.163 [FXGL Background Thread 2 ] DEBUG Engine               - isWindows: true
18:39:28.163 [FXGL Background Thread 2 ] DEBUG Engine               - isUserProfileEnabled: false
18:39:28.163 [FXGL Background Thread 2 ] DEBUG Engine               - isMobile: false
18:39:28.163 [FXGL Background Thread 2 ] DEBUG Engine               - height: 900
18:39:28.164 [FXGL Background Thread 2 ] DEBUG Engine               - isExperimentalNative: false
18:39:28.164 [FXGL Background Thread 2 ] DEBUG Engine               - settings: Title: MooseGame
Version: 0.3
Width: 600
Height: 900
Fullscreen: false
Intro: false
Menus: true
Profiling: false
Single step:false
App Mode: DEVELOPER
Menu Key: ESCAPE
Stage Style: DECORATED
Scene Factory: class MooseGameApp$1

18:39:28.164 [FXGL Background Thread 2 ] DEBUG Engine               - isSingleStep: false
18:39:28.164 [FXGL Background Thread 2 ] DEBUG Engine               - cSSList: [fxgl_dark.css]
18:39:28.164 [FXGL Background Thread 2 ] DEBUG Engine               - fontGame: Abel-Regular.ttf
18:39:28.164 [FXGL Background Thread 2 ] DEBUG Engine               - menuKey: ESCAPE
18:39:28.164 [FXGL Background Thread 2 ] DEBUG Engine               - devShowPositionProperty: BooleanProperty [value: false]
18:39:28.164 [FXGL Background Thread 2 ] DEBUG Engine               - versionCheckDays: 7
18:39:28.164 [FXGL Background Thread 2 ] DEBUG Engine               - configClass: Optional.empty
18:39:28.164 [FXGL Background Thread 2 ] DEBUG Engine               - isFullScreenFromStart: false
18:39:28.164 [FXGL Background Thread 2 ] DEBUG Engine               - version: 0.3
18:39:28.164 [FXGL Background Thread 2 ] DEBUG Engine               - fullScreen: BooleanProperty [value: false]
18:39:28.164 [FXGL Background Thread 2 ] DEBUG Engine               - randomSeed: -1
18:39:28.164 [FXGL Background Thread 2 ] DEBUG Engine               - gameDifficultyProperty: ObjectProperty [value: MEDIUM]
18:39:28.164 [FXGL Background Thread 2 ] DEBUG Engine               - applicationMode: DEVELOPER
18:39:28.164 [FXGL Background Thread 2 ] DEBUG Engine               - isMac: false
18:39:28.164 [FXGL Background Thread 2 ] DEBUG Engine               - isMenuEnabled: true
18:39:28.164 [FXGL Background Thread 2 ] DEBUG Engine               - profileName: StringProperty [value: DEFAULT]
18:39:28.164 [FXGL Background Thread 2 ] DEBUG Engine               - urlPOM: https://raw.githubusercontent.com/AlmasB/FXGL/master/pom.xml
18:39:28.164 [FXGL Background Thread 2 ] DEBUG Engine               - notificationViewClass: class com.almasb.fxgl.notification.view.XboxNotificationView
18:39:28.165 [FXGL Background Thread 2 ] DEBUG Engine               - devSensorColorProperty: ObjectProperty [value: 0xffff00ff]
18:39:28.165 [FXGL Background Thread 2 ] DEBUG Engine               - sceneFactory: MooseGameApp$1@210897dd
18:39:28.165 [FXGL Background Thread 2 ] DEBUG Engine               - stageStyle: DECORATED
18:39:28.165 [FXGL Background Thread 2 ] DEBUG Engine               - isManualResizeEnabled: false
18:39:28.165 [FXGL Background Thread 2 ] DEBUG Engine               - title: MooseGame
18:39:28.165 [FXGL Background Thread 2 ] DEBUG Engine               - platform: WINDOWS
18:39:28.165 [FXGL Background Thread 2 ] DEBUG Engine               - devBBoxColorProperty: ObjectProperty [value: 0xff0000ff]
18:39:28.165 [FXGL Background Thread 2 ] DEBUG Engine               - gameDifficulty: MEDIUM
18:39:28.165 [FXGL Background Thread 2 ] DEBUG Engine               - isDesktop: true
18:39:28.165 [FXGL Background Thread 2 ] DEBUG Engine               - supportedLanguages: [ENGLISH, FRENCH, GERMAN, HUNGARIAN, RUSSIAN]
18:39:28.165 [FXGL Background Thread 2 ] DEBUG Engine               - credits: []
18:39:28.165 [FXGL Background Thread 2 ] DEBUG Engine               - globalMusicVolumeProperty: DoubleProperty [value: 0.5]
18:39:28.165 [FXGL Background Thread 2 ] DEBUG Engine               - isPreserveResizeRatio: false
18:39:28.165 [FXGL Background Thread 2 ] DEBUG Engine               - fontText: Courier-Prime.ttf
18:39:28.165 [FXGL Background Thread 2 ] DEBUG Engine               - isExperimentalTiledLargeMap: false
18:39:28.165 [FXGL Background Thread 2 ] DEBUG Engine               - secondsIn24h: 60
18:39:28.165 [FXGL Background Thread 2 ] DEBUG Engine               - runtimeInfo: RuntimeInfo(platform=WINDOWS, version=11.8, build=08.03.2020 09.09)
18:39:28.165 [FXGL Background Thread 2 ] DEBUG Engine               - isLinux: false
18:39:28.165 [FXGL Background Thread 2 ] DEBUG Engine               - soundMenuPress: menu/press.wav
18:39:28.165 [FXGL Background Thread 2 ] DEBUG Engine               - urlGithub: https://github.com/AlmasB/FXGL
18:39:28.165 [FXGL Background Thread 2 ] DEBUG Engine               - profileDir: profiles/
18:39:28.165 [FXGL Background Thread 2 ] DEBUG Engine               - isDeveloperMenuEnabled: false
18:39:28.165 [FXGL Background Thread 2 ] DEBUG Engine               - globalSoundVolumeProperty: DoubleProperty [value: 0.5]
18:39:28.165 [FXGL Background Thread 2 ] DEBUG Engine               - mainWindow: com.almasb.fxgl.app.MainWindow@25371724
18:39:28.166 [FXGL Background Thread 2 ] DEBUG Engine               - isBrowser: false
18:39:28.166 [FXGL Background Thread 2 ] DEBUG Engine               - urlLeaderboard: http://fxgl-top.herokuapp.com/
18:39:28.166 [FXGL Background Thread 2 ] DEBUG Engine               - globalSoundVolume: 0.5
18:39:28.166 [FXGL Background Thread 2 ] DEBUG Engine               - engineServices: [class com.almasb.fxgl.app.GameApplication$GameApplicationService, class com.almasb.fxgl.app.services.WindowService, class com.almasb.fxgl.app.services.FXGLDialogService, class com.almasb.fxgl.app.services.IOTaskExecutorService, class com.almasb.fxgl.event.EventBusService, class com.almasb.fxgl.io.FileSystemService, class com.almasb.fxgl.localization.LocalizationService, class com.almasb.fxgl.app.services.AssetLoaderService, class com.almasb.fxgl.app.services.SystemBundleService, class com.almasb.fxgl.profile.SaveLoadService, class com.almasb.fxgl.ui.FXGLUIFactoryServiceProvider, class com.almasb.fxgl.ui.FXGLDialogFactoryServiceProvider, class com.almasb.fxgl.audio.AudioPlayer, class com.almasb.fxgl.notification.impl.NotificationServiceProvider, class com.almasb.fxgl.achievement.AchievementService, class com.almasb.fxgl.cutscene.CutsceneService, class com.almasb.fxgl.minigames.MiniGameService, class com.almasb.fxgl.net.NetService, class com.almasb.fxgl.app.services.UpdaterService]
18:39:28.166 [FXGL Background Thread 2 ] DEBUG Engine               - globalMusicVolume: 0.5
18:39:28.166 [FXGL Background Thread 2 ] DEBUG Engine               - width: 600
18:39:28.166 [FXGL Background Thread 2 ] DEBUG Engine               - saveFileExt: sav
18:39:28.166 [FXGL Background Thread 2 ] DEBUG Engine               - isAndroid: false
18:39:28.166 [FXGL Background Thread 2 ] DEBUG Engine               - fontUI: VarelaRound-Regular.ttf
18:39:28.166 [FXGL Background Thread 2 ] DEBUG Engine               - enabledMenuItems: []
18:39:28.166 [FXGL Background Thread 2 ] DEBUG Engine               - isIOS: false
18:39:28.166 [FXGL Background Thread 2 ] DEBUG Engine               - Logging services
18:39:28.166 [FXGL Background Thread 2 ] DEBUG Engine               - class com.almasb.fxgl.app.GameApplication$GameApplicationService
18:39:28.166 [FXGL Background Thread 2 ] DEBUG Engine               - class com.almasb.fxgl.app.services.WindowService
18:39:28.166 [FXGL Background Thread 2 ] DEBUG Engine               - class com.almasb.fxgl.app.services.FXGLDialogService
18:39:28.166 [FXGL Background Thread 2 ] DEBUG Engine               - class com.almasb.fxgl.app.services.IOTaskExecutorService
18:39:28.166 [FXGL Background Thread 2 ] DEBUG Engine               - class com.almasb.fxgl.event.EventBusService
18:39:28.166 [FXGL Background Thread 2 ] DEBUG Engine               - class com.almasb.fxgl.io.FileSystemService
18:39:28.166 [FXGL Background Thread 2 ] DEBUG Engine               - class com.almasb.fxgl.localization.LocalizationService
18:39:28.166 [FXGL Background Thread 2 ] DEBUG Engine               - class com.almasb.fxgl.app.services.AssetLoaderService
18:39:28.166 [FXGL Background Thread 2 ] DEBUG Engine               - class com.almasb.fxgl.app.services.SystemBundleService
18:39:28.166 [FXGL Background Thread 2 ] DEBUG Engine               - class com.almasb.fxgl.profile.SaveLoadService
18:39:28.166 [FXGL Background Thread 2 ] DEBUG Engine               - class com.almasb.fxgl.ui.FXGLUIFactoryServiceProvider
18:39:28.167 [FXGL Background Thread 2 ] DEBUG Engine               - class com.almasb.fxgl.ui.FXGLDialogFactoryServiceProvider
18:39:28.167 [FXGL Background Thread 2 ] DEBUG Engine               - class com.almasb.fxgl.audio.AudioPlayer
18:39:28.167 [FXGL Background Thread 2 ] DEBUG Engine               - class com.almasb.fxgl.notification.impl.NotificationServiceProvider
18:39:28.167 [FXGL Background Thread 2 ] DEBUG Engine               - class com.almasb.fxgl.achievement.AchievementService
18:39:28.167 [FXGL Background Thread 2 ] DEBUG Engine               - class com.almasb.fxgl.cutscene.CutsceneService
18:39:28.167 [FXGL Background Thread 2 ] DEBUG Engine               - class com.almasb.fxgl.minigames.MiniGameService
18:39:28.167 [FXGL Background Thread 2 ] DEBUG Engine               - class com.almasb.fxgl.net.NetService
18:39:28.167 [FXGL Background Thread 2 ] DEBUG Engine               - class com.almasb.fxgl.app.services.UpdaterService
18:39:28.437 [JavaFX Application Thread] DEBUG AssetLoaderService   - Loading from file system: /assets/sounds/explosion.wav
18:39:28.439 [JavaFX Application Thread] DEBUG AssetLoaderService   - Loading from file system: /assets/textures/explosion.png
18:39:28.446 [JavaFX Application Thread] DEBUG AudioPlayer          - Stopping music com.almasb.fxgl.audio.Music@53bb1b94
18:39:28.449 [JavaFX Application Thread] DEBUG MainWindow           - Push state: DialogSubScene
18:39:28.449 [JavaFX Application Thread] DEBUG Input                - Clearing active input actions
18:39:28.454 [JavaFX Application Thread] DEBUG WindowService        - Removing overlay from GameScene and adding to DialogSubScene
18:39:28.454 [JavaFX Application Thread] DEBUG MainWindow           - GameScene -> DialogSubScene
18:39:29.112 [JavaFX Application Thread] DEBUG MainWindow           - Pop state: DialogSubScene
18:39:29.112 [JavaFX Application Thread] DEBUG Input                - Clearing active input actions
18:39:29.113 [JavaFX Application Thread] DEBUG WindowService        - Removing overlay from DialogSubScene and adding to GameScene
18:39:29.113 [JavaFX Application Thread] DEBUG MainWindow           - GameScene <- DialogSubScene
18:39:29.113 [JavaFX Application Thread] DEBUG Input                - Clearing active input actions
18:39:29.118 [JavaFX Application Thread] DEBUG WindowService        - Removing overlay from GameScene and adding to MooseGameMenu
18:39:29.118 [JavaFX Application Thread] DEBUG MainWindow           - GameScene -> MooseGameMenu
18:39:29.762 [JavaFX Application Thread] DEBUG Menu                 - fireNewGame()
18:39:29.762 [JavaFX Application Thread] DEBUG WindowService        - Starting new game
18:39:29.762 [JavaFX Application Thread] DEBUG Input                - Clearing active input actions
18:39:29.766 [JavaFX Application Thread] DEBUG WindowService        - Removing overlay from MooseGameMenu and adding to FXGLLoadingScene
18:39:29.766 [JavaFX Application Thread] DEBUG MainWindow           - MooseGameMenu -> FXGLLoadingScene
18:39:29.766 [JavaFX Application Thread] DEBUG WindowService        - Clearing previous game
18:39:29.766 [JavaFX Application Thread] DEBUG GameScene            - Clearing game scene
18:39:29.766 [JavaFX Application Thread] DEBUG GameWorld            - Clearing game world
18:39:29.767 [JavaFX Application Thread] DEBUG PhysicsWorld         - Clearing physics world
18:39:29.768 [JavaFX Application Thread] DEBUG AudioPlayer          - Stopping music com.almasb.fxgl.audio.Music@56d8e883
18:39:29.768 [FXGL Background Thread 1 ] DEBUG GameApplication      - Initializing game
18:39:29.769 [FXGL Background Thread 1 ] DEBUG FileSystemAccess     - Reading from: C:\Users\micha\Desktop\JavaMooseGame\.\highscores.dat
18:39:29.769 [FXGL Background Thread 1 ] DEBUG AssetLoaderService   - Loading from cache: /assets/music/Poisoncut_GameLoop.mp3
18:39:29.769 [FXGL Background Thread 1 ] DEBUG AudioPlayer          - Playing music com.almasb.fxgl.audio.Music@53bb1b94
18:39:29.770 [FXGL Background Thread 1 ] DEBUG AssetLoaderService   - Loading from cache: /assets/textures/road_with_patches.png
18:39:29.770 [FXGL Background Thread 1 ] DEBUG AssetLoaderService   - Loading from cache: /assets/textures/road_with_patches.png
18:39:29.770 [FXGL Background Thread 1 ] DEBUG AssetLoaderService   - Loading from cache: /assets/textures/car1.png
18:39:29.771 [FXGL Background Thread 1 ] DEBUG AssetLoaderService   - Loading from cache: /assets/textures/signpost.png
18:39:29.772 [FXGL Background Thread 1 ] DEBUG AssetLoaderService   - Loading from file system: /assets/ui/moosegame_ui.fxml
18:39:29.776 [FXGL Background Thread 1 ] INFO  GameApplication      - Game initialization took: 0.008 sec
18:39:29.776 [JavaFX Application Thread] DEBUG Input                - Clearing active input actions
18:39:29.780 [JavaFX Application Thread] DEBUG WindowService        - Removing overlay from FXGLLoadingScene and adding to GameScene
18:39:29.781 [JavaFX Application Thread] DEBUG MainWindow           - FXGLLoadingScene -> GameScene
18:39:31.456 [JavaFX Application Thread] DEBUG AssetLoaderService   - Loading from cache: /assets/textures/mooseWalkAnimation.png
18:39:32.290 [JavaFX Application Thread] DEBUG AssetLoaderService   - Loading from file system: /assets/textures/potHole.png
18:39:33.122 [JavaFX Application Thread] DEBUG AssetLoaderService   - Loading from cache: /assets/textures/mooseWalkAnimation.png
18:39:33.129 [JavaFX Application Thread] DEBUG AssetLoaderService   - Loading from cache: /assets/textures/mooseWalkAnimation.png
18:39:33.764 [JavaFX Application Thread] DEBUG AssetLoaderService   - Loading from cache: /assets/sounds/explosion.wav
18:39:33.764 [JavaFX Application Thread] DEBUG AssetLoaderService   - Loading from cache: /assets/textures/explosion.png
18:39:33.765 [JavaFX Application Thread] DEBUG AudioPlayer          - Stopping music com.almasb.fxgl.audio.Music@53bb1b94
18:39:33.804 [JavaFX Application Thread] DEBUG MainWindow           - Push state: DialogSubScene
18:39:33.804 [JavaFX Application Thread] DEBUG Input                - Clearing active input actions
18:39:33.805 [JavaFX Application Thread] DEBUG WindowService        - Removing overlay from GameScene and adding to DialogSubScene
18:39:33.805 [JavaFX Application Thread] DEBUG MainWindow           - GameScene -> DialogSubScene
18:39:34.299 [JavaFX Application Thread] DEBUG MainWindow           - Pop state: DialogSubScene
18:39:34.299 [JavaFX Application Thread] DEBUG Input                - Clearing active input actions
18:39:34.299 [JavaFX Application Thread] DEBUG WindowService        - Removing overlay from DialogSubScene and adding to GameScene
18:39:34.300 [JavaFX Application Thread] DEBUG MainWindow           - GameScene <- DialogSubScene
18:39:34.300 [JavaFX Application Thread] DEBUG Input                - Clearing active input actions
18:39:34.303 [JavaFX Application Thread] DEBUG WindowService        - Removing overlay from GameScene and adding to MooseGameMenu
18:39:34.303 [JavaFX Application Thread] DEBUG MainWindow           - GameScene -> MooseGameMenu
18:39:34.984 [JavaFX Application Thread] DEBUG GameApplication      - Exiting FXGL
18:39:34.984 [JavaFX Application Thread] DEBUG LoopRunner           - Stopping loop
18:39:34.984 [JavaFX Application Thread] DEBUG SystemBundleService  - Saving FXGL system data
18:39:34.985 [JavaFX Application Thread] DEBUG FileSystemAccess     - Writing to: C:\Users\micha\Desktop\JavaMooseGame\system\fxgl.bundle
18:39:34.986 [JavaFX Application Thread] DEBUG GameApplication      - Shutting down background threads
18:39:34.987 [JavaFX Application Thread] DEBUG GameApplication      - Closing logger and exiting JavaFX
