16:01:25.327 [main                     ] DEBUG GameApplication      - Logger initialized
16:01:25.334 [main                     ] DEBUG GameApplication      - Logging settings
Title: MooseGame
Version: 0.3
Width: 600
Height: 900
Fullscreen: false
Intro: false
Menus: true
Profiling: false
Single step:false
App Mode: DEVELOPER
Menu Key: ESCAPE
Stage Style: DECORATED
Scene Factory: class MooseGameApp$1

16:01:25.902 [JavaFX Application Thread] DEBUG GameApplication      - Initializing FXGL
16:01:25.910 [JavaFX Application Thread] INFO  Engine               - FXGL-11.8 (08.03.2020 09.09) on WINDOWS (J:14.0.1 FX:13.0.2)
16:01:25.910 [JavaFX Application Thread] INFO  Engine               - Source code and latest versions at: https://github.com/AlmasB/FXGL
16:01:25.911 [JavaFX Application Thread] INFO  Engine               -              Join the FXGL chat at: https://gitter.im/AlmasB/FXGL
16:01:26.025 [JavaFX Application Thread] DEBUG MainWindow           - Creating a JavaFX scene
16:01:26.083 [JavaFX Application Thread] DEBUG MainWindow           - Target settings size: 600.0 x 900.0
16:01:26.083 [JavaFX Application Thread] DEBUG MainWindow           - Scaled scene size:    600.0 x 900.0
16:01:26.083 [JavaFX Application Thread] DEBUG MainWindow           - Scaled ratio: (1.0, 1.0)
16:01:26.085 [JavaFX Application Thread] DEBUG MainWindow           - Set initial scene to FXGLStartupScene
16:01:26.090 [JavaFX Application Thread] DEBUG MainWindow           - Opening main window
16:01:26.175 [JavaFX Application Thread] DEBUG MainWindow           - Window border size: (16.0, 39.0)
16:01:26.175 [JavaFX Application Thread] DEBUG MainWindow           - Scaled size: 600.0 x 900.0
16:01:26.175 [JavaFX Application Thread] DEBUG MainWindow           - Scaled ratio: (1.0, 1.0)
16:01:26.176 [JavaFX Application Thread] DEBUG MainWindow           - Scene size: 600.0 x 900.0
16:01:26.176 [JavaFX Application Thread] DEBUG MainWindow           - Stage size: 616.0 x 939.0
16:01:26.184 [FXGL Background Thread 1 ] DEBUG Engine               - Initializing environment variables
16:01:26.209 [FXGL Background Thread 1 ] DEBUG WindowService        - Applying CSS: fxgl_dark.css
16:01:26.210 [FXGL Background Thread 1 ] DEBUG AssetLoaderService   - Loading from file system: /assets/ui/css/fxgl_dark.css
16:01:26.247 [FXGL Background Thread 1 ] DEBUG WindowService        - Initializing application scenes
16:01:26.284 [FXGL Background Thread 1 ] DEBUG GameWorld            - Game world initialized
16:01:26.321 [FXGL Background Thread 1 ] DEBUG PhysicsWorld         - Physics world initialized: appHeight=900, physics.ppm=50.0
16:01:26.323 [FXGL Background Thread 1 ] DEBUG GameScene            - Game scene initialized: 600x900
16:01:26.332 [FXGL Background Thread 1 ] DEBUG AssetLoaderService   - Loading from file system: /assets/textures/Roadway.png
16:01:26.400 [FXGL Background Thread 1 ] DEBUG AssetLoaderService   - Loading from file system: /assets/sounds/selection.mp3
16:01:26.530 [FXGL Background Thread 1 ] DEBUG AssetLoaderService   - Loading from cache: /assets/sounds/selection.mp3
16:01:26.531 [FXGL Background Thread 1 ] DEBUG AssetLoaderService   - Loading from cache: /assets/sounds/selection.mp3
16:01:26.531 [FXGL Background Thread 1 ] DEBUG AssetLoaderService   - Loading from cache: /assets/sounds/selection.mp3
16:01:26.531 [FXGL Background Thread 1 ] DEBUG AssetLoaderService   - Loading from cache: /assets/sounds/selection.mp3
16:01:26.546 [FXGL Background Thread 1 ] DEBUG AssetLoaderService   - Loading from cache: /assets/sounds/selection.mp3
16:01:26.546 [FXGL Background Thread 1 ] DEBUG AssetLoaderService   - Loading from cache: /assets/sounds/selection.mp3
16:01:26.547 [FXGL Background Thread 1 ] DEBUG AssetLoaderService   - Loading from cache: /assets/sounds/selection.mp3
16:01:26.551 [FXGL Background Thread 1 ] DEBUG AssetLoaderService   - Loading from file system: /assets/music/Poisoncut_-_MenuMusic.mp3
16:01:26.619 [FXGL Background Thread 1 ] DEBUG AudioPlayer          - Playing music com.almasb.fxgl.audio.Music@8112c2b
16:01:26.641 [FXGL Background Thread 1 ] DEBUG AssetLoaderService   - Loading from file system: /assets/textures/particles/trace_horizontal.png
16:01:26.674 [FXGL Background Thread 1 ] WARN  FXGL.DefaultMenu     - FXGLDefaultMenu is not designed for resolutions < 800x600
16:01:26.674 [FXGL Background Thread 1 ] DEBUG FXGL.DefaultMenu     - createMenuBodyGameMenu()
16:01:26.689 [FXGL Background Thread 1 ] DEBUG FXGL.DefaultMenu     - createOptionsMenu()
16:01:26.693 [FXGL Background Thread 1 ] DEBUG AssetLoaderService   - Loading from file system: /assets/textures/particles/smoke.png
16:01:26.733 [FXGL Background Thread 1 ] DEBUG WindowService        - Application scenes initialized
16:01:26.740 [FXGL Background Thread 1 ] DEBUG SystemBundleService  - Loading FXGL system data
16:01:26.744 [FXGL Background Thread 1 ] DEBUG FileSystemAccess     - Reading from: C:\Users\micha\Desktop\JavaMooseGame\system\fxgl.bundle
16:01:26.749 [FXGL Background Thread 1 ] DEBUG SystemBundleService  - Bundle FXGL: {}
16:01:26.749 [FXGL Background Thread 1 ] INFO  Engine               - FXGL initialization took: 0.564 sec
16:01:26.750 [FXGL Background Thread 1 ] DEBUG GameApplication      - Loading localizations
16:01:26.751 [FXGL Background Thread 1 ] DEBUG AssetLoaderService   - Loading from file system: /assets/properties/languages/english.properties
16:01:26.752 [FXGL Background Thread 1 ] DEBUG AssetLoaderService   - Loading from file system: /assets/properties/languages/french.properties
16:01:26.753 [FXGL Background Thread 1 ] DEBUG AssetLoaderService   - Loading from file system: /assets/properties/languages/german.properties
16:01:26.753 [FXGL Background Thread 1 ] DEBUG AssetLoaderService   - Loading from file system: /assets/properties/languages/hungarian.properties
16:01:26.754 [FXGL Background Thread 1 ] DEBUG AssetLoaderService   - Loading from file system: /assets/properties/languages/russian.properties
16:01:26.755 [FXGL Background Thread 1 ] DEBUG GameApplication      - Registering font factories with UI factory
16:01:26.755 [FXGL Background Thread 1 ] DEBUG AssetLoaderService   - Loading from file system: /assets/ui/fonts/VarelaRound-Regular.ttf
16:01:26.793 [FXGL Background Thread 1 ] DEBUG AssetLoaderService   - Loading from file system: /assets/ui/fonts/Abel-Regular.ttf
16:01:26.801 [FXGL Background Thread 1 ] DEBUG AssetLoaderService   - Loading from file system: /assets/ui/fonts/lucida_console.ttf
16:01:26.810 [FXGL Background Thread 1 ] DEBUG AssetLoaderService   - Loading from file system: /assets/ui/fonts/Courier-Prime.ttf
16:01:26.824 [JavaFX Application Thread] DEBUG Input                - Registered new binding: action0 - A
16:01:26.825 [JavaFX Application Thread] DEBUG Input                - Registered new binding: action1 - S
16:01:26.825 [JavaFX Application Thread] DEBUG Input                - Registered new binding: action2 - D
16:01:26.825 [JavaFX Application Thread] DEBUG Input                - Registered new binding: action3 - W
16:01:26.825 [JavaFX Application Thread] DEBUG Input                - Registered new binding: action4 - 1
16:01:26.826 [JavaFX Application Thread] DEBUG Input                - Registered new binding: action5 - 2
16:01:26.826 [JavaFX Application Thread] DEBUG Input                - Registered new binding: action6 - 3
16:01:26.826 [JavaFX Application Thread] DEBUG Input                - Registered new binding: action7 - Left
16:01:26.827 [JavaFX Application Thread] DEBUG Input                - Registered new binding: action8 - Down
16:01:26.827 [JavaFX Application Thread] DEBUG Input                - Registered new binding: action9 - Right
16:01:26.827 [JavaFX Application Thread] DEBUG Input                - Registered new binding: action10 - Up
16:01:26.827 [JavaFX Application Thread] DEBUG AssetLoaderService   - Loading from file system: /assets/textures/fxgl_icon.png
16:01:26.838 [JavaFX Application Thread] DEBUG AssetLoaderService   - Loading from file system: /assets/ui/cursors/fxgl_default.png
16:01:26.839 [JavaFX Application Thread] DEBUG Input                - Registered new binding: Screenshot - P
16:01:26.840 [JavaFX Application Thread] DEBUG Input                - Registered new binding: System info dump - CTRL+9
16:01:26.840 [JavaFX Application Thread] DEBUG Input                - Registered new binding: Restart - CTRL+R
16:01:26.841 [JavaFX Application Thread] DEBUG LoopRunner           - Starting loop
16:01:26.854 [JavaFX Application Thread] DEBUG FXGLStartupScene     - STARTUP
16:01:26.855 [JavaFX Application Thread] DEBUG Input                - Clearing active input actions
16:01:26.868 [JavaFX Application Thread] DEBUG WindowService        - Removing overlay from FXGLStartupScene and adding to MooseGameMenu
16:01:26.868 [JavaFX Application Thread] DEBUG MainWindow           - FXGLStartupScene -> MooseGameMenu
16:01:28.745 [JavaFX Application Thread] DEBUG AssetLoaderService   - Loading from cache: /assets/sounds/selection.mp3
16:01:29.750 [FXGL Background Thread 2 ] DEBUG Engine               - Logging environment variables
16:01:29.750 [FXGL Background Thread 2 ] DEBUG Engine               - achievements: []
16:01:29.750 [FXGL Background Thread 2 ] DEBUG Engine               - language: ObjectProperty [value: ENGLISH]
16:01:29.750 [FXGL Background Thread 2 ] DEBUG Engine               - isCloseConfirmation: false
16:01:29.750 [FXGL Background Thread 2 ] DEBUG Engine               - isProfilingEnabled: false
16:01:29.751 [FXGL Background Thread 2 ] DEBUG Engine               - soundNotification: core/notification.wav
16:01:29.751 [FXGL Background Thread 2 ] DEBUG Engine               - devShowBBoxProperty: BooleanProperty [value: false]
16:01:29.751 [FXGL Background Thread 2 ] DEBUG Engine               - pixelsPerMeter: 50.0
16:01:29.751 [FXGL Background Thread 2 ] DEBUG Engine               - appIcon: fxgl_icon.png
16:01:29.751 [FXGL Background Thread 2 ] DEBUG Engine               - soundMenuBack: menu/back.wav
16:01:29.751 [FXGL Background Thread 2 ] DEBUG Engine               - isFullScreenAllowed: false
16:01:29.751 [FXGL Background Thread 2 ] DEBUG Engine               - isIntroEnabled: false
16:01:29.751 [FXGL Background Thread 2 ] DEBUG Engine               - fontMono: lucida_console.ttf
16:01:29.751 [FXGL Background Thread 2 ] DEBUG Engine               - soundMenuSelect: menu/select.wav
16:01:29.751 [FXGL Background Thread 2 ] DEBUG Engine               - isWindows: true
16:01:29.751 [FXGL Background Thread 2 ] DEBUG Engine               - isMobile: false
16:01:29.751 [FXGL Background Thread 2 ] DEBUG Engine               - isUserProfileEnabled: false
16:01:29.751 [FXGL Background Thread 2 ] DEBUG Engine               - height: 900
16:01:29.751 [FXGL Background Thread 2 ] DEBUG Engine               - isExperimentalNative: false
16:01:29.751 [FXGL Background Thread 2 ] DEBUG Engine               - settings: Title: MooseGame
Version: 0.3
Width: 600
Height: 900
Fullscreen: false
Intro: false
Menus: true
Profiling: false
Single step:false
App Mode: DEVELOPER
Menu Key: ESCAPE
Stage Style: DECORATED
Scene Factory: class MooseGameApp$1

16:01:29.751 [FXGL Background Thread 2 ] DEBUG Engine               - isSingleStep: false
16:01:29.751 [FXGL Background Thread 2 ] DEBUG Engine               - cSSList: [fxgl_dark.css]
16:01:29.751 [FXGL Background Thread 2 ] DEBUG Engine               - fontGame: Abel-Regular.ttf
16:01:29.752 [FXGL Background Thread 2 ] DEBUG Engine               - menuKey: ESCAPE
16:01:29.752 [FXGL Background Thread 2 ] DEBUG Engine               - devShowPositionProperty: BooleanProperty [value: false]
16:01:29.752 [FXGL Background Thread 2 ] DEBUG Engine               - versionCheckDays: 7
16:01:29.752 [FXGL Background Thread 2 ] DEBUG Engine               - configClass: Optional.empty
16:01:29.752 [FXGL Background Thread 2 ] DEBUG Engine               - isFullScreenFromStart: false
16:01:29.752 [FXGL Background Thread 2 ] DEBUG Engine               - version: 0.3
16:01:29.752 [FXGL Background Thread 2 ] DEBUG Engine               - fullScreen: BooleanProperty [value: false]
16:01:29.752 [FXGL Background Thread 2 ] DEBUG Engine               - randomSeed: -1
16:01:29.752 [FXGL Background Thread 2 ] DEBUG Engine               - gameDifficultyProperty: ObjectProperty [value: MEDIUM]
16:01:29.752 [FXGL Background Thread 2 ] DEBUG Engine               - applicationMode: DEVELOPER
16:01:29.752 [FXGL Background Thread 2 ] DEBUG Engine               - isMac: false
16:01:29.752 [FXGL Background Thread 2 ] DEBUG Engine               - isMenuEnabled: true
16:01:29.752 [FXGL Background Thread 2 ] DEBUG Engine               - profileName: StringProperty [value: DEFAULT]
16:01:29.752 [FXGL Background Thread 2 ] DEBUG Engine               - urlPOM: https://raw.githubusercontent.com/AlmasB/FXGL/master/pom.xml
16:01:29.752 [FXGL Background Thread 2 ] DEBUG Engine               - notificationViewClass: class com.almasb.fxgl.notification.view.XboxNotificationView
16:01:29.752 [FXGL Background Thread 2 ] DEBUG Engine               - devSensorColorProperty: ObjectProperty [value: 0xffff00ff]
16:01:29.753 [FXGL Background Thread 2 ] DEBUG Engine               - sceneFactory: MooseGameApp$1@389db073
16:01:29.753 [FXGL Background Thread 2 ] DEBUG Engine               - stageStyle: DECORATED
16:01:29.753 [FXGL Background Thread 2 ] DEBUG Engine               - isManualResizeEnabled: false
16:01:29.753 [FXGL Background Thread 2 ] DEBUG Engine               - title: MooseGame
16:01:29.753 [FXGL Background Thread 2 ] DEBUG Engine               - platform: WINDOWS
16:01:29.753 [FXGL Background Thread 2 ] DEBUG Engine               - devBBoxColorProperty: ObjectProperty [value: 0xff0000ff]
16:01:29.753 [FXGL Background Thread 2 ] DEBUG Engine               - gameDifficulty: MEDIUM
16:01:29.753 [FXGL Background Thread 2 ] DEBUG Engine               - isDesktop: true
16:01:29.753 [FXGL Background Thread 2 ] DEBUG Engine               - supportedLanguages: [ENGLISH, FRENCH, GERMAN, HUNGARIAN, RUSSIAN]
16:01:29.753 [FXGL Background Thread 2 ] DEBUG Engine               - credits: []
16:01:29.753 [FXGL Background Thread 2 ] DEBUG Engine               - globalMusicVolumeProperty: DoubleProperty [value: 0.5]
16:01:29.753 [FXGL Background Thread 2 ] DEBUG Engine               - isPreserveResizeRatio: false
16:01:29.753 [FXGL Background Thread 2 ] DEBUG Engine               - fontText: Courier-Prime.ttf
16:01:29.753 [FXGL Background Thread 2 ] DEBUG Engine               - isExperimentalTiledLargeMap: false
16:01:29.753 [FXGL Background Thread 2 ] DEBUG Engine               - secondsIn24h: 60
16:01:29.753 [FXGL Background Thread 2 ] DEBUG Engine               - runtimeInfo: RuntimeInfo(platform=WINDOWS, version=11.8, build=08.03.2020 09.09)
16:01:29.753 [FXGL Background Thread 2 ] DEBUG Engine               - isLinux: false
16:01:29.754 [FXGL Background Thread 2 ] DEBUG Engine               - soundMenuPress: menu/press.wav
16:01:29.754 [FXGL Background Thread 2 ] DEBUG Engine               - urlGithub: https://github.com/AlmasB/FXGL
16:01:29.754 [FXGL Background Thread 2 ] DEBUG Engine               - profileDir: profiles/
16:01:29.754 [FXGL Background Thread 2 ] DEBUG Engine               - isDeveloperMenuEnabled: false
16:01:29.754 [FXGL Background Thread 2 ] DEBUG Engine               - globalSoundVolumeProperty: DoubleProperty [value: 0.5]
16:01:29.754 [FXGL Background Thread 2 ] DEBUG Engine               - mainWindow: com.almasb.fxgl.app.MainWindow@3ca233b8
16:01:29.754 [FXGL Background Thread 2 ] DEBUG Engine               - isBrowser: false
16:01:29.754 [FXGL Background Thread 2 ] DEBUG Engine               - urlLeaderboard: http://fxgl-top.herokuapp.com/
16:01:29.754 [FXGL Background Thread 2 ] DEBUG Engine               - globalSoundVolume: 0.5
16:01:29.754 [FXGL Background Thread 2 ] DEBUG Engine               - engineServices: [class com.almasb.fxgl.app.GameApplication$GameApplicationService, class com.almasb.fxgl.app.services.WindowService, class com.almasb.fxgl.app.services.FXGLDialogService, class com.almasb.fxgl.app.services.IOTaskExecutorService, class com.almasb.fxgl.event.EventBusService, class com.almasb.fxgl.io.FileSystemService, class com.almasb.fxgl.localization.LocalizationService, class com.almasb.fxgl.app.services.AssetLoaderService, class com.almasb.fxgl.app.services.SystemBundleService, class com.almasb.fxgl.profile.SaveLoadService, class com.almasb.fxgl.ui.FXGLUIFactoryServiceProvider, class com.almasb.fxgl.ui.FXGLDialogFactoryServiceProvider, class com.almasb.fxgl.audio.AudioPlayer, class com.almasb.fxgl.notification.impl.NotificationServiceProvider, class com.almasb.fxgl.achievement.AchievementService, class com.almasb.fxgl.cutscene.CutsceneService, class com.almasb.fxgl.minigames.MiniGameService, class com.almasb.fxgl.net.NetService, class com.almasb.fxgl.app.services.UpdaterService]
16:01:29.754 [FXGL Background Thread 2 ] DEBUG Engine               - globalMusicVolume: 0.5
16:01:29.754 [FXGL Background Thread 2 ] DEBUG Engine               - width: 600
16:01:29.754 [FXGL Background Thread 2 ] DEBUG Engine               - saveFileExt: sav
16:01:29.754 [FXGL Background Thread 2 ] DEBUG Engine               - isAndroid: false
16:01:29.754 [FXGL Background Thread 2 ] DEBUG Engine               - fontUI: VarelaRound-Regular.ttf
16:01:29.754 [FXGL Background Thread 2 ] DEBUG Engine               - enabledMenuItems: []
16:01:29.754 [FXGL Background Thread 2 ] DEBUG Engine               - isIOS: false
16:01:29.754 [FXGL Background Thread 2 ] DEBUG Engine               - Logging services
16:01:29.754 [FXGL Background Thread 2 ] DEBUG Engine               - class com.almasb.fxgl.app.GameApplication$GameApplicationService
16:01:29.754 [FXGL Background Thread 2 ] DEBUG Engine               - class com.almasb.fxgl.app.services.WindowService
16:01:29.755 [FXGL Background Thread 2 ] DEBUG Engine               - class com.almasb.fxgl.app.services.FXGLDialogService
16:01:29.755 [FXGL Background Thread 2 ] DEBUG Engine               - class com.almasb.fxgl.app.services.IOTaskExecutorService
16:01:29.755 [FXGL Background Thread 2 ] DEBUG Engine               - class com.almasb.fxgl.event.EventBusService
16:01:29.755 [FXGL Background Thread 2 ] DEBUG Engine               - class com.almasb.fxgl.io.FileSystemService
16:01:29.755 [FXGL Background Thread 2 ] DEBUG Engine               - class com.almasb.fxgl.localization.LocalizationService
16:01:29.755 [FXGL Background Thread 2 ] DEBUG Engine               - class com.almasb.fxgl.app.services.AssetLoaderService
16:01:29.755 [FXGL Background Thread 2 ] DEBUG Engine               - class com.almasb.fxgl.app.services.SystemBundleService
16:01:29.755 [FXGL Background Thread 2 ] DEBUG Engine               - class com.almasb.fxgl.profile.SaveLoadService
16:01:29.755 [FXGL Background Thread 2 ] DEBUG Engine               - class com.almasb.fxgl.ui.FXGLUIFactoryServiceProvider
16:01:29.755 [FXGL Background Thread 2 ] DEBUG Engine               - class com.almasb.fxgl.ui.FXGLDialogFactoryServiceProvider
16:01:29.755 [FXGL Background Thread 2 ] DEBUG Engine               - class com.almasb.fxgl.audio.AudioPlayer
16:01:29.755 [FXGL Background Thread 2 ] DEBUG Engine               - class com.almasb.fxgl.notification.impl.NotificationServiceProvider
16:01:29.755 [FXGL Background Thread 2 ] DEBUG Engine               - class com.almasb.fxgl.achievement.AchievementService
16:01:29.755 [FXGL Background Thread 2 ] DEBUG Engine               - class com.almasb.fxgl.cutscene.CutsceneService
16:01:29.755 [FXGL Background Thread 2 ] DEBUG Engine               - class com.almasb.fxgl.minigames.MiniGameService
16:01:29.755 [FXGL Background Thread 2 ] DEBUG Engine               - class com.almasb.fxgl.net.NetService
16:01:29.755 [FXGL Background Thread 2 ] DEBUG Engine               - class com.almasb.fxgl.app.services.UpdaterService
16:01:33.916 [JavaFX Application Thread] DEBUG AssetLoaderService   - Loading from cache: /assets/sounds/selection.mp3
16:01:35.663 [JavaFX Application Thread] DEBUG AssetLoaderService   - Loading from cache: /assets/sounds/selection.mp3
16:01:36.797 [JavaFX Application Thread] DEBUG GameApplication      - Exiting FXGL
16:01:36.797 [JavaFX Application Thread] DEBUG LoopRunner           - Stopping loop
16:01:36.797 [JavaFX Application Thread] DEBUG SystemBundleService  - Saving FXGL system data
16:01:36.799 [JavaFX Application Thread] DEBUG FileSystemAccess     - Writing to: C:\Users\micha\Desktop\JavaMooseGame\system\fxgl.bundle
16:01:36.800 [JavaFX Application Thread] DEBUG GameApplication      - Shutting down background threads
16:01:36.800 [JavaFX Application Thread] DEBUG GameApplication      - Closing logger and exiting JavaFX
